R0 := 0
PRIORITY_RED := R0
R0 := 1
PRIORITY_BLUE := R0
R0 := 2
PRIORITY_GREEN := R0
R0 := 3
PRIORITY_WHITE := R0
R0 := {}
R1 := PRIORITY_RED
R2 := {}
R3 := EFST_IDs
R3 := R3["EFST_HANDICAPSTATE_NORECOVER"]
R2[R3] := "NORECOVER.TGA"
R3 := EFST_IDs
R3 := R3["EFST_EXTREMITYFIST"]
R2[R3] := "EXTREMITYFIST.TGA"
R3 := EFST_IDs
R3 := R3["EFST_GM_BATTLE"]
R2[R3] := "ICON02.TGA"
R3 := EFST_IDs
R3 := R3["EFST_GM_BATTLE2"]
R2[R3] := "ICON02.TGA"
R3 := EFST_IDs
R3 := R3["EFST_KG_KAGEHUMI"]
R2[R3] := "KG_KAGEHUMI.TGA"
R3 := EFST_IDs
R3 := R3["EFST_KYOMU"]
R2[R3] := "KYOMU.TGA"
R3 := EFST_IDs
R3 := R3["EFST_AKAITSUKI"]
R2[R3] := "AKAITSUKI.TGA"
R0[R1] := R2
R1 := PRIORITY_BLUE
R2 := {}
R3 := EFST_IDs
R3 := R3["EFST_ATTHASTE_CASH"]
R2[R3] := "ASPDCASH.TGA"
R3 := EFST_IDs
R3 := R3["EFST_2011RWC_SCROLL"]
R2[R3] := "RWCSCROLL.TGA"
R3 := EFST_IDs
R3 := R3["EFST_MYSTICPOWDER"]
R2[R3] := "MYSTICPOWDER.TGA"
R0[R1] := R2
R1 := PRIORITY_GREEN
R2 := {}
R3 := EFST_IDs
R3 := R3["EFST_SET_NUM_DEF"]
R2[R3] := "SETDEF.TGA"
R3 := EFST_IDs
R3 := R3["EFST_SET_PER_DEF"]
R2[R3] := "SETDEF.TGA"
R3 := EFST_IDs
R3 := R3["EFST_SET_NUM_MDEF"]
R2[R3] := "SETMDEF.TGA"
R3 := EFST_IDs
R3 := R3["EFST_SET_PER_MDEF"]
R2[R3] := "SETMDEF.TGA"
R3 := EFST_IDs
R3 := R3["EFST_2011RWC"]
R2[R3] := "ELDICASTES.TGA"
R0[R1] := R2
R1 := PRIORITY_WHITE
R2 := {}
R3 := EFST_IDs
R3 := R3["EFST_ZANGETSU"]
R2[R3] := "ZANGETSU.TGA"
R3 := EFST_IDs
R3 := R3["EFST_GENSOU"]
R2[R3] := "GENSOU.TGA"
R3 := EFST_IDs
R3 := R3["EFST_PHI_DEMON"]
R2[R3] := "PHIDEMON.TGA"
R3 := EFST_IDs
R3 := R3["EFST_MEIKYOUSISUI"]
R2[R3] := "MEIKYOUSISUI.TGA"
R3 := EFST_IDs
R3 := R3["EFST_IZAYOI"]
R2[R3] := "IZAYOI.TGA"
R3 := EFST_IDs
R3 := R3["EFST_KAGEMUSYA"]
R2[R3] := "KAGEMUSYA.TGA"
R0[R1] := R2
StateIconImgList := R0
return 
