R0 := 0
PRIORITY_RED := R0
R0 := 1
PRIORITY_BLUE := R0
R0 := 2
PRIORITY_GREEN := R0
R0 := 3
PRIORITY_WHITE := R0
R0 := {}
R1 := PRIORITY_RED
R2 := {}
R3 := EFST_IDs
R3 := R3["EFST_HANDICAPSTATE_NORECOVER"]
R2[R3] := "NORECOVER.TGA"
R3 := EFST_IDs
R3 := R3["EFST_EXTREMITYFIST"]
R2[R3] := "EXTREMITYFIST.TGA"
R0[R1] := R2
R1 := PRIORITY_BLUE
R2 := {}
R3 := EFST_IDs
R3 := R3["EFST_SET_NUM_DEF"]
R2[R3] := "SETDEF.TGA"
R3 := EFST_IDs
R3 := R3["EFST_SET_PER_DEF"]
R2[R3] := "SETDEF.TGA"
R3 := EFST_IDs
R3 := R3["EFST_ATTHASTE_CASH"]
R2[R3] := "ASPDCASH.TGA"
R0[R1] := R2
R1 := PRIORITY_GREEN
R2 := {}
R3 := EFST_IDs
R3 := R3["EFST_SET_NUM_MDEF"]
R2[R3] := "SETMDEF.TGA"
R3 := EFST_IDs
R3 := R3["EFST_SET_PER_MDEF"]
R2[R3] := "SETMDEF.TGA"
R0[R1] := R2
R1 := PRIORITY_WHITE
R2 := {}
R0[R1] := R2
StateIconImgList := R0
return 
