R0 := {}
R1 := JOBID
R1 := R1["JT_NOVICE"]
R2 := {}
R3 := SKID
R3 := R3["NV_BASIC"]
R2[0] := R3
R3 := SKID
R3 := R3["NV_FIRSTAID"]
R2[7] := R3
R3 := SKID
R3 := R3["NV_TRICKDEAD"]
R2[14] := R3
R0[R1] := R2
R1 := JOBID
R1 := R1["JT_SWORDMAN"]
R2 := {}
R3 := SKID
R3 := R3["SM_SWORD"]
R2[1] := R3
R3 := SKID
R3 := R3["SM_RECOVERY"]
R2[2] := R3
R3 := SKID
R3 := R3["SM_BASH"]
R2[3] := R3
R3 := SKID
R3 := R3["SM_PROVOKE"]
R2[4] := R3
R3 := SKID
R3 := R3["SM_AUTOBERSERK"]
R2[5] := R3
R3 := SKID
R3 := R3["SM_MOVINGRECOVERY"]
R2[6] := R3
R3 := SKID
R3 := R3["SM_TWOHAND"]
R2[8] := R3
R3 := SKID
R3 := R3["SM_MAGNUM"]
R2[10] := R3
R3 := SKID
R3 := R3["SM_ENDURE"]
R2[11] := R3
R3 := SKID
R3 := R3["SM_FATALBLOW"]
R2[12] := R3
R0[R1] := R2
R1 := JOBID
R1 := R1["JT_MAGICIAN"]
R2 := {}
R3 := SKID
R3 := R3["MG_STONECURSE"]
R2[1] := R3
R3 := SKID
R3 := R3["MG_COLDBOLT"]
R2[2] := R3
R3 := SKID
R3 := R3["MG_LIGHTNINGBOLT"]
R2[3] := R3
R3 := SKID
R3 := R3["MG_NAPALMBEAT"]
R2[4] := R3
R3 := SKID
R3 := R3["MG_FIREBOLT"]
R2[5] := R3
R3 := SKID
R3 := R3["MG_SIGHT"]
R2[6] := R3
R3 := SKID
R3 := R3["MG_SRECOVERY"]
R2[8] := R3
R3 := SKID
R3 := R3["MG_FROSTDIVER"]
R2[9] := R3
R3 := SKID
R3 := R3["MG_THUNDERSTORM"]
R2[10] := R3
R3 := SKID
R3 := R3["MG_SOULSTRIKE"]
R2[11] := R3
R3 := SKID
R3 := R3["MG_FIREBALL"]
R2[12] := R3
R3 := SKID
R3 := R3["MG_ENERGYCOAT"]
R2[13] := R3
R3 := SKID
R3 := R3["MG_SAFETYWALL"]
R2[18] := R3
R3 := SKID
R3 := R3["MG_FIREWALL"]
R2[19] := R3
R0[R1] := R2
R1 := JOBID
R1 := R1["JT_ARCHER"]
R2 := {}
R3 := SKID
R3 := R3["AC_DOUBLE"]
R2[2] := R3
R3 := SKID
R3 := R3["AC_OWL"]
R2[3] := R3
R3 := SKID
R3 := R3["AC_CHARGEARROW"]
R2[5] := R3
R3 := SKID
R3 := R3["AC_SHOWER"]
R2[9] := R3
R3 := SKID
R3 := R3["AC_VULTURE"]
R2[10] := R3
R3 := SKID
R3 := R3["AC_MAKINGARROW"]
R2[12] := R3
R3 := SKID
R3 := R3["AC_CONCENTRATION"]
R2[17] := R3
R0[R1] := R2
R1 := JOBID
R1 := R1["JT_ACOLYTE"]
R2 := {}
R3 := SKID
R3 := R3["AL_RUWACH"]
R2[1] := R3
R3 := SKID
R3 := R3["AL_HEAL"]
R2[2] := R3
R3 := SKID
R3 := R3["AL_HOLYWATER"]
R2[3] := R3
R3 := SKID
R3 := R3["AL_DP"]
R2[5] := R3
R3 := SKID
R3 := R3["AL_HOLYLIGHT"]
R2[6] := R3
R3 := SKID
R3 := R3["AL_TELEPORT"]
R2[8] := R3
R3 := SKID
R3 := R3["AL_CURE"]
R2[9] := R3
R3 := SKID
R3 := R3["AL_INCAGI"]
R2[10] := R3
R3 := SKID
R3 := R3["AL_BLESSING"]
R2[11] := R3
R3 := SKID
R3 := R3["AL_DEMONBANE"]
R2[12] := R3
R3 := SKID
R3 := R3["AL_ANGELUS"]
R2[13] := R3
R3 := SKID
R3 := R3["AL_WARP"]
R2[15] := R3
R3 := SKID
R3 := R3["AL_DECAGI"]
R2[17] := R3
R3 := SKID
R3 := R3["AL_CRUCIS"]
R2[19] := R3
R3 := SKID
R3 := R3["AL_PNEUMA"]
R2[22] := R3
R0[R1] := R2
R1 := JOBID
R1 := R1["JT_MERCHANT"]
R2 := {}
R3 := SKID
R3 := R3["MC_INCCARRY"]
R2[1] := R3
R3 := SKID
R3 := R3["MC_MAMMONITE"]
R2[3] := R3
R3 := SKID
R3 := R3["MC_IDENTIFY"]
R2[4] := R3
R3 := SKID
R3 := R3["MC_LOUD"]
R2[5] := R3
R3 := SKID
R3 := R3["MC_DISCOUNT"]
R2[8] := R3
R3 := SKID
R3 := R3["MC_PUSHCART"]
R2[9] := R3
R3 := SKID
R3 := R3["MC_CHANGECART"]
R2[12] := R3
R3 := SKID
R3 := R3["MC_OVERCHARGE"]
R2[15] := R3
R3 := SKID
R3 := R3["MC_VENDING"]
R2[16] := R3
R3 := SKID
R3 := R3["MC_CARTREVOLUTION"]
R2[19] := R3
R0[R1] := R2
R1 := JOBID
R1 := R1["JT_THIEF"]
R2 := {}
R3 := SKID
R3 := R3["TF_DOUBLE"]
R2[1] := R3
R3 := SKID
R3 := R3["TF_STEAL"]
R2[2] := R3
R3 := SKID
R3 := R3["TF_POISON"]
R2[3] := R3
R3 := SKID
R3 := R3["TF_SPRINKLESAND"]
R2[4] := R3
R3 := SKID
R3 := R3["TF_THROWSTONE"]
R2[5] := R3
R3 := SKID
R3 := R3["TF_MISS"]
R2[8] := R3
R3 := SKID
R3 := R3["TF_HIDING"]
R2[9] := R3
R3 := SKID
R3 := R3["TF_DETOXIFY"]
R2[10] := R3
R3 := SKID
R3 := R3["TF_BACKSLIDING"]
R2[11] := R3
R3 := SKID
R3 := R3["TF_PICKSTONE"]
R2[12] := R3
R0[R1] := R2
R1 := JOBID
R1 := R1["JT_KNIGHT"]
R2 := {}
R3 := SKID
R3 := R3["KN_TWOHANDQUICKEN"]
R2[0] := R3
R3 := SKID
R3 := R3["KN_AUTOCOUNTER"]
R2[1] := R3
R3 := SKID
R3 := R3["KN_RIDING"]
R2[2] := R3
R3 := SKID
R3 := R3["KN_SPEARMASTERY"]
R2[3] := R3
R3 := SKID
R3 := R3["KN_CHARGEATK"]
R2[6] := R3
R3 := SKID
R3 := R3["KN_BOWLINGBASH"]
R2[8] := R3
R3 := SKID
R3 := R3["KN_CAVALIERMASTERY"]
R2[9] := R3
R3 := SKID
R3 := R3["KN_PIERCE"]
R2[10] := R3
R3 := SKID
R3 := R3["KN_ONEHAND"]
R2[13] := R3
R3 := SKID
R3 := R3["KN_SPEARBOOMERANG"]
R2[16] := R3
R3 := SKID
R3 := R3["KN_SPEARSTAB"]
R2[17] := R3
R3 := SKID
R3 := R3["KN_BRANDISHSPEAR"]
R2[24] := R3
R0[R1] := R2
R1 := JOBID
R1 := R1["JT_PRIEST"]
R2 := {}
R3 := SKID
R3 := R3["PR_KYRIE"]
R2[0] := R3
R3 := SKID
R3 := R3["PR_MAGNIFICAT"]
R2[1] := R3
R3 := SKID
R3 := R3["PR_STRECOVERY"]
R2[2] := R3
R3 := SKID
R3 := R3["MG_SRECOVERY"]
R2[3] := R3
R3 := SKID
R3 := R3["PR_LEXDIVINA"]
R2[4] := R3
R3 := SKID
R3 := R3["PR_IMPOSITIO"]
R2[5] := R3
R3 := SKID
R3 := R3["PR_SANCTUARY"]
R2[6] := R3
R3 := SKID
R3 := R3["PR_GLORIA"]
R2[7] := R3
R3 := SKID
R3 := R3["PR_SLOWPOISON"]
R2[8] := R3
R3 := SKID
R3 := R3["ALL_RESURRECTION"]
R2[9] := R3
R3 := SKID
R3 := R3["PR_LEXAETERNA"]
R2[11] := R3
R3 := SKID
R3 := R3["PR_SUFFRAGIUM"]
R2[12] := R3
R3 := SKID
R3 := R3["PR_ASPERSIO"]
R2[13] := R3
R3 := SKID
R3 := R3["PR_BENEDICTIO"]
R2[14] := R3
R3 := SKID
R3 := R3["PR_MACEMASTERY"]
R2[15] := R3
R3 := SKID
R3 := R3["PR_TURNUNDEAD"]
R2[16] := R3
R3 := SKID
R3 := R3["MG_SAFETYWALL"]
R2[20] := R3
R3 := SKID
R3 := R3["PR_MAGNUS"]
R2[25] := R3
R3 := SKID
R3 := R3["PR_REDEMPTIO"]
R2[27] := R3
R0[R1] := R2
R1 := JOBID
R1 := R1["JT_WIZARD"]
R2 := {}
R3 := SKID
R3 := R3["WZ_ESTIMATION"]
R2[0] := R3
R3 := SKID
R3 := R3["WZ_ICEWALL"]
R2[1] := R3
R3 := SKID
R3 := R3["WZ_JUPITEL"]
R2[2] := R3
R3 := SKID
R3 := R3["WZ_EARTHSPIKE"]
R2[3] := R3
R3 := SKID
R3 := R3["WZ_SIGHTRASHER"]
R2[4] := R3
R3 := SKID
R3 := R3["WZ_FIREPILLAR"]
R2[5] := R3
R3 := SKID
R3 := R3["WZ_SIGHTBLASTER"]
R2[6] := R3
R3 := SKID
R3 := R3["WZ_FROSTNOVA"]
R2[8] := R3
R3 := SKID
R3 := R3["WZ_VERMILION"]
R2[9] := R3
R3 := SKID
R3 := R3["WZ_HEAVENDRIVE"]
R2[10] := R3
R3 := SKID
R3 := R3["WZ_METEOR"]
R2[11] := R3
R3 := SKID
R3 := R3["WZ_WATERBALL"]
R2[15] := R3
R3 := SKID
R3 := R3["WZ_QUAGMIRE"]
R2[17] := R3
R3 := SKID
R3 := R3["WZ_STORMGUST"]
R2[22] := R3
R0[R1] := R2
R1 := JOBID
R1 := R1["JT_BLACKSMITH"]
R2 := {}
R3 := SKID
R3 := R3["BS_IRON"]
R2[0] := R3
R3 := SKID
R3 := R3["BS_HILTBINDING"]
R2[1] := R3
R3 := SKID
R3 := R3["BS_SKINTEMPER"]
R2[2] := R3
R3 := SKID
R3 := R3["BS_HAMMERFALL"]
R2[3] := R3
R3 := SKID
R3 := R3["BS_DAGGER"]
R2[5] := R3
R3 := SKID
R3 := R3["BS_STEEL"]
R2[7] := R3
R3 := SKID
R3 := R3["BS_ENCHANTEDSTONE"]
R2[8] := R3
R3 := SKID
R3 := R3["BS_WEAPONRESEARCH"]
R2[9] := R3
R3 := SKID
R3 := R3["BS_ADRENALINE"]
R2[10] := R3
R3 := SKID
R3 := R3["BS_SPEAR"]
R2[11] := R3
R3 := SKID
R3 := R3["BS_SWORD"]
R2[12] := R3
R3 := SKID
R3 := R3["BS_KNUCKLE"]
R2[13] := R3
R3 := SKID
R3 := R3["BS_FINDINGORE"]
R2[14] := R3
R3 := SKID
R3 := R3["BS_ORIDEOCON"]
R2[15] := R3
R3 := SKID
R3 := R3["BS_REPAIRWEAPON"]
R2[16] := R3
R3 := SKID
R3 := R3["BS_WEAPONPERFECT"]
R2[17] := R3
R3 := SKID
R3 := R3["BS_OVERTHRUST"]
R2[18] := R3
R3 := SKID
R3 := R3["BS_TWOHANDSWORD"]
R2[19] := R3
R3 := SKID
R3 := R3["BS_MACE"]
R2[20] := R3
R3 := SKID
R3 := R3["BS_MAXIMIZE"]
R2[24] := R3
R3 := SKID
R3 := R3["BS_AXE"]
R2[26] := R3
R3 := SKID
R3 := R3["BS_ADRENALINE2"]
R2[31] := R3
R3 := SKID
R3 := R3["BS_GREED"]
R2[33] := R3
R3 := SKID
R3 := R3["BS_UNFAIRLYTRICK"]
R2[34] := R3
R0[R1] := R2
R1 := JOBID
R1 := R1["JT_HUNTER"]
R2 := {}
R3 := SKID
R3 := R3["HT_BEASTBANE"]
R2[0] := R3
R3 := SKID
R3 := R3["HT_SKIDTRAP"]
R2[2] := R3
R3 := SKID
R3 := R3["HT_LANDMINE"]
R2[4] := R3
R3 := SKID
R3 := R3["HT_POWER"]
R2[6] := R3
R3 := SKID
R3 := R3["HT_FALCON"]
R2[7] := R3
R3 := SKID
R3 := R3["HT_FLASHER"]
R2[9] := R3
R3 := SKID
R3 := R3["HT_ANKLESNARE"]
R2[10] := R3
R3 := SKID
R3 := R3["HT_REMOVETRAP"]
R2[11] := R3
R3 := SKID
R3 := R3["HT_PHANTASMIC"]
R2[13] := R3
R3 := SKID
R3 := R3["HT_BLITZBEAT"]
R2[14] := R3
R3 := SKID
R3 := R3["HT_SANDMAN"]
R2[15] := R3
R3 := SKID
R3 := R3["HT_FREEZINGTRAP"]
R2[16] := R3
R3 := SKID
R3 := R3["HT_SHOCKWAVE"]
R2[17] := R3
R3 := SKID
R3 := R3["HT_SPRINGTRAP"]
R2[18] := R3
R3 := SKID
R3 := R3["HT_DETECTING"]
R2[19] := R3
R3 := SKID
R3 := R3["HT_STEELCROW"]
R2[21] := R3
R3 := SKID
R3 := R3["HT_BLASTMINE"]
R2[22] := R3
R3 := SKID
R3 := R3["HT_TALKIEBOX"]
R2[24] := R3
R3 := SKID
R3 := R3["HT_CLAYMORETRAP"]
R2[29] := R3
R0[R1] := R2
R1 := JOBID
R1 := R1["JT_ASSASSIN"]
R2 := {}
R3 := SKID
R3 := R3["AS_RIGHT"]
R2[0] := R3
R3 := SKID
R3 := R3["AS_KATAR"]
R2[1] := R3
R3 := SKID
R3 := R3["AS_CLOAKING"]
R2[2] := R3
R3 := SKID
R3 := R3["AS_ENCHANTPOISON"]
R2[3] := R3
R3 := SKID
R3 := R3["AS_VENOMKNIFE"]
R2[6] := R3
R3 := SKID
R3 := R3["AS_LEFT"]
R2[7] := R3
R3 := SKID
R3 := R3["AS_SONICBLOW"]
R2[8] := R3
R3 := SKID
R3 := R3["AS_VENOMDUST"]
R2[10] := R3
R3 := SKID
R3 := R3["AS_POISONREACT"]
R2[11] := R3
R3 := SKID
R3 := R3["AS_SONICACCEL"]
R2[13] := R3
R3 := SKID
R3 := R3["AS_GRIMTOOTH"]
R2[15] := R3
R3 := SKID
R3 := R3["AS_SPLASHER"]
R2[17] := R3
R0[R1] := R2
R1 := JOBID
R1 := R1["JT_CRUSADER"]
R2 := {}
R3 := SKID
R3 := R3["CR_TRUST"]
R2[0] := R3
R3 := SKID
R3 := R3["CR_AUTOGUARD"]
R2[2] := R3
R3 := SKID
R3 := R3["KN_SPEARMASTERY"]
R2[4] := R3
R3 := SKID
R3 := R3["KN_RIDING"]
R2[5] := R3
R3 := SKID
R3 := R3["CR_SHRINK"]
R2[6] := R3
R3 := SKID
R3 := R3["AL_CURE"]
R2[7] := R3
R3 := SKID
R3 := R3["CR_HOLYCROSS"]
R2[8] := R3
R3 := SKID
R3 := R3["CR_SHIELDCHARGE"]
R2[9] := R3
R3 := SKID
R3 := R3["CR_SPEARQUICKEN"]
R2[11] := R3
R3 := SKID
R3 := R3["KN_CAVALIERMASTERY"]
R2[12] := R3
R3 := SKID
R3 := R3["AL_DP"]
R2[14] := R3
R3 := SKID
R3 := R3["CR_GRANDCROSS"]
R2[15] := R3
R3 := SKID
R3 := R3["CR_SHIELDBOOMERANG"]
R2[16] := R3
R3 := SKID
R3 := R3["AL_DEMONBANE"]
R2[21] := R3
R3 := SKID
R3 := R3["CR_REFLECTSHIELD"]
R2[23] := R3
R3 := SKID
R3 := R3["CR_DEFENDER"]
R2[24] := R3
R3 := SKID
R3 := R3["AL_HEAL"]
R2[28] := R3
R3 := SKID
R3 := R3["CR_DEVOTION"]
R2[29] := R3
R3 := SKID
R3 := R3["CR_PROVIDENCE"]
R2[35] := R3
R0[R1] := R2
R1 := JOBID
R1 := R1["JT_MONK"]
R2 := {}
R3 := SKID
R3 := R3["MO_IRONHAND"]
R2[0] := R3
R3 := SKID
R3 := R3["MO_CALLSPIRITS"]
R2[1] := R3
R3 := SKID
R3 := R3["MO_DODGE"]
R2[2] := R3
R3 := SKID
R3 := R3["MO_TRIPLEATTACK"]
R2[3] := R3
R3 := SKID
R3 := R3["MO_KITRANSLATION"]
R2[5] := R3
R3 := SKID
R3 := R3["MO_ABSORBSPIRITS"]
R2[7] := R3
R3 := SKID
R3 := R3["MO_INVESTIGATE"]
R2[8] := R3
R3 := SKID
R3 := R3["MO_BLADESTOP"]
R2[9] := R3
R3 := SKID
R3 := R3["MO_CHAINCOMBO"]
R2[10] := R3
R3 := SKID
R3 := R3["MO_BALKYOUNG"]
R2[12] := R3
R3 := SKID
R3 := R3["MO_EXPLOSIONSPIRITS"]
R2[14] := R3
R3 := SKID
R3 := R3["MO_FINGEROFFENSIVE"]
R2[15] := R3
R3 := SKID
R3 := R3["MO_SPIRITSRECOVERY"]
R2[16] := R3
R3 := SKID
R3 := R3["MO_COMBOFINISH"]
R2[17] := R3
R3 := SKID
R3 := R3["MO_EXTREMITYFIST"]
R2[22] := R3
R3 := SKID
R3 := R3["MO_STEELBODY"]
R2[24] := R3
R3 := SKID
R3 := R3["MO_BODYRELOCATION"]
R2[30] := R3
R0[R1] := R2
R1 := JOBID
R1 := R1["JT_SAGE"]
R2 := {}
R3 := SKID
R3 := R3["SA_ADVANCEDBOOK"]
R2[0] := R3
R3 := SKID
R3 := R3["WZ_ESTIMATION"]
R2[1] := R3
R3 := SKID
R3 := R3["SA_ELEMENTWATER"]
R2[2] := R3
R3 := SKID
R3 := R3["SA_ELEMENTWIND"]
R2[3] := R3
R3 := SKID
R3 := R3["SA_ELEMENTGROUND"]
R2[4] := R3
R3 := SKID
R3 := R3["SA_ELEMENTFIRE"]
R2[5] := R3
R3 := SKID
R3 := R3["SA_CREATECON"]
R2[6] := R3
R3 := 7
R4 := SKID
R5 := "SA_DRAGONOLOGY"
R4 := R4[R5]
R2[R3] := R4
R3 := 8
R4 := SKID
R5 := "SA_SEISMICWEAPON"
R4 := R4[R5]
R2[R3] := R4
R3 := 9
R4 := SKID
R5 := "SA_CASTCANCEL"
R4 := R4[R5]
R2[R3] := R4
R3 := 10
R4 := SKID
R5 := "SA_MAGICROD"
R4 := R4[R5]
R2[R3] := R4
R3 := 11
R4 := SKID
R5 := "SA_FROSTWEAPON"
R4 := R4[R5]
R2[R3] := R4
R3 := 12
R4 := SKID
R5 := "SA_LIGHTNINGLOADER"
R4 := R4[R5]
R2[R3] := R4
R3 := 13
R4 := SKID
R5 := "SA_FLAMELAUNCHER"
R4 := R4[R5]
R2[R3] := R4
R3 := 15
R4 := SKID
R4 := R4["WZ_EARTHSPIKE"]
R2[R3] := R4
R3 := 16
R4 := SKID
R5 := "SA_FREECAST"
R4 := R4[R5]
R2[R3] := R4
R3 := 17
R4 := SKID
R5 := "SA_SPELLBREAKER"
R4 := R4[R5]
R2[R3] := R4
R3 := 18
R4 := SKID
R5 := "SA_DELUGE"
R4 := R4[R5]
R2[R3] := R4
R3 := 19
R4 := SKID
R5 := "SA_VIOLENTGALE"
R4 := R4[R5]
R2[R3] := R4
R3 := 20
R4 := SKID
R5 := "SA_VOLCANO"
R4 := R4[R5]
R2[R3] := R4
R3 := 22
R4 := SKID
R4 := R4["WZ_HEAVENDRIVE"]
R2[R3] := R4
R3 := 23
R4 := SKID
R5 := "SA_AUTOSPELL"
R4 := R4[R5]
R2[R3] := R4
R3 := 24
R4 := SKID
R5 := "SA_DISPELL"
R4 := R4[R5]
R2[R3] := R4
R3 := 26
R4 := SKID
R5 := "SA_LANDPROTECTOR"
R4 := R4[R5]
R2[R3] := R4
R3 := 33
R4 := SKID
R5 := "SA_ABRACADABRA"
R4 := R4[R5]
R2[R3] := R4
R0[R1] := R2
R1 := JOBID
R2 := "JT_ROGUE"
R1 := R1[R2]
R2 := {}
R3 := 0
R4 := SKID
R4 := R4["AC_VULTURE"]
R2[R3] := R4
R3 := 1
R4 := SKID
R5 := "RG_TUNNELDRIVE"
R4 := R4[R5]
R2[R3] := R4
R3 := 2
R4 := SKID
R5 := "RG_SNATCHER"
R4 := R4[R5]
R2[R3] := R4
R3 := 3
R4 := SKID
R5 := "RG_STRIPHELM"
R4 := R4[R5]
R2[R3] := R4
R3 := 4
R4 := SKID
R4 := R4["SM_SWORD"]
R2[R3] := R4
R3 := 5
R4 := SKID
R5 := "RG_CLOSECONFINE"
R4 := R4[R5]
R2[R3] := R4
R3 := 7
R4 := SKID
R4 := R4["AC_DOUBLE"]
R2[R3] := R4
R3 := 9
R4 := SKID
R5 := "RG_STEALCOIN"
R4 := R4[R5]
R2[R3] := R4
R3 := 10
R4 := SKID
R5 := "RG_STRIPSHIELD"
R4 := R4[R5]
R2[R3] := R4
R3 := 11
R4 := SKID
R5 := "RG_GANGSTER"
R4 := R4[R5]
R2[R3] := R4
R3 := 14
R4 := SKID
R4 := R4["HT_REMOVETRAP"]
R2[R3] := R4
R3 := 16
R4 := SKID
R5 := "RG_BACKSTAP"
R4 := R4[R5]
R2[R3] := R4
R3 := 17
R4 := SKID
R5 := "RG_STRIPARMOR"
R4 := R4[R5]
R2[R3] := R4
R3 := 18
R4 := SKID
R5 := "RG_CLEANER"
R4 := R4[R5]
R2[R3] := R4
R3 := 19
R4 := SKID
R5 := "RG_COMPULSION"
R4 := R4[R5]
R2[R3] := R4
R3 := 22
R4 := SKID
R5 := "RG_RAID"
R4 := R4[R5]
R2[R3] := R4
R3 := 24
R4 := SKID
R5 := "RG_STRIPWEAPON"
R4 := R4[R5]
R2[R3] := R4
R3 := 25
R4 := SKID
R5 := "RG_FLAGGRAFFITI"
R4 := R4[R5]
R2[R3] := R4
R3 := 29
R4 := SKID
R5 := "RG_INTIMIDATE"
R4 := R4[R5]
R2[R3] := R4
R3 := 32
R4 := SKID
R5 := "RG_GRAFFITI"
R4 := R4[R5]
R2[R3] := R4
R3 := 36
R4 := SKID
R5 := "RG_PLAGIARISM"
R4 := R4[R5]
R2[R3] := R4
R0[R1] := R2
R1 := JOBID
R2 := "JT_ALCHEMIST"
R1 := R1[R2]
R2 := {}
R3 := 0
R4 := SKID
R5 := "AM_LEARNINGPOTION"
R4 := R4[R5]
R2[R3] := R4
R3 := 1
R4 := SKID
R5 := "AM_SPHEREMINE"
R4 := R4[R5]
R2[R3] := R4
R3 := 2
R4 := SKID
R5 := "AM_AXEMASTERY"
R4 := R4[R5]
R2[R3] := R4
R3 := 3
R4 := SKID
R5 := "AM_CP_HELM"
R4 := R4[R5]
R2[R3] := R4
R3 := 4
R4 := SKID
R5 := "AM_BIOETHICS"
R4 := R4[R5]
R2[R3] := R4
R3 := 6
R4 := SKID
R5 := "AM_TWILIGHT1"
R4 := R4[R5]
R2[R3] := R4
R3 := 7
R4 := SKID
R5 := "AM_PHARMACY"
R4 := R4[R5]
R2[R3] := R4
R3 := 8
R4 := SKID
R5 := "AM_POTIONPITCHER"
R4 := R4[R5]
R2[R3] := R4
R3 := 10
R4 := SKID
R5 := "AM_CP_SHIELD"
R4 := R4[R5]
R2[R3] := R4
R3 := 11
R4 := SKID
R5 := "AM_REST"
R4 := R4[R5]
R2[R3] := R4
R3 := 12
R4 := SKID
R5 := "AM_BERSERKPITCHER"
R4 := R4[R5]
R2[R3] := R4
R3 := 13
R4 := SKID
R5 := "AM_TWILIGHT2"
R4 := R4[R5]
R2[R3] := R4
R3 := 15
R4 := SKID
R5 := "AM_DEMONSTRATION"
R4 := R4[R5]
R2[R3] := R4
R3 := 17
R4 := SKID
R5 := "AM_CP_ARMOR"
R4 := R4[R5]
R2[R3] := R4
R3 := 18
R4 := SKID
R5 := "AM_CALLHOMUN"
R4 := R4[R5]
R2[R3] := R4
R3 := 20
R4 := SKID
R5 := "AM_TWILIGHT3"
R4 := R4[R5]
R2[R3] := R4
R3 := 22
R4 := SKID
R5 := "AM_ACIDTERROR"
R4 := R4[R5]
R2[R3] := R4
R3 := 24
R4 := SKID
R5 := "AM_CP_WEAPON"
R4 := R4[R5]
R2[R3] := R4
R3 := 25
R4 := SKID
R5 := "AM_RESURRECTHOMUN"
R4 := R4[R5]
R2[R3] := R4
R3 := 29
R4 := SKID
R5 := "AM_CANNIBALIZE"
R4 := R4[R5]
R2[R3] := R4
R0[R1] := R2
R1 := JOBID
R2 := "JT_BARD"
R1 := R1[R2]
R2 := {}
R3 := 0
R4 := SKID
R5 := "BD_ADAPTATION"
R4 := R4[R5]
R2[R3] := R4
R3 := 1
R4 := SKID
R5 := "BA_MUSICALLESSON"
R4 := R4[R5]
R2[R3] := R4
R3 := 3
R4 := SKID
R5 := "BA_DISSONANCE"
R4 := R4[R5]
R2[R3] := R4
R3 := 5
R4 := SKID
R5 := "BA_PANGVOICE"
R4 := R4[R5]
R2[R3] := R4
R3 := 7
R4 := SKID
R5 := "BD_ENCORE"
R4 := R4[R5]
R2[R3] := R4
R3 := 8
R4 := SKID
R5 := "BA_MUSICALSTRIKE"
R4 := R4[R5]
R2[R3] := R4
R3 := 9
R4 := SKID
R5 := "BA_WHISTLE"
R4 := R4[R5]
R2[R3] := R4
R3 := 10
R4 := SKID
R5 := "BA_ASSASSINCROSS"
R4 := R4[R5]
R2[R3] := R4
R3 := 11
R4 := SKID
R5 := "BA_POEMBRAGI"
R4 := R4[R5]
R2[R3] := R4
R3 := 12
R4 := SKID
R5 := "BA_APPLEIDUN"
R4 := R4[R5]
R2[R3] := R4
R3 := 14
R4 := SKID
R5 := "BA_FROSTJOKE"
R4 := R4[R5]
R2[R3] := R4
R3 := 16
R4 := SKID
R5 := "BD_LULLABY"
R4 := R4[R5]
R2[R3] := R4
R3 := 17
R4 := SKID
R5 := "BD_ROKISWEIL"
R4 := R4[R5]
R2[R3] := R4
R3 := 18
R4 := SKID
R5 := "BD_SIEGFRIED"
R4 := R4[R5]
R2[R3] := R4
R3 := 19
R4 := SKID
R5 := "BD_DRUMBATTLEFIELD"
R4 := R4[R5]
R2[R3] := R4
R3 := 23
R4 := SKID
R5 := "BD_INTOABYSS"
R4 := R4[R5]
R2[R3] := R4
R3 := 24
R4 := SKID
R5 := "BD_ETERNALCHAOS"
R4 := R4[R5]
R2[R3] := R4
R3 := 25
R4 := SKID
R5 := "BD_RICHMANKIM"
R4 := R4[R5]
R2[R3] := R4
R3 := 26
R4 := SKID
R5 := "BD_RINGNIBELUNGEN"
R4 := R4[R5]
R2[R3] := R4
R0[R1] := R2
R1 := JOBID
R2 := "JT_DANCER"
R1 := R1[R2]
R2 := {}
R3 := 0
R4 := SKID
R5 := "BD_ADAPTATION"
R4 := R4[R5]
R2[R3] := R4
R3 := 1
R4 := SKID
R5 := "DC_DANCINGLESSON"
R4 := R4[R5]
R2[R3] := R4
R3 := 3
R4 := SKID
R5 := "DC_UGLYDANCE"
R4 := R4[R5]
R2[R3] := R4
R3 := 5
R4 := SKID
R5 := "DC_WINKCHARM"
R4 := R4[R5]
R2[R3] := R4
R3 := 7
R4 := SKID
R5 := "BD_ENCORE"
R4 := R4[R5]
R2[R3] := R4
R3 := 8
R4 := SKID
R5 := "DC_THROWARROW"
R4 := R4[R5]
R2[R3] := R4
R3 := 9
R4 := SKID
R5 := "DC_HUMMING"
R4 := R4[R5]
R2[R3] := R4
R3 := 10
R4 := SKID
R5 := "DC_DONTFORGETME"
R4 := R4[R5]
R2[R3] := R4
R3 := 11
R4 := SKID
R5 := "DC_FORTUNEKISS"
R4 := R4[R5]
R2[R3] := R4
R3 := 12
R4 := SKID
R5 := "DC_SERVICEFORYOU"
R4 := R4[R5]
R2[R3] := R4
R3 := 14
R4 := SKID
R5 := "DC_SCREAM"
R4 := R4[R5]
R2[R3] := R4
R3 := 16
R4 := SKID
R5 := "BD_LULLABY"
R4 := R4[R5]
R2[R3] := R4
R3 := 17
R4 := SKID
R5 := "BD_ROKISWEIL"
R4 := R4[R5]
R2[R3] := R4
R3 := 18
R4 := SKID
R5 := "BD_SIEGFRIED"
R4 := R4[R5]
R2[R3] := R4
R3 := 19
R4 := SKID
R5 := "BD_DRUMBATTLEFIELD"
R4 := R4[R5]
R2[R3] := R4
R3 := 23
R4 := SKID
R5 := "BD_INTOABYSS"
R4 := R4[R5]
R2[R3] := R4
R3 := 24
R4 := SKID
R5 := "BD_ETERNALCHAOS"
R4 := R4[R5]
R2[R3] := R4
R3 := 25
R4 := SKID
R5 := "BD_RICHMANKIM"
R4 := R4[R5]
R2[R3] := R4
R3 := 26
R4 := SKID
R5 := "BD_RINGNIBELUNGEN"
R4 := R4[R5]
R2[R3] := R4
R0[R1] := R2
R1 := JOBID
R2 := "JT_SUPERNOVICE"
R1 := R1[R2]
R2 := {}
R3 := 1
R4 := SKID
R4 := R4["SM_SWORD"]
R2[R3] := R4
R3 := 2
R4 := SKID
R4 := R4["SM_BASH"]
R2[R3] := R4
R3 := 3
R4 := SKID
R4 := R4["SM_PROVOKE"]
R2[R3] := R4
R3 := 4
R4 := SKID
R4 := R4["TF_DOUBLE"]
R2[R3] := R4
R3 := 5
R4 := SKID
R4 := R4["TF_STEAL"]
R2[R3] := R4
R3 := 6
R4 := SKID
R4 := R4["TF_POISON"]
R2[R3] := R4
R3 := 8
R4 := SKID
R4 := R4["SM_RECOVERY"]
R2[R3] := R4
R3 := 9
R4 := SKID
R4 := R4["SM_MAGNUM"]
R2[R3] := R4
R3 := 10
R4 := SKID
R4 := R4["SM_ENDURE"]
R2[R3] := R4
R3 := 11
R4 := SKID
R4 := R4["TF_MISS"]
R2[R3] := R4
R3 := 12
R4 := SKID
R4 := R4["TF_HIDING"]
R2[R3] := R4
R3 := 13
R4 := SKID
R4 := R4["TF_DETOXIFY"]
R2[R3] := R4
R3 := 15
R4 := SKID
R4 := R4["MG_STONECURSE"]
R2[R3] := R4
R3 := 16
R4 := SKID
R4 := R4["MG_COLDBOLT"]
R2[R3] := R4
R3 := 17
R4 := SKID
R4 := R4["MG_LIGHTNINGBOLT"]
R2[R3] := R4
R3 := 18
R4 := SKID
R4 := R4["MG_NAPALMBEAT"]
R2[R3] := R4
R3 := 19
R4 := SKID
R4 := R4["MG_FIREBOLT"]
R2[R3] := R4
R3 := 20
R4 := SKID
R4 := R4["MG_SIGHT"]
R2[R3] := R4
R3 := 22
R4 := SKID
R4 := R4["MG_SRECOVERY"]
R2[R3] := R4
R3 := 23
R4 := SKID
R4 := R4["MG_FROSTDIVER"]
R2[R3] := R4
R3 := 24
R4 := SKID
R4 := R4["MG_THUNDERSTORM"]
R2[R3] := R4
R3 := 25
R4 := SKID
R4 := R4["MG_SOULSTRIKE"]
R2[R3] := R4
R3 := 26
R4 := SKID
R4 := R4["MG_FIREBALL"]
R2[R3] := R4
R3 := 28
R4 := SKID
R4 := R4["AL_RUWACH"]
R2[R3] := R4
R3 := 29
R4 := SKID
R4 := R4["AL_HEAL"]
R2[R3] := R4
R3 := 30
R4 := SKID
R4 := R4["AL_HOLYWATER"]
R2[R3] := R4
R3 := 31
R4 := SKID
R4 := R4["AL_DP"]
R2[R3] := R4
R3 := 32
R4 := SKID
R4 := R4["MG_SAFETYWALL"]
R2[R3] := R4
R3 := 33
R4 := SKID
R4 := R4["MG_FIREWALL"]
R2[R3] := R4
R3 := 34
R4 := SKID
R4 := R4["AC_OWL"]
R2[R3] := R4
R3 := 35
R4 := SKID
R4 := R4["AL_TELEPORT"]
R2[R3] := R4
R3 := 36
R4 := SKID
R4 := R4["AL_CURE"]
R2[R3] := R4
R3 := 37
R4 := SKID
R4 := R4["AL_INCAGI"]
R2[R3] := R4
R3 := 38
R4 := SKID
R4 := R4["AL_BLESSING"]
R2[R3] := R4
R3 := 39
R4 := SKID
R4 := R4["AL_DEMONBANE"]
R2[R3] := R4
R3 := 40
R4 := SKID
R4 := R4["AL_ANGELUS"]
R2[R3] := R4
R3 := 41
R4 := SKID
R4 := R4["AC_VULTURE"]
R2[R3] := R4
R3 := 42
R4 := SKID
R4 := R4["AL_WARP"]
R2[R3] := R4
R3 := 43
R4 := SKID
R4 := R4["MC_INCCARRY"]
R2[R3] := R4
R3 := 44
R4 := SKID
R4 := R4["AL_DECAGI"]
R2[R3] := R4
R3 := 45
R4 := SKID
R4 := R4["MC_IDENTIFY"]
R2[R3] := R4
R3 := 46
R4 := SKID
R4 := R4["AL_CRUCIS"]
R2[R3] := R4
R3 := 47
R4 := SKID
R4 := R4["MC_MAMMONITE"]
R2[R3] := R4
R3 := 48
R4 := SKID
R4 := R4["AC_CONCENTRATION"]
R2[R3] := R4
R3 := 49
R4 := SKID
R4 := R4["AL_PNEUMA"]
R2[R3] := R4
R3 := 50
R4 := SKID
R4 := R4["MC_DISCOUNT"]
R2[R3] := R4
R3 := 51
R4 := SKID
R4 := R4["MC_OVERCHARGE"]
R2[R3] := R4
R3 := 52
R4 := SKID
R4 := R4["MC_PUSHCART"]
R2[R3] := R4
R3 := 53
R4 := SKID
R4 := R4["MC_VENDING"]
R2[R3] := R4
R0[R1] := R2
R1 := JOBID
R2 := "JT_GUNSLINGER"
R1 := R1[R2]
R2 := {}
R3 := 1
R4 := SKID
R5 := "GS_GLITTERING"
R4 := R4[R5]
R2[R3] := R4
R3 := 2
R4 := SKID
R5 := "GS_MAGICALBULLET"
R4 := R4[R5]
R2[R3] := R4
R3 := 3
R4 := SKID
R5 := "GS_SINGLEACTION"
R4 := R4[R5]
R2[R3] := R4
R3 := 6
R4 := SKID
R5 := "GS_SNAKEEYE"
R4 := R4[R5]
R2[R3] := R4
R3 := 8
R4 := SKID
R5 := "GS_FLING"
R4 := R4[R5]
R2[R3] := R4
R3 := 9
R4 := SKID
R5 := "GS_CRACKER"
R4 := R4[R5]
R2[R3] := R4
R3 := 10
R4 := SKID
R5 := "GS_CHAINACTION"
R4 := R4[R5]
R2[R3] := R4
R3 := 11
R4 := SKID
R5 := "GS_TRACKING"
R4 := R4[R5]
R2[R3] := R4
R3 := 12
R4 := SKID
R5 := "GS_DUST"
R4 := R4[R5]
R2[R3] := R4
R3 := 13
R4 := SKID
R5 := "GS_INCREASING"
R4 := R4[R5]
R2[R3] := R4
R3 := 15
R4 := SKID
R5 := "GS_TRIPLEACTION"
R4 := R4[R5]
R2[R3] := R4
R3 := 16
R4 := SKID
R5 := "GS_DISARM"
R4 := R4[R5]
R2[R3] := R4
R3 := 17
R4 := SKID
R5 := "GS_RAPIDSHOWER"
R4 := R4[R5]
R2[R3] := R4
R3 := 18
R4 := SKID
R5 := "GS_PIERCINGSHOT"
R4 := R4[R5]
R2[R3] := R4
R3 := 19
R4 := SKID
R5 := "GS_FULLBUSTER"
R4 := R4[R5]
R2[R3] := R4
R3 := 23
R4 := SKID
R5 := "GS_ADJUSTMENT"
R4 := R4[R5]
R2[R3] := R4
R3 := 24
R4 := SKID
R5 := "GS_DESPERADO"
R4 := R4[R5]
R2[R3] := R4
R3 := 25
R4 := SKID
R5 := "GS_BULLSEYE"
R4 := R4[R5]
R2[R3] := R4
R3 := 26
R4 := SKID
R5 := "GS_SPREADATTACK"
R4 := R4[R5]
R2[R3] := R4
R3 := 31
R4 := SKID
R5 := "GS_GATLINGFEVER"
R4 := R4[R5]
R2[R3] := R4
R3 := 33
R4 := SKID
R5 := "GS_GROUNDDRIFT"
R4 := R4[R5]
R2[R3] := R4
R3 := 38
R4 := SKID
R5 := "GS_MADNESSCANCEL"
R4 := R4[R5]
R2[R3] := R4
R0[R1] := R2
R1 := JOBID
R2 := "JT_NINJA"
R1 := R1[R2]
R2 := {}
R3 := 1
R4 := SKID
R5 := "NJ_TOBIDOUGU"
R4 := R4[R5]
R2[R3] := R4
R3 := 2
R4 := SKID
R5 := "NJ_TATAMIGAESHI"
R4 := R4[R5]
R2[R3] := R4
R3 := 5
R4 := SKID
R5 := "NJ_NINPOU"
R4 := R4[R5]
R2[R3] := R4
R3 := 8
R4 := SKID
R5 := "NJ_SYURIKEN"
R4 := R4[R5]
R2[R3] := R4
R3 := 9
R4 := SKID
R5 := "NJ_SHADOWJUMP"
R4 := R4[R5]
R2[R3] := R4
R3 := 10
R4 := SKID
R5 := "NJ_NEN"
R4 := R4[R5]
R2[R3] := R4
R3 := 11
R4 := SKID
R5 := "NJ_KOUENKA"
R4 := R4[R5]
R2[R3] := R4
R3 := 12
R4 := SKID
R5 := "NJ_HYOUSENSOU"
R4 := R4[R5]
R2[R3] := R4
R3 := 13
R4 := SKID
R5 := "NJ_HUUJIN"
R4 := R4[R5]
R2[R3] := R4
R3 := 15
R4 := SKID
R5 := "NJ_KUNAI"
R4 := R4[R5]
R2[R3] := R4
R3 := 16
R4 := SKID
R5 := "NJ_KASUMIKIRI"
R4 := R4[R5]
R2[R3] := R4
R3 := 17
R4 := SKID
R5 := "NJ_UTSUSEMI"
R4 := R4[R5]
R2[R3] := R4
R3 := 18
R4 := SKID
R5 := "NJ_KAENSIN"
R4 := R4[R5]
R2[R3] := R4
R3 := 19
R4 := SKID
R5 := "NJ_SUITON"
R4 := R4[R5]
R2[R3] := R4
R3 := 20
R4 := SKID
R5 := "NJ_RAIGEKISAI"
R4 := R4[R5]
R2[R3] := R4
R3 := 22
R4 := SKID
R5 := "NJ_HUUMA"
R4 := R4[R5]
R2[R3] := R4
R3 := 23
R4 := SKID
R5 := "NJ_KIRIKAGE"
R4 := R4[R5]
R2[R3] := R4
R3 := 25
R4 := SKID
R5 := "NJ_BAKUENRYU"
R4 := R4[R5]
R2[R3] := R4
R3 := 26
R4 := SKID
R5 := "NJ_HYOUSYOURAKU"
R4 := R4[R5]
R2[R3] := R4
R3 := 27
R4 := SKID
R5 := "NJ_KAMAITACHI"
R4 := R4[R5]
R2[R3] := R4
R3 := 29
R4 := SKID
R5 := "NJ_ZENYNAGE"
R4 := R4[R5]
R2[R3] := R4
R3 := 30
R4 := SKID
R5 := "NJ_BUNSINJYUTSU"
R4 := R4[R5]
R2[R3] := R4
R3 := 31
R4 := SKID
R5 := "NJ_ISSEN"
R4 := R4[R5]
R2[R3] := R4
R0[R1] := R2
R1 := JOBID
R2 := "JT_PRIEST_H"
R1 := R1[R2]
R2 := {}
R3 := 10
R4 := SKID
R5 := "HP_ASSUMPTIO"
R4 := R4[R5]
R2[R3] := R4
R3 := 17
R4 := SKID
R5 := "HP_BASILICA"
R4 := R4[R5]
R2[R3] := R4
R3 := 22
R4 := SKID
R5 := "HP_MANARECHARGE"
R4 := R4[R5]
R2[R3] := R4
R3 := 19
R4 := SKID
R5 := "HP_MEDITATIO"
R4 := R4[R5]
R2[R3] := R4
R0[R1] := R2
R1 := JOBID
R2 := "JT_BLACKSMITH_H"
R1 := R1[R2]
R2 := {}
R3 := 21
R4 := SKID
R5 := "WS_CARTBOOST"
R4 := R4[R5]
R2[R3] := R4
R3 := 28
R4 := SKID
R5 := "WS_CARTTERMINATION"
R4 := R4[R5]
R2[R3] := R4
R3 := 22
R4 := SKID
R5 := "WS_MELTDOWN"
R4 := R4[R5]
R2[R3] := R4
R3 := 25
R4 := SKID
R5 := "WS_OVERTHRUSTMAX"
R4 := R4[R5]
R2[R3] := R4
R3 := 23
R4 := SKID
R5 := "WS_WEAPONREFINE"
R4 := R4[R5]
R2[R3] := R4
R0[R1] := R2
R1 := JOBID
R2 := "JT_ASSASSIN_H"
R1 := R1[R2]
R2 := {}
R3 := 18
R4 := SKID
R5 := "ASC_BREAKER"
R4 := R4[R5]
R2[R3] := R4
R3 := 12
R4 := SKID
R5 := "ASC_CDP"
R4 := R4[R5]
R2[R3] := R4
R3 := 19
R4 := SKID
R5 := "ASC_EDP"
R4 := R4[R5]
R2[R3] := R4
R3 := 9
R4 := SKID
R5 := "ASC_KATAR"
R4 := R4[R5]
R2[R3] := R4
R3 := 25
R4 := SKID
R5 := "ASC_METEORASSAULT"
R4 := R4[R5]
R2[R3] := R4
R0[R1] := R2
R1 := JOBID
R2 := "JT_TAEKWON"
R1 := R1[R2]
R2 := {}
R3 := 1
R4 := SKID
R5 := "TK_RUN"
R4 := R4[R5]
R2[R3] := R4
R3 := 2
R4 := SKID
R5 := "TK_STORMKICK"
R4 := R4[R5]
R2[R3] := R4
R3 := 3
R4 := SKID
R5 := "TK_DOWNKICK"
R4 := R4[R5]
R2[R3] := R4
R3 := 4
R4 := SKID
R5 := "TK_TURNKICK"
R4 := R4[R5]
R2[R3] := R4
R3 := 5
R4 := SKID
R5 := "TK_COUNTER"
R4 := R4[R5]
R2[R3] := R4
R3 := 6
R4 := SKID
R5 := "TK_JUMPKICK"
R4 := R4[R5]
R2[R3] := R4
R3 := 8
R4 := SKID
R5 := "TK_HIGHJUMP"
R4 := R4[R5]
R2[R3] := R4
R3 := 9
R4 := SKID
R5 := "TK_READYSTORM"
R4 := R4[R5]
R2[R3] := R4
R3 := 10
R4 := SKID
R5 := "TK_READYDOWN"
R4 := R4[R5]
R2[R3] := R4
R3 := 11
R4 := SKID
R5 := "TK_READYTURN"
R4 := R4[R5]
R2[R3] := R4
R3 := 12
R4 := SKID
R5 := "TK_READYCOUNTER"
R4 := R4[R5]
R2[R3] := R4
R3 := 13
R4 := SKID
R5 := "TK_DODGE"
R4 := R4[R5]
R2[R3] := R4
R3 := 16
R4 := SKID
R5 := "TK_HPTIME"
R4 := R4[R5]
R2[R3] := R4
R3 := 17
R4 := SKID
R5 := "TK_SPTIME"
R4 := R4[R5]
R2[R3] := R4
R3 := 18
R4 := SKID
R5 := "TK_POWER"
R4 := R4[R5]
R2[R3] := R4
R3 := 24
R4 := SKID
R5 := "TK_SEVENWIND"
R4 := R4[R5]
R2[R3] := R4
R3 := 25
R4 := SKID
R5 := "TK_MISSION"
R4 := R4[R5]
R2[R3] := R4
R0[R1] := R2
R1 := JOBID
R2 := "JT_SAGE_H"
R1 := R1[R2]
R2 := {}
R3 := 14
R4 := SKID
R5 := "PF_SPIDERWEB"
R4 := R4[R5]
R2[R3] := R4
R3 := 21
R4 := SKID
R5 := "PF_SOULCHANGE"
R4 := R4[R5]
R2[R3] := R4
R3 := 25
R4 := SKID
R5 := "PF_FOGWALL"
R4 := R4[R5]
R2[R3] := R4
R3 := 28
R4 := SKID
R5 := "PF_HPCONVERSION"
R4 := R4[R5]
R2[R3] := R4
R3 := 29
R4 := SKID
R5 := "PF_DOUBLECASTING"
R4 := R4[R5]
R2[R3] := R4
R3 := 30
R4 := SKID
R5 := "PF_MEMORIZE"
R4 := R4[R5]
R2[R3] := R4
R3 := 31
R4 := SKID
R5 := "PF_SOULBURN"
R4 := R4[R5]
R2[R3] := R4
R3 := 32
R4 := SKID
R5 := "PF_MINDBREAKER"
R4 := R4[R5]
R2[R3] := R4
R0[R1] := R2
R1 := JOBID
R2 := "JT_ALCHEMIST_H"
R1 := R1[R2]
R2 := {}
R3 := 5
R4 := SKID
R5 := "CR_CULTIVATION"
R4 := R4[R5]
R2[R3] := R4
R3 := 9
R4 := SKID
R5 := "CR_SLIMPITCHER"
R4 := R4[R5]
R2[R3] := R4
R3 := 23
R4 := SKID
R5 := "CR_ACIDDEMONSTRATION"
R4 := R4[R5]
R2[R3] := R4
R3 := 31
R4 := SKID
R5 := "CR_FULLPROTECTION"
R4 := R4[R5]
R2[R3] := R4
R0[R1] := R2
R1 := JOBID
R2 := "JT_DANCER_H"
R1 := R1[R2]
R2 := {}
R3 := 29
R4 := SKID
R5 := "CG_ARROWVULCAN"
R4 := R4[R5]
R2[R3] := R4
R3 := 30
R4 := SKID
R5 := "CG_MOONLIT"
R4 := R4[R5]
R2[R3] := R4
R3 := 31
R4 := SKID
R5 := "CG_MARIONETTE"
R4 := R4[R5]
R2[R3] := R4
R3 := 32
R4 := SKID
R5 := "CG_HERMODE"
R4 := R4[R5]
R2[R3] := R4
R3 := 38
R4 := SKID
R5 := "CG_LONGINGFREEDOM"
R4 := R4[R5]
R2[R3] := R4
R3 := 39
R4 := SKID
R5 := "CG_TAROTCARD"
R4 := R4[R5]
R2[R3] := R4
R0[R1] := R2
R1 := JOBID
R2 := "JT_RUNE_KNIGHT"
R1 := R1[R2]
R2 := {}
R3 := 1
R4 := SKID
R5 := "RK_RUNEMASTERY"
R4 := R4[R5]
R2[R3] := R4
R3 := 3
R4 := SKID
R5 := "RK_PHANTOMTHRUST"
R4 := R4[R5]
R2[R3] := R4
R3 := 4
R4 := SKID
R5 := "RK_DRAGONTRAINING"
R4 := R4[R5]
R2[R3] := R4
R3 := 8
R4 := SKID
R5 := "RK_ENCHANTBLADE"
R4 := R4[R5]
R2[R3] := R4
R3 := 10
R4 := SKID
R5 := "RK_HUNDREDSPEAR"
R4 := R4[R5]
R2[R3] := R4
R3 := 11
R4 := SKID
R5 := "RK_DRAGONHOWLING"
R4 := R4[R5]
R2[R3] := R4
R3 := 12
R4 := SKID
R5 := "RK_DRAGONBREATH"
R4 := R4[R5]
R2[R3] := R4
R3 := 14
R4 := SKID
R5 := "RK_DEATHBOUND"
R4 := R4[R5]
R2[R3] := R4
R3 := 15
R4 := SKID
R5 := "RK_SONICWAVE"
R4 := R4[R5]
R2[R3] := R4
R3 := 16
R4 := SKID
R5 := "RK_WINDCUTTER"
R4 := R4[R5]
R2[R3] := R4
R3 := 23
R4 := SKID
R5 := "RK_IGNITIONBREAK"
R4 := R4[R5]
R2[R3] := R4
R0[R1] := R2
R1 := JOBID
R2 := "JT_RANGER"
R1 := R1[R2]
R2 := {}
R3 := 0
R4 := SKID
R5 := "RA_AIMEDBOLT"
R4 := R4[R5]
R2[R3] := R4
R3 := 1
R4 := SKID
R5 := "RA_RESEARCHTRAP"
R4 := R4[R5]
R2[R3] := R4
R3 := 3
R4 := SKID
R5 := "RA_RANGERMAIN"
R4 := R4[R5]
R2[R3] := R4
R3 := 4
R4 := SKID
R5 := "RA_ELECTRICSHOCKER"
R4 := R4[R5]
R2[R3] := R4
R3 := 5
R4 := SKID
R5 := "RA_WUGMASTERY"
R4 := R4[R5]
R2[R3] := R4
R3 := 7
R4 := SKID
R5 := "RA_ARROWSTORM"
R4 := R4[R5]
R2[R3] := R4
R3 := 8
R4 := SKID
R5 := "RA_CLUSTERBOMB"
R4 := R4[R5]
R2[R3] := R4
R3 := 9
R4 := SKID
R5 := "RA_DETONATOR"
R4 := R4[R5]
R2[R3] := R4
R3 := 10
R4 := SKID
R5 := "RA_CAMOUFLAGE"
R4 := R4[R5]
R2[R3] := R4
R3 := 12
R4 := SKID
R5 := "RA_TOOTHOFWUG"
R4 := R4[R5]
R2[R3] := R4
R3 := 13
R4 := SKID
R5 := "RA_WUGRIDER"
R4 := R4[R5]
R2[R3] := R4
R3 := 14
R4 := SKID
R5 := "RA_FEARBREEZE"
R4 := R4[R5]
R2[R3] := R4
R3 := 15
R4 := SKID
R5 := "RA_MAGENTATRAP"
R4 := R4[R5]
R2[R3] := R4
R3 := 16
R4 := SKID
R5 := "RA_FIRINGTRAP"
R4 := R4[R5]
R2[R3] := R4
R3 := 17
R4 := SKID
R5 := "RA_ICEBOUNDTRAP"
R4 := R4[R5]
R2[R3] := R4
R3 := 18
R4 := SKID
R5 := "RA_SENSITIVEKEEN"
R4 := R4[R5]
R2[R3] := R4
R3 := 19
R4 := SKID
R5 := "RA_WUGSTRIKE"
R4 := R4[R5]
R2[R3] := R4
R3 := 20
R4 := SKID
R5 := "RA_WUGDASH"
R4 := R4[R5]
R2[R3] := R4
R3 := 22
R4 := SKID
R5 := "RA_COBALTTRAP"
R4 := R4[R5]
R2[R3] := R4
R3 := 26
R4 := SKID
R5 := "RA_WUGBITE"
R4 := R4[R5]
R2[R3] := R4
R3 := 29
R4 := SKID
R5 := "RA_MAIZETRAP"
R4 := R4[R5]
R2[R3] := R4
R3 := 36
R4 := SKID
R5 := "RA_VERDURETRAP"
R4 := R4[R5]
R2[R3] := R4
R0[R1] := R2
R1 := JOBID
R2 := "JT_MECHANIC"
R1 := R1[R2]
R2 := {}
R3 := 2
R4 := SKID
R5 := "NC_MADOLICENCE"
R4 := R4[R5]
R2[R3] := R4
R3 := 5
R4 := SKID
R5 := "NC_TRAININGAXE"
R4 := R4[R5]
R2[R3] := R4
R3 := 6
R4 := SKID
R5 := "NC_RESEARCHFE"
R4 := R4[R5]
R2[R3] := R4
R3 := 7
R4 := SKID
R5 := "NC_REPAIR"
R4 := R4[R5]
R2[R3] := R4
R3 := 8
R4 := SKID
R5 := "NC_BOOSTKNUCKLE"
R4 := R4[R5]
R2[R3] := R4
R3 := 9
R4 := SKID
R5 := "NC_ACCELERATION"
R4 := R4[R5]
R2[R3] := R4
R3 := 10
R4 := SKID
R5 := "NC_MAINFRAME"
R4 := R4[R5]
R2[R3] := R4
R3 := 11
R4 := SKID
R5 := "NC_AXETORNADO"
R4 := R4[R5]
R2[R3] := R4
R3 := 12
R4 := SKID
R5 := "NC_AXEBOOMERANG"
R4 := R4[R5]
R2[R3] := R4
R3 := 13
R4 := SKID
R5 := "NC_SILVERSNIPER"
R4 := R4[R5]
R2[R3] := R4
R3 := 14
R4 := SKID
R5 := "NC_PILEBUNKER"
R4 := R4[R5]
R2[R3] := R4
R3 := 15
R4 := SKID
R5 := "NC_VULCANARM"
R4 := R4[R5]
R2[R3] := R4
R3 := 16
R4 := SKID
R5 := "NC_HOVERING"
R4 := R4[R5]
R2[R3] := R4
R3 := 17
R4 := SKID
R5 := "NC_SHAPESHIFT"
R4 := R4[R5]
R2[R3] := R4
R3 := 18
R4 := SKID
R5 := "NC_SELFDESTRUCTION"
R4 := R4[R5]
R2[R3] := R4
R3 := 19
R4 := SKID
R5 := "NC_POWERSWING"
R4 := R4[R5]
R2[R3] := R4
R3 := 21
R4 := SKID
R5 := "NC_FLAMELAUNCHER"
R4 := R4[R5]
R2[R3] := R4
R3 := 22
R4 := SKID
R5 := "NC_COLDSLOWER"
R4 := R4[R5]
R2[R3] := R4
R3 := 23
R4 := SKID
R5 := "NC_F_SIDESLIDE"
R4 := R4[R5]
R2[R3] := R4
R3 := 24
R4 := SKID
R5 := "NC_INFRAREDSCAN"
R4 := R4[R5]
R2[R3] := R4
R3 := 25
R4 := SKID
R5 := "NC_EMERGENCYCOOL"
R4 := R4[R5]
R2[R3] := R4
R3 := 26
R4 := SKID
R5 := "NC_DISJOINT"
R4 := R4[R5]
R2[R3] := R4
R3 := 27
R4 := SKID
R5 := "NC_MAGICDECOY"
R4 := R4[R5]
R2[R3] := R4
R3 := 29
R4 := SKID
R5 := "NC_ARMSCANNON"
R4 := R4[R5]
R2[R3] := R4
R3 := 30
R4 := SKID
R5 := "NC_B_SIDESLIDE"
R4 := R4[R5]
R2[R3] := R4
R3 := 31
R4 := SKID
R5 := "NC_ANALYZE"
R4 := R4[R5]
R2[R3] := R4
R3 := 32
R4 := SKID
R5 := "NC_MAGNETICFIELD"
R4 := R4[R5]
R2[R3] := R4
R3 := 39
R4 := SKID
R5 := "NC_NEUTRALBARRIER"
R4 := R4[R5]
R2[R3] := R4
R3 := 40
R4 := SKID
R5 := "NC_STEALTHFIELD"
R4 := R4[R5]
R2[R3] := R4
R0[R1] := R2
R1 := JOBID
R2 := "JT_SHADOW_CHASER"
R1 := R1[R2]
R2 := {}
R3 := 0
R4 := SKID
R5 := "SC_REPRODUCE"
R4 := R4[R5]
R2[R3] := R4
R3 := 1
R4 := SKID
R5 := "SC_SHADOWFORM"
R4 := R4[R5]
R2[R3] := R4
R3 := 2
R4 := SKID
R5 := "SC_FATALMENACE"
R4 := R4[R5]
R2[R3] := R4
R3 := 3
R4 := SKID
R5 := "SC_BODYPAINT"
R4 := R4[R5]
R2[R3] := R4
R3 := 4
R4 := SKID
R5 := "SC_TRIANGLESHOT"
R4 := R4[R5]
R2[R3] := R4
R3 := 5
R4 := SKID
R5 := "SC_MANHOLE"
R4 := R4[R5]
R2[R3] := R4
R3 := 6
R4 := SKID
R5 := "SC_STRIPACCESSARY"
R4 := R4[R5]
R2[R3] := R4
R3 := 7
R4 := SKID
R5 := "SC_AUTOSHADOWSPELL"
R4 := R4[R5]
R2[R3] := R4
R3 := 9
R4 := SKID
R5 := "SC_ENERVATION"
R4 := R4[R5]
R2[R3] := R4
R3 := 10
R4 := SKID
R5 := "SC_GROOMY"
R4 := R4[R5]
R2[R3] := R4
R3 := 11
R4 := SKID
R5 := "SC_IGNORANCE"
R4 := R4[R5]
R2[R3] := R4
R3 := 12
R4 := SKID
R5 := "SC_CHAOSPANIC"
R4 := R4[R5]
R2[R3] := R4
R3 := 13
R4 := SKID
R5 := "SC_DIMENSIONDOOR"
R4 := R4[R5]
R2[R3] := R4
R3 := 15
R4 := SKID
R5 := "SC_DEADLYINFECT"
R4 := R4[R5]
R2[R3] := R4
R3 := 16
R4 := SKID
R5 := "SC_LAZINESS"
R4 := R4[R5]
R2[R3] := R4
R3 := 17
R4 := SKID
R5 := "SC_WEAKNESS"
R4 := R4[R5]
R2[R3] := R4
R3 := 19
R4 := SKID
R5 := "SC_FEINTBOMB"
R4 := R4[R5]
R2[R3] := R4
R3 := 20
R4 := SKID
R5 := "SC_BLOODYLUST"
R4 := R4[R5]
R2[R3] := R4
R3 := 24
R4 := SKID
R5 := "SC_UNLUCKY"
R4 := R4[R5]
R2[R3] := R4
R3 := 29
R4 := SKID
R5 := "SC_INVISIBILITY"
R4 := R4[R5]
R2[R3] := R4
R3 := 33
R4 := SKID
R5 := "SC_MAELSTROM"
R4 := R4[R5]
R2[R3] := R4
R0[R1] := R2
R1 := JOBID
R2 := "JT_ROYAL_GUARD"
R1 := R1[R2]
R2 := {}
R3 := 0
R4 := SKID
R5 := "LG_MOONSLASHER"
R4 := R4[R5]
R2[R3] := R4
R3 := 1
R4 := SKID
R5 := "LG_BANISHINGPOINT"
R4 := R4[R5]
R2[R3] := R4
R3 := 2
R4 := SKID
R5 := "LG_FORCEOFVANGUARD"
R4 := R4[R5]
R2[R3] := R4
R3 := 3
R4 := SKID
R5 := "LG_TRAMPLE"
R4 := R4[R5]
R2[R3] := R4
R3 := 4
R4 := SKID
R5 := "LG_PIETY"
R4 := R4[R5]
R2[R3] := R4
R3 := 5
R4 := SKID
R5 := "LG_REFLECTDAMAGE"
R4 := R4[R5]
R2[R3] := R4
R3 := 6
R4 := SKID
R5 := "LG_SHIELDPRESS"
R4 := R4[R5]
R2[R3] := R4
R3 := 7
R4 := SKID
R5 := "LG_EXEEDBREAK"
R4 := R4[R5]
R2[R3] := R4
R3 := 8
R4 := SKID
R5 := "LG_PINPOINTATTACK"
R4 := R4[R5]
R2[R3] := R4
R3 := 9
R4 := SKID
R5 := "LG_RAGEBURST"
R4 := R4[R5]
R2[R3] := R4
R3 := 10
R4 := SKID
R5 := "LG_PRESTIGE"
R4 := R4[R5]
R2[R3] := R4
R3 := 11
R4 := SKID
R5 := "LG_RAYOFGENESIS"
R4 := R4[R5]
R2[R3] := R4
R3 := 12
R4 := SKID
R5 := "LG_EARTHDRIVE"
R4 := R4[R5]
R2[R3] := R4
R3 := 14
R4 := SKID
R5 := "LG_CANNONSPEAR"
R4 := R4[R5]
R2[R3] := R4
R3 := 15
R4 := SKID
R5 := "LG_OVERBRAND"
R4 := R4[R5]
R2[R3] := R4
R3 := 16
R4 := SKID
R5 := "LG_BANDING"
R4 := R4[R5]
R2[R3] := R4
R3 := 19
R4 := SKID
R5 := "LG_SHIELDSPELL"
R4 := R4[R5]
R2[R3] := R4
R3 := 24
R4 := SKID
R5 := "LG_HESPERUSLIT"
R4 := R4[R5]
R2[R3] := R4
R3 := 26
R4 := SKID
R5 := "LG_INSPIRATION"
R4 := R4[R5]
R2[R3] := R4
R0[R1] := R2
R1 := JOBID
R2 := "JT_MINSTREL"
R1 := R1[R2]
R2 := {}
R3 := 0
R4 := SKID
R5 := "WM_SEVERE_RAINSTORM"
R4 := R4[R5]
R2[R3] := R4
R3 := 1
R4 := SKID
R5 := "WM_REVERBERATION"
R4 := R4[R5]
R2[R3] := R4
R3 := 3
R4 := SKID
R5 := "WM_LESSON"
R4 := R4[R5]
R2[R3] := R4
R3 := 8
R4 := SKID
R5 := "WM_DOMINION_IMPULSE"
R4 := R4[R5]
R2[R3] := R4
R3 := 9
R4 := SKID
R5 := "WM_SIRCLEOFNATURE"
R4 := R4[R5]
R2[R3] := R4
R3 := 10
R4 := SKID
R5 := "WM_LULLABY_DEEPSLEEP"
R4 := R4[R5]
R2[R3] := R4
R3 := 11
R4 := SKID
R5 := "WM_POEMOFNETHERWORLD"
R4 := R4[R5]
R2[R3] := R4
R3 := 15
R4 := SKID
R5 := "WM_METALICSOUND"
R4 := R4[R5]
R2[R3] := R4
R3 := 16
R4 := SKID
R5 := "WM_DEADHILLHERE"
R4 := R4[R5]
R2[R3] := R4
R3 := 18
R4 := SKID
R5 := "WM_VOICEOFSIREN"
R4 := R4[R5]
R2[R3] := R4
R3 := 19
R4 := SKID
R5 := "WM_RANDOMIZESPELL"
R4 := R4[R5]
R2[R3] := R4
R3 := 22
R4 := SKID
R5 := "WM_GREAT_ECHO"
R4 := R4[R5]
R2[R3] := R4
R3 := 23
R4 := SKID
R5 := "MI_HARMONIZE"
R4 := R4[R5]
R2[R3] := R4
R3 := 24
R4 := SKID
R5 := "MI_RUSH_WINDMILL"
R4 := R4[R5]
R2[R3] := R4
R3 := 25
R4 := SKID
R5 := "MI_ECHOSONG"
R4 := R4[R5]
R2[R3] := R4
R3 := 26
R4 := SKID
R5 := "WM_GLOOMYDAY"
R4 := R4[R5]
R2[R3] := R4
R3 := 30
R4 := SKID
R5 := "WM_DANCE_WITH_WUG"
R4 := R4[R5]
R2[R3] := R4
R3 := 31
R4 := SKID
R5 := "WM_SONG_OF_MANA"
R4 := R4[R5]
R2[R3] := R4
R3 := 32
R4 := SKID
R5 := "WM_LERADS_DEW"
R4 := R4[R5]
R2[R3] := R4
R3 := 37
R4 := SKID
R5 := "WM_SATURDAY_NIGHT_FEVER"
R4 := R4[R5]
R2[R3] := R4
R3 := 38
R4 := SKID
R5 := "WM_MELODYOFSINK"
R4 := R4[R5]
R2[R3] := R4
R3 := 39
R4 := SKID
R5 := "WM_BEYOND_OF_WARCRY"
R4 := R4[R5]
R2[R3] := R4
R3 := 45
R4 := SKID
R5 := "WM_SOUND_OF_DESTRUCTION"
R4 := R4[R5]
R2[R3] := R4
R3 := 46
R4 := SKID
R5 := "WM_UNLIMITED_HUMMING_VOICE"
R4 := R4[R5]
R2[R3] := R4
R0[R1] := R2
R1 := JOBID
R2 := "JT_KNIGHT_H"
R1 := R1[R2]
R2 := {}
R3 := 4
R4 := SKID
R5 := "LK_BERSERK"
R4 := R4[R5]
R2[R3] := R4
R3 := 5
R4 := SKID
R5 := "LK_TENSIONRELAX"
R4 := R4[R5]
R2[R3] := R4
R3 := 7
R4 := SKID
R5 := "LK_PARRYING"
R4 := R4[R5]
R2[R3] := R4
R3 := 11
R4 := SKID
R5 := "LK_AURABLADE"
R4 := R4[R5]
R2[R3] := R4
R3 := 12
R4 := SKID
R5 := "LK_CONCENTRATION"
R4 := R4[R5]
R2[R3] := R4
R3 := 19
R4 := SKID
R5 := "LK_HEADCRUSH"
R4 := R4[R5]
R2[R3] := R4
R3 := 25
R4 := SKID
R5 := "LK_SPIRALPIERCE"
R4 := R4[R5]
R2[R3] := R4
R3 := 26
R4 := SKID
R5 := "LK_JOINTBEAT"
R4 := R4[R5]
R2[R3] := R4
R0[R1] := R2
R1 := JOBID
R2 := "JT_WIZARD_H"
R1 := R1[R2]
R2 := {}
R3 := 7
R4 := SKID
R5 := "HW_GANBANTEIN"
R4 := R4[R5]
R2[R3] := R4
R3 := 12
R4 := SKID
R5 := "HW_MAGICCRASHER"
R4 := R4[R5]
R2[R3] := R4
R3 := 13
R4 := SKID
R5 := "HW_SOULDRAIN"
R4 := R4[R5]
R2[R3] := R4
R3 := 19
R4 := SKID
R5 := "HW_NAPALMVULCAN"
R4 := R4[R5]
R2[R3] := R4
R3 := 20
R4 := SKID
R5 := "HW_MAGICPOWER"
R4 := R4[R5]
R2[R3] := R4
R3 := 24
R4 := SKID
R5 := "HW_GRAVITATION"
R4 := R4[R5]
R2[R3] := R4
R0[R1] := R2
R1 := JOBID
R2 := "JT_HUNTER_H"
R1 := R1[R2]
R2 := {}
R3 := 28
R4 := SKID
R5 := "SN_FALCONASSAULT"
R4 := R4[R5]
R2[R3] := R4
R3 := 5
R4 := SKID
R5 := "SN_SHARPSHOOTING"
R4 := R4[R5]
R2[R3] := R4
R3 := 26
R4 := SKID
R5 := "SN_SIGHT"
R4 := R4[R5]
R2[R3] := R4
R3 := 12
R4 := SKID
R5 := "SN_WINDWALK"
R4 := R4[R5]
R2[R3] := R4
R0[R1] := R2
R1 := JOBID
R2 := "JT_GENETIC"
R1 := R1[R2]
R2 := {}
R3 := 0
R4 := SKID
R5 := "GN_CHANGEMATERIAL"
R4 := R4[R5]
R2[R3] := R4
R3 := 1
R4 := SKID
R5 := "GN_TRAINING_SWORD"
R4 := R4[R5]
R2[R3] := R4
R3 := 2
R4 := SKID
R5 := "GN_S_PHARMACY"
R4 := R4[R5]
R2[R3] := R4
R3 := 5
R4 := SKID
R5 := "GN_REMODELING_CART"
R4 := R4[R5]
R2[R3] := R4
R3 := 7
R4 := SKID
R5 := "GN_SLINGITEM"
R4 := R4[R5]
R2[R3] := R4
R3 := 8
R4 := SKID
R5 := "GN_MIX_COOKING"
R4 := R4[R5]
R2[R3] := R4
R3 := 9
R4 := SKID
R5 := "GN_THORNS_TRAP"
R4 := R4[R5]
R2[R3] := R4
R3 := 10
R4 := SKID
R5 := "GN_BLOOD_SUCKER"
R4 := R4[R5]
R2[R3] := R4
R3 := 11
R4 := SKID
R5 := "GN_SPORE_EXPLOSION"
R4 := R4[R5]
R2[R3] := R4
R3 := 12
R4 := SKID
R5 := "GN_CART_TORNADO"
R4 := R4[R5]
R2[R3] := R4
R3 := 15
R4 := SKID
R5 := "GN_MAKEBOMB"
R4 := R4[R5]
R2[R3] := R4
R3 := 16
R4 := SKID
R5 := "GN_WALLOFTHORN"
R4 := R4[R5]
R2[R3] := R4
R3 := 17
R4 := SKID
R5 := "GN_HELLS_PLANT"
R4 := R4[R5]
R2[R3] := R4
R3 := 18
R4 := SKID
R5 := "GN_DEMONIC_FIRE"
R4 := R4[R5]
R2[R3] := R4
R3 := 19
R4 := SKID
R5 := "GN_CARTCANNON"
R4 := R4[R5]
R2[R3] := R4
R3 := 23
R4 := SKID
R5 := "GN_CRAZYWEED"
R4 := R4[R5]
R2[R3] := R4
R3 := 24
R4 := SKID
R5 := "GN_MANDRAGORA"
R4 := R4[R5]
R2[R3] := R4
R3 := 25
R4 := SKID
R5 := "GN_FIRE_EXPANSION"
R4 := R4[R5]
R2[R3] := R4
R3 := 26
R4 := SKID
R5 := "GN_CARTBOOST"
R4 := R4[R5]
R2[R3] := R4
R0[R1] := R2
R1 := JOBID
R2 := "JT_MONK_H"
R1 := R1[R2]
R2 := {}
R3 := 11
R4 := SKID
R5 := "CH_PALMSTRIKE"
R4 := R4[R5]
R2[R3] := R4
R3 := 21
R4 := SKID
R5 := "CH_SOULCOLLECT"
R4 := R4[R5]
R2[R3] := R4
R3 := 25
R4 := SKID
R5 := "CH_TIGERFIST"
R4 := R4[R5]
R2[R3] := R4
R3 := 32
R4 := SKID
R5 := "CH_CHAINCRUSH"
R4 := R4[R5]
R2[R3] := R4
R0[R1] := R2
R1 := JOBID
R2 := "JT_ROGUE_H"
R1 := R1[R2]
R2 := {}
R3 := 8
R4 := SKID
R5 := "ST_CHASEWALK"
R4 := R4[R5]
R2[R3] := R4
R3 := 30
R4 := SKID
R5 := "ST_FULLSTRIP"
R4 := R4[R5]
R2[R3] := R4
R3 := 38
R4 := SKID
R5 := "ST_PRESERVE"
R4 := R4[R5]
R2[R3] := R4
R3 := 31
R4 := SKID
R5 := "ST_REJECTSWORD"
R4 := R4[R5]
R2[R3] := R4
R0[R1] := R2
R1 := JOBID
R2 := "JT_BARD_H"
R1 := R1[R2]
R2 := {}
R3 := 29
R4 := SKID
R5 := "CG_ARROWVULCAN"
R4 := R4[R5]
R2[R3] := R4
R3 := 30
R4 := SKID
R5 := "CG_MOONLIT"
R4 := R4[R5]
R2[R3] := R4
R3 := 31
R4 := SKID
R5 := "CG_MARIONETTE"
R4 := R4[R5]
R2[R3] := R4
R3 := 32
R4 := SKID
R5 := "CG_HERMODE"
R4 := R4[R5]
R2[R3] := R4
R3 := 38
R4 := SKID
R5 := "CG_LONGINGFREEDOM"
R4 := R4[R5]
R2[R3] := R4
R3 := 39
R4 := SKID
R5 := "CG_TAROTCARD"
R4 := R4[R5]
R2[R3] := R4
R0[R1] := R2
R1 := JOBID
R2 := "JT_SURA"
R1 := R1[R2]
R2 := {}
R3 := 0
R4 := SKID
R5 := "SR_POWERVELOCITY"
R4 := R4[R5]
R2[R3] := R4
R3 := 1
R4 := SKID
R5 := "SR_RIDEINLIGHTNING"
R4 := R4[R5]
R2[R3] := R4
R3 := 2
R4 := SKID
R5 := "SR_DRAGONCOMBO"
R4 := R4[R5]
R2[R3] := R4
R3 := 7
R4 := SKID
R5 := "SR_ASSIMILATEPOWER"
R4 := R4[R5]
R2[R3] := R4
R3 := 8
R4 := SKID
R5 := "SR_SKYNETBLOW"
R4 := R4[R5]
R2[R3] := R4
R3 := 9
R4 := SKID
R5 := "SR_FALLENEMPIRE"
R4 := R4[R5]
R2[R3] := R4
R3 := 11
R4 := SKID
R5 := "SR_GENTLETOUCH_QUIET"
R4 := R4[R5]
R2[R3] := R4
R3 := 12
R4 := SKID
R5 := "SR_GENTLETOUCH_CURE"
R4 := R4[R5]
R2[R3] := R4
R3 := 14
R4 := SKID
R5 := "SR_HOWLINGOFLION"
R4 := R4[R5]
R2[R3] := R4
R3 := 15
R4 := SKID
R5 := "SR_CRESCENTELBOW"
R4 := R4[R5]
R2[R3] := R4
R3 := 16
R4 := SKID
R5 := "SR_TIGERCANNON"
R4 := R4[R5]
R2[R3] := R4
R3 := 17
R4 := SKID
R5 := "SR_CURSEDCIRCLE"
R4 := R4[R5]
R2[R3] := R4
R3 := 18
R4 := SKID
R5 := "SR_GENTLETOUCH_ENERGYGAIN"
R4 := R4[R5]
R2[R3] := R4
R3 := 19
R4 := SKID
R5 := "SR_GENTLETOUCH_CHANGE"
R4 := R4[R5]
R2[R3] := R4
R3 := 24
R4 := SKID
R5 := "SR_WINDMILL"
R4 := R4[R5]
R2[R3] := R4
R3 := 25
R4 := SKID
R5 := "SR_EARTHSHAKER"
R4 := R4[R5]
R2[R3] := R4
R3 := 26
R4 := SKID
R5 := "SR_GENTLETOUCH_REVITALIZE"
R4 := R4[R5]
R2[R3] := R4
R3 := 31
R4 := SKID
R5 := "SR_LIGHTNINGWALK"
R4 := R4[R5]
R2[R3] := R4
R3 := 32
R4 := SKID
R5 := "SR_RAMPAGEBLASTER"
R4 := R4[R5]
R2[R3] := R4
R3 := 38
R4 := SKID
R5 := "SR_KNUCKLEARROW"
R4 := R4[R5]
R2[R3] := R4
R3 := 39
R4 := SKID
R5 := "SR_RAISINGDRAGON"
R4 := R4[R5]
R2[R3] := R4
R3 := 36
R4 := SKID
R5 := "SR_GATEOFHELL"
R4 := R4[R5]
R2[R3] := R4
R0[R1] := R2
R1 := JOBID
R2 := "JT_WARLOCK"
R1 := R1[R2]
R2 := {}
R3 := 0
R4 := SKID
R5 := "WL_MARSHOFABYSS"
R4 := R4[R5]
R2[R3] := R4
R3 := 1
R4 := SKID
R5 := "WL_RADIUS"
R4 := R4[R5]
R2[R3] := R4
R3 := 2
R4 := SKID
R5 := "WL_RELEASE"
R4 := R4[R5]
R2[R3] := R4
R3 := 3
R4 := SKID
R5 := "WL_SUMMONFB"
R4 := R4[R5]
R2[R3] := R4
R3 := 4
R4 := SKID
R5 := "WL_SUMMONWB"
R4 := R4[R5]
R2[R3] := R4
R3 := 5
R4 := SKID
R5 := "WL_SUMMONBL"
R4 := R4[R5]
R2[R3] := R4
R3 := 6
R4 := SKID
R5 := "WL_SUMMONSTONE"
R4 := R4[R5]
R2[R3] := R4
R3 := 7
R4 := SKID
R5 := "WL_FREEZE_SP"
R4 := R4[R5]
R2[R3] := R4
R3 := 8
R4 := SKID
R5 := "WL_DRAINLIFE"
R4 := R4[R5]
R2[R3] := R4
R3 := 9
R4 := SKID
R5 := "WL_READING_SB"
R4 := R4[R5]
R2[R3] := R4
R3 := 10
R4 := SKID
R5 := "WL_CRIMSONROCK"
R4 := R4[R5]
R2[R3] := R4
R3 := 11
R4 := SKID
R5 := "WL_FROSTMISTY"
R4 := R4[R5]
R2[R3] := R4
R3 := 12
R4 := SKID
R5 := "WL_CHAINLIGHTNING"
R4 := R4[R5]
R2[R3] := R4
R3 := 13
R4 := SKID
R5 := "WL_SIENNAEXECRATE"
R4 := R4[R5]
R2[R3] := R4
R3 := 14
R4 := SKID
R5 := "WL_SOULEXPANSION"
R4 := R4[R5]
R2[R3] := R4
R3 := 15
R4 := SKID
R5 := "WL_STASIS"
R4 := R4[R5]
R2[R3] := R4
R3 := 17
R4 := SKID
R5 := "WL_HELLINFERNO"
R4 := R4[R5]
R2[R3] := R4
R3 := 18
R4 := SKID
R5 := "WL_JACKFROST"
R4 := R4[R5]
R2[R3] := R4
R3 := 20
R4 := SKID
R5 := "WL_EARTHSTRAIN"
R4 := R4[R5]
R2[R3] := R4
R3 := 21
R4 := SKID
R5 := "WL_WHITEIMPRISON"
R4 := R4[R5]
R2[R3] := R4
R3 := 25
R4 := SKID
R5 := "WL_COMET"
R4 := R4[R5]
R2[R3] := R4
R3 := 30
R4 := SKID
R5 := "WL_RECOGNIZEDSPELL"
R4 := R4[R5]
R2[R3] := R4
R3 := 32
R4 := SKID
R5 := "WL_TETRAVORTEX"
R4 := R4[R5]
R2[R3] := R4
R0[R1] := R2
R1 := JOBID
R2 := "JT_ARCHBISHOP"
R1 := R1[R2]
R2 := {}
R3 := 0
R4 := SKID
R5 := "AB_JUDEX"
R4 := R4[R5]
R2[R3] := R4
R3 := 1
R4 := SKID
R5 := "AB_CHEAL"
R4 := R4[R5]
R2[R3] := R4
R3 := 2
R4 := SKID
R5 := "AB_CLEMENTIA"
R4 := R4[R5]
R2[R3] := R4
R3 := 3
R4 := SKID
R5 := "AB_PRAEFATIO"
R4 := R4[R5]
R2[R3] := R4
R3 := 4
R4 := SKID
R5 := "AB_DUPLELIGHT"
R4 := R4[R5]
R2[R3] := R4
R3 := 5
R4 := SKID
R5 := "AB_LAUDAAGNUS"
R4 := R4[R5]
R2[R3] := R4
R3 := 6
R4 := SKID
R5 := "AB_CANTO"
R4 := R4[R5]
R2[R3] := R4
R3 := 8
R4 := SKID
R5 := "AB_RENOVATIO"
R4 := R4[R5]
R2[R3] := R4
R3 := 9
R4 := SKID
R5 := "AB_ANCILLA"
R4 := R4[R5]
R2[R3] := R4
R3 := 10
R4 := SKID
R5 := "AB_ORATIO"
R4 := R4[R5]
R2[R3] := R4
R3 := 12
R4 := SKID
R5 := "AB_LAUDARAMUS"
R4 := R4[R5]
R2[R3] := R4
R3 := 14
R4 := SKID
R5 := "AB_ADORAMUS"
R4 := R4[R5]
R2[R3] := R4
R3 := 15
R4 := SKID
R5 := "AB_HIGHNESSHEAL"
R4 := R4[R5]
R2[R3] := R4
R3 := 18
R4 := SKID
R5 := "AB_EXPIATIO"
R4 := R4[R5]
R2[R3] := R4
R3 := 19
R4 := SKID
R5 := "AB_CLEARANCE"
R4 := R4[R5]
R2[R3] := R4
R3 := 23
R4 := SKID
R5 := "AB_EPICLESIS"
R4 := R4[R5]
R2[R3] := R4
R3 := 26
R4 := SKID
R5 := "AB_SILENTIUM"
R4 := R4[R5]
R2[R3] := R4
R3 := 30
R4 := SKID
R5 := "AB_EUCHARISTICA"
R4 := R4[R5]
R2[R3] := R4
R3 := 32
R4 := SKID
R5 := "AB_SECRAMENT"
R4 := R4[R5]
R2[R3] := R4
R0[R1] := R2
R1 := JOBID
R2 := "JT_GUILLOTINE_CROSS"
R1 := R1[R2]
R2 := {}
R3 := 0
R4 := SKID
R5 := "GC_CROSSIMPACT"
R4 := R4[R5]
R2[R3] := R4
R3 := 1
R4 := SKID
R5 := "GC_CLOAKINGEXCEED"
R4 := R4[R5]
R2[R3] := R4
R3 := 2
R4 := SKID
R5 := "GC_ROLLINGCUTTER"
R4 := R4[R5]
R2[R3] := R4
R3 := 3
R4 := SKID
R5 := "GC_WEAPONBLOCKING"
R4 := R4[R5]
R2[R3] := R4
R3 := 4
R4 := SKID
R5 := "GC_VENOMIMPRESS"
R4 := R4[R5]
R2[R3] := R4
R3 := 5
R4 := SKID
R5 := "GC_RESEARCHNEWPOISON"
R4 := R4[R5]
R2[R3] := R4
R3 := 7
R4 := SKID
R5 := "GC_DARKILLUSION"
R4 := R4[R5]
R2[R3] := R4
R3 := 9
R4 := SKID
R5 := "GC_CROSSRIPPERSLASHER"
R4 := R4[R5]
R2[R3] := R4
R3 := 10
R4 := SKID
R5 := "GC_WEAPONCRUSH"
R4 := R4[R5]
R2[R3] := R4
R3 := 11
R4 := SKID
R5 := "GC_COUNTERSLASH"
R4 := R4[R5]
R2[R3] := R4
R3 := 12
R4 := SKID
R5 := "GC_CREATENEWPOISON"
R4 := R4[R5]
R2[R3] := R4
R3 := 13
R4 := SKID
R5 := "GC_ANTIDOTE"
R4 := R4[R5]
R2[R3] := R4
R3 := 15
R4 := SKID
R5 := "GC_PHANTOMMENACE"
R4 := R4[R5]
R2[R3] := R4
R3 := 19
R4 := SKID
R5 := "GC_POISONINGWEAPON"
R4 := R4[R5]
R2[R3] := R4
R3 := 22
R4 := SKID
R5 := "GC_HALLUCINATIONWALK"
R4 := R4[R5]
R2[R3] := R4
R3 := 25
R4 := SKID
R5 := "GC_VENOMPRESSURE"
R4 := R4[R5]
R2[R3] := R4
R3 := 26
R4 := SKID
R5 := "GC_POISONSMOKE"
R4 := R4[R5]
R2[R3] := R4
R0[R1] := R2
R1 := JOBID
R2 := "JT_STAR"
R1 := R1[R2]
R2 := {}
R3 := 0
R4 := SKID
R5 := "SG_FEEL"
R4 := R4[R5]
R2[R3] := R4
R3 := 2
R4 := SKID
R5 := "SG_HATE"
R4 := R4[R5]
R2[R3] := R4
R3 := 4
R4 := SKID
R5 := "SG_DEVIL"
R4 := R4[R5]
R2[R3] := R4
R3 := 5
R4 := SKID
R5 := "SG_KNOWLEDGE"
R4 := R4[R5]
R2[R3] := R4
R3 := 7
R4 := SKID
R5 := "SG_SUN_WARM"
R4 := R4[R5]
R2[R3] := R4
R3 := 8
R4 := SKID
R5 := "SG_SUN_COMFORT"
R4 := R4[R5]
R2[R3] := R4
R3 := 9
R4 := SKID
R5 := "SG_SUN_ANGER"
R4 := R4[R5]
R2[R3] := R4
R3 := 10
R4 := SKID
R5 := "SG_SUN_BLESS"
R4 := R4[R5]
R2[R3] := R4
R3 := 11
R4 := SKID
R5 := "SG_FRIEND"
R4 := R4[R5]
R2[R3] := R4
R3 := 12
R4 := SKID
R5 := "SG_FUSION"
R4 := R4[R5]
R2[R3] := R4
R3 := 14
R4 := SKID
R5 := "SG_MOON_WARM"
R4 := R4[R5]
R2[R3] := R4
R3 := 15
R4 := SKID
R5 := "SG_MOON_COMFORT"
R4 := R4[R5]
R2[R3] := R4
R3 := 16
R4 := SKID
R5 := "SG_MOON_ANGER"
R4 := R4[R5]
R2[R3] := R4
R3 := 17
R4 := SKID
R5 := "SG_MOON_BLESS"
R4 := R4[R5]
R2[R3] := R4
R3 := 21
R4 := SKID
R5 := "SG_STAR_WARM"
R4 := R4[R5]
R2[R3] := R4
R3 := 22
R4 := SKID
R5 := "SG_STAR_COMFORT"
R4 := R4[R5]
R2[R3] := R4
R3 := 23
R4 := SKID
R5 := "SG_STAR_ANGER"
R4 := R4[R5]
R2[R3] := R4
R3 := 24
R4 := SKID
R5 := "SG_STAR_BLESS"
R4 := R4[R5]
R2[R3] := R4
R0[R1] := R2
R1 := JOBID
R2 := "JT_LINKER"
R1 := R1[R2]
R2 := {}
R3 := 0
R4 := SKID
R5 := "SL_ALCHEMIST"
R4 := R4[R5]
R2[R3] := R4
R3 := 1
R4 := SKID
R5 := "SL_STAR"
R4 := R4[R5]
R2[R3] := R4
R3 := 2
R4 := SKID
R5 := "SL_ASSASIN"
R4 := R4[R5]
R2[R3] := R4
R3 := 3
R4 := SKID
R5 := "SL_CRUSADER"
R4 := R4[R5]
R2[R3] := R4
R3 := 4
R4 := SKID
R5 := "SL_BARDDANCER"
R4 := R4[R5]
R2[R3] := R4
R3 := 5
R4 := SKID
R5 := "SL_SUPERNOVICE"
R4 := R4[R5]
R2[R3] := R4
R3 := 7
R4 := SKID
R5 := "SL_BLACKSMITH"
R4 := R4[R5]
R2[R3] := R4
R3 := 8
R4 := SKID
R5 := "SL_SOULLINKER"
R4 := R4[R5]
R2[R3] := R4
R3 := 9
R4 := SKID
R5 := "SL_ROGUE"
R4 := R4[R5]
R2[R3] := R4
R3 := 10
R4 := SKID
R5 := "SL_KNIGHT"
R4 := R4[R5]
R2[R3] := R4
R3 := 11
R4 := SKID
R5 := "SL_HUNTER"
R4 := R4[R5]
R2[R3] := R4
R3 := 12
R4 := SKID
R5 := "SL_HIGH"
R4 := R4[R5]
R2[R3] := R4
R3 := 14
R4 := SKID
R5 := "SL_MONK"
R4 := R4[R5]
R2[R3] := R4
R3 := 16
R4 := SKID
R5 := "SL_KAUPE"
R4 := R4[R5]
R2[R3] := R4
R3 := 17
R4 := SKID
R5 := "SL_SKE"
R4 := R4[R5]
R2[R3] := R4
R3 := 18
R4 := SKID
R5 := "SL_SAGE"
R4 := R4[R5]
R2[R3] := R4
R3 := 19
R4 := SKID
R5 := "SL_KAINA"
R4 := R4[R5]
R2[R3] := R4
R3 := 21
R4 := SKID
R5 := "SL_PRIEST"
R4 := R4[R5]
R2[R3] := R4
R3 := 22
R4 := SKID
R5 := "SL_SKA"
R4 := R4[R5]
R2[R3] := R4
R3 := 25
R4 := SKID
R5 := "SL_WIZARD"
R4 := R4[R5]
R2[R3] := R4
R3 := 26
R4 := SKID
R5 := "SL_KAITE"
R4 := R4[R5]
R2[R3] := R4
R3 := 28
R4 := SKID
R5 := "SL_KAAHI"
R4 := R4[R5]
R2[R3] := R4
R3 := 29
R4 := SKID
R5 := "SL_KAIZEL"
R4 := R4[R5]
R2[R3] := R4
R3 := 30
R4 := SKID
R5 := "SL_SWOO"
R4 := R4[R5]
R2[R3] := R4
R3 := 31
R4 := SKID
R5 := "SL_STIN"
R4 := R4[R5]
R2[R3] := R4
R3 := 32
R4 := SKID
R5 := "SL_STUN"
R4 := R4[R5]
R2[R3] := R4
R3 := 33
R4 := SKID
R5 := "SL_SMA"
R4 := R4[R5]
R2[R3] := R4
R0[R1] := R2
R1 := JOBID
R2 := "JT_SORCERER"
R1 := R1[R2]
R2 := {}
R3 := 0
R4 := SKID
R5 := "SO_VACUUM_EXTREME"
R4 := R4[R5]
R2[R3] := R4
R3 := 1
R4 := SKID
R5 := "SO_STRIKING"
R4 := R4[R5]
R2[R3] := R4
R3 := 2
R4 := SKID
R5 := "SO_ELECTRICWALK"
R4 := R4[R5]
R2[R3] := R4
R3 := 3
R4 := SKID
R5 := "SO_EL_ANALYSIS"
R4 := R4[R5]
R2[R3] := R4
R3 := 4
R4 := SKID
R5 := "SO_CLOUD_KILL"
R4 := R4[R5]
R2[R3] := R4
R3 := 5
R4 := SKID
R5 := "SO_WARMER"
R4 := R4[R5]
R2[R3] := R4
R3 := 6
R4 := SKID
R5 := "SO_EARTHGRAVE"
R4 := R4[R5]
R2[R3] := R4
R3 := 7
R4 := SKID
R5 := "SO_SPELLFIST"
R4 := R4[R5]
R2[R3] := R4
R3 := 8
R4 := SKID
R5 := "SO_DIAMONDDUST"
R4 := R4[R5]
R2[R3] := R4
R3 := 9
R4 := SKID
R5 := "SO_VARETYR_SPEAR"
R4 := R4[R5]
R2[R3] := R4
R3 := 10
R4 := SKID
R5 := "SO_EL_CONTROL"
R4 := R4[R5]
R2[R3] := R4
R3 := 11
R4 := SKID
R5 := "SO_POISON_BUSTER"
R4 := R4[R5]
R2[R3] := R4
R3 := 12
R4 := SKID
R5 := "SO_FIREWALK"
R4 := R4[R5]
R2[R3] := R4
R3 := 13
R4 := SKID
R5 := "SO_ARRULLO"
R4 := R4[R5]
R2[R3] := R4
R3 := 14
R4 := SKID
R5 := "SO_PSYCHIC_WAVE"
R4 := R4[R5]
R2[R3] := R4
R3 := 15
R4 := SKID
R5 := "SO_SUMMON_AQUA"
R4 := R4[R5]
R2[R3] := R4
R3 := 16
R4 := SKID
R5 := "SO_SUMMON_VENTUS"
R4 := R4[R5]
R2[R3] := R4
R3 := 17
R4 := SKID
R5 := "SO_EL_SYMPATHY"
R4 := R4[R5]
R2[R3] := R4
R3 := 18
R4 := SKID
R5 := "SO_EL_ACTION"
R4 := R4[R5]
R2[R3] := R4
R3 := 19
R4 := SKID
R5 := "SO_SUMMON_AGNI"
R4 := R4[R5]
R2[R3] := R4
R3 := 20
R4 := SKID
R5 := "SO_SUMMON_TERA"
R4 := R4[R5]
R2[R3] := R4
R3 := 22
R4 := SKID
R5 := "SO_WATER_INSIGNIA"
R4 := R4[R5]
R2[R3] := R4
R3 := 23
R4 := SKID
R5 := "SO_WIND_INSIGNIA"
R4 := R4[R5]
R2[R3] := R4
R3 := 24
R4 := SKID
R5 := "SO_EL_CURE"
R4 := R4[R5]
R2[R3] := R4
R3 := 26
R4 := SKID
R5 := "SO_FIRE_INSIGNIA"
R4 := R4[R5]
R2[R3] := R4
R3 := 27
R4 := SKID
R5 := "SO_EARTH_INSIGNIA"
R4 := R4[R5]
R2[R3] := R4
R0[R1] := R2
R1 := JOBID
R2 := "JT_WANDERER"
R1 := R1[R2]
R2 := {}
R3 := 0
R4 := SKID
R5 := "WM_SEVERE_RAINSTORM"
R4 := R4[R5]
R2[R3] := R4
R3 := 1
R4 := SKID
R5 := "WM_REVERBERATION"
R4 := R4[R5]
R2[R3] := R4
R3 := 3
R4 := SKID
R5 := "WM_LESSON"
R4 := R4[R5]
R2[R3] := R4
R3 := 8
R4 := SKID
R5 := "WM_DOMINION_IMPULSE"
R4 := R4[R5]
R2[R3] := R4
R3 := 9
R4 := SKID
R5 := "WM_SIRCLEOFNATURE"
R4 := R4[R5]
R2[R3] := R4
R3 := 10
R4 := SKID
R5 := "WM_LULLABY_DEEPSLEEP"
R4 := R4[R5]
R2[R3] := R4
R3 := 11
R4 := SKID
R5 := "WM_POEMOFNETHERWORLD"
R4 := R4[R5]
R2[R3] := R4
R3 := 15
R4 := SKID
R5 := "WM_METALICSOUND"
R4 := R4[R5]
R2[R3] := R4
R3 := 16
R4 := SKID
R5 := "WM_DEADHILLHERE"
R4 := R4[R5]
R2[R3] := R4
R3 := 18
R4 := SKID
R5 := "WM_VOICEOFSIREN"
R4 := R4[R5]
R2[R3] := R4
R3 := 19
R4 := SKID
R5 := "WM_RANDOMIZESPELL"
R4 := R4[R5]
R2[R3] := R4
R3 := 22
R4 := SKID
R5 := "WM_GREAT_ECHO"
R4 := R4[R5]
R2[R3] := R4
R3 := 23
R4 := SKID
R5 := "WA_SWING_DANCE"
R4 := R4[R5]
R2[R3] := R4
R3 := 24
R4 := SKID
R5 := "WA_SYMPHONY_OF_LOVER"
R4 := R4[R5]
R2[R3] := R4
R3 := 25
R4 := SKID
R5 := "WA_MOONLIT_SERENADE"
R4 := R4[R5]
R2[R3] := R4
R3 := 26
R4 := SKID
R5 := "WM_GLOOMYDAY"
R4 := R4[R5]
R2[R3] := R4
R3 := 30
R4 := SKID
R5 := "WM_DANCE_WITH_WUG"
R4 := R4[R5]
R2[R3] := R4
R3 := 31
R4 := SKID
R5 := "WM_SONG_OF_MANA"
R4 := R4[R5]
R2[R3] := R4
R3 := 32
R4 := SKID
R5 := "WM_LERADS_DEW"
R4 := R4[R5]
R2[R3] := R4
R3 := 37
R4 := SKID
R5 := "WM_SATURDAY_NIGHT_FEVER"
R4 := R4[R5]
R2[R3] := R4
R3 := 38
R4 := SKID
R5 := "WM_MELODYOFSINK"
R4 := R4[R5]
R2[R3] := R4
R3 := 39
R4 := SKID
R5 := "WM_BEYOND_OF_WARCRY"
R4 := R4[R5]
R2[R3] := R4
R3 := 45
R4 := SKID
R5 := "WM_SOUND_OF_DESTRUCTION"
R4 := R4[R5]
R2[R3] := R4
R3 := 46
R4 := SKID
R5 := "WM_UNLIMITED_HUMMING_VOICE"
R4 := R4[R5]
R2[R3] := R4
R0[R1] := R2
R1 := JOBID
R2 := "JT_CRUSADER_H"
R1 := R1[R2]
R2 := {}
R3 := 17
R4 := SKID
R5 := "PA_PRESSURE"
R4 := R4[R5]
R2[R3] := R4
R3 := 25
R4 := SKID
R5 := "PA_SHIELDCHAIN"
R4 := R4[R5]
R2[R3] := R4
R3 := 30
R4 := SKID
R5 := "PA_GOSPEL"
R4 := R4[R5]
R2[R3] := R4
R3 := 36
R4 := SKID
R5 := "PA_SACRIFICE"
R4 := R4[R5]
R2[R3] := R4
R0[R1] := R2
R1 := JOBID
R2 := "JT_SUPERNOVICE2"
R1 := R1[R2]
R2 := {}
R3 := 0
R4 := SKID
R4 := R4["CR_TRUST"]
R2[R3] := R4
R3 := 1
R4 := SKID
R4 := R4["CR_HOLYCROSS"]
R2[R3] := R4
R3 := 2
R4 := SKID
R4 := R4["PR_SANCTUARY"]
R2[R3] := R4
R3 := 3
R4 := SKID
R4 := R4["PR_STRECOVERY"]
R2[R3] := R4
R3 := 4
R4 := SKID
R4 := R4["PR_IMPOSITIO"]
R2[R3] := R4
R3 := 5
R4 := SKID
R4 := R4["PR_GLORIA"]
R2[R3] := R4
R3 := 6
R4 := SKID
R4 := R4["MO_IRONHAND"]
R2[R3] := R4
R3 := 7
R4 := SKID
R4 := R4["MO_CALLSPIRITS"]
R2[R3] := R4
R3 := 8
R4 := SKID
R4 := R4["MO_ABSORBSPIRITS"]
R2[R3] := R4
R3 := 9
R4 := SKID
R4 := R4["HT_SKIDTRAP"]
R2[R3] := R4
R3 := 10
R4 := SKID
R4 := R4["HT_FLASHER"]
R2[R3] := R4
R3 := 11
R4 := SKID
R4 := R4["HT_SANDMAN"]
R2[R3] := R4
R3 := 12
R4 := SKID
R4 := R4["HT_FREEZINGTRAP"]
R2[R3] := R4
R3 := 13
R4 := SKID
R4 := R4["BS_HILTBINDING"]
R2[R3] := R4
R3 := 14
R4 := SKID
R4 := R4["BS_WEAPONRESEARCH"]
R2[R3] := R4
R3 := 15
R4 := SKID
R5 := "AM_AXEMASTERY"
R4 := R4[R5]
R2[R3] := R4
R3 := 16
R4 := SKID
R5 := "RG_TUNNELDRIVE"
R4 := R4[R5]
R2[R3] := R4
R3 := 17
R4 := SKID
R4 := R4["WZ_EARTHSPIKE"]
R2[R3] := R4
R3 := 18
R4 := SKID
R4 := R4["WZ_HEAVENDRIVE"]
R2[R3] := R4
R3 := 19
R4 := SKID
R4 := R4["WZ_QUAGMIRE"]
R2[R3] := R4
R3 := 20
R4 := SKID
R4 := R4["WZ_ICEWALL"]
R2[R3] := R4
R3 := 21
R4 := SKID
R4 := R4["WZ_FROSTNOVA"]
R2[R3] := R4
R3 := 22
R4 := SKID
R4 := R4["WZ_SIGHTRASHER"]
R2[R3] := R4
R3 := 23
R4 := SKID
R4 := R4["WZ_JUPITEL"]
R2[R3] := R4
R3 := 24
R4 := SKID
R4 := R4["WZ_FIREPILLAR"]
R2[R3] := R4
R3 := 25
R4 := SKID
R4 := R4["WZ_WATERBALL"]
R2[R3] := R4
R3 := 26
R4 := SKID
R4 := R4["WZ_ESTIMATION"]
R2[R3] := R4
R3 := 27
R4 := SKID
R5 := "HW_MAGICCRASHER"
R4 := R4[R5]
R2[R3] := R4
R3 := 28
R4 := SKID
R4 := R4["AS_ENCHANTPOISON"]
R2[R3] := R4
R0[R1] := R2
R1 := JOBID
R2 := "JT_KAGEROU"
R1 := R1[R2]
R2 := {}
R3 := 0
R4 := SKID
R5 := "KO_YAMIKUMO"
R4 := R4[R5]
R2[R3] := R4
R3 := 1
R4 := SKID
R5 := "KO_ZANZOU"
R4 := R4[R5]
R2[R3] := R4
R3 := 2
R4 := SKID
R5 := "KO_GENWAKU"
R4 := R4[R5]
R2[R3] := R4
R3 := 3
R4 := SKID
R5 := "KO_KYOUGAKU"
R4 := R4[R5]
R2[R3] := R4
R3 := 4
R4 := SKID
R5 := "KO_JYUSATSU"
R4 := R4[R5]
R2[R3] := R4
R3 := 7
R4 := SKID
R5 := "KO_JYUMONJIKIRI"
R4 := R4[R5]
R2[R3] := R4
R3 := 8
R4 := SKID
R5 := "KG_KAGEHUMI"
R4 := R4[R5]
R2[R3] := R4
R3 := 10
R4 := SKID
R5 := "KO_KAHU_ENTEN"
R4 := R4[R5]
R2[R3] := R4
R3 := 11
R4 := SKID
R5 := "KO_HYOUHU_HUBUKI"
R4 := R4[R5]
R2[R3] := R4
R3 := 12
R4 := SKID
R5 := "KO_KAZEHU_SEIRAN"
R4 := R4[R5]
R2[R3] := R4
R3 := 13
R4 := SKID
R5 := "KO_DOHU_KOUKAI"
R4 := R4[R5]
R2[R3] := R4
R3 := 14
R4 := SKID
R5 := "KO_SETSUDAN"
R4 := R4[R5]
R2[R3] := R4
R3 := 15
R4 := SKID
R5 := "KG_KYOMU"
R4 := R4[R5]
R2[R3] := R4
R3 := 17
R4 := SKID
R5 := "KO_KAIHOU"
R4 := R4[R5]
R2[R3] := R4
R3 := 21
R4 := SKID
R5 := "KO_BAKURETSU"
R4 := R4[R5]
R2[R3] := R4
R3 := 22
R4 := SKID
R5 := "KG_KAGEMUSYA"
R4 := R4[R5]
R2[R3] := R4
R3 := 24
R4 := SKID
R5 := "KO_ZENKAI"
R4 := R4[R5]
R2[R3] := R4
R3 := 25
R4 := SKID
R5 := "KO_IZAYOI"
R4 := R4[R5]
R2[R3] := R4
R3 := 26
R4 := SKID
R5 := "KO_MEIKYOUSISUI"
R4 := R4[R5]
R2[R3] := R4
R3 := 28
R4 := SKID
R5 := "KO_HAPPOKUNAI"
R4 := R4[R5]
R2[R3] := R4
R3 := 30
R4 := SKID
R5 := "KO_MAKIBISHI"
R4 := R4[R5]
R2[R3] := R4
R3 := 33
R4 := SKID
R5 := "KO_RIGHT"
R4 := R4[R5]
R2[R3] := R4
R3 := 34
R4 := SKID
R5 := "KO_LEFT"
R4 := R4[R5]
R2[R3] := R4
R3 := 36
R4 := SKID
R5 := "KO_HUUMARANKA"
R4 := R4[R5]
R2[R3] := R4
R3 := 37
R4 := SKID
R5 := "KO_MUCHANAGE"
R4 := R4[R5]
R2[R3] := R4
R0[R1] := R2
R1 := JOBID
R2 := "JT_OBORO"
R1 := R1[R2]
R2 := {}
R3 := 0
R4 := SKID
R5 := "KO_YAMIKUMO"
R4 := R4[R5]
R2[R3] := R4
R3 := 1
R4 := SKID
R5 := "KO_ZANZOU"
R4 := R4[R5]
R2[R3] := R4
R3 := 2
R4 := SKID
R5 := "KO_GENWAKU"
R4 := R4[R5]
R2[R3] := R4
R3 := 3
R4 := SKID
R5 := "KO_KYOUGAKU"
R4 := R4[R5]
R2[R3] := R4
R3 := 4
R4 := SKID
R5 := "KO_JYUSATSU"
R4 := R4[R5]
R2[R3] := R4
R3 := 7
R4 := SKID
R5 := "KO_JYUMONJIKIRI"
R4 := R4[R5]
R2[R3] := R4
R3 := 9
R4 := SKID
R5 := "OB_ZANGETSU"
R4 := R4[R5]
R2[R3] := R4
R3 := 10
R4 := SKID
R5 := "KO_KAHU_ENTEN"
R4 := R4[R5]
R2[R3] := R4
R3 := 11
R4 := SKID
R5 := "KO_HYOUHU_HUBUKI"
R4 := R4[R5]
R2[R3] := R4
R3 := 12
R4 := SKID
R5 := "KO_KAZEHU_SEIRAN"
R4 := R4[R5]
R2[R3] := R4
R3 := 13
R4 := SKID
R5 := "KO_DOHU_KOUKAI"
R4 := R4[R5]
R2[R3] := R4
R3 := 14
R4 := SKID
R5 := "KO_SETSUDAN"
R4 := R4[R5]
R2[R3] := R4
R3 := 16
R4 := SKID
R5 := "OB_AKAITSUKI"
R4 := R4[R5]
R2[R3] := R4
R3 := 17
R4 := SKID
R5 := "KO_KAIHOU"
R4 := R4[R5]
R2[R3] := R4
R3 := 21
R4 := SKID
R5 := "KO_BAKURETSU"
R4 := R4[R5]
R2[R3] := R4
R3 := 23
R4 := SKID
R5 := "OB_OBOROGENSOU"
R4 := R4[R5]
R2[R3] := R4
R3 := 24
R4 := SKID
R5 := "KO_ZENKAI"
R4 := R4[R5]
R2[R3] := R4
R3 := 25
R4 := SKID
R5 := "KO_IZAYOI"
R4 := R4[R5]
R2[R3] := R4
R3 := 26
R4 := SKID
R5 := "KO_MEIKYOUSISUI"
R4 := R4[R5]
R2[R3] := R4
R3 := 28
R4 := SKID
R5 := "KO_HAPPOKUNAI"
R4 := R4[R5]
R2[R3] := R4
R3 := 30
R4 := SKID
R5 := "KO_MAKIBISHI"
R4 := R4[R5]
R2[R3] := R4
R3 := 33
R4 := SKID
R5 := "KO_RIGHT"
R4 := R4[R5]
R2[R3] := R4
R3 := 34
R4 := SKID
R5 := "KO_LEFT"
R4 := R4[R5]
R2[R3] := R4
R3 := 36
R4 := SKID
R5 := "KO_HUUMARANKA"
R4 := R4[R5]
R2[R3] := R4
R3 := 37
R4 := SKID
R5 := "KO_MUCHANAGE"
R4 := R4[R5]
R2[R3] := R4
R0[R1] := R2
SKILL_TREEVIEW_FOR_JOB := R0
return 
