R0 := {}
R1 := {}
R2 := "던전이동스크롤1"
R3 := 19733
R4 := -1
R5 := "mag_dun01"
R6 := 125
R7 := 71
R8 := {}
R9 := 10878
R10 := 376
R8[1,2] := R9,R10
R9 := {}
R10 := 10879
R11 := 376
R9[1,2] := R10,R11
R10 := {}
R11 := 0
R12 := 0
R10[1,2] := R11,R12
R1[1,2,3,4,5,6,7,8,9] := R2,R3,R4,R5,R6,R7,R8,R9,R10
R2 := {}
R3 := "던전이동스크롤1"
R4 := 19734
R5 := -1
R6 := "mjo_dun02"
R7 := 80
R8 := 297
R9 := {}
R10 := 10515
R11 := 398
R9[1,2] := R10,R11
R10 := {}
R11 := 10516
R12 := 398
R10[1,2] := R11,R12
R11 := {}
R12 := 10518
R13 := 398
R11[1,2] := R12,R13
R12 := {}
R13 := 0
R14 := 0
R12[1,2] := R13,R14
R2[1,2,3,4,5,6,7,8,9,10] := R3,R4,R5,R6,R7,R8,R9,R10,R11,R12
R3 := {}
R4 := "던전이동스크롤1"
R5 := 19735
R6 := -1
R7 := "ein_dun01"
R8 := 261
R9 := 262
R10 := {}
R11 := 12237
R12 := 8
R10[1,2] := R11,R12
R11 := {}
R12 := 12277
R13 := 8
R11[1,2] := R12,R13
R12 := {}
R13 := 0
R14 := 0
R12[1,2] := R13,R14
R3[1,2,3,4,5,6,7,8,9] := R4,R5,R6,R7,R8,R9,R10,R11,R12
R4 := {}
R5 := "던전이동스크롤1"
R6 := 19736
R7 := -1
R8 := "pay_dun03"
R9 := 155
R10 := 150
R11 := {}
R12 := 10466
R13 := 12
R11[1,2] := R12,R13
R12 := {}
R13 := 10467
R14 := 12
R12[1,2] := R13,R14
R13 := {}
R14 := 0
R15 := 0
R13[1,2] := R14,R15
R4[1,2,3,4,5,6,7,8,9] := R5,R6,R7,R8,R9,R10,R11,R12,R13
R5 := {}
R6 := "던전이동스크롤1"
R7 := 19737
R8 := -1
R9 := "xmas_dun01"
R10 := 133
R11 := 130
R12 := {}
R13 := 18234
R14 := 158
R12[1,2] := R13,R14
R13 := {}
R14 := 18235
R15 := 158
R13[1,2] := R14,R15
R14 := {}
R15 := 0
R16 := 0
R14[1,2] := R15,R16
R5[1,2,3,4,5,6,7,8,9] := R6,R7,R8,R9,R10,R11,R12,R13,R14
R6 := {}
R7 := "던전이동스크롤1"
R8 := 19738
R9 := -1
R10 := "gl_prison"
R11 := 140
R12 := 15
R13 := {}
R14 := 18163
R15 := 140
R13[1,2] := R14,R15
R14 := {}
R15 := 18164
R16 := 140
R14[1,2] := R15,R16
R15 := {}
R16 := 0
R17 := 0
R15[1,2] := R16,R17
R6[1,2,3,4,5,6,7,8,9] := R7,R8,R9,R10,R11,R12,R13,R14,R15
R7 := {}
R8 := "던전이동스크롤1"
R9 := 19739
R10 := -1
R11 := "lou_dun03"
R12 := 165
R13 := 38
R14 := {}
R15 := 11697
R16 := 4
R14[1,2] := R15,R16
R15 := {}
R16 := 0
R17 := 0
R15[1,2] := R16,R17
R7[1,2,3,4,5,6,7,8] := R8,R9,R10,R11,R12,R13,R14,R15
R8 := {}
R9 := "던전이동스크롤1"
R10 := 19740
R11 := -1
R12 := "gon_dun02"
R13 := 251
R14 := 263
R15 := {}
R16 := 11517
R17 := 73
R15[1,2] := R16,R17
R16 := {}
R17 := 11532
R18 := 73
R16[1,2] := R17,R18
R17 := {}
R18 := 0
R19 := 0
R17[1,2] := R18,R19
R8[1,2,3,4,5,6,7,8,9] := R9,R10,R11,R12,R13,R14,R15,R16,R17
R9 := {}
R10 := "던전이동스크롤1"
R11 := 19741
R12 := -1
R13 := "iz_dun02"
R14 := 350
R15 := 335
R16 := {}
R17 := 10457
R18 := 15
R16[1,2] := R17,R18
R17 := {}
R18 := 10984
R19 := 15
R17[1,2] := R18,R19
R18 := {}
R19 := 0
R20 := 0
R18[1,2] := R19,R20
R9[1,2,3,4,5,6,7,8,9] := R10,R11,R12,R13,R14,R15,R16,R17,R18
R10 := {}
R11 := "던전이동스크롤1"
R12 := 19742
R13 := -1
R14 := "tur_dun02"
R15 := 165
R16 := 30
R17 := {}
R18 := 10955
R19 := 246
R17[1,2] := R18,R19
R18 := {}
R19 := 10956
R20 := 246
R18[1,2] := R19,R20
R19 := {}
R20 := 0
R21 := 0
R19[1,2] := R20,R21
R10[1,2,3,4,5,6,7,8,9] := R11,R12,R13,R14,R15,R16,R17,R18,R19
R11 := {}
R12 := "던전이동스크롤1"
R13 := 19743
R14 := -1
R15 := "alde_dun03"
R16 := 275
R17 := 180
R18 := {}
R19 := 18136
R20 := 296
R18[1,2] := R19,R20
R19 := {}
R20 := 0
R21 := 0
R19[1,2] := R20,R21
R11[1,2,3,4,5,6,7,8] := R12,R13,R14,R15,R16,R17,R18,R19
R12 := {}
R13 := "던전이동스크롤1"
R14 := 19744
R15 := -1
R16 := "c_tower3"
R17 := 34
R18 := 42
R19 := {}
R20 := 18134
R21 := 266
R19[1,2] := R20,R21
R20 := {}
R21 := 0
R22 := 0
R20[1,2] := R21,R22
R12[1,2,3,4,5,6,7,8] := R13,R14,R15,R16,R17,R18,R19,R20
R13 := {}
R14 := "던전이동스크롤1"
R15 := 19745
R16 := -1
R17 := "gl_sew02"
R18 := 292
R19 := 295
R20 := {}
R21 := 18169
R22 := 865
R20[1,2] := R21,R22
R21 := {}
R22 := 18170
R23 := 865
R21[1,2] := R22,R23
R22 := {}
R23 := 18171
R24 := 865
R22[1,2] := R23,R24
R23 := {}
R24 := 18172
R25 := 865
R23[1,2] := R24,R25
R24 := {}
R25 := 18173
R26 := 865
R24[1,2] := R25,R26
R25 := {}
R26 := 18174
R27 := 865
R25[1,2] := R26,R27
R26 := {}
R27 := 0
R28 := 0
R26[1,2] := R27,R28
R13[1,2,3,4,5,6,7,8,9,10,11,12,13] := R14,R15,R16,R17,R18,R19,R20,R21,R22,R23,R24,R25,R26
R14 := {}
R15 := "던전이동스크롤1"
R16 := 19746
R17 := -1
R18 := "in_sphinx4"
R19 := 120
R20 := 120
R21 := {}
R22 := 10485
R23 := 471
R21[1,2] := R22,R23
R22 := {}
R23 := 10486
R24 := 471
R22[1,2] := R23,R24
R23 := {}
R24 := 0
R25 := 0
R23[1,2] := R24,R25
R14[1,2,3,4,5,6,7,8,9] := R15,R16,R17,R18,R19,R20,R21,R22,R23
R15 := {}
R16 := "던전이동스크롤1"
R17 := 19747
R18 := -1
R19 := "moc_pryd04"
R20 := 195
R21 := 4
R22 := {}
R23 := 11059
R24 := 216
R22[1,2] := R23,R24
R23 := {}
R24 := 11061
R25 := 216
R23[1,2] := R24,R25
R24 := {}
R25 := 11063
R26 := 216
R24[1,2] := R25,R26
R25 := {}
R26 := 11065
R27 := 216
R25[1,2] := R26,R27
R26 := {}
R27 := 0
R28 := 0
R26[1,2] := R27,R28
R15[1,2,3,4,5,6,7,8,9,10,11] := R16,R17,R18,R19,R20,R21,R22,R23,R24,R25,R26
R16 := {}
R17 := "던전이동스크롤1"
R18 := 19748
R19 := -1
R20 := "prt_sewb3"
R21 := 20
R22 := 175
R23 := {}
R24 := 10314
R25 := 530
R23[1,2] := R24,R25
R24 := {}
R25 := 10315
R26 := 530
R24[1,2] := R25,R26
R25 := {}
R26 := 0
R27 := 0
R25[1,2] := R26,R27
R16[1,2,3,4,5,6,7,8,9] := R17,R18,R19,R20,R21,R22,R23,R24,R25
R17 := {}
R18 := "던전이동스크롤1"
R19 := 19749
R20 := -1
R21 := "ama_dun01"
R22 := 222
R23 := 144
R24 := {}
R25 := 11421
R26 := 1298
R24[1,2] := R25,R26
R25 := {}
R26 := 11486
R27 := 1298
R25[1,2] := R26,R27
R26 := {}
R27 := 0
R28 := 0
R26[1,2] := R27,R28
R17[1,2,3,4,5,6,7,8,9] := R18,R19,R20,R21,R22,R23,R24,R25,R26
R18 := {}
R19 := "던전이동스크롤1"
R20 := 19750
R21 := -1
R22 := "lhz_dun01"
R23 := 19
R24 := 153
R25 := {}
R26 := 12664
R27 := 309
R25[1,2] := R26,R27
R26 := {}
R27 := 12665
R28 := 309
R26[1,2] := R27,R28
R27 := {}
R28 := 12666
R29 := 309
R27[1,2] := R28,R29
R28 := {}
R29 := 12730
R30 := 309
R28[1,2] := R29,R30
R29 := {}
R30 := 0
R31 := 0
R29[1,2] := R30,R31
R18[1,2,3,4,5,6,7,8,9,10,11] := R19,R20,R21,R22,R23,R24,R25,R26,R27,R28,R29
R19 := {}
R20 := "던전이동스크롤1"
R21 := 19751
R22 := -1
R23 := "ayo_dun02"
R24 := 70
R25 := 240
R26 := {}
R27 := 11980
R28 := 367
R26[1,2] := R27,R28
R27 := {}
R28 := 11981
R29 := 367
R27[1,2] := R28,R29
R28 := {}
R29 := 0
R30 := 0
R28[1,2] := R29,R30
R19[1,2,3,4,5,6,7,8,9] := R20,R21,R22,R23,R24,R25,R26,R27,R28
R20 := {}
R21 := "던전이동스크롤2"
R22 := 19752
R23 := -1
R24 := "thor_v02"
R25 := 77
R26 := 208
R27 := {}
R28 := 13247
R29 := 307
R27[1,2] := R28,R29
R28 := {}
R29 := 13272
R30 := 307
R28[1,2] := R29,R30
R29 := {}
R30 := 13370
R31 := 307
R29[1,2] := R30,R31
R30 := {}
R31 := 0
R32 := 0
R30[1,2] := R31,R32
R20[1,2,3,4,5,6,7,8,9,10] := R21,R22,R23,R24,R25,R26,R27,R28,R29,R30
R21 := {}
R22 := "던전이동스크롤2"
R23 := 19753
R24 := -1
R25 := "ra_fild01"
R26 := 237
R27 := 333
R28 := {}
R29 := 13107
R30 := 302
R28[1,2] := R29,R30
R29 := {}
R30 := 13163
R31 := 302
R29[1,2] := R30,R31
R30 := {}
R31 := 0
R32 := 0
R30[1,2] := R31,R32
R21[1,2,3,4,5,6,7,8,9] := R22,R23,R24,R25,R26,R27,R28,R29,R30
R22 := {}
R23 := "던전이동스크롤2"
R24 := 19754
R25 := -1
R26 := "ve_fild07"
R27 := 127
R28 := 131
R29 := {}
R30 := 13252
R31 := 376
R29[1,2] := R30,R31
R30 := {}
R31 := 0
R32 := 0
R30[1,2] := R31,R32
R22[1,2,3,4,5,6,7,8] := R23,R24,R25,R26,R27,R28,R29,R30
R23 := {}
R24 := "던전이동스크롤2"
R25 := 19755
R26 := -1
R27 := "niflheim"
R28 := 206
R29 := 179
R30 := {}
R31 := 11631
R32 := 188
R30[1,2] := R31,R32
R31 := {}
R32 := 11632
R33 := 188
R31[1,2] := R32,R33
R32 := {}
R33 := 11633
R34 := 188
R32[1,2] := R33,R34
R33 := {}
R34 := 11634
R35 := 188
R33[1,2] := R34,R35
R34 := {}
R35 := 11635
R36 := 188
R34[1,2] := R35,R36
R35 := {}
R36 := 11636
R37 := 188
R35[1,2] := R36,R37
R36 := {}
R37 := 11637
R38 := 188
R36[1,2] := R37,R38
R37 := {}
R38 := 11638
R39 := 188
R37[1,2] := R38,R39
R38 := {}
R39 := 0
R40 := 0
R38[1,2] := R39,R40
R23[1,2,3,4,5,6,7,8,9,10,11,12,13,14,15] := R24,R25,R26,R27,R28,R29,R30,R31,R32,R33,R34,R35,R36,R37,R38
R24 := {}
R25 := "던전이동스크롤2"
R26 := 19756
R27 := -1
R28 := "prt_maze02"
R29 := 100
R30 := 174
R31 := {}
R32 := 10678
R33 := 159
R31[1,2] := R32,R33
R32 := {}
R33 := 10679
R34 := 159
R32[1,2] := R33,R34
R33 := {}
R34 := 0
R35 := 0
R33[1,2] := R34,R35
R24[1,2,3,4,5,6,7,8,9] := R25,R26,R27,R28,R29,R30,R31,R32,R33
R25 := {}
R26 := "던전이동스크롤2"
R27 := 19757
R28 := -1
R29 := "jupe_cave"
R30 := 36
R31 := 54
R32 := {}
R33 := 12777
R34 := 8
R32[1,2] := R33,R34
R33 := {}
R34 := 0
R35 := 0
R33[1,2] := R34,R35
R25[1,2,3,4,5,6,7,8] := R26,R27,R28,R29,R30,R31,R32,R33
R26 := {}
R27 := "던전이동스크롤2"
R28 := 19758
R29 := -1
R30 := "anthell02"
R31 := 36
R32 := 265
R33 := {}
R34 := 10473
R35 := 7
R33[1,2] := R34,R35
R34 := {}
R35 := 19674
R36 := 7
R34[1,2] := R35,R36
R35 := {}
R36 := 0
R37 := 0
R35[1,2] := R36,R37
R26[1,2,3,4,5,6,7,8,9] := R27,R28,R29,R30,R31,R32,R33,R34,R35
R27 := {}
R28 := "던전이동스크롤2"
R29 := 19759
R30 := -1
R31 := "yuno_fild08"
R32 := 70
R33 := 171
R34 := {}
R35 := 10130
R36 := 226
R34[1,2] := R35,R36
R35 := {}
R36 := 10891
R37 := 226
R35[1,2] := R36,R37
R36 := {}
R37 := 10892
R38 := 226
R36[1,2] := R37,R38
R37 := {}
R38 := 10893
R39 := 226
R37[1,2] := R38,R39
R38 := {}
R39 := 10894
R40 := 226
R38[1,2] := R39,R40
R39 := {}
R40 := 10895
R41 := 226
R39[1,2] := R40,R41
R40 := {}
R41 := 10896
R42 := 226
R40[1,2] := R41,R42
R41 := {}
R42 := 0
R43 := 0
R41[1,2] := R42,R43
R27[1,2,3,4,5,6,7,8,9,10,11,12,13,14] := R28,R29,R30,R31,R32,R33,R34,R35,R36,R37,R38,R39,R40,R41
R28 := {}
R29 := "던전이동스크롤2"
R30 := 19760
R31 := -1
R32 := "hu_fild01"
R33 := 140
R34 := 160
R35 := {}
R36 := 12794
R37 := 279
R35[1,2] := R36,R37
R36 := {}
R37 := 12870
R38 := 279
R36[1,2] := R37,R38
R37 := {}
R38 := 0
R39 := 0
R37[1,2] := R38,R39
R28[1,2,3,4,5,6,7,8,9] := R29,R30,R31,R32,R33,R34,R35,R36,R37
R29 := {}
R30 := "던전이동스크롤2"
R31 := 19761
R32 := -1
R33 := "hu_fild05"
R34 := 168
R35 := 302
R36 := {}
R37 := 12796
R38 := 141
R36[1,2] := R37,R38
R37 := {}
R38 := 12872
R39 := 141
R37[1,2] := R38,R39
R38 := {}
R39 := 0
R40 := 0
R38[1,2] := R39,R40
R29[1,2,3,4,5,6,7,8,9] := R30,R31,R32,R33,R34,R35,R36,R37,R38
R30 := {}
R31 := "던전이동스크롤2"
R32 := 19762
R33 := -1
R34 := "ra_temple"
R35 := 117
R36 := 173
R37 := {}
R38 := 13100
R39 := 8
R37[1,2] := R38,R39
R38 := {}
R39 := 13118
R40 := 8
R38[1,2] := R39,R40
R39 := {}
R40 := 0
R41 := 0
R39[1,2] := R40,R41
R30[1,2,3,4,5,6,7,8,9] := R31,R32,R33,R34,R35,R36,R37,R38,R39
R31 := {}
R32 := "던전이동스크롤2"
R33 := 19763
R34 := -1
R35 := "odin_tem02"
R36 := 257
R37 := 374
R38 := {}
R39 := 12866
R40 := 541
R38[1,2] := R39,R40
R39 := {}
R40 := 12867
R41 := 541
R39[1,2] := R40,R41
R40 := {}
R41 := 12896
R42 := 541
R40[1,2] := R41,R42
R41 := {}
R42 := 12897
R43 := 541
R41[1,2] := R42,R43
R42 := {}
R43 := 0
R44 := 0
R42[1,2] := R43,R44
R31[1,2,3,4,5,6,7,8,9,10,11] := R32,R33,R34,R35,R36,R37,R38,R39,R40,R41,R42
R32 := {}
R33 := "NULL"
R34 := 0
R35 := 0
R36 := "NULL"
R37 := 0
R38 := 0
R32[1,2,3,4,5,6] := R33,R34,R35,R36,R37,R38
R0[1,2,3,4,5,6,7,8,9,10,11,12,13,14,15,16,17,18,19,20,21,22,23,24,25,26,27,28,29,30,31,32] := R1,R2,R3,R4,R5,R6,R7,R8,R9,R10,R11,R12,R13,R14,R15,R16,R17,R18,R19,R20,R21,R22,R23,R24,R25,R26,R27,R28,R29,R30,R31,R32
Navi_Scroll := R0
return 
