R0 := {}
R1 := {}
R2 := {}
R2["name"] := "카프라직원"
R2["X"] := 146
R2["Y"] := 89
R2["TYPE"] := 6
R3 := {}
R3["name"] := "카프라직원"
R3["X"] := 151
R3["Y"] := 29
R3["TYPE"] := 6
R4 := {}
R4["name"] := "카프라직원"
R4["X"] := 282
R4["Y"] := 200
R4["TYPE"] := 6
R5 := {}
R5["name"] := "카프라직원"
R5["X"] := 29
R5["Y"] := 207
R5["TYPE"] := 6
R6 := {}
R6["name"] := "카프라직원"
R6["X"] := 152
R6["Y"] := 326
R6["TYPE"] := 6
R7 := {}
R7["name"] := "안내원"
R7["X"] := 154
R7["Y"] := 187
R7["TYPE"] := 4
R8 := {}
R8["name"] := "안내원"
R8["X"] := 282
R8["Y"] := 208
R8["TYPE"] := 4
R9 := {}
R9["name"] := "안내원"
R9["X"] := 29
R9["Y"] := 200
R9["TYPE"] := 4
R10 := {}
R10["name"] := "안내원"
R10["X"] := 160
R10["Y"] := 29
R10["TYPE"] := 4
R11 := {}
R11["name"] := "안내원"
R11["X"] := 151
R11["Y"] := 330
R11["TYPE"] := 4
R12 := {}
R12["name"] := "도구점"
R12["X"] := 134
R12["Y"] := 221
R12["TYPE"] := 0
R13 := {}
R13["name"] := "무기점"
R13["X"] := 175
R13["Y"] := 220
R13["TYPE"] := 1
R14 := {}
R14["name"] := "대장간"
R14["X"] := 179
R14["Y"] := 184
R14["TYPE"] := 3
R15 := {}
R15["name"] := "여관"
R15["X"] := 204
R15["Y"] := 191
R15["TYPE"] := 5
R16 := {}
R16["name"] := "여관"
R16["X"] := 107
R16["Y"] := 218
R16["TYPE"] := 5
R1[1,2,3,4,5,6,7,8,9,10,11,12,13,14,15] := R2,R3,R4,R5,R6,R7,R8,R9,R10,R11,R12,R13,R14,R15,R16
R0["prontera"] := R1
R1 := {}
R2 := {}
R2["name"] := "카프라직원"
R2["X"] := 290
R2["Y"] := 224
R2["TYPE"] := 6
R3 := {}
R3["name"] := "도구점"
R3["X"] := 290
R3["Y"] := 221
R3["TYPE"] := 0
R1[1,2] := R2,R3
R0["prt_fild05"] := R1
R1 := {}
R2 := {}
R2["name"] := "카프라직원"
R2["X"] := 128
R2["Y"] := 148
R2["TYPE"] := 6
R3 := {}
R3["name"] := "안내원"
R3["X"] := 129
R3["Y"] := 175
R3["TYPE"] := 4
R4 := {}
R4["name"] := "안내원"
R4["X"] := 133
R4["Y"] := 113
R4["TYPE"] := 4
R5 := {}
R5["name"] := "안내원"
R5["X"] := 120
R5["Y"] := 206
R5["TYPE"] := 4
R6 := {}
R6["name"] := "상점"
R6["X"] := 108
R6["Y"] := 179
R6["TYPE"] := 0
R7 := {}
R7["name"] := "대장간"
R7["X"] := 162
R7["Y"] := 125
R7["TYPE"] := 3
R1[1,2,3,4,5,6] := R2,R3,R4,R5,R6,R7
R0["izlude"] := R1
R1 := {}
R2 := {}
R2["name"] := "카프라직원"
R2["X"] := 120
R2["Y"] := 62
R2["TYPE"] := 6
R3 := {}
R3["name"] := "카프라직원"
R3["X"] := 203
R3["Y"] := 123
R3["TYPE"] := 6
R4 := {}
R4["name"] := "안내원"
R4["X"] := 203
R4["Y"] := 116
R4["TYPE"] := 4
R5 := {}
R5["name"] := "안내원"
R5["X"] := 118
R5["Y"] := 62
R5["TYPE"] := 4
R6 := {}
R6["name"] := "안내원"
R6["X"] := 36
R6["Y"] := 123
R6["TYPE"] := 4
R7 := {}
R7["name"] := "안내원"
R7["X"] := 123
R7["Y"] := 203
R7["TYPE"] := 4
R8 := {}
R8["name"] := "도구점"
R8["X"] := 44
R8["Y"] := 86
R8["TYPE"] := 0
R9 := {}
R9["name"] := "무기점"
R9["X"] := 99
R9["Y"] := 140
R9["TYPE"] := 1
R10 := {}
R10["name"] := "대장간"
R10["X"] := 182
R10["Y"] := 59
R10["TYPE"] := 3
R11 := {}
R11["name"] := "여관"
R11["X"] := 172
R11["Y"] := 174
R11["TYPE"] := 5
R1[1,2,3,4,5,6,7,8,9,10] := R2,R3,R4,R5,R6,R7,R8,R9,R10,R11
R0["geffen"] := R1
R1 := {}
R2 := {}
R2["name"] := "카프라직원"
R2["X"] := 143
R2["Y"] := 119
R2["TYPE"] := 6
R3 := {}
R3["name"] := "안내원"
R3["X"] := 139
R3["Y"] := 63
R3["TYPE"] := 4
R4 := {}
R4["name"] := "안내원"
R4["X"] := 243
R4["Y"] := 143
R4["TYPE"] := 4
R5 := {}
R5["name"] := "안내원"
R5["X"] := 135
R5["Y"] := 243
R5["TYPE"] := 4
R6 := {}
R6["name"] := "안내원"
R6["X"] := 36
R6["Y"] := 135
R6["TYPE"] := 4
R7 := {}
R7["name"] := "도구점"
R7["X"] := 197
R7["Y"] := 70
R7["TYPE"] := 0
R8 := {}
R8["name"] := "무기점"
R8["X"] := 72
R8["Y"] := 197
R8["TYPE"] := 1
R1[1,2,3,4,5,6,7] := R2,R3,R4,R5,R6,R7,R8
R0["aldebaran"] := R1
R1 := {}
R2 := {}
R2["name"] := "카프라직원"
R2["X"] := 181
R2["Y"] := 104
R2["TYPE"] := 6
R3 := {}
R3["name"] := "카프라직원"
R3["X"] := 175
R3["Y"] := 226
R3["TYPE"] := 6
R4 := {}
R4["name"] := "안내원"
R4["X"] := 160
R4["Y"] := 67
R4["TYPE"] := 4
R5 := {}
R5["name"] := "안내원"
R5["X"] := 151
R5["Y"] := 182
R5["TYPE"] := 4
R6 := {}
R6["name"] := "안내원"
R6["X"] := 221
R6["Y"] := 85
R6["TYPE"] := 4
R7 := {}
R7["name"] := "안내원"
R7["X"] := 233
R7["Y"] := 324
R7["TYPE"] := 4
R8 := {}
R8["name"] := "도구점"
R8["X"] := 144
R8["Y"] := 85
R8["TYPE"] := 0
R9 := {}
R9["name"] := "무기점"
R9["X"] := 139
R9["Y"] := 159
R9["TYPE"] := 1
R10 := {}
R10["name"] := "대장간"
R10["X"] := 144
R10["Y"] := 173
R10["TYPE"] := 3
R11 := {}
R11["name"] := "여관"
R11["X"] := 220
R11["Y"] := 117
R11["TYPE"] := 5
R1[1,2,3,4,5,6,7,8,9,10] := R2,R3,R4,R5,R6,R7,R8,R9,R10,R11
R0["payon"] := R1
R1 := {}
R2 := {}
R2["name"] := "카프라직원"
R2["X"] := 55
R2["Y"] := 123
R2["TYPE"] := 6
R3 := {}
R3["name"] := "안내원"
R3["X"] := 86
R3["Y"] := 33
R3["TYPE"] := 4
R4 := {}
R4["name"] := "도구점"
R4["X"] := 71
R4["Y"] := 156
R4["TYPE"] := 0
R1[1,2,3] := R2,R3,R4
R0["pay_arche"] := R1
R1 := {}
R2 := {}
R2["name"] := "카프라직원"
R2["X"] := 160
R2["Y"] := 258
R2["TYPE"] := 6
R3 := {}
R3["name"] := "카프라직원"
R3["X"] := 156
R3["Y"] := 97
R3["TYPE"] := 6
R4 := {}
R4["name"] := "안내원"
R4["X"] := 153
R4["Y"] := 286
R4["TYPE"] := 4
R5 := {}
R5["name"] := "안내원"
R5["X"] := 154
R5["Y"] := 38
R5["TYPE"] := 4
R6 := {}
R6["name"] := "안내원"
R6["X"] := 296
R6["Y"] := 213
R6["TYPE"] := 4
R7 := {}
R7["name"] := "안내원"
R7["X"] := 28
R7["Y"] := 170
R7["TYPE"] := 4
R8 := {}
R8["name"] := "무기점"
R8["X"] := 253
R8["Y"] := 56
R8["TYPE"] := 1
R9 := {}
R9["name"] := "대장간"
R9["X"] := 47
R9["Y"] := 47
R9["TYPE"] := 3
R10 := {}
R10["name"] := "여관"
R10["X"] := 197
R10["Y"] := 66
R10["TYPE"] := 5
R11 := {}
R11["name"] := "여관"
R11["X"] := 273
R11["Y"] := 269
R11["TYPE"] := 5
R1[1,2,3,4,5,6,7,8,9,10] := R2,R3,R4,R5,R6,R7,R8,R9,R10,R11
R0["morocc"] := R1
R1 := {}
R2 := {}
R2["name"] := "카프라직원"
R2["X"] := 59
R2["Y"] := 157
R2["TYPE"] := 6
R3 := {}
R3["name"] := "안내원"
R3["X"] := 159
R3["Y"] := 53
R3["TYPE"] := 4
R4 := {}
R4["name"] := "안내원"
R4["X"] := 70
R4["Y"] := 164
R4["TYPE"] := 4
R5 := {}
R5["name"] := "안내원"
R5["X"] := 65
R5["Y"] := 44
R5["TYPE"] := 4
R6 := {}
R6["name"] := "도구점"
R6["X"] := 91
R6["Y"] := 128
R6["TYPE"] := 0
R7 := {}
R7["name"] := "도구점"
R7["X"] := 114
R7["Y"] := 63
R7["TYPE"] := 0
R1[1,2,3,4,5,6] := R2,R3,R4,R5,R6,R7
R0["moc_ruins"] := R1
R1 := {}
R2 := {}
R2["name"] := "카프라직원"
R2["X"] := 28
R2["Y"] := 229
R2["TYPE"] := 6
R3 := {}
R3["name"] := "카프라직원"
R3["X"] := 113
R3["Y"] := 60
R3["TYPE"] := 6
R4 := {}
R4["name"] := "안내원"
R4["X"] := 23
R4["Y"] := 238
R4["TYPE"] := 4
R5 := {}
R5["name"] := "안내원"
R5["X"] := 184
R5["Y"] := 143
R5["TYPE"] := 4
R6 := {}
R6["name"] := "안내원"
R6["X"] := 120
R6["Y"] := 60
R6["TYPE"] := 4
R7 := {}
R7["name"] := "도구점"
R7["X"] := 98
R7["Y"] := 154
R7["TYPE"] := 0
R8 := {}
R8["name"] := "무기점"
R8["X"] := 117
R8["Y"] := 37
R8["TYPE"] := 1
R9 := {}
R9["name"] := "대장간"
R9["X"] := 35
R9["Y"] := 41
R9["TYPE"] := 3
R10 := {}
R10["name"] := "여관"
R10["X"] := 65
R10["Y"] := 233
R10["TYPE"] := 5
R1[1,2,3,4,5,6,7,8,9] := R2,R3,R4,R5,R6,R7,R8,R9,R10
R0["alberta"] := R1
R1 := {}
R2 := {}
R2["name"] := "카프라직원"
R2["X"] := 327
R2["Y"] := 108
R2["TYPE"] := 6
R3 := {}
R3["name"] := "카프라직원"
R3["X"] := 277
R3["Y"] := 221
R3["TYPE"] := 6
R4 := {}
R4["name"] := "카프라직원"
R4["X"] := 152
R4["Y"] := 187
R4["TYPE"] := 6
R5 := {}
R5["name"] := "안내원"
R5["X"] := 153
R5["Y"] := 47
R5["TYPE"] := 4
R6 := {}
R6["name"] := "안내원"
R6["X"] := 59
R6["Y"] := 212
R6["TYPE"] := 4
R7 := {}
R7["name"] := "도구점"
R7["X"] := 193
R7["Y"] := 142
R7["TYPE"] := 0
R8 := {}
R8["name"] := "대장간"
R8["X"] := 120
R8["Y"] := 138
R8["TYPE"] := 3
R1[1,2,3,4,5,6,7] := R2,R3,R4,R5,R6,R7,R8
R0["yuno"] := R1
R1 := {}
R2 := {}
R2["name"] := "카프라직원"
R2["X"] := 195
R2["Y"] := 150
R2["TYPE"] := 6
R3 := {}
R3["name"] := "안내원"
R3["X"] := 322
R3["Y"] := 178
R3["TYPE"] := 4
R4 := {}
R4["name"] := "안내원"
R4["X"] := 197
R4["Y"] := 149
R4["TYPE"] := 4
R5 := {}
R5["name"] := "안내원"
R5["X"] := 37
R5["Y"] := 219
R5["TYPE"] := 4
R6 := {}
R6["name"] := "안내원"
R6["X"] := 181
R6["Y"] := 347
R6["TYPE"] := 4
R7 := {}
R7["name"] := "도구점"
R7["X"] := 86
R7["Y"] := 128
R7["TYPE"] := 0
R8 := {}
R8["name"] := "무기점"
R8["X"] := 266
R8["Y"] := 70
R8["TYPE"] := 1
R1[1,2,3,4,5,6,7] := R2,R3,R4,R5,R6,R7,R8
R0["comodo"] := R1
R1 := {}
R2 := {}
R2["name"] := "카프라직원"
R2["X"] := 59
R2["Y"] := 203
R2["TYPE"] := 6
R3 := {}
R3["name"] := "카프라직원"
R3["X"] := 242
R3["Y"] := 205
R3["TYPE"] := 6
R4 := {}
R4["name"] := "안내원"
R4["X"] := 72
R4["Y"] := 202
R4["TYPE"] := 4
R5 := {}
R5["name"] := "안내원"
R5["X"] := 155
R5["Y"] := 43
R5["TYPE"] := 4
R6 := {}
R6["name"] := "안내원"
R6["X"] := 252
R6["Y"] := 320
R6["TYPE"] := 4
R7 := {}
R7["name"] := "안내원"
R7["X"] := 162
R7["Y"] := 317
R7["TYPE"] := 4
R8 := {}
R8["name"] := "무기점"
R8["X"] := 215
R8["Y"] := 221
R8["TYPE"] := 1
R9 := {}
R9["name"] := "대장간"
R9["X"] := 244
R9["Y"] := 90
R9["TYPE"] := 3
R10 := {}
R10["name"] := "여관"
R10["X"] := 260
R10["Y"] := 201
R10["TYPE"] := 5
R1[1,2,3,4,5,6,7,8,9] := R2,R3,R4,R5,R6,R7,R8,R9,R10
R0["einbroch"] := R1
R1 := {}
R2 := {}
R2["name"] := "카프라직원"
R2["X"] := 181
R2["Y"] := 132
R2["TYPE"] := 6
R3 := {}
R3["name"] := "안내원"
R3["X"] := 67
R3["Y"] := 37
R3["TYPE"] := 4
R4 := {}
R4["name"] := "안내원"
R4["X"] := 48
R4["Y"] := 214
R4["TYPE"] := 4
R5 := {}
R5["name"] := "도구점"
R5["X"] := 176
R5["Y"] := 136
R5["TYPE"] := 0
R1[1,2,3,4] := R2,R3,R4,R5
R0["einbech"] := R1
R1 := {}
R2 := {}
R2["name"] := "카프라직원"
R2["X"] := 191
R2["Y"] := 320
R2["TYPE"] := 6
R3 := {}
R3["name"] := "카프라직원"
R3["X"] := 164
R3["Y"] := 100
R3["TYPE"] := 6
R4 := {}
R4["name"] := "카프라직원"
R4["X"] := 94
R4["Y"] := 248
R4["TYPE"] := 6
R5 := {}
R5["name"] := "안내원"
R5["X"] := 207
R5["Y"] := 310
R5["TYPE"] := 4
R6 := {}
R6["name"] := "안내원"
R6["X"] := 220
R6["Y"] := 311
R6["TYPE"] := 4
R7 := {}
R7["name"] := "안내원"
R7["X"] := 154
R7["Y"] := 100
R7["TYPE"] := 4
R8 := {}
R8["name"] := "안내원"
R8["X"] := 247
R8["Y"] := 82
R8["TYPE"] := 4
R9 := {}
R9["name"] := "안내원"
R9["X"] := 307
R9["Y"] := 224
R9["TYPE"] := 4
R10 := {}
R10["name"] := "도구점"
R10["X"] := 199
R10["Y"] := 163
R10["TYPE"] := 0
R11 := {}
R11["name"] := "도구점"
R11["X"] := 324
R11["Y"] := 301
R11["TYPE"] := 0
R12 := {}
R12["name"] := "여관"
R12["X"] := 159
R12["Y"] := 133
R12["TYPE"] := 5
R1[1,2,3,4,5,6,7,8,9,10,11] := R2,R3,R4,R5,R6,R7,R8,R9,R10,R11,R12
R0["lighthalzen"] := R1
R1 := {}
R2 := {}
R2["name"] := "카프라직원"
R2["X"] := 88
R2["Y"] := 168
R2["TYPE"] := 6
R3 := {}
R3["name"] := "안내원"
R3["X"] := 98
R3["Y"] := 56
R3["TYPE"] := 4
R4 := {}
R4["name"] := "안내원"
R4["X"] := 187
R4["Y"] := 172
R4["TYPE"] := 4
R5 := {}
R5["name"] := "도구점"
R5["X"] := 93
R5["Y"] := 167
R5["TYPE"] := 0
R6 := {}
R6["name"] := "무기점"
R6["X"] := 70
R6["Y"] := 158
R6["TYPE"] := 1
R7 := {}
R7["name"] := "여관"
R7["X"] := 104
R7["Y"] := 79
R7["TYPE"] := 5
R1[1,2,3,4,5,6] := R2,R3,R4,R5,R6,R7
R0["hugel"] := R1
R1 := {}
R2 := {}
R2["name"] := "카프라직원"
R2["X"] := 109
R2["Y"] := 138
R2["TYPE"] := 6
R3 := {}
R3["name"] := "안내원"
R3["X"] := 138
R3["Y"] := 146
R3["TYPE"] := 4
R4 := {}
R4["name"] := "도구점"
R4["X"] := 83
R4["Y"] := 78
R4["TYPE"] := 0
R5 := {}
R5["name"] := "무기점"
R5["X"] := 42
R5["Y"] := 87
R5["TYPE"] := 1
R6 := {}
R6["name"] := "여관"
R6["X"] := 115
R6["Y"] := 149
R6["TYPE"] := 5
R1[1,2,3,4,5] := R2,R3,R4,R5,R6
R0["rachel"] := R1
R1 := {}
R2 := {}
R2["name"] := "카프라직원"
R2["X"] := 208
R2["Y"] := 128
R2["TYPE"] := 6
R3 := {}
R3["name"] := "안내원"
R3["X"] := 210
R3["Y"] := 345
R3["TYPE"] := 4
R4 := {}
R4["name"] := "안내원"
R4["X"] := 189
R4["Y"] := 101
R4["TYPE"] := 4
R5 := {}
R5["name"] := "도구점"
R5["X"] := 230
R5["Y"] := 165
R5["TYPE"] := 0
R6 := {}
R6["name"] := "무기점"
R6["X"] := 149
R6["Y"] := 184
R6["TYPE"] := 1
R7 := {}
R7["name"] := "여관"
R7["X"] := 131
R7["Y"] := 280
R7["TYPE"] := 5
R1[1,2,3,4,5,6] := R2,R3,R4,R5,R6,R7
R0["veins"] := R1
R1 := {}
R2 := {}
R2["name"] := "카프라직원"
R2["X"] := 197
R2["Y"] := 221
R2["TYPE"] := 6
R3 := {}
R3["name"] := "안내원"
R3["X"] := 219
R3["Y"] := 97
R3["TYPE"] := 4
R4 := {}
R4["name"] := "도구점"
R4["X"] := 252
R4["Y"] := 257
R4["TYPE"] := 0
R5 := {}
R5["name"] := "무기점"
R5["X"] := 244
R5["Y"] := 243
R5["TYPE"] := 1
R6 := {}
R6["name"] := "여관"
R6["X"] := 274
R6["Y"] := 151
R6["TYPE"] := 5
R1[1,2,3,4,5] := R2,R3,R4,R5,R6
R0["brasilis"] := R1
R1 := {}
R2 := {}
R2["name"] := "카프라직원"
R2["X"] := 202
R2["Y"] := 184
R2["TYPE"] := 6
R3 := {}
R3["name"] := "안내원"
R3["X"] := 202
R3["Y"] := 106
R3["TYPE"] := 4
R4 := {}
R4["name"] := "안내원"
R4["X"] := 197
R4["Y"] := 184
R4["TYPE"] := 4
R5 := {}
R5["name"] := "도구점"
R5["X"] := 182
R5["Y"] := 164
R5["TYPE"] := 0
R6 := {}
R6["name"] := "무기점"
R6["X"] := 218
R6["Y"] := 164
R6["TYPE"] := 1
R7 := {}
R7["name"] := "방어구점"
R7["X"] := 158
R7["Y"] := 182
R7["TYPE"] := 2
R1[1,2,3,4,5,6] := R2,R3,R4,R5,R6,R7
R0["dewata"] := R1
R1 := {}
R2 := {}
R2["name"] := "카프라직원"
R2["X"] := 71
R2["Y"] := 79
R2["TYPE"] := 6
R3 := {}
R3["name"] := "카프라직원"
R3["X"] := 234
R3["Y"] := 204
R3["TYPE"] := 6
R4 := {}
R4["name"] := "안내원"
R4["X"] := 71
R4["Y"] := 72
R4["TYPE"] := 4
R5 := {}
R5["name"] := "안내원"
R5["X"] := 250
R5["Y"] := 83
R5["TYPE"] := 4
R6 := {}
R6["name"] := "안내원"
R6["X"] := 224
R6["Y"] := 204
R6["TYPE"] := 4
R7 := {}
R7["name"] := "도구점"
R7["X"] := 298
R7["Y"] := 167
R7["TYPE"] := 0
R8 := {}
R8["name"] := "무기점"
R8["X"] := 114
R8["Y"] := 212
R8["TYPE"] := 1
R9 := {}
R9["name"] := "여관"
R9["X"] := 178
R9["Y"] := 211
R9["TYPE"] := 5
R1[1,2,3,4,5,6,7,8] := R2,R3,R4,R5,R6,R7,R8,R9
R0["malaya"] := R1
R1 := {}
R2 := {}
R2["name"] := "카프라직원"
R2["X"] := 210
R2["Y"] := 104
R2["TYPE"] := 6
R3 := {}
R3["name"] := "안내원"
R3["X"] := 224
R3["Y"] := 104
R3["TYPE"] := 4
R4 := {}
R4["name"] := "도구점"
R4["X"] := 135
R4["Y"] := 98
R4["TYPE"] := 0
R5 := {}
R5["name"] := "무기점"
R5["X"] := 145
R5["Y"] := 172
R5["TYPE"] := 1
R1[1,2,3,4] := R2,R3,R4,R5
R0["louyang"] := R1
R1 := {}
R2 := {}
R2["name"] := "카프라직원"
R2["X"] := 212
R2["Y"] := 169
R2["TYPE"] := 6
R3 := {}
R3["name"] := "안내원"
R3["X"] := 203
R3["Y"] := 169
R3["TYPE"] := 4
R4 := {}
R4["name"] := "안내원"
R4["X"] := 146
R4["Y"] := 86
R4["TYPE"] := 4
R5 := {}
R5["name"] := "도구점"
R5["X"] := 131
R5["Y"] := 86
R5["TYPE"] := 0
R6 := {}
R6["name"] := "무기점"
R6["X"] := 165
R6["Y"] := 90
R6["TYPE"] := 1
R1[1,2,3,4,5] := R2,R3,R4,R5,R6
R0["ayothaya"] := R1
R1 := {}
R2 := {}
R2["name"] := "카프라직원"
R2["X"] := 223
R2["Y"] := 191
R2["TYPE"] := 6
R3 := {}
R3["name"] := "안내원"
R3["X"] := 161
R3["Y"] := 76
R3["TYPE"] := 4
R4 := {}
R4["name"] := "도구점"
R4["X"] := 223
R4["Y"] := 174
R4["TYPE"] := 0
R5 := {}
R5["name"] := "무기점"
R5["X"] := 185
R5["Y"] := 185
R5["TYPE"] := 1
R6 := {}
R6["name"] := "여관"
R6["X"] := 229
R6["Y"] := 208
R6["TYPE"] := 5
R1[1,2,3,4,5] := R2,R3,R4,R5,R6
R0["moscovia"] := R1
R1 := {}
R2 := {}
R2["name"] := "카프라직원"
R2["X"] := 102
R2["Y"] := 149
R2["TYPE"] := 6
R3 := {}
R3["name"] := "안내원"
R3["X"] := 202
R3["Y"] := 91
R3["TYPE"] := 4
R4 := {}
R4["name"] := "도구점"
R4["X"] := 96
R4["Y"] := 118
R4["TYPE"] := 0
R5 := {}
R5["name"] := "무기점"
R5["X"] := 129
R5["Y"] := 117
R5["TYPE"] := 1
R1[1,2,3,4] := R2,R3,R4,R5
R0["amatsu"] := R1
R1 := {}
R2 := {}
R2["name"] := "카프라직원"
R2["X"] := 159
R2["Y"] := 122
R2["TYPE"] := 6
R3 := {}
R3["name"] := "안내원"
R3["X"] := 163
R3["Y"] := 60
R3["TYPE"] := 4
R4 := {}
R4["name"] := "도구점"
R4["X"] := 147
R4["Y"] := 84
R4["TYPE"] := 0
R5 := {}
R5["name"] := "무기점"
R5["X"] := 174
R5["Y"] := 101
R5["TYPE"] := 1
R6 := {}
R6["name"] := "방어구점"
R6["X"] := 173
R6["Y"] := 84
R6["TYPE"] := 2
R1[1,2,3,4,5] := R2,R3,R4,R5,R6
R0["gonryun"] := R1
R1 := {}
R2 := {}
R2["name"] := "카프라직원"
R2["X"] := 87
R2["Y"] := 160
R2["TYPE"] := 6
R3 := {}
R3["name"] := "안내원"
R3["X"] := 128
R3["Y"] := 94
R3["TYPE"] := 4
R4 := {}
R4["name"] := "도구점"
R4["X"] := 136
R4["Y"] := 127
R4["TYPE"] := 0
R5 := {}
R5["name"] := "무기점"
R5["X"] := 126
R5["Y"] := 154
R5["TYPE"] := 1
R1[1,2,3,4] := R2,R3,R4,R5
R0["umbala"] := R1
R1 := {}
R2 := {}
R2["name"] := "카프라직원"
R2["X"] := 202
R2["Y"] := 180
R2["TYPE"] := 6
R3 := {}
R3["name"] := "안내원"
R3["X"] := 201
R3["Y"] := 187
R3["TYPE"] := 4
R4 := {}
R4["name"] := "도구점"
R4["X"] := 217
R4["Y"] := 196
R4["TYPE"] := 0
R5 := {}
R5["name"] := "무기점"
R5["X"] := 216
R5["Y"] := 171
R5["TYPE"] := 1
R1[1,2,3,4] := R2,R3,R4,R5
R0["niflheim"] := R1
R1 := {}
R2 := {}
R2["name"] := "카프라직원"
R2["X"] := 106
R2["Y"] := 58
R2["TYPE"] := 6
R1[1] := R2
R0["izlu2dun"] := R1
R1 := {}
R2 := {}
R2["name"] := "카프라직원"
R2["X"] := 59
R2["Y"] := 69
R2["TYPE"] := 6
R1[1] := R2
R0["alb2trea"] := R1
R1 := {}
R2 := {}
R2["name"] := "카프라직원"
R2["X"] := 82
R2["Y"] := 362
R2["TYPE"] := 6
R1[1] := R2
R0["mjolnir_02"] := R1
R1 := {}
R2 := {}
R2["name"] := "카프라직원"
R2["X"] := 73
R2["Y"] := 340
R2["TYPE"] := 6
R1[1] := R2
R0["gef_fild10"] := R1
R1 := {}
R2 := {}
R2["name"] := "카프라직원"
R2["X"] := 136
R2["Y"] := 106
R2["TYPE"] := 6
R3 := {}
R3["name"] := "안내원"
R3["X"] := 189
R3["Y"] := 191
R3["TYPE"] := 4
R1[1,2] := R2,R3
R0["dicastes01"] := R1
R1 := {}
R2 := {}
R2["name"] := "카프라직원"
R2["X"] := 184
R2["Y"] := 138
R2["TYPE"] := 6
R3 := {}
R3["name"] := "안내원"
R3["X"] := 218
R3["Y"] := 101
R3["TYPE"] := 4
R4 := {}
R4["name"] := "도구점"
R4["X"] := 232
R4["Y"] := 163
R4["TYPE"] := 0
R5 := {}
R5["name"] := "여관"
R5["X"] := 147
R5["Y"] := 120
R5["TYPE"] := 5
R1[1,2,3,4] := R2,R3,R4,R5
R0["malangdo"] := R1
R1 := {}
R2 := {}
R2["name"] := "안내원"
R2["X"] := 140
R2["Y"] := 137
R2["TYPE"] := 4
R3 := {}
R3["name"] := "도구점"
R3["X"] := 122
R3["Y"] := 131
R3["TYPE"] := 0
R4 := {}
R4["name"] := "무기점"
R4["X"] := 171
R4["Y"] := 158
R4["TYPE"] := 1
R1[1,2,3] := R2,R3,R4
R0["xmas"] := R1
mapNPCInfoTable := R0
R0 := closure(Function #0)
main := R0
return 


; Function #0:
;
; Name:            
; Defined at line: 1305
; #Upvalues:       0
; #Parameters:     0
; Is_vararg:       0
; Max Stack Size:  16
;
; Locals:
; Start PC |  End PC  | Name
; 00000003 | 0000001b | (for generator)
; 00000003 | 0000001b | (for state)
; 00000003 | 0000001b | (for control)
; 00000004 | 00000019 | mapName
; 00000004 | 00000019 | info
; 00000007 | 00000019 | (for generator)
; 00000007 | 00000019 | (for state)
; 00000007 | 00000019 | (for control)
; 00000008 | 00000017 | k
; 00000008 | 00000017 | v
;
; No upvalues

R0 := pairs
R1 := mapNPCInfoTable
R0,R1,R2 := R0(R1)
PC := 26
R5 := pairs
R6 := R4
R5,R6,R7 := R5(R6)
PC := 24
R10 := AddTownInfo
R11 := R3
R12 := R9["name"]
R13 := R9["X"]
R14 := R9["Y"]
R15 := R9["TYPE"]
R10,R11 := R10(R11,R12,R13,R14,R15)
msg := R11
result := R10
R10 := result
if R10 then PC := 24
 20 [1310]: JMP       24
R10 := false
R11 := msg
return R10,R11
R8,R9 := R5(R6,R7); if R8 ~= nil then begin PC = 9; R7 := R8 end
 25 [1310]: JMP       9
R3,R4 := R0(R1,R2); if R3 ~= nil then begin PC = 5; R2 := R3 end
 27 [1311]: JMP       5
R0 := true
R1 := "good"
return R0,R1
return 
