R0 := {}
R0["HELP"] := -1
R0["TIERA"] := 11
R0["FLAVIUS"] := 21
R0["KVM"] := 31
BATTLE_FIELD_ID := R0
R0 := {}
R1 := BATTLE_FIELD_ID
R1 := R1["FLAVIUS"]
R0[R1] := "Flavian_Help"
R1 := BATTLE_FIELD_ID
R1 := R1["TIERA"]
R0[R1] := "Tiera_Help"
R1 := BATTLE_FIELD_ID
R1 := R1["KVM"]
R0[R1] := "Kvm_Help"
BATTLE_FIELD_NAME := R0
R0 := {}
R1 := BATTLE_FIELD_ID
R1 := R1["HELP"]
R2 := {}
R3 := "[설정]"
R4 := "^0000FF1. 아이콘 표시^000000"
R5 := " 그래픽 설정 창을 통해"
R6 := " 기본 정보 창 하단의 battle 아이콘을"
R7 := " 켜거나 끌 수 있습니다."
R8 := ""
R9 := "^0000FF2. 단축키 설정^000000"
R10 := " 단축키 설정 창의 인터페이스 탭에서"
R11 := " 전장 입장 설정 창에 대한"
R12 := " 단축키를 설정할 수 있습니다."
R13 := ""
R14 := "^0000FF3. 명령어 사용^000000"
R15 := " ^FF0000/btg, /전장아이콘^000000"
R16 := "  :battle 아이콘의 On, Off"
R17 := " ^FF0000/btst, /전장설정^000000"
R18 := "  :전장 입장 설정 창의 On, Off"
R19 := ""
R20 := ""
R21 := "[기능 안내]"
R22 := "^0000FF1. 전장에 대한 정보 보기^000000"
R23 := " 전장 입장 설정 창에서,"
R24 := " 전장의 명칭이 표기된 단추를 클릭하여"
R25 := " 전장에 대한 정보를 확인할 수 있습니다."
R26 := ""
R27 := "^0000FF2. 신청 방법^000000"
R28 := " 원하는 진영의 신청 단추를 클릭합니다."
R29 := ""
R30 := "^0000FF3. 대기 상태 확인^000000"
R31 := " 전장의 대기열 보기 단추를 클릭하여"
R32 := " 해당 전장에 대한 대기 상태를"
R33 := " 확인할 수 있습니다."
R34 := ""
R35 := ""
R36 := "[예외 사항]"
R37 := "^0000FF1. 전장 신청이 ^FF0000불가능^^0000FF한 상황^000000"
R38 := " - 이미 전장을 진행 중일 때"
R39 := " - 공성 전투 지역에 있을 때"
R40 := " - 메모리얼 던전 내에 있을 때"
R41 := " - 캐릭터가 사망 상태일 때"
R42 := ""
R43 := "^0000FF2. 입장 및 신청이 ^FF0000취소^^0000FF될 수 있는 상황^000000"
R44 := " - 전장에 입장할 차례에 캐릭터가 사망"
R45 := " - 이미 다른 전장을 진행 중일 때"
R46 := " - 공성 전투 지역에 있을 때"
R47 := " - 메모리얼 던전 내에 있을 때"
R48 := " - 게임을 실행 중이지 않을 때"
R49 := ""
R50 := "^0000FF3. 전장 이동이 ^^FF0000보류^^0000FF되는 상황^000000"
R51 := " 전장으로의 공간 이동이"
R52 := " 잠시 동안 보류될 수 있습니다."
R2[1,2,3,4,5,6,7,8,9,10,11,12,13,14,15,16,17,18,19,20,21,22,23,24,25,26,27,28,29,30,31,32,33,34,35,36,37,38,39,40,41,42,43,44,45,46,47,48,49,50] := R3,R4,R5,R6,R7,R8,R9,R10,R11,R12,R13,R14,R15,R16,R17,R18,R19,R20,R21,R22,R23,R24,R25,R26,R27,R28,R29,R30,R31,R32,R33,R34,R35,R36,R37,R38,R39,R40,R41,R42,R43,R44,R45,R46,R47,R48,R49,R50,R51,R52
R3 := " 이는 일부 참가자의 상태가"
R4 := " 불안정하기 때문입니다."
R5 := " 조금 더 기다리면 보류 상태가"
R6 := " 해제되고 전장으로 이동될 것입니다."
R7 := ""
R8 := ""
R9 := "[전장 플레이에 대한 보상]"
R10 := "^0000FF1. 포인트^000000"
R11 := " 하나의 전장을 완수할 경우"
R12 := " 승패에 따라 ^FF0000일정량의 포인트^000000를"
R13 := " 얻을 수 있습니다."
R14 := " 누적된 포인트를 소모하여"
R15 := " 다양한 아이템을 구할 수 있습니다."
R16 := ""
R17 := "^0000FF2. 포인트와 아이템 교환^000000"
R18 := " 마롤 전장 모병관을 통해"
R19 := " 전장 대기소로 이동하세요."
R20 := " 그 곳에서 다양한 아이템의"
R21 := " 카탈로그를 확인하실 수 있습니다."
R22 := ""
R23 := "^0000FF3. 포인트 보상의 변경^000000"
R24 := " 전장이 시작되면 일부 인원이"
R25 := " 탈영하는 경우가 있습니다."
R26 := " 이런 사람들에게는 포인트가"
R27 := " ^FF0000지급되지 않습니다.^000000"
R28 := " 또한 전장 시작 후 일정 시간 내의"
R29 := " 인원 변경에 따라"
R30 := " 승리와 패배 시의 지급 포인트가"
R31 := " 유동적으로 변경될 수 있습니다."
R32 := " 이러한 점은 전장 플레이 도중에"
R33 := " 안내가 이루어 집니다."
R2[51,52,53,54,55,56,57,58,59,60,61,62,63,64,65,66,67,68,69,70,71,72,73,74,75,76,77,78,79,80,81] := R3,R4,R5,R6,R7,R8,R9,R10,R11,R12,R13,R14,R15,R16,R17,R18,R19,R20,R21,R22,R23,R24,R25,R26,R27,R28,R29,R30,R31,R32,R33
R0[R1] := R2
R1 := BATTLE_FIELD_ID
R1 := R1["FLAVIUS"]
R2 := {}
R3 := "1. ^0000FF명칭^000000: 플라비우스 전장"
R4 := ""
R5 := "2. ^0000FF인원 구성^000000: ^FF000010^000000 vs ^FF000010^000000"
R6 := ""
R7 := "3. ^0000FF참여 제한^000000: ^FF0000Base Lv 80 이상^000000"
R8 := ""
R9 := "4. ^0000FF설명^000000"
R10 := " 상대 진영의 시작점에 위치한"
R11 := " ^FF0000크리스탈을 파괴^000000해야 합니다."
R12 := " 하지만, 크리스탈의 근처에는"
R13 := " 강력한 가디언이 있다는 점을 명심하세요."
R14 := " 크리스탈 파괴에 성공한다면"
R15 := " 1점을 획득하게 됩니다."
R16 := " 반복된 게임에서 총 2점을 먼저"
R17 := " 얻는 진영이 승리하게 됩니다."
R18 := ""
R19 := "5. ^0000FF진영 정보^000000"
R20 := " 진영 A - 기욤 진영을 뜻합니다."
R21 := " 진영 B - 크루아 진영을 뜻합니다."
R22 := ""
R23 := " 각 진영에 대한 자세한 이야기는"
R24 := " \'전장 대기소\'에서 확인하세요."
R25 := " 전장 대기소는 \'^FF0000마롤 전장 모병관^000000\'"
R26 := " 을 통해 이동할 수 있습니다."
R2[1,2,3,4,5,6,7,8,9,10,11,12,13,14,15,16,17,18,19,20,21,22,23,24] := R3,R4,R5,R6,R7,R8,R9,R10,R11,R12,R13,R14,R15,R16,R17,R18,R19,R20,R21,R22,R23,R24,R25,R26
R0[R1] := R2
R1 := BATTLE_FIELD_ID
R1 := R1["TIERA"]
R2 := {}
R3 := "1. ^0000FF명칭^000000: 티에라 협곡"
R4 := ""
R5 := "2. ^0000FF인원 구성^000000: ^FF000010^000000 vs ^FF000010^000000"
R6 := ""
R7 := "3. ^0000FF참여 제한^000000: ^FF0000Base Lv 80 이상^000000"
R8 := ""
R9 := "4. ^0000FF설명^000000"
R10 := " 승리를 위해 상대 진영의"
R11 := " ^FF0000식량 창고를 파괴^000000 하세요."
R12 := " 중앙 부분의 거점을 점령하여"
R13 := " 부활 지점을 옮기고 가디언을"
R14 := " 소환하는 것도 좋은 전략입니다."
R15 := " 하지만, 우리의 식량 창고를"
R16 := " 지키는 것을 잊어서는 안 됩니다."
R17 := ""
R18 := "5. ^0000FF진영 정보^000000"
R19 := " 진영 A - 기욤 진영을 뜻합니다."
R20 := " 진영 B - 크루아 진영을 뜻합니다."
R21 := ""
R22 := " 각 진영에 대한 자세한 이야기는"
R23 := " \'전장 대기소\'에서 확인하세요."
R24 := " 전장 대기소는 \'^FF0000마롤 전장 모병관^000000\'"
R25 := " 을 통해 이동할 수 있습니다."
R2[1,2,3,4,5,6,7,8,9,10,11,12,13,14,15,16,17,18,19,20,21,22,23] := R3,R4,R5,R6,R7,R8,R9,R10,R11,R12,R13,R14,R15,R16,R17,R18,R19,R20,R21,R22,R23,R24,R25
R0[R1] := R2
R1 := BATTLE_FIELD_ID
R1 := R1["KVM"]
R2 := {}
R3 := "1. ^0000FF명칭^000000: Krieger von Midgard"
R4 := ""
R5 := "2. ^0000FF인원 구성^000000: ^FF00005^000000 vs ^FF00005^000000"
R6 := ""
R7 := "3. ^0000FF참여 제한^000000: ^FF0000Base Lv 80 이상^000000"
R8 := ""
R9 := "4. ^0000FF설명^000000"
R10 := " 어떤 지역에서는 \'용사\'를"
R11 := " Krieger(크리거)라고 부릅니다."
R12 := " 즉, \"Krieger von Midgard\"의 의미는"
R13 := " 미드가르드의 용사라고 할 수 있습니다."
R14 := " 상대 진영을 ^FF0000남김없이 물리치세요^000000."
R15 := " 그것만이 경기장 안에서"
R16 := " 용사의 용맹함을 증명할 방법입니다."
R17 := ""
R18 := "5. ^0000FF진영 정보^000000"
R19 := " 진영 A - 기욤 진영을 뜻합니다."
R20 := " 진영 B - 크루아 진영을 뜻합니다."
R21 := ""
R22 := " 각 진영에 대한 자세한 이야기는"
R23 := " \'전장 대기소\'에서 확인하세요."
R24 := " 전장 대기소는 \'^FF0000마롤 전장 모병관^000000\'"
R25 := " 을 통해 이동할 수 있습니다."
R2[1,2,3,4,5,6,7,8,9,10,11,12,13,14,15,16,17,18,19,20,21,22,23] := R3,R4,R5,R6,R7,R8,R9,R10,R11,R12,R13,R14,R15,R16,R17,R18,R19,R20,R21,R22,R23,R24,R25
R0[R1] := R2
BATTLE_FIELD_HELP := R0
R0 := closure(Function #0)
SetBattleFieldNo := R0
R0 := closure(Function #1)
GetBattleFieldName := R0
R0 := closure(Function #2)
GetBattleFieldHelp := R0
return 


; Function #0:
;
; Name:            
; Defined at line: 186
; #Upvalues:       0
; #Parameters:     1 (R0)
; Is_vararg:       0
; Max Stack Size:  3
;
; Locals:
; Start PC |  End PC  | Name
; 00000000 | 0000000a | battleFieldNo
;
; No upvalues

if R0 != -1 then PC := 4
  2 [187]: JMP       4
return R0
R1 := math
R1 := R1["floor"]
R2 := R0 / 10
R1 := R1(R2)
R1 := R1 * 10
R1 := R1 + 1
return R1
return 


; Function #1:
;
; Name:            
; Defined at line: 194
; #Upvalues:       0
; #Parameters:     1 (R0)
; Is_vararg:       0
; Max Stack Size:  4
;
; Locals:
; Start PC |  End PC  | Name
; 00000000 | 0000000c | battleFieldNo
; 00000001 | 0000000c | fieldName
;
; No upvalues

R1 := ""
R2 := SetBattleFieldNo
R3 := R0
R2 := R2(R3)
R0 := R2
R2 := BATTLE_FIELD_NAME
R2 := R2[R0]
if R2 == nil then PC := 12
  9 [199]: JMP       12
R2 := BATTLE_FIELD_NAME
R1 := R2[R0]
return R1
return 


; Function #2:
;
; Name:            
; Defined at line: 206
; #Upvalues:       0
; #Parameters:     1 (R0)
; Is_vararg:       0
; Max Stack Size:  10
;
; Locals:
; Start PC |  End PC  | Name
; 00000000 | 00000016 | battleFieldNo
; 00000001 | 00000016 | descript
; 00000007 | 00000016 | help
; 0000000c | 00000015 | (for generator)
; 0000000c | 00000015 | (for state)
; 0000000c | 00000015 | (for control)
; 0000000d | 00000013 | i
; 0000000d | 00000013 | v
;
; No upvalues

R1 := ""
R2 := SetBattleFieldNo
R3 := R0
R2 := R2(R3)
R0 := R2
R2 := BATTLE_FIELD_HELP
R2 := R2[R0]
if R2 == nil then PC := 22
  9 [212]: JMP       22
R3 := pairs
R4 := R2
R3,R4,R5 := R3(R4)
PC := 20
R8 := R1
R9 := R7
R1 := R8 .. R9
R8 := R1
R9 := "\r\n"
R1 := R8 .. R9
R5 := R6 end
 21 [215]: JMP       14
return R1
return 
