R0 := 0
MSG_SET_INIT := R0
R0 := 1
MSG_SET_SPAWNDIR1 := R0
R0 := 2
MSG_SET_SPAWNDIR2 := R0
R0 := 3
MSG_SET_GRAVITY := R0
R0 := 4
MSG_SET_POS := R0
R0 := 5
MSG_SET_EMITRADIUS := R0
R0 := 6
MSG_SET_COLOR := R0
R0 := 7
MSG_SET_EMITRATE := R0
R0 := 8
MSG_SET_SIZE := R0
R0 := 9
MSG_SET_LIFETIME := R0
R0 := 10
MSG_SET_TEXTURE := R0
R0 := 11
MSG_SET_SPEED := R0
R0 := 12
MSG_SET_SRCMODE := R0
R0 := 13
MSG_SET_DESTMODE := R0
R0 := 14
MSG_SET_MAXPARTICLE := R0
R0 := closure(Function #0)
ReadEmitterInfo := R0
R0 := closure(Function #1)
ReadEmitterInfo_ver2 := R0
return 


Function #0:
;
Name:            
Defined at line: 17
#Upvalues:       0
#Parameters:     1 (R0)
Is_vararg:       0
Max Stack Size:  12
;
Locals:
Start PC |  End PC  | Name
00000000 | 00000079 | InfoTableName
00000004 | 00000079 | (for generator)
00000004 | 00000079 | (for state)
00000004 | 00000079 | k
00000004 | 00000079 | v
;
No upvalues

R1 := pairs
R2 := R0
R1,R2,R3,R4 := R1(R2)
end
R5 := SetEffectInfo
R6 := R3
R7 := MSG_SET_MAXPARTICLE
R8 := R4["maxcount"]
R8 := R8[1]
R5(R6,R7,R8)
R5 := SetEffectInfo
R6 := R3
R7 := MSG_SET_SPAWNDIR1
R8 := R4["dir1"]
R8 := R8[1]
R9 := R4["dir1"]
R9 := R9[2]
R10 := R4["dir1"]
R10 := R10[3]
R5(R6,R7,R8,R9,R10)
R5 := SetEffectInfo
R6 := R3
R7 := MSG_SET_SPAWNDIR2
R8 := R4["dir2"]
R8 := R8[1]
R9 := R4["dir2"]
R9 := R9[2]
R10 := R4["dir2"]
R10 := R10[3]
R5(R6,R7,R8,R9,R10)
R5 := SetEffectInfo
R6 := R3
R7 := MSG_SET_GRAVITY
R8 := R4["gravity"]
R8 := R8[1]
R9 := R4["gravity"]
R9 := R9[2]
R10 := R4["gravity"]
R10 := R10[3]
R5(R6,R7,R8,R9,R10)
R5 := SetEffectInfo
R6 := R3
R7 := MSG_SET_EMITRADIUS
R8 := R4["radius"]
R8 := R8[1]
R9 := R4["radius"]
R9 := R9[2]
R10 := R4["radius"]
R10 := R10[3]
R5(R6,R7,R8,R9,R10)
R5 := SetEffectInfo
R6 := R3
R7 := MSG_SET_COLOR
R8 := R4["color"]
R8 := R8[1]
R9 := R4["color"]
R9 := R9[2]
R10 := R4["color"]
R10 := R10[3]
R11 := R4["color"]
R11 := R11[4]
R5(R6,R7,R8,R9,R10,R11)
R5 := SetEffectInfo
R6 := R3
R7 := MSG_SET_EMITRATE
R8 := R4["rate"]
R8 := R8[1]
R9 := R4["rate"]
R9 := R9[2]
R10 := R4["rate"]
R10 := R10[3]
R5(R6,R7,R8,R9,R10)
R5 := SetEffectInfo
R6 := R3
R7 := MSG_SET_SIZE
R8 := R4["size"]
R8 := R8[1]
R9 := R4["size"]
R9 := R9[2]
R10 := R4["size"]
R10 := R10[3]
R5(R6,R7,R8,R9,R10)
R5 := SetEffectInfo
R6 := R3
R7 := MSG_SET_LIFETIME
R8 := R4["life"]
R8 := R8[1]
R9 := R4["life"]
R9 := R9[2]
R10 := R4["life"]
R10 := R10[3]
R5(R6,R7,R8,R9,R10)
R5 := SetEffectInfo
R6 := R3
R7 := MSG_SET_TEXTURE
R8 := R4["texture"]
R5(R6,R7,R8)
R5 := SetEffectInfo
R6 := R3
R7 := MSG_SET_SPEED
R8 := R4["speed"]
R8 := R8[1]
R5(R6,R7,R8)
R5 := SetEffectInfo
R6 := R3
R7 := MSG_SET_SRCMODE
R8 := R4["srcmode"]
R8 := R8[1]
R5(R6,R7,R8)
R5 := SetEffectInfo
R6 := R3
R7 := MSG_SET_DESTMODE
R8 := R4["destmode"]
R8 := R8[1]
R5(R6,R7,R8)
R5 := SetEffectInfo
R6 := R3
R7 := MSG_SET_INIT
R5(R6,R7)
if R3 ~= nil then PC = 5
121 [32]: JMP       5
return 


Function #1:
;
Name:            
Defined at line: 36
#Upvalues:       0
#Parameters:     1 (R0)
Is_vararg:       0
Max Stack Size:  12
;
Locals:
Start PC |  End PC  | Name
00000000 | 00000083 | InfoTableName
00000004 | 00000083 | (for generator)
00000004 | 00000083 | (for state)
00000004 | 00000083 | k
00000004 | 00000083 | v
;
No upvalues

R1 := pairs
R2 := R0
R1,R2,R3,R4 := R1(R2)
end
R5 := SetEffectInfo
R6 := R3
R7 := MSG_SET_MAXPARTICLE
R8 := R4["maxcount"]
R8 := R8[1]
R5(R6,R7,R8)
R5 := SetEffectInfo
R6 := R3
R7 := MSG_SET_SPAWNDIR1
R8 := R4["dir1"]
R8 := R8[1]
R9 := R4["dir1"]
R9 := R9[2]
R10 := R4["dir1"]
R10 := R10[3]
R5(R6,R7,R8,R9,R10)
R5 := SetEffectInfo
R6 := R3
R7 := MSG_SET_SPAWNDIR2
R8 := R4["dir2"]
R8 := R8[1]
R9 := R4["dir2"]
R9 := R9[2]
R10 := R4["dir2"]
R10 := R10[3]
R5(R6,R7,R8,R9,R10)
R5 := SetEffectInfo
R6 := R3
R7 := MSG_SET_GRAVITY
R8 := R4["gravity"]
R8 := R8[1]
R9 := R4["gravity"]
R9 := R9[2]
R10 := R4["gravity"]
R10 := R10[3]
R5(R6,R7,R8,R9,R10)
R5 := SetEffectInfo
R6 := R3
R7 := MSG_SET_POS
R8 := R4["pos"]
R8 := R8[1]
R9 := R4["pos"]
R9 := R9[2]
R10 := R4["pos"]
R10 := R10[3]
R5(R6,R7,R8,R9,R10)
R5 := SetEffectInfo
R6 := R3
R7 := MSG_SET_EMITRADIUS
R8 := R4["radius"]
R8 := R8[1]
R9 := R4["radius"]
R9 := R9[2]
R10 := R4["radius"]
R10 := R10[3]
R5(R6,R7,R8,R9,R10)
R5 := SetEffectInfo
R6 := R3
R7 := MSG_SET_COLOR
R8 := R4["color"]
R8 := R8[1]
R9 := R4["color"]
R9 := R9[2]
R10 := R4["color"]
R10 := R10[3]
R11 := R4["color"]
R11 := R11[4]
R5(R6,R7,R8,R9,R10,R11)
R5 := SetEffectInfo
R6 := R3
R7 := MSG_SET_EMITRATE
R8 := R4["rate"]
R8 := R8[1]
R9 := R4["rate"]
R9 := R9[2]
R10 := R4["rate"]
R10 := R10[3]
R5(R6,R7,R8,R9,R10)
R5 := SetEffectInfo
R6 := R3
R7 := MSG_SET_SIZE
R8 := R4["size"]
R8 := R8[1]
R9 := R4["size"]
R9 := R9[2]
R10 := R4["size"]
R10 := R10[3]
R5(R6,R7,R8,R9,R10)
R5 := SetEffectInfo
R6 := R3
R7 := MSG_SET_LIFETIME
R8 := R4["life"]
R8 := R8[1]
R9 := R4["life"]
R9 := R9[2]
R10 := R4["life"]
R10 := R10[3]
R5(R6,R7,R8,R9,R10)
R5 := SetEffectInfo
R6 := R3
R7 := MSG_SET_TEXTURE
R8 := R4["texture"]
R5(R6,R7,R8)
R5 := SetEffectInfo
R6 := R3
R7 := MSG_SET_SPEED
R8 := R4["speed"]
R8 := R8[1]
R5(R6,R7,R8)
R5 := SetEffectInfo
R6 := R3
R7 := MSG_SET_SRCMODE
R8 := R4["srcmode"]
R8 := R8[1]
R5(R6,R7,R8)
R5 := SetEffectInfo
R6 := R3
R7 := MSG_SET_DESTMODE
R8 := R4["destmode"]
R8 := R8[1]
R5(R6,R7,R8)
R5 := SetEffectInfo
R6 := R3
R7 := MSG_SET_INIT
R5(R6,R7)
if R3 ~= nil then PC = 5
131 [52]: JMP       5
return 
