R0 := {}
R1 := "/tip : 오늘의팁 열기"
R2 := "/h or /help: 명령어 일람"
R3 := "/w or /who or /접속자 or /누구: 현재 접속자수 보기"
R4 := "/음악 : 배경음악 On Off"
R5 := "/효과음 : 효과음 On Off"
R6 := "/이펙트 : 이펙트 On Off"
R7 := "/좌표 or /장소: 현재 위치 표시"
R8 := "/skip : 프래임스킵 On Off"
R9 := "/v (0~127): 효과음 볼륨조정"
R10 := "/bv (0~127): 배경음악 볼륨조정"
R11 := "/ex (캐릭터이름) or /차단 (캐릭터이름) : 해당캐릭터에 대해 귓말차단"
R12 := "/ex (캐릭터이름) or /차단 (캐릭터이름) : 해당캐릭터에 대해 귓말차단"
R13 := "/ex or /차단 : 귓말차단 캐릭터 리스트"
R14 := "/in (캐릭터이름) or /해제 (캐릭터이름) : 해당캐릭터에 대해 귓말허용"
R15 := "/inall or /해제전부 : 모두에게 귓말허용"
R16 := "/exall or /차단전부 : 모두에게 귓말차단"
R17 := "/결성 [파티이름] : 파티결성 /탈퇴 : 파티탈퇴"
R18 := "/앉기 or /sit : 앉기. 앉아있을때 서기"
R19 := "/서기 or /stand : 서기. 서있을때 앉기"
R20 := "/채팅방 or /chat : 채팅방 만들기창 띄우기"
R21 := "/q : 채팅방 나가기"
R22 := "/결성 [파티이름] or /organize [파티이름] : 파티결성"
R23 := "/탈퇴 or /leave : 파티 탈퇴"
R24 := "/제명 [캐릭터이름] or /expel [캐릭터이름] : 해당캐릭터를 파티에서 제명시킴"
R25 := "단축아이탬창(F12) 소비장비 아이템을 드래그한후 사용하세요. 사용키(F1F2F3F4F5F6F7F8F9)"
R26 := "자신이 파티리더일때 캐릭터를 오른버튼으로 클릭하면 파티에 가입요청하기 메뉴가 뜹니다."
R27 := "[Alt] + [End] : 플레이어 hp/sp 게이지 On Off"
R28 := "[Alt] + [Home] : 지면 커서 표시 On Off"
R29 := "[Insert] : 앉기 서기"
R30 := "[Alt] + [=] : 알파벳 간격이 넓어졌을때 되돌리기"
R31 := "[F10] : 채팅창 크기조정 [Alt] + [F10] : 채팅창 On Off"
R32 := "귓속말 하는법 : 채팅창 왼쪽 입력란에 캐릭터이름을 입력하고 오른쪽 입력란에 말을 입력하면 됩니다. TAB키로 두입력란 사이로 커서를 이동할 수 있습니다."
R33 := "/! /? /기쁨 /하트 /땀 /아하 /짜증 /화 /돈 /... /가위 /바위 /보 : Alt + (1~9) Ctrl + (-=\\\\) 에 대응되는 명령어 입니다."
R34 := "파티원에게 말하는법 : 말의 제일앞에 \'%\'를 붙이면 파티원에게 말이 갑니다. (예: \\\"%안녕\\\")"
R35 := "스크린샷 찍는법 : [Print Screen]키나 [Scroll Lock]키를 누르면 됩니다."
R36 := "/기억 : 워프할 장소 기억(워프 스킬이 있는경우)"
R37 := "/스냅 or /snap: 몬스터 공격시 스냅 On Off  /스킬스냅 or /skillsnap: 스킬로 몬스터 공격시 스냅 On Off  /아이템스냅 or /itemsnap: 아이템 주울때 스냅 On Off"
R38 := "/갈무리 or /savechat : 채팅 내용 파일로 저장하기"
R39 := "/camera : 플레이어에게 카메라고정 On Off /miss : 미스이펙트 On Off"
R40 := "귓말 리스트 창 여는법 : [Alt] + [H] 를 누르면 귓말 리스트 창이 열립니다."
R41 := "/fog : FOG이펙트를 키거나 끌수있습니다 On Off"
R42 := "/notalkmsg2 : 채팅내용을 채팅창에 표시하지 않습니다 (길드말 포함) On Off"
R43 := "/bingbing : 연속해서 이 명령어를 쳐주면 캐릭터가 빙글빙글 ^^;;"
R44 := "/bangbang : 연속해서 이 명령어를 쳐주면 캐릭터가 뱅글뱅글 ^^;;"
R45 := "/aura : 오오라를 간략화 시킬수있습니다 On Off"
R46 := "/이름표시 or /showname : 캐릭터의 이름 표시 방식을 변경합니다."
R47 := "/q3 : /quickspell (/q1) + /quickspell2 (/q2)"
R48 := "/set1 : /nc + /showname + /sf + /wi, /set2 : + /q3"
R49 := "/doridori : 연속해서 이 명령어를 쳐주면 캐릭터가 도리도리 ^^;;"
R50 := "/quickspell  : 마우스 우클릭으로 F9에 저장한 스킬을 사용합니다 On Off"
R0[1,2,3,4,5,6,7,8,9,10,11,12,13,14,15,16,17,18,19,20,21,22,23,24,25,26,27,28,29,30,31,32,33,34,35,36,37,38,39,40,41,42,43,44,45,46,47,48,49,50] := R1,R2,R3,R4,R5,R6,R7,R8,R9,R10,R11,R12,R13,R14,R15,R16,R17,R18,R19,R20,R21,R22,R23,R24,R25,R26,R27,R28,R29,R30,R31,R32,R33,R34,R35,R36,R37,R38,R39,R40,R41,R42,R43,R44,R45,R46,R47,R48,R49,R50
R1 := "/quickspell2 : 마우스 WHEEL을 위,아래로 굴려서 F7과F8에 저장한 스킬을 사용합니다 On Off"
R2 := "/이모션 : 현재 사용가능한 이모션의 리스트를 보여줍니다."
R3 := "/hi 또는 /hi 문장 : 친구로 등록된 캐릭터들에게 인사를 합니다."
R4 := "/notrade : 거래신청을 자동으로 거절합니다 On Off"
R5 := "/hunting : 사냥 목록을 보여줍니다."
R6 := "/alchemist : 알케미스트의 상위 10위권 랭킹을 보여줍니다."
R7 := "/blacksmith : 블랙스미스의 상위 10위권 랭킹을 보여줍니다."
R8 := "/window : 창 위치 이동시 다른 창과 달라붙는 속성이 들어갑니다 On Off"
R9 := "/skillfail : 빨간색의 스킬사용 실패 메세지를 표시하지 않습니다 On Off"
R10 := "/notalkmsg : 채팅내용을 채팅창에 표시하지 않습니다 On Off"
R11 := "/noshift : 쉬프트를 누르지않고 힐로 적을 공격할수있게됩니다 On Off"
R12 := "/noctrl : 콘트롤을 누르지않아도 자동공격이 됩니다. On Off"
R13 := "/loginout : 길드원과 친구들의 접속관련 메세지를 보여줍니다. On Off"
R14 := "/shopping : 클릭 한번으로 상점을 열고 상점이름 오른쪽 클릭으로 상점을 닫습니다 On Off"
R15 := "ALT+Y : 여러가지 명령어를 쉽게 쓸수있는 윈도우가 열립니다."
R16 := "/tingonly : 채팅방 입장음만 들을수있게됩니다."
R17 := "/monsterhp : 공격한 몬스터의 HP정보를 표시합니다. On Off"
R18 := "낙원단에 가시면 레벨별 퀘스트를 통하여 빠른 사냥 및 육성이 가능합니다. 각 도시의 미니맵의 + 표시를 찾아주세요."
R0[51,52,53,54,55,56,57,58,59,60,61,62,63,64,65,66,67,68] := R1,R2,R3,R4,R5,R6,R7,R8,R9,R10,R11,R12,R13,R14,R15,R16,R17,R18
HelpMsgStr := R0
return 
