R0 := {}
R1 := {}
R1["NPCFromName"] := "선장 카록"
R1["NPCFromMap"] := "izlude"
R1["NPCFromSpr"] := "4_M_REINDEER"
R1["NPCFromX"] := 198
R1["NPCFromY"] := 213
R1["NPCToName"] := "훈"
R1["NPCToMap"] := "izlude"
R1["NPCToSpr"] := "4_M_KHKYEL"
R1["NPCToX"] := 122
R1["NPCToY"] := 207
R1["Item"] := ""
R1["PrizeItem"] := ""
R1["Title"] := "세상을 위한 첫걸음"
R1["Info"] := "크리투라 아카데미의 직원 \'훈\'씨를 만나라."
R1["Hunt"] := ""
R1["Time"] := "0"
R1["LV"] := "0"
R0[7472] := R1
R1 := {}
R1["NPCFromName"] := "전투 교관 스비노"
R1["NPCFromMap"] := "iz_ac01"
R1["NPCFromSpr"] := "4_M_NOV_HUNT"
R1["NPCFromX"] := 59
R1["NPCFromY"] := 83
R1["NPCToName"] := "전투 교관 스비노"
R1["NPCToMap"] := "iz_ac01"
R1["NPCToSpr"] := "4_M_NOV_HUNT"
R1["NPCToX"] := 59
R1["NPCToY"] := 83
R1["Item"] := "< image = \"909\">젤로피<\\end> (5)"
R1["PrizeItem"] := ""
R1["Title"] := "초보자_세상에서 젤로 맛있는"
R1["Info"] := "크리투라 학원에서 중요한 식재료로 사용 되고있는 포링을 10마리 잡고 젤로피 5개를 구해서 스비노에게 돌아오자. 포링은 이즈루드 서쪽 필드에서 쉽게 발견할 수있다."
R1["Hunt"] := "< link = \"PORING\">포링<\\end> x (%d/10)"
R1["Time"] := "0"
R1["LV"] := "0"
R0[11339] := R1
BeginTutorialQuest_List := R0
return 
