R0 := {}
R0["Device"] := "하드웨어 T&L 가속기능 사용합니다. On Off"
R0["Mode"] := "게임의 해상도를 설정합니다."
R0["FullScreen"] := "풀 스크린 모드를 사용합니다. On Off"
R0["MouseExclusive"] := "마우스 이동 영역을 스크린 내부로 고정합니다. On Off"
R0["Sprite"] := "게임 내 스프라이트 해상도의 퀄리티를 설정합니다."
R0["Texture"] := "게임 내 텍스쳐 해상도의 퀄리티를 설정합니다."
R0["Bgm_Volume"] := "배경 음악의 볼륨을 조절합니다."
R0["Effect_Volume"] := "효과음의 볼륨을 조절합니다."
R0["bgm"] := "배경음악 ON OFF"
R0["sound"] := "효과음 On Off"
R0["battlemode"] := "Q ~ O 를 누르면 스킬단축창2의 스킬들이 사용됩니다."
R0["notrade"] := "거래신청을 자동으로 거절합니다. On Off"
R0["noshift"] := "쉬프트를 누르지않고 힐로 적을 공격할수있게됩니다. On Off"
R0["noctrl"] := "콘트롤을 누르지않아도 자동공격이 됩니다. On Off"
R0["skillfail"] := "빨간색의 스킬사용 실패 메세지를 표시하지 않습니다. On Off"
R0["notalkmsg"] := "채팅내용을 채팅창에 표시하지 않습니다. On Off"
R0["notalkmsg2"] := "채팅내용을 채팅창에 표시하지 않습니다. (길드말 포함) On Off"
R0["showname"] := "이름 표시 방식이 변경됩니다."
R0["fog"] := "FOG이펙트를 키거나 끌수있습니다. On Off"
R0["aura"] := "오오라를 간략화 시킬수있습니다. On Off"
R0["window"] := "창 위치 이동시 다른 창과 달라붙는 속성이 들어갑니다. On Off"
R0["miss"] := "미스표시 On Off"
R0["q1"] := "마우스 우클릭으로 F9에 저장한 스킬을 사용합니다. On Off"
R0["q2"] := "마우스 WHEEL을 위,아래로 굴려서 F7과F8에 저장한 스킬을 사용합니다. On Off"
R0["effect"] := "이펙트 On Off"
R0["loginout"] := "길드원과 친구들의 접속관련 메세지를 보여줍니다. On Off"
R0["shopping"] := "클릭 한번으로 상점을 열고 상점이름 오른쪽 클릭으로 상점을 닫습니다. On Off"
R0["stateinfo"] := "상태 아이콘에 대한 설명을 보여줍니다. On Off"
R0["snap"] := "공격 대상의 근처에서 마우스 커서를 유도합니다. ON OFF"
R0["itemsnap"] := "아이템의 근처에서 마우스 커서를 유도합니다. ON OFF"
R0["skillsnap"] := "스킬 대상의 근처에서 마우스 커서를 유도합니다. ON OFF"
R0["hoai"] := "호문클루스의 사용자 인공지능을 사용합니다. ON OFF"
R0["merai"] := "용병의 사용자 인공지능을 사용합니다. ON OFF"
R0["camera"] := "카메라를 고정합니다. ON OFF"
R0["lightmap"] := "맵에 음영부분을 표시해 줍니다. On Off"
R0["ISOK"] := "설정을 저장 하시겠습니까?"
SetupMSG := R0
return 
