R0 := {}
R1 := ACCESSORY_IDs
R1 := R1["ACCESSORY_GOGGLES"]
R0[R1] := "_고글"
R1 := ACCESSORY_IDs
R1 := R1["ACCESSORY_CATTYHAIRBAND"]
R0[R1] := "_고양이머리띠"
R1 := ACCESSORY_IDs
R1 := R1["ACCESSORY_GLASS"]
R0[R1] := "_글래스"
R1 := ACCESSORY_IDs
R1 := R1["ACCESSORY_FLOWER"]
R0[R1] := "_꽃"
R1 := ACCESSORY_IDs
R1 := R1["ACCESSORY_FLORALHAIRBAND"]
R0[R1] := "_꽃머리띠"
R1 := ACCESSORY_IDs
R1 := R1["ACCESSORY_HOOD"]
R0[R1] := "_두건"
R1 := ACCESSORY_IDs
R1 := R1["ACCESSORY_ROUNDCAP"]
R0[R1] := "_둥근모자"
R1 := ACCESSORY_IDs
R1 := R1["ACCESSORY_FLUMASK"]
R0[R1] := "_마스크"
R1 := ACCESSORY_IDs
R1 := R1["ACCESSORY_HAIRBAND"]
R0[R1] := "_머리띠"
R1 := ACCESSORY_IDs
R1 := R1["ACCESSORY_DIVERSGOGGLES"]
R0[R1] := "_물안경"
R1 := ACCESSORY_IDs
R1 := R1["ACCESSORY_BIRETTA"]
R0[R1] := "_비레타"
R1 := ACCESSORY_IDs
R1 := R1["ACCESSORY_SUNGLASS"]
R0[R1] := "_선글래스"
R1 := ACCESSORY_IDs
R1 := R1["ACCESSORY_EYEBANDAGE"]
R0[R1] := "_안대"
R1 := ACCESSORY_IDs
R1 := R1["ACCESSORY_CAP"]
R0[R1] := "_캡"
R1 := ACCESSORY_IDs
R1 := R1["ACCESSORY_BUNNYBAND"]
R0[R1] := "_토끼머리띠"
R1 := ACCESSORY_IDs
R1 := R1["ACCESSORY_HAT"]
R0[R1] := "_햇"
R1 := ACCESSORY_IDs
R1 := R1["ACCESSORY_RIBBON"]
R0[R1] := "_리본"
R1 := ACCESSORY_IDs
R1 := R1["ACCESSORY_CIRCLET"]
R0[R1] := "_서클릿"
R1 := ACCESSORY_IDs
R1 := R1["ACCESSORY_TIARA"]
R0[R1] := "_티아라"
R1 := ACCESSORY_IDs
R1 := R1["ACCESSORY_SANTAHAT"]
R0[R1] := "_산타모자"
R1 := ACCESSORY_IDs
R1 := R1["ACCESSORY_BEARD"]
R0[R1] := "_턱수염"
R1 := ACCESSORY_IDs
R1 := R1["ACCESSORY_MUSTACHE"]
R0[R1] := "_콧수염"
R1 := ACCESSORY_IDs
R1 := R1["ACCESSORY_SPECTACLE"]
R0[R1] := "_외눈안경"
R1 := ACCESSORY_IDs
R1 := R1["ACCESSORY_BLACK_BEARD"]
R0[R1] := "_수염"
R1 := ACCESSORY_IDs
R1 := R1["ACCESSORY_WHITE_BEARD"]
R0[R1] := "_흰수염"
R1 := ACCESSORY_IDs
R1 := R1["ACCESSORY_QUALITY_SUNGLASS"]
R0[R1] := "_고급선글래스"
R1 := ACCESSORY_IDs
R1 := R1["ACCESSORY_SPIN_GLASS"]
R0[R1] := "_스핀글래스"
R1 := ACCESSORY_IDs
R1 := R1["ACCESSORY_LARGE_RIBBON"]
R0[R1] := "_왕리본"
R1 := ACCESSORY_IDs
R1 := R1["ACCESSORY_SWEET_GENTLE"]
R0[R1] := "_스위트젠틀"
R1 := ACCESSORY_IDs
R1 := R1["ACCESSORY_GOLDEN_HEADGEAR"]
R0[R1] := "_골든헤드기어"
R1 := ACCESSORY_IDs
R1 := R1["ACCESSORY_OLDSTER_ROMANCE"]
R0[R1] := "_올드스터로맨스"
R1 := ACCESSORY_IDs
R1 := R1["ACCESSORY_WESTERN_GRACE"]
R0[R1] := "_웨스턴그레이스"
R1 := ACCESSORY_IDs
R1 := R1["ACCESSORY_CORONET"]
R0[R1] := "_코로넷"
R1 := ACCESSORY_IDs
R1 := R1["ACCESSORY_HAIR_STRING"]
R0[R1] := "_머리끈"
R1 := ACCESSORY_IDs
R1 := R1["ACCESSORY_PRIEST_CAP"]
R0[R1] := "_성직자의모자"
R1 := ACCESSORY_IDs
R1 := R1["ACCESSORY_WIZARD_HAT"]
R0[R1] := "_위저드햇"
R1 := ACCESSORY_IDs
R1 := R1["ACCESSORY_SUNFLOWER"]
R0[R1] := "_장식용해바라기"
R1 := ACCESSORY_IDs
R1 := R1["ACCESSORY_ANGEL_HAIRBAND"]
R0[R1] := "_천사의머리띠"
R1 := ACCESSORY_IDs
R1 := R1["ACCESSORY_DEVIL_HAIRBAND"]
R0[R1] := "_악마의머리띠"
R1 := ACCESSORY_IDs
R1 := R1["ACCESSORY_HELM"]
R0[R1] := "_헬름"
R1 := ACCESSORY_IDs
R1 := R1["ACCESSORY_MAJESTIC_GOUT"]
R0[R1] := "_마제스틱고우트"
R1 := ACCESSORY_IDs
R1 := R1["ACCESSORY_WHITE_HORN"]
R0[R1] := "_새하얀뿔"
R1 := ACCESSORY_IDs
R1 := R1["ACCESSORY_SHARP_HEADGEAR"]
R0[R1] := "_샤프헤드기어"
R1 := ACCESSORY_IDs
R1 := R1["ACCESSORY_WEDDING_VEIL"]
R0[R1] := "_면사포"
R1 := ACCESSORY_IDs
R1 := R1["ACCESSORY_CROWN"]
R0[R1] := "_크라운"
R1 := ACCESSORY_IDs
R1 := R1["ACCESSORY_PROPELLER"]
R0[R1] := "_프로펠라"
R1 := ACCESSORY_IDs
R1 := R1["ACCESSORY_TINY_EYE_GLASSES"]
R0[R1] := "_미니글래스"
R1 := ACCESSORY_IDs
R1 := R1["ACCESSORY_PRONTERA_ARMY_CAP"]
R0[R1] := "_프론테라군모"
R1 := ACCESSORY_IDs
R1 := R1["ACCESSORY_PIERROTS_NOSE"]
R0[R1] := "_광대코"
R1 := ACCESSORY_IDs
R1 := R1["ACCESSORY_PIRATES_EYEBANDAGE"]
R0[R1] := "_의적안대"
R1 := ACCESSORY_IDs
R1 := R1["ACCESSORY_MUNAK_TURBAN"]
R0[R1] := "_무낙모자"
R1 := ACCESSORY_IDs
R1 := R1["ACCESSORY_HIP_HOP_MASK"]
R0[R1] := "_시위용마스크"
R1 := ACCESSORY_IDs
R1 := R1["ACCESSORY_IRONCANE"]
R0[R1] := "_아이언케인"
R1 := ACCESSORY_IDs
R1 := R1["ACCESSORY_CIGAR"]
R0[R1] := "_담배"
R1 := ACCESSORY_IDs
R1 := R1["ACCESSORY_CIGAR_PIPE"]
R0[R1] := "_파이프담배"
R1 := ACCESSORY_IDs
R1 := R1["ACCESSORY_SENTIMENTAL_FLOWER"]
R0[R1] := "_꽃잎"
R1 := ACCESSORY_IDs
R1 := R1["ACCESSORY_SENTIMENTAL_BLADE"]
R0[R1] := "_풀잎"
R1 := ACCESSORY_IDs
R1 := R1["ACCESSORY_HEY_DUDE"]
R0[R1] := "_머리안경"
R1 := ACCESSORY_IDs
R1 := R1["ACCESSORY_STOP_SIGNPOST"]
R0[R1] := "_정지표지판"
R1 := ACCESSORY_IDs
R1 := R1["ACCESSORY_DOCTOR_BAND"]
R0[R1] := "_의사머리띠"
R1 := ACCESSORY_IDs
R1 := R1["ACCESSORY_JAPANESE_GHOST"]
R0[R1] := "_망자의머리띠"
R1 := ACCESSORY_IDs
R1 := R1["ACCESSORY_SCARLET_BANDANA"]
R0[R1] := "_반다나"
R1 := ACCESSORY_IDs
R1 := R1["ACCESSORY_EAGLE_EYES"]
R0[R1] := "_도끼눈"
R1 := ACCESSORY_IDs
R1 := R1["ACCESSORY_NURSE_CAP"]
R0[R1] := "_간호모"
R1 := ACCESSORY_IDs
R1 := R1["ACCESSORY_SMILE"]
R0[R1] := "_스마일"
R1 := ACCESSORY_IDs
R1 := R1["ACCESSORY_BOMB_WICK"]
R0[R1] := "_심지"
R1 := ACCESSORY_IDs
R1 := R1["ACCESSORY_SAHT_GAHT"]
R0[R1] := "_삿갓"
R1 := ACCESSORY_IDs
R1 := R1["ACCESSORY_MASQUERADE"]
R0[R1] := "_오페라가면"
R1 := ACCESSORY_IDs
R1 := R1["ACCESSORY_SERAPHIC_RING"]
R0[R1] := "_영혼고리"
R1 := ACCESSORY_IDs
R1 := R1["ACCESSORY_EARMUFFS"]
R0[R1] := "_귀마개"
R1 := ACCESSORY_IDs
R1 := R1["ACCESSORY_MOOSE_HORN"]
R0[R1] := "_사슴뿔"
R1 := ACCESSORY_IDs
R1 := R1["ACCESSORY_THE_APPLE_OF_WILHELM_TELL"]
R0[R1] := "_명사수의사과"
R1 := ACCESSORY_IDs
R1 := R1["ACCESSORY_TINKER_BELL"]
R0[R1] := "_요정의귀"
R1 := ACCESSORY_IDs
R1 := R1["ACCESSORY_PIRATE_BANDANA"]
R0[R1] := "_해적두건"
R1 := ACCESSORY_IDs
R1 := R1["ACCESSORY_MUNCHS_SCREAM"]
R0[R1] := "_스크래치마스크"
R1 := ACCESSORY_IDs
R1 := R1["ACCESSORY_POO_POO_HAT"]
R0[R1] := "_거시기"
R1 := ACCESSORY_IDs
R1 := R1["ACCESSORY_KOEAN_FUNERAL_COSTUME"]
R0[R1] := "_장례건"
R1 := ACCESSORY_IDs
R1 := R1["ACCESSORY_BUTTERFLY_MASQUE"]
R0[R1] := "_나비가면"
R1 := ACCESSORY_IDs
R1 := R1["ACCESSORY_WELDER_MASK"]
R0[R1] := "_용접마스크"
R1 := ACCESSORY_IDs
R1 := R1["ACCESSORY_PRETEND_TO_BE_MURDERED"]
R0[R1] := "_연극소도구"
R1 := ACCESSORY_IDs
R1 := R1["ACCESSORY_STAR_DUST"]
R0[R1] := "_스타더스트"
R1 := ACCESSORY_IDs
R1 := R1["ACCESSORY_EYE_MASK"]
R0[R1] := "_눈가리개"
R1 := ACCESSORY_IDs
R1 := R1["ACCESSORY_BINOCULARS"]
R0[R1] := "_망원경"
R1 := ACCESSORY_IDs
R1 := R1["ACCESSORY_GOBLIN_MASQUE"]
R0[R1] := "_고블린족가면"
R1 := ACCESSORY_IDs
R1 := R1["ACCESSORY_GREEN_FEELER"]
R0[R1] := "_초록더듬이"
R1 := ACCESSORY_IDs
R1 := R1["ACCESSORY_VIKING_HELMET"]
R0[R1] := "_오크족헬름"
R1 := ACCESSORY_IDs
R1 := R1["ACCESSORY_HEAD_SET"]
R0[R1] := "_헤드폰"
R1 := ACCESSORY_IDs
R1 := R1["ACCESSORY_GEMMED_CROWN"]
R0[R1] := "_쥬얼크라운"
R1 := ACCESSORY_IDs
R1 := R1["ACCESSORY_PIERROT_CROWN"]
R0[R1] := "_광대모자"
R1 := ACCESSORY_IDs
R1 := R1["ACCESSORY_OXYGEN_MASK"]
R0[R1] := "_산소마스크"
R1 := ACCESSORY_IDs
R1 := R1["ACCESSORY_GAS_MASK"]
R0[R1] := "_가스마스크"
R1 := ACCESSORY_IDs
R1 := R1["ACCESSORY_MACHO_MANS_GLASSES"]
R0[R1] := "_하트파운데이션"
R1 := ACCESSORY_IDs
R1 := R1["ACCESSORY_LORD_CIRCLET"]
R0[R1] := "_로드서클릿"
R1 := ACCESSORY_IDs
R1 := R1["ACCESSORY_PUPPY_LOVE"]
R0[R1] := "_풋사랑"
R1 := ACCESSORY_IDs
R1 := R1["ACCESSORY_CRASH_HELMET"]
R0[R1] := "_안전모"
R1 := ACCESSORY_IDs
R1 := R1["ACCESSORY_INDIAN_BAND"]
R0[R1] := "_원주민머리띠"
R1 := ACCESSORY_IDs
R1 := R1["ACCESSORY_AERIAL"]
R0[R1] := "_안테나"
R1 := ACCESSORY_IDs
R1 := R1["ACCESSORY_BA_HAT"]
R0[R1] := "_학사모"
R1 := ACCESSORY_IDs
R1 := R1["ACCESSORY_HORN_OF_LORD_KAHO"]
R0[R1] := "_로드카호의뿔"
R1 := ACCESSORY_IDs
R1 := R1["ACCESSORY_FIN_HELM"]
R0[R1] := "_핀헬름"
R1 := ACCESSORY_IDs
R1 := R1["ACCESSORY_EGG_SHELL"]
R0[R1] := "_장식용알껍질"
R1 := ACCESSORY_IDs
R1 := R1["ACCESSORY_KOREAN_SCHOOL_HAT"]
R0[R1] := "_학생모"
R1 := ACCESSORY_IDs
R1 := R1["ACCESSORY_BONE_HELM"]
R0[R1] := "_본헬름"
R1 := ACCESSORY_IDs
R1 := R1["ACCESSORY_WILHELM_TELLS_HAT"]
R0[R1] := "_깃털모자"
R1 := ACCESSORY_IDs
R1 := R1["ACCESSORY_CORSAIR"]
R0[R1] := "_커세어"
R1 := ACCESSORY_IDs
R1 := R1["ACCESSORY_BAND_OF_KAFRA"]
R0[R1] := "_카프라의머리띠"
R1 := ACCESSORY_IDs
R1 := R1["ACCESSORY_LOST_MONEY_HEART"]
R0[R1] := "_돈잃은자의마음"
R1 := ACCESSORY_IDs
R1 := R1["ACCESSORY_BUNDLE"]
R0[R1] := "_보따리모"
R1 := ACCESSORY_IDs
R1 := R1["ACCESSORY_CAKE_HAT"]
R0[R1] := "_케이크모자"
R1 := ACCESSORY_IDs
R1 := R1["ACCESSORY_ANGEL_HELM"]
R0[R1] := "_천사의투구"
R1 := ACCESSORY_IDs
R1 := R1["ACCESSORY_COOKER_HAT"]
R0[R1] := "_요리사의모자"
R1 := ACCESSORY_IDs
R1 := R1["ACCESSORY_MAGE_HAT"]
R0[R1] := "_마법사의모자"
R1 := ACCESSORY_IDs
R1 := R1["ACCESSORY_CANDLE"]
R0[R1] := "_촛불"
R1 := ACCESSORY_IDs
R1 := R1["ACCESSORY_SPORE_HAT"]
R0[R1] := "_스포아모자"
R1 := ACCESSORY_IDs
R1 := R1["ACCESSORY_PANDA_HAT"]
R0[R1] := "_팬더곰모자"
R1 := ACCESSORY_IDs
R1 := R1["ACCESSORY_MINE_HAT"]
R0[R1] := "_광산헬멧"
R1 := ACCESSORY_IDs
R1 := R1["ACCESSORY_OUTSIDE_HAT"]
R0[R1] := "_나들이모자"
R1 := ACCESSORY_IDs
R1 := R1["ACCESSORY_RACCOON_HAT"]
R0[R1] := "_너구리모자"
R1 := ACCESSORY_IDs
R1 := R1["ACCESSORY_LAMP_BAND"]
R0[R1] := "_전구머리띠"
R1 := ACCESSORY_IDs
R1 := R1["ACCESSORY_PORING_HAT"]
R0[R1] := "_포링모자"
R1 := ACCESSORY_IDs
R1 := R1["ACCESSORY_CROSS_BAND"]
R0[R1] := "_십자머리띠"
R1 := ACCESSORY_IDs
R1 := R1["ACCESSORY_NUT_SHELL"]
R0[R1] := "_열매껍질"
R1 := ACCESSORY_IDs
R1 := R1["ACCESSORY_YOUNG_DEVIL_HAT"]
R0[R1] := "_새끼악마모자"
R1 := ACCESSORY_IDs
R1 := R1["ACCESSORY_SPOT_EGG_SHELL"]
R0[R1] := "_알록달록알껍질"
R1 := ACCESSORY_IDs
R1 := R1["ACCESSORY_DYE_RED"]
R0[R1] := "_발그레"
R1 := ACCESSORY_IDs
R1 := R1["ACCESSORY_HEART_HAIRPIN"]
R0[R1] := "_하트머리핀"
R1 := ACCESSORY_IDs
R1 := R1["ACCESSORY_HAIR_CLOTH"]
R0[R1] := "_머리포자기"
R1 := ACCESSORY_IDs
R1 := R1["ACCESSORY_GHOST_MASK"]
R0[R1] := "_오페라유령가면"
R1 := ACCESSORY_IDs
R1 := R1["ACCESSORY_DEVIL_WING"]
R0[R1] := "_악마의날개"
R1 := ACCESSORY_IDs
R1 := R1["ACCESSORY_WIZARD_HEADGEAR"]
R0[R1] := "_마술사의모자"
R1 := ACCESSORY_IDs
R2 := "ACCESSORY_FASION_SUNGLASSES"
R1 := R1[R2]
R2 := "_패션선글래스"
R0[R1] := R2
R1 := ACCESSORY_IDs
R2 := "ACCESSORY_MOON_HEARPIN"
R1 := R1[R2]
R2 := "_초승달머리핀"
R0[R1] := R2
R1 := ACCESSORY_IDs
R2 := "ACCESSORY_STRIPES_BAND"
R1 := R1[R2]
R2 := "_줄무늬머리띠"
R0[R1] := R2
R1 := ACCESSORY_IDs
R2 := "ACCESSORY_MYSTIC_NUT_SHELL"
R1 := R1[R2]
R2 := "_신비한열매껍질"
R0[R1] := R2
R1 := ACCESSORY_IDs
R2 := "ACCESSORY_CAT_BELL"
R1 := R1[R2]
R2 := "_고양이방울"
R0[R1] := R2
R1 := ACCESSORY_IDs
R2 := "ACCESSORY_BLUE_BAND"
R1 := R1[R2]
R2 := "_청색머리띠"
R0[R1] := R2
R1 := ACCESSORY_IDs
R2 := "ACCESSORY_SPHINX_HAT"
R1 := R1[R2]
R2 := "_스핑크스모자"
R0[R1] := R2
R1 := ACCESSORY_IDs
R2 := "ACCESSORY_SUN_GOD_HAT"
R1 := R1[R2]
R2 := "_태양신의모자"
R0[R1] := R2
R1 := ACCESSORY_IDs
R2 := "ACCESSORY_BOMGUN_HAT"
R1 := R1[R2]
R2 := "_본건모자"
R0[R1] := R2
R1 := ACCESSORY_IDs
R2 := "ACCESSORY_LOVE_NUT"
R1 := R1[R2]
R2 := "_사랑의열매"
R0[R1] := R2
R1 := ACCESSORY_IDs
R2 := "ACCESSORY_BLACKCAT_EAR"
R1 := R1[R2]
R2 := "_검은고양이귀"
R0[R1] := R2
R1 := ACCESSORY_IDs
R2 := "ACCESSORY_LAZYCAT"
R1 := R1[R2]
R2 := "_늘어진고양이"
R0[R1] := R2
R1 := ACCESSORY_IDs
R2 := "ACCESSORY_BEAR_HAT"
R1 := R1[R2]
R2 := "_곰돌이모자"
R0[R1] := R2
R1 := ACCESSORY_IDs
R2 := "ACCESSORY_KOCAL_HAT"
R1 := R1[R2]
R2 := "_꼬깔모자"
R0[R1] := R2
R1 := ACCESSORY_IDs
R2 := "ACCESSORY_FLOWER_HAIRPIN"
R1 := R1[R2]
R2 := "_꽃머리핀"
R0[R1] := R2
R1 := ACCESSORY_IDs
R2 := "ACCESSORY_MILZIP_HAT"
R1 := R1[R2]
R2 := "_밀짚모자"
R0[R1] := R2
R1 := ACCESSORY_IDs
R2 := "ACCESSORY_DAEILBAND"
R1 := R1[R2]
R2 := "_반창고"
R0[R1] := R2
R1 := ACCESSORY_IDs
R2 := "ACCESSORY_LEAF_HELM"
R1 := R1[R2]
R2 := "_나뭇잎투구"
R0[R1] := R2
R1 := ACCESSORY_IDs
R2 := "ACCESSORY_FISH_HAT"
R1 := R1[R2]
R2 := "_생선모자"
R0[R1] := R2
R1 := ACCESSORY_IDs
R2 := "ACCESSORY_SERCUBUS_HORN"
R1 := R1[R2]
R2 := "_서큐버스뿔"
R0[R1] := R2
R1 := ACCESSORY_IDs
R2 := "ACCESSORY_SOM_BRERO"
R1 := R1[R2]
R2 := "_솜브레로"
R0[R1] := R2
R1 := ACCESSORY_IDs
R2 := "ACCESSORY_DEVILWING_EAR"
R1 := R1[R2]
R2 := "_악마날개귀"
R0[R1] := R2
R1 := ACCESSORY_IDs
R2 := "ACCESSORY_FOX_MASK"
R1 := R1[R2]
R2 := "_여우가면"
R0[R1] := R2
R1 := ACCESSORY_IDs
R2 := "ACCESSORY_FIRE_HEADBAND"
R1 := R1[R2]
R2 := "_열혈머리띠"
R0[R1] := R2
R1 := ACCESSORY_IDs
R2 := "ACCESSORY_INDIAN_HEADBAND"
R1 := R1[R2]
R2 := "_인디안머리띠"
R0[R1] := R2
R1 := ACCESSORY_IDs
R2 := "ACCESSORY_INCUBUS_HORN"
R1 := R1[R2]
R2 := "_인큐버스뿔"
R0[R1] := R2
R1 := ACCESSORY_IDs
R2 := "ACCESSORY_STRAIGHT_HAT"
R1 := R1[R2]
R2 := "_자세교정모자"
R0[R1] := R2
R1 := ACCESSORY_IDs
R2 := "ACCESSORY_ANGELWING_EAR"
R1 := R1[R2]
R2 := "_천사날개귀"
R0[R1] := R2
R1 := ACCESSORY_IDs
R2 := "ACCESSORY_COWBOY_HAT"
R1 := R1[R2]
R2 := "_카우보이모자"
R0[R1] := R2
R1 := ACCESSORY_IDs
R2 := "ACCESSORY_FUR_HAT"
R1 := R1[R2]
R2 := "_털모자"
R0[R1] := R2
R1 := ACCESSORY_IDs
R2 := "ACCESSORY_TULIP_HAIRPIN"
R1 := R1[R2]
R2 := "_튤립머리핀"
R0[R1] := R2
R1 := ACCESSORY_IDs
R2 := "ACCESSORY_HAEDAL_HAT"
R1 := R1[R2]
R2 := "_해달모자"
R0[R1] := R2
R1 := ACCESSORY_IDs
R2 := "ACCESSORY_X_HAIRPIN"
R1 := R1[R2]
R2 := "_X자머리핀"
R0[R1] := R2
R1 := ACCESSORY_IDs
R2 := "ACCESSORY_QUEEN_HELM"
R1 := R1[R2]
R2 := "_여왕의투구"
R0[R1] := R2
R1 := ACCESSORY_IDs
R2 := "ACCESSORY_MISTRESS_CROWN"
R1 := R1[R2]
R2 := "_미스트레스왕관"
R0[R1] := R2
R1 := ACCESSORY_IDs
R2 := "ACCESSORY_MUSHROOM_HEADBAND"
R1 := R1[R2]
R2 := "_버섯머리띠"
R0[R1] := R2
R1 := ACCESSORY_IDs
R2 := "ACCESSORY_REDTAIL_RIBBON"
R1 := R1[R2]
R2 := "_빨간테일리본"
R0[R1] := R2
R1 := ACCESSORY_IDs
R2 := "ACCESSORY_LAZY_RACCOON"
R1 := R1[R2]
R2 := "_귀찮은너구리"
R0[R1] := R2
R1 := ACCESSORY_IDs
R2 := "ACCESSORY_BELOWEAR_RIBBON"
R1 := R1[R2]
R2 := "_양쪽귀밑리본"
R0[R1] := R2
R1 := ACCESSORY_IDs
R2 := "ACCESSORY_ALARM_MASK"
R1 := R1[R2]
R2 := "_알람가면"
R0[R1] := R2
R1 := ACCESSORY_IDs
R2 := "ACCESSORY_GOBLIN_MASK1"
R1 := R1[R2]
R2 := "_고블린가면1호"
R0[R1] := R2
R1 := ACCESSORY_IDs
R2 := "ACCESSORY_GOBLIN_MASK2"
R1 := R1[R2]
R2 := "_고블린가면2호"
R0[R1] := R2
R1 := ACCESSORY_IDs
R2 := "ACCESSORY_GOBLIN_MASK3"
R1 := R1[R2]
R2 := "_고블린가면3호"
R0[R1] := R2
R1 := ACCESSORY_IDs
R2 := "ACCESSORY_GOBLIN_MASK4"
R1 := R1[R2]
R2 := "_고블린가면4호"
R0[R1] := R2
R1 := ACCESSORY_IDs
R2 := "ACCESSORY_BIGGOLDEN_BELL"
R1 := R1[R2]
R2 := "_대형금방울"
R0[R1] := R2
R1 := ACCESSORY_IDs
R2 := "ACCESSORY_SISTER_HAT"
R1 := R1[R2]
R2 := "_수녀모자"
R0[R1] := R2
R1 := ACCESSORY_IDs
R2 := "ACCESSORY_SISTER_HAT2"
R1 := R1[R2]
R2 := "_수녀모자"
R0[R1] := R2
R1 := ACCESSORY_IDs
R2 := "ACCESSORY_ORCHERO_HELM"
R1 := R1[R2]
R2 := "_오크히어로투구"
R0[R1] := R2
R1 := ACCESSORY_IDs
R2 := "ACCESSORY_ORCHERO_HELM2"
R1 := R1[R2]
R2 := "_오크히어로투구"
R0[R1] := R2
R1 := ACCESSORY_IDs
R2 := "ACCESSORY_ASSASSIN_MASK"
R1 := R1[R2]
R2 := "_어새신마스크"
R0[R1] := R2
R1 := ACCESSORY_IDs
R2 := "ACCESSORY_TIGER_MASK"
R1 := R1[R2]
R2 := "_타이거마스크"
R0[R1] := R2
R1 := ACCESSORY_IDs
R2 := "ACCESSORY_CAT_HAT"
R1 := R1[R2]
R2 := "_고양이모자"
R0[R1] := R2
R1 := ACCESSORY_IDs
R2 := "ACCESSORY_SALE_HAT"
R1 := R1[R2]
R2 := "_세일표지판"
R0[R1] := R2
R1 := ACCESSORY_IDs
R2 := "ACCESSORY_TAKIUS"
R1 := R1[R2]
R2 := "_타키우스눈가리개"
R0[R1] := R2
R1 := ACCESSORY_IDs
R2 := "ACCESSORY_BATTLEONLINE"
R1 := R1[R2]
R2 := "_배틀온라인"
R0[R1] := R2
R1 := ACCESSORY_IDs
R2 := "ACCESSORY_HAEBARAGI_PIN"
R1 := R1[R2]
R2 := "_해바라기핀"
R0[R1] := R2
R1 := ACCESSORY_IDs
R2 := "ACCESSORY_BLACK_EYECOVER"
R1 := R1[R2]
R2 := "_검은눈가리개"
R0[R1] := R2
R1 := ACCESSORY_IDs
R2 := "ACCESSORY_TOAST"
R1 := R1[R2]
R2 := "_토스트"
R0[R1] := R2
R1 := ACCESSORY_IDs
R2 := "ACCESSORY_DECTECTIVE_HAT"
R1 := R1[R2]
R2 := "_탐정모자"
R0[R1] := R2
R1 := ACCESSORY_IDs
R2 := "ACCESSORY_CHAYANG_HAT"
R1 := R1[R2]
R2 := "_차양모자"
R0[R1] := R2
R1 := ACCESSORY_IDs
R2 := "ACCESSORY_BABY"
R1 := R1[R2]
R2 := "_젖꼭지"
R0[R1] := R2
R1 := ACCESSORY_IDs
R2 := "ACCESSORY_DUCK_HAT"
R1 := R1[R2]
R2 := "_오리모자"
R0[R1] := R2
R1 := ACCESSORY_IDs
R2 := "ACCESSORY_SUNO_HAT"
R1 := R1[R2]
R2 := "_슈노모자"
R0[R1] := R2
R1 := ACCESSORY_IDs
R2 := "ACCESSORY_ANGRY_MOUTH"
R1 := R1[R2]
R2 := "_분노입"
R0[R1] := R2
R1 := ACCESSORY_IDs
R2 := "ACCESSORY_BEONG_HAT"
R1 := R1[R2]
R2 := "_벙거지모자"
R0[R1] := R2
R1 := ACCESSORY_IDs
R2 := "ACCESSORY_COLDPROTECT_HAT"
R1 := R1[R2]
R2 := "_방한모자"
R0[R1] := R2
R1 := ACCESSORY_IDs
R2 := "ACCESSORY_BANANA_HAT"
R1 := R1[R2]
R2 := "_바나나모자"
R0[R1] := R2
R1 := ACCESSORY_IDs
R2 := "ACCESSORY_MYSTICROSE"
R1 := R1[R2]
R2 := "_미스틱로즈"
R0[R1] := R2
R1 := ACCESSORY_IDs
R2 := "ACCESSORY_PUPPY_EAR"
R1 := R1[R2]
R2 := "_강아지귀"
R0[R1] := R2
R1 := ACCESSORY_IDs
R2 := "ACCESSORY_ZIRTAS_MASK"
R1 := R1[R2]
R2 := "_지르타스가면"
R0[R1] := R2
R1 := ACCESSORY_IDs
R2 := "ACCESSORY_BIRD_NEST"
R1 := R1[R2]
R2 := "_새둥지"
R0[R1] := R2
R1 := ACCESSORY_IDs
R2 := "ACCESSORY_LION_MASK"
R1 := R1[R2]
R2 := "_라이온마스크"
R0[R1] := R2
R1 := ACCESSORY_IDs
R2 := "ACCESSORY_CROSS_HELMET"
R1 := R1[R2]
R2 := "_클로스헬멧"
R0[R1] := R2
R1 := ACCESSORY_IDs
R2 := "ACCESSORY_ANGELING_HAT"
R1 := R1[R2]
R2 := "_엔젤링모자"
R0[R1] := R2
R1 := ACCESSORY_IDs
R2 := "ACCESSORY_GOAT_HAT"
R1 := R1[R2]
R2 := "_양모자"
R0[R1] := R2
R1 := ACCESSORY_IDs
R2 := "ACCESSORY_PUMPKIN_HAT"
R1 := R1[R2]
R2 := "_호박모자"
R0[R1] := R2
R1 := ACCESSORY_IDs
R2 := "ACCESSORY_CYCLOPS_EYE"
R1 := R1[R2]
R2 := "_사이클롭스아이"
R0[R1] := R2
R1 := ACCESSORY_IDs
R2 := "ACCESSORY_ALICE_HAT"
R1 := R1[R2]
R2 := "_엘리스모자"
R0[R1] := R2
R1 := ACCESSORY_IDs
R2 := "ACCESSORY_MAGIC_EYES"
R1 := R1[R2]
R2 := "_매직아이즈"
R0[R1] := R2
R1 := ACCESSORY_IDs
R2 := "ACCESSORY_PUYONG"
R1 := R1[R2]
R2 := "_부용"
R0[R1] := R2
R1 := ACCESSORY_IDs
R2 := "ACCESSORY_PRETTY_RIBBON"
R1 := R1[R2]
R2 := "_예쁜리본"
R0[R1] := R2
R1 := ACCESSORY_IDs
R2 := "ACCESSORY_MARIONET_HAT"
R1 := R1[R2]
R2 := "_마리오넷모자"
R0[R1] := R2
R1 := ACCESSORY_IDs
R2 := "ACCESSORY_MOON_HELM"
R1 := R1[R2]
R2 := "_초승달투구"
R0[R1] := R2
R1 := ACCESSORY_IDs
R2 := "ACCESSORY_GABUKI_MASK"
R1 := R1[R2]
R2 := "_가부키가면"
R0[R1] := R2
R1 := ACCESSORY_IDs
R2 := "ACCESSORY_KOKIRI_HAT"
R1 := R1[R2]
R2 := "_코끼리모자"
R0[R1] := R2
R1 := ACCESSORY_IDs
R2 := "ACCESSORY_BASEBALL_HAT"
R1 := R1[R2]
R2 := "_야구모자"
R0[R1] := R2
R1 := ACCESSORY_IDs
R2 := "ACCESSORY_GOOKGYEONG_HAT"
R1 := R1[R2]
R2 := "_국경일모자"
R0[R1] := R2
R1 := ACCESSORY_IDs
R2 := "ACCESSORY_SILVERTIARA"
R1 := R1[R2]
R2 := "_실버티아라"
R0[R1] := R2
R1 := ACCESSORY_IDs
R2 := "ACCESSORY_PIERROT_CROWN_"
R1 := R1[R2]
R2 := "_광대모자_"
R0[R1] := R2
R1 := ACCESSORY_IDs
R2 := "ACCESSORY_MUSICHEADPHONE"
R1 := R1[R2]
R2 := "_음표헤드폰"
R0[R1] := R2
R1 := ACCESSORY_IDs
R2 := "ACCESSORY_BONGCROWN"
R1 := R1[R2]
R2 := "_봉관"
R0[R1] := R2
R1 := ACCESSORY_IDs
R2 := "ACCESSORY_ANGELING_PIN"
R1 := R1[R2]
R2 := "_엔젤링핀"
R0[R1] := R2
R1 := ACCESSORY_IDs
R2 := "ACCESSORY_GAKSITAL"
R1 := R1[R2]
R2 := "_각시탈"
R0[R1] := R2
R1 := ACCESSORY_IDs
R2 := "ACCESSORY_FEATHER_BEREHAT"
R1 := R1[R2]
R2 := "_깃털베레모"
R0[R1] := R2
R1 := ACCESSORY_IDs
R2 := "ACCESSORY_VALKYRIE_HELMET"
R1 := R1[R2]
R2 := "_발키리투구"
R0[R1] := R2
R1 := ACCESSORY_IDs
R2 := "ACCESSORY_BEREHAT"
R1 := R1[R2]
R2 := "_베레모"
R0[R1] := R2
R1 := ACCESSORY_IDs
R2 := "ACCESSORY_SATOHAT"
R1 := R1[R2]
R2 := "_사또모자"
R0[R1] := R2
R1 := ACCESSORY_IDs
R2 := "ACCESSORY_AYAM"
R1 := R1[R2]
R2 := "_아얌"
R0[R1] := R2
R1 := ACCESSORY_IDs
R2 := "ACCESSORY_NONAME"
R1 := R1[R2]
R2 := "_익명요청"
R0[R1] := R2
R1 := ACCESSORY_IDs
R2 := "ACCESSORY_HAHETAL"
R1 := R1[R2]
R2 := "_하회탈"
R0[R1] := R2
R1 := ACCESSORY_IDs
R2 := "ACCESSORY_LIONTAL"
R1 := R1[R2]
R2 := "_사자탈"
R0[R1] := R2
R1 := ACCESSORY_IDs
R2 := "ACCESSORY_GOLDTIARA"
R1 := R1[R2]
R2 := "_골드티아라"
R0[R1] := R2
R1 := ACCESSORY_IDs
R2 := "ACCESSORY_DARKHELMET"
R1 := R1[R2]
R2 := "_암흑의투구"
R0[R1] := R2
R1 := ACCESSORY_IDs
R2 := "ACCESSORY_DOGHAT"
R1 := R1[R2]
R2 := "_강아지모자"
R0[R1] := R2
R1 := ACCESSORY_IDs
R2 := "ACCESSORY_BIRDHAT"
R1 := R1[R2]
R2 := "_새둥지모자"
R0[R1] := R2
R1 := ACCESSORY_IDs
R2 := "ACCESSORY_CAPTAINHAT"
R1 := R1[R2]
R2 := "_선장의모자"
R0[R1] := R2
R1 := ACCESSORY_IDs
R2 := "ACCESSORY_BAYTREEHAT"
R1 := R1[R2]
R2 := "_월계수관"
R0[R1] := R2
R1 := ACCESSORY_IDs
R2 := "ACCESSORY_GEOGRAPHER"
R1 := R1[R2]
R2 := "_장식용지오그래퍼"
R0[R1] := R2
R1 := ACCESSORY_IDs
R2 := "ACCESSORY_TWINRIBBON"
R1 := R1[R2]
R2 := "_트윈리본"
R0[R1] := R2
R1 := ACCESSORY_IDs
R2 := "ACCESSORY_SINGERHAT"
R1 := R1[R2]
R2 := "_음유시인모자"
R0[R1] := R2
R1 := ACCESSORY_IDs
R2 := "ACCESSORY_LEAF"
R1 := R1[R2]
R2 := "_낙엽"
R0[R1] := R2
R1 := ACCESSORY_IDs
R2 := "ACCESSORY_BLACKRIBBON"
R1 := R1[R2]
R2 := "_리본_검정"
R0[R1] := R2
R1 := ACCESSORY_IDs
R2 := "ACCESSORY_YELLOWRIBBON"
R1 := R1[R2]
R2 := "_리본_노랑"
R0[R1] := R2
R1 := ACCESSORY_IDs
R2 := "ACCESSORY_GREENRIBBON"
R1 := R1[R2]
R2 := "_리본_초록"
R0[R1] := R2
R1 := ACCESSORY_IDs
R2 := "ACCESSORY_PINKRIBBON"
R1 := R1[R2]
R2 := "_리본_분홍"
R0[R1] := R2
R1 := ACCESSORY_IDs
R2 := "ACCESSORY_REDRIBBON"
R1 := R1[R2]
R2 := "_리본_빨강"
R0[R1] := R2
R1 := ACCESSORY_IDs
R2 := "ACCESSORY_ORANGERIBBON"
R1 := R1[R2]
R2 := "_리본_주홍"
R0[R1] := R2
R1 := ACCESSORY_IDs
R2 := "ACCESSORY_WHITERIBBON"
R1 := R1[R2]
R2 := "_리본_하양"
R0[R1] := R2
R1 := ACCESSORY_IDs
R2 := "ACCESSORY_LAZYRABBIT"
R1 := R1[R2]
R2 := "_늘어진토끼"
R0[R1] := R2
R1 := ACCESSORY_IDs
R2 := "ACCESSORY_MEGINCAP"
R1 := R1[R2]
R2 := "_메긴캡"
R0[R1] := R2
R1 := ACCESSORY_IDs
R2 := "ACCESSORY_PRIKACIRCLET"
R1 := R1[R2]
R2 := "_프리카서클릿"
R0[R1] := R2
R1 := ACCESSORY_IDs
R2 := "ACCESSORY_COPOLA"
R1 := R1[R2]
R2 := "_코폴라"
R0[R1] := R2
R1 := ACCESSORY_IDs
R2 := "ACCESSORY_MERONGMASK"
R1 := R1[R2]
R2 := "_메롱가면"
R0[R1] := R2
R1 := ACCESSORY_IDs
R2 := "ACCESSORY_WOOLCAP"
R1 := R1[R2]
R2 := "_울캡"
R0[R1] := R2
R1 := ACCESSORY_IDs
R2 := "ACCESSORY_ANGELKISS"
R1 := R1[R2]
R2 := "_천사의입맞춤"
R0[R1] := R2
R1 := ACCESSORY_IDs
R2 := "ACCESSORY_MORPHISDOOGUN"
R1 := R1[R2]
R2 := "_모르피셔스두건"
R0[R1] := R2
R1 := ACCESSORY_IDs
R2 := "ACCESSORY_MORIANEHELM"
R1 := R1[R2]
R2 := "_모리아네헬름"
R0[R1] := R2
R1 := ACCESSORY_IDs
R2 := "ACCESSORY_GEVNEITUGOO"
R1 := R1[R2]
R2 := "_게브네이투구"
R0[R1] := R2
R1 := ACCESSORY_IDs
R2 := "ACCESSORY_WHITEFLOWER"
R1 := R1[R2]
R2 := "_하얀꽃잎"
R0[R1] := R2
R1 := ACCESSORY_IDs
R2 := "ACCESSORY_GOLDENGORI"
R1 := R1[R2]
R2 := "_금색고리"
R0[R1] := R2
R1 := ACCESSORY_IDs
R2 := "ACCESSORY_LAUREL"
R1 := R1[R2]
R2 := "_월계관"
R0[R1] := R2
R1 := ACCESSORY_IDs
R2 := "ACCESSORY_RIDEWORD"
R1 := R1[R2]
R2 := "_라이드워드"
R0[R1] := R2
R1 := ACCESSORY_IDs
R2 := "ACCESSORY_YELLOW_BASEBALLCAP"
R1 := R1[R2]
R2 := "_노란야구모자"
R0[R1] := R2
R1 := ACCESSORY_IDs
R2 := "ACCESSORY_FLYING_ANGEL"
R1 := R1[R2]
R2 := "_비상하는천사"
R0[R1] := R2
R1 := ACCESSORY_IDs
R2 := "ACCESSORY_DRESSHAT"
R1 := R1[R2]
R2 := "_드레스햇"
R0[R1] := R2
R1 := ACCESSORY_IDs
R2 := "ACCESSORY_SATELITE_HAIRBAND"
R1 := R1[R2]
R2 := "_새틀라이트헤어밴드"
R0[R1] := R2
R1 := ACCESSORY_IDs
R2 := "ACCESSORY_BLACK_BUNNYBAND"
R1 := R1[R2]
R2 := "_검은토끼머리띠"
R0[R1] := R2
R1 := ACCESSORY_IDs
R2 := "ACCESSORY_WALLYAHWA_HAT"
R1 := R1[R2]
R2 := "_월야화모자"
R0[R1] := R2
R1 := ACCESSORY_IDs
R2 := "ACCESSORY_MARCHING_HAT"
R1 := R1[R2]
R2 := "_마칭햇"
R0[R1] := R2
R1 := ACCESSORY_IDs
R2 := "ACCESSORY_PROPELLER2"
R1 := R1[R2]
R2 := "_프로펠라_"
R0[R1] := R2
R1 := ACCESSORY_IDs
R2 := "ACCESSORY_RED_DEVIRUCHI"
R1 := R1[R2]
R2 := "_빨강새끼악마모자"
R0[R1] := R2
R1 := ACCESSORY_IDs
R2 := "ACCESSORY_WHITE_DEVIRUCHI"
R1 := R1[R2]
R2 := "_흰색새끼악마모자"
R0[R1] := R2
R1 := ACCESSORY_IDs
R2 := "ACCESSORY_GRAY_DEVIRUCHI"
R1 := R1[R2]
R2 := "_회색새끼악마모자"
R0[R1] := R2
R1 := ACCESSORY_IDs
R2 := "ACCESSORY_WHITE_LAZYCAT"
R1 := R1[R2]
R2 := "_흰색늘어진고양이"
R0[R1] := R2
R1 := ACCESSORY_IDs
R2 := "ACCESSORY_GRAY_LAZYCAT"
R1 := R1[R2]
R2 := "_회색늘어진고양이"
R0[R1] := R2
R1 := ACCESSORY_IDs
R2 := "ACCESSORY_PINK_LAZYCAT"
R1 := R1[R2]
R2 := "_분홍늘어진고양이"
R0[R1] := R2
R1 := ACCESSORY_IDs
R2 := "ACCESSORY_BLUE_LAZYCAT"
R1 := R1[R2]
R2 := "_파랑늘어진고양이"
R0[R1] := R2
R1 := ACCESSORY_IDs
R2 := "ACCESSORY_YELLOW_LAZYCAT"
R1 := R1[R2]
R2 := "_노랑늘어진고양이"
R0[R1] := R2
R1 := ACCESSORY_IDs
R2 := "ACCESSORY_GRAY_FURHAT"
R1 := R1[R2]
R2 := "_회색털모자"
R0[R1] := R2
R1 := ACCESSORY_IDs
R2 := "ACCESSORY_BLUE_FURHAT"
R1 := R1[R2]
R2 := "_파랑털모자"
R0[R1] := R2
R1 := ACCESSORY_IDs
R2 := "ACCESSORY_PINK_FURHAT"
R1 := R1[R2]
R2 := "_분홍털모자"
R0[R1] := R2
R1 := ACCESSORY_IDs
R2 := "ACCESSORY_RED_MAGICIANHAT"
R1 := R1[R2]
R2 := "_빨강마법사의모자"
R0[R1] := R2
R1 := ACCESSORY_IDs
R2 := "ACCESSORY_WHITE_MAGICIANHAT"
R1 := R1[R2]
R2 := "_흰색마법사의모자"
R0[R1] := R2
R1 := ACCESSORY_IDs
R2 := "ACCESSORY_GRAY_MAGICIANHAT"
R1 := R1[R2]
R2 := "_회색마법사의모자"
R0[R1] := R2
R1 := ACCESSORY_IDs
R2 := "ACCESSORY_BLUE_MAGICIANHAT"
R1 := R1[R2]
R2 := "_파랑마법사의모자"
R0[R1] := R2
R1 := ACCESSORY_IDs
R2 := "ACCESSORY_YELLOW_MAGICIANHAT"
R1 := R1[R2]
R2 := "_노랑마법사의모자"
R0[R1] := R2
R1 := ACCESSORY_IDs
R2 := "ACCESSORY_EARPLUG_HAT"
R1 := R1[R2]
R2 := "_귀마개모자"
R0[R1] := R2
R1 := ACCESSORY_IDs
R2 := "ACCESSORY_ELF_BLINDER"
R1 := R1[R2]
R0[R1] := "_눈가리개"
R1 := ACCESSORY_IDs
R2 := "ACCESSORY_ELF_SUNGLASS"
R1 := R1[R2]
R0[R1] := "_선글래스"
R1 := ACCESSORY_IDs
R2 := "ACCESSORY_ANGEL_MIXHELM"
R1 := R1[R2]
R0[R1] := "_천사의머리띠"
R1 := ACCESSORY_IDs
R2 := "ACCESSORY_DEVIL_MIXHELM"
R1 := R1[R2]
R0[R1] := "_악마의머리띠"
R1 := ACCESSORY_IDs
R2 := "ACCESSORY_ROBOT_BLINDER"
R1 := R1[R2]
R0[R1] := "_요정의귀"
R1 := ACCESSORY_IDs
R2 := "ACCESSORY_HUMAN_BLINDER"
R1 := R1[R2]
R0[R1] := "_요정의귀"
R1 := ACCESSORY_IDs
R2 := "ACCESSORY_ROBOT_EAR"
R1 := R1[R2]
R0[R1] := "_요정의귀"
R1 := ACCESSORY_IDs
R2 := "ACCESSORY_HUMAN_EAR"
R1 := R1[R2]
R0[R1] := "_요정의귀"
R1 := ACCESSORY_IDs
R2 := "ACCESSORY_LAZY_NINETAIL"
R1 := R1[R2]
R2 := "_늘어진구미호"
R0[R1] := R2
R1 := ACCESSORY_IDs
R2 := "ACCESSORY_LAZY_LEAF"
R1 := R1[R2]
R2 := "_리프인형모자"
R0[R1] := R2
R1 := ACCESSORY_IDs
R2 := "ACCESSORY_DEVILRING_HAT"
R1 := R1[R2]
R2 := "_데빌링모자"
R0[R1] := R2
R1 := ACCESSORY_IDs
R2 := "ACCESSORY_3PORINGS"
R1 := R1[R2]
R2 := "_포링겹모자"
R0[R1] := R2
R1 := ACCESSORY_IDs
R2 := "ACCESSORY_VALKYRIE_FEATHER"
R1 := R1[R2]
R2 := "_발키리깃털모자"
R0[R1] := R2
R1 := ACCESSORY_IDs
R2 := "ACCESSORY_SOULESS_WING"
R1 := R1[R2]
R2 := "_소울리스윙"
R0[R1] := R2
R1 := ACCESSORY_IDs
R2 := "ACCESSORY_APRO_WIG"
R1 := R1[R2]
R2 := "_아프로가발"
R0[R1] := R2
R1 := ACCESSORY_IDs
R2 := "ACCESSORY_ATIATI_HAT"
R1 := R1[R2]
R2 := "_아티아티모자"
R0[R1] := R2
R1 := ACCESSORY_IDs
R2 := "ACCESSORY_AUSTRALIA_HAT"
R1 := R1[R2]
R2 := "_호주국기모자"
R0[R1] := R2
R1 := ACCESSORY_IDs
R2 := "ACCESSORY_HAPPY_WIG"
R1 := R1[R2]
R2 := "_행복한가발"
R0[R1] := R2
R1 := ACCESSORY_IDs
R2 := "ACCESSORY_BRIGHT_WIG"
R1 := R1[R2]
R2 := "_눈부신가발"
R0[R1] := R2
R1 := ACCESSORY_IDs
R2 := "ACCESSORY_AMAZING_WIG"
R1 := R1[R2]
R2 := "_놀라운가발"
R0[R1] := R2
R1 := ACCESSORY_IDs
R2 := "ACCESSORY_FANTASTIC_WIG"
R1 := R1[R2]
R2 := "_환상적인가발"
R0[R1] := R2
R1 := ACCESSORY_IDs
R2 := "ACCESSORY_YELLOW_DOOGUN"
R1 := R1[R2]
R2 := "_노란색두건"
R0[R1] := R2
R1 := ACCESSORY_IDs
R2 := "ACCESSORY_YELLOW_RIBBON"
R1 := R1[R2]
R2 := "_노란색리본"
R0[R1] := R2
R1 := ACCESSORY_IDs
R2 := "ACCESSORY_CHICK_HAT"
R1 := R1[R2]
R2 := "_병아리모자"
R0[R1] := R2
R1 := ACCESSORY_IDs
R2 := "ACCESSORY_SUREON_CROWN"
R1 := R1[R2]
R2 := "_수련왕관"
R0[R1] := R2
R1 := ACCESSORY_IDs
R2 := "ACCESSORY_WINDMILL_HAIRPIN"
R1 := R1[R2]
R2 := "_풍차비녀"
R0[R1] := R2
R1 := ACCESSORY_IDs
R2 := "ACCESSORY_PECOPECO_HAT"
R1 := R1[R2]
R2 := "_페코페코머리띠"
R0[R1] := R2
R1 := ACCESSORY_IDs
R2 := "ACCESSORY_VACATION_HAT"
R1 := R1[R2]
R2 := "_바캉스모자"
R0[R1] := R2
R1 := ACCESSORY_IDs
R2 := "ACCESSORY_RED_GLASSES"
R1 := R1[R2]
R2 := "_빨간안경"
R0[R1] := R2
R1 := ACCESSORY_IDs
R2 := "ACCESSORY_VANIL_HAT"
R1 := R1[R2]
R2 := "_바닐미르스모자"
R0[R1] := R2
R1 := ACCESSORY_IDs
R2 := "ACCESSORY_KETTLE_HAT"
R1 := R1[R2]
R2 := "_주전자모자"
R0[R1] := R2
R1 := ACCESSORY_IDs
R2 := "ACCESSORY_DRAGON_SKULL"
R1 := R1[R2]
R2 := "_용의해골"
R0[R1] := R2
R1 := ACCESSORY_IDs
R2 := "ACCESSORY_RAMYEON_HAT"
R1 := R1[R2]
R2 := "_라면모자"
R0[R1] := R2
R1 := ACCESSORY_IDs
R2 := "ACCESSORY_WHISPER_MASK"
R1 := R1[R2]
R2 := "_위스퍼마스크"
R0[R1] := R2
R1 := ACCESSORY_IDs
R2 := "ACCESSORY_HORN_HAT"
R1 := R1[R2]
R2 := "_뿔투구모자"
R0[R1] := R2
R1 := ACCESSORY_IDs
R2 := "ACCESSORY_RUSSIA_RIBBON"
R1 := R1[R2]
R2 := "_러시아리본"
R0[R1] := R2
R1 := ACCESSORY_IDs
R2 := "ACCESSORY_LOTUS_FLOWER"
R1 := R1[R2]
R2 := "_연꽃모자"
R0[R1] := R2
R1 := ACCESSORY_IDs
R2 := "ACCESSORY_CEREMONIAL_CORONET"
R1 := R1[R2]
R2 := "_화관"
R0[R1] := R2
R1 := ACCESSORY_IDs
R2 := "ACCESSORY_MANGMOK"
R1 := R1[R2]
R2 := "_맹목모"
R0[R1] := R2
R1 := ACCESSORY_IDs
R2 := "ACCESSORY_PIRATE_DAGGER"
R1 := R1[R2]
R2 := "_해적의대거"
R0[R1] := R2
R1 := ACCESSORY_IDs
R2 := "ACCESSORY_FREYA_CROWN"
R1 := R1[R2]
R2 := "_프레이야의크라운"
R0[R1] := R2
R1 := ACCESSORY_IDs
R2 := "ACCESSORY_TROPICALFRUIT"
R1 := R1[R2]
R2 := "_열대과일모자"
R0[R1] := R2
R1 := ACCESSORY_IDs
R2 := "ACCESSORY_BRAZIL_HAT"
R1 := R1[R2]
R2 := "_브라질국기모자"
R0[R1] := R2
R1 := ACCESSORY_IDs
R2 := "ACCESSORY_MOHIKAN"
R1 := R1[R2]
R2 := "_모히칸"
R0[R1] := R2
R1 := ACCESSORY_IDs
R2 := "ACCESSORY_BANJAK_JEONGOO"
R1 := R1[R2]
R2 := "_반짝전구머리띠"
R0[R1] := R2
R1 := ACCESSORY_IDs
R2 := "ACCESSORY_BIG_HIBISCUS"
R1 := R1[R2]
R2 := "_큰하이비스커스"
R0[R1] := R2
R1 := ACCESSORY_IDs
R2 := "ACCESSORY_AYOTAYA_HAT"
R1 := R1[R2]
R2 := "_아요타야모자"
R0[R1] := R2
R1 := ACCESSORY_IDs
R2 := "ACCESSORY_DIA_DAM"
R1 := R1[R2]
R2 := "_다이아뎀"
R0[R1] := R2
R1 := ACCESSORY_IDs
R2 := "ACCESSORY_HAKI_MASK"
R1 := R1[R2]
R2 := "_하키마스크"
R0[R1] := R2
R1 := ACCESSORY_IDs
R2 := "ACCESSORY_OBSERVER"
R1 := R1[R2]
R2 := "_옵저버"
R0[R1] := R2
R1 := ACCESSORY_IDs
R2 := "ACCESSORY_UMBRELLA_HAT"
R1 := R1[R2]
R2 := "_우산모자"
R0[R1] := R2
R1 := ACCESSORY_IDs
R2 := "ACCESSORY_FISHER_HAT"
R1 := R1[R2]
R2 := "_어부의모자"
R0[R1] := R2
R1 := ACCESSORY_IDs
R2 := "ACCESSORY_PORINGPARTY_HAT"
R1 := R1[R2]
R2 := "_포링파티모자"
R0[R1] := R2
R1 := ACCESSORY_IDs
R2 := "ACCESSORY_BLUE_ANGELING_HAT"
R1 := R1[R2]
R2 := "_파란엔젤링모자"
R0[R1] := R2
R1 := ACCESSORY_IDs
R2 := "ACCESSORY_INDONESIA_HARIBAND"
R1 := R1[R2]
R2 := "_인도네시아헤어밴드"
R0[R1] := R2
R1 := ACCESSORY_IDs
R2 := "ACCESSORY_SCARF"
R1 := R1[R2]
R2 := "_스카프"
R0[R1] := R2
R1 := ACCESSORY_IDs
R2 := "ACCESSORY_LITTLEANGELDOLL"
R1 := R1[R2]
R2 := "_리틀엔젤돌"
R0[R1] := R2
R1 := ACCESSORY_IDs
R2 := "ACCESSORY_ROBOTEYE"
R1 := R1[R2]
R2 := "_로보아이"
R0[R1] := R2
R1 := ACCESSORY_IDs
R2 := "ACCESSORY_ROKIMASK"
R1 := R1[R2]
R2 := "_로키마스크"
R0[R1] := R2
R1 := ACCESSORY_IDs
R2 := "ACCESSORY_JEONPA_ANTENNA"
R1 := R1[R2]
R2 := "_전파안테나"
R0[R1] := R2
R1 := ACCESSORY_IDs
R2 := "ACCESSORY_WANTTOFLY_ANGELING"
R1 := R1[R2]
R2 := "_날고싶은엔젤링"
R0[R1] := R2
R1 := ACCESSORY_IDs
R2 := "ACCESSORY_JUMPING_PORING"
R1 := R1[R2]
R2 := "_폴짝이는포링"
R0[R1] := R2
R1 := ACCESSORY_IDs
R2 := "ACCESSORY_WANT_GUILDMAN"
R1 := R1[R2]
R2 := "_길드원모집모자"
R0[R1] := R2
R1 := ACCESSORY_IDs
R2 := "ACCESSORY_WANT_PARTY"
R1 := R1[R2]
R2 := "_파티구함모자"
R0[R1] := R2
R1 := ACCESSORY_IDs
R2 := "ACCESSORY_WANT_BOY"
R1 := R1[R2]
R2 := "_남친구함모자"
R0[R1] := R2
R1 := ACCESSORY_IDs
R2 := "ACCESSORY_WANT_FRIEND"
R1 := R1[R2]
R2 := "_친구구함모자"
R0[R1] := R2
R1 := ACCESSORY_IDs
R2 := "ACCESSORY_DIFORTE"
R1 := R1[R2]
R2 := "_디포르테인형모자"
R0[R1] := R2
R1 := ACCESSORY_IDs
R2 := "ACCESSORY_GLARRIS"
R1 := R1[R2]
R2 := "_글라리스인형모자"
R0[R1] := R2
R1 := ACCESSORY_IDs
R2 := "ACCESSORY_SORIN"
R1 := R1[R2]
R2 := "_소린인형모자"
R0[R1] := R2
R1 := ACCESSORY_IDs
R2 := "ACCESSORY_TAILING"
R1 := R1[R2]
R2 := "_테일링인형모자"
R0[R1] := R2
R1 := ACCESSORY_IDs
R2 := "ACCESSORY_BINIT"
R1 := R1[R2]
R2 := "_비닛인형모자"
R0[R1] := R2
R1 := ACCESSORY_IDs
R2 := "ACCESSORY_W"
R1 := R1[R2]
R2 := "_더블류인형모자"
R0[R1] := R2
R1 := ACCESSORY_IDs
R2 := "ACCESSORY_WANT_GIRL"
R1 := R1[R2]
R2 := "_여친구함모자"
R0[R1] := R2
R1 := ACCESSORY_IDs
R2 := "ACCESSORY_POPORING_HAT"
R1 := R1[R2]
R2 := "_포포링모자"
R0[R1] := R2
R1 := ACCESSORY_IDs
R2 := "ACCESSORY_MUSLIM_M"
R1 := R1[R2]
R2 := "_무슬림남자모"
R0[R1] := R2
R1 := ACCESSORY_IDs
R2 := "ACCESSORY_MUSLIM_F"
R1 := R1[R2]
R2 := "_무슬림여자모"
R0[R1] := R2
R1 := ACCESSORY_IDs
R2 := "ACCESSORY_MAWANG_HAT"
R1 := R1[R2]
R2 := "_다크바실리움"
R0[R1] := R2
R1 := ACCESSORY_IDs
R2 := "ACCESSORY_VICTORYWING"
R1 := R1[R2]
R2 := "_승리의날개"
R0[R1] := R2
R1 := ACCESSORY_IDs
R2 := "ACCESSORY_PECOPECO_FLY_HAT"
R1 := R1[R2]
R2 := "_페코페코날개귀"
R0[R1] := R2
R1 := ACCESSORY_IDs
R2 := "ACCESSORY_CAPTION_HAT"
R1 := R1[R2]
R2 := "_선장모자"
R0[R1] := R2
R1 := ACCESSORY_IDs
R2 := "ACCESSORY_WHIKEBAIN_EARS"
R1 := R1[R2]
R2 := "_휘케바인의귀"
R0[R1] := R2
R1 := ACCESSORY_IDs
R2 := "ACCESSORY_GANG_SCARF"
R1 := R1[R2]
R2 := "_갱스카프"
R0[R1] := R2
R1 := ACCESSORY_IDs
R2 := "ACCESSORY_NINJA_SCROLL"
R1 := R1[R2]
R2 := "_닌자의두루마리"
R0[R1] := R2
R1 := ACCESSORY_IDs
R2 := "ACCESSORY_SIMYEON_HAT"
R1 := R1[R2]
R2 := "_심연의투구"
R0[R1] := R2
R1 := ACCESSORY_IDs
R2 := "ACCESSORY_BLACKDEATHKING"
R1 := R1[R2]
R2 := "_흑사왕의모자"
R0[R1] := R2
R1 := ACCESSORY_IDs
R2 := "ACCESSORY_EGGFRY"
R1 := R1[R2]
R2 := "_계란후라이"
R0[R1] := R2
R1 := ACCESSORY_IDs
R2 := "ACCESSORY_EMPEROR_HAT"
R1 := R1[R2]
R2 := "_왕의모자"
R0[R1] := R2
R1 := ACCESSORY_IDs
R2 := "ACCESSORY_HAEGOON_HAT"
R1 := R1[R2]
R2 := "_혜군모자"
R0[R1] := R2
R1 := ACCESSORY_IDs
R2 := "ACCESSORY_NANCHO_HAT"
R1 := R1[R2]
R2 := "_난초머리띠"
R0[R1] := R2
R1 := ACCESSORY_IDs
R2 := "ACCESSORY_PANGUAN_HAT"
R1 := R1[R2]
R2 := "_판관모자"
R0[R1] := R2
R1 := ACCESSORY_IDs
R2 := "ACCESSORY_LAZY_WHITECAT"
R1 := R1[R2]
R2 := "_늘어진하얀고양이"
R0[R1] := R2
R1 := ACCESSORY_IDs
R2 := "ACCESSORY_DARKNESS_HELM"
R1 := R1[R2]
R2 := "_다크네스헬름"
R0[R1] := R2
R1 := ACCESSORY_IDs
R2 := "ACCESSORY_HUGE_MAJESTIC"
R1 := R1[R2]
R2 := "_대형마제스틱고우트"
R0[R1] := R2
R1 := ACCESSORY_IDs
R2 := "ACCESSORY_HUGE_ORCHERO"
R1 := R1[R2]
R2 := "_대형오크히어로투구"
R0[R1] := R2
R1 := ACCESSORY_IDs
R2 := "ACCESSORY_SATANIC_CHAIN"
R1 := R1[R2]
R2 := "_사타닉체인"
R0[R1] := R2
R1 := ACCESSORY_IDs
R2 := "ACCESSORY_ENTIQUE_CIGAR"
R1 := R1[R2]
R2 := "_앤티크담뱃대"
R0[R1] := R2
R1 := ACCESSORY_IDs
R2 := "ACCESSORY_RABBITEAR"
R1 := R1[R2]
R2 := "_토끼귀모자"
R0[R1] := R2
R1 := ACCESSORY_IDs
R2 := "ACCESSORY_BALLOON_HAT"
R1 := R1[R2]
R2 := "_벌룬햇"
R0[R1] := R2
R1 := ACCESSORY_IDs
R2 := "ACCESSORY_FISH_HEAD_HAT"
R1 := R1[R2]
R2 := "_물고기머리모자"
R0[R1] := R2
R1 := ACCESSORY_IDs
R2 := "ACCESSORY_SANTA_PORING_HAT"
R1 := R1[R2]
R2 := "_산타포링모자"
R0[R1] := R2
R1 := ACCESSORY_IDs
R2 := "ACCESSORY_BELL_RIBBON"
R1 := R1[R2]
R2 := "_방울리본"
R0[R1] := R2
R1 := ACCESSORY_IDs
R2 := "ACCESSORY_HUNTINGCAP"
R1 := R1[R2]
R2 := "_헌팅캡"
R0[R1] := R2
R1 := ACCESSORY_IDs
R2 := "ACCESSORY_TWIN_SANTAHAT"
R1 := R1[R2]
R2 := "_양갈래산타모자"
R0[R1] := R2
R1 := ACCESSORY_IDs
R2 := "ACCESSORY_YOYOHAT"
R1 := R1[R2]
R2 := "_요요모자"
R0[R1] := R2
R1 := ACCESSORY_IDs
R2 := "ACCESSORY_NEKOMIMI_KAFRA"
R1 := R1[R2]
R2 := "_네코미미카프라"
R0[R1] := R2
R1 := ACCESSORY_IDs
R2 := "ACCESSORY_SNAKE_HAT"
R1 := R1[R2]
R2 := "_뱀머리모자"
R0[R1] := R2
R1 := ACCESSORY_IDs
R2 := "ACCESSORY_ANGEL_GHOST"
R1 := R1[R2]
R2 := "_천사의유령"
R0[R1] := R2
R1 := ACCESSORY_IDs
R2 := "ACCESSORY_BLUE_SANTAHAT"
R1 := R1[R2]
R2 := "_파란양갈래산타모자"
R0[R1] := R2
R1 := ACCESSORY_IDs
R2 := "ACCESSORY_SEOLNAL_HAT"
R1 := R1[R2]
R2 := "_뤄양의설날모자"
R0[R1] := R2
R1 := ACCESSORY_IDs
R2 := "ACCESSORY_VALENTINE_HAT"
R1 := R1[R2]
R2 := "_발렌타인모자"
R0[R1] := R2
R1 := ACCESSORY_IDs
R2 := "ACCESSORY_TIRAYABONET"
R1 := R1[R2]
R2 := "_티라야보넷"
R0[R1] := R2
R1 := ACCESSORY_IDs
R2 := "ACCESSORY_JASPER"
R1 := R1[R2]
R2 := "_재스퍼크레스트"
R0[R1] := R2
R1 := ACCESSORY_IDs
R2 := "ACCESSORY_SCUVER_MASK"
R1 := R1[R2]
R2 := "_스쿠버마스크"
R0[R1] := R2
R1 := ACCESSORY_IDs
R2 := "ACCESSORY_BONEHEAD"
R1 := R1[R2]
R2 := "_본헤드"
R0[R1] := R2
R1 := ACCESSORY_IDs
R2 := "ACCESSORY_MANDRAGORA"
R1 := R1[R2]
R2 := "_만드라고라캡"
R0[R1] := R2
R1 := ACCESSORY_IDs
R2 := "ACCESSORY_FOXHAT"
R1 := R1[R2]
R2 := "_여우모자"
R0[R1] := R2
R1 := ACCESSORY_IDs
R2 := "ACCESSORY_BLACKGLASSES"
R1 := R1[R2]
R2 := "_검은뿔테안경"
R0[R1] := R2
R1 := ACCESSORY_IDs
R2 := "ACCESSORY_PLAYELF"
R1 := R1[R2]
R2 := "_장난꾸러기요정"
R0[R1] := R2
R1 := ACCESSORY_IDs
R2 := "ACCESSORY_FISHINMOUTH"
R1 := R1[R2]
R2 := "_입에문물고기"
R0[R1] := R2
R1 := ACCESSORY_IDs
R2 := "ACCESSORY_BLUERIBBON"
R1 := R1[R2]
R2 := "_블루리본"
R0[R1] := R2
R1 := ACCESSORY_IDs
R2 := "ACCESSORY_PHILIRHAT"
R1 := R1[R2]
R2 := "_필리르모자"
R0[R1] := R2
R1 := ACCESSORY_IDs
R2 := "ACCESSORY_ACADEMY_NEWBIE"
R1 := R1[R2]
R2 := "_아카데미신입생모자"
R0[R1] := R2
R1 := ACCESSORY_IDs
R2 := "ACCESSORY_ACADEMY_LV1"
R1 := R1[R2]
R2 := "_아카데미1수료모자"
R0[R1] := R2
R1 := ACCESSORY_IDs
R2 := "ACCESSORY_NEW_COWBOY"
R1 := R1[R2]
R2 := "_신카우보이모자"
R0[R1] := R2
R1 := ACCESSORY_IDs
R2 := "ACCESSORY_BREAD2"
R1 := R1[R2]
R2 := "_빵봉투2"
R0[R1] := R2
R1 := ACCESSORY_IDs
R2 := "ACCESSORY_WHITESNAKE"
R1 := R1[R2]
R2 := "_하얀뱀모자"
R0[R1] := R2
R1 := ACCESSORY_IDs
R2 := "ACCESSORY_SWEETCANDY"
R1 := R1[R2]
R2 := "_달콤한사탕"
R0[R1] := R2
R1 := ACCESSORY_IDs
R2 := "ACCESSORY_POPCORN_HAT"
R1 := R1[R2]
R2 := "_팝콘모자"
R0[R1] := R2
R1 := ACCESSORY_IDs
R2 := "ACCESSORY_CAMPFIRE_HAT"
R1 := R1[R2]
R2 := "_캠프파이어모자"
R0[R1] := R2
R1 := ACCESSORY_IDs
R2 := "ACCESSORY_PORINGCAKE_HAT"
R1 := R1[R2]
R2 := "_포링케이크모자"
R0[R1] := R2
R1 := ACCESSORY_IDs
R2 := "ACCESSORY_BEER_HAT"
R1 := R1[R2]
R2 := "_맥주모자"
R0[R1] := R2
R1 := ACCESSORY_IDs
R2 := "ACCESSORY_CROWNBIRD"
R1 := R1[R2]
R2 := "_왕관앵무"
R0[R1] := R2
R1 := ACCESSORY_IDs
R2 := "ACCESSORY_SOLDIERHAT"
R1 := R1[R2]
R2 := "_병정모자"
R0[R1] := R2
R1 := ACCESSORY_IDs
R2 := "ACCESSORY_IFRIT_MASK"
R1 := R1[R2]
R2 := "_이프리트가면"
R0[R1] := R2
R1 := ACCESSORY_IDs
R2 := "ACCESSORY_IFRIT_EAR"
R1 := R1[R2]
R2 := "_이프리트의귀"
R0[R1] := R2
R1 := ACCESSORY_IDs
R2 := "ACCESSORY_WORDBOOK"
R1 := R1[R2]
R2 := "_문자책모자"
R0[R1] := R2
R1 := ACCESSORY_IDs
R2 := "ACCESSORY_LOVECHINA"
R1 := R1[R2]
R2 := "_알럽차이나모자"
R0[R1] := R2
R1 := ACCESSORY_IDs
R2 := "ACCESSORY_FANTAORANGE"
R1 := R1[R2]
R2 := "_환타오렌지캔"
R0[R1] := R2
R1 := ACCESSORY_IDs
R2 := "ACCESSORY_FANTAGRAPE"
R1 := R1[R2]
R2 := "_환타그레이프캔"
R0[R1] := R2
R1 := ACCESSORY_IDs
R2 := "ACCESSORY_KARADA_HAT"
R1 := R1[R2]
R2 := "_카라다메구리차모자"
R0[R1] := R2
R1 := ACCESSORY_IDs
R2 := "ACCESSORY_REDTEA_HAT"
R1 := R1[R2]
R2 := "_홍차화전모자"
R0[R1] := R2
R1 := ACCESSORY_IDs
R2 := "ACCESSORY_BREADHAT1"
R1 := R1[R2]
R2 := "_빵봉투1"
R0[R1] := R2
R1 := ACCESSORY_IDs
R2 := "ACCESSORY_DOKEBIHAT"
R1 := R1[R2]
R2 := "_도깨비모자"
R0[R1] := R2
R1 := ACCESSORY_IDs
R2 := "ACCESSORY_FLAMECROWN"
R1 := R1[R2]
R2 := "_성화관"
R0[R1] := R2
R1 := ACCESSORY_IDs
R2 := "ACCESSORY_CHICK_HAT2"
R1 := R1[R2]
R2 := "_꼬꼬댁모자"
R0[R1] := R2
R1 := ACCESSORY_IDs
R2 := "ACCESSORY_BRAZIL4"
R1 := R1[R2]
R2 := "_브라질4주년모자"
R0[R1] := R2
R1 := ACCESSORY_IDs
R2 := "ACCESSORY_GOLDENLAUREL"
R1 := R1[R2]
R2 := "_황금월계수"
R0[R1] := R2
R1 := ACCESSORY_IDs
R2 := "ACCESSORY_COLA_CAN"
R1 := R1[R2]
R2 := "_콜라캔"
R0[R1] := R2
R1 := ACCESSORY_IDs
R2 := "ACCESSORY_COKE_HAT"
R1 := R1[R2]
R2 := "_코카콜라모자"
R0[R1] := R2
R1 := ACCESSORY_IDs
R2 := "ACCESSORY_BRIDE_FLOWER"
R1 := R1[R2]
R2 := "_신부의화관"
R0[R1] := R2
R1 := ACCESSORY_IDs
R2 := "ACCESSORY_SKYGIRL_FLOWER"
R1 := R1[R2]
R2 := "_선녀의꽃"
R0[R1] := R2
R1 := ACCESSORY_IDs
R2 := "ACCESSORY_HAIRBAND_GREEN"
R1 := R1[R2]
R2 := "_머리끈_녹색"
R0[R1] := R2
R1 := ACCESSORY_IDs
R2 := "ACCESSORY_HAIRBAND_RED"
R1 := R1[R2]
R2 := "_머리끈_빨강"
R0[R1] := R2
R1 := ACCESSORY_IDs
R2 := "ACCESSORY_HAIRBAND_BLUE"
R1 := R1[R2]
R2 := "_머리끈_파랑"
R0[R1] := R2
R1 := ACCESSORY_IDs
R2 := "ACCESSORY_HAIRBAND_WHITE"
R1 := R1[R2]
R2 := "_머리끈_하양"
R0[R1] := R2
R1 := ACCESSORY_IDs
R2 := "ACCESSORY_NECKTIE"
R1 := R1[R2]
R2 := "_넥타이"
R0[R1] := R2
R1 := ACCESSORY_IDs
R2 := "ACCESSORY_BABYANGEL_STONE"
R1 := R1[R2]
R2 := "_아기천사상"
R0[R1] := R2
R1 := ACCESSORY_IDs
R2 := "ACCESSORY_HAIRBRUSH"
R1 := R1[R2]
R2 := "_머리빗"
R0[R1] := R2
R1 := ACCESSORY_IDs
R2 := "ACCESSORY_CANDYIN_MOUTH"
R1 := R1[R2]
R2 := "_입에무는막대사탕"
R0[R1] := R2
R1 := ACCESSORY_IDs
R2 := "ACCESSORY_CATFOOT"
R1 := R1[R2]
R2 := "_고양이발머리핀"
R0[R1] := R2
R1 := ACCESSORY_IDs
R2 := "ACCESSORY_FROGHAT"
R1 := R1[R2]
R2 := "_개구리모자"
R0[R1] := R2
R1 := ACCESSORY_IDs
R2 := "ACCESSORY_FACEBOX1"
R1 := R1[R2]
R2 := "_혼자놀기상자1"
R0[R1] := R2
R1 := ACCESSORY_IDs
R2 := "ACCESSORY_FACEBOX2"
R1 := R1[R2]
R2 := "_혼자놀기상자2"
R0[R1] := R2
R1 := ACCESSORY_IDs
R2 := "ACCESSORY_SUNHAT"
R1 := R1[R2]
R2 := "_태양모자"
R0[R1] := R2
R1 := ACCESSORY_IDs
R2 := "ACCESSORY_DRAGON_GOLD"
R1 := R1[R2]
R2 := "_용투구_금"
R0[R1] := R2
R1 := ACCESSORY_IDs
R2 := "ACCESSORY_DRAGON_SILVER"
R1 := R1[R2]
R2 := "_용투구_은"
R0[R1] := R2
R1 := ACCESSORY_IDs
R2 := "ACCESSORY_DRAGON_BRONZE"
R1 := R1[R2]
R2 := "_용투구_동"
R0[R1] := R2
R1 := ACCESSORY_IDs
R2 := "ACCESSORY_RABBITHAT"
R1 := R1[R2]
R2 := "_옥토끼모자"
R0[R1] := R2
R1 := ACCESSORY_IDs
R2 := "ACCESSORY_WINDTOY_HAT"
R1 := R1[R2]
R2 := "_바람개비모자"
R0[R1] := R2
R1 := ACCESSORY_IDs
R2 := "ACCESSORY_EVOLVED_DRAGON"
R1 := R1[R2]
R2 := "_진화된용의해골"
R0[R1] := R2
R1 := ACCESSORY_IDs
R2 := "ACCESSORY_EVOLVED_WHISPER"
R1 := R1[R2]
R2 := "_진화된위스퍼마스크"
R0[R1] := R2
R1 := ACCESSORY_IDs
R2 := "ACCESSORY_BIGNAIL_SCARF"
R1 := R1[R2]
R2 := "_대못박힌스카프"
R0[R1] := R2
R1 := ACCESSORY_IDs
R2 := "ACCESSORY_RAINBOW_SCARF"
R1 := R1[R2]
R2 := "_무지개스카프"
R0[R1] := R2
R1 := ACCESSORY_IDs
R2 := "ACCESSORY_JAHA_DOLL"
R1 := R1[R2]
R2 := "_자하인형모자"
R0[R1] := R2
R1 := ACCESSORY_IDs
R2 := "ACCESSORY_CELESTIAL_HAT"
R1 := R1[R2]
R2 := "_하늘모자"
R0[R1] := R2
R1 := ACCESSORY_IDs
R2 := "ACCESSORY_WIND_MILESTONE"
R1 := R1[R2]
R2 := "_바람의이정표"
R0[R1] := R2
R1 := ACCESSORY_IDs
R2 := "ACCESSORY_HELM_OF_DRAGOON"
R1 := R1[R2]
R2 := "_드래군헬름"
R0[R1] := R2
R1 := ACCESSORY_IDs
R2 := "ACCESSORY_PARADE_CAP"
R1 := R1[R2]
R2 := "_퍼레이드모자"
R0[R1] := R2
R1 := ACCESSORY_IDs
R2 := "ACCESSORY_NOBLE_HAT"
R1 := R1[R2]
R2 := "_노블햇"
R0[R1] := R2
R1 := ACCESSORY_IDs
R2 := "ACCESSORY_EYES_OF_DARKNESS"
R1 := R1[R2]
R2 := "_다크니스아이즈"
R0[R1] := R2
R1 := ACCESSORY_IDs
R2 := "ACCESSORY_HAIRBAND_OF_REGINLEIF"
R1 := R1[R2]
R2 := "_레긴레이브의날개"
R0[R1] := R2
R1 := ACCESSORY_IDs
R2 := "ACCESSORY_RED_WHITE_HAT"
R1 := R1[R2]
R2 := "_홍백모자"
R0[R1] := R2
R1 := ACCESSORY_IDs
R2 := "ACCESSORY_FORCEPS_HAIRPIN"
R1 := R1[R2]
R2 := "_집게발머리핀"
R0[R1] := R2
R1 := ACCESSORY_IDs
R2 := "ACCESSORY_NOTICE_BOARD"
R1 := R1[R2]
R2 := "_알림간판"
R0[R1] := R2
R1 := ACCESSORY_IDs
R2 := "ACCESSORY_CUBE_MASK"
R1 := R1[R2]
R2 := "_큐브마스크"
R0[R1] := R2
R1 := ACCESSORY_IDs
R2 := "ACCESSORY_HAIRBAND_OF_GRANDPECO"
R1 := R1[R2]
R2 := "_그랜드페코의머리띠"
R0[R1] := R2
R1 := ACCESSORY_IDs
R2 := "ACCESSORY_BR_FLAG_BANDANNA"
R1 := R1[R2]
R2 := "_브라질국기두건"
R0[R1] := R2
R1 := ACCESSORY_IDs
R2 := "ACCESSORY_CLASSIC_HAT"
R1 := R1[R2]
R2 := "_클래식햇"
R0[R1] := R2
R1 := ACCESSORY_IDs
R2 := "ACCESSORY_SHAMAN_STUFF"
R1 := R1[R2]
R2 := "_샤먼의머리장식"
R0[R1] := R2
R1 := ACCESSORY_IDs
R2 := "ACCESSORY_BZOFNIL_WING"
R1 := R1[R2]
R2 := "_비조프닐날개장식"
R0[R1] := R2
R1 := ACCESSORY_IDs
R2 := "ACCESSORY_HERMOZ_CAP"
R1 := R1[R2]
R2 := "_헤르모즈캡"
R0[R1] := R2
R1 := ACCESSORY_IDs
R2 := "ACCESSORY_DARKKNIGHT_MASK"
R1 := R1[R2]
R2 := "_다크나이트마스크"
R0[R1] := R2
R1 := ACCESSORY_IDs
R2 := "ACCESSORY_ODIN_MASK"
R1 := R1[R2]
R2 := "_오딘마스크"
R0[R1] := R2
R1 := ACCESSORY_IDs
R2 := "ACCESSORY_RED_PHD_HAT"
R1 := R1[R2]
R2 := "_붉은학사모"
R0[R1] := R2
R1 := ACCESSORY_IDs
R2 := "ACCESSORY_TAIWANFLAG"
R1 := R1[R2]
R2 := "_대만국기모자"
R0[R1] := R2
R1 := ACCESSORY_IDs
R2 := "ACCESSORY_TIGERFACE"
R1 := R1[R2]
R2 := "_호랑이얼굴"
R0[R1] := R2
R1 := ACCESSORY_IDs
R2 := "ACCESSORY_LOVEDADDY"
R1 := R1[R2]
R2 := "_러브대디"
R0[R1] := R2
R1 := ACCESSORY_IDs
R2 := "ACCESSORY_ANUBIS_HELM"
R1 := R1[R2]
R2 := "_아누비스투구"
R0[R1] := R2
R1 := ACCESSORY_IDs
R2 := "ACCESSORY_HAT_OF_OUTLAW"
R1 := R1[R2]
R2 := "_무법자모자"
R0[R1] := R2
R1 := ACCESSORY_IDs
R2 := "ACCESSORY_PIZZA_HAT"
R1 := R1[R2]
R2 := "_피자모자"
R0[R1] := R2
R1 := ACCESSORY_IDs
R2 := "ACCESSORY_ICECREAM_HAT"
R1 := R1[R2]
R2 := "_아이스크림모자"
R0[R1] := R2
R1 := ACCESSORY_IDs
R2 := "ACCESSORY_CHINESE_5TH"
R1 := R1[R2]
R2 := "_5주년기념면사포"
R0[R1] := R2
R1 := ACCESSORY_IDs
R2 := "ACCESSORY_WOLFKING"
R1 := R1[R2]
R2 := "_떠돌이늑대왕투구"
R0[R1] := R2
R1 := ACCESSORY_IDs
R2 := "ACCESSORY_GANG_DOOGUN"
R1 := R1[R2]
R2 := "_강령술사의두건"
R0[R1] := R2
R1 := ACCESSORY_IDs
R2 := "ACCESSORY_ASARA_FAIRY"
R1 := R1[R2]
R2 := "_아사라요정모자"
R0[R1] := R2
R1 := ACCESSORY_IDs
R2 := "ACCESSORY_THUNDER_GOD"
R1 := R1[R2]
R2 := "_뇌신지력"
R0[R1] := R2
R1 := ACCESSORY_IDs
R2 := "ACCESSORY_DICE_HAT"
R1 := R1[R2]
R2 := "_주사위모자"
R0[R1] := R2
R1 := ACCESSORY_IDs
R2 := "ACCESSORY_TIGER_KING"
R1 := R1[R2]
R2 := "_호랑이왕인형모자"
R0[R1] := R2
R1 := ACCESSORY_IDs
R2 := "ACCESSORY_PIRATE_PRIDE"
R1 := R1[R2]
R2 := "_해적의자존심"
R0[R1] := R2
R1 := ACCESSORY_IDs
R2 := "ACCESSORY_RABBIT_MAGIC"
R1 := R1[R2]
R2 := "_토끼마술모자"
R0[R1] := R2
R1 := ACCESSORY_IDs
R2 := "ACCESSORY_BLACKELF_YEAR"
R1 := R1[R2]
R2 := "_검은요정의귀"
R0[R1] := R2
R1 := ACCESSORY_IDs
R2 := "ACCESSORY_GOLDEN_TULIP"
R1 := R1[R2]
R2 := "_황금튤립머리핀"
R0[R1] := R2
R1 := ACCESSORY_IDs
R2 := "ACCESSORY_LOVELYCHICK_HAT"
R1 := R1[R2]
R2 := "_사랑의병아리모자"
R0[R1] := R2
R1 := ACCESSORY_IDs
R2 := "ACCESSORY_BLUE_PAJAMA"
R1 := R1[R2]
R2 := "_파란파자마모자"
R0[R1] := R2
R1 := ACCESSORY_IDs
R2 := "ACCESSORY_PINK_PAJAMA"
R1 := R1[R2]
R2 := "_핑크파자마모자"
R0[R1] := R2
R1 := ACCESSORY_IDs
R2 := "ACCESSORY_SHARK_HAT"
R1 := R1[R2]
R2 := "_상어모자"
R0[R1] := R2
R1 := ACCESSORY_IDs
R2 := "ACCESSORY_STING_HAT"
R1 := R1[R2]
R2 := "_스팅모자"
R0[R1] := R2
R1 := ACCESSORY_IDs
R2 := "ACCESSORY_CARNIBAL_HAT"
R1 := R1[R2]
R2 := "_카니발모자"
R0[R1] := R2
R1 := ACCESSORY_IDs
R2 := "ACCESSORY_CARNIBAL_CIRCLET"
R1 := R1[R2]
R2 := "_카니발서클릿"
R0[R1] := R2
R1 := ACCESSORY_IDs
R2 := "ACCESSORY_SHOWER_CAP"
R1 := R1[R2]
R2 := "_샤워캡"
R0[R1] := R2
R1 := ACCESSORY_IDs
R2 := "ACCESSORY_SAMAN_BAIYA"
R1 := R1[R2]
R2 := "_사만바이아"
R0[R1] := R2
R1 := ACCESSORY_IDs
R2 := "ACCESSORY_AQUARIUS_DIADEM"
R1 := R1[R2]
R2 := "_보병궁보관"
R0[R1] := R2
R1 := ACCESSORY_IDs
R2 := "ACCESSORY_AQUARIUS_CROWN"
R1 := R1[R2]
R2 := "_보병궁왕관"
R0[R1] := R2
R1 := ACCESSORY_IDs
R2 := "ACCESSORY_PISCES_DIADEM"
R1 := R1[R2]
R2 := "_쌍어궁보관"
R0[R1] := R2
R1 := ACCESSORY_IDs
R2 := "ACCESSORY_PISCES_CROWN"
R1 := R1[R2]
R2 := "_쌍어궁왕관"
R0[R1] := R2
R1 := ACCESSORY_IDs
R2 := "ACCESSORY_BIG_MAJESTIC2"
R1 := R1[R2]
R2 := "_대형마제스틱고우트2"
R0[R1] := R2
R1 := ACCESSORY_IDs
R2 := "ACCESSORY_PEACOCK_FEATHER"
R1 := R1[R2]
R2 := "_공작새깃털"
R0[R1] := R2
R1 := ACCESSORY_IDs
R2 := "ACCESSORY_RABBITEAR2"
R1 := R1[R2]
R2 := "_토끼귀마개"
R0[R1] := R2
R1 := ACCESSORY_IDs
R2 := "ACCESSORY_FANTA_ZERO_LEMON_HAT"
R1 := R1[R2]
R2 := "_환타제로레몬모자"
R0[R1] := R2
R1 := ACCESSORY_IDs
R2 := "ACCESSORY_SAKURA_MIST_HAT"
R1 := R1[R2]
R2 := "_사쿠라미스트모자"
R0[R1] := R2
R1 := ACCESSORY_IDs
R2 := "ACCESSORY_SAKURA_MILK_TEA_HAT"
R1 := R1[R2]
R2 := "_사쿠라밀크티모자"
R0[R1] := R2
R1 := ACCESSORY_IDs
R2 := "ACCESSORY_FIRST_LEAF_TEA_HAT"
R1 := R1[R2]
R2 := "_일차화모자"
R0[R1] := R2
R1 := ACCESSORY_IDs
R2 := "ACCESSORY_LADY_TANEE_DOLL"
R1 := R1[R2]
R2 := "_타니아가씨인형"
R0[R1] := R2
R1 := ACCESSORY_IDs
R2 := "ACCESSORY_LUNATIC_HAT"
R1 := R1[R2]
R2 := "_루나틱모자"
R0[R1] := R2
R1 := ACCESSORY_IDs
R2 := "ACCESSORY_KING_FROG_HAT"
R1 := R1[R2]
R2 := "_개구리왕자모자"
R0[R1] := R2
R1 := ACCESSORY_IDs
R2 := "ACCESSORY_EVIL_BONE_HAT"
R1 := R1[R2]
R2 := "_마왕의뼈투구"
R0[R1] := R2
R1 := ACCESSORY_IDs
R2 := "ACCESSORY_KAMAGI_HAT"
R1 := R1[R2]
R2 := "_까마귀모자"
R0[R1] := R2
R1 := ACCESSORY_IDs
R2 := "ACCESSORY_BABYDRAGON_HAT"
R1 := R1[R2]
R2 := "_아기드래곤"
R0[R1] := R2
R1 := ACCESSORY_IDs
R2 := "ACCESSORY_SPARE_CARD"
R1 := R1[R2]
R2 := "_스페어카드"
R0[R1] := R2
R1 := ACCESSORY_IDs
R2 := "ACCESSORY_QUATI_HAT"
R1 := R1[R2]
R2 := "_콰티모자"
R0[R1] := R2
R1 := ACCESSORY_IDs
R2 := "ACCESSORY_TWOKAN_HAT"
R1 := R1[R2]
R2 := "_투칸모자"
R0[R1] := R2
R1 := ACCESSORY_IDs
R2 := "ACCESSORY_SIDECAP"
R1 := R1[R2]
R2 := "_사이드캡"
R0[R1] := R2
R1 := ACCESSORY_IDs
R2 := "ACCESSORY_JAGUAR_HAT"
R1 := R1[R2]
R2 := "_재규어모자"
R0[R1] := R2
R1 := ACCESSORY_IDs
R2 := "ACCESSORY_ARIES_DIADEM"
R1 := R1[R2]
R2 := "_백양궁보관"
R0[R1] := R2
R1 := ACCESSORY_IDs
R2 := "ACCESSORY_ARIES_CROWN"
R1 := R1[R2]
R2 := "_백양궁왕관"
R0[R1] := R2
R1 := ACCESSORY_IDs
R2 := "ACCESSORY_RJC_CATHUSA"
R1 := R1[R2]
R2 := "_RJC카츄사"
R0[R1] := R2
R1 := ACCESSORY_IDs
R2 := "ACCESSORY_REDROSE"
R1 := R1[R2]
R2 := "_진홍의장미"
R0[R1] := R2
R1 := ACCESSORY_IDs
R2 := "ACCESSORY_KWG_BOGWAN"
R1 := R1[R2]
R2 := "_금우궁보관"
R0[R1] := R2
R1 := ACCESSORY_IDs
R2 := "ACCESSORY_KWG_WANGAN"
R1 := R1[R2]
R2 := "_금우궁왕관"
R0[R1] := R2
R1 := ACCESSORY_IDs
R2 := "ACCESSORY_HOLY_EGG_HAT"
R1 := R1[R2]
R2 := "_성스러운달걀모자"
R0[R1] := R2
R1 := ACCESSORY_IDs
R2 := "ACCESSORY_OCTOPUS_HAT"
R1 := R1[R2]
R2 := "_문어모자"
R0[R1] := R2
R1 := ACCESSORY_IDs
R2 := "ACCESSORY_LEAF_CAT_HAT"
R1 := R1[R2]
R2 := "_리프캣모자"
R0[R1] := R2
R1 := ACCESSORY_IDs
R2 := "ACCESSORY_FUR_SEAL_HAT"
R1 := R1[R2]
R2 := "_퍼씰모자"
R0[R1] := R2
R1 := ACCESSORY_IDs
R2 := "ACCESSORY_WILD_ROSE_HAT"
R1 := R1[R2]
R2 := "_와일드로즈모자"
R0[R1] := R2
R1 := ACCESSORY_IDs
R2 := "ACCESSORY_SACI_HAT"
R1 := R1[R2]
R2 := "_사치의모자"
R0[R1] := R2
R1 := ACCESSORY_IDs
R2 := "ACCESSORY_543"
R1 := R1[R2]
R2 := "_무슬림여자모"
R0[R1] := R2
R1 := ACCESSORY_IDs
R2 := "ACCESSORY_CROWN_OF_DECEIT"
R1 := R1[R2]
R2 := "_사기의왕관"
R0[R1] := R2
R1 := ACCESSORY_IDs
R2 := "ACCESSORY_DRAGON_ARHAT_MASK"
R1 := R1[R2]
R2 := "_항룡나한가면"
R0[R1] := R2
R1 := ACCESSORY_IDs
R2 := "ACCESSORY_TIGER_ARHAT_MASK"
R1 := R1[R2]
R2 := "_복호나한가면"
R0[R1] := R2
R1 := ACCESSORY_IDs
R2 := "ACCESSORY_DOLOR_HAT"
R1 := R1[R2]
R2 := "_고뇌의모자"
R0[R1] := R2
R1 := ACCESSORY_IDs
R2 := "ACCESSORY_BRIGHT_FURY"
R1 := R1[R2]
R2 := "_광휘의격노"
R0[R1] := R2
R1 := ACCESSORY_IDs
R2 := "ACCESSORY_RABBIT_BONNET"
R1 := R1[R2]
R2 := "_토끼보닛"
R0[R1] := R2
R1 := ACCESSORY_IDs
R2 := "ACCESSORY_GEMINI_DIADEM"
R1 := R1[R2]
R2 := "_쌍자궁보관"
R0[R1] := R2
R1 := ACCESSORY_IDs
R2 := "ACCESSORY_GEMINI_CROWN"
R1 := R1[R2]
R2 := "_쌍자궁왕관"
R0[R1] := R2
R1 := ACCESSORY_IDs
R2 := "ACCESSORY_RASTA_WIG"
R1 := R1[R2]
R2 := "_라스타가발"
R0[R1] := R2
R1 := ACCESSORY_IDs
R2 := "ACCESSORY_SAVAGE_BABY_HAT"
R1 := R1[R2]
R2 := "_세비지베베모자"
R0[R1] := R2
R1 := ACCESSORY_IDs
R2 := "ACCESSORY_DOKEBI_HORN"
R1 := R1[R2]
R2 := "_도깨비뿔"
R0[R1] := R2
R1 := ACCESSORY_IDs
R2 := "ACCESSORY_MOUTH_PENCIL"
R1 := R1[R2]
R2 := "_입에무는연필"
R0[R1] := R2
R1 := ACCESSORY_IDs
R2 := "ACCESSORY_ONIGIRI_HAT"
R1 := R1[R2]
R2 := "_주먹밥모자"
R0[R1] := R2
R1 := ACCESSORY_IDs
R2 := "ACCESSORY_SAKE"
R1 := R1[R2]
R2 := "_일본술잔"
R0[R1] := R2
R1 := ACCESSORY_IDs
R2 := "ACCESSORY_SATGAT"
R1 := R1[R2]
R2 := "_배회하는자의삿갓"
R0[R1] := R2
R1 := ACCESSORY_IDs
R2 := "ACCESSORY_RED_BERET"
R1 := R1[R2]
R2 := "_붉은베레모"
R0[R1] := R2
R1 := ACCESSORY_IDs
R2 := "ACCESSORY_CANCER_DIADEM"
R1 := R1[R2]
R2 := "_거해궁보관"
R0[R1] := R2
R1 := ACCESSORY_IDs
R2 := "ACCESSORY_CANCER_CROWN"
R1 := R1[R2]
R2 := "_거해궁왕관"
R0[R1] := R2
R1 := ACCESSORY_IDs
R2 := "ACCESSORY_MAJESTIC_DEVIL"
R1 := R1[R2]
R2 := "_마제스틱데빌혼"
R0[R1] := R2
R1 := ACCESSORY_IDs
R2 := "ACCESSORY_MOGIKILLER"
R1 := R1[R2]
R2 := "_모기향"
R0[R1] := R2
R1 := ACCESSORY_IDs
R2 := "ACCESSORY_RUNE_HAIRBAND"
R1 := R1[R2]
R2 := "_룬매듭머리띠"
R0[R1] := R2
R1 := ACCESSORY_IDs
R2 := "ACCESSORY_LEO_CROWN"
R1 := R1[R2]
R2 := "_사자궁왕관"
R0[R1] := R2
R1 := ACCESSORY_IDs
R2 := "ACCESSORY_LEO_DIADEM"
R1 := R1[R2]
R2 := "_사자궁보관"
R0[R1] := R2
R1 := ACCESSORY_IDs
R2 := "ACCESSORY_DESERT_PRINCE"
R1 := R1[R2]
R2 := "_사막의왕자"
R0[R1] := R2
R1 := ACCESSORY_IDs
R2 := "ACCESSORY_SIGRUNS_WING"
R1 := R1[R2]
R2 := "_사이그룬의날개"
R0[R1] := R2
R1 := ACCESSORY_IDs
R2 := "ACCESSORY_DONUT_MOUTH"
R1 := R1[R2]
R2 := "_입에문도넛"
R0[R1] := R2
R1 := ACCESSORY_IDs
R2 := "ACCESSORY_YUNO_EYE"
R1 := R1[R2]
R2 := "_유노의눈"
R0[R1] := R2
R1 := ACCESSORY_IDs
R2 := "ACCESSORY_CLOVER_MOUTH"
R1 := R1[R2]
R2 := "_입에문네잎클로버"
R0[R1] := R2
R1 := ACCESSORY_IDs
R2 := "ACCESSORY_GUM_MOUTH"
R1 := R1[R2]
R2 := "_입에문풍선껌"
R0[R1] := R2
R1 := ACCESSORY_IDs
R2 := "ACCESSORY_TWINGIRL_CROWN"
R1 := R1[R2]
R2 := "_쌍녀궁왕관"
R0[R1] := R2
R1 := ACCESSORY_IDs
R2 := "ACCESSORY_TWINGIRL_BOGWAN"
R1 := R1[R2]
R2 := "_쌍녀궁보관"
R0[R1] := R2
R1 := ACCESSORY_IDs
R2 := "ACCESSORY_BRAZIL_RIBBON"
R1 := R1[R2]
R2 := "_브라질트윈리본"
R0[R1] := R2
R1 := ACCESSORY_IDs
R2 := "ACCESSORY_BRAZIL_BERE"
R1 := R1[R2]
R2 := "_브라질베레모"
R0[R1] := R2
R1 := ACCESSORY_IDs
R2 := "ACCESSORY_RTC_WINNER_ONLY"
R1 := R1[R2]
R2 := "_RTC우승자전용"
R0[R1] := R2
R1 := ACCESSORY_IDs
R2 := "ACCESSORY_RTC_SECOND_BEST"
R1 := R1[R2]
R2 := "_RTC준우승자전용"
R0[R1] := R2
R1 := ACCESSORY_IDs
R2 := "ACCESSORY_RTC_THIRD_BEST"
R1 := R1[R2]
R2 := "_RTC3등전용"
R0[R1] := R2
R1 := ACCESSORY_IDs
R2 := "ACCESSORY_CAMPUME_HAT"
R1 := R1[R2]
R2 := "_캠푸미투구"
R0[R1] := R2
R1 := ACCESSORY_IDs
R2 := "ACCESSORY_LYRIA_DOLL_HAT"
R1 := R1[R2]
R2 := "_리리아인형모자"
R0[R1] := R2
R1 := ACCESSORY_IDs
R2 := "ACCESSORY_DOROTHY_DOLL_HAT"
R1 := R1[R2]
R2 := "_도로시인형모자"
R0[R1] := R2
R1 := ACCESSORY_IDs
R2 := "ACCESSORY_CHUNG_HAIRBAND"
R1 := R1[R2]
R2 := "_청나라머리장식"
R0[R1] := R2
R1 := ACCESSORY_IDs
R2 := "ACCESSORY_ICE_WING_EAR"
R1 := R1[R2]
R2 := "_얼음날개귀"
R0[R1] := R2
R1 := ACCESSORY_IDs
R2 := "ACCESSORY_TURTLE_HAT"
R1 := R1[R2]
R2 := "_꼬북이모자"
R0[R1] := R2
R1 := ACCESSORY_IDs
R2 := "ACCESSORY_DARKNESS_HELM_J"
R1 := R1[R2]
R2 := "_다크네스헬름"
R0[R1] := R2
R1 := ACCESSORY_IDs
R2 := "ACCESSORY_HOLY_MARCHING_HAT_J"
R1 := R1[R2]
R2 := "_신성한마칭햇"
R0[R1] := R2
R1 := ACCESSORY_IDs
R2 := "ACCESSORY_SCOOTER_HAT_J"
R1 := R1[R2]
R2 := "_스쿠터헬멧"
R0[R1] := R2
R1 := ACCESSORY_IDs
R2 := "ACCESSORY_IMP_HAT"
R1 := R1[R2]
R2 := "_임프모자"
R0[R1] := R2
R1 := ACCESSORY_IDs
R2 := "ACCESSORY_SLEEPR_HAT"
R1 := R1[R2]
R2 := "_슬리퍼모자"
R0[R1] := R2
R1 := ACCESSORY_IDs
R2 := "ACCESSORY_GRYPHON_HAT"
R1 := R1[R2]
R2 := "_그리폰모자"
R0[R1] := R2
R1 := ACCESSORY_IDs
R2 := "ACCESSORY_RED_PIRATE_BANDANA"
R1 := R1[R2]
R2 := "_붉은해적두건"
R0[R1] := R2
R1 := ACCESSORY_IDs
R2 := "ACCESSORY_LIBRA_CROWN"
R1 := R1[R2]
R2 := "_천칭궁왕관"
R0[R1] := R2
R1 := ACCESSORY_IDs
R2 := "ACCESSORY_LIBRA_DIADEM"
R1 := R1[R2]
R2 := "_천칭궁보관"
R0[R1] := R2
R1 := ACCESSORY_IDs
R2 := "ACCESSORY_FILIR_WING"
R1 := R1[R2]
R2 := "_필리르의날개"
R0[R1] := R2
R1 := ACCESSORY_IDs
R2 := "ACCESSORY_MOOSOK_HAT"
R1 := R1[R2]
R2 := "_무속인의모자"
R0[R1] := R2
R1 := ACCESSORY_IDs
R2 := "ACCESSORY_GOLDEN_HAT"
R1 := R1[R2]
R2 := "_금관모자"
R0[R1] := R2
R1 := ACCESSORY_IDs
R2 := "ACCESSORY_SKULL_HOOD"
R1 := R1[R2]
R2 := "_해골후드"
R0[R1] := R2
R1 := ACCESSORY_IDs
R2 := "ACCESSORY_ANIV_STAR_HAT"
R1 := R1[R2]
R2 := "_애니버서리별모자"
R0[R1] := R2
R1 := ACCESSORY_IDs
R2 := "ACCESSORY_DROOPING_MOROCC_MINION"
R1 := R1[R2]
R2 := "_늘어진모로크의현신"
R0[R1] := R2
R1 := ACCESSORY_IDs
R2 := "ACCESSORY_SOUTHERN_CROSS"
R1 := R1[R2]
R2 := "_서전크로스"
R0[R1] := R2
R1 := ACCESSORY_IDs
R2 := "ACCESSORY_HOME_CHERRY_BLOSSOM"
R1 := R1[R2]
R2 := "_고향의벚꽃"
R0[R1] := R2
R1 := ACCESSORY_IDs
R2 := "ACCESSORY_PIG_MONEYBOX"
R1 := R1[R2]
R2 := "_돼지저금통"
R0[R1] := R2
R1 := ACCESSORY_IDs
R2 := "ACCESSORY_PORING_LETTER"
R1 := R1[R2]
R2 := "_포링편지"
R0[R1] := R2
R1 := ACCESSORY_IDs
R2 := "ACCESSORY_SCORPIO_CROWN"
R1 := R1[R2]
R2 := "_천헐궁왕관"
R0[R1] := R2
R1 := ACCESSORY_IDs
R2 := "ACCESSORY_SCORPIO_DIADEM"
R1 := R1[R2]
R2 := "_천헐궁보관"
R0[R1] := R2
R1 := ACCESSORY_IDs
R2 := "ACCESSORY_NOTATION_HAIRBAND"
R1 := R1[R2]
R2 := "_악보머리띠"
R0[R1] := R2
R1 := ACCESSORY_IDs
R2 := "ACCESSORY_ENGINEER_CAP"
R1 := R1[R2]
R2 := "_엔지니어캡"
R0[R1] := R2
R1 := ACCESSORY_IDs
R2 := "ACCESSORY_HAWKEYES"
R1 := R1[R2]
R2 := "_매의눈"
R0[R1] := R2
R1 := ACCESSORY_IDs
R2 := "ACCESSORY_TRIANGLE_RUNE"
R1 := R1[R2]
R2 := "_트라이앵글룬캡"
R0[R1] := R2
R1 := ACCESSORY_IDs
R2 := "ACCESSORY_2009LOVE_DADDY"
R1 := R1[R2]
R2 := "_2009러브대디"
R0[R1] := R2
R1 := ACCESSORY_IDs
R2 := "ACCESSORY_612"
R1 := R1[R2]
R2 := "_병아리모자"
R0[R1] := R2
R1 := ACCESSORY_IDs
R2 := "ACCESSORY_PRIESTHAT"
R1 := R1[R2]
R2 := "_프리스트의모자"
R0[R1] := R2
R1 := ACCESSORY_IDs
R2 := "ACCESSORY_NOFEAR_POQWER_HEADGEAR"
R1 := R1[R2]
R2 := "_NOFEAR파워헤드기어"
R0[R1] := R2
R1 := ACCESSORY_IDs
R2 := "ACCESSORY_CACTUS_HAT"
R1 := R1[R2]
R2 := "_선인장모자"
R0[R1] := R2
R1 := ACCESSORY_IDs
R2 := "ACCESSORY_SNOWMAN_HAT"
R1 := R1[R2]
R2 := "_눈사람모자"
R0[R1] := R2
R1 := ACCESSORY_IDs
R2 := "ACCESSORY_SAGITTARIUS_CROWN"
R1 := R1[R2]
R2 := "_인마궁왕관"
R0[R1] := R2
R1 := ACCESSORY_IDs
R2 := "ACCESSORY_SAGITTARIUS_DIADEM"
R1 := R1[R2]
R2 := "_인마궁보관"
R0[R1] := R2
R1 := ACCESSORY_IDs
R2 := "ACCESSORY_SANTACAP"
R1 := R1[R2]
R2 := "_루돌프산타모"
R0[R1] := R2
R1 := ACCESSORY_IDs
R2 := "ACCESSORY_ORANGE_STEM_HAT"
R1 := R1[R2]
R2 := "_귤꼭지모자"
R0[R1] := R2
R1 := ACCESSORY_IDs
R2 := "ACCESSORY_CAPRICORN_CROWN"
R1 := R1[R2]
R2 := "_마갈궁왕관"
R0[R1] := R2
R1 := ACCESSORY_IDs
R2 := "ACCESSORY_CAPRICORN_DIADEM"
R1 := R1[R2]
R2 := "_마갈궁보관"
R0[R1] := R2
R1 := ACCESSORY_IDs
R2 := "ACCESSORY_RUNE_CIRCLET"
R1 := R1[R2]
R2 := "_룬서클릿"
R0[R1] := R2
R1 := ACCESSORY_IDs
R2 := "ACCESSORY_MITRA"
R1 := R1[R2]
R2 := "_미트라"
R0[R1] := R2
R1 := ACCESSORY_IDs
R2 := "ACCESSORY_RANGER_GOGGLES"
R1 := R1[R2]
R2 := "_스나이퍼고글"
R0[R1] := R2
R1 := ACCESSORY_IDs
R2 := "ACCESSORY_DRIVER_BAND"
R1 := R1[R2]
R2 := "_드라이버밴드"
R0[R1] := R2
R1 := ACCESSORY_IDs
R2 := "ACCESSORY_627"
R1 := R1[R2]
R2 := "_그림자공작"
R0[R1] := R2
R1 := ACCESSORY_IDs
R2 := "ACCESSORY_MINSTRELSONG_HAT"
R1 := R1[R2]
R2 := "_민스트럴송의모자"
R0[R1] := R2
R1 := ACCESSORY_IDs
R2 := "ACCESSORY_629"
R1 := R1[R2]
R2 := "_마이더스의속삭임"
R0[R1] := R2
R1 := ACCESSORY_IDs
R2 := "ACCESSORY_630"
R1 := R1[R2]
R2 := "_마력의돌모자"
R0[R1] := R2
R1 := ACCESSORY_IDs
R2 := "ACCESSORY_631"
R1 := R1[R2]
R2 := "_불타는혼"
R0[R1] := R2
R1 := ACCESSORY_IDs
R2 := "ACCESSORY_632"
R1 := R1[R2]
R2 := "_침묵의집행자"
R0[R1] := R2
R1 := ACCESSORY_IDs
R2 := "ACCESSORY_633"
R1 := R1[R2]
R2 := "_바람의속삭임"
R0[R1] := R2
R1 := ACCESSORY_IDs
R2 := "ACCESSORY_634"
R1 := R1[R2]
R2 := "_복각슈미츠의투구"
R0[R1] := R2
R1 := ACCESSORY_IDs
R2 := "ACCESSORY_635"
R1 := R1[R2]
R2 := "_빈사의백조"
R0[R1] := R2
R1 := ACCESSORY_IDs
R2 := "ACCESSORY_NOAHS_HAT"
R1 := R1[R2]
R2 := "_노아의모자"
R0[R1] := R2
R1 := ACCESSORY_IDs
R2 := "ACCESSORY_DRIVER_BAND2"
R1 := R1[R2]
R2 := "_드라이버밴드_"
R0[R1] := R2
R1 := ACCESSORY_IDs
R2 := "ACCESSORY_RED_BUNNY_BAND"
R1 := R1[R2]
R2 := "_빨간토끼머리띠"
R0[R1] := R2
R1 := ACCESSORY_IDs
R2 := "ACCESSORY_BUZZY_BOL_BOARD"
R1 := R1[R2]
R2 := "_버지볼보드"
R0[R1] := R2
R1 := ACCESSORY_IDs
R2 := "ACCESSORY_BLACK_TAIL_RIBBON"
R1 := R1[R2]
R2 := "_검은테일리본"
R0[R1] := R2
R1 := ACCESSORY_IDs
R2 := "ACCESSORY_AMISTR_CAP"
R1 := R1[R2]
R2 := "_아미스트르캡"
R0[R1] := R2
R1 := ACCESSORY_IDs
R2 := "ACCESSORY_SAMURAI_MASK"
R1 := R1[R2]
R2 := "_사무라이마스크"
R0[R1] := R2
R1 := ACCESSORY_IDs
R2 := "ACCESSORY_SLOTH_HAT"
R1 := R1[R2]
R2 := "_나무늘보의모자"
R0[R1] := R2
R1 := ACCESSORY_IDs
R2 := "ACCESSORY_DUNEYRR_HELM"
R1 := R1[R2]
R2 := "_두네이르투구"
R0[R1] := R2
R1 := ACCESSORY_IDs
R2 := "ACCESSORY_SAKURA_CORONET"
R1 := R1[R2]
R2 := "_벚꽃화관"
R0[R1] := R2
R1 := ACCESSORY_IDs
R2 := "ACCESSORY_GOLDEN_ANGEL"
R1 := R1[R2]
R2 := "_황금천사조각상"
R0[R1] := R2
R1 := ACCESSORY_IDs
R2 := "ACCESSORY_FOOL_DAY_HAT"
R1 := R1[R2]
R2 := "_만우절투구"
R0[R1] := R2
R1 := ACCESSORY_IDs
R2 := "ACCESSORY_GOLDEN_SAVAGE_HAT"
R1 := R1[R2]
R2 := "_골든세비지모자"
R0[R1] := R2
R1 := ACCESSORY_IDs
R2 := "ACCESSORY_SPLASH_HAT"
R1 := R1[R2]
R2 := "_찰랑모자"
R0[R1] := R2
R1 := ACCESSORY_IDs
R2 := "ACCESSORY_FAMILY_HAT"
R1 := R1[R2]
R2 := "_패밀리모자"
R0[R1] := R2
R1 := ACCESSORY_IDs
R2 := "ACCESORY_RED_NAVY_HAT"
R1 := R1[R2]
R2 := "_붉은해군모자"
R0[R1] := R2
R1 := ACCESSORY_IDs
R2 := "ACCESORY_BERET"
R1 := R1[R2]
R2 := "_해군의베레모"
R0[R1] := R2
R1 := ACCESSORY_IDs
R2 := "ACCESSORY_CHOCODONUT_MOUTH"
R1 := R1[R2]
R2 := "_입에문초코도넛"
R0[R1] := R2
R1 := ACCESSORY_IDs
R2 := "ACCESSORY_BLAZING_SUN"
R1 := R1[R2]
R2 := "_불타는태양"
R0[R1] := R2
R1 := ACCESSORY_IDs
R2 := "ACCESSORY_REMOVER_HAT"
R1 := R1[R2]
R2 := "_리무버모자"
R0[R1] := R2
R1 := ACCESSORY_IDs
R2 := "ACCESSORY_BLUE_ARARA_HAT"
R1 := R1[R2]
R2 := "_파란아라라모자"
R0[R1] := R2
R1 := ACCESSORY_IDs
R2 := "ACCESSORY_DROOPING_BOTO"
R1 := R1[R2]
R2 := "_늘어진보토"
R0[R1] := R2
R1 := ACCESSORY_IDs
R2 := "ACCESSORY_TENDRILION_HAT"
R1 := R1[R2]
R2 := "_텐드릴리온모자"
R0[R1] := R2
R1 := ACCESSORY_IDs
R2 := "ACCESSORY_PERSICA"
R1 := R1[R2]
R2 := "_페르시카"
R0[R1] := R2
R1 := ACCESSORY_IDs
R2 := "ACCESSORY_HOPLITE_HELMET"
R1 := R1[R2]
R2 := "_중장보병의투구"
R0[R1] := R2
R1 := ACCESSORY_IDs
R2 := "ACCESSORY_3DGLASS"
R1 := R1[R2]
R2 := "_3D안경"
R0[R1] := R2
R1 := ACCESSORY_IDs
R2 := "ACCESSORY_YELLOWBUNNY_HAIRBAND"
R1 := R1[R2]
R2 := "_노란토끼머리띠"
R0[R1] := R2
R1 := ACCESSORY_IDs
R2 := "ACCESSORY_PINKBUNNY_HAIRBAND"
R1 := R1[R2]
R2 := "_핑크토끼머리띠"
R0[R1] := R2
R1 := ACCESSORY_IDs
R2 := "ACCESSORY_GREENBUNNY_HAIRBAND"
R1 := R1[R2]
R2 := "_그린토끼머리띠"
R0[R1] := R2
R1 := ACCESSORY_IDs
R2 := "ACCESSORY_OLD_ELFEAR"
R1 := R1[R2]
R2 := "_고대요정의귀"
R0[R1] := R2
R1 := ACCESSORY_IDs
R2 := "ACCESSORY_THA_MAERO_MASK"
R1 := R1[R2]
R2 := "_타나토스의슬픔가면"
R0[R1] := R2
R1 := ACCESSORY_IDs
R2 := "ACCESSORY_THANATOS_MAI_MASK"
R1 := R1[R2]
R2 := "_타나토스의증오가면"
R0[R1] := R2
R1 := ACCESSORY_IDs
R2 := "ACCESSORY_FISHPIN"
R1 := R1[R2]
R2 := "_물고기핀"
R0[R1] := R2
R1 := ACCESSORY_IDs
R2 := "ACCESSORY_RED_DRESS_HAT"
R1 := R1[R2]
R2 := "_빨간드레스햇"
R0[R1] := R2
R1 := ACCESSORY_IDs
R2 := "ACCESSORY_PASSION_FB_HAT"
R1 := R1[R2]
R2 := "_열정의축구공모자"
R0[R1] := R2
R1 := ACCESSORY_IDs
R2 := "ACCESSORY_COOL_FB_HAT"
R1 := R1[R2]
R2 := "_냉철의축구공모자"
R0[R1] := R2
R1 := ACCESSORY_IDs
R2 := "ACCESSORY_VICTORY_FB_HAT"
R1 := R1[R2]
R2 := "_승리의축구공모자"
R0[R1] := R2
R1 := ACCESSORY_IDs
R2 := "ACCESSORY_GLORY_FB_HAT"
R1 := R1[R2]
R2 := "_영광의축구공모자"
R0[R1] := R2
R1 := ACCESSORY_IDs
R2 := "ACCESSORY_UMBALA_SPIRIT"
R1 := R1[R2]
R2 := "_움발라의혼"
R0[R1] := R2
R1 := ACCESSORY_IDs
R2 := "ACCESSORY_BLOODY_ANGEL_HAIRBAND"
R1 := R1[R2]
R2 := "_블러디천사의머리띠"
R0[R1] := R2
R1 := ACCESSORY_IDs
R2 := "ACCESSORY_BLOODY_ANGELWING_EAR"
R1 := R1[R2]
R2 := "_블러디천사날개귀"
R0[R1] := R2
AccNameTable := R0
return 
