R0 := {}
R1 := jobtbl
R1 := R1["JT_BAPHOMET_"]
R0[R1] := "유저인터페이스\\illust\\펫_바포메트.bmp"
R1 := jobtbl
R1 := R1["JT_PECOPECO"]
R0[R1] := "유저인터페이스\\illust\\펫_페코페코.bmp"
R1 := jobtbl
R1 := R1["JT_CHONCHON"]
R0[R1] := "유저인터페이스\\illust\\펫_촌촌.bmp"
R1 := jobtbl
R1 := R1["JT_DESERT_WOLF_B"]
R0[R1] := "유저인터페이스\\illust\\펫_데져트울프새끼.bmp"
R1 := jobtbl
R1 := R1["JT_DEVIRUCHI"]
R0[R1] := "유저인터페이스\\illust\\펫_데비루치.bmp"
R1 := jobtbl
R1 := R1["JT_DOKEBI"]
R0[R1] := "유저인터페이스\\illust\\펫_도깨비.bmp"
R1 := jobtbl
R1 := R1["JT_ISIS"]
R0[R1] := "유저인터페이스\\illust\\펫_이시스.bmp"
R1 := jobtbl
R1 := R1["JT_LUNATIC"]
R0[R1] := "유저인터페이스\\illust\\펫_루나틱.bmp"
R1 := jobtbl
R1 := R1["JT_MUNAK"]
R0[R1] := "유저인터페이스\\illust\\펫_무낙.bmp"
R1 := jobtbl
R1 := R1["JT_ORK_WARRIOR"]
R0[R1] := "유저인터페이스\\illust\\펫_오크워리어.bmp"
R1 := jobtbl
R1 := R1["JT_PETIT"]
R0[R1] := "유저인터페이스\\illust\\펫_쁘띠.bmp"
R1 := jobtbl
R1 := R1["JT_PICKY"]
R0[R1] := "유저인터페이스\\illust\\펫_픽키.bmp"
R1 := jobtbl
R1 := R1["JT_PORING"]
R0[R1] := "유저인터페이스\\illust\\펫_포링.bmp"
R1 := jobtbl
R1 := R1["JT_ROCKER"]
R0[R1] := "유저인터페이스\\illust\\펫_로커.bmp"
R1 := jobtbl
R1 := R1["JT_SAVAGE_BABE"]
R0[R1] := "유저인터페이스\\illust\\펫_세비지베베.bmp"
R1 := jobtbl
R1 := R1["JT_SOHEE"]
R0[R1] := "유저인터페이스\\illust\\펫_소희.bmp"
R1 := jobtbl
R1 := R1["JT_SPORE"]
R0[R1] := "유저인터페이스\\illust\\펫_스포아.bmp"
R1 := jobtbl
R1 := R1["JT_YOYO"]
R0[R1] := "유저인터페이스\\illust\\펫_요요.bmp"
R1 := jobtbl
R1 := R1["JT_SMOKIE"]
R0[R1] := "유저인터페이스\\illust\\펫_스모키.bmp"
R1 := jobtbl
R1 := R1["JT_BON_GUN"]
R0[R1] := "유저인터페이스\\illust\\펫_본건.bmp"
R1 := jobtbl
R1 := R1["JT_STEEL_CHONCHON"]
R0[R1] := "유저인터페이스\\illust\\펫_스틸촌촌.bmp"
R1 := jobtbl
R1 := R1["JT_DROPS"]
R0[R1] := "유저인터페이스\\illust\\펫_드롭프스.bmp"
R1 := jobtbl
R1 := R1["JT_POPORING"]
R0[R1] := "유저인터페이스\\illust\\펫_포포링.bmp"
R1 := jobtbl
R1 := R1["JT_HUNTER_FLY"]
R0[R1] := "유저인터페이스\\illust\\펫_헌터플라이.bmp"
R1 := jobtbl
R1 := R1["JT_POISON_SPORE"]
R0[R1] := "유저인터페이스\\illust\\펫_포이즌스포아.bmp"
R1 := jobtbl
R1 := R1["JT_ZHERLTHSH"]
R0[R1] := "유저인터페이스\\illust\\펫_ZHERLTHSH.bmp"
R1 := jobtbl
R1 := R1["JT_ALICE"]
R0[R1] := "유저인터페이스\\illust\\펫_ALICE.bmp"
R1 := jobtbl
R1 := R1["JT_EVENT_RICECAKE"]
R0[R1] := "유저인터페이스\\illust\\펫_떡_이벤트.bmp"
R1 := jobtbl
R1 := R1["JT_GOBLINE_XMAS"]
R0[R1] := "유저인터페이스\\illust\\펫_고블린_이벤트.bmp"
R1 := jobtbl
R1 := R1["JT_CHUNG_E"]
R0[R1] := "유저인터페이스\\illust\\펫_청이.bmp"
R1 := jobtbl
R1 := R1["JT_P_CHUNG_E"]
R0[R1] := "유저인터페이스\\illust\\펫_청이.bmp"
R1 := jobtbl
R1 := R1["JT_ECLIPSE_P"]
R0[R1] := "유저인터페이스\\illust\\펫_루나틱.bmp"
R1 := jobtbl
R1 := R1["JT_GOBLIN_1"]
R0[R1] := "유저인터페이스\\illust\\펫_고블린_단검.bmp"
R1 := jobtbl
R1 := R1["JT_GOBLIN_2"]
R0[R1] := "유저인터페이스\\illust\\펫_고블린_플레일.bmp"
R1 := jobtbl
R1 := R1["JT_GOBLIN_4"]
R0[R1] := "유저인터페이스\\illust\\펫_고블린_해머.bmp"
R1 := jobtbl
R1 := R1["JT_DELETER_"]
R0[R1] := "유저인터페이스\\illust\\펫_지상딜리터.bmp"
R1 := jobtbl
R1 := R1["JT_DIABOLIC"]
R0[R1] := "유저인터페이스\\illust\\펫_디아볼릭.bmp"
R1 := jobtbl
R1 := R1["JT_WANDER_MAN"]
R0[R1] := "유저인터페이스\\illust\\펫_배회하는자.bmp"
R1 := jobtbl
R1 := R1["JT_BACSOJIN_"]
R0[R1] := "유저인터페이스\\illust\\펫_BACSOJIN.bmp"
R1 := jobtbl
R1 := R1["JT_CIVIL_SERVANT"]
R0[R1] := "유저인터페이스\\illust\\펫_CIVIL_SERVANT.bmp"
R1 := jobtbl
R1 := R1["JT_LEAF_CAT"]
R0[R1] := "유저인터페이스\\illust\\펫_LEAF_CAT.bmp"
R1 := jobtbl
R1 := R1["JT_LOLI_RURI"]
R0[R1] := "유저인터페이스\\illust\\펫_LOLI_RURI.BMP"
R1 := jobtbl
R1 := R1["JT_MARIONETTE"]
R0[R1] := "유저인터페이스\\illust\\펫_MARIONETTE.bmp"
R1 := jobtbl
R1 := R1["JT_SHINOBI"]
R0[R1] := "유저인터페이스\\illust\\펫_SHINOBI.bmp"
R1 := jobtbl
R1 := R1["JT_WHISPER"]
R0[R1] := "유저인터페이스\\illust\\펫_WHISPER.BMP"
R1 := jobtbl
R1 := R1["JT_DULLAHAN"]
R0[R1] := "유저인터페이스\\illust\\펫_DULLAHAN.bmp"
R1 := jobtbl
R1 := R1["JT_GOBLIN_LEADER"]
R0[R1] := "유저인터페이스\\illust\\펫_GOBLIN_LEADER.bmp"
R1 := jobtbl
R1 := R1["JT_GOLEM"]
R0[R1] := "유저인터페이스\\illust\\펫_GOLEM.bmp"
R1 := jobtbl
R1 := R1["JT_IMP"]
R0[R1] := "유저인터페이스\\illust\\펫_IMP.bmp"
R1 := jobtbl
R1 := R1["JT_INCUBUS"]
R0[R1] := "유저인터페이스\\illust\\펫_INCUBUS.bmp"
R1 := jobtbl
R1 := R1["JT_MEDUSA"]
R0[R1] := "유저인터페이스\\illust\\펫_MEDUSA.bmp"
R1 := jobtbl
R1 := R1["JT_MIYABI_NINGYO"]
R0[R1] := "유저인터페이스\\illust\\펫_MIYABI_NINGYO.bmp"
R1 := jobtbl
R1 := R1["JT_NIGHTMARE_TERROR"]
R0[R1] := "유저인터페이스\\illust\\펫_NIGHTMARE_TERROR.bmp"
R1 := jobtbl
R1 := R1["JT_STONE_SHOOTER"]
R0[R1] := "유저인터페이스\\illust\\펫_STONE_SHOOTER.bmp"
R1 := jobtbl
R1 := R1["JT_SUCCUBUS"]
R0[R1] := "유저인터페이스\\illust\\펫_SUCCUBUS.bmp"
R1 := jobtbl
R1 := R1["JT_WICKED_NYMPH"]
R0[R1] := "유저인터페이스\\illust\\펫_WICKED_NYMPH.bmp"
R1 := jobtbl
R1 := R1["JT_J_TAINI"]
R0[R1] := "유저인터페이스\\illust\\펫_j_taini.bmp"
PetIllustNameTable := R0
R0 := {}
R0["ACC_FIRST"] := 10000
R0["ACC_BAPHOMET"] := 10001
R0["AC_CHOCHO"] := 10002
R0["ACC_DESERT_WOLF_B"] := 10003
R0["ACC_DEVIRUCHI"] := 10004
R0["ACC_DOKEBI"] := 10005
R0["ACC_ISIS"] := 10006
R0["ACC_LUNATIC"] := 10007
R0["ACC_MUNAK"] := 10008
R0["ACC_ORK_WARRIOR"] := 10009
R0["ACC_PECOPECO"] := 10010
R0["ACC_PETIT"] := 10011
R0["ACC_PICKY"] := 10012
R0["ACC_PORING"] := 10013
R0["ACC_ROCKER"] := 10014
R0["ACC_SAVAGE_BABE"] := 10015
R0["ACC_SOHEE"] := 10016
R0["ACC_SPORE"] := 10017
R0["ACC_YOYO"] := 10018
R0["ACC_SMOKIE"] := 10019
R0["ACC_BONGUN"] := 10020
R0["ACC_BACSOJIN"] := 10021
R0["ACC_CIVIL_SERVANT"] := 10022
R0["ACC_LEAF_CAT"] := 10023
R0["ACC_LOLIRURI"] := 10024
R0["ACC_MARIONETTE"] := 10025
R0["ACC_SHINOBI"] := 10026
R0["ACC_WHISPER"] := 10027
R0["ACC_GOBLIN_LEADER"] := 10028
R0["ACC_WICKED_NYMPH"] := 10029
R0["ACC_MIYABI_NINGYO"] := 10030
R0["ACC_DULLAHAN"] := 10031
R0["ACC_MEDUSA"] := 10032
R0["ACC_STONE_SHOOTER"] := 10033
R0["ACC_INCUBUS"] := 10034
R0["ACC_GOLEM"] := 10035
R0["ACC_NIGHTMARE_TERROR"] := 10036
R0["ACC_SUCCUBUS"] := 10037
R0["ACC_IMP"] := 10038
R0["ACC_LAST"] := 10039
PetAccIDs := R0
R0 := {}
R1 := PetAccIDs
R1 := R1["ACC_BAPHOMET"]
R0[R1] := "몬스터\\BAPHOMET_뼉다구모자.act"
R1 := PetAccIDs
R1 := R1["AC_CHOCHO"]
R0[R1] := "몬스터\\chocho_방독면.act"
R1 := PetAccIDs
R1 := R1["ACC_DESERT_WOLF_B"]
R0[R1] := "몬스터\\DESERT_WOLF_B_우주복머리.act"
R1 := PetAccIDs
R1 := R1["ACC_DEVIRUCHI"]
R0[R1] := "몬스터\\DEVIRUCHI_젖꼭지.act"
R1 := PetAccIDs
R1 := R1["ACC_DOKEBI"]
R0[R1] := "몬스터\\DOKEBI_아후로머리.act"
R1 := PetAccIDs
R1 := R1["ACC_ISIS"]
R0[R1] := "몬스터\\isis_클레오파트라머리띠.act"
R1 := PetAccIDs
R1 := R1["ACC_LUNATIC"]
R0[R1] := "몬스터\\lunatic_리본.act"
R1 := PetAccIDs
R1 := R1["ACC_MUNAK"]
R0[R1] := "몬스터\\munak_요술봉.act"
R1 := PetAccIDs
R1 := R1["ACC_ORK_WARRIOR"]
R0[R1] := "몬스터\\ork_warrior_꽃.act"
R1 := PetAccIDs
R1 := R1["ACC_PECOPECO"]
R0[R1] := "몬스터\\pecopeco_냄비.act"
R1 := PetAccIDs
R1 := R1["ACC_PETIT"]
R0[R1] := "몬스터\\PETIT_별.act"
R1 := PetAccIDs
R1 := R1["ACC_PICKY"]
R0[R1] := "몬스터\\picky_알껍질.act"
R1 := PetAccIDs
R1 := R1["ACC_PORING"]
R0[R1] := "몬스터\\poring_책가방.act"
R1 := PetAccIDs
R1 := R1["ACC_ROCKER"]
R0[R1] := "몬스터\\rocker_메뚜기안경.act"
R1 := PetAccIDs
R1 := R1["ACC_SAVAGE_BABE"]
R0[R1] := "몬스터\\savage_babe_레이스.act"
R1 := PetAccIDs
R1 := R1["ACC_SOHEE"]
R0[R1] := "몬스터\\SOHEE_방울.act"
R1 := PetAccIDs
R1 := R1["ACC_SPORE"]
R0[R1] := "몬스터\\spore_원주민치마.act"
R1 := PetAccIDs
R1 := R1["ACC_YOYO"]
R0[R1] := "몬스터\\yoyo_머리띠.act"
R1 := PetAccIDs
R1 := R1["ACC_SMOKIE"]
R0[R1] := "몬스터\\smokie_머플러.act"
R1 := PetAccIDs
R1 := R1["ACC_BONGUN"]
R0[R1] := "몬스터\\bon_gun_영환도사검.act"
R1 := PetAccIDs
R1 := R1["ACC_BACSOJIN"]
R0[R1] := "몬스터\\BACSOJIN_동그란머리장식.act"
R1 := PetAccIDs
R1 := R1["ACC_CIVIL_SERVANT"]
R0[R1] := "몬스터\\CIVIL_SERVANT_금빛귀걸이.act"
R1 := PetAccIDs
R1 := R1["ACC_LEAF_CAT"]
R0[R1] := "몬스터\\LEAF_CAT_초록복주머니.act"
R1 := PetAccIDs
R1 := R1["ACC_LOLIRURI"]
R0[R1] := "몬스터\\LOLI_RURI_패션안경.act"
R1 := PetAccIDs
R1 := R1["ACC_MARIONETTE"]
R0[R1] := "몬스터\\MARIONETTE_별모양머리띠.act"
R1 := PetAccIDs
R1 := R1["ACC_SHINOBI"]
R0[R1] := "몬스터\\SHINOBI_두루마기용술.act"
R1 := PetAccIDs
R1 := R1["ACC_WHISPER"]
R0[R1] := "몬스터\\WHISPER_영혼고리_.act"
R1 := PetAccIDs
R1 := R1["ACC_GOBLIN_LEADER"]
R0[R1] := "몬스터\\GOBLIN_LEADER_멋진휘장.act"
R1 := PetAccIDs
R1 := R1["ACC_WICKED_NYMPH"]
R0[R1] := "몬스터\\WICKED_NYMPH_옥노리개.act"
R1 := PetAccIDs
R1 := R1["ACC_MIYABI_NINGYO"]
R0[R1] := "몬스터\\MIYABI_NINGYO_여름부채.act"
R1 := PetAccIDs
R1 := R1["ACC_DULLAHAN"]
R0[R1] := "몬스터\\DULLAHAN_죽음의고리.act"
R1 := PetAccIDs
R1 := R1["ACC_MEDUSA"]
R0[R1] := "몬스터\\MEDUSA_여왕의코로넷.act"
R1 := PetAccIDs
R1 := R1["ACC_STONE_SHOOTER"]
R0[R1] := "몬스터\\STONE_SHOOTER_아프로헤어.act"
R1 := PetAccIDs
R1 := R1["ACC_INCUBUS"]
R0[R1] := "몬스터\\INCUBUS_무도회가면.act"
R1 := PetAccIDs
R1 := R1["ACC_GOLEM"]
R0[R1] := "몬스터\\GOLEM_태엽.act"
R1 := PetAccIDs
R1 := R1["ACC_NIGHTMARE_TERROR"]
R0[R1] := "몬스터\\NIGHTMARE_TERROR_지옥의뿔.act"
R1 := PetAccIDs
R1 := R1["ACC_SUCCUBUS"]
R0[R1] := "몬스터\\SUCCUBUS_검은나비가면.act"
R1 := PetAccIDs
R1 := R1["ACC_IMP"]
R0[R1] := "몬스터\\IMP_뿔보호대.act"
PetAccActNameTable := R0
return 
