R0 := {}
R1 := {}
R2 := "izlude.rsw"
R3 := "geffen.rsw"
R4 := "payon.rsw"
R5 := "morocc.rsw"
R6 := "gef_fild10.rsw"
R7 := "alberta.rsw"
R1[1,2,3,4,5,6] := R2,R3,R4,R5,R6,R7
R0["prontera.rsw"] := R1
R1 := {}
R2 := "geffen.rsw"
R3 := "payon.rsw"
R4 := "morocc.rsw"
R5 := "aldebaran.rsw"
R1[1,2,3,4] := R2,R3,R4,R5
R0["izlude.rsw"] := R1
R1 := {}
R2 := "prontera.rsw"
R3 := "aldebaran.rsw"
R4 := "gef_fild10.rsw"
R5 := "mjolnir_02.rsw"
R1[1,2,3,4] := R2,R3,R4,R5
R0["geffen.rsw"] := R1
R1 := {}
R2 := "geffen.rsw"
R3 := "yuno.rsw"
R4 := "izlude.rsw"
R5 := "mjolnir_02.rsw"
R1[1,2,3,4] := R2,R3,R4,R5
R0["aldebaran.rsw"] := R1
R1 := {}
R2 := "prontera.rsw"
R3 := "payon.rsw"
R4 := "alberta.rsw"
R5 := "comodo.rsw"
R6 := "cmd_fild07.rsw"
R1[1,2,3,4,5] := R2,R3,R4,R5,R6
R0["morocc.rsw"] := R1
R1 := {}
R2 := "payon.rsw"
R3 := "morocc.rsw"
R4 := "prontera.rsw"
R1[1,2,3] := R2,R3,R4
R0["alberta.rsw"] := R1
R1 := {}
R2 := "prontera.rsw"
R3 := "alberta.rsw"
R4 := "morocc.rsw"
R1[1,2,3] := R2,R3,R4
R0["payon.rsw"] := R1
R1 := {}
R2 := "morocc.rsw"
R3 := "comodo.rsw"
R1[1,2] := R2,R3
R0["cmd_fild07.rsw"] := R1
R1 := {}
R2 := "morocc.rsw"
R3 := "cmd_fild07.rsw"
R4 := "umbala.rsw"
R1[1,2,3] := R2,R3,R4
R0["comodo.rsw"] := R1
R1 := {}
R2 := "aldebaran.rsw"
R1[1] := R2
R0["yuno.rsw"] := R1
R1 := {}
R2 := "comodo.rsw"
R1[1] := R2
R0["umbala.rsw"] := R1
R1 := {}
R2 := "veins.rsw"
R1[1] := R2
R0["rachel.rsw"] := R1
R1 := {}
R2 := "rachel.rsw"
R1[1] := R2
R0["veins.rsw"] := R1
KafraMoveMapServiceList := R0
R0 := {}
R1 := {}
R2 := 0
R3 := -120
R1[1,2] := R2,R3
R0["prontera.rsw"] := R1
R1 := {}
R2 := 0
R3 := -120
R1[1,2] := R2,R3
R0["izlude.rsw"] := R1
R1 := {}
R2 := -150
R3 := -150
R1[1,2] := R2,R3
R0["geffen.rsw"] := R1
R1 := {}
R2 := 0
R3 := 0
R1[1,2] := R2,R3
R0["aldebaran.rsw"] := R1
R1 := {}
R2 := -150
R3 := -150
R1[1,2] := R2,R3
R0["morocc.rsw"] := R1
R1 := {}
R2 := -70
R3 := -220
R1[1,2] := R2,R3
R0["alberta.rsw"] := R1
R1 := {}
R2 := -50
R3 := -150
R1[1,2] := R2,R3
R0["payon.rsw"] := R1
R1 := {}
R2 := -120
R3 := -200
R1[1,2] := R2,R3
R0["cmd_fild07.rsw"] := R1
R1 := {}
R2 := 20
R3 := -150
R1[1,2] := R2,R3
R0["comodo.rsw"] := R1
R1 := {}
R2 := -140
R3 := 70
R1[1,2] := R2,R3
R0["yuno.rsw"] := R1
R1 := {}
R2 := 0
R3 := 0
R1[1,2] := R2,R3
R0["umbala.rsw"] := R1
R1 := {}
R2 := 0
R3 := 0
R1[1,2] := R2,R3
R0["rachel.rsw"] := R1
R1 := {}
R2 := 0
R3 := 0
R1[1,2] := R2,R3
R0["veins.rsw"] := R1
KafraMiniMapPos := R0
return 
