R0 := 0
SEX_FEMALE := R0
R0 := 1
SEX_MALE := R0
R0 := 0
LAYER_BIG := R0
R0 := 1
LAYER_SMALL := R0
R0 := {}
R1 := SPRITE_ROBE_IDs
R1 := R1["ROBE_WINGS"]
R2 := LAYER_BIG
R0[R1] := R2
R1 := SPRITE_ROBE_IDs
R1 := R1["ROBE_BAG_OF_ADVENTURER"]
R2 := LAYER_SMALL
R0[R1] := R2
R1 := SPRITE_ROBE_IDs
R1 := R1["ROBE_WINGS_OF_FALLEN_ANGEL"]
R2 := LAYER_BIG
R0[R1] := R2
LayerSizeTypeList := R0
R0 := {}
R1 := JOBID
R1 := R1["JT_NOVICE_H"]
R2 := JOBID
R2 := R2["JT_NOVICE"]
R0[R1] := R2
R1 := JOBID
R1 := R1["JT_SWORDMAN_H"]
R2 := JOBID
R2 := R2["JT_SWORDMAN"]
R0[R1] := R2
R1 := JOBID
R1 := R1["JT_MAGICIAN_H"]
R2 := JOBID
R2 := R2["JT_MAGICIAN"]
R0[R1] := R2
R1 := JOBID
R1 := R1["JT_MERCHANT_H"]
R2 := JOBID
R2 := R2["JT_MERCHANT"]
R0[R1] := R2
R1 := JOBID
R1 := R1["JT_ARCHER_H"]
R2 := JOBID
R2 := R2["JT_ARCHER"]
R0[R1] := R2
R1 := JOBID
R1 := R1["JT_ACOLYTE_H"]
R2 := JOBID
R2 := R2["JT_ACOLYTE"]
R0[R1] := R2
R1 := JOBID
R1 := R1["JT_THIEF_H"]
R2 := JOBID
R2 := R2["JT_THIEF"]
R0[R1] := R2
R1 := JOBID
R1 := R1["JT_SUPERNOVICE2"]
R2 := JOBID
R2 := R2["JT_SUPERNOVICE"]
R0[R1] := R2
R1 := JOBID
R1 := R1["JT_NOVICE_B"]
R2 := JOBID
R2 := R2["JT_NOVICE"]
R0[R1] := R2
R1 := JOBID
R1 := R1["JT_SWORDMAN_B"]
R2 := JOBID
R2 := R2["JT_SWORDMAN"]
R0[R1] := R2
R1 := JOBID
R1 := R1["JT_MAGICIAN_B"]
R2 := JOBID
R2 := R2["JT_MAGICIAN"]
R0[R1] := R2
R1 := JOBID
R1 := R1["JT_ARCHER_B"]
R2 := JOBID
R2 := R2["JT_ARCHER"]
R0[R1] := R2
R1 := JOBID
R1 := R1["JT_ACOLYTE_B"]
R2 := JOBID
R2 := R2["JT_ACOLYTE"]
R0[R1] := R2
R1 := JOBID
R1 := R1["JT_MERCHANT_B"]
R2 := JOBID
R2 := R2["JT_MERCHANT"]
R0[R1] := R2
R1 := JOBID
R1 := R1["JT_THIEF_B"]
R2 := JOBID
R2 := R2["JT_THIEF"]
R0[R1] := R2
R1 := JOBID
R1 := R1["JT_KNIGHT_B"]
R2 := JOBID
R2 := R2["JT_KNIGHT"]
R0[R1] := R2
R1 := JOBID
R1 := R1["JT_PRIEST_B"]
R2 := JOBID
R2 := R2["JT_PRIEST"]
R0[R1] := R2
R1 := JOBID
R1 := R1["JT_WIZARD_B"]
R2 := JOBID
R2 := R2["JT_WIZARD"]
R0[R1] := R2
R1 := JOBID
R1 := R1["JT_BLACKSMITH_B"]
R2 := JOBID
R2 := R2["JT_BLACKSMITH"]
R0[R1] := R2
R1 := JOBID
R1 := R1["JT_HUNTER_B"]
R2 := JOBID
R2 := R2["JT_HUNTER"]
R0[R1] := R2
R1 := JOBID
R1 := R1["JT_ASSASSIN_B"]
R2 := JOBID
R2 := R2["JT_ASSASSIN"]
R0[R1] := R2
R1 := JOBID
R1 := R1["JT_CRUSADER_B"]
R2 := JOBID
R2 := R2["JT_CRUSADER"]
R0[R1] := R2
R1 := JOBID
R1 := R1["JT_MONK_B"]
R2 := JOBID
R2 := R2["JT_MONK"]
R0[R1] := R2
R1 := JOBID
R1 := R1["JT_SAGE_B"]
R2 := JOBID
R2 := R2["JT_SAGE"]
R0[R1] := R2
R1 := JOBID
R1 := R1["JT_ROGUE_B"]
R2 := JOBID
R2 := R2["JT_ROGUE"]
R0[R1] := R2
R1 := JOBID
R1 := R1["JT_ALCHEMIST_B"]
R2 := JOBID
R2 := R2["JT_ALCHEMIST"]
R0[R1] := R2
R1 := JOBID
R1 := R1["JT_BARD_B"]
R2 := JOBID
R2 := R2["JT_BARD"]
R0[R1] := R2
R1 := JOBID
R1 := R1["JT_DANCER_B"]
R2 := JOBID
R2 := R2["JT_DANCER"]
R0[R1] := R2
R1 := JOBID
R1 := R1["JT_SUPERNOVICE_B"]
R2 := JOBID
R2 := R2["JT_SUPERNOVICE"]
R0[R1] := R2
R1 := JOBID
R1 := R1["JT_RUNE_KNIGHT_B"]
R2 := JOBID
R2 := R2["JT_RUNE_KNIGHT"]
R0[R1] := R2
R1 := JOBID
R1 := R1["JT_WARLOCK_B"]
R2 := JOBID
R2 := R2["JT_WARLOCK"]
R0[R1] := R2
R1 := JOBID
R1 := R1["JT_RANGER_B"]
R2 := JOBID
R2 := R2["JT_RANGER"]
R0[R1] := R2
R1 := JOBID
R1 := R1["JT_ARCHBISHOP_B"]
R2 := JOBID
R2 := R2["JT_ARCHBISHOP"]
R0[R1] := R2
R1 := JOBID
R1 := R1["JT_MECHANIC_B"]
R2 := JOBID
R2 := R2["JT_MECHANIC"]
R0[R1] := R2
R1 := JOBID
R1 := R1["JT_GUILLOTINE_CROSS_B"]
R2 := JOBID
R2 := R2["JT_GUILLOTINE_CROSS"]
R0[R1] := R2
R1 := JOBID
R1 := R1["JT_ROYAL_GUARD_B"]
R2 := JOBID
R2 := R2["JT_ROYAL_GUARD"]
R0[R1] := R2
R1 := JOBID
R1 := R1["JT_SORCERER_B"]
R2 := JOBID
R2 := R2["JT_SORCERER"]
R0[R1] := R2
R1 := JOBID
R1 := R1["JT_MINSTREL_B"]
R2 := JOBID
R2 := R2["JT_MINSTREL"]
R0[R1] := R2
R1 := JOBID
R1 := R1["JT_WANDERER_B"]
R2 := JOBID
R2 := R2["JT_WANDERER"]
R0[R1] := R2
R1 := JOBID
R1 := R1["JT_SURA_B"]
R2 := JOBID
R2 := R2["JT_SURA"]
R0[R1] := R2
R1 := JOBID
R1 := R1["JT_GENETIC_B"]
R2 := JOBID
R2 := R2["JT_GENETIC"]
R0[R1] := R2
R1 := JOBID
R1 := R1["JT_SHADOW_CHASER_B"]
R2 := JOBID
R2 := R2["JT_SHADOW_CHASER"]
R0[R1] := R2
R1 := JOBID
R1 := R1["JT_SUPERNOVICE2_B"]
R2 := JOBID
R2 := R2["JT_SUPERNOVICE2"]
R0[R1] := R2
SPRITE_INHERIT_LIST := R0
R0 := {}
R1 := JOBID
R1 := R1["JT_GUILLOTINE_CROSS"]
R2 := JOBID
R2 := R2["JT_ASSASSIN"]
R0[R1] := R2
R1 := JOBID
R1 := R1["JT_ALCHEMIST_H"]
R2 := JOBID
R2 := R2["JT_ALCHEMIST"]
R0[R1] := R2
R1 := JOBID
R1 := R1["JT_GENETIC"]
R2 := JOBID
R2 := R2["JT_ALCHEMIST"]
R0[R1] := R2
R1 := JOBID
R1 := R1["JT_DANCER_H"]
R2 := JOBID
R2 := R2["JT_DANCER"]
R0[R1] := R2
R1 := JOBID
R1 := R1["JT_WANDERER"]
R2 := JOBID
R2 := R2["JT_DANCER"]
R0[R1] := R2
R1 := JOBID
R1 := R1["JT_BARD_H"]
R2 := JOBID
R2 := R2["JT_BARD"]
R0[R1] := R2
R1 := JOBID
R1 := R1["JT_MINSTREL"]
R2 := JOBID
R2 := R2["JT_BARD"]
R0[R1] := R2
R1 := JOBID
R1 := R1["JT_MONK_H"]
R2 := JOBID
R2 := R2["JT_MONK"]
R0[R1] := R2
R1 := JOBID
R1 := R1["JT_SURA"]
R2 := JOBID
R2 := R2["JT_MONK"]
R0[R1] := R2
R1 := JOBID
R1 := R1["JT_ROGUE_H"]
R2 := JOBID
R2 := R2["JT_ROGUE"]
R0[R1] := R2
R1 := JOBID
R1 := R1["JT_SHADOW_CHASER"]
R2 := JOBID
R2 := R2["JT_ROGUE"]
R0[R1] := R2
R1 := JOBID
R1 := R1["JT_KNIGHT_H"]
R2 := JOBID
R2 := R2["JT_KNIGHT"]
R0[R1] := R2
R1 := JOBID
R1 := R1["JT_ARCHBISHOP"]
R2 := JOBID
R2 := R2["JT_PRIEST"]
R0[R1] := R2
R1 := JOBID
R1 := R1["JT_PECO_GUNNER"]
R2 := JOBID
R2 := R2["JT_PECO_SWORD"]
R0[R1] := R2
R1 := JOBID
R1 := R1["JT_CRUSADER_H"]
R2 := JOBID
R2 := R2["JT_CRUSADER"]
R0[R1] := R2
R1 := JOBID
R1 := R1["JT_MECHANIC"]
R2 := JOBID
R2 := R2["JT_BLACKSMITH"]
R0[R1] := R2
R1 := JOBID
R1 := R1["JT_WIZARD_H"]
R2 := JOBID
R2 := R2["JT_WIZARD"]
R0[R1] := R2
R1 := JOBID
R1 := R1["JT_WARLOCK"]
R2 := JOBID
R2 := R2["JT_WIZARD"]
R0[R1] := R2
EXCEPTION_SPRITE_INHERIT_LIST := R0
R0 := {}
R1 := JOBID
R1 := R1["JT_PIG_WHITESMITH"]
R2 := JOBID
R2 := R2["JT_PIG_MERCHANT"]
R0[R1] := R2
R1 := JOBID
R1 := R1["JT_PIG_GENETIC"]
R2 := JOBID
R2 := R2["JT_PIG_MERCHANT"]
R0[R1] := R2
R1 := JOBID
R1 := R1["JT_PIG_CREATOR"]
R2 := JOBID
R2 := R2["JT_PIG_MERCHANT"]
R0[R1] := R2
R1 := JOBID
R1 := R1["JT_PIG_ALCHE"]
R2 := JOBID
R2 := R2["JT_PIG_MERCHANT"]
R0[R1] := R2
R1 := JOBID
R1 := R1["JT_PIG_BLACKSMITH"]
R2 := JOBID
R2 := R2["JT_PIG_MERCHANT"]
R0[R1] := R2
R1 := JOBID
R1 := R1["JT_PIG_MERCHANT_B"]
R2 := JOBID
R2 := R2["JT_PIG_MERCHANT"]
R0[R1] := R2
R1 := JOBID
R1 := R1["JT_PIG_GENETIC_B"]
R2 := JOBID
R2 := R2["JT_PIG_MERCHANT"]
R0[R1] := R2
R1 := JOBID
R1 := R1["JT_PIG_ALCHE_B"]
R2 := JOBID
R2 := R2["JT_PIG_MERCHANT"]
R0[R1] := R2
R1 := JOBID
R1 := R1["JT_PIG_MERCHANT_H"]
R2 := JOBID
R2 := R2["JT_PIG_MERCHANT"]
R0[R1] := R2
R1 := JOBID
R1 := R1["JT_PIG_BLACKSMITH_B"]
R2 := JOBID
R2 := R2["JT_PIG_MERCHANT"]
R0[R1] := R2
R1 := JOBID
R1 := R1["JT_SHEEP_ACO"]
R2 := JOBID
R2 := R2["JT_SHEEP_MONK"]
R0[R1] := R2
R1 := JOBID
R1 := R1["JT_SHEEP_SURA"]
R2 := JOBID
R2 := R2["JT_SHEEP_MONK"]
R0[R1] := R2
R1 := JOBID
R1 := R1["JT_SHEEP_ARCB"]
R2 := JOBID
R2 := R2["JT_SHEEP_MONK"]
R0[R1] := R2
R1 := JOBID
R1 := R1["JT_SHEEP_CHAMP"]
R2 := JOBID
R2 := R2["JT_SHEEP_MONK"]
R0[R1] := R2
R1 := JOBID
R1 := R1["JT_SHEEP_PRIEST"]
R2 := JOBID
R2 := R2["JT_SHEEP_MONK"]
R0[R1] := R2
R1 := JOBID
R1 := R1["JT_SHEEP_HPRIEST"]
R2 := JOBID
R2 := R2["JT_SHEEP_MONK"]
R0[R1] := R2
R1 := JOBID
R1 := R1["JT_SHEEP_ACO_B"]
R2 := JOBID
R2 := R2["JT_SHEEP_MONK"]
R0[R1] := R2
R1 := JOBID
R1 := R1["JT_SHEEP_MONK_B"]
R2 := JOBID
R2 := R2["JT_SHEEP_MONK"]
R0[R1] := R2
R1 := JOBID
R1 := R1["JT_SHEEP_ARCB_B"]
R2 := JOBID
R2 := R2["JT_SHEEP_MONK"]
R0[R1] := R2
R1 := JOBID
R1 := R1["JT_SHEEP_SURA_B"]
R2 := JOBID
R2 := R2["JT_SHEEP_MONK"]
R0[R1] := R2
R1 := JOBID
R1 := R1["JT_SHEEP_ACO_H"]
R2 := JOBID
R2 := R2["JT_SHEEP_MONK"]
R0[R1] := R2
R1 := JOBID
R1 := R1["JT_SHEEP_PRIEST_B"]
R2 := JOBID
R2 := R2["JT_SHEEP_MONK"]
R0[R1] := R2
R1 := JOBID
R1 := R1["JT_DOG_G_CROSS"]
R2 := JOBID
R2 := R2["JT_DOG_THIEF"]
R0[R1] := R2
R1 := JOBID
R1 := R1["JT_DOG_ROGUE"]
R2 := JOBID
R2 := R2["JT_DOG_THIEF"]
R0[R1] := R2
R1 := JOBID
R1 := R1["JT_DOG_CHASER"]
R2 := JOBID
R2 := R2["JT_DOG_THIEF"]
R0[R1] := R2
R1 := JOBID
R1 := R1["JT_DOG_STALKER"]
R2 := JOBID
R2 := R2["JT_DOG_THIEF"]
R0[R1] := R2
R1 := JOBID
R1 := R1["JT_DOG_ASSASSIN"]
R2 := JOBID
R2 := R2["JT_DOG_THIEF"]
R0[R1] := R2
R1 := JOBID
R1 := R1["JT_DOG_ASSA_X"]
R2 := JOBID
R2 := R2["JT_DOG_THIEF"]
R0[R1] := R2
R1 := JOBID
R1 := R1["JT_DOG_ASSASSIN_B"]
R2 := JOBID
R2 := R2["JT_DOG_THIEF"]
R0[R1] := R2
R1 := JOBID
R1 := R1["JT_DOG_ROGUE_B"]
R2 := JOBID
R2 := R2["JT_DOG_THIEF"]
R0[R1] := R2
R1 := JOBID
R1 := R1["JT_DOG_G_CROSS_B"]
R2 := JOBID
R2 := R2["JT_DOG_THIEF"]
R0[R1] := R2
R1 := JOBID
R1 := R1["JT_DOG_CHASER_B"]
R2 := JOBID
R2 := R2["JT_DOG_THIEF"]
R0[R1] := R2
R1 := JOBID
R1 := R1["JT_DOG_THIEF_H"]
R2 := JOBID
R2 := R2["JT_DOG_THIEF"]
R0[R1] := R2
R1 := JOBID
R1 := R1["JT_DOG_THIEF_B"]
R2 := JOBID
R2 := R2["JT_DOG_THIEF"]
R0[R1] := R2
R1 := JOBID
R1 := R1["JT_OSTRICH_DANCER"]
R2 := JOBID
R2 := R2["JT_OSTRICH_ARCHER"]
R0[R1] := R2
R1 := JOBID
R1 := R1["JT_OSTRICH_MINSTREL"]
R2 := JOBID
R2 := R2["JT_OSTRICH_ARCHER"]
R0[R1] := R2
R1 := JOBID
R1 := R1["JT_OSTRICH_BARD"]
R2 := JOBID
R2 := R2["JT_OSTRICH_ARCHER"]
R0[R1] := R2
R1 := JOBID
R1 := R1["JT_OSTRICH_SNIPER"]
R2 := JOBID
R2 := R2["JT_OSTRICH_ARCHER"]
R0[R1] := R2
R1 := JOBID
R1 := R1["JT_OSTRICH_WANDER"]
R2 := JOBID
R2 := R2["JT_OSTRICH_ARCHER"]
R0[R1] := R2
R1 := JOBID
R1 := R1["JT_OSTRICH_ZIPSI"]
R2 := JOBID
R2 := R2["JT_OSTRICH_ARCHER"]
R0[R1] := R2
R1 := JOBID
R1 := R1["JT_OSTRICH_CROWN"]
R2 := JOBID
R2 := R2["JT_OSTRICH_ARCHER"]
R0[R1] := R2
R1 := JOBID
R1 := R1["JT_OSTRICH_HUNTER"]
R2 := JOBID
R2 := R2["JT_OSTRICH_ARCHER"]
R0[R1] := R2
R1 := JOBID
R1 := R1["JT_OSTRICH_ARCHER_B"]
R2 := JOBID
R2 := R2["JT_OSTRICH_ARCHER"]
R0[R1] := R2
R1 := JOBID
R1 := R1["JT_OSTRICH_HUNTER_B"]
R2 := JOBID
R2 := R2["JT_OSTRICH_ARCHER"]
R0[R1] := R2
R1 := JOBID
R1 := R1["JT_OSTRICH_BARD_B"]
R2 := JOBID
R2 := R2["JT_OSTRICH_ARCHER"]
R0[R1] := R2
R1 := JOBID
R1 := R1["JT_OSTRICH_DANCER_B"]
R2 := JOBID
R2 := R2["JT_OSTRICH_ARCHER"]
R0[R1] := R2
R1 := JOBID
R1 := R1["JT_OSTRICH_MINSTREL_B"]
R2 := JOBID
R2 := R2["JT_OSTRICH_ARCHER"]
R0[R1] := R2
R1 := JOBID
R1 := R1["JT_OSTRICH_WANDER_B"]
R2 := JOBID
R2 := R2["JT_OSTRICH_ARCHER"]
R0[R1] := R2
R1 := JOBID
R1 := R1["JT_OSTRICH_ARCHER_H"]
R2 := JOBID
R2 := R2["JT_OSTRICH_ARCHER"]
R0[R1] := R2
R1 := JOBID
R1 := R1["JT_FOX_SAGE"]
R2 := JOBID
R2 := R2["JT_FOX_MAGICIAN"]
R0[R1] := R2
R1 := JOBID
R1 := R1["JT_FOX_SORCERER"]
R2 := JOBID
R2 := R2["JT_FOX_MAGICIAN"]
R0[R1] := R2
R1 := JOBID
R1 := R1["JT_FOX_WARLOCK"]
R2 := JOBID
R2 := R2["JT_FOX_MAGICIAN"]
R0[R1] := R2
R1 := JOBID
R1 := R1["JT_FOX_WIZ"]
R2 := JOBID
R2 := R2["JT_FOX_MAGICIAN"]
R0[R1] := R2
R1 := JOBID
R1 := R1["JT_FOX_HWIZ"]
R2 := JOBID
R2 := R2["JT_FOX_MAGICIAN"]
R0[R1] := R2
R1 := JOBID
R1 := R1["JT_FOX_MAGICIAN_B"]
R2 := JOBID
R2 := R2["JT_FOX_MAGICIAN"]
R0[R1] := R2
R1 := JOBID
R1 := R1["JT_FOX_SAGE_B"]
R2 := JOBID
R2 := R2["JT_FOX_MAGICIAN"]
R0[R1] := R2
R1 := JOBID
R1 := R1["JT_FOX_WARLOCK_B"]
R2 := JOBID
R2 := R2["JT_FOX_MAGICIAN"]
R0[R1] := R2
R1 := JOBID
R1 := R1["JT_FOX_SORCERER_B"]
R2 := JOBID
R2 := R2["JT_FOX_MAGICIAN"]
R0[R1] := R2
R1 := JOBID
R1 := R1["JT_FOX_MAGICIAN_H"]
R2 := JOBID
R2 := R2["JT_FOX_MAGICIAN"]
R0[R1] := R2
R1 := JOBID
R1 := R1["JT_FOX_WIZ_B"]
R2 := JOBID
R2 := R2["JT_FOX_MAGICIAN"]
R0[R1] := R2
R1 := JOBID
R1 := R1["JT_PORING_STAR"]
R2 := JOBID
R2 := R2["JT_PORING_NOVICE"]
R0[R1] := R2
R1 := JOBID
R1 := R1["JT_PORING_SNOVICE"]
R2 := JOBID
R2 := R2["JT_PORING_NOVICE"]
R0[R1] := R2
R1 := JOBID
R1 := R1["JT_PORING_TAEKWON"]
R2 := JOBID
R2 := R2["JT_PORING_NOVICE"]
R0[R1] := R2
R1 := JOBID
R1 := R1["JT_PORING_NOVICE_B"]
R2 := JOBID
R2 := R2["JT_PORING_NOVICE"]
R0[R1] := R2
R1 := JOBID
R1 := R1["JT_PORING_SNOVICE_B"]
R2 := JOBID
R2 := R2["JT_PORING_NOVICE"]
R0[R1] := R2
R1 := JOBID
R1 := R1["JT_PORING_NOVICE_H"]
R2 := JOBID
R2 := R2["JT_PORING_NOVICE"]
R0[R1] := R2
R1 := JOBID
R1 := R1["JT_PORING_SNOVICE2"]
R2 := JOBID
R2 := R2["JT_PORING_NOVICE"]
R0[R1] := R2
R1 := JOBID
R1 := R1["JT_PORING_SNOVICE2_B"]
R2 := JOBID
R2 := R2["JT_PORING_NOVICE"]
R0[R1] := R2
R1 := JOBID
R1 := R1["JT_FROG_KAGEROU"]
R2 := JOBID
R2 := R2["JT_FROG_NINJA"]
R0[R1] := R2
R1 := JOBID
R1 := R1["JT_FROG_OBORO"]
R2 := JOBID
R2 := R2["JT_FROG_NINJA"]
R0[R1] := R2
RIDING_SPRITE_INHERIT_LIST := R0
R0 := closure(Function #0)
GetLayerSizeType := R0
R0 := closure(Function #1)
GetLayerDirTbl := R0
R0 := closure(Function #2)
GetSpriteInheriteJob := R0
R0 := closure(Function #3)
DrawOnTop := R0
return 


; Function #0:
;
; Name:            
; Defined at line: 194
; #Upvalues:       0
; #Parameters:     1 (R0)
; Is_vararg:       0
; Max Stack Size:  3
;
; Locals:
; Start PC |  End PC  | Name
; 00000000 | 0000000e | robeID
; 00000008 | 0000000e | sizeType
;
; No upvalues

R1 := LayerSizeTypeList
R1 := R1[R0]
if R1 != nil then PC := 7
  4 [195]: JMP       7
R1 := LAYER_BIG
return R1
R1 := LayerSizeTypeList
R1 := R1[R0]
if R1 == nil then PC := 13
 10 [201]: JMP       13
return R1
PC := 15
R2 := LAYER_BIG
return R2
return 


; Function #1:
;
; Name:            
; Defined at line: 208
; #Upvalues:       0
; #Parameters:     2 (R0, R1)
; Is_vararg:       0
; Max Stack Size:  4
;
; Locals:
; Start PC |  End PC  | Name
; 00000000 | 0000001a | sex
; 00000000 | 0000001a | robeID
; 00000003 | 0000001a | sizeType
;
; No upvalues

R2 := GetLayerSizeType
R3 := R1
R2 := R2(R3)
R3 := LAYER_BIG
if R2 != R3 then PC := 16
  6 [211]: JMP       16
R3 := SEX_FEMALE
if R0 != R3 then PC := 13
  9 [212]: JMP       13
R3 := BigLayerDir_F
return R3
PC := 27
R3 := BigLayerDir_M
return R3
PC := 27
R3 := LAYER_SMALL
if R2 != R3 then PC := 27
 18 [217]: JMP       27
R3 := SEX_FEMALE
if R0 != R3 then PC := 25
 21 [218]: JMP       25
R3 := SmallLayerDir_F
return R3
PC := 27
R3 := SmallLayerDir_M
return R3
return 


; Function #2:
;
; Name:            
; Defined at line: 226
; #Upvalues:       0
; #Parameters:     1 (R0)
; Is_vararg:       0
; Max Stack Size:  3
;
; Locals:
; Start PC |  End PC  | Name
; 00000000 | 0000002b | jobID
; 0000001e | 0000002b | sizeType
;
; No upvalues

R1 := RIDING_SPRITE_INHERIT_LIST
if R1 == nil then PC := 10
  3 [227]: JMP       10
R1 := RIDING_SPRITE_INHERIT_LIST
R1 := R1[R0]
if R1 == nil then PC := 10
  7 [228]: JMP       10
R1 := RIDING_SPRITE_INHERIT_LIST
R0 := R1[R0]
R1 := JOB_INHERIT_LIST2
if R1 == nil then PC := 19
 12 [233]: JMP       19
R1 := JOB_INHERIT_LIST2
R1 := R1[R0]
if R1 == nil then PC := 19
 16 [234]: JMP       19
R1 := JOB_INHERIT_LIST2
R0 := R1[R0]
R1 := SPRITE_INHERIT_LIST
if R1 == nil then PC := 28
 21 [239]: JMP       28
R1 := SPRITE_INHERIT_LIST
R1 := R1[R0]
if R1 == nil then PC := 28
 25 [240]: JMP       28
R1 := SPRITE_INHERIT_LIST
R0 := R1[R0]
R1 := GetLayerSizeType
R2 := robeID
R1 := R1(R2)
R2 := LAYER_BIG
if R1 != R2 then PC := 43
 33 [247]: JMP       43
R2 := EXCEPTION_SPRITE_INHERIT_LIST
if R2 == nil then PC := 43
 36 [248]: JMP       43
R2 := EXCEPTION_SPRITE_INHERIT_LIST
R2 := R2[R0]
if R2 == nil then PC := 43
 40 [249]: JMP       43
R2 := EXCEPTION_SPRITE_INHERIT_LIST
R0 := R2[R0]
return R0
return 


; Function #3:
;
; Name:            
; Defined at line: 258
; #Upvalues:       0
; #Parameters:     5 (R0, R1, R2, R3, R4)
; Is_vararg:       0
; Max Stack Size:  8
;
; Locals:
; Start PC |  End PC  | Name
; 00000000 | 0000002a | robeID
; 00000000 | 0000002a | sex
; 00000000 | 0000002a | jobID
; 00000000 | 0000002a | actNum
; 00000000 | 0000002a | motNum
; 00000004 | 0000002a | LayerDirTbl
; 00000016 | 0000002a | idx
;
; No upvalues

R5 := GetLayerDirTbl
R6 := R1
R7 := R0
R5 := R5(R6,R7)
R6 := GetSpriteInheriteJob
R7 := R2
R6 := R6(R7)
R2 := R6
if R5 == nil then PC := 14
 10 [263]: JMP       14
R6 := R5[R2]
if R6 != nil then PC := 16
 13 [263]: JMP       16
R6 := true
return R6
R6 := R5[R2]
R6 := R6[R3]
if R6 != nil then PC := 22
 19 [267]: JMP       22
R6 := true
return R6
R6 := 1
R7 := R5[R2]
R7 := R7[R3]
R7 := R7[R6]
motInfo := R7
PC := 38
R7 := motInfo
if R7 != R4 then PC := 33
 30 [275]: JMP       33
R7 := false
return R7
R6 := R6 + 1
R7 := R5[R2]
R7 := R7[R3]
R7 := R7[R6]
motInfo := R7
R7 := motInfo
if R7 != nil then PC := 28
 40 [274]: JMP       28
R7 := true
return R7
return 
