R0 := {}
R0["EF_BEGINSPELL"] := 12
R0["EF_BASH"] := 16
R0["EF_BEGINSPELL2"] := 54
R0["EF_BEGINSPELL3"] := 55
R0["EF_BEGINSPELL4"] := 56
R0["EF_BEGINSPELL5"] := 57
R0["EF_BEGINSPELL6"] := 58
R0["EF_BEGINSPELL7"] := 59
R0["EF_FIREPILLARBOMB"] := 97
R0["EF_DETECTING"] := 119
R0["EF_BRANDISH2"] := 144
R0["EF_HOLYHIT"] := 152
R0["EF_SAKURA"] := 163
R0["EF_ENERGYCOAT"] := 169
R0["EF_MAGICALATTHIT"] := 182
R0["EF_DISPELL"] := 235
R0["EF_HOLYCROSS"] := 245
R0["EF_HITLINE"] := 330
R0["EF_HITLINE2"] := 376
R0["EF_HITLINE3"] := 428
R0["EF_HITLINE4"] := 429
R0["EF_HITLINE5"] := 430
R0["EF_HITLINE6"] := 431
R0["EF_STORMKICK"] := 435
R0["EF_BLUECASTING"] := 441
R0["EF_FLOWERCAST"] := 488
R0["EF_STIN"] := 547
R0["EF_RED_HIT"] := 548
R0["EF_BLUE_HIT"] := 549
R0["EF_M03"] := 585
R0["EF_FOOD05"] := 597
R0["EF_THROWITEM8"] := 614
R0["EF_THROWITEM9"] := 615
R0["EF_THROWITEM10"] := 616
R0["EF_KOUENKA"] := 618
R0["EF_DETECT4"] := 780
R0["EF_THROW_HAPPOKUNAI"] := 981
R0["EF_THROW_MULTIPLE_COIN"] := 982
R0["EF_THROW_BAKURETSU"] := 983
R0["EF_ROTATE_HUUMARANKA"] := 984
R0["EF_ROTATE_BG"] := 985
R0["EF_ROTATE_LINE_GRAY"] := 986
R0["EF_KAIHOU"] := 989
R0["EF_GROUND_EXPLOSION"] := 990
R0["EF_KG_KAGEHUMI"] := 991
R0["EF_KO_JYUMONJIKIRI"] := 996
R0["EF_KO_SETSUDAN"] := 997
R0["EF_RED_CROSS"] := 998
R0["EF_KO_IZAYOI"] := 999
R0["EF_ROTATE_LINE_BLUE"] := 1000
R0["EF_KG_KYOMU"] := 1001
R0["EF_KO_HUUMARANKA"] := 1002
EFID := R0
return 
