R0 := {}
R1 := SKID
R1 := R1["NJ_KUNAI"]
R2 := {}
R2["waveFileName"] := "effect\\닌자_던지기.wav"
R2["effectNum"] := 1
R3 := {}
R4 := EFID
R4 := R4["EF_THROWITEM8"]
R3[1] := R4
R2["effectIDs"] := R3
R3 := true
R2["onTarget"] := R3
R0[R1] := R2
R1 := SKID
R1 := R1["KO_JYUMONJIKIRI"]
R2 := {}
R3 := ACTOR_STATE
R3 := R3["ST_ATTACK2"]
R2["beginMotionType"] := R3
R2["waveFileName"] := "effect\\cru_holy cross.wav"
R2["targetEffectNum"] := 1
R3 := {}
R4 := EFID
R4 := R4["EF_KO_JYUMONJIKIRI"]
R3[1] := R4
R2["targetEffectID"] := R3
R3 := true
R2["onTarget"] := R3
R0[R1] := R2
R1 := SKID
R1 := R1["KO_SETSUDAN"]
R2 := {}
R3 := ACTOR_STATE
R3 := R3["ST_NINJASKILL2"]
R2["beginMotionType"] := R3
R2["targetWaveFileName"] := "effect\\T_전기.wav"
R2["targetEffectNum"] := 1
R3 := {}
R4 := EFID
R4 := R4["EF_KO_SETSUDAN"]
R3[1] := R4
R2["targetEffectID"] := R3
R3 := true
R2["onTarget"] := R3
R0[R1] := R2
R1 := SKID
R1 := R1["KO_BAKURETSU"]
R2 := {}
R3 := ACTOR_STATE
R3 := R3["ST_NINJASKILL2"]
R2["beginMotionType"] := R3
R2["waveFileName"] := "effect\\닌자_던지기.wav"
R2["effectNum"] := 1
R3 := {}
R4 := EFID
R4 := R4["EF_THROW_BAKURETSU"]
R3[1] := R4
R2["effectID"] := R3
R2["targetWaveFileName"] := "effect\\폭염룡.wav"
R2["targetEffectNum"] := 1
R3 := {}
R4 := EFID
R4 := R4["EF_GROUND_EXPLOSION"]
R3[1] := R4
R2["targetEffectID"] := R3
R3 := true
R2["onTarget"] := R3
R0[R1] := R2
R1 := SKID
R1 := R1["KO_HAPPOKUNAI"]
R2 := {}
R3 := ACTOR_STATE
R3 := R3["ST_NINJASKILL2"]
R2["beginMotionType"] := R3
R2["waveFileName"] := "effect\\T_회오리차기.wav"
R2["effectNum"] := 2
R3 := {}
R4 := EFID
R4 := R4["EF_THROW_HAPPOKUNAI"]
R5 := EFID
R5 := R5["EF_ROTATE_LINE_GRAY"]
R3[1,2] := R4,R5
R2["effectID"] := R3
R0[R1] := R2
R1 := SKID
R1 := R1["KO_MUCHANAGE"]
R2 := {}
R2["waveFileName"] := "effect\\닌자_던지기.wav"
R2["effectNum"] := 1
R3 := {}
R4 := EFID
R4 := R4["EF_THROW_MULTIPLE_COIN"]
R3[1] := R4
R2["effectID"] := R3
R3 := true
R2["onTarget"] := R3
R2["targetEffectNum"] := 1
R3 := {}
R4 := EFID
R4 := R4["EF_HITLINE"]
R3[1] := R4
R2["targetEffectID"] := R3
R0[R1] := R2
R1 := SKID
R1 := R1["KO_HUUMARANKA"]
R2 := {}
R3 := ACTOR_STATE
R3 := R3["ST_NINJASKILL2"]
R2["beginMotionType"] := R3
R2["waveFileName"] := "effect\\T_회오리차기.wav"
R2["groundEffectNum"] := 3
R3 := {}
R4 := EFID
R4 := R4["EF_ROTATE_HUUMARANKA"]
R5 := EFID
R5 := R5["EF_ROTATE_LINE_BLUE"]
R6 := EFID
R6 := R6["EF_KO_HUUMARANKA"]
R3[1,2,3] := R4,R5,R6
R2["groundEffectID"] := R3
R0[R1] := R2
R1 := SKID
R1 := R1["KO_MEIKYOUSISUI"]
R2 := {}
R3 := ACTOR_STATE
R3 := R3["ST_NINJAREADY"]
R2["beginMotionType"] := R3
R3 := EFID
R3 := R3["EF_BEGINSPELL5"]
R2["beginEffectID"] := R3
R0[R1] := R2
R1 := SKID
R1 := R1["KO_IZAYOI"]
R2 := {}
R3 := ACTOR_STATE
R3 := R3["ST_NINJASKILL2"]
R2["beginMotionType"] := R3
R2["waveFileName"] := "effect\\ab_renovatio.wav"
R2["effectNum"] := 1
R3 := {}
R4 := EFID
R4 := R4["EF_KO_IZAYOI"]
R3[1] := R4
R2["effectID"] := R3
R0[R1] := R2
R1 := SKID
R1 := R1["KO_KYOUGAKU"]
R2 := {}
R3 := ACTOR_STATE
R3 := R3["ST_NINJAREADY"]
R2["beginMotionType"] := R3
R3 := EFID
R3 := R3["EF_BEGINSPELL7"]
R2["beginEffectID"] := R3
R0[R1] := R2
R1 := SKID
R1 := R1["KO_JYUSATSU"]
R2 := {}
R3 := ACTOR_STATE
R3 := R3["ST_NINJAREADY"]
R2["beginMotionType"] := R3
R3 := EFID
R3 := R3["EF_BEGINSPELL2"]
R2["beginEffectID"] := R3
R0[R1] := R2
R1 := SKID
R1 := R1["KO_GENWAKU"]
R2 := {}
R3 := ACTOR_STATE
R3 := R3["ST_NINJAREADY"]
R2["beginMotionType"] := R3
R3 := EFID
R3 := R3["EF_BEGINSPELL3"]
R2["beginEffectID"] := R3
R0[R1] := R2
R1 := SKID
R1 := R1["KO_KAHU_ENTEN"]
R2 := {}
R3 := ACTOR_STATE
R3 := R3["ST_NINJAREADY"]
R2["beginMotionType"] := R3
R3 := EFID
R3 := R3["EF_BEGINSPELL3"]
R2["beginEffectID"] := R3
R0[R1] := R2
R1 := SKID
R1 := R1["KO_HYOUHU_HUBUKI"]
R2 := {}
R3 := ACTOR_STATE
R3 := R3["ST_NINJAREADY"]
R2["beginMotionType"] := R3
R3 := EFID
R3 := R3["EF_BLUECASTING"]
R2["beginEffectID"] := R3
R0[R1] := R2
R1 := SKID
R1 := R1["KO_KAZEHU_SEIRAN"]
R2 := {}
R3 := ACTOR_STATE
R3 := R3["ST_NINJAREADY"]
R2["beginMotionType"] := R3
R3 := EFID
R3 := R3["EF_BEGINSPELL4"]
R2["beginEffectID"] := R3
R0[R1] := R2
R1 := SKID
R1 := R1["KO_DOHU_KOUKAI"]
R2 := {}
R3 := ACTOR_STATE
R3 := R3["ST_NINJAREADY"]
R2["beginMotionType"] := R3
R3 := EFID
R3 := R3["EF_BEGINSPELL"]
R2["beginEffectID"] := R3
R0[R1] := R2
R1 := SKID
R1 := R1["KO_KAIHOU"]
R2 := {}
R2["waveFileName"] := "effect\\닌자_던지기.wav"
R2["effectNum"] := 1
R3 := {}
R4 := EFID
R4 := R4["EF_KAIHOU"]
R3[1] := R4
R2["effectID"] := R3
R3 := true
R2["onTarget"] := R3
R0[R1] := R2
R1 := SKID
R1 := R1["KO_ZENKAI"]
R2 := {}
R3 := ACTOR_STATE
R3 := R3["ST_NINJASKILL2"]
R2["beginMotionType"] := R3
R0[R1] := R2
R1 := SKID
R1 := R1["KG_KAGEHUMI"]
R2 := {}
R3 := ACTOR_STATE
R3 := R3["ST_NINJASKILL2"]
R2["beginMotionType"] := R3
R2["effectNum"] := 1
R3 := {}
R4 := EFID
R4 := R4["EF_KG_KAGEHUMI"]
R3[1] := R4
R2["effectID"] := R3
R0[R1] := R2
R1 := SKID
R1 := R1["KG_KYOMU"]
R2 := {}
R2["targetWaveFileName"] := "effect\\t_에너지방출.wav"
R2["targetEffectNum"] := 2
R3 := {}
R4 := EFID
R4 := R4["EF_BRANDISH2"]
R5 := EFID
R5 := R5["EF_KG_KYOMU"]
R3[1,2] := R4,R5
R2["targetEffectID"] := R3
R3 := true
R2["onTarget"] := R3
R0[R1] := R2
R1 := SKID
R1 := R1["KG_KAGEMUSYA"]
R2 := {}
R2["targetWaveFileName"] := "effect\\mon_금강불괴.wav"
R2["targetEffectNum"] := 1
R3 := {}
R4 := EFID
R4 := R4["EF_ENERGYCOAT"]
R3[1] := R4
R2["targetEffectID"] := R3
R3 := true
R2["onTarget"] := R3
R0[R1] := R2
R1 := SKID
R1 := R1["OB_ZANGETSU"]
R2 := {}
R3 := ACTOR_STATE
R3 := R3["ST_NINJAREADY"]
R2["beginMotionType"] := R3
R3 := EFID
R3 := R3["EF_BEGINSPELL"]
R2["beginEffectID"] := R3
R2["targetWaveFileName"] := "effect\\t_따듯한마법.wav"
R2["targetEffectNum"] := 1
R3 := {}
R4 := EFID
R4 := R4["EF_FOOD05"]
R3[1] := R4
R2["targetEffectID"] := R3
R3 := true
R2["onTarget"] := R3
R0[R1] := R2
R1 := SKID
R1 := R1["OB_AKAITSUKI"]
R2 := {}
R3 := ACTOR_STATE
R3 := R3["ST_NINJAREADY"]
R2["beginMotionType"] := R3
R3 := EFID
R3 := R3["EF_BEGINSPELL3"]
R2["beginEffectID"] := R3
R2["targetWaveFileName"] := "effect\\t_에너지방출.wav"
R2["targetEffectNum"] := 1
R3 := {}
R4 := EFID
R4 := R4["EF_FIREPILLARBOMB"]
R3[1] := R4
R2["targetEffectID"] := R3
R3 := true
R2["onTarget"] := R3
R0[R1] := R2
R1 := SKID
R1 := R1["OB_OBOROGENSOU"]
R2 := {}
R3 := ACTOR_STATE
R3 := R3["ST_NINJAREADY"]
R2["beginMotionType"] := R3
R3 := EFID
R3 := R3["EF_BLUECASTING"]
R2["beginEffectID"] := R3
R2["targetWaveFileName"] := "effect\\sign_up.wav"
R2["targetEffectNum"] := 1
R3 := {}
R4 := EFID
R4 := R4["EF_ENERGYCOAT"]
R3[1] := R4
R2["targetEffectID"] := R3
R3 := true
R2["onTarget"] := R3
R0[R1] := R2
SKILL_EFFECT_INFO_LIST := R0
return 
