R0 := {}
R0["MSI_HK_SKILLBAR1_1"] := "스킬바 1-1번"
R0["MSI_HK_SKILLBAR1_2"] := "스킬바 1-2번"
R0["MSI_HK_SKILLBAR1_3"] := "스킬바 1-3번"
R0["MSI_HK_SKILLBAR1_4"] := "스킬바 1-4번"
R0["MSI_HK_SKILLBAR1_5"] := "스킬바 1-5번"
R0["MSI_HK_SKILLBAR1_6"] := "스킬바 1-6번"
R0["MSI_HK_SKILLBAR1_7"] := "스킬바 1-7번"
R0["MSI_HK_SKILLBAR1_8"] := "스킬바 1-8번"
R0["MSI_HK_SKILLBAR1_9"] := "스킬바 1-9번"
R0["MSI_HK_SKILLBAR2_1"] := "스킬바 2-1번"
R0["MSI_HK_SKILLBAR2_2"] := "스킬바 2-2번"
R0["MSI_HK_SKILLBAR2_3"] := "스킬바 2-3번"
R0["MSI_HK_SKILLBAR2_4"] := "스킬바 2-4번"
R0["MSI_HK_SKILLBAR2_5"] := "스킬바 2-5번"
R0["MSI_HK_SKILLBAR2_6"] := "스킬바 2-6번"
R0["MSI_HK_SKILLBAR2_7"] := "스킬바 2-7번"
R0["MSI_HK_SKILLBAR2_8"] := "스킬바 2-8번"
R0["MSI_HK_SKILLBAR2_9"] := "스킬바 2-9번"
R0["MSI_HK_SKILLBAR3_1"] := "스킬바 3-1번"
R0["MSI_HK_SKILLBAR3_2"] := "스킬바 3-2번"
R0["MSI_HK_SKILLBAR3_3"] := "스킬바 3-3번"
R0["MSI_HK_SKILLBAR3_4"] := "스킬바 3-4번"
R0["MSI_HK_SKILLBAR3_5"] := "스킬바 3-5번"
R0["MSI_HK_SKILLBAR3_6"] := "스킬바 3-6번"
R0["MSI_HK_SKILLBAR3_7"] := "스킬바 3-7번"
R0["MSI_HK_SKILLBAR3_8"] := "스킬바 3-8번"
R0["MSI_HK_SKILLBAR3_9"] := "스킬바 3-9번"
R0["MSI_HK_SKILLBAR4_1"] := "스킬바 4-1번"
R0["MSI_HK_SKILLBAR4_2"] := "스킬바 4-2번"
R0["MSI_HK_SKILLBAR4_3"] := "스킬바 4-3번"
R0["MSI_HK_SKILLBAR4_4"] := "스킬바 4-4번"
R0["MSI_HK_SKILLBAR4_5"] := "스킬바 4-5번"
R0["MSI_HK_SKILLBAR4_6"] := "스킬바 4-6번"
R0["MSI_HK_SKILLBAR4_7"] := "스킬바 4-7번"
R0["MSI_HK_SKILLBAR4_8"] := "스킬바 4-8번"
R0["MSI_HK_SKILLBAR4_9"] := "스킬바 4-9번"
R0["MSI_HK_BASICINFOWND_MINI"] := "기본 정보 창 최소/최대"
R0["MSI_HK_EQUIPWND_ONOFF"] := "캐릭터 정보 창 On/Off"
R0["MSI_HK_SKILLWND_ONOFF"] := "스킬 목록 창 On/Off"
R0["MSI_HK_QUESTWND_ONOFF"] := "퀘스트 목록 창 On/Off"
R0["MSI_HK_FRIENDWND_ONOFF"] := "친구 창 On/Off"
R0["MSI_HK_PARTYWND_ONOFF"] := "파티 창 On/Off"
R0["MSI_HK_CHATWND_MAKE"] := "대화방 만들기"
R0["MSI_HK_CARTWND_ONOFF"] := "카트 창 On/Off"
R0["MSI_HK_MAPWND_ONOFF"] := "지도 On/Off"
R0["MSI_HK_ITEMWND_ONOFF"] := "아이템 창 On/Off"
R0["MSI_HK_GUILDWND_ONOFF"] := "길드 창 On/Off"
R0["MSI_HK_EMOTIONWND_ONOFF"] := "이모션 목록 창 On/Off"
R0["MSI_HK_SITORSTAND"] := "앉기/서기"
R0["MSI_HK_MINIMAP_ONOFF"] := "미니 맵 상태"
R0["MSI_HK_MACROWND_ONOFF"] := "단축키 목록 창 On/Off"
R0["MSI_HK_EXEWND_ONOFF"] := "커맨드 창 On/Off"
R0["MSI_HK_ALLWND_OFF"] := "모든 창 닫기"
R0["MSI_HK_SKILLBAR_ONOFF"] := "스킬바 On/Off"
R0["MSI_HK_CHATWND_ONOFF"] := "채팅창 On/Off"
R0["MSI_HK_CHATWND_ZOOM"] := "채팅창 크기 확대/축소"
R0["MSI_HK_GAGE_ONOFF"] := "상태 게이지 On/Off"
R0["MSI_HK_SNAPSHOT"] := "스크린샷 찍기"
R0["MSI_HK_MEMORIALWND_ONOFF"] := "메모리얼 던전 창 On/Off"
R0["MSI_HK_PETWND_ONOFF"] := "펫 정보 창 On/Off"
R0["MSI_HK_HOMUNWND_ONOFF"] := "호문 정보 창 On/Off"
R0["MSI_HK_MERWND_ONOFF"] := "용병 정보 창 On/Off"
R0["MSI_HK_HOMUN_FOLLOW"] := "호문 대기 명령"
R0["MSI_HK_MER_FOLLOW"] := "용병 대기 명령"
R0["MSI_HK_FRIEND_OPTIONWND"] := "친구 설정 창"
R0["MSI_HK_PARTY_OPTIONWND"] := "파티 설정 창"
R0["MSI_HK_BATTLEFIELDWND"] := "전장 입장 설정 창"
R0["MSI_HK_CHATMODE_ONOFF"] := "채팅 모드 On/Off"
R0["MSI_HK_BASICINFOWND_BTN_ONOFF"] := "기본 정보 창 확장 옵션"
R0["MSI_HK_PARTY_RECRUIT"] := "파티 모집 창"
R0["MSI_HK_PARTY_BOOKING_LIST"] := "파티 모집 리스트 창"
R0["MSI_HK_GROUND_CURSOR_ONOFF"] := "지면 커서 표시 On/Off"
R0["MSI_HK_MACRO_1"] := "매크로 1"
R0["MSI_HK_MACRO_2"] := "매크로 2"
R0["MSI_HK_MACRO_3"] := "매크로 3"
R0["MSI_HK_MACRO_4"] := "매크로 4"
R0["MSI_HK_MACRO_5"] := "매크로 5"
R0["MSI_HK_MACRO_6"] := "매크로 6"
R0["MSI_HK_MACRO_7"] := "매크로 7"
R0["MSI_HK_MACRO_8"] := "매크로 8"
R0["MSI_HK_MACRO_9"] := "매크로 9"
R0["MSI_HK_MACRO_10"] := "매크로 10"
R0["MSI_HK_FLAG_1"] := "깃발 1"
R0["MSI_HK_FLAG_2"] := "깃발 2"
R0["MSI_HK_FLAG_3"] := "깃발 3"
R0["MSI_HK_FLAG_4"] := "깃발 4"
R0["MSI_HK_FLAG_5"] := "깃발 5"
R0["MSI_HK_FLAG_6"] := "깃발 6"
R0["MSI_HK_FLAG_7"] := "깃발 7"
R0["MSI_HK_FLAG_8"] := "깃발 8"
R0["MSI_HK_FLAG_9"] := "깃발 9"
R0["MSI_HK_FLAG_10"] := "깃발 10"
R0["MSI_ST_CHAT"] := "일반 메시지"
R0["MSI_BT_CHAT"] := "배틀 메시지"
MsgStrID := R0
return 
