R0 := {}
R0["ST_STAND"] := 0
R0["ST_MOVE"] := 1
R0["ST_ATTACK"] := 2
R0["ST_DEAD"] := 3
R0["ST_DAMAGE"] := 4
R0["ST_PICKUP"] := 5
R0["ST_SIT"] := 6
R0["ST_SKILL"] := 7
R0["ST_BEGIN_SKILL"] := 8
R0["ST_ATTACK2"] := 9
R0["ST_SLEEP"] := 10
R0["ST_ATTACKWAIT"] := 11
R0["ST_THROW"] := 12
R0["ST_AUTOCOUNTER"] := 13
R0["ST_LEFT"] := 14
R0["ST_RIGHT"] := 15
R0["ST_DANCE"] := 16
R0["ST_SING"] := 17
R0["ST_READYSHOT"] := 18
R0["ST_READYJUMP"] := 19
R0["ST_LANDJUMP"] := 20
R0["ST_R_STORM"] := 21
R0["ST_R_DOWN"] := 22
R0["ST_R_TURN"] := 23
R0["ST_R_COUNTER"] := 24
R0["ST_R_DODGE"] := 25
R0["ST_A_COUNTER"] := 26
R0["ST_A_JUMPKICK"] := 27
R0["ST_THROW2"] := 28
R0["ST_FEED"] := 29
R0["ST_A_STORM"] := 30
R0["ST_A_DOWN"] := 31
R0["ST_A_TURN"] := 32
R0["ST_SG_DOWN"] := 33
R0["ST_SG_TURN"] := 34
R0["ST_NINJASKILL1"] := 35
R0["ST_NINJASKILL2"] := 36
R0["ST_NINJAREADY"] := 37
R0["ST_GUNSKILL1"] := 38
R0["ST_GUNSKILL2"] := 39
R0["ST_GUNSKILL3"] := 40
R0["ST_GUNREADY"] := 41
R0["ST_GUNREADY2"] := 42
R0["ST_MADOSKILL"] := 43
R0["ST_MADOSKILL2"] := 44
R0["ST_AB_SPECIAL"] := 45
ACTOR_STATE := R0
return 
