R0 := {}
R0["ACCESSORY_GOGGLES"] := 1
R0["ACCESSORY_CATTYHAIRBAND"] := 2
R0["ACCESSORY_GLASS"] := 3
R0["ACCESSORY_FLOWER"] := 4
R0["ACCESSORY_FLORALHAIRBAND"] := 5
R0["ACCESSORY_HOOD"] := 6
R0["ACCESSORY_ROUNDCAP"] := 7
R0["ACCESSORY_FLUMASK"] := 8
R0["ACCESSORY_HAIRBAND"] := 9
R0["ACCESSORY_DIVERSGOGGLES"] := 10
R0["ACCESSORY_BIRETTA"] := 11
R0["ACCESSORY_SUNGLASS"] := 12
R0["ACCESSORY_EYEBANDAGE"] := 13
R0["ACCESSORY_CAP"] := 14
R0["ACCESSORY_BUNNYBAND"] := 15
R0["ACCESSORY_HAT"] := 16
R0["ACCESSORY_RIBBON"] := 17
R0["ACCESSORY_CIRCLET"] := 18
R0["ACCESSORY_TIARA"] := 19
R0["ACCESSORY_SANTAHAT"] := 20
R0["ACCESSORY_BEARD"] := 21
R0["ACCESSORY_MUSTACHE"] := 22
R0["ACCESSORY_SPECTACLE"] := 23
R0["ACCESSORY_BLACK_BEARD"] := 24
R0["ACCESSORY_WHITE_BEARD"] := 25
R0["ACCESSORY_QUALITY_SUNGLASS"] := 26
R0["ACCESSORY_SPIN_GLASS"] := 27
R0["ACCESSORY_LARGE_RIBBON"] := 28
R0["ACCESSORY_SWEET_GENTLE"] := 29
R0["ACCESSORY_GOLDEN_HEADGEAR"] := 30
R0["ACCESSORY_OLDSTER_ROMANCE"] := 31
R0["ACCESSORY_WESTERN_GRACE"] := 32
R0["ACCESSORY_CORONET"] := 33
R0["ACCESSORY_HAIR_STRING"] := 34
R0["ACCESSORY_PRIEST_CAP"] := 35
R0["ACCESSORY_WIZARD_HAT"] := 36
R0["ACCESSORY_SUNFLOWER"] := 37
R0["ACCESSORY_ANGEL_HAIRBAND"] := 38
R0["ACCESSORY_DEVIL_HAIRBAND"] := 39
R0["ACCESSORY_HELM"] := 40
R0["ACCESSORY_MAJESTIC_GOUT"] := 41
R0["ACCESSORY_WHITE_HORN"] := 42
R0["ACCESSORY_SHARP_HEADGEAR"] := 43
R0["ACCESSORY_WEDDING_VEIL"] := 44
R0["ACCESSORY_CROWN"] := 45
R0["ACCESSORY_PROPELLER"] := 46
R0["ACCESSORY_TINY_EYE_GLASSES"] := 47
R0["ACCESSORY_PRONTERA_ARMY_CAP"] := 48
R0["ACCESSORY_PIERROTS_NOSE"] := 49
R0["ACCESSORY_PIRATES_EYEBANDAGE"] := 50
R0["ACCESSORY_MUNAK_TURBAN"] := 51
R0["ACCESSORY_HIP_HOP_MASK"] := 52
R0["ACCESSORY_IRONCANE"] := 53
R0["ACCESSORY_CIGAR"] := 54
R0["ACCESSORY_CIGAR_PIPE"] := 55
R0["ACCESSORY_SENTIMENTAL_FLOWER"] := 56
R0["ACCESSORY_SENTIMENTAL_BLADE"] := 57
R0["ACCESSORY_HEY_DUDE"] := 58
R0["ACCESSORY_STOP_SIGNPOST"] := 59
R0["ACCESSORY_DOCTOR_BAND"] := 60
R0["ACCESSORY_JAPANESE_GHOST"] := 61
R0["ACCESSORY_SCARLET_BANDANA"] := 62
R0["ACCESSORY_EAGLE_EYES"] := 63
R0["ACCESSORY_NURSE_CAP"] := 64
R0["ACCESSORY_SMILE"] := 65
R0["ACCESSORY_BOMB_WICK"] := 66
R0["ACCESSORY_SAHT_GAHT"] := 67
R0["ACCESSORY_MASQUERADE"] := 68
R0["ACCESSORY_SERAPHIC_RING"] := 69
R0["ACCESSORY_EARMUFFS"] := 70
R0["ACCESSORY_MOOSE_HORN"] := 71
R0["ACCESSORY_THE_APPLE_OF_WILHELM_TELL"] := 72
R0["ACCESSORY_TINKER_BELL"] := 73
R0["ACCESSORY_PIRATE_BANDANA"] := 74
R0["ACCESSORY_MUNCHS_SCREAM"] := 75
R0["ACCESSORY_POO_POO_HAT"] := 76
R0["ACCESSORY_KOEAN_FUNERAL_COSTUME"] := 77
R0["ACCESSORY_BUTTERFLY_MASQUE"] := 78
R0["ACCESSORY_WELDER_MASK"] := 79
R0["ACCESSORY_PRETEND_TO_BE_MURDERED"] := 80
R0["ACCESSORY_STAR_DUST"] := 81
R0["ACCESSORY_EYE_MASK"] := 82
R0["ACCESSORY_BINOCULARS"] := 83
R0["ACCESSORY_GOBLIN_MASQUE"] := 84
R0["ACCESSORY_GREEN_FEELER"] := 85
R0["ACCESSORY_VIKING_HELMET"] := 86
R0["ACCESSORY_HEAD_SET"] := 87
R0["ACCESSORY_GEMMED_CROWN"] := 88
R0["ACCESSORY_PIERROT_CROWN"] := 89
R0["ACCESSORY_OXYGEN_MASK"] := 90
R0["ACCESSORY_GAS_MASK"] := 91
R0["ACCESSORY_MACHO_MANS_GLASSES"] := 92
R0["ACCESSORY_LORD_CIRCLET"] := 93
R0["ACCESSORY_PUPPY_LOVE"] := 94
R0["ACCESSORY_CRASH_HELMET"] := 95
R0["ACCESSORY_INDIAN_BAND"] := 96
R0["ACCESSORY_AERIAL"] := 97
R0["ACCESSORY_BA_HAT"] := 98
R0["ACCESSORY_HORN_OF_LORD_KAHO"] := 99
R0["ACCESSORY_FIN_HELM"] := 100
R0["ACCESSORY_EGG_SHELL"] := 101
R0["ACCESSORY_KOREAN_SCHOOL_HAT"] := 102
R0["ACCESSORY_BONE_HELM"] := 103
R0["ACCESSORY_WILHELM_TELLS_HAT"] := 104
R0["ACCESSORY_CORSAIR"] := 105
R0["ACCESSORY_BAND_OF_KAFRA"] := 106
R0["ACCESSORY_LOST_MONEY_HEART"] := 107
R0["ACCESSORY_BUNDLE"] := 108
R0["ACCESSORY_CAKE_HAT"] := 109
R0["ACCESSORY_ANGEL_HELM"] := 110
R0["ACCESSORY_COOKER_HAT"] := 111
R0["ACCESSORY_MAGE_HAT"] := 112
R0["ACCESSORY_CANDLE"] := 113
R0["ACCESSORY_SPORE_HAT"] := 114
R0["ACCESSORY_PANDA_HAT"] := 115
R0["ACCESSORY_MINE_HAT"] := 116
R0["ACCESSORY_OUTSIDE_HAT"] := 117
R0["ACCESSORY_RACCOON_HAT"] := 118
R0["ACCESSORY_LAMP_BAND"] := 119
R0["ACCESSORY_PORING_HAT"] := 120
R0["ACCESSORY_CROSS_BAND"] := 121
R0["ACCESSORY_NUT_SHELL"] := 122
R0["ACCESSORY_YOUNG_DEVIL_HAT"] := 123
R0["ACCESSORY_SPOT_EGG_SHELL"] := 124
R0["ACCESSORY_DYE_RED"] := 125
R0["ACCESSORY_HEART_HAIRPIN"] := 126
R0["ACCESSORY_HAIR_CLOTH"] := 127
R0["ACCESSORY_GHOST_MASK"] := 128
R0["ACCESSORY_DEVIL_WING"] := 129
R0["ACCESSORY_WIZARD_HEADGEAR"] := 130
R1 := 131
R0["ACCESSORY_FASION_SUNGLASSES"] := R1
R1 := "ACCESSORY_MOON_HEARPIN"
R2 := 132
R0[R1] := R2
R1 := "ACCESSORY_STRIPES_BAND"
R2 := 133
R0[R1] := R2
R1 := "ACCESSORY_MYSTIC_NUT_SHELL"
R2 := 134
R0[R1] := R2
R1 := "ACCESSORY_CAT_BELL"
R2 := 135
R0[R1] := R2
R1 := "ACCESSORY_BLUE_BAND"
R2 := 136
R0[R1] := R2
R1 := "ACCESSORY_SPHINX_HAT"
R2 := 137
R0[R1] := R2
R1 := "ACCESSORY_SUN_GOD_HAT"
R2 := 138
R0[R1] := R2
R1 := "ACCESSORY_BOMGUN_HAT"
R2 := 139
R0[R1] := R2
R1 := "ACCESSORY_LOVE_NUT"
R2 := 140
R0[R1] := R2
R1 := "ACCESSORY_BLACKCAT_EAR"
R2 := 141
R0[R1] := R2
R1 := "ACCESSORY_LAZYCAT"
R2 := 142
R0[R1] := R2
R1 := "ACCESSORY_BEAR_HAT"
R2 := 143
R0[R1] := R2
R1 := "ACCESSORY_KOCAL_HAT"
R2 := 144
R0[R1] := R2
R1 := "ACCESSORY_FLOWER_HAIRPIN"
R2 := 145
R0[R1] := R2
R1 := "ACCESSORY_MILZIP_HAT"
R2 := 146
R0[R1] := R2
R1 := "ACCESSORY_DAEILBAND"
R2 := 147
R0[R1] := R2
R1 := "ACCESSORY_LEAF_HELM"
R2 := 148
R0[R1] := R2
R1 := "ACCESSORY_FISH_HAT"
R2 := 149
R0[R1] := R2
R1 := "ACCESSORY_SERCUBUS_HORN"
R2 := 150
R0[R1] := R2
R1 := "ACCESSORY_SOM_BRERO"
R2 := 151
R0[R1] := R2
R1 := "ACCESSORY_DEVILWING_EAR"
R2 := 152
R0[R1] := R2
R1 := "ACCESSORY_FOX_MASK"
R2 := 153
R0[R1] := R2
R1 := "ACCESSORY_FIRE_HEADBAND"
R2 := 154
R0[R1] := R2
R1 := "ACCESSORY_INDIAN_HEADBAND"
R2 := 155
R0[R1] := R2
R1 := "ACCESSORY_INCUBUS_HORN"
R2 := 156
R0[R1] := R2
R1 := "ACCESSORY_STRAIGHT_HAT"
R2 := 157
R0[R1] := R2
R1 := "ACCESSORY_ANGELWING_EAR"
R2 := 158
R0[R1] := R2
R1 := "ACCESSORY_COWBOY_HAT"
R2 := 159
R0[R1] := R2
R1 := "ACCESSORY_FUR_HAT"
R2 := 160
R0[R1] := R2
R1 := "ACCESSORY_TULIP_HAIRPIN"
R2 := 161
R0[R1] := R2
R1 := "ACCESSORY_HAEDAL_HAT"
R2 := 162
R0[R1] := R2
R1 := "ACCESSORY_X_HAIRPIN"
R2 := 163
R0[R1] := R2
R1 := "ACCESSORY_QUEEN_HELM"
R2 := 164
R0[R1] := R2
R1 := "ACCESSORY_MISTRESS_CROWN"
R2 := 165
R0[R1] := R2
R1 := "ACCESSORY_MUSHROOM_HEADBAND"
R2 := 166
R0[R1] := R2
R1 := "ACCESSORY_REDTAIL_RIBBON"
R2 := 167
R0[R1] := R2
R1 := "ACCESSORY_LAZY_RACCOON"
R2 := 168
R0[R1] := R2
R1 := "ACCESSORY_BELOWEAR_RIBBON"
R2 := 169
R0[R1] := R2
R1 := "ACCESSORY_ALARM_MASK"
R2 := 170
R0[R1] := R2
R1 := "ACCESSORY_GOBLIN_MASK1"
R2 := 171
R0[R1] := R2
R1 := "ACCESSORY_GOBLIN_MASK2"
R2 := 172
R0[R1] := R2
R1 := "ACCESSORY_GOBLIN_MASK3"
R2 := 173
R0[R1] := R2
R1 := "ACCESSORY_GOBLIN_MASK4"
R2 := 174
R0[R1] := R2
R1 := "ACCESSORY_BIGGOLDEN_BELL"
R2 := 175
R0[R1] := R2
R1 := "ACCESSORY_SISTER_HAT"
R2 := 176
R0[R1] := R2
R1 := "ACCESSORY_SISTER_HAT2"
R2 := 177
R0[R1] := R2
R1 := "ACCESSORY_ORCHERO_HELM"
R2 := 178
R0[R1] := R2
R1 := "ACCESSORY_ORCHERO_HELM2"
R2 := 179
R0[R1] := R2
R1 := "ACCESSORY_ASSASSIN_MASK"
R2 := 180
R0[R1] := R2
R1 := "ACCESSORY_TIGER_MASK"
R2 := 181
R0[R1] := R2
R1 := "ACCESSORY_CAT_HAT"
R2 := 182
R0[R1] := R2
R1 := "ACCESSORY_SALE_HAT"
R2 := 183
R0[R1] := R2
R1 := "ACCESSORY_TAKIUS"
R2 := 184
R0[R1] := R2
R1 := "ACCESSORY_BATTLEONLINE"
R2 := 185
R0[R1] := R2
R1 := "ACCESSORY_HAEBARAGI_PIN"
R2 := 186
R0[R1] := R2
R1 := "ACCESSORY_BLACK_EYECOVER"
R2 := 187
R0[R1] := R2
R1 := "ACCESSORY_TOAST"
R2 := 188
R0[R1] := R2
R1 := "ACCESSORY_DECTECTIVE_HAT"
R2 := 189
R0[R1] := R2
R1 := "ACCESSORY_CHAYANG_HAT"
R2 := 190
R0[R1] := R2
R1 := "ACCESSORY_BABY"
R2 := 191
R0[R1] := R2
R1 := "ACCESSORY_DUCK_HAT"
R2 := 192
R0[R1] := R2
R1 := "ACCESSORY_SUNO_HAT"
R2 := 193
R0[R1] := R2
R1 := "ACCESSORY_ANGRY_MOUTH"
R2 := 194
R0[R1] := R2
R1 := "ACCESSORY_BEONG_HAT"
R2 := 195
R0[R1] := R2
R1 := "ACCESSORY_COLDPROTECT_HAT"
R2 := 196
R0[R1] := R2
R1 := "ACCESSORY_BANANA_HAT"
R2 := 197
R0[R1] := R2
R1 := "ACCESSORY_MYSTICROSE"
R2 := 198
R0[R1] := R2
R1 := "ACCESSORY_PUPPY_EAR"
R2 := 199
R0[R1] := R2
R1 := "ACCESSORY_ZIRTAS_MASK"
R2 := 200
R0[R1] := R2
R1 := "ACCESSORY_BIRD_NEST"
R2 := 201
R0[R1] := R2
R1 := "ACCESSORY_LION_MASK"
R2 := 202
R0[R1] := R2
R1 := "ACCESSORY_CROSS_HELMET"
R2 := 203
R0[R1] := R2
R1 := "ACCESSORY_ANGELING_HAT"
R2 := 204
R0[R1] := R2
R1 := "ACCESSORY_GOAT_HAT"
R2 := 205
R0[R1] := R2
R1 := "ACCESSORY_PUMPKIN_HAT"
R2 := 206
R0[R1] := R2
R1 := "ACCESSORY_CYCLOPS_EYE"
R2 := 207
R0[R1] := R2
R1 := "ACCESSORY_ALICE_HAT"
R2 := 208
R0[R1] := R2
R1 := "ACCESSORY_MAGIC_EYES"
R2 := 209
R0[R1] := R2
R1 := "ACCESSORY_PUYONG"
R2 := 210
R0[R1] := R2
R1 := "ACCESSORY_PRETTY_RIBBON"
R2 := 211
R0[R1] := R2
R1 := "ACCESSORY_MARIONET_HAT"
R2 := 212
R0[R1] := R2
R1 := "ACCESSORY_MOON_HELM"
R2 := 213
R0[R1] := R2
R1 := "ACCESSORY_GABUKI_MASK"
R2 := 214
R0[R1] := R2
R1 := "ACCESSORY_KOKIRI_HAT"
R2 := 215
R0[R1] := R2
R1 := "ACCESSORY_BASEBALL_HAT"
R2 := 216
R0[R1] := R2
R1 := "ACCESSORY_GOOKGYEONG_HAT"
R2 := 217
R0[R1] := R2
R1 := "ACCESSORY_SILVERTIARA"
R2 := 218
R0[R1] := R2
R1 := "ACCESSORY_PIERROT_CROWN_"
R2 := 219
R0[R1] := R2
R1 := "ACCESSORY_MUSICHEADPHONE"
R2 := 220
R0[R1] := R2
R1 := "ACCESSORY_BONGCROWN"
R2 := 221
R0[R1] := R2
R1 := "ACCESSORY_ANGELING_PIN"
R2 := 222
R0[R1] := R2
R1 := "ACCESSORY_GAKSITAL"
R2 := 223
R0[R1] := R2
R1 := "ACCESSORY_FEATHER_BEREHAT"
R2 := 224
R0[R1] := R2
R1 := "ACCESSORY_VALKYRIE_HELMET"
R2 := 225
R0[R1] := R2
R1 := "ACCESSORY_BEREHAT"
R2 := 226
R0[R1] := R2
R1 := "ACCESSORY_SATOHAT"
R2 := 227
R0[R1] := R2
R1 := "ACCESSORY_AYAM"
R2 := 228
R0[R1] := R2
R1 := "ACCESSORY_NONAME"
R2 := 229
R0[R1] := R2
R1 := "ACCESSORY_HAHETAL"
R2 := 230
R0[R1] := R2
R1 := "ACCESSORY_LIONTAL"
R2 := 231
R0[R1] := R2
R1 := "ACCESSORY_GOLDTIARA"
R2 := 232
R0[R1] := R2
R1 := "ACCESSORY_DARKHELMET"
R2 := 233
R0[R1] := R2
R1 := "ACCESSORY_DOGHAT"
R2 := 234
R0[R1] := R2
R1 := "ACCESSORY_BIRDHAT"
R2 := 235
R0[R1] := R2
R1 := "ACCESSORY_CAPTAINHAT"
R2 := 236
R0[R1] := R2
R1 := "ACCESSORY_BAYTREEHAT"
R2 := 237
R0[R1] := R2
R1 := "ACCESSORY_GEOGRAPHER"
R2 := 238
R0[R1] := R2
R1 := "ACCESSORY_TWINRIBBON"
R2 := 239
R0[R1] := R2
R1 := "ACCESSORY_SINGERHAT"
R2 := 240
R0[R1] := R2
R1 := "ACCESSORY_LEAF"
R2 := 241
R0[R1] := R2
R1 := "ACCESSORY_BLACKRIBBON"
R2 := 242
R0[R1] := R2
R1 := "ACCESSORY_YELLOWRIBBON"
R2 := 243
R0[R1] := R2
R1 := "ACCESSORY_GREENRIBBON"
R2 := 244
R0[R1] := R2
R1 := "ACCESSORY_PINKRIBBON"
R2 := 245
R0[R1] := R2
R1 := "ACCESSORY_REDRIBBON"
R2 := 246
R0[R1] := R2
R1 := "ACCESSORY_ORANGERIBBON"
R2 := 247
R0[R1] := R2
R1 := "ACCESSORY_WHITERIBBON"
R2 := 248
R0[R1] := R2
R1 := "ACCESSORY_LAZYRABBIT"
R2 := 249
R0[R1] := R2
R1 := "ACCESSORY_MEGINCAP"
R2 := 250
R0[R1] := R2
R1 := "ACCESSORY_PRIKACIRCLET"
R2 := 251
R0[R1] := R2
R1 := "ACCESSORY_COPOLA"
R2 := 252
R0[R1] := R2
R1 := "ACCESSORY_MERONGMASK"
R2 := 253
R0[R1] := R2
R1 := "ACCESSORY_WOOLCAP"
R2 := 254
R0[R1] := R2
R1 := "ACCESSORY_ANGELKISS"
R2 := 255
R0[R1] := R2
R1 := "ACCESSORY_MORPHISDOOGUN"
R2 := 256
R0[R1] := R2
R1 := "ACCESSORY_MORIANEHELM"
R2 := 257
R0[R1] := R2
R1 := "ACCESSORY_GEVNEITUGOO"
R2 := 258
R0[R1] := R2
R1 := "ACCESSORY_WHITEFLOWER"
R2 := 259
R0[R1] := R2
R1 := "ACCESSORY_GOLDENGORI"
R2 := 260
R0[R1] := R2
R1 := "ACCESSORY_LAUREL"
R2 := 261
R0[R1] := R2
R1 := "ACCESSORY_RIDEWORD"
R2 := 262
R0[R1] := R2
R1 := "ACCESSORY_YELLOW_BASEBALLCAP"
R2 := 263
R0[R1] := R2
R1 := "ACCESSORY_FLYING_ANGEL"
R2 := 264
R0[R1] := R2
R1 := "ACCESSORY_DRESSHAT"
R2 := 265
R0[R1] := R2
R1 := "ACCESSORY_SATELITE_HAIRBAND"
R2 := 266
R0[R1] := R2
R1 := "ACCESSORY_BLACK_BUNNYBAND"
R2 := 267
R0[R1] := R2
R1 := "ACCESSORY_WALLYAHWA_HAT"
R2 := 268
R0[R1] := R2
R1 := "ACCESSORY_MARCHING_HAT"
R2 := 269
R0[R1] := R2
R1 := "ACCESSORY_PROPELLER2"
R2 := 270
R0[R1] := R2
R1 := "ACCESSORY_RED_DEVIRUCHI"
R2 := 271
R0[R1] := R2
R1 := "ACCESSORY_WHITE_DEVIRUCHI"
R2 := 272
R0[R1] := R2
R1 := "ACCESSORY_GRAY_DEVIRUCHI"
R2 := 273
R0[R1] := R2
R1 := "ACCESSORY_WHITE_LAZYCAT"
R2 := 274
R0[R1] := R2
R1 := "ACCESSORY_GRAY_LAZYCAT"
R2 := 275
R0[R1] := R2
R1 := "ACCESSORY_PINK_LAZYCAT"
R2 := 276
R0[R1] := R2
R1 := "ACCESSORY_BLUE_LAZYCAT"
R2 := 277
R0[R1] := R2
R1 := "ACCESSORY_YELLOW_LAZYCAT"
R2 := 278
R0[R1] := R2
R1 := "ACCESSORY_GRAY_FURHAT"
R2 := 279
R0[R1] := R2
R1 := "ACCESSORY_BLUE_FURHAT"
R2 := 280
R0[R1] := R2
R1 := "ACCESSORY_PINK_FURHAT"
R2 := 281
R0[R1] := R2
R1 := "ACCESSORY_RED_MAGICIANHAT"
R2 := 282
R0[R1] := R2
R1 := "ACCESSORY_WHITE_MAGICIANHAT"
R2 := 283
R0[R1] := R2
R1 := "ACCESSORY_GRAY_MAGICIANHAT"
R2 := 284
R0[R1] := R2
R1 := "ACCESSORY_BLUE_MAGICIANHAT"
R2 := 285
R0[R1] := R2
R1 := "ACCESSORY_YELLOW_MAGICIANHAT"
R2 := 286
R0[R1] := R2
R1 := "ACCESSORY_EARPLUG_HAT"
R2 := 287
R0[R1] := R2
R1 := "ACCESSORY_ELF_BLINDER"
R2 := 288
R0[R1] := R2
R1 := "ACCESSORY_ELF_SUNGLASS"
R2 := 289
R0[R1] := R2
R1 := "ACCESSORY_ANGEL_MIXHELM"
R2 := 290
R0[R1] := R2
R1 := "ACCESSORY_DEVIL_MIXHELM"
R2 := 291
R0[R1] := R2
R1 := "ACCESSORY_ROBOT_BLINDER"
R2 := 292
R0[R1] := R2
R1 := "ACCESSORY_HUMAN_BLINDER"
R2 := 293
R0[R1] := R2
R1 := "ACCESSORY_ROBOT_EAR"
R2 := 294
R0[R1] := R2
R1 := "ACCESSORY_HUMAN_EAR"
R2 := 295
R0[R1] := R2
R1 := "ACCESSORY_LAZY_NINETAIL"
R2 := 296
R0[R1] := R2
R1 := "ACCESSORY_LAZY_LEAF"
R2 := 297
R0[R1] := R2
R1 := "ACCESSORY_DEVILRING_HAT"
R2 := 298
R0[R1] := R2
R1 := "ACCESSORY_3PORINGS"
R2 := 299
R0[R1] := R2
R1 := "ACCESSORY_VALKYRIE_FEATHER"
R2 := 300
R0[R1] := R2
R1 := "ACCESSORY_SOULESS_WING"
R2 := 301
R0[R1] := R2
R1 := "ACCESSORY_APRO_WIG"
R2 := 302
R0[R1] := R2
R1 := "ACCESSORY_ATIATI_HAT"
R2 := 303
R0[R1] := R2
R1 := "ACCESSORY_AUSTRALIA_HAT"
R2 := 304
R0[R1] := R2
R1 := "ACCESSORY_HAPPY_WIG"
R2 := 305
R0[R1] := R2
R1 := "ACCESSORY_BRIGHT_WIG"
R2 := 306
R0[R1] := R2
R1 := "ACCESSORY_AMAZING_WIG"
R2 := 307
R0[R1] := R2
R1 := "ACCESSORY_FANTASTIC_WIG"
R2 := 308
R0[R1] := R2
R1 := "ACCESSORY_YELLOW_DOOGUN"
R2 := 309
R0[R1] := R2
R1 := "ACCESSORY_YELLOW_RIBBON"
R2 := 310
R0[R1] := R2
R1 := "ACCESSORY_CHICK_HAT"
R2 := 311
R0[R1] := R2
R1 := "ACCESSORY_SUREON_CROWN"
R2 := 312
R0[R1] := R2
R1 := "ACCESSORY_WINDMILL_HAIRPIN"
R2 := 313
R0[R1] := R2
R1 := "ACCESSORY_PECOPECO_HAT"
R2 := 314
R0[R1] := R2
R1 := "ACCESSORY_VACATION_HAT"
R2 := 315
R0[R1] := R2
R1 := "ACCESSORY_RED_GLASSES"
R2 := 316
R0[R1] := R2
R1 := "ACCESSORY_VANIL_HAT"
R2 := 317
R0[R1] := R2
R1 := "ACCESSORY_KETTLE_HAT"
R2 := 318
R0[R1] := R2
R1 := "ACCESSORY_DRAGON_SKULL"
R2 := 319
R0[R1] := R2
R1 := "ACCESSORY_RAMYEON_HAT"
R2 := 320
R0[R1] := R2
R1 := "ACCESSORY_WHISPER_MASK"
R2 := 321
R0[R1] := R2
R1 := "ACCESSORY_HORN_HAT"
R2 := 322
R0[R1] := R2
R1 := "ACCESSORY_RUSSIA_RIBBON"
R2 := 323
R0[R1] := R2
R1 := "ACCESSORY_LOTUS_FLOWER"
R2 := 324
R0[R1] := R2
R1 := "ACCESSORY_CEREMONIAL_CORONET"
R2 := 325
R0[R1] := R2
R1 := "ACCESSORY_MANGMOK"
R2 := 326
R0[R1] := R2
R1 := "ACCESSORY_PIRATE_DAGGER"
R2 := 327
R0[R1] := R2
R1 := "ACCESSORY_FREYA_CROWN"
R2 := 328
R0[R1] := R2
R1 := "ACCESSORY_TROPICALFRUIT"
R2 := 329
R0[R1] := R2
R1 := "ACCESSORY_BRAZIL_HAT"
R2 := 330
R0[R1] := R2
R1 := "ACCESSORY_MOHIKAN"
R2 := 331
R0[R1] := R2
R1 := "ACCESSORY_BANJAK_JEONGOO"
R2 := 332
R0[R1] := R2
R1 := "ACCESSORY_BIG_HIBISCUS"
R2 := 333
R0[R1] := R2
R1 := "ACCESSORY_AYOTAYA_HAT"
R2 := 334
R0[R1] := R2
R1 := "ACCESSORY_DIA_DAM"
R2 := 335
R0[R1] := R2
R1 := "ACCESSORY_HAKI_MASK"
R2 := 336
R0[R1] := R2
R1 := "ACCESSORY_OBSERVER"
R2 := 337
R0[R1] := R2
R1 := "ACCESSORY_UMBRELLA_HAT"
R2 := 338
R0[R1] := R2
R1 := "ACCESSORY_FISHER_HAT"
R2 := 339
R0[R1] := R2
R1 := "ACCESSORY_PORINGPARTY_HAT"
R2 := 340
R0[R1] := R2
R1 := "ACCESSORY_BLUE_ANGELING_HAT"
R2 := 341
R0[R1] := R2
R1 := "ACCESSORY_INDONESIA_HARIBAND"
R2 := 342
R0[R1] := R2
R1 := "ACCESSORY_SCARF"
R2 := 343
R0[R1] := R2
R1 := "ACCESSORY_LITTLEANGELDOLL"
R2 := 344
R0[R1] := R2
R1 := "ACCESSORY_ROBOTEYE"
R2 := 345
R0[R1] := R2
R1 := "ACCESSORY_ROKIMASK"
R2 := 346
R0[R1] := R2
R1 := "ACCESSORY_JEONPA_ANTENNA"
R2 := 347
R0[R1] := R2
R1 := "ACCESSORY_WANTTOFLY_ANGELING"
R2 := 348
R0[R1] := R2
R1 := "ACCESSORY_JUMPING_PORING"
R2 := 349
R0[R1] := R2
R1 := "ACCESSORY_WANT_GUILDMAN"
R2 := 350
R0[R1] := R2
R1 := "ACCESSORY_WANT_PARTY"
R2 := 351
R0[R1] := R2
R1 := "ACCESSORY_WANT_BOY"
R2 := 352
R0[R1] := R2
R1 := "ACCESSORY_WANT_FRIEND"
R2 := 353
R0[R1] := R2
R1 := "ACCESSORY_DIFORTE"
R2 := 354
R0[R1] := R2
R1 := "ACCESSORY_GLARRIS"
R2 := 355
R0[R1] := R2
R1 := "ACCESSORY_SORIN"
R2 := 356
R0[R1] := R2
R1 := "ACCESSORY_TAILING"
R2 := 357
R0[R1] := R2
R1 := "ACCESSORY_BINIT"
R2 := 358
R0[R1] := R2
R1 := "ACCESSORY_W"
R2 := 359
R0[R1] := R2
R1 := "ACCESSORY_WANT_GIRL"
R2 := 360
R0[R1] := R2
R1 := "ACCESSORY_POPORING_HAT"
R2 := 361
R0[R1] := R2
R1 := "ACCESSORY_MUSLIM_M"
R2 := 362
R0[R1] := R2
R1 := "ACCESSORY_MUSLIM_F"
R2 := 363
R0[R1] := R2
R1 := "ACCESSORY_MAWANG_HAT"
R2 := 364
R0[R1] := R2
R1 := "ACCESSORY_VICTORYWING"
R2 := 365
R0[R1] := R2
R1 := "ACCESSORY_PECOPECO_FLY_HAT"
R2 := 366
R0[R1] := R2
R1 := "ACCESSORY_CAPTION_HAT"
R2 := 367
R0[R1] := R2
R1 := "ACCESSORY_WHIKEBAIN_EARS"
R2 := 368
R0[R1] := R2
R1 := "ACCESSORY_GANG_SCARF"
R2 := 369
R0[R1] := R2
R1 := "ACCESSORY_NINJA_SCROLL"
R2 := 370
R0[R1] := R2
R1 := "ACCESSORY_SIMYEON_HAT"
R2 := 371
R0[R1] := R2
R1 := "ACCESSORY_BLACKDEATHKING"
R2 := 372
R0[R1] := R2
R1 := "ACCESSORY_EGGFRY"
R2 := 373
R0[R1] := R2
R1 := "ACCESSORY_EMPEROR_HAT"
R2 := 374
R0[R1] := R2
R1 := "ACCESSORY_HAEGOON_HAT"
R2 := 375
R0[R1] := R2
R1 := "ACCESSORY_NANCHO_HAT"
R2 := 376
R0[R1] := R2
R1 := "ACCESSORY_PANGUAN_HAT"
R2 := 377
R0[R1] := R2
R1 := "ACCESSORY_LAZY_WHITECAT"
R2 := 378
R0[R1] := R2
R1 := "ACCESSORY_DARKNESS_HELM"
R2 := 379
R0[R1] := R2
R1 := "ACCESSORY_HUGE_MAJESTIC"
R2 := 380
R0[R1] := R2
R1 := "ACCESSORY_HUGE_ORCHERO"
R2 := 381
R0[R1] := R2
R1 := "ACCESSORY_SATANIC_CHAIN"
R2 := 382
R0[R1] := R2
R1 := "ACCESSORY_ENTIQUE_CIGAR"
R2 := 383
R0[R1] := R2
R1 := "ACCESSORY_RABBITEAR"
R2 := 384
R0[R1] := R2
R1 := "ACCESSORY_BALLOON_HAT"
R2 := 385
R0[R1] := R2
R1 := "ACCESSORY_FISH_HEAD_HAT"
R2 := 386
R0[R1] := R2
R1 := "ACCESSORY_SANTA_PORING_HAT"
R2 := 387
R0[R1] := R2
R1 := "ACCESSORY_BELL_RIBBON"
R2 := 388
R0[R1] := R2
R1 := "ACCESSORY_HUNTINGCAP"
R2 := 389
R0[R1] := R2
R1 := "ACCESSORY_TWIN_SANTAHAT"
R2 := 390
R0[R1] := R2
R1 := "ACCESSORY_YOYOHAT"
R2 := 391
R0[R1] := R2
R1 := "ACCESSORY_NEKOMIMI_KAFRA"
R2 := 392
R0[R1] := R2
R1 := "ACCESSORY_SNAKE_HAT"
R2 := 393
R0[R1] := R2
R1 := "ACCESSORY_ANGEL_GHOST"
R2 := 394
R0[R1] := R2
R1 := "ACCESSORY_BLUE_SANTAHAT"
R2 := 395
R0[R1] := R2
R1 := "ACCESSORY_SEOLNAL_HAT"
R2 := 396
R0[R1] := R2
R1 := "ACCESSORY_VALENTINE_HAT"
R2 := 397
R0[R1] := R2
R1 := "ACCESSORY_TIRAYABONET"
R2 := 398
R0[R1] := R2
R1 := "ACCESSORY_JASPER"
R2 := 399
R0[R1] := R2
R1 := "ACCESSORY_SCUVER_MASK"
R2 := 400
R0[R1] := R2
R1 := "ACCESSORY_BONEHEAD"
R2 := 401
R0[R1] := R2
R1 := "ACCESSORY_MANDRAGORA"
R2 := 402
R0[R1] := R2
R1 := "ACCESSORY_FOXHAT"
R2 := 403
R0[R1] := R2
R1 := "ACCESSORY_BLACKGLASSES"
R2 := 404
R0[R1] := R2
R1 := "ACCESSORY_PLAYELF"
R2 := 405
R0[R1] := R2
R1 := "ACCESSORY_FISHINMOUTH"
R2 := 406
R0[R1] := R2
R1 := "ACCESSORY_BLUERIBBON"
R2 := 407
R0[R1] := R2
R1 := "ACCESSORY_PHILIRHAT"
R2 := 408
R0[R1] := R2
R1 := "ACCESSORY_ACADEMY_NEWBIE"
R2 := 409
R0[R1] := R2
R1 := "ACCESSORY_ACADEMY_LV1"
R2 := 410
R0[R1] := R2
R1 := "ACCESSORY_NEW_COWBOY"
R2 := 411
R0[R1] := R2
R1 := "ACCESSORY_BREAD2"
R2 := 412
R0[R1] := R2
R1 := "ACCESSORY_WHITESNAKE"
R2 := 413
R0[R1] := R2
R1 := "ACCESSORY_SWEETCANDY"
R2 := 414
R0[R1] := R2
R1 := "ACCESSORY_POPCORN_HAT"
R2 := 415
R0[R1] := R2
R1 := "ACCESSORY_CAMPFIRE_HAT"
R2 := 416
R0[R1] := R2
R1 := "ACCESSORY_PORINGCAKE_HAT"
R2 := 417
R0[R1] := R2
R1 := "ACCESSORY_BEER_HAT"
R2 := 418
R0[R1] := R2
R1 := "ACCESSORY_CROWNBIRD"
R2 := 419
R0[R1] := R2
R1 := "ACCESSORY_SOLDIERHAT"
R2 := 420
R0[R1] := R2
R1 := "ACCESSORY_IFRIT_MASK"
R2 := 421
R0[R1] := R2
R1 := "ACCESSORY_IFRIT_EAR"
R2 := 422
R0[R1] := R2
R1 := "ACCESSORY_WORDBOOK"
R2 := 423
R0[R1] := R2
R1 := "ACCESSORY_LOVECHINA"
R2 := 424
R0[R1] := R2
R1 := "ACCESSORY_FANTAORANGE"
R2 := 425
R0[R1] := R2
R1 := "ACCESSORY_FANTAGRAPE"
R2 := 426
R0[R1] := R2
R1 := "ACCESSORY_KARADA_HAT"
R2 := 427
R0[R1] := R2
R1 := "ACCESSORY_REDTEA_HAT"
R2 := 428
R0[R1] := R2
R1 := "ACCESSORY_BREADHAT1"
R2 := 429
R0[R1] := R2
R1 := "ACCESSORY_DOKEBIHAT"
R2 := 430
R0[R1] := R2
R1 := "ACCESSORY_FLAMECROWN"
R2 := 431
R0[R1] := R2
R1 := "ACCESSORY_CHICK_HAT2"
R2 := 432
R0[R1] := R2
R1 := "ACCESSORY_BRAZIL4"
R2 := 433
R0[R1] := R2
R1 := "ACCESSORY_GOLDENLAUREL"
R2 := 434
R0[R1] := R2
R1 := "ACCESSORY_COLA_CAN"
R2 := 435
R0[R1] := R2
R1 := "ACCESSORY_COKE_HAT"
R2 := 436
R0[R1] := R2
R1 := "ACCESSORY_BRIDE_FLOWER"
R2 := 437
R0[R1] := R2
R1 := "ACCESSORY_SKYGIRL_FLOWER"
R2 := 438
R0[R1] := R2
R1 := "ACCESSORY_HAIRBAND_GREEN"
R2 := 439
R0[R1] := R2
R1 := "ACCESSORY_HAIRBAND_RED"
R2 := 440
R0[R1] := R2
R1 := "ACCESSORY_HAIRBAND_BLUE"
R2 := 441
R0[R1] := R2
R1 := "ACCESSORY_HAIRBAND_WHITE"
R2 := 442
R0[R1] := R2
R1 := "ACCESSORY_NECKTIE"
R2 := 443
R0[R1] := R2
R1 := "ACCESSORY_BABYANGEL_STONE"
R2 := 444
R0[R1] := R2
R1 := "ACCESSORY_HAIRBRUSH"
R2 := 445
R0[R1] := R2
R1 := "ACCESSORY_CANDYIN_MOUTH"
R2 := 446
R0[R1] := R2
R1 := "ACCESSORY_CATFOOT"
R2 := 447
R0[R1] := R2
R1 := "ACCESSORY_FROGHAT"
R2 := 448
R0[R1] := R2
R1 := "ACCESSORY_FACEBOX1"
R2 := 449
R0[R1] := R2
R1 := "ACCESSORY_FACEBOX2"
R2 := 450
R0[R1] := R2
R1 := "ACCESSORY_SUNHAT"
R2 := 451
R0[R1] := R2
R1 := "ACCESSORY_DRAGON_GOLD"
R2 := 452
R0[R1] := R2
R1 := "ACCESSORY_DRAGON_SILVER"
R2 := 453
R0[R1] := R2
R1 := "ACCESSORY_DRAGON_BRONZE"
R2 := 454
R0[R1] := R2
R1 := "ACCESSORY_RABBITHAT"
R2 := 455
R0[R1] := R2
R1 := "ACCESSORY_WINDTOY_HAT"
R2 := 456
R0[R1] := R2
R1 := "ACCESSORY_EVOLVED_DRAGON"
R2 := 457
R0[R1] := R2
R1 := "ACCESSORY_EVOLVED_WHISPER"
R2 := 458
R0[R1] := R2
R1 := "ACCESSORY_BIGNAIL_SCARF"
R2 := 459
R0[R1] := R2
R1 := "ACCESSORY_RAINBOW_SCARF"
R2 := 460
R0[R1] := R2
R1 := "ACCESSORY_JAHA_DOLL"
R2 := 461
R0[R1] := R2
R1 := "ACCESSORY_CELESTIAL_HAT"
R2 := 462
R0[R1] := R2
R1 := "ACCESSORY_WIND_MILESTONE"
R2 := 463
R0[R1] := R2
R1 := "ACCESSORY_HELM_OF_DRAGOON"
R2 := 464
R0[R1] := R2
R1 := "ACCESSORY_PARADE_CAP"
R2 := 465
R0[R1] := R2
R1 := "ACCESSORY_NOBLE_HAT"
R2 := 466
R0[R1] := R2
R1 := "ACCESSORY_EYES_OF_DARKNESS"
R2 := 467
R0[R1] := R2
R1 := "ACCESSORY_HAIRBAND_OF_REGINLEIF"
R2 := 468
R0[R1] := R2
R1 := "ACCESSORY_RED_WHITE_HAT"
R2 := 469
R0[R1] := R2
R1 := "ACCESSORY_FORCEPS_HAIRPIN"
R2 := 470
R0[R1] := R2
R1 := "ACCESSORY_NOTICE_BOARD"
R2 := 471
R0[R1] := R2
R1 := "ACCESSORY_CUBE_MASK"
R2 := 472
R0[R1] := R2
R1 := "ACCESSORY_HAIRBAND_OF_GRANDPECO"
R2 := 473
R0[R1] := R2
R1 := "ACCESSORY_BR_FLAG_BANDANNA"
R2 := 474
R0[R1] := R2
R1 := "ACCESSORY_CLASSIC_HAT"
R2 := 475
R0[R1] := R2
R1 := "ACCESSORY_SHAMAN_STUFF"
R2 := 476
R0[R1] := R2
R1 := "ACCESSORY_BZOFNIL_WING"
R2 := 477
R0[R1] := R2
R1 := "ACCESSORY_HERMOZ_CAP"
R2 := 478
R0[R1] := R2
R1 := "ACCESSORY_DARKKNIGHT_MASK"
R2 := 479
R0[R1] := R2
R1 := "ACCESSORY_ODIN_MASK"
R2 := 480
R0[R1] := R2
R1 := "ACCESSORY_RED_PHD_HAT"
R2 := 481
R0[R1] := R2
R1 := "ACCESSORY_TAIWANFLAG"
R2 := 482
R0[R1] := R2
R1 := "ACCESSORY_TIGERFACE"
R2 := 483
R0[R1] := R2
R1 := "ACCESSORY_LOVEDADDY"
R2 := 484
R0[R1] := R2
R1 := "ACCESSORY_ANUBIS_HELM"
R2 := 485
R0[R1] := R2
R1 := "ACCESSORY_HAT_OF_OUTLAW"
R2 := 486
R0[R1] := R2
R1 := "ACCESSORY_PIZZA_HAT"
R2 := 487
R0[R1] := R2
R1 := "ACCESSORY_ICECREAM_HAT"
R2 := 488
R0[R1] := R2
R1 := "ACCESSORY_CHINESE_5TH"
R2 := 489
R0[R1] := R2
R1 := "ACCESSORY_WOLFKING"
R2 := 490
R0[R1] := R2
R1 := "ACCESSORY_GANG_DOOGUN"
R2 := 491
R0[R1] := R2
R1 := "ACCESSORY_ASARA_FAIRY"
R2 := 492
R0[R1] := R2
R1 := "ACCESSORY_THUNDER_GOD"
R2 := 493
R0[R1] := R2
R1 := "ACCESSORY_DICE_HAT"
R2 := 494
R0[R1] := R2
R1 := "ACCESSORY_TIGER_KING"
R2 := 495
R0[R1] := R2
R1 := "ACCESSORY_PIRATE_PRIDE"
R2 := 496
R0[R1] := R2
R1 := "ACCESSORY_RABBIT_MAGIC"
R2 := 497
R0[R1] := R2
R1 := "ACCESSORY_BLACKELF_YEAR"
R2 := 498
R0[R1] := R2
R1 := "ACCESSORY_GOLDEN_TULIP"
R2 := 499
R0[R1] := R2
R1 := "ACCESSORY_LOVELYCHICK_HAT"
R2 := 500
R0[R1] := R2
R1 := "ACCESSORY_BLUE_PAJAMA"
R2 := 501
R0[R1] := R2
R1 := "ACCESSORY_PINK_PAJAMA"
R2 := 502
R0[R1] := R2
R1 := "ACCESSORY_SHARK_HAT"
R2 := 503
R0[R1] := R2
R1 := "ACCESSORY_STING_HAT"
R2 := 504
R0[R1] := R2
R1 := "ACCESSORY_CARNIBAL_HAT"
R2 := 505
R0[R1] := R2
R1 := "ACCESSORY_CARNIBAL_CIRCLET"
R2 := 506
R0[R1] := R2
R1 := "ACCESSORY_SHOWER_CAP"
R2 := 507
R0[R1] := R2
R1 := "ACCESSORY_SAMAN_BAIYA"
R2 := 508
R0[R1] := R2
R1 := "ACCESSORY_AQUARIUS_DIADEM"
R2 := 509
R0[R1] := R2
R1 := "ACCESSORY_AQUARIUS_CROWN"
R2 := 510
R0[R1] := R2
R1 := "ACCESSORY_PISCES_DIADEM"
R2 := 511
R0[R1] := R2
R1 := "ACCESSORY_PISCES_CROWN"
R2 := 512
R0[R1] := R2
R1 := "ACCESSORY_BIG_MAJESTIC2"
R2 := 513
R0[R1] := R2
R1 := "ACCESSORY_PEACOCK_FEATHER"
R2 := 514
R0[R1] := R2
R1 := "ACCESSORY_RABBITEAR2"
R2 := 515
R0[R1] := R2
R1 := "ACCESSORY_FANTA_ZERO_LEMON_HAT"
R2 := 516
R0[R1] := R2
R1 := "ACCESSORY_SAKURA_MIST_HAT"
R2 := 517
R0[R1] := R2
R1 := "ACCESSORY_SAKURA_MILK_TEA_HAT"
R2 := 518
R0[R1] := R2
R1 := "ACCESSORY_FIRST_LEAF_TEA_HAT"
R2 := 519
R0[R1] := R2
R1 := "ACCESSORY_LADY_TANEE_DOLL"
R2 := 520
R0[R1] := R2
R1 := "ACCESSORY_LUNATIC_HAT"
R2 := 521
R0[R1] := R2
R1 := "ACCESSORY_KING_FROG_HAT"
R2 := 522
R0[R1] := R2
R1 := "ACCESSORY_EVIL_BONE_HAT"
R2 := 523
R0[R1] := R2
R1 := "ACCESSORY_KAMAGI_HAT"
R2 := 524
R0[R1] := R2
R1 := "ACCESSORY_BABYDRAGON_HAT"
R2 := 525
R0[R1] := R2
R1 := "ACCESSORY_SPARE_CARD"
R2 := 526
R0[R1] := R2
R1 := "ACCESSORY_QUATI_HAT"
R2 := 527
R0[R1] := R2
R1 := "ACCESSORY_TWOKAN_HAT"
R2 := 528
R0[R1] := R2
R1 := "ACCESSORY_SIDECAP"
R2 := 529
R0[R1] := R2
R1 := "ACCESSORY_JAGUAR_HAT"
R2 := 530
R0[R1] := R2
R1 := "ACCESSORY_ARIES_DIADEM"
R2 := 531
R0[R1] := R2
R1 := "ACCESSORY_ARIES_CROWN"
R2 := 532
R0[R1] := R2
R1 := "ACCESSORY_RJC_CATHUSA"
R2 := 533
R0[R1] := R2
R1 := "ACCESSORY_REDROSE"
R2 := 534
R0[R1] := R2
R1 := "ACCESSORY_KWG_BOGWAN"
R2 := 535
R0[R1] := R2
R1 := "ACCESSORY_KWG_WANGAN"
R2 := 536
R0[R1] := R2
R1 := "ACCESSORY_HOLY_EGG_HAT"
R2 := 537
R0[R1] := R2
R1 := "ACCESSORY_OCTOPUS_HAT"
R2 := 538
R0[R1] := R2
R1 := "ACCESSORY_LEAF_CAT_HAT"
R2 := 539
R0[R1] := R2
R1 := "ACCESSORY_FUR_SEAL_HAT"
R2 := 540
R0[R1] := R2
R1 := "ACCESSORY_WILD_ROSE_HAT"
R2 := 541
R0[R1] := R2
R1 := "ACCESSORY_SACI_HAT"
R2 := 542
R0[R1] := R2
R1 := "ACCESSORY_543"
R2 := 543
R0[R1] := R2
R1 := "ACCESSORY_CROWN_OF_DECEIT"
R2 := 544
R0[R1] := R2
R1 := "ACCESSORY_DRAGON_ARHAT_MASK"
R2 := 545
R0[R1] := R2
R1 := "ACCESSORY_TIGER_ARHAT_MASK"
R2 := 546
R0[R1] := R2
R1 := "ACCESSORY_DOLOR_HAT"
R2 := 547
R0[R1] := R2
R1 := "ACCESSORY_BRIGHT_FURY"
R2 := 548
R0[R1] := R2
R1 := "ACCESSORY_RABBIT_BONNET"
R2 := 549
R0[R1] := R2
R1 := "ACCESSORY_GEMINI_DIADEM"
R2 := 550
R0[R1] := R2
R1 := "ACCESSORY_GEMINI_CROWN"
R2 := 551
R0[R1] := R2
R1 := "ACCESSORY_RASTA_WIG"
R2 := 552
R0[R1] := R2
R1 := "ACCESSORY_SAVAGE_BABY_HAT"
R2 := 553
R0[R1] := R2
R1 := "ACCESSORY_DOKEBI_HORN"
R2 := 554
R0[R1] := R2
R1 := "ACCESSORY_MOUTH_PENCIL"
R2 := 555
R0[R1] := R2
R1 := "ACCESSORY_ONIGIRI_HAT"
R2 := 556
R0[R1] := R2
R1 := "ACCESSORY_SAKE"
R2 := 557
R0[R1] := R2
R1 := "ACCESSORY_SATGAT"
R2 := 558
R0[R1] := R2
R1 := "ACCESSORY_RED_BERET"
R2 := 559
R0[R1] := R2
R1 := "ACCESSORY_CANCER_DIADEM"
R2 := 560
R0[R1] := R2
R1 := "ACCESSORY_CANCER_CROWN"
R2 := 561
R0[R1] := R2
R1 := "ACCESSORY_MAJESTIC_DEVIL"
R2 := 562
R0[R1] := R2
R1 := "ACCESSORY_MOGIKILLER"
R2 := 563
R0[R1] := R2
R1 := "ACCESSORY_RUNE_HAIRBAND"
R2 := 564
R0[R1] := R2
R1 := "ACCESSORY_LEO_CROWN"
R2 := 565
R0[R1] := R2
R1 := "ACCESSORY_LEO_DIADEM"
R2 := 566
R0[R1] := R2
R1 := "ACCESSORY_DESERT_PRINCE"
R2 := 567
R0[R1] := R2
R1 := "ACCESSORY_SIGRUNS_WING"
R2 := 568
R0[R1] := R2
R1 := "ACCESSORY_DONUT_MOUTH"
R2 := 569
R0[R1] := R2
R1 := "ACCESSORY_YUNO_EYE"
R2 := 570
R0[R1] := R2
R1 := "ACCESSORY_CLOVER_MOUTH"
R2 := 571
R0[R1] := R2
R1 := "ACCESSORY_GUM_MOUTH"
R2 := 572
R0[R1] := R2
R1 := "ACCESSORY_TWINGIRL_CROWN"
R2 := 573
R0[R1] := R2
R1 := "ACCESSORY_TWINGIRL_BOGWAN"
R2 := 574
R0[R1] := R2
R1 := "ACCESSORY_BRAZIL_RIBBON"
R2 := 575
R0[R1] := R2
R1 := "ACCESSORY_BRAZIL_BERE"
R2 := 576
R0[R1] := R2
R1 := "ACCESSORY_RTC_WINNER_ONLY"
R2 := 577
R0[R1] := R2
R1 := "ACCESSORY_RTC_SECOND_BEST"
R2 := 578
R0[R1] := R2
R1 := "ACCESSORY_RTC_THIRD_BEST"
R2 := 579
R0[R1] := R2
R1 := "ACCESSORY_CAMPUME_HAT"
R2 := 580
R0[R1] := R2
R1 := "ACCESSORY_LYRIA_DOLL_HAT"
R2 := 581
R0[R1] := R2
R1 := "ACCESSORY_DOROTHY_DOLL_HAT"
R2 := 582
R0[R1] := R2
R1 := "ACCESSORY_CHUNG_HAIRBAND"
R2 := 583
R0[R1] := R2
R1 := "ACCESSORY_ICE_WING_EAR"
R2 := 584
R0[R1] := R2
R1 := "ACCESSORY_TURTLE_HAT"
R2 := 585
R0[R1] := R2
R1 := "ACCESSORY_DARKNESS_HELM_J"
R2 := 586
R0[R1] := R2
R1 := "ACCESSORY_HOLY_MARCHING_HAT_J"
R2 := 587
R0[R1] := R2
R1 := "ACCESSORY_SCOOTER_HAT_J"
R2 := 588
R0[R1] := R2
R1 := "ACCESSORY_IMP_HAT"
R2 := 589
R0[R1] := R2
R1 := "ACCESSORY_SLEEPR_HAT"
R2 := 590
R0[R1] := R2
R1 := "ACCESSORY_GRYPHON_HAT"
R2 := 591
R0[R1] := R2
R1 := "ACCESSORY_RED_PIRATE_BANDANA"
R2 := 592
R0[R1] := R2
R1 := "ACCESSORY_LIBRA_CROWN"
R2 := 593
R0[R1] := R2
R1 := "ACCESSORY_LIBRA_DIADEM"
R2 := 594
R0[R1] := R2
R1 := "ACCESSORY_FILIR_WING"
R2 := 595
R0[R1] := R2
R1 := "ACCESSORY_MOOSOK_HAT"
R2 := 596
R0[R1] := R2
R1 := "ACCESSORY_GOLDEN_HAT"
R2 := 597
R0[R1] := R2
R1 := "ACCESSORY_SKULL_HOOD"
R2 := 598
R0[R1] := R2
R1 := "ACCESSORY_ANIV_STAR_HAT"
R2 := 599
R0[R1] := R2
R1 := "ACCESSORY_DROOPING_MOROCC_MINION"
R2 := 600
R0[R1] := R2
R1 := "ACCESSORY_SOUTHERN_CROSS"
R2 := 601
R0[R1] := R2
R1 := "ACCESSORY_HOME_CHERRY_BLOSSOM"
R2 := 602
R0[R1] := R2
R1 := "ACCESSORY_PIG_MONEYBOX"
R2 := 603
R0[R1] := R2
R1 := "ACCESSORY_PORING_LETTER"
R2 := 604
R0[R1] := R2
R1 := "ACCESSORY_SCORPIO_CROWN"
R2 := 605
R0[R1] := R2
R1 := "ACCESSORY_SCORPIO_DIADEM"
R2 := 606
R0[R1] := R2
R1 := "ACCESSORY_NOTATION_HAIRBAND"
R2 := 607
R0[R1] := R2
R1 := "ACCESSORY_ENGINEER_CAP"
R2 := 608
R0[R1] := R2
R1 := "ACCESSORY_HAWKEYES"
R2 := 609
R0[R1] := R2
R1 := "ACCESSORY_TRIANGLE_RUNE"
R2 := 610
R0[R1] := R2
R1 := "ACCESSORY_2009LOVE_DADDY"
R2 := 611
R0[R1] := R2
R1 := "ACCESSORY_612"
R2 := 612
R0[R1] := R2
R1 := "ACCESSORY_PRIESTHAT"
R2 := 613
R0[R1] := R2
R1 := "ACCESSORY_NOFEAR_POQWER_HEADGEAR"
R2 := 614
R0[R1] := R2
R1 := "ACCESSORY_CACTUS_HAT"
R2 := 615
R0[R1] := R2
R1 := "ACCESSORY_SNOWMAN_HAT"
R2 := 616
R0[R1] := R2
R1 := "ACCESSORY_SAGITTARIUS_CROWN"
R2 := 617
R0[R1] := R2
R1 := "ACCESSORY_SAGITTARIUS_DIADEM"
R2 := 618
R0[R1] := R2
R1 := "ACCESSORY_SANTACAP"
R2 := 619
R0[R1] := R2
R1 := "ACCESSORY_ORANGE_STEM_HAT"
R2 := 620
R0[R1] := R2
R1 := "ACCESSORY_CAPRICORN_CROWN"
R2 := 621
R0[R1] := R2
R1 := "ACCESSORY_CAPRICORN_DIADEM"
R2 := 622
R0[R1] := R2
R1 := "ACCESSORY_RUNE_CIRCLET"
R2 := 623
R0[R1] := R2
R1 := "ACCESSORY_MITRA"
R2 := 624
R0[R1] := R2
R1 := "ACCESSORY_RANGER_GOGGLES"
R2 := 625
R0[R1] := R2
R1 := "ACCESSORY_DRIVER_BAND"
R2 := 626
R0[R1] := R2
R1 := "ACCESSORY_627"
R2 := 627
R0[R1] := R2
R1 := "ACCESSORY_MINSTRELSONG_HAT"
R2 := 628
R0[R1] := R2
R1 := "ACCESSORY_629"
R2 := 629
R0[R1] := R2
R1 := "ACCESSORY_630"
R2 := 630
R0[R1] := R2
R1 := "ACCESSORY_631"
R2 := 631
R0[R1] := R2
R1 := "ACCESSORY_632"
R2 := 632
R0[R1] := R2
R1 := "ACCESSORY_633"
R2 := 633
R0[R1] := R2
R1 := "ACCESSORY_634"
R2 := 634
R0[R1] := R2
R1 := "ACCESSORY_635"
R2 := 635
R0[R1] := R2
R1 := "ACCESSORY_NOAHS_HAT"
R2 := 636
R0[R1] := R2
R1 := "ACCESSORY_DRIVER_BAND2"
R2 := 637
R0[R1] := R2
R1 := "ACCESSORY_SLOTH_HAT"
R2 := 638
R0[R1] := R2
R1 := "ACCESSORY_DUNEYRR_HELM"
R2 := 639
R0[R1] := R2
R1 := "ACCESSORY_RED_BUNNY_BAND"
R2 := 640
R0[R1] := R2
R1 := "ACCESSORY_BUZZY_BOL_BOARD"
R2 := 641
R0[R1] := R2
R1 := "ACCESSORY_BLACK_TAIL_RIBBON"
R2 := 642
R0[R1] := R2
R1 := "ACCESSORY_AMISTR_CAP"
R2 := 643
R0[R1] := R2
R1 := "ACCESSORY_SAMURAI_MASK"
R2 := 644
R0[R1] := R2
R1 := "ACCESSORY_SAKURA_CORONET"
R2 := 645
R0[R1] := R2
R1 := "ACCESSORY_GOLDEN_ANGEL"
R2 := 646
R0[R1] := R2
R1 := "ACCESSORY_FOOL_DAY_HAT"
R2 := 647
R0[R1] := R2
R1 := "ACCESSORY_GOLDEN_SAVAGE_HAT"
R2 := 648
R0[R1] := R2
R1 := "ACCESSORY_SPLASH_HAT"
R2 := 649
R0[R1] := R2
R1 := "ACCESSORY_FAMILY_HAT"
R2 := 650
R0[R1] := R2
R1 := "ACCESORY_RED_NAVY_HAT"
R2 := 651
R0[R1] := R2
R1 := "ACCESORY_BERET"
R2 := 652
R0[R1] := R2
R1 := "ACCESSORY_CHOCODONUT_MOUTH"
R2 := 653
R0[R1] := R2
R1 := "ACCESSORY_BLAZING_SUN"
R2 := 654
R0[R1] := R2
R1 := "ACCESSORY_REMOVER_HAT"
R2 := 655
R0[R1] := R2
R1 := "ACCESSORY_BLUE_ARARA_HAT"
R2 := 656
R0[R1] := R2
R1 := "ACCESSORY_DROOPING_BOTO"
R2 := 657
R0[R1] := R2
R1 := "ACCESSORY_TENDRILION_HAT"
R2 := 658
R0[R1] := R2
R1 := "ACCESSORY_PERSICA"
R2 := 659
R0[R1] := R2
R1 := "ACCESSORY_HOPLITE_HELMET"
R2 := 660
R0[R1] := R2
R1 := "ACCESSORY_3DGLASS"
R2 := 661
R0[R1] := R2
R1 := "ACCESSORY_YELLOWBUNNY_HAIRBAND"
R2 := 662
R0[R1] := R2
R1 := "ACCESSORY_PINKBUNNY_HAIRBAND"
R2 := 663
R0[R1] := R2
R1 := "ACCESSORY_GREENBUNNY_HAIRBAND"
R2 := 664
R0[R1] := R2
R1 := "ACCESSORY_OLD_ELFEAR"
R2 := 665
R0[R1] := R2
R1 := "ACCESSORY_THA_MAERO_MASK"
R2 := 666
R0[R1] := R2
R1 := "ACCESSORY_THANATOS_MAI_MASK"
R2 := 667
R0[R1] := R2
R1 := "ACCESSORY_FISHPIN"
R2 := 669
R0[R1] := R2
R1 := "ACCESSORY_RED_DRESS_HAT"
R2 := 670
R0[R1] := R2
R1 := "ACCESSORY_PASSION_FB_HAT"
R2 := 671
R0[R1] := R2
R1 := "ACCESSORY_COOL_FB_HAT"
R2 := 672
R0[R1] := R2
R1 := "ACCESSORY_VICTORY_FB_HAT"
R2 := 673
R0[R1] := R2
R1 := "ACCESSORY_GLORY_FB_HAT"
R2 := 674
R0[R1] := R2
R1 := "ACCESSORY_UMBALA_SPIRIT"
R2 := 675
R0[R1] := R2
ACCESSORY_IDs := R0
return 
