R0 := {}
R1 := {}
R1["name"] := "EP 14.1 모라 마을"
R1["imagefile"] := "ep_test_sample.bmp"
R2 := {}
R3 := {}
R3["name"] := "로페와 유리디"
R4 := {}
R5 := {}
R5["name"] := "로페와 유리디 - 안개숲의 생존자."
R5["scrfilename"] := "epsoid141Quest"
R5["questID"] := 1109
R6 := {}
R6["name"] := "로페와 유리디 - 모두가 피해자."
R6["scrfilename"] := "epsoid141Quest"
R6["questID"] := 1110
R7 := {}
R7["name"] := "로페와 유리디 - 안개숲으로."
R7["scrfilename"] := "epsoid141Quest"
R7["questID"] := 1111
R8 := {}
R8["name"] := "로페와 유리디 - 어디든 미궁."
R8["scrfilename"] := "epsoid141Quest"
R8["questID"] := 1112
R9 := {}
R9["name"] := "로페와 유리디 - 조각난 약속."
R9["scrfilename"] := "epsoid141Quest"
R9["questID"] := 1113
R10 := {}
R10["name"] := "로페와 유리디 - 희생의 대가."
R10["scrfilename"] := "epsoid141Quest"
R10["questID"] := 1114
R11 := {}
R11["name"] := "로페와 유리디 - 심연의 노래."
R11["scrfilename"] := "epsoid141Quest"
R11["questID"] := 1115
R12 := {}
R12["name"] := "로페와 유리디 - 망자의 노래."
R12["scrfilename"] := "epsoid141Quest"
R12["questID"] := 1116
R13 := {}
R13["name"] := "로페와 유리디 - 영원의 약속, 결별의 반지."
R13["scrfilename"] := "epsoid141Quest"
R13["questID"] := 1117
R14 := {}
R14["name"] := "동네기사단 - 단서가 궁금해."
R14["scrfilename"] := "epsoid141Quest"
R14["questID"] := 1118
R4[1,2,3,4,5,6,7,8,9,10] := R5,R6,R7,R8,R9,R10,R11,R12,R13,R14
R3["list"] := R4
R4 := {}
R4["name"] := "모라마을 목욕탕 연구"
R5 := {}
R6 := {}
R6["name"] := "연구도구를 가져다 줘"
R6["scrfilename"] := "epsoid141Quest"
R6["questID"] := 5016
R7 := {}
R7["name"] := "미확인 생명체"
R7["scrfilename"] := "epsoid141Quest"
R7["questID"] := 5029
R8 := {}
R8["name"] := "연구원의 복수"
R8["scrfilename"] := "epsoid141Quest"
R8["questID"] := 5017
R9 := {}
R9["name"] := "연구원의 복수"
R9["scrfilename"] := "epsoid141Quest"
R9["questID"] := 5018
R10 := {}
R10["name"] := "목욕탕 연구 표본 채취"
R10["scrfilename"] := "epsoid141Quest"
R10["questID"] := 5019
R11 := {}
R11["name"] := "표본 검사중"
R11["scrfilename"] := "epsoid141Quest"
R11["questID"] := 5020
R12 := {}
R12["name"] := "표본 수집"
R12["scrfilename"] := "epsoid141Quest"
R12["questID"] := 5021
R13 := {}
R13["name"] := "표본 수집"
R13["scrfilename"] := "epsoid141Quest"
R13["questID"] := 5022
R14 := {}
R14["name"] := "표본 검사 중"
R14["scrfilename"] := "epsoid141Quest"
R14["questID"] := 5023
R15 := {}
R15["name"] := "동쪽 웅덩이 조사"
R15["scrfilename"] := "epsoid141Quest"
R15["questID"] := 5024
R16 := {}
R16["name"] := "서쪽 웅덩이 조사"
R16["scrfilename"] := "epsoid141Quest"
R16["questID"] := 5025
R17 := {}
R17["name"] := "남쪽 웅덩이 조사"
R17["scrfilename"] := "epsoid141Quest"
R17["questID"] := 5026
R18 := {}
R18["name"] := "북쪽 웅덩이 조사"
R18["scrfilename"] := "epsoid141Quest"
R18["questID"] := 5027
R19 := {}
R19["name"] := "표본 검사 중"
R19["scrfilename"] := "epsoid141Quest"
R19["questID"] := 5028
R5[1,2,3,4,5,6,7,8,9,10,11,12,13,14] := R6,R7,R8,R9,R10,R11,R12,R13,R14,R15,R16,R17,R18,R19
R4["list"] := R5
R5 := {}
R5["name"] := "테오레의 보고서"
R6 := {}
R7 := {}
R7["name"] := "테오레의 보고서"
R7["scrfilename"] := "epsoid141Quest"
R7["questID"] := 11182
R8 := {}
R8["name"] := "테오레의 부탁"
R8["scrfilename"] := "epsoid141Quest"
R8["questID"] := 11183
R9 := {}
R9["name"] := "도망간 라피네"
R9["scrfilename"] := "epsoid141Quest"
R9["questID"] := 11184
R10 := {}
R10["name"] := "작은 주머니"
R10["scrfilename"] := "epsoid141Quest"
R10["questID"] := 11185
R11 := {}
R11["name"] := "작은 주머니"
R11["scrfilename"] := "epsoid141Quest"
R11["questID"] := 11186
R12 := {}
R12["name"] := "작은 주머니"
R12["scrfilename"] := "epsoid141Quest"
R12["questID"] := 11187
R13 := {}
R13["name"] := "작은 주머니"
R13["scrfilename"] := "epsoid141Quest"
R13["questID"] := 11188
R14 := {}
R14["name"] := "비프로스트"
R14["scrfilename"] := "epsoid141Quest"
R14["questID"] := 11189
R15 := {}
R15["name"] := "비프로스트"
R15["scrfilename"] := "epsoid141Quest"
R15["questID"] := 11190
R16 := {}
R16["name"] := "작은 주머니"
R16["scrfilename"] := "epsoid141Quest"
R16["questID"] := 11194
R17 := {}
R17["name"] := "비프로스트"
R17["scrfilename"] := "epsoid141Quest"
R17["questID"] := 11195
R18 := {}
R18["name"] := "비프로스트"
R18["scrfilename"] := "epsoid141Quest"
R18["questID"] := 11196
R19 := {}
R19["name"] := "작은 주머니"
R19["scrfilename"] := "epsoid141Quest"
R19["questID"] := 11200
R20 := {}
R20["name"] := "비프로스트"
R20["scrfilename"] := "epsoid141Quest"
R20["questID"] := 11201
R21 := {}
R21["name"] := "비프로스트"
R21["scrfilename"] := "epsoid141Quest"
R21["questID"] := 11202
R22 := {}
R22["name"] := "비프로스트의 균열"
R22["scrfilename"] := "epsoid141Quest"
R22["questID"] := 11191
R23 := {}
R23["name"] := "비프로스트의 균열"
R23["scrfilename"] := "epsoid141Quest"
R23["questID"] := 11197
R24 := {}
R24["name"] := "비프로스트의 균열"
R24["scrfilename"] := "epsoid141Quest"
R24["questID"] := 11203
R25 := {}
R25["name"] := "모라 마을로..."
R25["scrfilename"] := "epsoid141Quest"
R25["questID"] := 11192
R26 := {}
R26["name"] := "모라 마을로..."
R26["scrfilename"] := "epsoid141Quest"
R26["questID"] := 11198
R27 := {}
R27["name"] := "모라 마을로..."
R27["scrfilename"] := "epsoid141Quest"
R27["questID"] := 11204
R28 := {}
R28["name"] := "신속배달 요네스"
R28["scrfilename"] := "epsoid141Quest"
R28["questID"] := 11206
R29 := {}
R29["name"] := "쿠스미의 친구"
R29["scrfilename"] := "epsoid141Quest"
R29["questID"] := 11193
R30 := {}
R30["name"] := "테오도의 친구"
R30["scrfilename"] := "epsoid141Quest"
R30["questID"] := 11199
R31 := {}
R31["name"] := "포숑의 친구"
R31["scrfilename"] := "epsoid141Quest"
R31["questID"] := 11205
R32 := {}
R32["name"] := "아주 무거운 짐"
R32["scrfilename"] := "epsoid141Quest"
R32["questID"] := 11207
R33 := {}
R33["name"] := "다프네르"
R33["scrfilename"] := "epsoid141Quest"
R33["questID"] := 11208
R6[1,2,3,4,5,6,7,8,9,10,11,12,13,14,15,16,17,18,19,20,21,22,23,24,25,26,27] := R7,R8,R9,R10,R11,R12,R13,R14,R15,R16,R17,R18,R19,R20,R21,R22,R23,R24,R25,R26,R27,R28,R29,R30,R31,R32,R33
R5["list"] := R6
R6 := {}
R6["name"] := "방황하는 수호자"
R7 := {}
R8 := {}
R8["name"] := "안개숲 탐험"
R8["scrfilename"] := "epsoid141Quest"
R8["questID"] := 7211
R9 := {}
R9["name"] := "로키가 찾는 것"
R9["scrfilename"] := "epsoid141Quest"
R9["questID"] := 7212
R10 := {}
R10["name"] := "방황하는 수호자"
R10["scrfilename"] := "epsoid141Quest"
R10["questID"] := 7213
R7[1,2,3] := R8,R9,R10
R6["list"] := R7
R7 := {}
R7["name"] := "체셔의 새로운 일"
R8 := {}
R9 := {}
R9["name"] := "새로운 체셔의 일"
R9["scrfilename"] := "epsoid141Quest"
R9["questID"] := 7206
R10 := {}
R10["name"] := "체셔가 말한 그 상자"
R10["scrfilename"] := "epsoid141Quest"
R10["questID"] := 7207
R11 := {}
R11["name"] := "내일도 와줄래?"
R11["scrfilename"] := "epsoid141Quest"
R11["questID"] := 7208
R12 := {}
R12["name"] := "매일 매일 배달"
R12["scrfilename"] := "epsoid141Quest"
R12["questID"] := 7210
R13 := {}
R13["name"] := "어이가 없어, 정말."
R13["scrfilename"] := "epsoid141Quest"
R13["questID"] := 7209
R8[1,2,3,4,5] := R9,R10,R11,R12,R13
R7["list"] := R8
R8 := {}
R8["name"] := "사냥 일일퀘 5종"
R9 := {}
R10 := {}
R10["name"] := "과일을 짊어진 벌레"
R10["scrfilename"] := "epsoid141Quest"
R10["questID"] := 12225
R11 := {}
R11["name"] := "꽃을 닮은 사냥꾼"
R11["scrfilename"] := "epsoid141Quest"
R11["questID"] := 12226
R12 := {}
R12["name"] := "작지만 사나운.."
R12["scrfilename"] := "epsoid141Quest"
R12["questID"] := 12227
R13 := {}
R13["name"] := "알 수 없는 원한"
R13["scrfilename"] := "epsoid141Quest"
R13["questID"] := 12228
R14 := {}
R14["name"] := "금발머리 앤"
R14["scrfilename"] := "epsoid141Quest"
R14["questID"] := 12229
R9[1,2,3,4,5] := R10,R11,R12,R13,R14
R8["list"] := R9
R9 := {}
R9["name"] := "수집 일일퀘 5종"
R10 := {}
R11 := {}
R11["name"] := "방부제의 재료"
R11["scrfilename"] := "epsoid141Quest"
R11["questID"] := 12231
R12 := {}
R12["name"] := "저항의 상징"
R12["scrfilename"] := "epsoid141Quest"
R12["questID"] := 12232
R13 := {}
R13["name"] := "응급세트의 재료"
R13["scrfilename"] := "epsoid141Quest"
R13["questID"] := 12233
R14 := {}
R14["name"] := "용맹의 상징"
R14["scrfilename"] := "epsoid141Quest"
R14["questID"] := 12234
R15 := {}
R15["name"] := "기력에 참 좋은..."
R15["scrfilename"] := "epsoid141Quest"
R15["questID"] := 12235
R10[1,2,3,4,5] := R11,R12,R13,R14,R15
R9["list"] := R10
R10 := {}
R10["name"] := "수집 일일퀘 5종 2"
R11 := {}
R12 := {}
R12["name"] := "부적의 최신유행"
R12["scrfilename"] := "epsoid141Quest"
R12["questID"] := 12236
R13 := {}
R13["name"] := "귀한것은 안전하게"
R13["scrfilename"] := "epsoid141Quest"
R13["questID"] := 12237
R14 := {}
R14["name"] := "무릎 보호대의 재료"
R14["scrfilename"] := "epsoid141Quest"
R14["questID"] := 12238
R15 := {}
R15["name"] := "독은 독으로..."
R15["scrfilename"] := "epsoid141Quest"
R15["questID"] := 12239
R16 := {}
R16["name"] := "미끄러지면 안돼"
R16["scrfilename"] := "epsoid141Quest"
R16["questID"] := 12240
R11[1,2,3,4,5] := R12,R13,R14,R15,R16
R10["list"] := R11
R11 := {}
R11["name"] := "유해수습 10종"
R12 := {}
R13 := {}
R13["name"] := "실종자 타자르에 관한 정보"
R13["scrfilename"] := "epsoid141Quest"
R13["questID"] := 12243
R14 := {}
R14["name"] := "실종자 나이자에 관한 정보"
R14["scrfilename"] := "epsoid141Quest"
R14["questID"] := 12244
R15 := {}
R15["name"] := "실종자 메실에 관한 정보"
R15["scrfilename"] := "epsoid141Quest"
R15["questID"] := 12245
R16 := {}
R16["name"] := "실종자 느와르잇에 관한 정보"
R16["scrfilename"] := "epsoid141Quest"
R16["questID"] := 12246
R17 := {}
R17["name"] := "실종자 파자마 신에 관한 정보"
R17["scrfilename"] := "epsoid141Quest"
R17["questID"] := 12247
R18 := {}
R18["name"] := "실종자 멘델에 관한 정보"
R18["scrfilename"] := "epsoid141Quest"
R18["questID"] := 12248
R19 := {}
R19["name"] := "실종자 마일비트에 관한 정보"
R19["scrfilename"] := "epsoid141Quest"
R19["questID"] := 12249
R20 := {}
R20["name"] := "실종자 쿤문에 관한 정보"
R20["scrfilename"] := "epsoid141Quest"
R20["questID"] := 12250
R21 := {}
R21["name"] := "실종자 차이호킨에 관한 정보"
R21["scrfilename"] := "epsoid141Quest"
R21["questID"] := 12251
R22 := {}
R22["name"] := "실종자 투알에 관한 정보"
R22["scrfilename"] := "epsoid141Quest"
R22["questID"] := 12252
R12[1,2,3,4,5,6,7,8,9,10] := R13,R14,R15,R16,R17,R18,R19,R20,R21,R22
R11["list"] := R12
R2[1,2,3,4,5,6,7,8,9] := R3,R4,R5,R6,R7,R8,R9,R10,R11
R1["list"] := R2
R0[1] := R1
EP_141Quest_List := R0
return 
