R0 := {}
R1 := {}
R1["NPCFromName"] := "메모"
R1["NPCFromMap"] := "dewata"
R1["NPCFromSpr"] := "4_M_DEWOLDMAN"
R1["NPCFromX"] := 109
R1["NPCFromY"] := 262
R1["NPCToName"] := "레로"
R1["NPCToMap"] := "dew_fild01"
R1["NPCToSpr"] := "4_M_DEWMAN"
R1["NPCToX"] := 114
R1["NPCToY"] := 275
R1["Item"] := ""
R1["PrizeItem"] := ""
R1["Title"] := "노인을 도와라 !!"
R1["Info"] := "데와타 섬의 메모는 지금 곤란한 상황에 처해있습니다. 메모의 부탁대로 자티부족 마을에 무슨 일이 있는지 찾아가보자."
R1["Hunt"] := ""
R1["Time"] := "0"
R1["LV"] := "0"
R0[5035] := R1
R1 := {}
R1["NPCFromName"] := "레로"
R1["NPCFromMap"] := "dew_fild01"
R1["NPCFromSpr"] := "4_M_DEWMAN"
R1["NPCFromX"] := 114
R1["NPCFromY"] := 275
R1["NPCToName"] := "포비"
R1["NPCToMap"] := "dew_fild01"
R1["NPCToSpr"] := "4_M_DEWBOY"
R1["NPCToX"] := 259
R1["NPCToY"] := 48
R1["Item"] := ""
R1["PrizeItem"] := ""
R1["Title"] := "노인을 도와라 !!"
R1["Info"] := "야자나무 기름을 만들기 위해서는 거대한 기름야자열매가 필요한데 그 열매를 따러 간 일군 포비가 아직 돌아오지 않고 있다고 합니다. 야자나무 숲으로 가서 포비를 찾아주세요."
R1["Hunt"] := ""
R1["Time"] := "0"
R1["LV"] := "0"
R0[5036] := R1
R1 := {}
R1["NPCFromName"] := "포비"
R1["NPCFromMap"] := "dew_fild01"
R1["NPCFromSpr"] := "4_M_DEWBOY"
R1["NPCFromX"] := 259
R1["NPCFromY"] := 48
R1["NPCToName"] := "레로"
R1["NPCToMap"] := "dew_fild01"
R1["NPCToSpr"] := "4_M_DEWMAN"
R1["NPCToX"] := 114
R1["NPCToY"] := 275
R1["Item"] := ""
R1["PrizeItem"] := ""
R1["Title"] := "노인을 도와라 !!"
R1["Info"] := "아무런 안전장비 없이 나무를 올랐던 포비는 떨어지는 바람에 허리를 다쳐서 꼼짝할 수 없다고 합니다."
R1["Hunt"] := ""
R1["Time"] := "0"
R1["LV"] := "0"
R0[5037] := R1
R1 := {}
R1["NPCFromName"] := "레로"
R1["NPCFromMap"] := "dew_fild01"
R1["NPCFromSpr"] := "4_M_DEWMAN"
R1["NPCFromX"] := 114
R1["NPCFromY"] := 275
R1["NPCToName"] := "포비"
R1["NPCToMap"] := "dew_fild01"
R1["NPCToSpr"] := "4_M_DEWBOY"
R1["NPCToX"] := 259
R1["NPCToY"] := 48
R1["Item"] := ""
R1["PrizeItem"] := ""
R1["Title"] := "노인을 도와라 !!"
R1["Info"] := "당신은 허리를 다친 포비 대신 레로를 도와주기로 했습니다."
R1["Hunt"] := ""
R1["Time"] := "0"
R1["LV"] := "0"
R0[5038] := R1
R1 := {}
R1["NPCFromName"] := "포비"
R1["NPCFromMap"] := "dew_fild01"
R1["NPCFromSpr"] := "4_M_DEWBOY"
R1["NPCFromX"] := 259
R1["NPCFromY"] := 48
R1["NPCToName"] := "레로"
R1["NPCToMap"] := "dew_fild01"
R1["NPCToSpr"] := "4_M_DEWMAN"
R1["NPCToX"] := 114
R1["NPCToY"] := 275
R1["Item"] := " < image = \"6402\">기름야자열매<\\end> (60)"
R1["PrizeItem"] := ""
R1["Title"] := "노인을 도와라 !!"
R1["Info"] := "초보자가 거대한 기름야자열매를 따기 위해서는 나무를 발로 차거나 흔들어야 한다고 합니다. 열매가 커서 위험할 수 있으니 안전을 위해 안전모를 꼭 쓰라고 합니다."
R1["Hunt"] := ""
R1["Time"] := "0"
R1["LV"] := "0"
R0[5039] := R1
R1 := {}
R1["NPCFromName"] := "레로"
R1["NPCFromMap"] := "dew_fild01"
R1["NPCFromSpr"] := "4_M_DEWMAN"
R1["NPCFromX"] := 114
R1["NPCFromY"] := 275
R1["NPCToName"] := "메모"
R1["NPCToMap"] := "dewata"
R1["NPCToSpr"] := "4_M_DEWOLDMAN"
R1["NPCToX"] := 109
R1["NPCToY"] := 262
R1["Item"] := ""
R1["PrizeItem"] := ""
R1["Title"] := "노인을 도와라 !!"
R1["Info"] := "레로는 당신이 가져온 거대한 기름야자열매로 기름을 짜는 동안 메모에게 지금까지의 상황을 전해 줬으면 합니다."
R1["Hunt"] := ""
R1["Time"] := "0"
R1["LV"] := "0"
R0[5040] := R1
R1 := {}
R1["NPCFromName"] := "메모"
R1["NPCFromMap"] := "dewata"
R1["NPCFromSpr"] := "4_M_DEWOLDMAN"
R1["NPCFromX"] := 109
R1["NPCFromY"] := 262
R1["NPCToName"] := "레로"
R1["NPCToMap"] := "dew_fild01"
R1["NPCToSpr"] := "4_M_DEWMAN"
R1["NPCToX"] := 114
R1["NPCToY"] := 275
R1["Item"] := ""
R1["PrizeItem"] := " < image = \"6401\">야자나무기름<\\end> (30)"
R1["Title"] := "노인을 도와라 !!"
R1["Info"] := "메모가 지금쯤 야자나무 기름이 완성되었을 거라 합니다."
R1["Hunt"] := ""
R1["Time"] := "0"
R1["LV"] := "0"
R0[5041] := R1
R1 := {}
R1["NPCFromName"] := "레로"
R1["NPCFromMap"] := "dew_fild01"
R1["NPCFromSpr"] := "4_M_DEWMAN"
R1["NPCFromX"] := 114
R1["NPCFromY"] := 275
R1["NPCToName"] := "메모"
R1["NPCToMap"] := "dewata"
R1["NPCToSpr"] := "4_M_DEWOLDMAN"
R1["NPCToX"] := 109
R1["NPCToY"] := 262
R1["Item"] := " < image = \"6401\">야자나무기름<\\end> (30)"
R1["PrizeItem"] := ""
R1["Title"] := "노인을 도와라 !!"
R1["Info"] := "레로가 방금 짠 기름 30개를 메모에게 전달해야 합니다."
R1["Hunt"] := ""
R1["Time"] := "0"
R1["LV"] := "0"
R0[5042] := R1
R1 := {}
R1["NPCFromName"] := "메모"
R1["NPCFromMap"] := "dewata"
R1["NPCFromSpr"] := "4_M_DEWOLDMAN"
R1["NPCFromX"] := 109
R1["NPCFromY"] := 262
R1["NPCToName"] := "메모"
R1["NPCToMap"] := "dewata"
R1["NPCToSpr"] := "4_M_DEWOLDMAN"
R1["NPCToX"] := 109
R1["NPCToY"] := 262
R1["Item"] := ""
R1["PrizeItem"] := " < image = \"617\">오래된보라상자<\\end> (1)"
R1["Title"] := "노인을 도와라 !!"
R1["Info"] := "메모가 당신이 가져온 기름으로 급한 불을 먼저 끈다고 합니다."
R1["Hunt"] := ""
R1["Time"] := "300"
R1["LV"] := "0"
R0[5043] := R1
R1 := {}
R1["NPCFromName"] := "메모"
R1["NPCFromMap"] := "dewata"
R1["NPCFromSpr"] := "4_M_DEWOLDMAN"
R1["NPCFromX"] := 109
R1["NPCFromY"] := 262
R1["NPCToName"] := "메모"
R1["NPCToMap"] := "dewata"
R1["NPCToSpr"] := "4_M_DEWOLDMAN"
R1["NPCToX"] := 109
R1["NPCToY"] := 262
R1["Item"] := ""
R1["PrizeItem"] := ""
R1["Title"] := "노인을 도와라 !!"
R1["Info"] := "데와타 섬의 노인 메모는 당신을 고마워합니다. 메모는 당신이 내일도 일을 도와주기를 원합니다."
R1["Hunt"] := ""
R1["Time"] := "86400"
R1["LV"] := "0"
R0[5044] := R1
R1 := {}
R1["NPCFromName"] := "메모"
R1["NPCFromMap"] := "dewata"
R1["NPCFromSpr"] := "4_M_DEWOLDMAN"
R1["NPCFromX"] := 109
R1["NPCFromY"] := 262
R1["NPCToName"] := "레로"
R1["NPCToMap"] := "dew_fild01"
R1["NPCToSpr"] := "4_M_DEWMAN"
R1["NPCToX"] := 114
R1["NPCToY"] := 275
R1["Item"] := ""
R1["PrizeItem"] := ""
R1["Title"] := "노인을 도와라 !!"
R1["Info"] := "노인 메모는 도와주러 온 당신께 고마워합니다. 자티 부족마을 레로의 일을 도와주고 기름을 가져오라 합니다."
R1["Hunt"] := ""
R1["Time"] := "0"
R1["LV"] := "0"
R0[5045] := R1
R1 := {}
R1["NPCFromName"] := "레로"
R1["NPCFromMap"] := "dew_fild01"
R1["NPCFromSpr"] := "4_M_DEWMAN"
R1["NPCFromX"] := 114
R1["NPCFromY"] := 275
R1["NPCToName"] := ""
R1["NPCToMap"] := ""
R1["NPCToSpr"] := ""
R1["NPCToX"] := -1
R1["NPCToY"] := -1
R1["Item"] := " < image = \"6402\">기름야자열매<\\end> (20)"
R1["PrizeItem"] := " < image = \"6401\">야자나무기름<\\end> (10)"
R1["Title"] := "노인을 도와라 !!"
R1["Info"] := "레로는 당신에게 거대한 기름야자열매 20개를 따오라 시켰습니다."
R1["Hunt"] := ""
R1["Time"] := "0"
R1["LV"] := "0"
R0[5046] := R1
R1 := {}
R1["NPCFromName"] := "레로"
R1["NPCFromMap"] := "dew_fild01"
R1["NPCFromSpr"] := "4_M_DEWMAN"
R1["NPCFromX"] := 114
R1["NPCFromY"] := 275
R1["NPCToName"] := "메모"
R1["NPCToMap"] := "dewata"
R1["NPCToSpr"] := "4_M_DEWOLDMAN"
R1["NPCToX"] := 109
R1["NPCToY"] := 262
R1["Item"] := " < image = \"6401\">야자나무기름<\\end> (10)"
R1["PrizeItem"] := " < image = \"11534\">야자쥬스<\\end> (1)"
R1["Title"] := "노인을 도와라 !!"
R1["Info"] := "레로가 방금 짠 기름 10개를 메모에게 전달해야 합니다."
R1["Hunt"] := ""
R1["Time"] := "0"
R1["LV"] := "0"
R0[5047] := R1
R1 := {}
R1["NPCFromName"] := "레로"
R1["NPCFromMap"] := "dew_fild01"
R1["NPCFromSpr"] := "4_M_DEWMAN"
R1["NPCFromX"] := 114
R1["NPCFromY"] := 275
R1["NPCToName"] := ""
R1["NPCToMap"] := ""
R1["NPCToSpr"] := ""
R1["NPCToX"] := -1
R1["NPCToY"] := -1
R1["Item"] := " < image = \"6402\">기름야자열매<\\end> (30)"
R1["PrizeItem"] := " < image = \"6401\">야자나무기름<\\end> (15)"
R1["Title"] := "노인을 도와라 !!"
R1["Info"] := "레로는 당신에게 거대한 기름야자열매 30개를 따오라 시켰습니다."
R1["Hunt"] := ""
R1["Time"] := "0"
R1["LV"] := "0"
R0[5048] := R1
R1 := {}
R1["NPCFromName"] := "레로"
R1["NPCFromMap"] := "dew_fild01"
R1["NPCFromSpr"] := "4_M_DEWMAN"
R1["NPCFromX"] := 114
R1["NPCFromY"] := 275
R1["NPCToName"] := "메모"
R1["NPCToMap"] := "dewata"
R1["NPCToSpr"] := "4_M_DEWOLDMAN"
R1["NPCToX"] := 109
R1["NPCToY"] := 262
R1["Item"] := " < image = \"6401\">야자나무기름<\\end> (15)"
R1["PrizeItem"] := " < image = \"11534\">야자쥬스<\\end> (2)"
R1["Title"] := "노인을 도와라 !!"
R1["Info"] := "레로가 방금 짠 기름 15개를 메모에게 전달해야 합니다."
R1["Hunt"] := ""
R1["Time"] := "0"
R1["LV"] := "0"
R0[5049] := R1
R1 := {}
R1["NPCFromName"] := "레로"
R1["NPCFromMap"] := "dew_fild01"
R1["NPCFromSpr"] := "4_M_DEWMAN"
R1["NPCFromX"] := 114
R1["NPCFromY"] := 275
R1["NPCToName"] := ""
R1["NPCToMap"] := ""
R1["NPCToSpr"] := ""
R1["NPCToX"] := -1
R1["NPCToY"] := -1
R1["Item"] := " < image = \"6402\">기름야자열매<\\end> (40)"
R1["PrizeItem"] := " < image = \"6401\">야자나무기름<\\end> (20)"
R1["Title"] := "노인을 도와라 !!"
R1["Info"] := "레로는 당신에게 거대한 기름야자열매 40개를 따오라 시켰습니다."
R1["Hunt"] := ""
R1["Time"] := "0"
R1["LV"] := "0"
R0[5050] := R1
R1 := {}
R1["NPCFromName"] := "레로"
R1["NPCFromMap"] := "dew_fild01"
R1["NPCFromSpr"] := "4_M_DEWMAN"
R1["NPCFromX"] := 114
R1["NPCFromY"] := 275
R1["NPCToName"] := "메모"
R1["NPCToMap"] := "dewata"
R1["NPCToSpr"] := "4_M_DEWOLDMAN"
R1["NPCToX"] := 109
R1["NPCToY"] := 262
R1["Item"] := " < image = \"6401\">야자나무기름<\\end> (20)"
R1["PrizeItem"] := " < image = \"11534\">야자쥬스<\\end> (3)"
R1["Title"] := "노인을 도와라 !!"
R1["Info"] := "레로가 방금 짠 기름 20개를 메모에게 전달해야 합니다."
R1["Hunt"] := ""
R1["Time"] := "0"
R1["LV"] := "0"
R0[5051] := R1
R1 := {}
R1["NPCFromName"] := "가티"
R1["NPCFromMap"] := "dew_fild01"
R1["NPCFromSpr"] := "2_M_OLDBLSMITH"
R1["NPCFromX"] := 127
R1["NPCFromY"] := 240
R1["NPCToName"] := "가티"
R1["NPCToMap"] := "dew_fild01"
R1["NPCToSpr"] := "2_M_OLDBLSMITH"
R1["NPCToX"] := 127
R1["NPCToY"] := 240
R1["Item"] := ""
R1["PrizeItem"] := ""
R1["Title"] := "전통무기"
R1["Info"] := "자티부족의 인정을 받는다면 잊지 말고 나를 찾아 줬으면 하네."
R1["Hunt"] := ""
R1["Time"] := "0"
R1["LV"] := "0"
R0[5052] := R1
R1 := {}
R1["NPCFromName"] := "가티"
R1["NPCFromMap"] := "dew_fild01"
R1["NPCFromSpr"] := "2_M_OLDBLSMITH"
R1["NPCFromX"] := 127
R1["NPCFromY"] := 240
R1["NPCToName"] := "가티"
R1["NPCToMap"] := "dew_fild01"
R1["NPCToSpr"] := "2_M_OLDBLSMITH"
R1["NPCToX"] := 127
R1["NPCToY"] := 240
R1["Item"] := " < image = \"6403\">코모도의가죽<\\end> (100)"
R1["PrizeItem"] := ""
R1["Title"] := "전통무기"
R1["Info"] := "일생의 소원이네, 난 부족의 인정을 받지 못했어, 인정을 받은 자네가 나 대신 코모도의 가죽 100장을 가져다주게."
R1["Hunt"] := ""
R1["Time"] := "0"
R1["LV"] := "0"
R0[5053] := R1
R1 := {}
R1["NPCFromName"] := "가티"
R1["NPCFromMap"] := "dew_fild01"
R1["NPCFromSpr"] := "2_M_OLDBLSMITH"
R1["NPCFromX"] := 127
R1["NPCFromY"] := 240
R1["NPCToName"] := "가티"
R1["NPCToMap"] := "dew_fild01"
R1["NPCToSpr"] := "2_M_OLDBLSMITH"
R1["NPCToX"] := 127
R1["NPCToY"] := 240
R1["Item"] := " < image = \"6404\">케레스힐트<\\end> (1) < image = \"999\">강철<\\end> (20) < image = \"984\">오리데오콘<\\end> (10) < image = \"6403\">코모도의가죽<\\end> (100)"
R1["PrizeItem"] := " < image = \"13067\">케레스<\\end> (1)"
R1["Title"] := "전통무기"
R1["Info"] := "만들어준 케레스힐트와 나머지 재료를 가져오면 무기제조서에 쓰인 무기를 만들어 주겠네."
R1["Hunt"] := ""
R1["Time"] := "0"
R1["LV"] := "0"
R0[5054] := R1
R1 := {}
R1["NPCFromName"] := "부족 우두머리 파이코"
R1["NPCFromMap"] := "dew_in01"
R1["NPCFromSpr"] := "4_M_DEWZATICHIEF"
R1["NPCFromX"] := 15
R1["NPCFromY"] := 49
R1["NPCToName"] := "부족 우두머리 파이코"
R1["NPCToMap"] := "dew_in01"
R1["NPCToSpr"] := "4_M_DEWZATICHIEF"
R1["NPCToX"] := 15
R1["NPCToY"] := 49
R1["Item"] := " < image = \"6405\">센드라와시의깃털<\\end> (15)"
R1["PrizeItem"] := ""
R1["Title"] := "자티 왕관 제작 재료 구하기"
R1["Info"] := "^0000FF부족 우두머리 파이코^000000의 메시지: \"^404040센드라와시 깃털 15개를 구해오게^000000\""
R1["Hunt"] := ""
R1["Time"] := "0"
R1["LV"] := "0"
R0[9155] := R1
R1 := {}
R1["NPCFromName"] := "부족 우두머리 파이코"
R1["NPCFromMap"] := "dew_in01"
R1["NPCFromSpr"] := "4_M_DEWZATICHIEF"
R1["NPCFromX"] := 15
R1["NPCFromY"] := 49
R1["NPCToName"] := "부족 우두머리 파이코"
R1["NPCToMap"] := "dew_in01"
R1["NPCToSpr"] := "4_M_DEWZATICHIEF"
R1["NPCToX"] := 15
R1["NPCToY"] := 49
R1["Item"] := ""
R1["PrizeItem"] := ""
R1["Title"] := "자티 왕관 제작"
R1["Info"] := "^0000FF부족 우두머리 파이코^000000의 메시지: \"^404040자티 왕관 제작이 순조롭게 진행될 듯 하군^000000\""
R1["Hunt"] := ""
R1["Time"] := "0"
R1["LV"] := "0"
R0[9156] := R1
R1 := {}
R1["NPCFromName"] := "부족 우두머리 파이코"
R1["NPCFromMap"] := "dew_in01"
R1["NPCFromSpr"] := "4_M_DEWZATICHIEF"
R1["NPCFromX"] := 15
R1["NPCFromY"] := 49
R1["NPCToName"] := "현자 카시아파"
R1["NPCToMap"] := "dew_in01"
R1["NPCToSpr"] := "4_M_DEWZATIMAN"
R1["NPCToX"] := 22
R1["NPCToY"] := 48
R1["Item"] := ""
R1["PrizeItem"] := " < image = \"6405\">센드라와시의깃털<\\end> (1)"
R1["Title"] := "현자 카시아파의 보답"
R1["Info"] := "^0000FF부족 우두머리 파이코^000000의 메시지: \"^404040현자 카시아파가 자네를 찾고 있네^000000\""
R1["Hunt"] := ""
R1["Time"] := "0"
R1["LV"] := "0"
R0[9157] := R1
R1 := {}
R1["NPCFromName"] := "부족 우두머리 파이코"
R1["NPCFromMap"] := "dew_in01"
R1["NPCFromSpr"] := "4_M_DEWZATICHIEF"
R1["NPCFromX"] := 15
R1["NPCFromY"] := 49
R1["NPCToName"] := "자티 부족 전사"
R1["NPCToMap"] := "dew_fild01"
R1["NPCToSpr"] := "4_M_DEWZATIMAN"
R1["NPCToX"] := 78
R1["NPCToY"] := 288
R1["Item"] := " < image = \"11533\">사떼<\\end> (1)"
R1["PrizeItem"] := " < image = \"11533\">사떼<\\end> (1)"
R1["Title"] := "경사스러운 소식 전하기(1)"
R1["Info"] := "^0000FF부족 우두머리 파이코^000000의 메시지: \"^404040우리 부족의 전사에게 사떼를 나눠주고 오도록 하게^000000\""
R1["Hunt"] := ""
R1["Time"] := "0"
R1["LV"] := "0"
R0[9158] := R1
R1 := {}
R1["NPCFromName"] := "자티 부족 전사"
R1["NPCFromMap"] := "dew_fild01"
R1["NPCFromSpr"] := "4_M_DEWZATIMAN"
R1["NPCFromX"] := 78
R1["NPCFromY"] := 288
R1["NPCToName"] := "부족 우두머리 파이코"
R1["NPCToMap"] := "dew_in01"
R1["NPCToSpr"] := "4_M_DEWZATICHIEF"
R1["NPCToX"] := 15
R1["NPCToY"] := 49
R1["Item"] := ""
R1["PrizeItem"] := ""
R1["Title"] := "파이코에게 돌아가기"
R1["Info"] := "^0000FF자티 부족 전사^000000의 메시지: \"^404040부족의 긍지와 용기를 잊지 말게^000000\""
R1["Hunt"] := ""
R1["Time"] := "0"
R1["LV"] := "0"
R0[9159] := R1
R1 := {}
R1["NPCFromName"] := "부족 우두머리 파이코"
R1["NPCFromMap"] := "dew_in01"
R1["NPCFromSpr"] := "4_M_DEWZATICHIEF"
R1["NPCFromX"] := 15
R1["NPCFromY"] := 49
R1["NPCToName"] := "부족 사원 관리인"
R1["NPCToMap"] := "dew_fild01"
R1["NPCToSpr"] := "4_M_DEWZATIMAN"
R1["NPCToX"] := 185
R1["NPCToY"] := 300
R1["Item"] := " < image = \"11533\">사떼<\\end> (1)"
R1["PrizeItem"] := " < image = \"11533\">사떼<\\end> (1)"
R1["Title"] := "경사스러운 소식 전하기(2)"
R1["Info"] := "^0000FF부족 우두머리 파이코^000000의 메시지: \"^404040마을 밖에 있는 부족 사원 관리인에게 사떼를 나눠주고 오도록 하게^000000\""
R1["Hunt"] := ""
R1["Time"] := "0"
R1["LV"] := "0"
R0[9160] := R1
R1 := {}
R1["NPCFromName"] := "부족 사원 관리인"
R1["NPCFromMap"] := "dew_fild01"
R1["NPCFromSpr"] := "4_M_DEWZATIMAN"
R1["NPCFromX"] := 185
R1["NPCFromY"] := 300
R1["NPCToName"] := "부족 우두머리 파이코"
R1["NPCToMap"] := "dew_in01"
R1["NPCToSpr"] := "4_M_DEWZATICHIEF"
R1["NPCToX"] := 15
R1["NPCToY"] := 49
R1["Item"] := ""
R1["PrizeItem"] := ""
R1["Title"] := "파이코에게 돌아가기"
R1["Info"] := "^0000FF부족 사원 관리인^000000의 메시지: \"^404040우리 문화의 전통의 소중함을 잊지 않기를^000000\""
R1["Hunt"] := ""
R1["Time"] := "0"
R1["LV"] := "0"
R0[9161] := R1
R1 := {}
R1["NPCFromName"] := "부족 우두머리 파이코"
R1["NPCFromMap"] := "dew_in01"
R1["NPCFromSpr"] := "4_M_DEWZATICHIEF"
R1["NPCFromX"] := 15
R1["NPCFromY"] := 49
R1["NPCToName"] := "크라카토 화산 문지기"
R1["NPCToMap"] := "dewata"
R1["NPCToSpr"] := "4_M_DEWOLDMAN"
R1["NPCToX"] := 235
R1["NPCToY"] := 56
R1["Item"] := " < image = \"11533\">사떼<\\end> (1)"
R1["PrizeItem"] := " < image = \"11533\">사떼<\\end> (1)"
R1["Title"] := "경사스러운 소식 전하기(3)"
R1["Info"] := "^0000FF부족 우두머리 파이코^000000의 메시지: \"^404040데와타 섬에 있는 크라카토 화산 문지기에게 사떼를 나눠주고 오도록 하게^000000\""
R1["Hunt"] := ""
R1["Time"] := "0"
R1["LV"] := "0"
R0[9162] := R1
R1 := {}
R1["NPCFromName"] := "크라카토 화산 문지기"
R1["NPCFromMap"] := "dewata"
R1["NPCFromSpr"] := "4_M_DEWOLDMAN"
R1["NPCFromX"] := 235
R1["NPCFromY"] := 56
R1["NPCToName"] := "부족 우두머리 파이코"
R1["NPCToMap"] := "dew_in01"
R1["NPCToSpr"] := "4_M_DEWZATICHIEF"
R1["NPCToX"] := 15
R1["NPCToY"] := 49
R1["Item"] := ""
R1["PrizeItem"] := ""
R1["Title"] := "파이코에게 돌아가기"
R1["Info"] := "^0000FF크라카토 화산 문지기^000000의 메시지: \"^404040자네도 크라카토 화산에 올라 자신의 용기를 시험 해보게^000000\""
R1["Hunt"] := ""
R1["Time"] := "0"
R1["LV"] := "0"
R0[9163] := R1
R1 := {}
R1["NPCFromName"] := "부족 우두머리 파이코"
R1["NPCFromMap"] := "dew_in01"
R1["NPCFromSpr"] := "4_M_DEWZATICHIEF"
R1["NPCFromX"] := 15
R1["NPCFromY"] := 49
R1["NPCToName"] := "보로부두 사원 관리자"
R1["NPCToMap"] := "dewata"
R1["NPCToSpr"] := "4_M_DEWMAN"
R1["NPCToX"] := 78
R1["NPCToY"] := 192
R1["Item"] := " < image = \"11533\">사떼<\\end> (1)"
R1["PrizeItem"] := " < image = \"11533\">사떼<\\end> (1)"
R1["Title"] := "경사스러운 소식 전하기(4)"
R1["Info"] := "^0000FF부족 우두머리 파이코^000000의 메시지: \"^404040데와타 섬에 있는 보로부두 사원 관리자에게 사떼를 나눠주고 오도록 하게^000000\""
R1["Hunt"] := ""
R1["Time"] := "0"
R1["LV"] := "0"
R0[9164] := R1
R1 := {}
R1["NPCFromName"] := "보로부두 사원 관리자"
R1["NPCFromMap"] := "dewata"
R1["NPCFromSpr"] := "4_M_DEWMAN"
R1["NPCFromX"] := 78
R1["NPCFromY"] := 192
R1["NPCToName"] := "부족 우두머리 파이코"
R1["NPCToMap"] := "dew_in01"
R1["NPCToSpr"] := "4_M_DEWZATICHIEF"
R1["NPCToX"] := 15
R1["NPCToY"] := 49
R1["Item"] := ""
R1["PrizeItem"] := " < image = \"18520\">자티왕관<\\end> (1)"
R1["Title"] := "자티왕관의 제작 성공과 파이코의 보답"
R1["Info"] := "^0000FF보로부두 사원 관리자^000000의 메시지: \"^404040데와타섬과 자티부족마을은 신비함으로 가득차있어^000000\""
R1["Hunt"] := ""
R1["Time"] := "0"
R1["LV"] := "0"
R0[9165] := R1
DewataQuest_List := R0
return 
