R0 := {}
R1 := {}
R1["name"] := "포트말라야"
R1["imagefile"] := "ep_test_sample.bmp"
R2 := {}
R3 := {}
R3["name"] := "경계하는 마을"
R4 := {}
R5 := {}
R5["name"] := "경계하는 마을"
R5["scrfilename"] := "malayaQuest"
R5["questID"] := 7350
R6 := {}
R6["name"] := "그들이 단추를 원하는 이유"
R6["scrfilename"] := "malayaQuest"
R6["questID"] := 7358
R7 := {}
R7["name"] := "내 낡은 단추보다 좋은 것"
R7["scrfilename"] := "malayaQuest"
R7["questID"] := 7351
R8 := {}
R8["name"] := "선원에게 성물 전달"
R8["scrfilename"] := "malayaQuest"
R8["questID"] := 7359
R9 := {}
R9["name"] := "노인에게 성물 전달"
R9["scrfilename"] := "malayaQuest"
R9["questID"] := 7360
R10 := {}
R10["name"] := "청년에게 성물 전달"
R10["scrfilename"] := "malayaQuest"
R10["questID"] := 7361
R11 := {}
R11["name"] := "상인에게 성물 전달"
R11["scrfilename"] := "malayaQuest"
R11["questID"] := 7362
R12 := {}
R12["name"] := "꼬마에게 성물 전달"
R12["scrfilename"] := "malayaQuest"
R12["questID"] := 7363
R13 := {}
R13["name"] := "중년에게 성물 전달"
R13["scrfilename"] := "malayaQuest"
R13["questID"] := 7364
R14 := {}
R14["name"] := "내 낡은 단추보다 좋은 것-2"
R14["scrfilename"] := "malayaQuest"
R14["questID"] := 7365
R4[1,2,3,4,5,6,7,8,9,10] := R5,R6,R7,R8,R9,R10,R11,R12,R13,R14
R3["list"] := R4
R4 := {}
R4["name"] := "전통 수호물과 얄미운 소녀"
R5 := {}
R6 := {}
R6["name"] := "전통 수호물과 얄미운 소녀-1"
R6["scrfilename"] := "malayaQuest"
R6["questID"] := 7366
R7 := {}
R7["name"] := "전통 수호물과 얄미운 소녀-2"
R7["scrfilename"] := "malayaQuest"
R7["questID"] := 7367
R8 := {}
R8["name"] := "사랑과 수호물은 모두에게"
R8["scrfilename"] := "malayaQuest"
R8["questID"] := 7374
R9 := {}
R9["name"] := "수호물을 전달하라-페드로"
R9["scrfilename"] := "malayaQuest"
R9["questID"] := 7368
R10 := {}
R10["name"] := "수호물을 전달하라-너르도"
R10["scrfilename"] := "malayaQuest"
R10["questID"] := 7369
R11 := {}
R11["name"] := "수호물을 전달하라-판도이"
R11["scrfilename"] := "malayaQuest"
R11["questID"] := 7370
R12 := {}
R12["name"] := "수호물을 전달하라-워언"
R12["scrfilename"] := "malayaQuest"
R12["questID"] := 7371
R13 := {}
R13["name"] := "수호물을 전달하라-탈라"
R13["scrfilename"] := "malayaQuest"
R13["questID"] := 7372
R14 := {}
R14["name"] := "수호물을 전달하라-로멜"
R14["scrfilename"] := "malayaQuest"
R14["questID"] := 7373
R15 := {}
R15["name"] := "사랑과 수호물은 내일도"
R15["scrfilename"] := "malayaQuest"
R15["questID"] := 7375
R5[1,2,3,4,5,6,7,8,9,10] := R6,R7,R8,R9,R10,R11,R12,R13,R14,R15
R4["list"] := R5
R5 := {}
R5["name"] := "전통 수호물 제작을 위해"
R6 := {}
R7 := {}
R7["name"] := "전통 수호물 제작을 위해"
R7["scrfilename"] := "malayaQuest"
R7["questID"] := 7380
R8 := {}
R8["name"] := "수호물의 재료는 언제나 필요해"
R8["scrfilename"] := "malayaQuest"
R8["questID"] := 7381
R6[1,2] := R7,R8
R5["list"] := R6
R6 := {}
R6["name"] := "무쇠솥-정기교역"
R7 := {}
R8 := {}
R8["name"] := "노인과 무쇠솥-1"
R8["scrfilename"] := "malayaQuest"
R8["questID"] := 7376
R9 := {}
R9["name"] := "노인과 무쇠솥-2"
R9["scrfilename"] := "malayaQuest"
R9["questID"] := 7377
R10 := {}
R10["name"] := "노인과 무쇠솥-정기교역"
R10["scrfilename"] := "malayaQuest"
R10["questID"] := 7378
R7[1,2,3] := R8,R9,R10
R6["list"] := R7
R7 := {}
R7["name"] := "제제링 퇴치"
R8 := {}
R9 := {}
R9["name"] := "제제링 퇴치 작전"
R9["scrfilename"] := "malayaQuest"
R9["questID"] := 7404
R10 := {}
R10["name"] := "제제링 퇴치 -내일 이시간에"
R10["scrfilename"] := "malayaQuest"
R10["questID"] := 7405
R8[1,2] := R9,R10
R7["list"] := R8
R8 := {}
R8["name"] := "제제링과 제젤로피"
R9 := {}
R10 := {}
R10["name"] := "제제링과 제젤로피"
R10["scrfilename"] := "malayaQuest"
R10["questID"] := 7391
R11 := {}
R11["name"] := "제젤로피 정기수집"
R11["scrfilename"] := "malayaQuest"
R11["questID"] := 7392
R9[1,2] := R10,R11
R8["list"] := R9
R9 := {}
R9["name"] := "반짝반짝 실버 블레이드"
R10 := {}
R11 := {}
R11["name"] := "반짝 반짝 실버블레이드"
R11["scrfilename"] := "malayaQuest"
R11["questID"] := 7393
R12 := {}
R12["name"] := "내일도 반짝반짝"
R12["scrfilename"] := "malayaQuest"
R12["questID"] := 7394
R10[1,2] := R11,R12
R9["list"] := R10
R10 := {}
R10["name"] := "마리스의 아이"
R11 := {}
R12 := {}
R12["name"] := "마리스의 아이"
R12["scrfilename"] := "malayaQuest"
R12["questID"] := 7388
R13 := {}
R13["name"] := "마리스의 아이에게 옷을"
R13["scrfilename"] := "malayaQuest"
R13["questID"] := 7389
R14 := {}
R14["name"] := "마리스의 아이가 걱정된다"
R14["scrfilename"] := "malayaQuest"
R14["questID"] := 7390
R11[1,2,3] := R12,R13,R14
R10["list"] := R11
R11 := {}
R11["name"] := "동의 부탁"
R12 := {}
R13 := {}
R13["name"] := "동의 부탁-뼈다귀를 모아줘!"
R13["scrfilename"] := "malayaQuest"
R13["questID"] := 7406
R14 := {}
R14["name"] := "정제된 뼈다귀"
R14["scrfilename"] := "malayaQuest"
R14["questID"] := 7407
R15 := {}
R15["name"] := "동의 부탁 - 내일 또 와줄래?"
R15["scrfilename"] := "malayaQuest"
R15["questID"] := 7408
R12[1,2,3] := R13,R14,R15
R11["list"] := R12
R12 := {}
R12["name"] := "페리호의 영혼"
R13 := {}
R14 := {}
R14["name"] := "페리호의 귀신소동"
R14["scrfilename"] := "malayaQuest"
R14["questID"] := 7395
R15 := {}
R15["name"] := "페리호의 화내는 영혼"
R15["scrfilename"] := "malayaQuest"
R15["questID"] := 7396
R16 := {}
R16["name"] := "뭄바키 퐁의 조언"
R16["scrfilename"] := "malayaQuest"
R16["questID"] := 7397
R17 := {}
R17["name"] := "뭄바키 추천 헌화"
R17["scrfilename"] := "malayaQuest"
R17["questID"] := 7398
R18 := {}
R18["name"] := "소녀 디와타의 이야기"
R18["scrfilename"] := "malayaQuest"
R18["questID"] := 7399
R19 := {}
R19["name"] := "페리운항 아직은 괜찮아"
R19["scrfilename"] := "malayaQuest"
R19["questID"] := 7401
R13[1,2,3,4,5,6] := R14,R15,R16,R17,R18,R19
R12["list"] := R13
R13 := {}
R13["name"] := "페리 안정화"
R14 := {}
R15 := {}
R15["name"] := "디와타를 위한 꽃다발"
R15["scrfilename"] := "malayaQuest"
R15["questID"] := 7402
R16 := {}
R16["name"] := "안정화 된 페리"
R16["scrfilename"] := "malayaQuest"
R16["questID"] := 7403
R17 := {}
R17["name"] := "페리운항 아직은 괜찮아"
R17["scrfilename"] := "malayaQuest"
R17["questID"] := 7401
R14[1,2,3] := R15,R16,R17
R13["list"] := R14
R14 := {}
R14["name"] := "그 녀석과 눈 마주칠 수 없다."
R15 := {}
R16 := {}
R16["name"] := "그 녀석과 눈 마주칠 수 없다!"
R16["scrfilename"] := "malayaQuest"
R16["questID"] := 7409
R17 := {}
R17["name"] := "내일 또 혼내다오!"
R17["scrfilename"] := "malayaQuest"
R17["questID"] := 7410
R15[1,2] := R16,R17
R14["list"] := R15
R15 := {}
R15["name"] := "바코나와 호수 입장"
R16 := {}
R17 := {}
R17["name"] := "소문과 세월과 전설"
R17["scrfilename"] := "malayaQuest"
R17["questID"] := 1174
R18 := {}
R18["name"] := "소문과 세월과 전설"
R18["scrfilename"] := "malayaQuest"
R18["questID"] := 1175
R19 := {}
R19["name"] := "소문과 세월과 전설"
R19["scrfilename"] := "malayaQuest"
R19["questID"] := 1176
R20 := {}
R20["name"] := "소문과 세월과 전설"
R20["scrfilename"] := "malayaQuest"
R20["questID"] := 1177
R21 := {}
R21["name"] := "소문과 세월과 전설"
R21["scrfilename"] := "malayaQuest"
R21["questID"] := 1178
R22 := {}
R22["name"] := "소문과 세월과 전설"
R22["scrfilename"] := "malayaQuest"
R22["questID"] := 1179
R23 := {}
R23["name"] := "버코너워를 물리쳐라!"
R23["scrfilename"] := "malayaQuest"
R23["questID"] := 1180
R24 := {}
R24["name"] := "버코너워를 물리쳐라!"
R24["scrfilename"] := "malayaQuest"
R24["questID"] := 1181
R25 := {}
R25["name"] := "버코너워를 물리쳐라!"
R25["scrfilename"] := "malayaQuest"
R25["questID"] := 1182
R26 := {}
R26["name"] := "버코너워를 물리쳐라!"
R26["scrfilename"] := "malayaQuest"
R26["questID"] := 1183
R27 := {}
R27["name"] := "버코너워를 물리쳐라!"
R27["scrfilename"] := "malayaQuest"
R27["questID"] := 1184
R28 := {}
R28["name"] := "버코너워를 물리쳐라!"
R28["scrfilename"] := "malayaQuest"
R28["questID"] := 1185
R29 := {}
R29["name"] := "버코너워를 물리쳐라!"
R29["scrfilename"] := "malayaQuest"
R29["questID"] := 1186
R30 := {}
R30["name"] := "버코너워를 물리쳐라!"
R30["scrfilename"] := "malayaQuest"
R30["questID"] := 1187
R31 := {}
R31["name"] := "버코너워를 물리쳐라!"
R31["scrfilename"] := "malayaQuest"
R31["questID"] := 1188
R32 := {}
R32["name"] := "버코너워를 물리쳐라!"
R32["scrfilename"] := "malayaQuest"
R32["questID"] := 1189
R33 := {}
R33["name"] := "버코너워를 물리쳐라!"
R33["scrfilename"] := "malayaQuest"
R33["questID"] := 1190
R34 := {}
R34["name"] := "버코너워를 물리쳐라!"
R34["scrfilename"] := "malayaQuest"
R34["questID"] := 1191
R35 := {}
R35["name"] := "버코너워를 물리쳐라!"
R35["scrfilename"] := "malayaQuest"
R35["questID"] := 1192
R36 := {}
R36["name"] := "버코너워를 물리쳐라!"
R36["scrfilename"] := "malayaQuest"
R36["questID"] := 1193
R37 := {}
R37["name"] := "버코너워를 물리쳐라!"
R37["scrfilename"] := "malayaQuest"
R37["questID"] := 1193
R16[1,2,3,4,5,6,7,8,9,10,11,12,13,14,15,16,17,18,19,20,21] := R17,R18,R19,R20,R21,R22,R23,R24,R25,R26,R27,R28,R29,R30,R31,R32,R33,R34,R35,R36,R37
R15["list"] := R16
R16 := {}
R16["name"] := "포트말라야의 간호사"
R17 := {}
R18 := {}
R18["name"] := "포트말라야의 간호사"
R18["scrfilename"] := "malayaQuest"
R18["questID"] := 11284
R19 := {}
R19["name"] := "포트말라야의 간호사"
R19["scrfilename"] := "malayaQuest"
R19["questID"] := 11285
R20 := {}
R20["name"] := "포트말라야의 간호사"
R20["scrfilename"] := "malayaQuest"
R20["questID"] := 11286
R21 := {}
R21["name"] := "포트말라야의 간호사"
R21["scrfilename"] := "malayaQuest"
R21["questID"] := 11287
R22 := {}
R22["name"] := "포트말라야의 간호사"
R22["scrfilename"] := "malayaQuest"
R22["questID"] := 11288
R23 := {}
R23["name"] := "포트말라야의 간호사"
R23["scrfilename"] := "malayaQuest"
R23["questID"] := 11289
R24 := {}
R24["name"] := "포트말라야의 간호사"
R24["scrfilename"] := "malayaQuest"
R24["questID"] := 11290
R25 := {}
R25["name"] := "포트말라야의 간호사"
R25["scrfilename"] := "malayaQuest"
R25["questID"] := 11291
R26 := {}
R26["name"] := "포트말라야의 간호사"
R26["scrfilename"] := "malayaQuest"
R26["questID"] := 11292
R27 := {}
R27["name"] := "포트말라야의 간호사"
R27["scrfilename"] := "malayaQuest"
R27["questID"] := 11293
R28 := {}
R28["name"] := "포트말라야의 간호사"
R28["scrfilename"] := "malayaQuest"
R28["questID"] := 11294
R29 := {}
R29["name"] := "포트말라야의 간호사"
R29["scrfilename"] := "malayaQuest"
R29["questID"] := 11295
R30 := {}
R30["name"] := "포트말라야의 간호사"
R30["scrfilename"] := "malayaQuest"
R30["questID"] := 11296
R31 := {}
R31["name"] := "포트말라야의 간호사"
R31["scrfilename"] := "malayaQuest"
R31["questID"] := 11297
R32 := {}
R32["name"] := "포트말라야의 간호사"
R32["scrfilename"] := "malayaQuest"
R32["questID"] := 11298
R33 := {}
R33["name"] := "포트말라야의 간호사"
R33["scrfilename"] := "malayaQuest"
R33["questID"] := 11299
R34 := {}
R34["name"] := "포트말라야의 간호사"
R34["scrfilename"] := "malayaQuest"
R34["questID"] := 11300
R35 := {}
R35["name"] := "포트말라야의 간호사"
R35["scrfilename"] := "malayaQuest"
R35["questID"] := 11301
R36 := {}
R36["name"] := "포트말라야의 간호사"
R36["scrfilename"] := "malayaQuest"
R36["questID"] := 11302
R37 := {}
R37["name"] := "포트말라야의 간호사"
R37["scrfilename"] := "malayaQuest"
R37["questID"] := 11303
R38 := {}
R38["name"] := "포트말라야의 간호사"
R38["scrfilename"] := "malayaQuest"
R38["questID"] := 11304
R39 := {}
R39["name"] := "포트말라야의 간호사"
R39["scrfilename"] := "malayaQuest"
R39["questID"] := 11305
R40 := {}
R40["name"] := "포트말라야의 간호사"
R40["scrfilename"] := "malayaQuest"
R40["questID"] := 11306
R41 := {}
R41["name"] := "아주 무거운 짐"
R41["scrfilename"] := "malayaQuest"
R41["questID"] := 11207
R42 := {}
R42["name"] := "포트말라야의 간호사"
R42["scrfilename"] := "malayaQuest"
R42["questID"] := 11308
R43 := {}
R43["name"] := "포트말라야의 간호사"
R43["scrfilename"] := "malayaQuest"
R43["questID"] := 11309
R17[1,2,3,4,5,6,7,8,9,10,11,12,13,14,15,16,17,18,19,20,21,22,23,24,25,26] := R18,R19,R20,R21,R22,R23,R24,R25,R26,R27,R28,R29,R30,R31,R32,R33,R34,R35,R36,R37,R38,R39,R40,R41,R42,R43
R16["list"] := R17
R17 := {}
R17["name"] := "벙웅곳을 퇴치하라."
R18 := {}
R19 := {}
R19["name"] := "병원 2층, 벙웅곳을 퇴치하라"
R19["scrfilename"] := "malayaQuest"
R19["questID"] := 9222
R20 := {}
R20["name"] := "병원에는 평화가 찾아왔을까..?"
R20["scrfilename"] := "malayaQuest"
R20["questID"] := 9223
R21 := {}
R21["name"] := "병원 2층 탐사"
R21["scrfilename"] := "malayaQuest"
R21["questID"] := 9224
R18[1,2,3] := R19,R20,R21
R17["list"] := R18
R18 := {}
R18["name"] := "숲속의 비밀"
R19 := {}
R20 := {}
R20["name"] := "숲 속의 비밀"
R20["scrfilename"] := "malayaQuest"
R20["questID"] := 2271
R21 := {}
R21["name"] := "숲 속의 비밀"
R21["scrfilename"] := "malayaQuest"
R21["questID"] := 2272
R22 := {}
R22["name"] := "숲 속의 비밀"
R22["scrfilename"] := "malayaQuest"
R22["questID"] := 2273
R23 := {}
R23["name"] := "숲 속의 비밀"
R23["scrfilename"] := "malayaQuest"
R23["questID"] := 2274
R24 := {}
R24["name"] := "숲 속의 비밀"
R24["scrfilename"] := "malayaQuest"
R24["questID"] := 2275
R25 := {}
R25["name"] := "숲 속의 비밀"
R25["scrfilename"] := "malayaQuest"
R25["questID"] := 2276
R26 := {}
R26["name"] := "숲 속의 비밀"
R26["scrfilename"] := "malayaQuest"
R26["questID"] := 2277
R27 := {}
R27["name"] := "숲 속의 비밀"
R27["scrfilename"] := "malayaQuest"
R27["questID"] := 2278
R28 := {}
R28["name"] := "숲 속의 비밀"
R28["scrfilename"] := "malayaQuest"
R28["questID"] := 2279
R29 := {}
R29["name"] := "숲 속의 비밀"
R29["scrfilename"] := "malayaQuest"
R29["questID"] := 2280
R19[1,2,3,4,5,6,7,8,9,10] := R20,R21,R22,R23,R24,R25,R26,R27,R28,R29
R18["list"] := R19
R2[1,2,3,4,5,6,7,8,9,10,11,12,13,14,15,16] := R3,R4,R5,R6,R7,R8,R9,R10,R11,R12,R13,R14,R15,R16,R17,R18
R1["list"] := R2
R0[1] := R1
LOCAL_MalayaQuest_List := R0
return 
