R0 := closure(Function #0)
ReqJobName := R0
R0 := closure(Function #1)
GetJobString := R0
return 


Function #0:
;
Name:            
Defined at line: 16
#Upvalues:       0
#Parameters:     1 (R0)
Is_vararg:       0
Max Stack Size:  3
;
Locals:
Start PC |  End PC  | Name
00000000 | 0000000e | index
00000008 | 0000000e | NameMsg
;
No upvalues

R1 := JobNameTable
R1 := R1[R0]
if R1 != nil then PC := 7
  4 [17]: JMP       7
R1 := ""
return R1
R1 := JobNameTable
R1 := R1[R0]
if R1 == nil then PC := 13
 10 [23]: JMP       13
return R1
PC := 15
R2 := ""
return R2
return 


Function #1:
;
Name:            
Defined at line: 36
#Upvalues:       0
#Parameters:     1 (R0)
Is_vararg:       0
Max Stack Size:  8
;
Locals:
Start PC |  End PC  | Name
00000000 | 0000000b | jobID
00000004 | 00000009 | (for generator)
00000004 | 00000009 | (for state)
00000004 | 00000009 | k
00000004 | 00000009 | v
;
No upvalues

R1 := pairs
R2 := jobtbl
R1,R2,R3,R4 := R1(R2)
end
if R4 != R0 then PC := 8
  6 [38]: JMP       8
return R3
if R3 ~= nil then PC = 5
  9 [41]: JMP       5
R1 := ""
return R1
return 
