R0 := {}
R0["EFST_PROVOKE"] := 0
R0["EFST_ENDURE"] := 1
R0["EFST_TWOHANDQUICKEN"] := 2
R0["EFST_CONCENTRATION"] := 3
R0["EFST_HIDING"] := 4
R0["EFST_CLOAKING"] := 5
R0["EFST_ENCHANTPOISON"] := 6
R0["EFST_POISONREACT"] := 7
R0["EFST_QUAGMIRE"] := 8
R0["EFST_ANGELUS"] := 9
R0["EFST_BLESSING"] := 10
R0["EFST_CRUCIS"] := 11
R0["EFST_INC_AGI"] := 12
R0["EFST_DEC_AGI"] := 13
R0["EFST_SLOWPOISON"] := 14
R0["EFST_IMPOSITIO"] := 15
R0["EFST_SUFFRAGIUM"] := 16
R0["EFST_ASPERSIO"] := 17
R0["EFST_BENEDICTIO"] := 18
R0["EFST_KYRIE"] := 19
R0["EFST_MAGNIFICAT"] := 20
R0["EFST_GLORIA"] := 21
R0["EFST_LEXAETERNA"] := 22
R0["EFST_ADRENALINE"] := 23
R0["EFST_WEAPONPERFECT"] := 24
R0["EFST_OVERTHRUST"] := 25
R0["EFST_MAXIMIZE"] := 26
R0["EFST_RIDING"] := 27
R0["EFST_FALCON"] := 28
R0["EFST_TRICKDEAD"] := 29
R0["EFST_SHOUT"] := 30
R0["EFST_ENERGYCOAT"] := 31
R0["EFST_BROKENARMOR"] := 32
R0["EFST_BROKENWEAPON"] := 33
R0["EFST_ILLUSION"] := 34
R0["EFST_WEIGHTOVER50"] := 35
R0["EFST_WEIGHTOVER90"] := 36
R0["EFST_ATTHASTE_POTION1"] := 37
R0["EFST_ATTHASTE_POTION2"] := 38
R0["EFST_ATTHASTE_POTION3"] := 39
R0["EFST_ATTHASTE_INFINITY"] := 40
R0["EFST_MOVHASTE_POTION"] := 41
R0["EFST_MOVHASTE_INFINITY"] := 42
R0["EFST_AUTOCOUNTER"] := 43
R0["EFST_SPLASHER"] := 44
R0["EFST_ANKLESNARE"] := 45
R0["EFST_POSTDELAY"] := 46
R0["EFST_NOACTION"] := 47
R0["EFST_IMPOSSIBLEPICKUP"] := 48
R0["EFST_BARRIER"] := 49
R0["EFST_NOEQUIPWEAPON"] := 50
R0["EFST_NOEQUIPSHIELD"] := 51
R0["EFST_NOEQUIPARMOR"] := 52
R0["EFST_NOEQUIPHELM"] := 53
R0["EFST_PROTECTWEAPON"] := 54
R0["EFST_PROTECTSHIELD"] := 55
R0["EFST_PROTECTARMOR"] := 56
R0["EFST_PROTECTHELM"] := 57
R0["EFST_AUTOGUARD"] := 58
R0["EFST_REFLECTSHIELD"] := 59
R0["EFST_DEVOTION"] := 60
R0["EFST_PROVIDENCE"] := 61
R0["EFST_DEFENDER"] := 62
R0["EFST_MAGICROD"] := 63
R0["EFST_WEAPONPROPERTY"] := 64
R0["EFST_AUTOSPELL"] := 65
R0["EFST_SPECIALZONE"] := 66
R0["EFST_MASK"] := 67
R0["EFST_SPEARQUICKEN"] := 68
R0["EFST_BDPLAYING"] := 69
R0["EFST_WHISTLE"] := 70
R0["EFST_ASSASSINCROSS"] := 71
R0["EFST_POEMBRAGI"] := 72
R0["EFST_APPLEIDUN"] := 73
R0["EFST_HUMMING"] := 74
R0["EFST_DONTFORGETME"] := 75
R0["EFST_FORTUNEKISS"] := 76
R0["EFST_SERVICEFORYOU"] := 77
R0["EFST_RICHMANKIM"] := 78
R0["EFST_ETERNALCHAOS"] := 79
R0["EFST_DRUMBATTLEFIELD"] := 80
R0["EFST_RINGNIBELUNGEN"] := 81
R0["EFST_ROKISWEIL"] := 82
R0["EFST_INTOABYSS"] := 83
R0["EFST_SIEGFRIED"] := 84
R0["EFST_BLADESTOP"] := 85
R0["EFST_EXPLOSIONSPIRITS"] := 86
R0["EFST_STEELBODY"] := 87
R0["EFST_EXTREMITYFIST"] := 88
R0["EFST_COMBOATTACK"] := 89
R0["EFST_PROPERTYFIRE"] := 90
R0["EFST_PROPERTYWATER"] := 91
R0["EFST_PROPERTYWIND"] := 92
R0["EFST_PROPERTYGROUND"] := 93
R0["EFST_MAGICATTACK"] := 94
R0["EFST_STOP"] := 95
R0["EFST_WEAPONBRAKER"] := 96
R0["EFST_PROPERTYUNDEAD"] := 97
R0["EFST_POWERUP"] := 98
R0["EFST_AGIUP"] := 99
R0["EFST_SIEGEMODE"] := 100
R0["EFST_INVISIBLE"] := 101
R0["EFST_STATUSONE"] := 102
R0["EFST_AURABLADE"] := 103
R0["EFST_PARRYING"] := 104
R0["EFST_LKCONCENTRATION"] := 105
R0["EFST_TENSIONRELAX"] := 106
R0["EFST_BERSERK"] := 107
R0["EFST_SACRIFICE"] := 108
R0["EFST_GOSPEL"] := 109
R0["EFST_ASSUMPTIO"] := 110
R0["EFST_BASILICA"] := 111
R0["EFST_GROUNDMAGIC"] := 112
R0["EFST_MAGICPOWER"] := 113
R0["EFST_EDP"] := 114
R0["EFST_TRUESIGHT"] := 115
R0["EFST_WINDWALK"] := 116
R0["EFST_MELTDOWN"] := 117
R0["EFST_CARTBOOST"] := 118
R0["EFST_CHASEWALK"] := 119
R0["EFST_SWORDREJECT"] := 120
R0["EFST_MARIONETTE_MASTER"] := 121
R0["EFST_MARIONETTE"] := 122
R0["EFST_MOON"] := 123
R0["EFST_BLOODING"] := 124
R0["EFST_JOINTBEAT"] := 125
R0["EFST_MINDBREAKER"] := 126
R0["EFST_MEMORIZE"] := 127
R0["EFST_FOGWALL"] := 128
R0["EFST_SPIDERWEB"] := 129
R1 := 130
R0["EFST_PROTECTEXP"] := R1
R1 := "EFST_SUB_WEAPONPROPERTY"
R2 := 131
R0[R1] := R2
R1 := "EFST_AUTOBERSERK"
R2 := 132
R0[R1] := R2
R1 := "EFST_RUN"
R2 := 133
R0[R1] := R2
R1 := "EFST_TING"
R2 := 134
R0[R1] := R2
R1 := "EFST_STORMKICK_ON"
R2 := 135
R0[R1] := R2
R1 := "EFST_STORMKICK_READY"
R2 := 136
R0[R1] := R2
R1 := "EFST_DOWNKICK_ON"
R2 := 137
R0[R1] := R2
R1 := "EFST_DOWNKICK_READY"
R2 := 138
R0[R1] := R2
R1 := "EFST_TURNKICK_ON"
R2 := 139
R0[R1] := R2
R1 := "EFST_TURNKICK_READY"
R2 := 140
R0[R1] := R2
R1 := "EFST_COUNTER_ON"
R2 := 141
R0[R1] := R2
R1 := "EFST_COUNTER_READY"
R2 := 142
R0[R1] := R2
R1 := "EFST_DODGE_ON"
R2 := 143
R0[R1] := R2
R1 := "EFST_DODGE_READY"
R2 := 144
R0[R1] := R2
R1 := "EFST_STRUP"
R2 := 145
R0[R1] := R2
R1 := "EFST_PROPERTYDARK"
R2 := 146
R0[R1] := R2
R1 := "EFST_ADRENALINE2"
R2 := 147
R0[R1] := R2
R1 := "EFST_PROPERTYTELEKINESIS"
R2 := 148
R0[R1] := R2
R1 := "EFST_SOULLINK"
R2 := 149
R0[R1] := R2
R1 := "EFST_PLUSATTACKPOWER"
R2 := 150
R0[R1] := R2
R1 := "EFST_PLUSMAGICPOWER"
R2 := 151
R0[R1] := R2
R1 := "EFST_DEVIL1"
R2 := 152
R0[R1] := R2
R1 := "EFST_KAITE"
R2 := 153
R0[R1] := R2
R1 := "EFST_SWOO"
R2 := 154
R0[R1] := R2
R1 := "EFST_STAR2"
R2 := 155
R0[R1] := R2
R1 := "EFST_KAIZEL"
R2 := 156
R0[R1] := R2
R1 := "EFST_KAAHI"
R2 := 157
R0[R1] := R2
R1 := "EFST_KAUPE"
R2 := 158
R0[R1] := R2
R1 := "EFST_SMA_READY"
R2 := 159
R0[R1] := R2
R1 := "EFST_SKE"
R2 := 160
R0[R1] := R2
R1 := "EFST_ONEHANDQUICKEN"
R2 := 161
R0[R1] := R2
R1 := "EFST_FRIEND"
R2 := 162
R0[R1] := R2
R1 := "EFST_FRIENDUP"
R2 := 163
R0[R1] := R2
R1 := "EFST_SG_WARM"
R2 := 164
R0[R1] := R2
R1 := "EFST_SG_SUN_WARM"
R2 := 165
R0[R1] := R2
R1 := "EFST_SG_MOON_WARM"
R2 := 166
R0[R1] := R2
R1 := "EFST_SG_STAR_WARM"
R2 := 167
R0[R1] := R2
R1 := "EFST_EMOTION"
R2 := 168
R0[R1] := R2
R1 := "EFST_SUN_COMFORT"
R2 := 169
R0[R1] := R2
R1 := "EFST_MOON_COMFORT"
R2 := 170
R0[R1] := R2
R1 := "EFST_STAR_COMFORT"
R2 := 171
R0[R1] := R2
R1 := "EFST_EXPUP"
R2 := 172
R0[R1] := R2
R1 := "EFST_GDSKILL_BATTLEORDER"
R2 := 173
R0[R1] := R2
R1 := "EFST_GDSKILL_REGENERATION"
R2 := 174
R0[R1] := R2
R1 := "EFST_GDSKILL_POSTDELAY"
R2 := 175
R0[R1] := R2
R1 := "EFST_RESISTHANDICAP"
R2 := 176
R0[R1] := R2
R1 := "EFST_MAXHPPERCENT"
R2 := 177
R0[R1] := R2
R1 := "EFST_MAXSPPERCENT"
R2 := 178
R0[R1] := R2
R1 := "EFST_DEFENCE"
R2 := 179
R0[R1] := R2
R1 := "EFST_SLOWDOWN"
R2 := 180
R0[R1] := R2
R1 := "EFST_PRESERVE"
R2 := 181
R0[R1] := R2
R1 := "EFST_CHASEWALK2"
R2 := 182
R0[R1] := R2
R1 := "EFST_NOT_EXTREMITYFIST"
R2 := 183
R0[R1] := R2
R1 := "EFST_CLAIRVOYANCE"
R2 := 184
R0[R1] := R2
R1 := "EFST_MOVESLOW_POTION"
R2 := 185
R0[R1] := R2
R1 := "EFST_DOUBLECASTING"
R2 := 186
R0[R1] := R2
R1 := "EFST_GRAVITATION"
R2 := 187
R0[R1] := R2
R1 := "EFST_OVERTHRUSTMAX"
R2 := 188
R0[R1] := R2
R1 := "EFST_LONGING"
R2 := 189
R0[R1] := R2
R1 := "EFST_HERMODE"
R2 := 190
R0[R1] := R2
R1 := "EFST_TAROTCARD"
R2 := 191
R0[R1] := R2
R1 := "EFST_HLIF_AVOID"
R2 := 192
R0[R1] := R2
R1 := "EFST_HFLI_FLEET"
R2 := 193
R0[R1] := R2
R1 := "EFST_HFLI_SPEED"
R2 := 194
R0[R1] := R2
R1 := "EFST_HLIF_CHANGE"
R2 := 195
R0[R1] := R2
R1 := "EFST_HAMI_BLOODLUST"
R2 := 196
R0[R1] := R2
R1 := "EFST_CR_SHRINK"
R2 := 197
R0[R1] := R2
R1 := "EFST_WZ_SIGHTBLASTER"
R2 := 198
R0[R1] := R2
R1 := "EFST_DC_WINKCHARM"
R2 := 199
R0[R1] := R2
R1 := "EFST_RG_CCONFINE_M"
R2 := 200
R0[R1] := R2
R1 := "EFST_RG_CCONFINE_S"
R2 := 201
R0[R1] := R2
R1 := "EFST_DISABLEMOVE"
R2 := 202
R0[R1] := R2
R1 := "EFST_GS_MADNESSCANCEL"
R2 := 203
R0[R1] := R2
R1 := "EFST_GS_GATLINGFEVER"
R2 := 204
R0[R1] := R2
R1 := "EFST_EARTHSCROLL"
R2 := 205
R0[R1] := R2
R1 := "EFST_NJ_UTSUSEMI"
R2 := 206
R0[R1] := R2
R1 := "EFST_NJ_BUNSINJYUTSU"
R2 := 207
R0[R1] := R2
R1 := "EFST_NJ_NEN"
R2 := 208
R0[R1] := R2
R1 := "EFST_GS_ADJUSTMENT"
R2 := 209
R0[R1] := R2
R1 := "EFST_GS_ACCURACY"
R2 := 210
R0[R1] := R2
R1 := "EFST_NJ_SUITON"
R2 := 211
R0[R1] := R2
R1 := "EFST_PET"
R2 := 212
R0[R1] := R2
R1 := "EFST_MENTAL"
R2 := 213
R0[R1] := R2
R1 := "EFST_EXPMEMORY"
R2 := 214
R0[R1] := R2
R1 := "EFST_PERFORMANCE"
R2 := 215
R0[R1] := R2
R1 := "EFST_GAIN"
R2 := 216
R0[R1] := R2
R1 := "EFST_GRIFFON"
R2 := 217
R0[R1] := R2
R1 := "EFST_DRIFT"
R2 := 218
R0[R1] := R2
R1 := "EFST_WALLSHIFT"
R2 := 219
R0[R1] := R2
R1 := "EFST_REINCARNATION"
R2 := 220
R0[R1] := R2
R1 := "EFST_PATTACK"
R2 := 221
R0[R1] := R2
R1 := "EFST_PSPEED"
R2 := 222
R0[R1] := R2
R1 := "EFST_PDEFENSE"
R2 := 223
R0[R1] := R2
R1 := "EFST_PCRITICAL"
R2 := 224
R0[R1] := R2
R1 := "EFST_RANKING"
R2 := 225
R0[R1] := R2
R1 := "EFST_PTRIPLE"
R2 := 226
R0[R1] := R2
R1 := "EFST_DENERGY"
R2 := 227
R0[R1] := R2
R1 := "EFST_WAVE1"
R2 := 228
R0[R1] := R2
R1 := "EFST_WAVE2"
R2 := 229
R0[R1] := R2
R1 := "EFST_WAVE3"
R2 := 230
R0[R1] := R2
R1 := "EFST_WAVE4"
R2 := 231
R0[R1] := R2
R1 := "EFST_DAURA"
R2 := 232
R0[R1] := R2
R1 := "EFST_DFREEZER"
R2 := 233
R0[R1] := R2
R1 := "EFST_DPUNISH"
R2 := 234
R0[R1] := R2
R1 := "EFST_DBARRIER"
R2 := 235
R0[R1] := R2
R1 := "EFST_DWARNING"
R2 := 236
R0[R1] := R2
R1 := "EFST_MOUSEWHEEL"
R2 := 237
R0[R1] := R2
R1 := "EFST_DGAUGE"
R2 := 238
R0[R1] := R2
R1 := "EFST_DACCEL"
R2 := 239
R0[R1] := R2
R1 := "EFST_DBLOCK"
R2 := 240
R0[R1] := R2
R1 := "EFST_FOOD_STR"
R2 := 241
R0[R1] := R2
R1 := "EFST_FOOD_AGI"
R2 := 242
R0[R1] := R2
R1 := "EFST_FOOD_VIT"
R2 := 243
R0[R1] := R2
R1 := "EFST_FOOD_DEX"
R2 := 244
R0[R1] := R2
R1 := "EFST_FOOD_INT"
R2 := 245
R0[R1] := R2
R1 := "EFST_FOOD_LUK"
R2 := 246
R0[R1] := R2
R1 := "EFST_FOOD_BASICAVOIDANCE"
R2 := 247
R0[R1] := R2
R1 := "EFST_FOOD_BASICHIT"
R2 := 248
R0[R1] := R2
R1 := "EFST_FOOD_CRITICALSUCCESSVALUE"
R2 := 249
R0[R1] := R2
R1 := "EFST_CASH_PLUSEXP"
R2 := 250
R0[R1] := R2
R1 := "EFST_CASH_DEATHPENALTY"
R2 := 251
R0[R1] := R2
R1 := "EFST_CASH_RECEIVEITEM"
R2 := 252
R0[R1] := R2
R1 := "EFST_CASH_BOSS_ALARM"
R2 := 253
R0[R1] := R2
R1 := "EFST_DA_ENERGY"
R2 := 254
R0[R1] := R2
R1 := "EFST_DA_FIRSTSLOT"
R2 := 255
R0[R1] := R2
R1 := "EFST_DA_HEADDEF"
R2 := 256
R0[R1] := R2
R1 := "EFST_DA_SPACE"
R2 := 257
R0[R1] := R2
R1 := "EFST_DA_TRANSFORM"
R2 := 258
R0[R1] := R2
R1 := "EFST_DA_ITEMREBUILD"
R2 := 259
R0[R1] := R2
R1 := "EFST_DA_ILLUSION"
R2 := 260
R0[R1] := R2
R1 := "EFST_DA_DARKPOWER"
R2 := 261
R0[R1] := R2
R1 := "EFST_DA_EARPLUG"
R2 := 262
R0[R1] := R2
R1 := "EFST_DA_CONTRACT"
R2 := 263
R0[R1] := R2
R1 := "EFST_DA_BLACK"
R2 := 264
R0[R1] := R2
R1 := "EFST_DA_MAGICCART"
R2 := 265
R0[R1] := R2
R1 := "EFST_CRYSTAL"
R2 := 266
R0[R1] := R2
R1 := "EFST_DA_REBUILD"
R2 := 267
R0[R1] := R2
R1 := "EFST_DA_EDARKNESS"
R2 := 268
R0[R1] := R2
R1 := "EFST_DA_EGUARDIAN"
R2 := 269
R0[R1] := R2
R1 := "EFST_DA_TIMEOUT"
R2 := 270
R0[R1] := R2
R1 := "EFST_FOOD_STR_CASH"
R2 := 271
R0[R1] := R2
R1 := "EFST_FOOD_AGI_CASH"
R2 := 272
R0[R1] := R2
R1 := "EFST_FOOD_VIT_CASH"
R2 := 273
R0[R1] := R2
R1 := "EFST_FOOD_DEX_CASH"
R2 := 274
R0[R1] := R2
R1 := "EFST_FOOD_INT_CASH"
R2 := 275
R0[R1] := R2
R1 := "EFST_FOOD_LUK_CASH"
R2 := 276
R0[R1] := R2
R1 := "EFST_MER_FLEE"
R2 := 277
R0[R1] := R2
R1 := "EFST_MER_ATK"
R2 := 278
R0[R1] := R2
R1 := "EFST_MER_HP"
R2 := 279
R0[R1] := R2
R1 := "EFST_MER_SP"
R2 := 280
R0[R1] := R2
R1 := "EFST_MER_HIT"
R2 := 281
R0[R1] := R2
R1 := "EFST_SLOWCAST"
R2 := 282
R0[R1] := R2
R1 := "EFST_MAGICMIRROR"
R2 := 283
R0[R1] := R2
R1 := "EFST_STONESKIN"
R2 := 284
R0[R1] := R2
R1 := "EFST_ANTIMAGIC"
R2 := 285
R0[R1] := R2
R1 := "EFST_CRITICALWOUND"
R2 := 286
R0[R1] := R2
R1 := "EFST_NPC_DEFENDER"
R2 := 287
R0[R1] := R2
R1 := "EFST_NOACTION_WAIT"
R2 := 288
R0[R1] := R2
R1 := "EFST_MOVHASTE_HORSE"
R2 := 289
R0[R1] := R2
R1 := "EFST_PROTECT_DEF"
R2 := 290
R0[R1] := R2
R1 := "EFST_PROTECT_MDEF"
R2 := 291
R0[R1] := R2
R1 := "EFST_HEALPLUS"
R2 := 292
R0[R1] := R2
R1 := "EFST_S_LIFEPOTION"
R2 := 293
R0[R1] := R2
R1 := "EFST_L_LIFEPOTION"
R2 := 294
R0[R1] := R2
R1 := "EFST_CRITICALPERCENT"
R2 := 295
R0[R1] := R2
R1 := "EFST_PLUSAVOIDVALUE"
R2 := 296
R0[R1] := R2
R1 := "EFST_ATKER_ASPD"
R2 := 297
R0[R1] := R2
R1 := "EFST_TARGET_ASPD"
R2 := 298
R0[R1] := R2
R1 := "EFST_ATKER_MOVESPEED"
R2 := 299
R0[R1] := R2
R1 := "EFST_ATKER_BLOOD"
R2 := 300
R0[R1] := R2
R1 := "EFST_TARGET_BLOOD"
R2 := 301
R0[R1] := R2
R1 := "EFST_ARMOR_PROPERTY"
R2 := 302
R0[R1] := R2
R1 := "EFST_REUSE_LIMIT_A"
R2 := 303
R0[R1] := R2
R1 := "EFST_HELLPOWER"
R2 := 304
R0[R1] := R2
R1 := "EFST_STEAMPACK"
R2 := 305
R0[R1] := R2
R1 := "EFST_REUSE_LIMIT_B"
R2 := 306
R0[R1] := R2
R1 := "EFST_REUSE_LIMIT_C"
R2 := 307
R0[R1] := R2
R1 := "EFST_REUSE_LIMIT_D"
R2 := 308
R0[R1] := R2
R1 := "EFST_REUSE_LIMIT_E"
R2 := 309
R0[R1] := R2
R1 := "EFST_REUSE_LIMIT_F"
R2 := 310
R0[R1] := R2
R1 := "EFST_INVINCIBLE"
R2 := 311
R0[R1] := R2
R1 := "EFST_CASH_PLUSONLYJOBEXP"
R2 := 312
R0[R1] := R2
R1 := "EFST_PARTYFLEE"
R2 := 313
R0[R1] := R2
R1 := "EFST_ANGEL_PROTECT"
R2 := 314
R0[R1] := R2
R1 := "EFST_ENDURE_MDEF"
R2 := 315
R0[R1] := R2
R1 := "EFST_ENCHANTBLADE"
R2 := 316
R0[R1] := R2
R1 := "EFST_DEATHBOUND"
R2 := 317
R0[R1] := R2
R1 := "EFST_REFRESH"
R2 := 318
R0[R1] := R2
R1 := "EFST_GIANTGROWTH"
R2 := 319
R0[R1] := R2
R1 := "EFST_STONEHARDSKIN"
R2 := 320
R0[R1] := R2
R1 := "EFST_VITALITYACTIVATION"
R2 := 321
R0[R1] := R2
R1 := "EFST_FIGHTINGSPIRIT"
R2 := 322
R0[R1] := R2
R1 := "EFST_ABUNDANCE"
R2 := 323
R0[R1] := R2
R1 := "EFST_REUSE_MILLENNIUMSHIELD"
R2 := 324
R0[R1] := R2
R1 := "EFST_REUSE_CRUSHSTRIKE"
R2 := 325
R0[R1] := R2
R1 := "EFST_REUSE_REFRESH"
R2 := 326
R0[R1] := R2
R1 := "EFST_REUSE_STORMBLAST"
R2 := 327
R0[R1] := R2
R1 := "EFST_VENOMIMPRESS"
R2 := 328
R0[R1] := R2
R1 := "EFST_EPICLESIS"
R2 := 329
R0[R1] := R2
R1 := "EFST_ORATIO"
R2 := 330
R0[R1] := R2
R1 := "EFST_LAUDAAGNUS"
R2 := 331
R0[R1] := R2
R1 := "EFST_LAUDARAMUS"
R2 := 332
R0[R1] := R2
R1 := "EFST_CLOAKINGEXCEED"
R2 := 333
R0[R1] := R2
R1 := "EFST_HALLUCINATIONWALK"
R2 := 334
R0[R1] := R2
R1 := "EFST_HALLUCINATIONWALK_POSTDELAY"
R2 := 335
R0[R1] := R2
R1 := "EFST_RENOVATIO"
R2 := 336
R0[R1] := R2
R1 := "EFST_WEAPONBLOCKING"
R2 := 337
R0[R1] := R2
R1 := "EFST_WEAPONBLOCKING_POSTDELAY"
R2 := 338
R0[R1] := R2
R1 := "EFST_ROLLINGCUTTER"
R2 := 339
R0[R1] := R2
R1 := "EFST_EXPIATIO"
R2 := 340
R0[R1] := R2
R1 := "EFST_POISONINGWEAPON"
R2 := 341
R0[R1] := R2
R1 := "EFST_TOXIN"
R2 := 342
R0[R1] := R2
R1 := "EFST_PARALYSE"
R2 := 343
R0[R1] := R2
R1 := "EFST_VENOMBLEED"
R2 := 344
R0[R1] := R2
R1 := "EFST_MAGICMUSHROOM"
R2 := 345
R0[R1] := R2
R1 := "EFST_DEATHHURT"
R2 := 346
R0[R1] := R2
R1 := "EFST_PYREXIA"
R2 := 347
R0[R1] := R2
R1 := "EFST_OBLIVIONCURSE"
R2 := 348
R0[R1] := R2
R1 := "EFST_LEECHESEND"
R2 := 349
R0[R1] := R2
R1 := "EFST_DUPLELIGHT"
R2 := 350
R0[R1] := R2
R1 := "EFST_FROSTMISTY"
R2 := 351
R0[R1] := R2
R1 := "EFST_FEARBREEZE"
R2 := 352
R0[R1] := R2
R1 := "EFST_ELECTRICSHOCKER"
R2 := 353
R0[R1] := R2
R1 := "EFST_MARSHOFABYSS"
R2 := 354
R0[R1] := R2
R1 := "EFST_RECOGNIZEDSPELL"
R2 := 355
R0[R1] := R2
R1 := "EFST_STASIS"
R2 := 356
R0[R1] := R2
R1 := "EFST_WUGRIDER"
R2 := 357
R0[R1] := R2
R1 := "EFST_WUGDASH"
R2 := 358
R0[R1] := R2
R1 := "EFST_WUGBITE"
R2 := 359
R0[R1] := R2
R1 := "EFST_CAMOUFLAGE"
R2 := 360
R0[R1] := R2
R1 := "EFST_ACCELERATION"
R2 := 361
R0[R1] := R2
R1 := "EFST_HOVERING"
R2 := 362
R0[R1] := R2
R1 := "EFST_SUMMON1"
R2 := 363
R0[R1] := R2
R1 := "EFST_SUMMON2"
R2 := 364
R0[R1] := R2
R1 := "EFST_SUMMON3"
R2 := 365
R0[R1] := R2
R1 := "EFST_SUMMON4"
R2 := 366
R0[R1] := R2
R1 := "EFST_SUMMON5"
R2 := 367
R0[R1] := R2
R1 := "EFST_MVPCARD_TAOGUNKA"
R2 := 368
R0[R1] := R2
R1 := "EFST_MVPCARD_MISTRESS"
R2 := 369
R0[R1] := R2
R1 := "EFST_MVPCARD_ORCHERO"
R2 := 370
R0[R1] := R2
R1 := "EFST_MVPCARD_ORCLORD"
R2 := 371
R0[R1] := R2
R1 := "EFST_OVERHEAT_LIMITPOINT"
R2 := 372
R0[R1] := R2
R1 := "EFST_OVERHEAT"
R2 := 373
R0[R1] := R2
R1 := "EFST_SHAPESHIFT"
R2 := 374
R0[R1] := R2
R1 := "EFST_INFRAREDSCAN"
R2 := 375
R0[R1] := R2
R1 := "EFST_MAGNETICFIELD"
R2 := 376
R0[R1] := R2
R1 := "EFST_NEUTRALBARRIER"
R2 := 377
R0[R1] := R2
R1 := "EFST_NEUTRALBARRIER_MASTER"
R2 := 378
R0[R1] := R2
R1 := "EFST_STEALTHFIELD"
R2 := 379
R0[R1] := R2
R1 := "EFST_STEALTHFIELD_MASTER"
R2 := 380
R0[R1] := R2
R1 := "EFST_MANU_ATK"
R2 := 381
R0[R1] := R2
R1 := "EFST_MANU_DEF"
R2 := 382
R0[R1] := R2
R1 := "EFST_SPL_ATK"
R2 := 383
R0[R1] := R2
R1 := "EFST_SPL_DEF"
R2 := 384
R0[R1] := R2
R1 := "EFST_REPRODUCE"
R2 := 385
R0[R1] := R2
R1 := "EFST_MANU_MATK"
R2 := 386
R0[R1] := R2
R1 := "EFST_SPL_MATK"
R2 := 387
R0[R1] := R2
R1 := "EFST_STR_SCROLL"
R2 := 388
R0[R1] := R2
R1 := "EFST_INT_SCROLL"
R2 := 389
R0[R1] := R2
R1 := "EFST_LG_REFLECTDAMAGE"
R2 := 390
R0[R1] := R2
R1 := "EFST_FORCEOFVANGUARD"
R2 := 391
R0[R1] := R2
R1 := "EFST_BUCHEDENOEL"
R2 := 392
R0[R1] := R2
R1 := "EFST_AUTOSHADOWSPELL"
R2 := 393
R0[R1] := R2
R1 := "EFST_SHADOWFORM"
R2 := 394
R0[R1] := R2
R1 := "EFST_RAID"
R2 := 395
R0[R1] := R2
R1 := "EFST_SHIELDSPELL_DEF"
R2 := 396
R0[R1] := R2
R1 := "EFST_SHIELDSPELL_MDEF"
R2 := 397
R0[R1] := R2
R1 := "EFST_SHIELDSPELL_REF"
R2 := 398
R0[R1] := R2
R1 := "EFST_BODYPAINT"
R2 := 399
R0[R1] := R2
R1 := "EFST_EXEEDBREAK"
R2 := 400
R0[R1] := R2
R1 := "EFST_ADORAMUS"
R2 := 401
R0[R1] := R2
R1 := "EFST_PRESTIGE"
R2 := 402
R0[R1] := R2
R1 := "EFST_INVISIBILITY"
R2 := 403
R0[R1] := R2
R1 := "EFST_DEADLYINFECT"
R2 := 404
R0[R1] := R2
R1 := "EFST_BANDING"
R2 := 405
R0[R1] := R2
R1 := "EFST_EARTHDRIVE"
R2 := 406
R0[R1] := R2
R1 := "EFST_INSPIRATION"
R2 := 407
R0[R1] := R2
R1 := "EFST_ENERVATION"
R2 := 408
R0[R1] := R2
R1 := "EFST_GROOMY"
R2 := 409
R0[R1] := R2
R1 := "EFST_RAISINGDRAGON"
R2 := 410
R0[R1] := R2
R1 := "EFST_IGNORANCE"
R2 := 411
R0[R1] := R2
R1 := "EFST_LAZINESS"
R2 := 412
R0[R1] := R2
R1 := "EFST_LIGHTNINGWALK"
R2 := 413
R0[R1] := R2
R1 := "EFST_ACARAJE"
R2 := 414
R0[R1] := R2
R1 := "EFST_UNLUCKY"
R2 := 415
R0[R1] := R2
R1 := "EFST_CURSEDCIRCLE_ATKER"
R2 := 416
R0[R1] := R2
R1 := "EFST_CURSEDCIRCLE_TARGET"
R2 := 417
R0[R1] := R2
R1 := "EFST_WEAKNESS"
R2 := 418
R0[R1] := R2
R1 := "EFST_CRESCENTELBOW"
R2 := 419
R0[R1] := R2
R1 := "EFST_NOEQUIPACCESSARY"
R2 := 420
R0[R1] := R2
R1 := "EFST_STRIPACCESSARY"
R2 := 421
R0[R1] := R2
R1 := "EFST_MANHOLE"
R2 := 422
R0[R1] := R2
R1 := "EFST_POPECOOKIE"
R2 := 423
R0[R1] := R2
R1 := "EFST_FALLENEMPIRE"
R2 := 424
R0[R1] := R2
R1 := "EFST_GENTLETOUCH_ENERGYGAIN"
R2 := 425
R0[R1] := R2
R1 := "EFST_GENTLETOUCH_CHANGE"
R2 := 426
R0[R1] := R2
R1 := "EFST_GENTLETOUCH_REVITALIZE"
R2 := 427
R0[R1] := R2
R1 := "EFST_BLOODYLUST"
R2 := 428
R0[R1] := R2
R1 := "EFST_SWING"
R2 := 429
R0[R1] := R2
R1 := "EFST_SYMPHONY_LOVE"
R2 := 430
R0[R1] := R2
R1 := "EFST_PROPERTYWALK"
R2 := 431
R0[R1] := R2
R1 := "EFST_SPELLFIST"
R2 := 432
R0[R1] := R2
R1 := "EFST_NETHERWORLD"
R2 := 433
R0[R1] := R2
R1 := "EFST_SIREN"
R2 := 434
R0[R1] := R2
R1 := "EFST_DEEP_SLEEP"
R2 := 435
R0[R1] := R2
R1 := "EFST_SIRCLEOFNATURE"
R2 := 436
R0[R1] := R2
R1 := "EFST_COLD"
R2 := 437
R0[R1] := R2
R1 := "EFST_GLOOMYDAY"
R2 := 438
R0[R1] := R2
R1 := "EFST_SONG_OF_MANA"
R2 := 439
R0[R1] := R2
R1 := "EFST_CLOUD_KILL"
R2 := 440
R0[R1] := R2
R1 := "EFST_DANCE_WITH_WUG"
R2 := 441
R0[R1] := R2
R1 := "EFST_RUSH_WINDMILL"
R2 := 442
R0[R1] := R2
R1 := "EFST_ECHOSONG"
R2 := 443
R0[R1] := R2
R1 := "EFST_HARMONIZE"
R2 := 444
R0[R1] := R2
R1 := "EFST_STRIKING"
R2 := 445
R0[R1] := R2
R1 := "EFST_WARMER"
R2 := 446
R0[R1] := R2
R1 := "EFST_MOONLIT_SERENADE"
R2 := 447
R0[R1] := R2
R1 := "EFST_SATURDAY_NIGHT_FEVER"
R2 := 448
R0[R1] := R2
R1 := "EFST_SITDOWN_FORCE"
R2 := 449
R0[R1] := R2
R1 := "EFST_ANALYZE"
R2 := 450
R0[R1] := R2
R1 := "EFST_LERADS_DEW"
R2 := 451
R0[R1] := R2
R1 := "EFST_MELODYOFSINK"
R2 := 452
R0[R1] := R2
R1 := "EFST_BEYOND_OF_WARCRY"
R2 := 453
R0[R1] := R2
R1 := "EFST_UNLIMITED_HUMMING_VOICE"
R2 := 454
R0[R1] := R2
R1 := "EFST_SPELLBOOK1"
R2 := 455
R0[R1] := R2
R1 := "EFST_SPELLBOOK2"
R2 := 456
R0[R1] := R2
R1 := "EFST_SPELLBOOK3"
R2 := 457
R0[R1] := R2
R1 := "EFST_FREEZE_SP"
R2 := 458
R0[R1] := R2
R1 := "EFST_GN_TRAINING_SWORD"
R2 := 459
R0[R1] := R2
R1 := "EFST_GN_REMODELING_CART"
R2 := 460
R0[R1] := R2
R1 := "EFST_GN_CARTBOOST"
R2 := 461
R0[R1] := R2
R1 := "EFST_FIXEDCASTINGTM_REDUCE"
R2 := 462
R0[R1] := R2
R1 := "EFST_THORNS_TRAP"
R2 := 463
R0[R1] := R2
R1 := "EFST_BLOOD_SUCKER"
R2 := 464
R0[R1] := R2
R1 := "EFST_SPORE_EXPLOSION"
R2 := 465
R0[R1] := R2
R1 := "EFST_DEMONIC_FIRE"
R2 := 466
R0[R1] := R2
R1 := "EFST_FIRE_EXPANSION_SMOKE_POWDER"
R2 := 467
R0[R1] := R2
R1 := "EFST_FIRE_EXPANSION_TEAR_GAS"
R2 := 468
R0[R1] := R2
R1 := "EFST_BLOCKING_PLAY"
R2 := 469
R0[R1] := R2
R1 := "EFST_MANDRAGORA"
R2 := 470
R0[R1] := R2
R1 := "EFST_ACTIVATE"
R2 := 471
R0[R1] := R2
R1 := "EFST_AB_SECRAMENT"
R2 := 472
R0[R1] := R2
R1 := "EFST_ASSUMPTIO2"
R2 := 473
R0[R1] := R2
R1 := "EFST_TK_SEVENWIND"
R2 := 474
R0[R1] := R2
R1 := "EFST_LIMIT_ODINS_RECALL"
R2 := 475
R0[R1] := R2
R1 := "EFST_STOMACHACHE"
R2 := 476
R0[R1] := R2
R1 := "EFST_MYSTERIOUS_POWDER"
R2 := 477
R0[R1] := R2
R1 := "EFST_MELON_BOMB"
R2 := 478
R0[R1] := R2
R1 := "EFST_BANANA_BOMB_SITDOWN_POSTDELAY"
R2 := 479
R0[R1] := R2
R1 := "EFST_PROMOTE_HEALTH_RESERCH"
R2 := 480
R0[R1] := R2
R1 := "EFST_ENERGY_DRINK_RESERCH"
R2 := 481
R0[R1] := R2
R1 := "EFST_EXTRACT_WHITE_POTION_Z"
R2 := 482
R0[R1] := R2
R1 := "EFST_VITATA_500"
R2 := 483
R0[R1] := R2
R1 := "EFST_EXTRACT_SALAMINE_JUICE"
R2 := 484
R0[R1] := R2
R1 := "EFST_BOOST500"
R2 := 485
R0[R1] := R2
R1 := "EFST_FULL_SWING_K"
R2 := 486
R0[R1] := R2
R1 := "EFST_MANA_PLUS"
R2 := 487
R0[R1] := R2
R1 := "EFST_MUSTLE_M"
R2 := 488
R0[R1] := R2
R1 := "EFST_LIFE_FORCE_F"
R2 := 489
R0[R1] := R2
R1 := "EFST_VACUUM_EXTREME"
R2 := 490
R0[R1] := R2
R1 := "EFST_SAVAGE_STEAK"
R2 := 491
R0[R1] := R2
R1 := "EFST_COCKTAIL_WARG_BLOOD"
R2 := 492
R0[R1] := R2
R1 := "EFST_MINOR_BBQ"
R2 := 493
R0[R1] := R2
R1 := "EFST_SIROMA_ICE_TEA"
R2 := 494
R0[R1] := R2
R1 := "EFST_DROCERA_HERB_STEAMED"
R2 := 495
R0[R1] := R2
R1 := "EFST_PUTTI_TAILS_NOODLES"
R2 := 496
R0[R1] := R2
R1 := "EFST_BANANA_BOMB"
R2 := 497
R0[R1] := R2
R1 := "EFST_SUMMON_AGNI"
R2 := 498
R0[R1] := R2
R1 := "EFST_SPELLBOOK4"
R2 := 499
R0[R1] := R2
R1 := "EFST_SPELLBOOK5"
R2 := 500
R0[R1] := R2
R1 := "EFST_SPELLBOOK6"
R2 := 501
R0[R1] := R2
R1 := "EFST_SPELLBOOK7"
R2 := 502
R0[R1] := R2
R1 := "EFST_ELEMENTAL_AGGRESSIVE"
R2 := 503
R0[R1] := R2
R1 := "EFST_RETURN_TO_ELDICASTES"
R2 := 504
R0[R1] := R2
R1 := "EFST_BANDING_DEFENCE"
R2 := 505
R0[R1] := R2
R1 := "EFST_SKELSCROLL"
R2 := 506
R0[R1] := R2
R1 := "EFST_DISTRUCTIONSCROLL"
R2 := 507
R0[R1] := R2
R1 := "EFST_ROYALSCROLL"
R2 := 508
R0[R1] := R2
R1 := "EFST_IMMUNITYSCROLL"
R2 := 509
R0[R1] := R2
R1 := "EFST_MYSTICSCROLL"
R2 := 510
R0[R1] := R2
R1 := "EFST_BATTLESCROLL"
R2 := 511
R0[R1] := R2
R1 := "EFST_ARMORSCROLL"
R2 := 512
R0[R1] := R2
R1 := "EFST_FREYJASCROLL"
R2 := 513
R0[R1] := R2
R1 := "EFST_SOULSCROLL"
R2 := 514
R0[R1] := R2
R1 := "EFST_CIRCLE_OF_FIRE"
R2 := 515
R0[R1] := R2
R1 := "EFST_CIRCLE_OF_FIRE_OPTION"
R2 := 516
R0[R1] := R2
R1 := "EFST_FIRE_CLOAK"
R2 := 517
R0[R1] := R2
R1 := "EFST_FIRE_CLOAK_OPTION"
R2 := 518
R0[R1] := R2
R1 := "EFST_WATER_SCREEN"
R2 := 519
R0[R1] := R2
R1 := "EFST_WATER_SCREEN_OPTION"
R2 := 520
R0[R1] := R2
R1 := "EFST_WATER_DROP"
R2 := 521
R0[R1] := R2
R1 := "EFST_WATER_DROP_OPTION"
R2 := 522
R0[R1] := R2
R1 := "EFST_WIND_STEP"
R2 := 523
R0[R1] := R2
R1 := "EFST_WIND_STEP_OPTION"
R2 := 524
R0[R1] := R2
R1 := "EFST_WIND_CURTAIN"
R2 := 525
R0[R1] := R2
R1 := "EFST_WIND_CURTAIN_OPTION"
R2 := 526
R0[R1] := R2
R1 := "EFST_WATER_BARRIER"
R2 := 527
R0[R1] := R2
R1 := "EFST_ZEPHYR"
R2 := 528
R0[R1] := R2
R1 := "EFST_SOLID_SKIN"
R2 := 529
R0[R1] := R2
R1 := "EFST_SOLID_SKIN_OPTION"
R2 := 530
R0[R1] := R2
R1 := "EFST_STONE_SHIELD"
R2 := 531
R0[R1] := R2
R1 := "EFST_STONE_SHIELD_OPTION"
R2 := 532
R0[R1] := R2
R1 := "EFST_POWER_OF_GAIA"
R2 := 533
R0[R1] := R2
R1 := "EFST_EL_WAIT"
R2 := 534
R0[R1] := R2
R1 := "EFST_EL_PASSIVE"
R2 := 535
R0[R1] := R2
R1 := "EFST_EL_DEFENSIVE"
R2 := 536
R0[R1] := R2
R1 := "EFST_EL_OFFENSIVE"
R2 := 537
R0[R1] := R2
R1 := "EFST_EL_COST"
R2 := 538
R0[R1] := R2
R1 := "EFST_PYROTECHNIC"
R2 := 539
R0[R1] := R2
R1 := "EFST_PYROTECHNIC_OPTION"
R2 := 540
R0[R1] := R2
R1 := "EFST_HEATER"
R2 := 541
R0[R1] := R2
R1 := "EFST_HEATER_OPTION"
R2 := 542
R0[R1] := R2
R1 := "EFST_TROPIC"
R2 := 543
R0[R1] := R2
R1 := "EFST_TROPIC_OPTION"
R2 := 544
R0[R1] := R2
R1 := "EFST_AQUAPLAY"
R2 := 545
R0[R1] := R2
R1 := "EFST_AQUAPLAY_OPTION"
R2 := 546
R0[R1] := R2
R1 := "EFST_COOLER"
R2 := 547
R0[R1] := R2
R1 := "EFST_COOLER_OPTION"
R2 := 548
R0[R1] := R2
R1 := "EFST_CHILLY_AIR"
R2 := 549
R0[R1] := R2
R1 := "EFST_CHILLY_AIR_OPTION"
R2 := 550
R0[R1] := R2
R1 := "EFST_GUST"
R2 := 551
R0[R1] := R2
R1 := "EFST_GUST_OPTION"
R2 := 552
R0[R1] := R2
R1 := "EFST_BLAST"
R2 := 553
R0[R1] := R2
R1 := "EFST_BLAST_OPTION"
R2 := 554
R0[R1] := R2
R1 := "EFST_WILD_STORM"
R2 := 555
R0[R1] := R2
R1 := "EFST_WILD_STORM_OPTION"
R2 := 556
R0[R1] := R2
R1 := "EFST_PETROLOGY"
R2 := 557
R0[R1] := R2
R1 := "EFST_PETROLOGY_OPTION"
R2 := 558
R0[R1] := R2
R1 := "EFST_CURSED_SOIL"
R2 := 559
R0[R1] := R2
R1 := "EFST_CURSED_SOIL_OPTION"
R2 := 560
R0[R1] := R2
R1 := "EFST_UPHEAVAL"
R2 := 561
R0[R1] := R2
R1 := "EFST_UPHEAVAL_OPTION"
R2 := 562
R0[R1] := R2
R1 := "EFST_TIDAL_WEAPON"
R2 := 563
R0[R1] := R2
R1 := "EFST_TIDAL_WEAPON_OPTION"
R2 := 564
R0[R1] := R2
R1 := "EFST_ROCK_CRUSHER"
R2 := 565
R0[R1] := R2
R1 := "EFST_ROCK_CRUSHER_ATK"
R2 := 566
R0[R1] := R2
R1 := "EFST_FIRE_INSIGNIA"
R2 := 567
R0[R1] := R2
R1 := "EFST_WATER_INSIGNIA"
R2 := 568
R0[R1] := R2
R1 := "EFST_WIND_INSIGNIA"
R2 := 569
R0[R1] := R2
R1 := "EFST_EARTH_INSIGNIA"
R2 := 570
R0[R1] := R2
R1 := "EFST_EQUIPED_FLOOR"
R2 := 571
R0[R1] := R2
R1 := "EFST_GUARDIAN_RECALL"
R2 := 572
R0[R1] := R2
R1 := "EFST_MORA_BUFF"
R2 := 573
R0[R1] := R2
R1 := "EFST_REUSE_LIMIT_G"
R2 := 574
R0[R1] := R2
R1 := "EFST_REUSE_LIMIT_H"
R2 := 575
R0[R1] := R2
R1 := "EFST_NEEDLE_OF_PARALYZE"
R2 := 576
R0[R1] := R2
R1 := "EFST_PAIN_KILLER"
R2 := 577
R0[R1] := R2
R1 := "EFST_G_LIFEPOTION"
R2 := 578
R0[R1] := R2
R1 := "EFST_VITALIZE_POTION"
R2 := 579
R0[R1] := R2
R1 := "EFST_LIGHT_OF_REGENE"
R2 := 580
R0[R1] := R2
R1 := "EFST_OVERED_BOOST"
R2 := 581
R0[R1] := R2
R1 := "EFST_SILENT_BREEZE"
R2 := 582
R0[R1] := R2
R1 := "EFST_ODINS_POWER"
R2 := 583
R0[R1] := R2
R1 := "EFST_STYLE_CHANGE"
R2 := 584
R0[R1] := R2
R1 := "EFST_SONIC_CLAW_POSTDELAY"
R2 := 585
R0[R1] := R2
R1 := "EFST_SILVERVEIN_RUSH_POSTDELAY"
R2 := 596
R0[R1] := R2
R1 := "EFST_MIDNIGHT_FRENZY_POSTDELAY"
R2 := 597
R0[R1] := R2
R1 := "EFST_GOLDENE_FERSE"
R2 := 598
R0[R1] := R2
R1 := "EFST_ANGRIFFS_MODUS"
R2 := 599
R0[R1] := R2
R1 := "EFST_TINDER_BREAKER"
R2 := 600
R0[R1] := R2
R1 := "EFST_TINDER_BREAKER_POSTDELAY"
R2 := 601
R0[R1] := R2
R1 := "EFST_CBC"
R2 := 602
R0[R1] := R2
R1 := "EFST_CBC_POSTDELAY"
R2 := 603
R0[R1] := R2
R1 := "EFST_EQC"
R2 := 604
R0[R1] := R2
R1 := "EFST_MAGMA_FLOW"
R2 := 605
R0[R1] := R2
R1 := "EFST_GRANITIC_ARMOR"
R2 := 606
R0[R1] := R2
R1 := "EFST_PYROCLASTIC"
R2 := 607
R0[R1] := R2
R1 := "EFST_VOLCANIC_ASH"
R2 := 608
R0[R1] := R2
R1 := "EFST_SPIRITS_SAVEINFO1"
R2 := 609
R0[R1] := R2
R1 := "EFST_SPIRITS_SAVEINFO2"
R2 := 610
R0[R1] := R2
R1 := "EFST_MAGIC_CANDY"
R2 := 611
R0[R1] := R2
R1 := "EFST_MACRO"
R2 := 615
R0[R1] := R2
R1 := "EFST_MACRO_POSTDELAY"
R2 := 616
R0[R1] := R2
R1 := "EFST_BEER_BOTTLE_CAP"
R2 := 617
R0[R1] := R2
R1 := "EFST_OVERLAPEXPUP"
R2 := 618
R0[R1] := R2
R1 := "EFST_PC_IZ_DUN05"
R2 := 619
R0[R1] := R2
R1 := "__newindex"
R2 := closure(Function #0)
R0[R1] := R2
EFST_IDs := R0
R0 := setmetatable
R1 := EFST_IDs
R2 := EFST_IDs
R0(R1,R2)
return 


; Function #0:
;
; Name:            
; Defined at line: 618
; #Upvalues:       0
; #Parameters:     0
; Is_vararg:       0
; Max Stack Size:  2
;
; No locals information
; No upvalues

R0 := error
R1 := "unknown state"
R0(R1)
return 
