R0 := {}
R1 := {}
R2 := "abbey01"
R3 := "이름없는 섬 수도원 1층"
R4 := 5001
R5 := 400
R6 := 400
R1[1,2,3,4,5] := R2,R3,R4,R5,R6
R2 := {}
R3 := "abbey02"
R4 := "이름없는 섬 수도원 지하 1층"
R5 := 5001
R6 := 300
R7 := 300
R2[1,2,3,4,5] := R3,R4,R5,R6,R7
R3 := {}
R4 := "abbey03"
R5 := "이름없는 섬 수도원 지하 2층"
R6 := 5001
R7 := 240
R8 := 240
R3[1,2,3,4,5] := R4,R5,R6,R7,R8
R4 := {}
R5 := "abyss_01"
R6 := "휘겔 어비스 호수 지하 동굴 1층"
R7 := 5001
R8 := 300
R9 := 300
R4[1,2,3,4,5] := R5,R6,R7,R8,R9
R5 := {}
R6 := "abyss_02"
R7 := "휘겔 어비스 호수 지하 동굴 2층"
R8 := 5001
R9 := 300
R10 := 300
R5[1,2,3,4,5] := R6,R7,R8,R9,R10
R6 := {}
R7 := "abyss_03"
R8 := "휘겔 어비스 호수 지하 동굴 3층"
R9 := 5001
R10 := 200
R11 := 200
R6[1,2,3,4,5] := R7,R8,R9,R10,R11
R7 := {}
R8 := "airplane"
R9 := "비공정"
R10 := 5002
R11 := 300
R12 := 300
R7[1,2,3,4,5] := R8,R9,R10,R11,R12
R8 := {}
R9 := "airplane_01"
R10 := "비공정"
R11 := 5002
R12 := 300
R13 := 300
R8[1,2,3,4,5] := R9,R10,R11,R12,R13
R9 := {}
R10 := "airport"
R11 := "아인브로크 공항"
R12 := 5002
R13 := 300
R14 := 120
R9[1,2,3,4,5] := R10,R11,R12,R13,R14
R10 := {}
R11 := "alb2trea"
R12 := "침몰선 부근의 섬"
R13 := 5001
R14 := 140
R15 := 140
R10[1,2,3,4,5] := R11,R12,R13,R14,R15
R11 := {}
R12 := "alb_ship"
R13 := "알베르타 선박 내부"
R14 := 5001
R15 := 200
R16 := 200
R11[1,2,3,4,5] := R12,R13,R14,R15,R16
R12 := {}
R13 := "alberta"
R14 := "항구도시 알베르타"
R15 := 5001
R16 := 280
R17 := 280
R12[1,2,3,4,5] := R13,R14,R15,R16,R17
R13 := {}
R14 := "alberta_in"
R15 := "알베르타 내부"
R16 := 5003
R17 := 200
R18 := 200
R13[1,2,3,4,5] := R14,R15,R16,R17,R18
R14 := {}
R15 := "alde_alche"
R16 := "알케미스트 전직소"
R17 := 5001
R18 := 200
R19 := 200
R14[1,2,3,4,5] := R15,R16,R17,R18,R19
R15 := {}
R16 := "alde_dun01"
R17 := "알데바란 시계탑 지하 1층"
R18 := 5001
R19 := 320
R20 := 320
R15[1,2,3,4,5] := R16,R17,R18,R19,R20
R16 := {}
R17 := "alde_dun02"
R18 := "알데바란 시계탑 지하 2층"
R19 := 5001
R20 := 300
R21 := 300
R16[1,2,3,4,5] := R17,R18,R19,R20,R21
R17 := {}
R18 := "alde_dun03"
R19 := "알데바란 시계탑 지하 3층"
R20 := 5001
R21 := 300
R22 := 300
R17[1,2,3,4,5] := R18,R19,R20,R21,R22
R18 := {}
R19 := "alde_dun04"
R20 := "알데바란 시계탑 지하 4층"
R21 := 5001
R22 := 300
R23 := 300
R18[1,2,3,4,5] := R19,R20,R21,R22,R23
R19 := {}
R20 := "alde_gld"
R21 := "알데바란 위성도시 루이나"
R22 := 5001
R23 := 320
R24 := 320
R19[1,2,3,4,5] := R20,R21,R22,R23,R24
R20 := {}
R21 := "aldeba_in"
R22 := "알데바란 내부"
R23 := 5003
R24 := 260
R25 := 260
R20[1,2,3,4,5] := R21,R22,R23,R24,R25
R21 := {}
R22 := "aldebaran"
R23 := "국경도시 알데바란"
R24 := 5001
R25 := 280
R26 := 280
R21[1,2,3,4,5] := R22,R23,R24,R25,R26
R22 := {}
R23 := "ama_dun01"
R24 := "아마쯔 다다미 미궁"
R25 := 5001
R26 := 240
R27 := 240
R22[1,2,3,4,5] := R23,R24,R25,R26,R27
R23 := {}
R24 := "ama_dun02"
R25 := "아마쯔 지하 숲 전장"
R26 := 5001
R27 := 240
R28 := 240
R23[1,2,3,4,5] := R24,R25,R26,R27,R28
R24 := {}
R25 := "ama_dun03"
R26 := "아마쯔 지하 신사"
R27 := 5001
R28 := 240
R29 := 240
R24[1,2,3,4,5] := R25,R26,R27,R28,R29
R25 := {}
R26 := "ama_fild01"
R27 := "아마쯔 필드"
R28 := 5001
R29 := 400
R30 := 400
R25[1,2,3,4,5] := R26,R27,R28,R29,R30
R26 := {}
R27 := "ama_in01"
R28 := "아마쯔 내부"
R29 := 5003
R30 := 200
R31 := 200
R26[1,2,3,4,5] := R27,R28,R29,R30,R31
R27 := {}
R28 := "ama_in02"
R29 := "천수각 내부"
R30 := 5003
R31 := 240
R32 := 200
R27[1,2,3,4,5] := R28,R29,R30,R31,R32
R28 := {}
R29 := "ama_test"
R30 := "아마쯔 모모타로 체험소"
R31 := 5001
R32 := 100
R33 := 132
R28[1,2,3,4,5] := R29,R30,R31,R32,R33
R29 := {}
R30 := "amatsu"
R31 := "천수의 나라 아마쯔"
R32 := 5001
R33 := 316
R34 := 316
R29[1,2,3,4,5] := R30,R31,R32,R33,R34
R30 := {}
R31 := "anthell01"
R32 := "모로크 개미지옥 던전 1층"
R33 := 5001
R34 := 300
R35 := 300
R30[1,2,3,4,5] := R31,R32,R33,R34,R35
R31 := {}
R32 := "anthell02"
R33 := "모로크 개미지옥 던전 2층"
R34 := 5001
R35 := 300
R36 := 300
R31[1,2,3,4,5] := R32,R33,R34,R35,R36
R32 := {}
R33 := "arena_room"
R34 := "아레나 대기실"
R35 := 5001
R36 := 200
R37 := 200
R32[1,2,3,4,5] := R33,R34,R35,R36,R37
R33 := {}
R34 := "aru_gld"
R35 := "발프레이야"
R36 := 5001
R37 := 400
R38 := 400
R33[1,2,3,4,5] := R34,R35,R36,R37,R38
R34 := {}
R35 := "arug_dun01"
R36 := "길드 지하 던전"
R37 := 5001
R38 := 400
R39 := 400
R34[1,2,3,4,5] := R35,R36,R37,R38,R39
R35 := {}
R36 := "arug_que01"
R37 := "모어스톤의 풀밭"
R38 := 5001
R39 := 200
R40 := 200
R35[1,2,3,4,5] := R36,R37,R38,R39,R40
R36 := {}
R37 := "ayo_dun01"
R38 := "아요타야 고대 신전 미궁"
R39 := 5001
R40 := 300
R41 := 300
R36[1,2,3,4,5] := R37,R38,R39,R40,R41
R37 := {}
R38 := "ayo_dun02"
R39 := "아요타야 고대 신전 내부"
R40 := 5001
R41 := 300
R42 := 300
R37[1,2,3,4,5] := R38,R39,R40,R41,R42
R38 := {}
R39 := "ayo_fild01"
R40 := "아요타야 필드"
R41 := 5001
R42 := 360
R43 := 360
R38[1,2,3,4,5] := R39,R40,R41,R42,R43
R39 := {}
R40 := "ayo_fild02"
R41 := "아요타야 필드"
R42 := 5001
R43 := 360
R44 := 300
R39[1,2,3,4,5] := R40,R41,R42,R43,R44
R40 := {}
R41 := "ayo_in01"
R42 := "아요타야 내부"
R43 := 5003
R44 := 200
R45 := 200
R40[1,2,3,4,5] := R41,R42,R43,R44,R45
R41 := {}
R42 := "ayo_in02"
R43 := "아요타야 내부"
R44 := 5003
R45 := 200
R46 := 200
R41[1,2,3,4,5] := R42,R43,R44,R45,R46
R42 := {}
R43 := "ayothaya"
R44 := "아요타야"
R45 := 5001
R46 := 320
R47 := 320
R42[1,2,3,4,5] := R43,R44,R45,R46,R47
R43 := {}
R44 := "bat_room"
R45 := "전장 대기실"
R46 := 5001
R47 := 300
R48 := 300
R43[1,2,3,4,5] := R44,R45,R46,R47,R48
R44 := {}
R45 := "beach_dun"
R46 := "코모도 서쪽 동굴 카루"
R47 := 5001
R48 := 300
R49 := 300
R44[1,2,3,4,5] := R45,R46,R47,R48,R49
R45 := {}
R46 := "beach_dun2"
R47 := "코모도 북쪽 동굴 루안다"
R48 := 5001
R49 := 300
R50 := 300
R45[1,2,3,4,5] := R46,R47,R48,R49,R50
R46 := {}
R47 := "beach_dun3"
R48 := "코모도 동쪽 동굴 마오"
R49 := 5001
R50 := 300
R51 := 300
R46[1,2,3,4,5] := R47,R48,R49,R50,R51
R47 := {}
R48 := "bif_fild01"
R49 := "비프로스트 남부"
R50 := 5001
R51 := 400
R52 := 400
R47[1,2,3,4,5] := R48,R49,R50,R51,R52
R48 := {}
R49 := "bif_fild02"
R50 := "비프로스트 북부"
R51 := 5001
R52 := 400
R53 := 400
R48[1,2,3,4,5] := R49,R50,R51,R52,R53
R49 := {}
R50 := "bra_dun01"
R51 := "브라질리스 폭포 안의 동굴 입구"
R52 := 5001
R53 := 240
R54 := 240
R49[1,2,3,4,5] := R50,R51,R52,R53,R54
R50 := {}
R51 := "bra_dun02"
R52 := "브라질리스 폭포 안의 동굴 내부"
R53 := 5001
R54 := 300
R55 := 300
R50[1,2,3,4,5] := R51,R52,R53,R54,R55
R0[1,2,3,4,5,6,7,8,9,10,11,12,13,14,15,16,17,18,19,20,21,22,23,24,25,26,27,28,29,30,31,32,33,34,35,36,37,38,39,40,41,42,43,44,45,46,47,48,49,50] := R1,R2,R3,R4,R5,R6,R7,R8,R9,R10,R11,R12,R13,R14,R15,R16,R17,R18,R19,R20,R21,R22,R23,R24,R25,R26,R27,R28,R29,R30,R31,R32,R33,R34,R35,R36,R37,R38,R39,R40,R41,R42,R43,R44,R45,R46,R47,R48,R49,R50
R1 := {}
R2 := "bra_fild01"
R3 := "브라질리스 필드"
R4 := 5001
R5 := 400
R6 := 400
R1[1,2,3,4,5] := R2,R3,R4,R5,R6
R2 := {}
R3 := "bra_in01"
R4 := "브라질리스 내부"
R5 := 5003
R6 := 220
R7 := 200
R2[1,2,3,4,5] := R3,R4,R5,R6,R7
R3 := {}
R4 := "brasilis"
R5 := "브라질리스"
R6 := 5001
R7 := 400
R8 := 400
R3[1,2,3,4,5] := R4,R5,R6,R7,R8
R4 := {}
R5 := "c_tower1"
R6 := "알데바란 시계탑 지상 1층"
R7 := 5001
R8 := 400
R9 := 400
R4[1,2,3,4,5] := R5,R6,R7,R8,R9
R5 := {}
R6 := "c_tower2"
R7 := "알데바란 시계탑 지상 2층"
R8 := 5001
R9 := 300
R10 := 300
R5[1,2,3,4,5] := R6,R7,R8,R9,R10
R6 := {}
R7 := "c_tower3"
R8 := "알데바란 시계탑 지상 3층"
R9 := 5001
R10 := 260
R11 := 260
R6[1,2,3,4,5] := R7,R8,R9,R10,R11
R7 := {}
R8 := "c_tower4"
R9 := "알데바란 시계탑 지상 4층"
R10 := 5001
R11 := 216
R12 := 216
R7[1,2,3,4,5] := R8,R9,R10,R11,R12
R8 := {}
R9 := "cave"
R10 := "동굴마을"
R11 := 5001
R12 := 200
R13 := 200
R8[1,2,3,4,5] := R9,R10,R11,R12,R13
R9 := {}
R10 := "cmd_fild01"
R11 := "코모도 파푸치카 숲"
R12 := 5001
R13 := 400
R14 := 400
R9[1,2,3,4,5] := R10,R11,R12,R13,R14
R10 := {}
R11 := "cmd_fild02"
R12 := "코모도 코코모 해변"
R13 := 5001
R14 := 400
R15 := 400
R10[1,2,3,4,5] := R11,R12,R13,R14,R15
R11 := {}
R12 := "cmd_fild03"
R13 := "코모도 지나이 늪"
R14 := 5001
R15 := 400
R16 := 400
R11[1,2,3,4,5] := R12,R13,R14,R15,R16
R12 := {}
R13 := "cmd_fild04"
R14 := "코모도 코코모 해변"
R15 := 5001
R16 := 400
R17 := 400
R12[1,2,3,4,5] := R13,R14,R15,R16,R17
R13 := {}
R14 := "cmd_fild06"
R15 := "요새도시 산다르만 서쪽 지역"
R16 := 5001
R17 := 400
R18 := 400
R13[1,2,3,4,5] := R14,R15,R16,R17,R18
R14 := {}
R15 := "cmd_fild07"
R16 := "파로스 등대섬"
R17 := 5001
R18 := 400
R19 := 400
R14[1,2,3,4,5] := R15,R16,R17,R18,R19
R15 := {}
R16 := "cmd_fild08"
R17 := "요새도시 산다르만 동쪽 지역"
R18 := 5001
R19 := 400
R20 := 400
R15[1,2,3,4,5] := R16,R17,R18,R19,R20
R16 := {}
R17 := "cmd_fild09"
R18 := "요새도시 산다르만 남쪽 지역"
R19 := 5001
R20 := 400
R21 := 400
R16[1,2,3,4,5] := R17,R18,R19,R20,R21
R17 := {}
R18 := "cmd_in01"
R19 := "코모도 내부"
R20 := 5003
R21 := 200
R22 := 200
R17[1,2,3,4,5] := R18,R19,R20,R21,R22
R18 := {}
R19 := "cmd_in02"
R20 := "코모도 내부"
R21 := 5003
R22 := 240
R23 := 240
R18[1,2,3,4,5] := R19,R20,R21,R22,R23
R19 := {}
R20 := "comodo"
R21 := "해변도시 코모도"
R22 := 5001
R23 := 360
R24 := 380
R19[1,2,3,4,5] := R20,R21,R22,R23,R24
R20 := {}
R21 := "dew_dun01"
R22 := "크라카토 화산섬"
R23 := 5001
R24 := 360
R25 := 360
R20[1,2,3,4,5] := R21,R22,R23,R24,R25
R21 := {}
R22 := "dew_dun02"
R23 := "이스타나 동굴"
R24 := 5001
R25 := 320
R26 := 320
R21[1,2,3,4,5] := R22,R23,R24,R25,R26
R22 := {}
R23 := "dew_fild01"
R24 := "데와타 필드_자티 부족 마을"
R25 := 5001
R26 := 400
R27 := 400
R22[1,2,3,4,5] := R23,R24,R25,R26,R27
R23 := {}
R24 := "dew_in01"
R25 := "자티 부족 마을 내부"
R26 := 5003
R27 := 60
R28 := 60
R23[1,2,3,4,5] := R24,R25,R26,R27,R28
R24 := {}
R25 := "dewata"
R26 := "데와타"
R27 := 5001
R28 := 340
R29 := 340
R24[1,2,3,4,5] := R25,R26,R27,R28,R29
R25 := {}
R26 := "dic_dun01"
R27 := "카미달 터널"
R28 := 5001
R29 := 400
R30 := 256
R25[1,2,3,4,5] := R26,R27,R28,R29,R30
R26 := {}
R27 := "dic_dun02"
R28 := "스카라바 홀"
R29 := 5001
R30 := 240
R31 := 240
R26[1,2,3,4,5] := R27,R28,R29,R30,R31
R27 := {}
R28 := "dic_dun03"
R29 := "스카라바 홀"
R30 := 5001
R31 := 240
R32 := 240
R27[1,2,3,4,5] := R28,R29,R30,R31,R32
R28 := {}
R29 := "dic_fild01"
R30 := "카미달 산기슭"
R31 := 5001
R32 := 300
R33 := 300
R28[1,2,3,4,5] := R29,R30,R31,R32,R33
R29 := {}
R30 := "dic_fild02"
R31 := "카미달 산기슭"
R32 := 5001
R33 := 300
R34 := 400
R29[1,2,3,4,5] := R30,R31,R32,R33,R34
R30 := {}
R31 := "dic_in01"
R32 := "디카스테스 내부"
R33 := 5003
R34 := 400
R35 := 300
R30[1,2,3,4,5] := R31,R32,R33,R34,R35
R31 := {}
R32 := "dicastes01"
R33 := "사파 수도 엘 디카스테스"
R34 := 5001
R35 := 400
R36 := 400
R31[1,2,3,4,5] := R32,R33,R34,R35,R36
R32 := {}
R33 := "dicastes02"
R34 := "브룸벨드 요르히 숲"
R35 := 5001
R36 := 240
R37 := 360
R32[1,2,3,4,5] := R33,R34,R35,R36,R37
R33 := {}
R34 := "e_tower"
R35 := "미스티 아일랜드"
R36 := 5001
R37 := 300
R38 := 300
R33[1,2,3,4,5] := R34,R35,R36,R37,R38
R34 := {}
R35 := "ecl_fild01"
R36 := "꽃이 피어난 대지"
R37 := 5001
R38 := 320
R39 := 360
R34[1,2,3,4,5] := R35,R36,R37,R38,R39
R35 := {}
R36 := "ecl_hub01"
R37 := "에클라쥬 둘레길"
R38 := 5001
R39 := 200
R40 := 180
R35[1,2,3,4,5] := R36,R37,R38,R39,R40
R36 := {}
R37 := "ecl_in01"
R38 := "에클라쥬 내부"
R39 := 5003
R40 := 100
R41 := 120
R36[1,2,3,4,5] := R37,R38,R39,R40,R41
R37 := {}
R38 := "ecl_in02"
R39 := "에클라쥬 내부"
R40 := 5003
R41 := 200
R42 := 140
R37[1,2,3,4,5] := R38,R39,R40,R41,R42
R38 := {}
R39 := "ecl_in03"
R40 := "에클라쥬 내부"
R41 := 5003
R42 := 280
R43 := 116
R38[1,2,3,4,5] := R39,R40,R41,R42,R43
R39 := {}
R40 := "ecl_tdun01"
R41 := "비프로스트 탑 1층"
R42 := 5001
R43 := 120
R44 := 120
R39[1,2,3,4,5] := R40,R41,R42,R43,R44
R40 := {}
R41 := "ecl_tdun02"
R42 := "비프로스트 탑 2층"
R43 := 5001
R44 := 120
R45 := 100
R40[1,2,3,4,5] := R41,R42,R43,R44,R45
R41 := {}
R42 := "ecl_tdun03"
R43 := "비프로스트 탑 3층"
R44 := 5001
R45 := 100
R46 := 100
R41[1,2,3,4,5] := R42,R43,R44,R45,R46
R42 := {}
R43 := "ecl_tdun04"
R44 := "비프로스트 탑 4층"
R45 := 5001
R46 := 60
R47 := 60
R42[1,2,3,4,5] := R43,R44,R45,R46,R47
R43 := {}
R44 := "eclage"
R45 := "라피네 수도 에클라쥬"
R46 := 5001
R47 := 400
R48 := 400
R43[1,2,3,4,5] := R44,R45,R46,R47,R48
R44 := {}
R45 := "ein_dun01"
R46 := "아인베흐 광산 1층"
R47 := 5001
R48 := 300
R49 := 300
R44[1,2,3,4,5] := R45,R46,R47,R48,R49
R45 := {}
R46 := "ein_dun02"
R47 := "아인베흐 광산 2층"
R48 := 5001
R49 := 300
R50 := 300
R45[1,2,3,4,5] := R46,R47,R48,R49,R50
R46 := {}
R47 := "ein_fild01"
R48 := "아인브로크 필드"
R49 := 5001
R50 := 400
R51 := 400
R46[1,2,3,4,5] := R47,R48,R49,R50,R51
R47 := {}
R48 := "ein_fild03"
R49 := "아인브로크 필드"
R50 := 5001
R51 := 400
R52 := 400
R47[1,2,3,4,5] := R48,R49,R50,R51,R52
R48 := {}
R49 := "ein_fild04"
R50 := "아인브로크 필드"
R51 := 5001
R52 := 400
R53 := 400
R48[1,2,3,4,5] := R49,R50,R51,R52,R53
R49 := {}
R50 := "ein_fild05"
R51 := "아인브로크 필드"
R52 := 5001
R53 := 400
R54 := 400
R49[1,2,3,4,5] := R50,R51,R52,R53,R54
R50 := {}
R51 := "ein_fild06"
R52 := "아인브로크 필드"
R53 := 5001
R54 := 400
R55 := 400
R50[1,2,3,4,5] := R51,R52,R53,R54,R55
R0[51,52,53,54,55,56,57,58,59,60,61,62,63,64,65,66,67,68,69,70,71,72,73,74,75,76,77,78,79,80,81,82,83,84,85,86,87,88,89,90,91,92,93,94,95,96,97,98,99,100] := R1,R2,R3,R4,R5,R6,R7,R8,R9,R10,R11,R12,R13,R14,R15,R16,R17,R18,R19,R20,R21,R22,R23,R24,R25,R26,R27,R28,R29,R30,R31,R32,R33,R34,R35,R36,R37,R38,R39,R40,R41,R42,R43,R44,R45,R46,R47,R48,R49,R50
R1 := {}
R2 := "ein_fild07"
R3 := "아인브로크 필드"
R4 := 5001
R5 := 400
R6 := 400
R1[1,2,3,4,5] := R2,R3,R4,R5,R6
R2 := {}
R3 := "ein_fild08"
R4 := "아인브로크 필드"
R5 := 5001
R6 := 400
R7 := 400
R2[1,2,3,4,5] := R3,R4,R5,R6,R7
R3 := {}
R4 := "ein_fild09"
R5 := "아인브로크 필드"
R6 := 5001
R7 := 400
R8 := 400
R3[1,2,3,4,5] := R4,R5,R6,R7,R8
R4 := {}
R5 := "ein_in01"
R6 := "실내"
R7 := 5003
R8 := 300
R9 := 300
R4[1,2,3,4,5] := R5,R6,R7,R8,R9
R5 := {}
R6 := "einbech"
R7 := "채광마을 아인베흐"
R8 := 5001
R9 := 300
R10 := 300
R5[1,2,3,4,5] := R6,R7,R8,R9,R10
R6 := {}
R7 := "einbroch"
R8 := "강철도시 아인브로크"
R9 := 5001
R10 := 340
R11 := 380
R6[1,2,3,4,5] := R7,R8,R9,R10,R11
R7 := {}
R8 := "gef_dun00"
R9 := "게펜 지하 던전 1층"
R10 := 5001
R11 := 200
R12 := 200
R7[1,2,3,4,5] := R8,R9,R10,R11,R12
R8 := {}
R9 := "gef_dun01"
R10 := "게펜 지하 던전 2층"
R11 := 5001
R12 := 300
R13 := 300
R8[1,2,3,4,5] := R9,R10,R11,R12,R13
R9 := {}
R10 := "gef_dun02"
R11 := "게펜 지하 던전 3층"
R12 := 5001
R13 := 260
R14 := 260
R9[1,2,3,4,5] := R10,R11,R12,R13,R14
R10 := {}
R11 := "gef_dun03"
R12 := "게페니아 던전"
R13 := 5001
R14 := 240
R15 := 240
R10[1,2,3,4,5] := R11,R12,R13,R14,R15
R11 := {}
R12 := "gef_fild00"
R13 := "게펜 필드"
R14 := 5001
R15 := 400
R16 := 400
R11[1,2,3,4,5] := R12,R13,R14,R15,R16
R12 := {}
R13 := "gef_fild01"
R14 := "게펜 필드"
R15 := 5001
R16 := 400
R17 := 400
R12[1,2,3,4,5] := R13,R14,R15,R16,R17
R13 := {}
R14 := "gef_fild02"
R15 := "게펜 필드"
R16 := 5001
R17 := 400
R18 := 400
R13[1,2,3,4,5] := R14,R15,R16,R17,R18
R14 := {}
R15 := "gef_fild03"
R16 := "게펜 필드"
R17 := 5001
R18 := 400
R19 := 400
R14[1,2,3,4,5] := R15,R16,R17,R18,R19
R15 := {}
R16 := "gef_fild04"
R17 := "게펜 필드"
R18 := 5001
R19 := 380
R20 := 380
R15[1,2,3,4,5] := R16,R17,R18,R19,R20
R16 := {}
R17 := "gef_fild05"
R18 := "집시 마을"
R19 := 5001
R20 := 380
R21 := 380
R16[1,2,3,4,5] := R17,R18,R19,R20,R21
R17 := {}
R18 := "gef_fild06"
R19 := "게펜 필드"
R20 := 5001
R21 := 400
R22 := 400
R17[1,2,3,4,5] := R18,R19,R20,R21,R22
R18 := {}
R19 := "gef_fild07"
R20 := "게펜 필드"
R21 := 5001
R22 := 380
R23 := 380
R18[1,2,3,4,5] := R19,R20,R21,R22,R23
R19 := {}
R20 := "gef_fild08"
R21 := "게펜 필드"
R22 := 5001
R23 := 380
R24 := 380
R19[1,2,3,4,5] := R20,R21,R22,R23,R24
R20 := {}
R21 := "gef_fild09"
R22 := "게펜 필드"
R23 := 5001
R24 := 400
R25 := 400
R20[1,2,3,4,5] := R21,R22,R23,R24,R25
R21 := {}
R22 := "gef_fild10"
R23 := "오크 마을"
R24 := 5001
R25 := 400
R26 := 400
R21[1,2,3,4,5] := R22,R23,R24,R25,R26
R22 := {}
R23 := "gef_fild11"
R24 := "게펜 필드"
R25 := 5001
R26 := 400
R27 := 400
R22[1,2,3,4,5] := R23,R24,R25,R26,R27
R23 := {}
R24 := "gef_fild13"
R25 := "브리토리아"
R26 := 5001
R27 := 400
R28 := 400
R23[1,2,3,4,5] := R24,R25,R26,R27,R28
R24 := {}
R25 := "gef_tower"
R26 := "게펜 중앙탑"
R27 := 5001
R28 := 200
R29 := 200
R24[1,2,3,4,5] := R25,R26,R27,R28,R29
R25 := {}
R26 := "gefenia01"
R27 := "게페니아"
R28 := 5001
R29 := 300
R30 := 300
R25[1,2,3,4,5] := R26,R27,R28,R29,R30
R26 := {}
R27 := "gefenia02"
R28 := "게페니아"
R29 := 5001
R30 := 300
R31 := 300
R26[1,2,3,4,5] := R27,R28,R29,R30,R31
R27 := {}
R28 := "gefenia03"
R29 := "게페니아"
R30 := 5001
R31 := 300
R32 := 300
R27[1,2,3,4,5] := R28,R29,R30,R31,R32
R28 := {}
R29 := "gefenia04"
R30 := "게페니아"
R31 := 5001
R32 := 300
R33 := 300
R28[1,2,3,4,5] := R29,R30,R31,R32,R33
R29 := {}
R30 := "geffen"
R31 := "마법도시 게펜"
R32 := 5001
R33 := 240
R34 := 240
R29[1,2,3,4,5] := R30,R31,R32,R33,R34
R30 := {}
R31 := "geffen_in"
R32 := "게펜 내부"
R33 := 5003
R34 := 200
R35 := 200
R30[1,2,3,4,5] := R31,R32,R33,R34,R35
R31 := {}
R32 := "gl_cas01"
R33 := "글레스트헤임 성 1층"
R34 := 5001
R35 := 400
R36 := 400
R31[1,2,3,4,5] := R32,R33,R34,R35,R36
R32 := {}
R33 := "gl_cas02"
R34 := "글레스트헤임 성 2층"
R35 := 5001
R36 := 200
R37 := 200
R32[1,2,3,4,5] := R33,R34,R35,R36,R37
R33 := {}
R34 := "gl_church"
R35 := "글레스트헤임 수도원"
R36 := 5001
R37 := 312
R38 := 312
R33[1,2,3,4,5] := R34,R35,R36,R37,R38
R34 := {}
R35 := "gl_chyard"
R36 := "글레스트헤임 지하 묘지"
R37 := 5001
R38 := 300
R39 := 300
R34[1,2,3,4,5] := R35,R36,R37,R38,R39
R35 := {}
R36 := "gl_dun01"
R37 := "글레스트헤임 지하 동굴 1층"
R38 := 5001
R39 := 300
R40 := 300
R35[1,2,3,4,5] := R36,R37,R38,R39,R40
R36 := {}
R37 := "gl_dun02"
R38 := "글레스트헤임 지하 동굴 2층"
R39 := 5001
R40 := 300
R41 := 300
R36[1,2,3,4,5] := R37,R38,R39,R40,R41
R37 := {}
R38 := "gl_in01"
R39 := "글레스트헤임 실내"
R40 := 5003
R41 := 200
R42 := 200
R37[1,2,3,4,5] := R38,R39,R40,R41,R42
R38 := {}
R39 := "gl_knt01"
R40 := "글레스트헤임 기사단 1층"
R41 := 5001
R42 := 300
R43 := 300
R38[1,2,3,4,5] := R39,R40,R41,R42,R43
R39 := {}
R40 := "gl_knt02"
R41 := "글레스트헤임 기사단 2층"
R42 := 5001
R43 := 300
R44 := 300
R39[1,2,3,4,5] := R40,R41,R42,R43,R44
R40 := {}
R41 := "gl_prison"
R42 := "글레스트헤임 지하 감옥 1층"
R43 := 5001
R44 := 200
R45 := 200
R40[1,2,3,4,5] := R41,R42,R43,R44,R45
R41 := {}
R42 := "gl_prison1"
R43 := "글레스트헤임 지하 감옥 2층"
R44 := 5001
R45 := 200
R46 := 200
R41[1,2,3,4,5] := R42,R43,R44,R45,R46
R42 := {}
R43 := "gl_sew01"
R44 := "글레스트헤임 지하 수로 1층"
R45 := 5001
R46 := 280
R47 := 280
R42[1,2,3,4,5] := R43,R44,R45,R46,R47
R43 := {}
R44 := "gl_sew02"
R45 := "글레스트헤임 지하 수로 2층"
R46 := 5001
R47 := 316
R48 := 316
R43[1,2,3,4,5] := R44,R45,R46,R47,R48
R44 := {}
R45 := "gl_sew03"
R46 := "글레스트헤임 지하 수로 3층"
R47 := 5001
R48 := 340
R49 := 300
R44[1,2,3,4,5] := R45,R46,R47,R48,R49
R45 := {}
R46 := "gl_sew04"
R47 := "글레스트헤임 지하 수로 4층"
R48 := 5001
R49 := 300
R50 := 300
R45[1,2,3,4,5] := R46,R47,R48,R49,R50
R46 := {}
R47 := "gl_step"
R48 := "글레스트헤임 계단 던전"
R49 := 5001
R50 := 240
R51 := 240
R46[1,2,3,4,5] := R47,R48,R49,R50,R51
R47 := {}
R48 := "glast_01"
R49 := "글레스트헤임"
R50 := 5001
R51 := 400
R52 := 400
R47[1,2,3,4,5] := R48,R49,R50,R51,R52
R48 := {}
R49 := "gld2_ald"
R50 := "심연의 회랑 : 영웅의 눈물"
R51 := 5001
R52 := 300
R53 := 300
R48[1,2,3,4,5] := R49,R50,R51,R52,R53
R49 := {}
R50 := "gld2_gef"
R51 := "심연의 회랑 : 망자의 언덕"
R52 := 5001
R53 := 260
R54 := 240
R49[1,2,3,4,5] := R50,R51,R52,R53,R54
R50 := {}
R51 := "gld2_pay"
R52 := "심연의 회랑 : 태고의 바람"
R53 := 5001
R54 := 240
R55 := 240
R50[1,2,3,4,5] := R51,R52,R53,R54,R55
R0[101,102,103,104,105,106,107,108,109,110,111,112,113,114,115,116,117,118,119,120,121,122,123,124,125,126,127,128,129,130,131,132,133,134,135,136,137,138,139,140,141,142,143,144,145,146,147,148,149,150] := R1,R2,R3,R4,R5,R6,R7,R8,R9,R10,R11,R12,R13,R14,R15,R16,R17,R18,R19,R20,R21,R22,R23,R24,R25,R26,R27,R28,R29,R30,R31,R32,R33,R34,R35,R36,R37,R38,R39,R40,R41,R42,R43,R44,R45,R46,R47,R48,R49,R50
R1 := {}
R2 := "gld2_prt"
R3 := "심연의 회랑 : 전사의 길"
R4 := 5001
R5 := 280
R6 := 280
R1[1,2,3,4,5] := R2,R3,R4,R5,R6
R2 := {}
R3 := "gld_dun01"
R4 := "길드 지하 던전"
R5 := 5001
R6 := 240
R7 := 240
R2[1,2,3,4,5] := R3,R4,R5,R6,R7
R3 := {}
R4 := "gld_dun02"
R5 := "길드 지하 던전"
R6 := 5001
R7 := 200
R8 := 200
R3[1,2,3,4,5] := R4,R5,R6,R7,R8
R4 := {}
R5 := "gld_dun03"
R6 := "길드 지하 던전"
R7 := 5001
R8 := 300
R9 := 300
R4[1,2,3,4,5] := R5,R6,R7,R8,R9
R5 := {}
R6 := "gld_dun04"
R7 := "길드 지하 던전"
R8 := 5001
R9 := 300
R10 := 300
R5[1,2,3,4,5] := R6,R7,R8,R9,R10
R6 := {}
R7 := "gon_dun01"
R8 := "쿤룬 서왕모 신전"
R9 := 5001
R10 := 300
R11 := 300
R6[1,2,3,4,5] := R7,R8,R9,R10,R11
R7 := {}
R8 := "gon_dun02"
R9 := "쿤룬 신선의 바둑판"
R10 := 5001
R11 := 300
R12 := 300
R7[1,2,3,4,5] := R8,R9,R10,R11,R12
R8 := {}
R9 := "gon_dun03"
R10 := "쿤룬 무릉도원"
R11 := 5001
R12 := 240
R13 := 300
R8[1,2,3,4,5] := R9,R10,R11,R12,R13
R9 := {}
R10 := "gon_fild01"
R11 := "쿤룬 필드"
R12 := 5001
R13 := 400
R14 := 400
R9[1,2,3,4,5] := R10,R11,R12,R13,R14
R10 := {}
R11 := "gon_in"
R12 := "쿤룬 내부"
R13 := 5003
R14 := 200
R15 := 120
R10[1,2,3,4,5] := R11,R12,R13,R14,R15
R11 := {}
R12 := "gon_test"
R13 := "쿤룬 격투장"
R14 := 5001
R15 := 100
R16 := 120
R11[1,2,3,4,5] := R12,R13,R14,R15,R16
R12 := {}
R13 := "gonryun"
R14 := "신선의 섬 쿤룬(崑崙)"
R15 := 5001
R16 := 300
R17 := 300
R12[1,2,3,4,5] := R13,R14,R15,R16,R17
R13 := {}
R14 := "hu_fild01"
R15 := "타나토스 타워 앞"
R16 := 5001
R17 := 400
R18 := 400
R13[1,2,3,4,5] := R14,R15,R16,R17,R18
R14 := {}
R15 := "hu_fild02"
R16 := "휘겔 필드"
R17 := 5001
R18 := 400
R19 := 400
R14[1,2,3,4,5] := R15,R16,R17,R18,R19
R15 := {}
R16 := "hu_fild04"
R17 := "휘겔 필드"
R18 := 5001
R19 := 400
R20 := 400
R15[1,2,3,4,5] := R16,R17,R18,R19,R20
R16 := {}
R17 := "hu_fild05"
R18 := "휘겔 어비스 호수"
R19 := 5001
R20 := 400
R21 := 400
R16[1,2,3,4,5] := R17,R18,R19,R20,R21
R17 := {}
R18 := "hu_fild06"
R19 := "휘겔 필드"
R20 := 5001
R21 := 400
R22 := 400
R17[1,2,3,4,5] := R18,R19,R20,R21,R22
R18 := {}
R19 := "hu_in01"
R20 := "휘겔 내부"
R21 := 5003
R22 := 400
R23 := 400
R18[1,2,3,4,5] := R19,R20,R21,R22,R23
R19 := {}
R20 := "hugel"
R21 := "전원도시 휘겔"
R22 := 5001
R23 := 268
R24 := 280
R19[1,2,3,4,5] := R20,R21,R22,R23,R24
R20 := {}
R21 := "ice_dun01"
R22 := "라헬 얼음 동굴 1층"
R23 := 5001
R24 := 300
R25 := 300
R20[1,2,3,4,5] := R21,R22,R23,R24,R25
R21 := {}
R22 := "ice_dun02"
R23 := "라헬 얼음 동굴 2층"
R24 := 5001
R25 := 300
R26 := 300
R21[1,2,3,4,5] := R22,R23,R24,R25,R26
R22 := {}
R23 := "ice_dun03"
R24 := "라헬 얼음 동굴 3층"
R25 := 5001
R26 := 300
R27 := 300
R22[1,2,3,4,5] := R23,R24,R25,R26,R27
R23 := {}
R24 := "ice_dun04"
R25 := "라헬 얼음 동굴 봉인의 공간"
R26 := 5001
R27 := 200
R28 := 200
R23[1,2,3,4,5] := R24,R25,R26,R27,R28
R24 := {}
R25 := "in_hunter"
R26 := "헌터 전직소"
R27 := 5001
R28 := 200
R29 := 200
R24[1,2,3,4,5] := R25,R26,R27,R28,R29
R25 := {}
R26 := "in_moc_16"
R27 := "어새신 길드"
R28 := 5001
R29 := 200
R30 := 200
R25[1,2,3,4,5] := R26,R27,R28,R29,R30
R26 := {}
R27 := "in_orcs01"
R28 := "오크 마을 실내"
R29 := 5001
R30 := 200
R31 := 200
R26[1,2,3,4,5] := R27,R28,R29,R30,R31
R27 := {}
R28 := "in_rogue"
R29 := "로그 길드 내부"
R30 := 5001
R31 := 400
R32 := 400
R27[1,2,3,4,5] := R28,R29,R30,R31,R32
R28 := {}
R29 := "in_sphinx1"
R30 := "모로크 스핑크스 지하 1층"
R31 := 5001
R32 := 300
R33 := 300
R28[1,2,3,4,5] := R29,R30,R31,R32,R33
R29 := {}
R30 := "in_sphinx2"
R31 := "모로크 스핑크스 지하 2층"
R32 := 5001
R33 := 300
R34 := 300
R29[1,2,3,4,5] := R30,R31,R32,R33,R34
R30 := {}
R31 := "in_sphinx3"
R32 := "모로크 스핑크스 지하 3층"
R33 := 5001
R34 := 240
R35 := 240
R30[1,2,3,4,5] := R31,R32,R33,R34,R35
R31 := {}
R32 := "in_sphinx4"
R33 := "모로크 스핑크스 지하 4층"
R34 := 5001
R35 := 240
R36 := 240
R31[1,2,3,4,5] := R32,R33,R34,R35,R36
R32 := {}
R33 := "in_sphinx5"
R34 := "모로크 스핑크스 지하 5층"
R35 := 5001
R36 := 200
R37 := 200
R32[1,2,3,4,5] := R33,R34,R35,R36,R37
R33 := {}
R34 := "iz_dun00"
R35 := "이즈루드 해저동굴 던전 1층"
R36 := 5001
R37 := 400
R38 := 400
R33[1,2,3,4,5] := R34,R35,R36,R37,R38
R34 := {}
R35 := "iz_dun01"
R36 := "이즈루드 해저동굴 던전 2층"
R37 := 5001
R38 := 300
R39 := 300
R34[1,2,3,4,5] := R35,R36,R37,R38,R39
R35 := {}
R36 := "iz_dun02"
R37 := "이즈루드 해저동굴 던전 3층"
R38 := 5001
R39 := 400
R40 := 400
R35[1,2,3,4,5] := R36,R37,R38,R39,R40
R36 := {}
R37 := "iz_dun03"
R38 := "이즈루드 해저동굴 던전 4층"
R39 := 5001
R40 := 300
R41 := 300
R36[1,2,3,4,5] := R37,R38,R39,R40,R41
R37 := {}
R38 := "iz_dun04"
R39 := "이즈루드 해저동굴 던전 5층"
R40 := 5001
R41 := 280
R42 := 300
R37[1,2,3,4,5] := R38,R39,R40,R41,R42
R38 := {}
R39 := "iz_dun05"
R40 := "이즈루드 해저동굴 던전 6층"
R41 := 5001
R42 := 280
R43 := 280
R38[1,2,3,4,5] := R39,R40,R41,R42,R43
R39 := {}
R40 := "izlu2dun"
R41 := "바이아란 섬"
R42 := 5001
R43 := 216
R44 := 232
R39[1,2,3,4,5] := R40,R41,R42,R43,R44
R40 := {}
R41 := "izlude"
R42 := "위성도시 이즈루드"
R43 := 5001
R44 := 268
R45 := 268
R40[1,2,3,4,5] := R41,R42,R43,R44,R45
R41 := {}
R42 := "izlude_in"
R43 := "이즈루드 내부"
R44 := 5003
R45 := 200
R46 := 200
R41[1,2,3,4,5] := R42,R43,R44,R45,R46
R42 := {}
R43 := "jawaii"
R44 := "신혼섬 자와이"
R45 := 5001
R46 := 340
R47 := 360
R42[1,2,3,4,5] := R43,R44,R45,R46,R47
R43 := {}
R44 := "jawaii_in"
R45 := "자와이 내부"
R46 := 5003
R47 := 200
R48 := 140
R43[1,2,3,4,5] := R44,R45,R46,R47,R48
R44 := {}
R45 := "job3_gen01"
R46 := "제네릭 연구소"
R47 := 5001
R48 := 100
R49 := 100
R44[1,2,3,4,5] := R45,R46,R47,R48,R49
R45 := {}
R46 := "job3_guil01"
R47 := "비밀 주점"
R48 := 5001
R49 := 160
R50 := 100
R45[1,2,3,4,5] := R46,R47,R48,R49,R50
R46 := {}
R47 := "job3_rune01"
R48 := "룬나이트 기사단 내부"
R49 := 5001
R50 := 160
R51 := 100
R46[1,2,3,4,5] := R47,R48,R49,R50,R51
R47 := {}
R48 := "job_duncer"
R49 := "코모도 소극장"
R50 := 5001
R51 := 140
R52 := 172
R47[1,2,3,4,5] := R48,R49,R50,R51,R52
R48 := {}
R49 := "job_monk"
R50 := "성 카피톨리나 수도원"
R51 := 5001
R52 := 400
R53 := 300
R48[1,2,3,4,5] := R49,R50,R51,R52,R53
R49 := {}
R50 := "job_star"
R51 := "태양과 달과 별"
R52 := 5001
R53 := 200
R54 := 184
R49[1,2,3,4,5] := R50,R51,R52,R53,R54
R50 := {}
R51 := "jupe_area1"
R52 := "유페로스 보안 구역"
R53 := 5001
R54 := 164
R55 := 300
R50[1,2,3,4,5] := R51,R52,R53,R54,R55
R0[151,152,153,154,155,156,157,158,159,160,161,162,163,164,165,166,167,168,169,170,171,172,173,174,175,176,177,178,179,180,181,182,183,184,185,186,187,188,189,190,191,192,193,194,195,196,197,198,199,200] := R1,R2,R3,R4,R5,R6,R7,R8,R9,R10,R11,R12,R13,R14,R15,R16,R17,R18,R19,R20,R21,R22,R23,R24,R25,R26,R27,R28,R29,R30,R31,R32,R33,R34,R35,R36,R37,R38,R39,R40,R41,R42,R43,R44,R45,R46,R47,R48,R49,R50
R1 := {}
R2 := "jupe_area2"
R3 := "유페로스 보안 구역"
R4 := 5001
R5 := 164
R6 := 300
R1[1,2,3,4,5] := R2,R3,R4,R5,R6
R2 := {}
R3 := "jupe_cave"
R4 := "유페로스 동굴 입구"
R5 := 5001
R6 := 232
R7 := 100
R2[1,2,3,4,5] := R3,R4,R5,R6,R7
R3 := {}
R4 := "jupe_core"
R5 := "유페로스 중심부"
R6 := 5001
R7 := 300
R8 := 300
R3[1,2,3,4,5] := R4,R5,R6,R7,R8
R4 := {}
R5 := "jupe_core2"
R6 := "유페로스 중심부"
R7 := 5001
R8 := 300
R9 := 300
R4[1,2,3,4,5] := R5,R6,R7,R8,R9
R5 := {}
R6 := "jupe_ele"
R7 := "유페로스 엘리베이터"
R8 := 5001
R9 := 100
R10 := 124
R5[1,2,3,4,5] := R6,R7,R8,R9,R10
R6 := {}
R7 := "jupe_ele_r"
R8 := "유페로스 엘리베이터실"
R9 := 5001
R10 := 100
R11 := 160
R6[1,2,3,4,5] := R7,R8,R9,R10,R11
R7 := {}
R8 := "jupe_gate"
R9 := "유페로스 보안 구역"
R10 := 5001
R11 := 100
R12 := 200
R7[1,2,3,4,5] := R8,R9,R10,R11,R12
R8 := {}
R9 := "juperos_01"
R10 := "유페로스 폐허 외부"
R11 := 5001
R12 := 300
R13 := 300
R8[1,2,3,4,5] := R9,R10,R11,R12,R13
R9 := {}
R10 := "juperos_02"
R11 := "유페로스 폐허 내부"
R12 := 5001
R13 := 300
R14 := 300
R9[1,2,3,4,5] := R10,R11,R12,R13,R14
R10 := {}
R11 := "kh_dun01"
R12 := "기계인형공장 1층"
R13 := 5001
R14 := 240
R15 := 240
R10[1,2,3,4,5] := R11,R12,R13,R14,R15
R11 := {}
R12 := "kh_dun02"
R13 := "기계인형공장 2층"
R14 := 5001
R15 := 240
R16 := 240
R11[1,2,3,4,5] := R12,R13,R14,R15,R16
R12 := {}
R13 := "kh_kiehl01"
R14 := "키엘의 방"
R15 := 5001
R16 := 200
R17 := 200
R12[1,2,3,4,5] := R13,R14,R15,R16,R17
R13 := {}
R14 := "kh_kiehl02"
R15 := "키엘의 마지막 방"
R16 := 5001
R17 := 100
R18 := 100
R13[1,2,3,4,5] := R14,R15,R16,R17,R18
R14 := {}
R15 := "kh_mansion"
R16 := "킬 하이르 저택"
R17 := 5001
R18 := 100
R19 := 100
R14[1,2,3,4,5] := R15,R16,R17,R18,R19
R15 := {}
R16 := "kh_rossi"
R17 := "로시미에르가 저택"
R18 := 5001
R19 := 300
R20 := 300
R15[1,2,3,4,5] := R16,R17,R18,R19,R20
R16 := {}
R17 := "kh_school"
R18 := "킬 하이르 학원"
R19 := 5001
R20 := 200
R21 := 200
R16[1,2,3,4,5] := R17,R18,R19,R20,R21
R17 := {}
R18 := "kh_vila"
R19 := "킬 하이르 별장"
R20 := 5001
R21 := 200
R22 := 200
R17[1,2,3,4,5] := R18,R19,R20,R21,R22
R18 := {}
R19 := "lhz_airport"
R20 := "리히타르젠 공항"
R21 := 5002
R22 := 300
R23 := 120
R18[1,2,3,4,5] := R19,R20,R21,R22,R23
R19 := {}
R20 := "lhz_dun01"
R21 := "생체실험 연구소 지하 1층"
R22 := 5001
R23 := 300
R24 := 300
R19[1,2,3,4,5] := R20,R21,R22,R23,R24
R20 := {}
R21 := "lhz_dun02"
R22 := "생체실험 연구소 지하 2층"
R23 := 5001
R24 := 300
R25 := 300
R20[1,2,3,4,5] := R21,R22,R23,R24,R25
R21 := {}
R22 := "lhz_dun03"
R23 := "생체실험 연구소 지하 3층"
R24 := 5001
R25 := 280
R26 := 280
R21[1,2,3,4,5] := R22,R23,R24,R25,R26
R22 := {}
R23 := "lhz_dun04"
R24 := "생체실험 연구소 지하 4층"
R25 := 5001
R26 := 300
R27 := 300
R22[1,2,3,4,5] := R23,R24,R25,R26,R27
R23 := {}
R24 := "lhz_fild01"
R25 := "리히타르젠 필드"
R26 := 5001
R27 := 400
R28 := 400
R23[1,2,3,4,5] := R24,R25,R26,R27,R28
R24 := {}
R25 := "lhz_fild02"
R26 := "리히타르젠 필드(사신의 계곡)"
R27 := 5001
R28 := 400
R29 := 400
R24[1,2,3,4,5] := R25,R26,R27,R28,R29
R25 := {}
R26 := "lhz_fild03"
R27 := "리히타르젠 필드"
R28 := 5001
R29 := 400
R30 := 400
R25[1,2,3,4,5] := R26,R27,R28,R29,R30
R26 := {}
R27 := "lhz_in01"
R28 := "레켄베르 본사"
R29 := 5003
R30 := 300
R31 := 280
R26[1,2,3,4,5] := R27,R28,R29,R30,R31
R27 := {}
R28 := "lhz_in02"
R29 := "리히타르젠 내부"
R30 := 5003
R31 := 300
R32 := 300
R27[1,2,3,4,5] := R28,R29,R30,R31,R32
R28 := {}
R29 := "lhz_in03"
R30 := "리히타르젠 내부"
R31 := 5003
R32 := 280
R33 := 280
R28[1,2,3,4,5] := R29,R30,R31,R32,R33
R29 := {}
R30 := "lhz_que01"
R31 := "리히타르젠 내부"
R32 := 5001
R33 := 120
R34 := 180
R29[1,2,3,4,5] := R30,R31,R32,R33,R34
R30 := {}
R31 := "lighthalzen"
R32 := "기업도시 리히타르젠"
R33 := 5001
R34 := 400
R35 := 360
R30[1,2,3,4,5] := R31,R32,R33,R34,R35
R31 := {}
R32 := "lou_dun01"
R33 := "용지성 왕릉"
R34 := 5001
R35 := 300
R36 := 300
R31[1,2,3,4,5] := R32,R33,R34,R35,R36
R32 := {}
R33 := "lou_dun02"
R34 := "용지성 왕릉 내부"
R35 := 5001
R36 := 300
R37 := 300
R32[1,2,3,4,5] := R33,R34,R35,R36,R37
R33 := {}
R34 := "lou_dun03"
R35 := "용지성 센양궁"
R36 := 5001
R37 := 300
R38 := 300
R33[1,2,3,4,5] := R34,R35,R36,R37,R38
R34 := {}
R35 := "lou_fild01"
R36 := "용지성 필드"
R37 := 5001
R38 := 400
R39 := 400
R34[1,2,3,4,5] := R35,R36,R37,R38,R39
R35 := {}
R36 := "lou_in01"
R37 := "용지성 내부"
R38 := 5003
R39 := 200
R40 := 200
R35[1,2,3,4,5] := R36,R37,R38,R39,R40
R36 := {}
R37 := "lou_in02"
R38 := "용지성 내부"
R39 := 5003
R40 := 300
R41 := 200
R36[1,2,3,4,5] := R37,R38,R39,R40,R41
R37 := {}
R38 := "louyang"
R39 := "고도 용지성"
R40 := 5001
R41 := 360
R42 := 360
R37[1,2,3,4,5] := R38,R39,R40,R41,R42
R38 := {}
R39 := "ma_dun01"
R40 := "벙웅곳 병원 1층"
R41 := 5001
R42 := 200
R43 := 200
R38[1,2,3,4,5] := R39,R40,R41,R42,R43
R39 := {}
R40 := "ma_fild01"
R41 := "바르요 마히가와"
R42 := 5001
R43 := 400
R44 := 400
R39[1,2,3,4,5] := R40,R41,R42,R43,R44
R40 := {}
R41 := "ma_fild02"
R42 := "포레스트"
R43 := 5001
R44 := 400
R45 := 400
R40[1,2,3,4,5] := R41,R42,R43,R44,R45
R41 := {}
R42 := "ma_in01"
R43 := "말라야 내부"
R44 := 5003
R45 := 200
R46 := 200
R41[1,2,3,4,5] := R42,R43,R44,R45,R46
R42 := {}
R43 := "ma_scene01"
R44 := "버코너워 호수"
R45 := 5001
R46 := 340
R47 := 360
R42[1,2,3,4,5] := R43,R44,R45,R46,R47
R43 := {}
R44 := "ma_zif01"
R45 := "지프니 내부"
R46 := 5001
R47 := 60
R48 := 60
R43[1,2,3,4,5] := R44,R45,R46,R47,R48
R44 := {}
R45 := "ma_zif02"
R46 := "지프니 내부"
R47 := 5001
R48 := 60
R49 := 60
R44[1,2,3,4,5] := R45,R46,R47,R48,R49
R45 := {}
R46 := "ma_zif03"
R47 := "지프니 내부"
R48 := 5001
R49 := 60
R50 := 60
R45[1,2,3,4,5] := R46,R47,R48,R49,R50
R46 := {}
R47 := "ma_zif04"
R48 := "지프니 내부"
R49 := 5001
R50 := 60
R51 := 60
R46[1,2,3,4,5] := R47,R48,R49,R50,R51
R47 := {}
R48 := "ma_zif05"
R49 := "지프니 내부"
R50 := 5001
R51 := 60
R52 := 60
R47[1,2,3,4,5] := R48,R49,R50,R51,R52
R48 := {}
R49 := "ma_zif06"
R50 := "지프니 내부"
R51 := 5001
R52 := 60
R53 := 60
R48[1,2,3,4,5] := R49,R50,R51,R52,R53
R49 := {}
R50 := "ma_zif07"
R51 := "지프니 내부"
R52 := 5001
R53 := 60
R54 := 60
R49[1,2,3,4,5] := R50,R51,R52,R53,R54
R50 := {}
R51 := "ma_zif08"
R52 := "지프니 내부"
R53 := 5001
R54 := 60
R55 := 60
R50[1,2,3,4,5] := R51,R52,R53,R54,R55
R0[201,202,203,204,205,206,207,208,209,210,211,212,213,214,215,216,217,218,219,220,221,222,223,224,225,226,227,228,229,230,231,232,233,234,235,236,237,238,239,240,241,242,243,244,245,246,247,248,249,250] := R1,R2,R3,R4,R5,R6,R7,R8,R9,R10,R11,R12,R13,R14,R15,R16,R17,R18,R19,R20,R21,R22,R23,R24,R25,R26,R27,R28,R29,R30,R31,R32,R33,R34,R35,R36,R37,R38,R39,R40,R41,R42,R43,R44,R45,R46,R47,R48,R49,R50
R1 := {}
R2 := "ma_zif09"
R3 := "지프니 내부"
R4 := 5001
R5 := 60
R6 := 60
R1[1,2,3,4,5] := R2,R3,R4,R5,R6
R2 := {}
R3 := "mag_dun01"
R4 := "유노 노그로드 1층"
R5 := 5001
R6 := 260
R7 := 260
R2[1,2,3,4,5] := R3,R4,R5,R6,R7
R3 := {}
R4 := "mag_dun02"
R5 := "유노 노그로드 2층"
R6 := 5001
R7 := 260
R8 := 260
R3[1,2,3,4,5] := R4,R5,R6,R7,R8
R4 := {}
R5 := "mal_dun01"
R6 := "별빛산호지대"
R7 := 5001
R8 := 260
R9 := 260
R4[1,2,3,4,5] := R5,R6,R7,R8,R9
R5 := {}
R6 := "mal_in01"
R7 := "말랑도 내부"
R8 := 5003
R9 := 200
R10 := 240
R5[1,2,3,4,5] := R6,R7,R8,R9,R10
R6 := {}
R7 := "mal_in02"
R8 := "배 내부"
R9 := 5003
R10 := 200
R11 := 120
R6[1,2,3,4,5] := R7,R8,R9,R10,R11
R7 := {}
R8 := "malangdo"
R9 := "말랑도"
R10 := 5001
R11 := 360
R12 := 380
R7[1,2,3,4,5] := R8,R9,R10,R11,R12
R8 := {}
R9 := "malaya"
R10 := "포트 말라야"
R11 := 5001
R12 := 400
R13 := 400
R8[1,2,3,4,5] := R9,R10,R11,R12,R13
R9 := {}
R10 := "man_fild01"
R11 := "마누크 필드"
R12 := 5001
R13 := 400
R14 := 400
R9[1,2,3,4,5] := R10,R11,R12,R13,R14
R10 := {}
R11 := "man_fild02"
R12 := "마누크 필드"
R13 := 5001
R14 := 400
R15 := 400
R10[1,2,3,4,5] := R11,R12,R13,R14,R15
R11 := {}
R12 := "man_fild03"
R13 := "마누크 필드"
R14 := 5001
R15 := 400
R16 := 400
R11[1,2,3,4,5] := R12,R13,R14,R15,R16
R12 := {}
R13 := "man_in01"
R14 := "마누크 내부"
R15 := 5003
R16 := 400
R17 := 300
R12[1,2,3,4,5] := R13,R14,R15,R16,R17
R13 := {}
R14 := "manuk"
R15 := "광산마을 마누크"
R16 := 5001
R17 := 400
R18 := 400
R13[1,2,3,4,5] := R14,R15,R16,R17,R18
R14 := {}
R15 := "mid_camp"
R16 := "미드가르드 연합 주둔지"
R17 := 5001
R18 := 400
R19 := 400
R14[1,2,3,4,5] := R15,R16,R17,R18,R19
R15 := {}
R16 := "mid_campin"
R17 := "미드가르드 연합 주둔지 내부"
R18 := 5003
R19 := 400
R20 := 200
R15[1,2,3,4,5] := R16,R17,R18,R19,R20
R16 := {}
R17 := "mjo_dun01"
R18 := "묘르닐 폐광 1층"
R19 := 5001
R20 := 280
R21 := 340
R16[1,2,3,4,5] := R17,R18,R19,R20,R21
R17 := {}
R18 := "mjo_dun02"
R19 := "묘르닐 폐광 2층"
R20 := 5001
R21 := 400
R22 := 400
R17[1,2,3,4,5] := R18,R19,R20,R21,R22
R18 := {}
R19 := "mjo_dun03"
R20 := "묘르닐 폐광 3층"
R21 := 5001
R22 := 340
R23 := 280
R18[1,2,3,4,5] := R19,R20,R21,R22,R23
R19 := {}
R20 := "mjolnir_01"
R21 := "묘르닐 산맥 북쪽 지역"
R22 := 5001
R23 := 400
R24 := 400
R19[1,2,3,4,5] := R20,R21,R22,R23,R24
R20 := {}
R21 := "mjolnir_02"
R22 := "묘르닐 산맥 북쪽 지역"
R23 := 5001
R24 := 400
R25 := 400
R20[1,2,3,4,5] := R21,R22,R23,R24,R25
R21 := {}
R22 := "mjolnir_03"
R23 := "묘르닐 산맥 북쪽 지역"
R24 := 5001
R25 := 400
R26 := 400
R21[1,2,3,4,5] := R22,R23,R24,R25,R26
R22 := {}
R23 := "mjolnir_04"
R24 := "묘르닐 산맥 북쪽 지역"
R25 := 5001
R26 := 400
R27 := 400
R22[1,2,3,4,5] := R23,R24,R25,R26,R27
R23 := {}
R24 := "mjolnir_05"
R25 := "묘르닐 산맥 북쪽 지역"
R26 := 5001
R27 := 400
R28 := 400
R23[1,2,3,4,5] := R24,R25,R26,R27,R28
R24 := {}
R25 := "mjolnir_06"
R26 := "묘르닐 산맥 남쪽 지역"
R27 := 5001
R28 := 400
R29 := 400
R24[1,2,3,4,5] := R25,R26,R27,R28,R29
R25 := {}
R26 := "mjolnir_07"
R27 := "묘르닐 산맥 남쪽 지역"
R28 := 5001
R29 := 400
R30 := 400
R25[1,2,3,4,5] := R26,R27,R28,R29,R30
R26 := {}
R27 := "mjolnir_08"
R28 := "묘르닐 산맥 남쪽 지역"
R29 := 5001
R30 := 400
R31 := 400
R26[1,2,3,4,5] := R27,R28,R29,R30,R31
R27 := {}
R28 := "mjolnir_09"
R29 := "묘르닐 산맥 남쪽 산기슭"
R30 := 5001
R31 := 400
R32 := 400
R27[1,2,3,4,5] := R28,R29,R30,R31,R32
R28 := {}
R29 := "mjolnir_10"
R30 := "묘르닐 산맥 남쪽 지역"
R31 := 5001
R32 := 400
R33 := 400
R28[1,2,3,4,5] := R29,R30,R31,R32,R33
R29 := {}
R30 := "mjolnir_11"
R31 := "묘르닐 산맥 남쪽 지역"
R32 := 5001
R33 := 400
R34 := 400
R29[1,2,3,4,5] := R30,R31,R32,R33,R34
R30 := {}
R31 := "mjolnir_12"
R32 := "묘르닐 산맥 북쪽 산기슭"
R33 := 5001
R34 := 400
R35 := 400
R30[1,2,3,4,5] := R31,R32,R33,R34,R35
R31 := {}
R32 := "moc_fild01"
R33 := "소그라트 사막"
R34 := 5001
R35 := 400
R36 := 400
R31[1,2,3,4,5] := R32,R33,R34,R35,R36
R32 := {}
R33 := "moc_fild02"
R34 := "소그라트 사막"
R35 := 5001
R36 := 400
R37 := 360
R32[1,2,3,4,5] := R33,R34,R35,R36,R37
R33 := {}
R34 := "moc_fild03"
R35 := "소그라트 사막"
R36 := 5001
R37 := 320
R38 := 360
R33[1,2,3,4,5] := R34,R35,R36,R37,R38
R34 := {}
R35 := "moc_fild07"
R36 := "소그라트 사막"
R37 := 5001
R38 := 400
R39 := 400
R34[1,2,3,4,5] := R35,R36,R37,R38,R39
R35 := {}
R36 := "moc_fild11"
R37 := "소그라트 사막"
R38 := 5001
R39 := 400
R40 := 400
R35[1,2,3,4,5] := R36,R37,R38,R39,R40
R36 := {}
R37 := "moc_fild12"
R38 := "소그라트 사막"
R39 := 5001
R40 := 320
R41 := 400
R36[1,2,3,4,5] := R37,R38,R39,R40,R41
R37 := {}
R38 := "moc_fild13"
R39 := "소그라트 사막"
R40 := 5001
R41 := 340
R42 := 400
R37[1,2,3,4,5] := R38,R39,R40,R41,R42
R38 := {}
R39 := "moc_fild16"
R40 := "소그라트 사막"
R41 := 5001
R42 := 400
R43 := 400
R38[1,2,3,4,5] := R39,R40,R41,R42,R43
R39 := {}
R40 := "moc_fild17"
R41 := "소그라트 사막"
R42 := 5001
R43 := 400
R44 := 400
R39[1,2,3,4,5] := R40,R41,R42,R43,R44
R40 := {}
R41 := "moc_fild18"
R42 := "소그라트 사막"
R43 := 5001
R44 := 400
R45 := 400
R40[1,2,3,4,5] := R41,R42,R43,R44,R45
R41 := {}
R42 := "moc_fild19"
R43 := "소그라트 사막"
R44 := 5001
R45 := 200
R46 := 200
R41[1,2,3,4,5] := R42,R43,R44,R45,R46
R42 := {}
R43 := "moc_fild20"
R44 := "소그라트 사막 차원의 균열"
R45 := 5001
R46 := 400
R47 := 400
R42[1,2,3,4,5] := R43,R44,R45,R46,R47
R43 := {}
R44 := "moc_fild21"
R45 := "소그라트 사막 차원의 균열"
R46 := 5001
R47 := 400
R48 := 400
R43[1,2,3,4,5] := R44,R45,R46,R47,R48
R44 := {}
R45 := "moc_fild22"
R46 := "소그라트 사막 차원의 균열"
R47 := 5001
R48 := 400
R49 := 400
R44[1,2,3,4,5] := R45,R46,R47,R48,R49
R45 := {}
R46 := "moc_fild22b"
R47 := "소그라트 사막 차원의 균열"
R48 := 5001
R49 := 400
R50 := 400
R45[1,2,3,4,5] := R46,R47,R48,R49,R50
R46 := {}
R47 := "moc_para01"
R48 := "모로크 낙원단 내부"
R49 := 5003
R50 := 200
R51 := 200
R46[1,2,3,4,5] := R47,R48,R49,R50,R51
R47 := {}
R48 := "moc_pryd01"
R49 := "모로크 피라미드 1층"
R50 := 5001
R51 := 200
R52 := 200
R47[1,2,3,4,5] := R48,R49,R50,R51,R52
R48 := {}
R49 := "moc_pryd02"
R50 := "모로크 피라미드 2층"
R51 := 5001
R52 := 200
R53 := 200
R48[1,2,3,4,5] := R49,R50,R51,R52,R53
R49 := {}
R50 := "moc_pryd03"
R51 := "모로크 피라미드 3층"
R52 := 5001
R53 := 200
R54 := 200
R49[1,2,3,4,5] := R50,R51,R52,R53,R54
R50 := {}
R51 := "moc_pryd04"
R52 := "모로크 피라미드 4층"
R53 := 5001
R54 := 200
R55 := 200
R50[1,2,3,4,5] := R51,R52,R53,R54,R55
R0[251,252,253,254,255,256,257,258,259,260,261,262,263,264,265,266,267,268,269,270,271,272,273,274,275,276,277,278,279,280,281,282,283,284,285,286,287,288,289,290,291,292,293,294,295,296,297,298,299,300] := R1,R2,R3,R4,R5,R6,R7,R8,R9,R10,R11,R12,R13,R14,R15,R16,R17,R18,R19,R20,R21,R22,R23,R24,R25,R26,R27,R28,R29,R30,R31,R32,R33,R34,R35,R36,R37,R38,R39,R40,R41,R42,R43,R44,R45,R46,R47,R48,R49,R50
R1 := {}
R2 := "moc_pryd05"
R3 := "모로크 피라미드 지하 1층"
R4 := 5001
R5 := 232
R6 := 232
R1[1,2,3,4,5] := R2,R3,R4,R5,R6
R2 := {}
R3 := "moc_pryd06"
R4 := "모로크 피라미드 지하 2층"
R5 := 5001
R6 := 204
R7 := 204
R2[1,2,3,4,5] := R3,R4,R5,R6,R7
R3 := {}
R4 := "moc_prydb1"
R5 := "도둑 길드"
R6 := 5001
R7 := 200
R8 := 200
R3[1,2,3,4,5] := R4,R5,R6,R7,R8
R4 := {}
R5 := "moc_prydn1"
R6 := "모로크 피라미드 지하 1층 - 나이트"
R7 := 5001
R8 := 232
R9 := 232
R4[1,2,3,4,5] := R5,R6,R7,R8,R9
R5 := {}
R6 := "moc_prydn2"
R7 := "모로크 피라미드 지하 2층 - 나이트"
R8 := 5001
R9 := 204
R10 := 204
R5[1,2,3,4,5] := R6,R7,R8,R9,R10
R6 := {}
R7 := "moc_ruins"
R8 := "사막도시 모로크"
R9 := 5001
R10 := 200
R11 := 200
R6[1,2,3,4,5] := R7,R8,R9,R10,R11
R7 := {}
R8 := "monk_in"
R9 := "성 카피톨리나 수도원 내부"
R10 := 5003
R11 := 200
R12 := 200
R7[1,2,3,4,5] := R8,R9,R10,R11,R12
R8 := {}
R9 := "monk_test"
R10 := "성 카피톨리나 수도원"
R11 := 5001
R12 := 400
R13 := 400
R8[1,2,3,4,5] := R9,R10,R11,R12,R13
R9 := {}
R10 := "mora"
R11 := "라플레족 마을 모라"
R12 := 5001
R13 := 240
R14 := 240
R9[1,2,3,4,5] := R10,R11,R12,R13,R14
R10 := {}
R11 := "morocc"
R12 := "사막도시 모로크"
R13 := 5001
R14 := 320
R15 := 320
R10[1,2,3,4,5] := R11,R12,R13,R14,R15
R11 := {}
R12 := "morocc_in"
R13 := "모로크 내부"
R14 := 5003
R15 := 200
R16 := 200
R11[1,2,3,4,5] := R12,R13,R14,R15,R16
R12 := {}
R13 := "moscovia"
R14 := "모스코비아"
R15 := 5001
R16 := 400
R17 := 400
R12[1,2,3,4,5] := R13,R14,R15,R16,R17
R13 := {}
R14 := "mosk_dun01"
R15 := "모스코비아 숲"
R16 := 5001
R17 := 300
R18 := 300
R13[1,2,3,4,5] := R14,R15,R16,R17,R18
R14 := {}
R15 := "mosk_dun02"
R16 := "모스코비아 깊은 숲"
R17 := 5001
R18 := 300
R19 := 300
R14[1,2,3,4,5] := R15,R16,R17,R18,R19
R15 := {}
R16 := "mosk_dun03"
R17 := "모스코비아 깊고 깊은 숲"
R18 := 5001
R19 := 300
R20 := 300
R15[1,2,3,4,5] := R16,R17,R18,R19,R20
R16 := {}
R17 := "mosk_fild01"
R18 := "고래 섬"
R19 := 5001
R20 := 200
R21 := 200
R16[1,2,3,4,5] := R17,R18,R19,R20,R21
R17 := {}
R18 := "mosk_fild02"
R19 := "모스코비아 필드"
R20 := 5001
R21 := 300
R22 := 300
R17[1,2,3,4,5] := R18,R19,R20,R21,R22
R18 := {}
R19 := "mosk_in"
R20 := "모스코비아 내부"
R21 := 5003
R22 := 300
R23 := 300
R18[1,2,3,4,5] := R19,R20,R21,R22,R23
R19 := {}
R20 := "mosk_ship"
R21 := "배"
R22 := 5001
R23 := 200
R24 := 200
R19[1,2,3,4,5] := R20,R21,R22,R23,R24
R20 := {}
R21 := "nameless_i"
R22 := "이름없는 섬"
R23 := 5001
R24 := 340
R25 := 340
R20[1,2,3,4,5] := R21,R22,R23,R24,R25
R21 := {}
R22 := "nameless_in"
R23 := "이름없는 섬 내부"
R24 := 5003
R25 := 200
R26 := 200
R21[1,2,3,4,5] := R22,R23,R24,R25,R26
R22 := {}
R23 := "nameless_n"
R24 := "이름없는 섬"
R25 := 5001
R26 := 340
R27 := 340
R22[1,2,3,4,5] := R23,R24,R25,R26,R27
R23 := {}
R24 := "nif_fild01"
R25 := "니플헤임 외딴마을 스켈링튼"
R26 := 5001
R27 := 400
R28 := 400
R23[1,2,3,4,5] := R24,R25,R26,R27,R28
R24 := {}
R25 := "nif_fild02"
R26 := "니플헤임 굘의 골짜기"
R27 := 5001
R28 := 400
R29 := 400
R24[1,2,3,4,5] := R25,R26,R27,R28,R29
R25 := {}
R26 := "nif_in"
R27 := "니플헤임 내부"
R28 := 5003
R29 := 200
R30 := 200
R25[1,2,3,4,5] := R26,R27,R28,R29,R30
R26 := {}
R27 := "niflheim"
R28 := "죽은자의 나라 니플헤임"
R29 := 5001
R30 := 400
R31 := 300
R26[1,2,3,4,5] := R27,R28,R29,R30,R31
R27 := {}
R28 := "nyd_dun01"
R29 := "스플랑디드 난폭자의 상처 1층"
R30 := 5001
R31 := 300
R32 := 300
R27[1,2,3,4,5] := R28,R29,R30,R31,R32
R28 := {}
R29 := "nyd_dun02"
R30 := "스플랑디드 난폭자의 상처 2층"
R31 := 5001
R32 := 260
R33 := 400
R28[1,2,3,4,5] := R29,R30,R31,R32,R33
R29 := {}
R30 := "odin_tem01"
R31 := "휘겔 오딘 신전 서쪽 지역"
R32 := 5001
R33 := 400
R34 := 400
R29[1,2,3,4,5] := R30,R31,R32,R33,R34
R30 := {}
R31 := "odin_tem02"
R32 := "휘겔 오딘 신전 남쪽 지역"
R33 := 5001
R34 := 400
R35 := 400
R30[1,2,3,4,5] := R31,R32,R33,R34,R35
R31 := {}
R32 := "odin_tem03"
R33 := "휘겔 오딘 신전 북쪽 지역"
R34 := 5001
R35 := 400
R36 := 400
R31[1,2,3,4,5] := R32,R33,R34,R35,R36
R32 := {}
R33 := "orcsdun01"
R34 := "게펜 오크 지하 동굴 1층"
R35 := 5001
R36 := 200
R37 := 200
R32[1,2,3,4,5] := R33,R34,R35,R36,R37
R33 := {}
R34 := "orcsdun02"
R35 := "게펜 오크 지하 동굴 2층"
R36 := 5001
R37 := 200
R38 := 200
R33[1,2,3,4,5] := R34,R35,R36,R37,R38
R34 := {}
R35 := "ordeal_3-1"
R36 := "배틀오딜모드"
R37 := 5001
R38 := 300
R39 := 300
R34[1,2,3,4,5] := R35,R36,R37,R38,R39
R35 := {}
R36 := "ordeal_3-2"
R37 := "배틀오딜모드"
R38 := 5001
R39 := 308
R40 := 308
R35[1,2,3,4,5] := R36,R37,R38,R39,R40
R36 := {}
R37 := "ordeal_3-3"
R38 := "배틀오딜모드"
R39 := 5001
R40 := 300
R41 := 300
R36[1,2,3,4,5] := R37,R38,R39,R40,R41
R37 := {}
R38 := "ordeal_3-4"
R39 := "배틀오딜모드"
R40 := 5001
R41 := 308
R42 := 308
R37[1,2,3,4,5] := R38,R39,R40,R41,R42
R38 := {}
R39 := "p_track01"
R40 := "몬스터 레이스 경기장"
R41 := 5001
R42 := 100
R43 := 80
R38[1,2,3,4,5] := R39,R40,R41,R42,R43
R39 := {}
R40 := "p_track02"
R41 := "몬스터 레이스 경기장"
R42 := 5001
R43 := 100
R44 := 80
R39[1,2,3,4,5] := R40,R41,R42,R43,R44
R40 := {}
R41 := "pay_arche"
R42 := "페이욘 궁수마을"
R43 := 5001
R44 := 200
R45 := 200
R40[1,2,3,4,5] := R41,R42,R43,R44,R45
R41 := {}
R42 := "pay_dun00"
R43 := "페이욘 동굴 1층"
R44 := 5001
R45 := 200
R46 := 200
R41[1,2,3,4,5] := R42,R43,R44,R45,R46
R42 := {}
R43 := "pay_dun01"
R44 := "페이욘 동굴 2층"
R45 := 5001
R46 := 300
R47 := 300
R42[1,2,3,4,5] := R43,R44,R45,R46,R47
R43 := {}
R44 := "pay_dun02"
R45 := "페이욘 동굴 3층"
R46 := 5001
R47 := 300
R48 := 300
R43[1,2,3,4,5] := R44,R45,R46,R47,R48
R44 := {}
R45 := "pay_dun03"
R46 := "페이욘 동굴 4층(폐가촌)"
R47 := 5001
R48 := 300
R49 := 300
R44[1,2,3,4,5] := R45,R46,R47,R48,R49
R45 := {}
R46 := "pay_dun04"
R47 := "페이욘 동굴 5층(폐가촌)"
R48 := 5001
R49 := 240
R50 := 240
R45[1,2,3,4,5] := R46,R47,R48,R49,R50
R46 := {}
R47 := "pay_fild01"
R48 := "페이욘 숲 속"
R49 := 5001
R50 := 400
R51 := 400
R46[1,2,3,4,5] := R47,R48,R49,R50,R51
R47 := {}
R48 := "pay_fild02"
R49 := "페이욘 숲 속"
R50 := 5001
R51 := 300
R52 := 404
R47[1,2,3,4,5] := R48,R49,R50,R51,R52
R48 := {}
R49 := "pay_fild03"
R50 := "페이욘 숲 속"
R51 := 5001
R52 := 416
R53 := 300
R48[1,2,3,4,5] := R49,R50,R51,R52,R53
R49 := {}
R50 := "pay_fild04"
R51 := "소그라트 사막"
R52 := 5001
R53 := 400
R54 := 400
R49[1,2,3,4,5] := R50,R51,R52,R53,R54
R50 := {}
R51 := "pay_fild06"
R52 := "페이욘 숲 속"
R53 := 5001
R54 := 400
R55 := 400
R50[1,2,3,4,5] := R51,R52,R53,R54,R55
R0[301,302,303,304,305,306,307,308,309,310,311,312,313,314,315,316,317,318,319,320,321,322,323,324,325,326,327,328,329,330,331,332,333,334,335,336,337,338,339,340,341,342,343,344,345,346,347,348,349,350] := R1,R2,R3,R4,R5,R6,R7,R8,R9,R10,R11,R12,R13,R14,R15,R16,R17,R18,R19,R20,R21,R22,R23,R24,R25,R26,R27,R28,R29,R30,R31,R32,R33,R34,R35,R36,R37,R38,R39,R40,R41,R42,R43,R44,R45,R46,R47,R48,R49,R50
R1 := {}
R2 := "pay_fild07"
R3 := "페이욘 숲 속"
R4 := 5001
R5 := 400
R6 := 400
R1[1,2,3,4,5] := R2,R3,R4,R5,R6
R2 := {}
R3 := "pay_fild08"
R4 := "페이욘 숲 속"
R5 := 5001
R6 := 280
R7 := 400
R2[1,2,3,4,5] := R3,R4,R5,R6,R7
R3 := {}
R4 := "pay_fild09"
R5 := "페이욘 숲 속"
R6 := 5001
R7 := 400
R8 := 400
R3[1,2,3,4,5] := R4,R5,R6,R7,R8
R4 := {}
R5 := "pay_fild10"
R6 := "페이욘 숲 속"
R7 := 5001
R8 := 400
R9 := 400
R4[1,2,3,4,5] := R5,R6,R7,R8,R9
R5 := {}
R6 := "pay_gld"
R7 := "청림 호수"
R8 := 5001
R9 := 400
R10 := 400
R5[1,2,3,4,5] := R6,R7,R8,R9,R10
R6 := {}
R7 := "payon"
R8 := "산악도시 페이욘"
R9 := 5001
R10 := 300
R11 := 360
R6[1,2,3,4,5] := R7,R8,R9,R10,R11
R7 := {}
R8 := "payon_in01"
R9 := "페이욘 내부"
R10 := 5003
R11 := 200
R12 := 200
R7[1,2,3,4,5] := R8,R9,R10,R11,R12
R8 := {}
R9 := "payon_in02"
R10 := "페이욘 내부"
R11 := 5003
R12 := 100
R13 := 100
R8[1,2,3,4,5] := R9,R10,R11,R12,R13
R9 := {}
R10 := "payon_in03"
R11 := "페이욘 내부"
R12 := 5003
R13 := 200
R14 := 200
R9[1,2,3,4,5] := R10,R11,R12,R13,R14
R10 := {}
R11 := "poring_w01"
R12 := "포링대전 대기실"
R13 := 5001
R14 := 200
R15 := 200
R10[1,2,3,4,5] := R11,R12,R13,R14,R15
R11 := {}
R12 := "poring_w02"
R13 := "포링대전장"
R14 := 5001
R15 := 200
R16 := 240
R11[1,2,3,4,5] := R12,R13,R14,R15,R16
R12 := {}
R13 := "priest_1-1"
R14 := "프리스트 전직소"
R15 := 5001
R16 := 200
R17 := 200
R12[1,2,3,4,5] := R13,R14,R15,R16,R17
R13 := {}
R14 := "priest_2-1"
R15 := "프리스트 전직소"
R16 := 5001
R17 := 200
R18 := 200
R13[1,2,3,4,5] := R14,R15,R16,R17,R18
R14 := {}
R15 := "priest_3-1"
R16 := "프리스트 전직소"
R17 := 5001
R18 := 200
R19 := 200
R14[1,2,3,4,5] := R15,R16,R17,R18,R19
R15 := {}
R16 := "prontera"
R17 := "룬미드가츠 왕국 수도 프론테라"
R18 := 5001
R19 := 312
R20 := 392
R15[1,2,3,4,5] := R16,R17,R18,R19,R20
R16 := {}
R17 := "prt_are01"
R18 := "아레나"
R19 := 5001
R20 := 300
R21 := 300
R16[1,2,3,4,5] := R17,R18,R19,R20,R21
R17 := {}
R18 := "prt_are_in"
R19 := "아레나 대기실"
R20 := 5003
R21 := 200
R22 := 200
R17[1,2,3,4,5] := R18,R19,R20,R21,R22
R18 := {}
R19 := "prt_castle"
R20 := "프론테라 성 내부"
R21 := 5001
R22 := 400
R23 := 400
R18[1,2,3,4,5] := R19,R20,R21,R22,R23
R19 := {}
R20 := "prt_church"
R21 := "프론테라 성당 내부"
R22 := 5003
R23 := 200
R24 := 200
R19[1,2,3,4,5] := R20,R21,R22,R23,R24
R20 := {}
R21 := "prt_fild00"
R22 := "프론테라 필드"
R23 := 5001
R24 := 400
R25 := 400
R20[1,2,3,4,5] := R21,R22,R23,R24,R25
R21 := {}
R22 := "prt_fild01"
R23 := "프론테라 필드"
R24 := 5001
R25 := 400
R26 := 400
R21[1,2,3,4,5] := R22,R23,R24,R25,R26
R22 := {}
R23 := "prt_fild02"
R24 := "프론테라 필드"
R25 := 5001
R26 := 400
R27 := 400
R22[1,2,3,4,5] := R23,R24,R25,R26,R27
R23 := {}
R24 := "prt_fild03"
R25 := "프론테라 필드"
R26 := 5001
R27 := 400
R28 := 300
R23[1,2,3,4,5] := R24,R25,R26,R27,R28
R24 := {}
R25 := "prt_fild04"
R26 := "프론테라 필드"
R27 := 5001
R28 := 400
R29 := 400
R24[1,2,3,4,5] := R25,R26,R27,R28,R29
R25 := {}
R26 := "prt_fild05"
R27 := "프론테라 필드"
R28 := 5001
R29 := 400
R30 := 400
R25[1,2,3,4,5] := R26,R27,R28,R29,R30
R26 := {}
R27 := "prt_fild06"
R28 := "프론테라 필드"
R29 := 5001
R30 := 380
R31 := 340
R26[1,2,3,4,5] := R27,R28,R29,R30,R31
R27 := {}
R28 := "prt_fild07"
R29 := "프론테라 필드"
R30 := 5001
R31 := 400
R32 := 400
R27[1,2,3,4,5] := R28,R29,R30,R31,R32
R28 := {}
R29 := "prt_fild08"
R30 := "프론테라 필드"
R31 := 5001
R32 := 400
R33 := 400
R28[1,2,3,4,5] := R29,R30,R31,R32,R33
R29 := {}
R30 := "prt_fild09"
R31 := "프론테라 필드"
R32 := 5001
R33 := 400
R34 := 400
R29[1,2,3,4,5] := R30,R31,R32,R33,R34
R30 := {}
R31 := "prt_fild10"
R32 := "프론테라 필드"
R33 := 5001
R34 := 360
R35 := 320
R30[1,2,3,4,5] := R31,R32,R33,R34,R35
R31 := {}
R32 := "prt_fild11"
R33 := "프론테라 필드"
R34 := 5001
R35 := 380
R36 := 320
R31[1,2,3,4,5] := R32,R33,R34,R35,R36
R32 := {}
R33 := "prt_gld"
R34 := "발키리 렐름"
R35 := 5001
R36 := 320
R37 := 320
R32[1,2,3,4,5] := R33,R34,R35,R36,R37
R33 := {}
R34 := "prt_in"
R35 := "프론테라 내부"
R36 := 5003
R37 := 300
R38 := 200
R33[1,2,3,4,5] := R34,R35,R36,R37,R38
R34 := {}
R35 := "prt_maze01"
R36 := "프론테라 미궁 숲 1층"
R37 := 5001
R38 := 200
R39 := 200
R34[1,2,3,4,5] := R35,R36,R37,R38,R39
R35 := {}
R36 := "prt_maze02"
R37 := "프론테라 미궁 숲 2층"
R38 := 5001
R39 := 200
R40 := 200
R35[1,2,3,4,5] := R36,R37,R38,R39,R40
R36 := {}
R37 := "prt_maze03"
R38 := "프론테라 미궁 숲 3층"
R39 := 5001
R40 := 200
R41 := 200
R36[1,2,3,4,5] := R37,R38,R39,R40,R41
R37 := {}
R38 := "prt_monk"
R39 := "성 카피톨리나 수도원"
R40 := 5001
R41 := 400
R42 := 300
R37[1,2,3,4,5] := R38,R39,R40,R41,R42
R38 := {}
R39 := "prt_sewb1"
R40 := "프론테라 지하 수로 1층"
R41 := 5001
R42 := 320
R43 := 320
R38[1,2,3,4,5] := R39,R40,R41,R42,R43
R39 := {}
R40 := "prt_sewb2"
R41 := "프론테라 지하 수로 2층"
R42 := 5001
R43 := 200
R44 := 200
R39[1,2,3,4,5] := R40,R41,R42,R43,R44
R40 := {}
R41 := "prt_sewb3"
R42 := "프론테라 지하 수로 3층"
R43 := 5001
R44 := 200
R45 := 200
R40[1,2,3,4,5] := R41,R42,R43,R44,R45
R41 := {}
R42 := "prt_sewb4"
R43 := "프론테라 지하 수로 4층"
R44 := 5001
R45 := 200
R46 := 200
R41[1,2,3,4,5] := R42,R43,R44,R45,R46
R42 := {}
R43 := "que_bingo"
R44 := "빙고 경기장"
R45 := 5001
R46 := 100
R47 := 200
R42[1,2,3,4,5] := R43,R44,R45,R46,R47
R43 := {}
R44 := "que_dan02"
R45 := "유노의 버려진 집 내부"
R46 := 5001
R47 := 120
R48 := 60
R43[1,2,3,4,5] := R44,R45,R46,R47,R48
R44 := {}
R45 := "que_god01"
R46 := "퀘스트맵"
R47 := 5001
R48 := 300
R49 := 140
R44[1,2,3,4,5] := R45,R46,R47,R48,R49
R45 := {}
R46 := "que_god02"
R47 := "퀘스트맵"
R48 := 5001
R49 := 200
R50 := 140
R45[1,2,3,4,5] := R46,R47,R48,R49,R50
R46 := {}
R47 := "que_house_s"
R48 := "이상한 집"
R49 := 5001
R50 := 96
R51 := 60
R46[1,2,3,4,5] := R47,R48,R49,R50,R51
R47 := {}
R48 := "que_hugel"
R49 := "오딘 신전 지하"
R50 := 5001
R51 := 200
R52 := 200
R47[1,2,3,4,5] := R48,R49,R50,R51,R52
R48 := {}
R49 := "que_job01"
R50 := "비밀주점"
R51 := 5001
R52 := 160
R53 := 100
R48[1,2,3,4,5] := R49,R50,R51,R52,R53
R49 := {}
R50 := "que_lhz"
R51 := "생체실험 연구소 지하 4층"
R52 := 5001
R53 := 300
R54 := 300
R49[1,2,3,4,5] := R50,R51,R52,R53,R54
R50 := {}
R51 := "que_qsch01"
R52 := "허상의 오콜니르"
R53 := 5001
R54 := 400
R55 := 400
R50[1,2,3,4,5] := R51,R52,R53,R54,R55
R0[351,352,353,354,355,356,357,358,359,360,361,362,363,364,365,366,367,368,369,370,371,372,373,374,375,376,377,378,379,380,381,382,383,384,385,386,387,388,389,390,391,392,393,394,395,396,397,398,399,400] := R1,R2,R3,R4,R5,R6,R7,R8,R9,R10,R11,R12,R13,R14,R15,R16,R17,R18,R19,R20,R21,R22,R23,R24,R25,R26,R27,R28,R29,R30,R31,R32,R33,R34,R35,R36,R37,R38,R39,R40,R41,R42,R43,R44,R45,R46,R47,R48,R49,R50
R1 := {}
R2 := "que_rachel"
R3 := "신전 내부"
R4 := 5001
R5 := 340
R6 := 340
R1[1,2,3,4,5] := R2,R3,R4,R5,R6
R2 := {}
R3 := "que_thor"
R4 := "베인스 토르 화산 던전"
R5 := 5001
R6 := 200
R7 := 100
R2[1,2,3,4,5] := R3,R4,R5,R6,R7
R3 := {}
R4 := "ra_fild01"
R5 := "라헬 아우둠라 초원"
R6 := 5001
R7 := 400
R8 := 400
R3[1,2,3,4,5] := R4,R5,R6,R7,R8
R4 := {}
R5 := "ra_fild03"
R6 := "라헬 이다 평원"
R7 := 5001
R8 := 400
R9 := 400
R4[1,2,3,4,5] := R5,R6,R7,R8,R9
R5 := {}
R6 := "ra_fild04"
R7 := "라헬 아우둠라 초원"
R8 := 5001
R9 := 400
R10 := 400
R5[1,2,3,4,5] := R6,R7,R8,R9,R10
R6 := {}
R7 := "ra_fild05"
R8 := "라헬 아우둠라 초원"
R9 := 5001
R10 := 400
R11 := 400
R6[1,2,3,4,5] := R7,R8,R9,R10,R11
R7 := {}
R8 := "ra_fild06"
R9 := "포르투 루나"
R10 := 5001
R11 := 400
R12 := 400
R7[1,2,3,4,5] := R8,R9,R10,R11,R12
R8 := {}
R9 := "ra_fild08"
R10 := "라헬 이다 평원"
R11 := 5001
R12 := 400
R13 := 400
R8[1,2,3,4,5] := R9,R10,R11,R12,R13
R9 := {}
R10 := "ra_fild12"
R11 := "라헬 이다 평원"
R12 := 5001
R13 := 400
R14 := 400
R9[1,2,3,4,5] := R10,R11,R12,R13,R14
R10 := {}
R11 := "ra_in01"
R12 := "라헬 내부"
R13 := 5003
R14 := 400
R15 := 400
R10[1,2,3,4,5] := R11,R12,R13,R14,R15
R11 := {}
R12 := "ra_san01"
R13 := "라헬 신전 성역 1층 북쪽 구역"
R14 := 5001
R15 := 280
R16 := 280
R11[1,2,3,4,5] := R12,R13,R14,R15,R16
R12 := {}
R13 := "ra_san02"
R14 := "라헬 신전 성역 1층 서쪽 구역"
R15 := 5001
R16 := 300
R17 := 300
R12[1,2,3,4,5] := R13,R14,R15,R16,R17
R13 := {}
R14 := "ra_san03"
R15 := "라헬 신전 성역 1층 동쪽 구역"
R16 := 5001
R17 := 300
R18 := 300
R13[1,2,3,4,5] := R14,R15,R16,R17,R18
R14 := {}
R15 := "ra_san04"
R16 := "라헬 신전 성역 1층 남쪽 구역"
R17 := 5001
R18 := 240
R19 := 240
R14[1,2,3,4,5] := R15,R16,R17,R18,R19
R15 := {}
R16 := "ra_san05"
R17 := "라헬 신전 성역 2층 중앙 구역"
R18 := 5001
R19 := 300
R20 := 300
R15[1,2,3,4,5] := R16,R17,R18,R19,R20
R16 := {}
R17 := "ra_temin"
R18 := "신전 내부"
R19 := 5001
R20 := 340
R21 := 340
R16[1,2,3,4,5] := R17,R18,R19,R20,R21
R17 := {}
R18 := "ra_temple"
R19 := "프레이야 대신전(세스룸니르)"
R20 := 5001
R21 := 240
R22 := 240
R17[1,2,3,4,5] := R18,R19,R20,R21,R22
R18 := {}
R19 := "ra_temsky"
R20 := "교황 집무실(하늘 정원)"
R21 := 5001
R22 := 200
R23 := 200
R18[1,2,3,4,5] := R19,R20,R21,R22,R23
R19 := {}
R20 := "rachel"
R21 := "아루나펠츠 교국 수도 라헬"
R22 := 5001
R23 := 300
R24 := 300
R19[1,2,3,4,5] := R20,R21,R22,R23,R24
R20 := {}
R21 := "sch_gld"
R22 := "니다뵐"
R23 := 5001
R24 := 400
R25 := 400
R20[1,2,3,4,5] := R21,R22,R23,R24,R25
R21 := {}
R22 := "schg_dun01"
R23 := "길드 지하 던전"
R24 := 5001
R25 := 400
R26 := 400
R21[1,2,3,4,5] := R22,R23,R24,R25,R26
R22 := {}
R23 := "spl_fild01"
R24 := "스플랑디드 필드"
R25 := 5001
R26 := 400
R27 := 400
R22[1,2,3,4,5] := R23,R24,R25,R26,R27
R23 := {}
R24 := "spl_fild02"
R25 := "스플랑디드 필드"
R26 := 5001
R27 := 400
R28 := 400
R23[1,2,3,4,5] := R24,R25,R26,R27,R28
R24 := {}
R25 := "spl_fild03"
R26 := "스플랑디드 필드"
R27 := 5001
R28 := 400
R29 := 400
R24[1,2,3,4,5] := R25,R26,R27,R28,R29
R25 := {}
R26 := "spl_in01"
R27 := "스플랑디드 야전사령부 내부"
R28 := 5003
R29 := 400
R30 := 400
R25[1,2,3,4,5] := R26,R27,R28,R29,R30
R26 := {}
R27 := "spl_in02"
R28 := "스플랑디드 내부"
R29 := 5003
R30 := 300
R31 := 300
R26[1,2,3,4,5] := R27,R28,R29,R30,R31
R27 := {}
R28 := "splendide"
R29 := "라피네 전진기지 스플랑디드"
R30 := 5001
R31 := 400
R32 := 400
R27[1,2,3,4,5] := R28,R29,R30,R31,R32
R28 := {}
R29 := "tha_t01"
R30 := "타나토스 타워 하층부 박물관 입구"
R31 := 5001
R32 := 300
R33 := 300
R28[1,2,3,4,5] := R29,R30,R31,R32,R33
R29 := {}
R30 := "tha_t02"
R31 := "타나토스 타워 하층부 박물관"
R32 := 5001
R33 := 300
R34 := 300
R29[1,2,3,4,5] := R30,R31,R32,R33,R34
R30 := {}
R31 := "tha_t03"
R32 := "타나토스 타워 하층부 버려진 공간"
R33 := 5001
R34 := 280
R35 := 280
R30[1,2,3,4,5] := R31,R32,R33,R34,R35
R31 := {}
R32 := "tha_t04"
R33 := "타나토스 타워 하층부 버려진 공간"
R34 := 5001
R35 := 280
R36 := 280
R31[1,2,3,4,5] := R32,R33,R34,R35,R36
R32 := {}
R33 := "tha_t05"
R34 := "타나토스 타워 상층부"
R35 := 5001
R36 := 240
R37 := 240
R32[1,2,3,4,5] := R33,R34,R35,R36,R37
R33 := {}
R34 := "tha_t06"
R35 := "타나토스 타워 상층부"
R36 := 5001
R37 := 240
R38 := 240
R33[1,2,3,4,5] := R34,R35,R36,R37,R38
R34 := {}
R35 := "tha_t07"
R36 := "타나토스 타워 상층부 천사의 방"
R37 := 5001
R38 := 140
R39 := 200
R34[1,2,3,4,5] := R35,R36,R37,R38,R39
R35 := {}
R36 := "tha_t08"
R37 := "타나토스 타워 상층부 천사의 방"
R38 := 5001
R39 := 140
R40 := 200
R35[1,2,3,4,5] := R36,R37,R38,R39,R40
R36 := {}
R37 := "tha_t09"
R38 := "타나토스 타워 상층부 고뇌의 방"
R39 := 5001
R40 := 180
R41 := 180
R36[1,2,3,4,5] := R37,R38,R39,R40,R41
R37 := {}
R38 := "tha_t10"
R39 := "타나토스 타워 상층부 슬픔의 방"
R40 := 5001
R41 := 180
R42 := 180
R37[1,2,3,4,5] := R38,R39,R40,R41,R42
R38 := {}
R39 := "tha_t11"
R40 := "타나토스 타워 상층부 절망의 방"
R41 := 5001
R42 := 180
R43 := 180
R38[1,2,3,4,5] := R39,R40,R41,R42,R43
R39 := {}
R40 := "tha_t12"
R41 := "타나토스 타워 상층부 증오의 방"
R42 := 5001
R43 := 180
R44 := 180
R39[1,2,3,4,5] := R40,R41,R42,R43,R44
R40 := {}
R41 := "thana_boss"
R42 := "타나토스 타워(알 수 없는 곳)"
R43 := 5001
R44 := 280
R45 := 280
R40[1,2,3,4,5] := R41,R42,R43,R44,R45
R41 := {}
R42 := "thana_step"
R43 := "타나토스 타워 상층부 계단"
R44 := 5001
R45 := 240
R46 := 400
R41[1,2,3,4,5] := R42,R43,R44,R45,R46
R42 := {}
R43 := "thor_camp"
R44 := "베인스 토르 화산 병참기지"
R45 := 5001
R46 := 300
R47 := 360
R42[1,2,3,4,5] := R43,R44,R45,R46,R47
R43 := {}
R44 := "thor_v01"
R45 := "베인스 토르 화산 던전 1층"
R46 := 5001
R47 := 300
R48 := 300
R43[1,2,3,4,5] := R44,R45,R46,R47,R48
R44 := {}
R45 := "thor_v02"
R46 := "베인스 토르 화산 던전 2층"
R47 := 5001
R48 := 240
R49 := 240
R44[1,2,3,4,5] := R45,R46,R47,R48,R49
R45 := {}
R46 := "thor_v03"
R47 := "베인스 토르 화산 던전 3층"
R48 := 5001
R49 := 300
R50 := 300
R45[1,2,3,4,5] := R46,R47,R48,R49,R50
R46 := {}
R47 := "treasure01"
R48 := "알베르타 침몰선 1층"
R49 := 5001
R50 := 200
R51 := 200
R46[1,2,3,4,5] := R47,R48,R49,R50,R51
R47 := {}
R48 := "treasure02"
R49 := "알베르타 침몰선 2층"
R50 := 5001
R51 := 200
R52 := 200
R47[1,2,3,4,5] := R48,R49,R50,R51,R52
R48 := {}
R49 := "tur_dun01"
R50 := "거북이 섬"
R51 := 5001
R52 := 300
R53 := 300
R48[1,2,3,4,5] := R49,R50,R51,R52,R53
R49 := {}
R50 := "tur_dun02"
R51 := "거북이 섬 던전"
R52 := 5001
R53 := 300
R54 := 300
R49[1,2,3,4,5] := R50,R51,R52,R53,R54
R50 := {}
R51 := "tur_dun03"
R52 := "양거촌"
R53 := 5001
R54 := 248
R55 := 248
R50[1,2,3,4,5] := R51,R52,R53,R54,R55
R0[401,402,403,404,405,406,407,408,409,410,411,412,413,414,415,416,417,418,419,420,421,422,423,424,425,426,427,428,429,430,431,432,433,434,435,436,437,438,439,440,441,442,443,444,445,446,447,448,449,450] := R1,R2,R3,R4,R5,R6,R7,R8,R9,R10,R11,R12,R13,R14,R15,R16,R17,R18,R19,R20,R21,R22,R23,R24,R25,R26,R27,R28,R29,R30,R31,R32,R33,R34,R35,R36,R37,R38,R39,R40,R41,R42,R43,R44,R45,R46,R47,R48,R49,R50
R1 := {}
R2 := "tur_dun04"
R3 := "구양궁"
R4 := 5001
R5 := 200
R6 := 200
R1[1,2,3,4,5] := R2,R3,R4,R5,R6
R2 := {}
R3 := "tur_dun05"
R4 := "지하 늪 지대"
R5 := 5001
R6 := 100
R7 := 100
R2[1,2,3,4,5] := R3,R4,R5,R6,R7
R3 := {}
R4 := "tur_dun06"
R5 := "지하 늪 지대"
R6 := 5001
R7 := 100
R8 := 100
R3[1,2,3,4,5] := R4,R5,R6,R7,R8
R4 := {}
R5 := "turbo_room"
R6 := "터보트랙 대기실"
R7 := 5001
R8 := 200
R9 := 200
R4[1,2,3,4,5] := R5,R6,R7,R8,R9
R5 := {}
R6 := "um_fild01"
R7 := "움발라 루루카 숲"
R8 := 5001
R9 := 400
R10 := 400
R5[1,2,3,4,5] := R6,R7,R8,R9,R10
R6 := {}
R7 := "um_fild02"
R8 := "움발라 훔가 숲"
R9 := 5001
R10 := 400
R11 := 400
R6[1,2,3,4,5] := R7,R8,R9,R10,R11
R7 := {}
R8 := "um_fild03"
R9 := "움발라 카라라 늪"
R10 := 5001
R11 := 400
R12 := 400
R7[1,2,3,4,5] := R8,R9,R10,R11,R12
R8 := {}
R9 := "um_fild04"
R10 := "움발라 훔가 정글"
R11 := 5001
R12 := 400
R13 := 400
R8[1,2,3,4,5] := R9,R10,R11,R12,R13
R9 := {}
R10 := "um_in"
R11 := "움발라 내부"
R12 := 5003
R13 := 200
R14 := 140
R9[1,2,3,4,5] := R10,R11,R12,R13,R14
R10 := {}
R11 := "umbala"
R12 := "우탄족마을 움발라"
R13 := 5001
R14 := 280
R15 := 344
R10[1,2,3,4,5] := R11,R12,R13,R14,R15
R11 := {}
R12 := "ve_fild01"
R13 := "베인스 필드"
R14 := 5001
R15 := 400
R16 := 400
R11[1,2,3,4,5] := R12,R13,R14,R15,R16
R12 := {}
R13 := "ve_fild02"
R14 := "베인스 필드"
R15 := 5001
R16 := 400
R17 := 400
R12[1,2,3,4,5] := R13,R14,R15,R16,R17
R13 := {}
R14 := "ve_fild03"
R15 := "베인스 필드"
R16 := 5001
R17 := 400
R18 := 400
R13[1,2,3,4,5] := R14,R15,R16,R17,R18
R14 := {}
R15 := "ve_fild04"
R16 := "베인스 필드"
R17 := 5001
R18 := 400
R19 := 400
R14[1,2,3,4,5] := R15,R16,R17,R18,R19
R15 := {}
R16 := "ve_fild06"
R17 := "베인스 필드"
R18 := 5001
R19 := 400
R20 := 400
R15[1,2,3,4,5] := R16,R17,R18,R19,R20
R16 := {}
R17 := "ve_fild07"
R18 := "베인스 필드"
R19 := 5001
R20 := 400
R21 := 400
R16[1,2,3,4,5] := R17,R18,R19,R20,R21
R17 := {}
R18 := "ve_in"
R19 := "베인스 내부"
R20 := 5003
R21 := 400
R22 := 400
R17[1,2,3,4,5] := R18,R19,R20,R21,R22
R18 := {}
R19 := "ve_in02"
R20 := "베인스 내부"
R21 := 5003
R22 := 100
R23 := 100
R18[1,2,3,4,5] := R19,R20,R21,R22,R23
R19 := {}
R20 := "veins"
R21 := "협곡마을 베인스"
R22 := 5001
R23 := 400
R24 := 400
R19[1,2,3,4,5] := R20,R21,R22,R23,R24
R20 := {}
R21 := "xmas"
R22 := "눈의 마을 루티에(Lutie)"
R23 := 5001
R24 := 300
R25 := 360
R20[1,2,3,4,5] := R21,R22,R23,R24,R25
R21 := {}
R22 := "xmas_dun01"
R23 := "루티에 장난감 공장 창고"
R24 := 5001
R25 := 260
R26 := 260
R21[1,2,3,4,5] := R22,R23,R24,R25,R26
R22 := {}
R23 := "xmas_dun02"
R24 := "루티에 장난감 분류소"
R25 := 5001
R26 := 260
R27 := 260
R22[1,2,3,4,5] := R23,R24,R25,R26,R27
R23 := {}
R24 := "xmas_fild01"
R25 := "루티에 필드"
R26 := 5001
R27 := 280
R28 := 280
R23[1,2,3,4,5] := R24,R25,R26,R27,R28
R24 := {}
R25 := "xmas_in"
R26 := "루티에 내부"
R27 := 5003
R28 := 200
R29 := 200
R24[1,2,3,4,5] := R25,R26,R27,R28,R29
R25 := {}
R26 := "y_airport"
R27 := "유노 공항"
R28 := 5002
R29 := 300
R30 := 120
R25[1,2,3,4,5] := R26,R27,R28,R29,R30
R26 := {}
R27 := "yggdrasil01"
R28 := "흐베르겔미르의 샘(이그드라실줄기)"
R29 := 5001
R30 := 300
R31 := 300
R26[1,2,3,4,5] := R27,R28,R29,R30,R31
R27 := {}
R28 := "yuno"
R29 := "슈발츠발드 공화국 수도 유노"
R30 := 5001
R31 := 400
R32 := 400
R27[1,2,3,4,5] := R28,R29,R30,R31,R32
R28 := {}
R29 := "yuno_fild01"
R30 := "슈발츠발드 국경 검문소"
R31 := 5001
R32 := 400
R33 := 400
R28[1,2,3,4,5] := R29,R30,R31,R32,R33
R29 := {}
R30 := "yuno_fild02"
R31 := "킬 하이르의 별장"
R32 := 5001
R33 := 400
R34 := 400
R29[1,2,3,4,5] := R30,R31,R32,R33,R34
R30 := {}
R31 := "yuno_fild03"
R32 := "엘메스 플레투"
R33 := 5001
R34 := 400
R35 := 400
R30[1,2,3,4,5] := R31,R32,R33,R34,R35
R31 := {}
R32 := "yuno_fild04"
R33 := "엘메스 플레투"
R34 := 5001
R35 := 400
R36 := 400
R31[1,2,3,4,5] := R32,R33,R34,R35,R36
R32 := {}
R33 := "yuno_fild06"
R34 := "엘메스 플레투"
R35 := 5001
R36 := 400
R37 := 400
R32[1,2,3,4,5] := R33,R34,R35,R36,R37
R33 := {}
R34 := "yuno_fild07"
R35 := "엘메스 협곡(심연의 골짜기)"
R36 := 5001
R37 := 400
R38 := 400
R33[1,2,3,4,5] := R34,R35,R36,R37,R38
R34 := {}
R35 := "yuno_fild08"
R36 := "유노 킬 하이르 학원"
R37 := 5001
R38 := 400
R39 := 400
R34[1,2,3,4,5] := R35,R36,R37,R38,R39
R35 := {}
R36 := "yuno_fild09"
R37 := "슈발츠발드 경비대 야영지"
R38 := 5001
R39 := 400
R40 := 400
R35[1,2,3,4,5] := R36,R37,R38,R39,R40
R36 := {}
R37 := "yuno_fild11"
R38 := "유노 필드"
R39 := 5001
R40 := 400
R41 := 400
R36[1,2,3,4,5] := R37,R38,R39,R40,R41
R37 := {}
R38 := "yuno_fild12"
R39 := "슈발츠발드 국경 검문소"
R40 := 5001
R41 := 400
R42 := 400
R37[1,2,3,4,5] := R38,R39,R40,R41,R42
R38 := {}
R39 := "yuno_in01"
R40 := "유노 내부"
R41 := 5003
R42 := 200
R43 := 200
R38[1,2,3,4,5] := R39,R40,R41,R42,R43
R39 := {}
R40 := "yuno_in02"
R41 := "세이지 케슬내부"
R42 := 5003
R43 := 200
R44 := 240
R39[1,2,3,4,5] := R40,R41,R42,R43,R44
R40 := {}
R41 := "yuno_in03"
R42 := "유노 내부"
R43 := 5003
R44 := 260
R45 := 216
R40[1,2,3,4,5] := R41,R42,R43,R44,R45
R41 := {}
R42 := "yuno_in04"
R43 := "공화국 도서관"
R44 := 5003
R45 := 200
R46 := 140
R41[1,2,3,4,5] := R42,R43,R44,R45,R46
R42 := {}
R43 := "yuno_pre"
R44 := "슈발츠발드 정부 청사"
R45 := 5001
R46 := 140
R47 := 140
R42[1,2,3,4,5] := R43,R44,R45,R46,R47
R0[451,452,453,454,455,456,457,458,459,460,461,462,463,464,465,466,467,468,469,470,471,472,473,474,475,476,477,478,479,480,481,482,483,484,485,486,487,488,489,490,491,492] := R1,R2,R3,R4,R5,R6,R7,R8,R9,R10,R11,R12,R13,R14,R15,R16,R17,R18,R19,R20,R21,R22,R23,R24,R25,R26,R27,R28,R29,R30,R31,R32,R33,R34,R35,R36,R37,R38,R39,R40,R41,R42
Navi_Map := R0
return 
