R0 := {}
R0[1] := 0
R0[10] := 5
R0[11] := 3
R0[12] := 6
R0[14] := 1
R0[15] := 4
R0[16] := 2
R0[17] := 6
R0[18] := 5
R0[19] := 3
R0[2] := 0
R0[20] := 3
R0[23] := 0
R0[24] := 0
R0[25] := 0
R0[3] := 0
R0[4] := 0
R0[4001] := 0
R0[4002] := 1
R0[4003] := 2
R0[4004] := 3
R0[4005] := 4
R0[4006] := 5
R0[4007] := 6
R0[4008] := 7
R0[4009] := 8
R0[4010] := 9
R0[4011] := 10
R0[4012] := 11
R0[4013] := 12
R0[4015] := 14
R0[4016] := 15
R0[4017] := 16
R0[4018] := 17
R0[4019] := 18
R0[4020] := 19
R0[4021] := 20
R0[4023] := 0
R0[4024] := 1
R0[4025] := 2
R0[4026] := 3
R0[4027] := 4
R0[4028] := 5
R0[4029] := 6
R0[4030] := 7
R0[4031] := 8
R0[4032] := 9
R0[4033] := 10
R0[4034] := 11
R0[4035] := 12
R0[4037] := 14
R0[4038] := 15
R0[4039] := 16
R0[4040] := 17
R0[4041] := 18
R0[4042] := 19
R0[4043] := 20
R0[4045] := 23
R0[4046] := 0
R0[4047] := 4046
R0[4049] := 4046
R0[4050] := 0
R0[4051] := 4050
R0[4052] := 4050
R0[4054] := 7
R0[4055] := 9
R0[4056] := 11
R0[4057] := 8
R0[4058] := 10
R0[4059] := 12
R0[4060] := 4008
R0[4061] := 4010
R0[4062] := 4012
R0[4063] := 4009
R0[4064] := 4011
R0[4065] := 4013
R0[4066] := 14
R0[4067] := 16
R0[4068] := 19
R0[4069] := 20
R0[4070] := 15
R0[4071] := 18
R0[4072] := 17
R0[4073] := 4015
R0[4074] := 4017
R0[4075] := 4020
R0[4076] := 4021
R0[4077] := 4016
R0[4078] := 4019
R0[4079] := 4018
R0[5] := 0
R0[6] := 0
R0[7] := 1
R0[8] := 4
R0[9] := 2
R0[4096] := 4054
R0[4097] := 4055
R0[4098] := 4056
R0[4099] := 4057
R0[4100] := 4058
R0[4101] := 4059
R0[4102] := 4066
R0[4103] := 4067
R0[4104] := 4068
R0[4105] := 4069
R0[4106] := 4070
R0[4107] := 4071
R0[4108] := 4072
R1 := closure(Function #0)
R0["__newindex"] := R1
JOB_INHERIT_LIST := R0
R0 := setmetatable
R1 := JOB_INHERIT_LIST
R2 := JOB_INHERIT_LIST
R0(R1,R2)
R0 := {}
R0[4060] := 4054
R0[4061] := 4055
R0[4062] := 4056
R0[4063] := 4057
R0[4064] := 4058
R0[4065] := 4059
R0[4073] := 4066
R0[4074] := 4067
R0[4075] := 4068
R0[4076] := 4069
R0[4077] := 4070
R0[4078] := 4071
R0[4079] := 4072
R1 := closure(Function #1)
R0["__newindex"] := R1
JOB_INHERIT_LIST2 := R0
R0 := setmetatable
R1 := JOB_INHERIT_LIST2
R2 := JOB_INHERIT_LIST2
R0(R1,R2)
return 


Function #0:
;
Name:            
Defined at line: 111
#Upvalues:       0
#Parameters:     0
Is_vararg:       0
Max Stack Size:  2
;
No locals information
No upvalues

R0 := error
R1 := "unknown state"
R0(R1)
return 


Function #1:
;
Name:            
Defined at line: 130
#Upvalues:       0
#Parameters:     0
Is_vararg:       0
Max Stack Size:  2
;
No locals information
No upvalues

R0 := error
R1 := "unknown state"
R0(R1)
return 
