R0 := 156
WID_HOTKEYWND := R0
R0 := 157
WID_JOINTO_BATTLEFIELDWND := R0
R0 := 158
WID_RELOADLUASCRIPTWND := R0
R0 := 159
WID_QUIKSLOTWND := R0
R0 := 165
WID_BATTLEFIELD_DESCRIBEWND := R0
R0 := 166
WID_BATTLEFIELD_STATUSWND := R0
R0 := 167
WID_BATTLEFIELD_HELPWND := R0
R0 := {}
R0["width"] := 436
R0["height"] := 432
R0["x"] := 300
R0["y"] := 100
R1 := {}
R2 := 255
R3 := 255
R4 := 255
R1[1,2,3] := R2,R3,R4
R0["bgColor"] := R1
R0["baseButton"] := 1
R0["closeButton"] := 1
UIHotKeyWnd := R0
R0 := {}
R0["width"] := 314
R0["height"] := 157
R0["x"] := 300
R0["y"] := 100
R0["baseButton"] := 1
R0["closeButton"] := 1
UIJoinToBattleFieldWnd := R0
R0 := {}
R0["width"] := 36
R0["height"] := 34
R0["x"] := 900
R0["y"] := 0
R0["baseButton"] := 1
R0["closeButton"] := 1
UIReloadLuaScript := R0
R0 := {}
R0["width"] := 300
R0["height"] := 300
R0["x"] := 350
R0["y"] := 150
R0["baseButton"] := 1
R0["closeButton"] := 1
UIBattleFieldDescribeWnd := R0
R0 := {}
R0["width"] := 300
R0["height"] := 150
R0["x"] := 350
R0["y"] := 150
R0["baseButton"] := 1
R0["closeButton"] := 1
UIBattleFieldStatusWnd := R0
R0 := {}
R0["width"] := 300
R0["height"] := 300
R0["x"] := 350
R0["y"] := 150
R0["baseButton"] := 1
R0["closeButton"] := 1
UIBattleFieldHelpWnd := R0
R0 := {}
R0["width"] := 77
R0["height"] := 34
R0["x"] := 900
R0["y"] := 0
UIQuikSlotWnd := R0
R0 := closure(Function #0)
GetWindowString := R0
R0 := closure(Function #1)
GetWindowInfo := R0
R0 := closure(Function #2)
GetSysButtonInfo := R0
return 


Function #0:
;
Name:            
Defined at line: 73
#Upvalues:       0
#Parameters:     1 (R0)
Is_vararg:       0
Max Stack Size:  2
;
Locals:
Start PC |  End PC  | Name
00000000 | 0000002b | windowID
;
No upvalues

R1 := WID_HOTKEYWND
if R0 != R1 then PC := 7
  3 [74]: JMP       7
R1 := "UIHotKeyWnd"
return R1
PC := 42
R1 := WID_JOINTO_BATTLEFIELDWND
if R0 != R1 then PC := 13
  9 [76]: JMP       13
R1 := "UIJoinToBattleFieldWnd"
return R1
PC := 42
R1 := WID_RELOADLUASCRIPTWND
if R0 != R1 then PC := 19
 15 [78]: JMP       19
R1 := "UIReloadLuaScript"
return R1
PC := 42
R1 := WID_QUIKSLOTWND
if R0 != R1 then PC := 25
 21 [80]: JMP       25
R1 := "UIQuikSlotWnd"
return R1
PC := 42
R1 := WID_BATTLEFIELD_DESCRIBEWND
if R0 != R1 then PC := 31
 27 [82]: JMP       31
R1 := "UIBattleFieldDescribeWnd"
return R1
PC := 42
R1 := WID_BATTLEFIELD_STATUSWND
if R0 != R1 then PC := 37
 33 [84]: JMP       37
R1 := "UIBattleFieldStatusWnd"
return R1
PC := 42
R1 := WID_BATTLEFIELD_HELPWND
if R0 != R1 then PC := 42
 39 [86]: JMP       42
R1 := "UIBattleFieldHelpWnd"
return R1
R1 := nil
return R1
return 


Function #1:
;
Name:            
Defined at line: 93
#Upvalues:       0
#Parameters:     1 (R0)
Is_vararg:       0
Max Stack Size:  7
;
Locals:
Start PC |  End PC  | Name
00000000 | 0000000f | windowID
00000001 | 0000000f | wnd
00000004 | 0000000f | wndStr
;
No upvalues

R1 := nil
R2 := GetWindowString
R3 := R0
R2 := R2(R3)
if R2 == nil then PC := 9
  6 [ 97]: JMP       9
R3 := _G
R1 := R3[R2]
if R1 == nil then PC := 16
 10 [101]: JMP       16
R3 := R1["width"]
R4 := R1["height"]
R5 := R1["x"]
R6 := R1["y"]
return R3,R4,R5,R6
return 


Function #2:
;
Name:            
Defined at line: 106
#Upvalues:       0
#Parameters:     1 (R0)
Is_vararg:       0
Max Stack Size:  5
;
Locals:
Start PC |  End PC  | Name
00000000 | 0000000d | windowID
00000001 | 0000000d | wnd
00000004 | 0000000d | wndStr
;
No upvalues

R1 := nil
R2 := GetWindowString
R3 := R0
R2 := R2(R3)
if R2 == nil then PC := 9
  6 [110]: JMP       9
R3 := _G
R1 := R3[R2]
if R1 == nil then PC := 14
 10 [114]: JMP       14
R3 := R1["baseButton"]
R4 := R1["closeButton"]
return R3,R4
return 
