R0 := {}
R0["NV_BASIC"] := 1
R0["SM_SWORD"] := 2
R0["SM_TWOHAND"] := 3
R0["SM_RECOVERY"] := 4
R0["SM_BASH"] := 5
R0["SM_PROVOKE"] := 6
R0["SM_MAGNUM"] := 7
R0["SM_ENDURE"] := 8
R0["MG_SRECOVERY"] := 9
R0["MG_SIGHT"] := 10
R0["MG_NAPALMBEAT"] := 11
R0["MG_SAFETYWALL"] := 12
R0["MG_SOULSTRIKE"] := 13
R0["MG_COLDBOLT"] := 14
R0["MG_FROSTDIVER"] := 15
R0["MG_STONECURSE"] := 16
R0["MG_FIREBALL"] := 17
R0["MG_FIREWALL"] := 18
R0["MG_FIREBOLT"] := 19
R0["MG_LIGHTNINGBOLT"] := 20
R0["MG_THUNDERSTORM"] := 21
R0["AL_DP"] := 22
R0["AL_DEMONBANE"] := 23
R0["AL_RUWACH"] := 24
R0["AL_PNEUMA"] := 25
R0["AL_TELEPORT"] := 26
R0["AL_WARP"] := 27
R0["AL_HEAL"] := 28
R0["AL_INCAGI"] := 29
R0["AL_DECAGI"] := 30
R0["AL_HOLYWATER"] := 31
R0["AL_CRUCIS"] := 32
R0["AL_ANGELUS"] := 33
R0["AL_BLESSING"] := 34
R0["AL_CURE"] := 35
R0["MC_INCCARRY"] := 36
R0["MC_DISCOUNT"] := 37
R0["MC_OVERCHARGE"] := 38
R0["MC_PUSHCART"] := 39
R0["MC_IDENTIFY"] := 40
R0["MC_VENDING"] := 41
R0["MC_MAMMONITE"] := 42
R0["AC_OWL"] := 43
R0["AC_VULTURE"] := 44
R0["AC_CONCENTRATION"] := 45
R0["AC_DOUBLE"] := 46
R0["AC_SHOWER"] := 47
R0["TF_DOUBLE"] := 48
R0["TF_MISS"] := 49
R0["TF_STEAL"] := 50
R0["TF_HIDING"] := 51
R0["TF_POISON"] := 52
R0["TF_DETOXIFY"] := 53
R0["ALL_RESURRECTION"] := 54
R0["KN_SPEARMASTERY"] := 55
R0["KN_PIERCE"] := 56
R0["KN_BRANDISHSPEAR"] := 57
R0["KN_SPEARSTAB"] := 58
R0["KN_SPEARBOOMERANG"] := 59
R0["KN_TWOHANDQUICKEN"] := 60
R0["KN_AUTOCOUNTER"] := 61
R0["KN_BOWLINGBASH"] := 62
R0["KN_RIDING"] := 63
R0["KN_CAVALIERMASTERY"] := 64
R0["PR_MACEMASTERY"] := 65
R0["PR_IMPOSITIO"] := 66
R0["PR_SUFFRAGIUM"] := 67
R0["PR_ASPERSIO"] := 68
R0["PR_BENEDICTIO"] := 69
R0["PR_SANCTUARY"] := 70
R0["PR_SLOWPOISON"] := 71
R0["PR_STRECOVERY"] := 72
R0["PR_KYRIE"] := 73
R0["PR_MAGNIFICAT"] := 74
R0["PR_GLORIA"] := 75
R0["PR_LEXDIVINA"] := 76
R0["PR_TURNUNDEAD"] := 77
R0["PR_LEXAETERNA"] := 78
R0["PR_MAGNUS"] := 79
R0["WZ_FIREPILLAR"] := 80
R0["WZ_SIGHTRASHER"] := 81
R0["WZ_FIREIVY"] := 82
R0["WZ_METEOR"] := 83
R0["WZ_JUPITEL"] := 84
R0["WZ_VERMILION"] := 85
R0["WZ_WATERBALL"] := 86
R0["WZ_ICEWALL"] := 87
R0["WZ_FROSTNOVA"] := 88
R0["WZ_STORMGUST"] := 89
R0["WZ_EARTHSPIKE"] := 90
R0["WZ_HEAVENDRIVE"] := 91
R0["WZ_QUAGMIRE"] := 92
R0["WZ_ESTIMATION"] := 93
R0["BS_IRON"] := 94
R0["BS_STEEL"] := 95
R0["BS_ENCHANTEDSTONE"] := 96
R0["BS_ORIDEOCON"] := 97
R0["BS_DAGGER"] := 98
R0["BS_SWORD"] := 99
R0["BS_TWOHANDSWORD"] := 100
R0["BS_AXE"] := 101
R0["BS_MACE"] := 102
R0["BS_KNUCKLE"] := 103
R0["BS_SPEAR"] := 104
R0["BS_HILTBINDING"] := 105
R0["BS_FINDINGORE"] := 106
R0["BS_WEAPONRESEARCH"] := 107
R0["BS_REPAIRWEAPON"] := 108
R0["BS_SKINTEMPER"] := 109
R0["BS_HAMMERFALL"] := 110
R0["BS_ADRENALINE"] := 111
R0["BS_WEAPONPERFECT"] := 112
R0["BS_OVERTHRUST"] := 113
R0["BS_MAXIMIZE"] := 114
R0["HT_SKIDTRAP"] := 115
R0["HT_LANDMINE"] := 116
R0["HT_ANKLESNARE"] := 117
R0["HT_SHOCKWAVE"] := 118
R0["HT_SANDMAN"] := 119
R0["HT_FLASHER"] := 120
R0["HT_FREEZINGTRAP"] := 121
R0["HT_BLASTMINE"] := 122
R0["HT_CLAYMORETRAP"] := 123
R0["HT_REMOVETRAP"] := 124
R0["HT_TALKIEBOX"] := 125
R0["HT_BEASTBANE"] := 126
R0["HT_FALCON"] := 127
R0["HT_STEELCROW"] := 128
R0["HT_BLITZBEAT"] := 129
R0["HT_DETECTING"] := 130
R1 := 131
R0["HT_SPRINGTRAP"] := R1
R1 := "AS_RIGHT"
R2 := 132
R0[R1] := R2
R1 := "AS_LEFT"
R2 := 133
R0[R1] := R2
R1 := "AS_KATAR"
R2 := 134
R0[R1] := R2
R1 := "AS_CLOAKING"
R2 := 135
R0[R1] := R2
R1 := "AS_SONICBLOW"
R2 := 136
R0[R1] := R2
R1 := "AS_GRIMTOOTH"
R2 := 137
R0[R1] := R2
R1 := "AS_ENCHANTPOISON"
R2 := 138
R0[R1] := R2
R1 := "AS_POISONREACT"
R2 := 139
R0[R1] := R2
R1 := "AS_VENOMDUST"
R2 := 140
R0[R1] := R2
R1 := "AS_SPLASHER"
R2 := 141
R0[R1] := R2
R1 := "NV_FIRSTAID"
R2 := 142
R0[R1] := R2
R1 := "NV_TRICKDEAD"
R2 := 143
R0[R1] := R2
R1 := "SM_MOVINGRECOVERY"
R2 := 144
R0[R1] := R2
R1 := "SM_FATALBLOW"
R2 := 145
R0[R1] := R2
R1 := "SM_AUTOBERSERK"
R2 := 146
R0[R1] := R2
R1 := "AC_MAKINGARROW"
R2 := 147
R0[R1] := R2
R1 := "AC_CHARGEARROW"
R2 := 148
R0[R1] := R2
R1 := "TF_SPRINKLESAND"
R2 := 149
R0[R1] := R2
R1 := "TF_BACKSLIDING"
R2 := 150
R0[R1] := R2
R1 := "TF_PICKSTONE"
R2 := 151
R0[R1] := R2
R1 := "TF_THROWSTONE"
R2 := 152
R0[R1] := R2
R1 := "MC_CARTREVOLUTION"
R2 := 153
R0[R1] := R2
R1 := "MC_CHANGECART"
R2 := 154
R0[R1] := R2
R1 := "MC_LOUD"
R2 := 155
R0[R1] := R2
R1 := "AL_HOLYLIGHT"
R2 := 156
R0[R1] := R2
R1 := "MG_ENERGYCOAT"
R2 := 157
R0[R1] := R2
R1 := "RG_SNATCHER"
R2 := 210
R0[R1] := R2
R1 := "RG_STEALCOIN"
R2 := 211
R0[R1] := R2
R1 := "RG_BACKSTAP"
R2 := 212
R0[R1] := R2
R1 := "RG_TUNNELDRIVE"
R2 := 213
R0[R1] := R2
R1 := "RG_RAID"
R2 := 214
R0[R1] := R2
R1 := "RG_STRIPWEAPON"
R2 := 215
R0[R1] := R2
R1 := "RG_STRIPSHIELD"
R2 := 216
R0[R1] := R2
R1 := "RG_STRIPARMOR"
R2 := 217
R0[R1] := R2
R1 := "RG_STRIPHELM"
R2 := 218
R0[R1] := R2
R1 := "RG_INTIMIDATE"
R2 := 219
R0[R1] := R2
R1 := "RG_GRAFFITI"
R2 := 220
R0[R1] := R2
R1 := "RG_FLAGGRAFFITI"
R2 := 221
R0[R1] := R2
R1 := "RG_CLEANER"
R2 := 222
R0[R1] := R2
R1 := "RG_GANGSTER"
R2 := 223
R0[R1] := R2
R1 := "RG_COMPULSION"
R2 := 224
R0[R1] := R2
R1 := "RG_PLAGIARISM"
R2 := 225
R0[R1] := R2
R1 := "AM_AXEMASTERY"
R2 := 226
R0[R1] := R2
R1 := "AM_LEARNINGPOTION"
R2 := 227
R0[R1] := R2
R1 := "AM_PHARMACY"
R2 := 228
R0[R1] := R2
R1 := "AM_DEMONSTRATION"
R2 := 229
R0[R1] := R2
R1 := "AM_ACIDTERROR"
R2 := 230
R0[R1] := R2
R1 := "AM_POTIONPITCHER"
R2 := 231
R0[R1] := R2
R1 := "AM_CANNIBALIZE"
R2 := 232
R0[R1] := R2
R1 := "AM_SPHEREMINE"
R2 := 233
R0[R1] := R2
R1 := "AM_CP_WEAPON"
R2 := 234
R0[R1] := R2
R1 := "AM_CP_SHIELD"
R2 := 235
R0[R1] := R2
R1 := "AM_CP_ARMOR"
R2 := 236
R0[R1] := R2
R1 := "AM_CP_HELM"
R2 := 237
R0[R1] := R2
R1 := "AM_BIOETHICS"
R2 := 238
R0[R1] := R2
R1 := "AM_BIOTECHNOLOGY"
R2 := 239
R0[R1] := R2
R1 := "AM_CREATECREATURE"
R2 := 240
R0[R1] := R2
R1 := "AM_CULTIVATION"
R2 := 241
R0[R1] := R2
R1 := "AM_FLAMECONTROL"
R2 := 242
R0[R1] := R2
R1 := "AM_CALLHOMUN"
R2 := 243
R0[R1] := R2
R1 := "AM_REST"
R2 := 244
R0[R1] := R2
R1 := "AM_DRILLMASTER"
R2 := 245
R0[R1] := R2
R1 := "AM_HEALHOMUN"
R2 := 246
R0[R1] := R2
R1 := "AM_RESURRECTHOMUN"
R2 := 247
R0[R1] := R2
R1 := "CR_TRUST"
R2 := 248
R0[R1] := R2
R1 := "CR_AUTOGUARD"
R2 := 249
R0[R1] := R2
R1 := "CR_SHIELDCHARGE"
R2 := 250
R0[R1] := R2
R1 := "CR_SHIELDBOOMERANG"
R2 := 251
R0[R1] := R2
R1 := "CR_REFLECTSHIELD"
R2 := 252
R0[R1] := R2
R1 := "CR_HOLYCROSS"
R2 := 253
R0[R1] := R2
R1 := "CR_GRANDCROSS"
R2 := 254
R0[R1] := R2
R1 := "CR_DEVOTION"
R2 := 255
R0[R1] := R2
R1 := "CR_PROVIDENCE"
R2 := 256
R0[R1] := R2
R1 := "CR_DEFENDER"
R2 := 257
R0[R1] := R2
R1 := "CR_SPEARQUICKEN"
R2 := 258
R0[R1] := R2
R1 := "MO_IRONHAND"
R2 := 259
R0[R1] := R2
R1 := "MO_SPIRITSRECOVERY"
R2 := 260
R0[R1] := R2
R1 := "MO_CALLSPIRITS"
R2 := 261
R0[R1] := R2
R1 := "MO_ABSORBSPIRITS"
R2 := 262
R0[R1] := R2
R1 := "MO_TRIPLEATTACK"
R2 := 263
R0[R1] := R2
R1 := "MO_BODYRELOCATION"
R2 := 264
R0[R1] := R2
R1 := "MO_DODGE"
R2 := 265
R0[R1] := R2
R1 := "MO_INVESTIGATE"
R2 := 266
R0[R1] := R2
R1 := "MO_FINGEROFFENSIVE"
R2 := 267
R0[R1] := R2
R1 := "MO_STEELBODY"
R2 := 268
R0[R1] := R2
R1 := "MO_BLADESTOP"
R2 := 269
R0[R1] := R2
R1 := "MO_EXPLOSIONSPIRITS"
R2 := 270
R0[R1] := R2
R1 := "MO_EXTREMITYFIST"
R2 := 271
R0[R1] := R2
R1 := "MO_CHAINCOMBO"
R2 := 272
R0[R1] := R2
R1 := "MO_COMBOFINISH"
R2 := 273
R0[R1] := R2
R1 := "SA_ADVANCEDBOOK"
R2 := 274
R0[R1] := R2
R1 := "SA_CASTCANCEL"
R2 := 275
R0[R1] := R2
R1 := "SA_MAGICROD"
R2 := 276
R0[R1] := R2
R1 := "SA_SPELLBREAKER"
R2 := 277
R0[R1] := R2
R1 := "SA_FREECAST"
R2 := 278
R0[R1] := R2
R1 := "SA_AUTOSPELL"
R2 := 279
R0[R1] := R2
R1 := "SA_FLAMELAUNCHER"
R2 := 280
R0[R1] := R2
R1 := "SA_FROSTWEAPON"
R2 := 281
R0[R1] := R2
R1 := "SA_LIGHTNINGLOADER"
R2 := 282
R0[R1] := R2
R1 := "SA_SEISMICWEAPON"
R2 := 283
R0[R1] := R2
R1 := "SA_DRAGONOLOGY"
R2 := 284
R0[R1] := R2
R1 := "SA_VOLCANO"
R2 := 285
R0[R1] := R2
R1 := "SA_DELUGE"
R2 := 286
R0[R1] := R2
R1 := "SA_VIOLENTGALE"
R2 := 287
R0[R1] := R2
R1 := "SA_LANDPROTECTOR"
R2 := 288
R0[R1] := R2
R1 := "SA_DISPELL"
R2 := 289
R0[R1] := R2
R1 := "SA_ABRACADABRA"
R2 := 290
R0[R1] := R2
R1 := "SA_MONOCELL"
R2 := 291
R0[R1] := R2
R1 := "SA_CLASSCHANGE"
R2 := 292
R0[R1] := R2
R1 := "SA_SUMMONMONSTER"
R2 := 293
R0[R1] := R2
R1 := "SA_REVERSEORCISH"
R2 := 294
R0[R1] := R2
R1 := "SA_DEATH"
R2 := 295
R0[R1] := R2
R1 := "SA_FORTUNE"
R2 := 296
R0[R1] := R2
R1 := "SA_TAMINGMONSTER"
R2 := 297
R0[R1] := R2
R1 := "SA_QUESTION"
R2 := 298
R0[R1] := R2
R1 := "SA_GRAVITY"
R2 := 299
R0[R1] := R2
R1 := "SA_LEVELUP"
R2 := 300
R0[R1] := R2
R1 := "SA_INSTANTDEATH"
R2 := 301
R0[R1] := R2
R1 := "SA_FULLRECOVERY"
R2 := 302
R0[R1] := R2
R1 := "SA_COMA"
R2 := 303
R0[R1] := R2
R1 := "BD_ADAPTATION"
R2 := 304
R0[R1] := R2
R1 := "BD_ENCORE"
R2 := 305
R0[R1] := R2
R1 := "BD_LULLABY"
R2 := 306
R0[R1] := R2
R1 := "BD_RICHMANKIM"
R2 := 307
R0[R1] := R2
R1 := "BD_ETERNALCHAOS"
R2 := 308
R0[R1] := R2
R1 := "BD_DRUMBATTLEFIELD"
R2 := 309
R0[R1] := R2
R1 := "BD_RINGNIBELUNGEN"
R2 := 310
R0[R1] := R2
R1 := "BD_ROKISWEIL"
R2 := 311
R0[R1] := R2
R1 := "BD_INTOABYSS"
R2 := 312
R0[R1] := R2
R1 := "BD_SIEGFRIED"
R2 := 313
R0[R1] := R2
R1 := "BD_RAGNAROK"
R2 := 314
R0[R1] := R2
R1 := "BA_MUSICALLESSON"
R2 := 315
R0[R1] := R2
R1 := "BA_MUSICALSTRIKE"
R2 := 316
R0[R1] := R2
R1 := "BA_DISSONANCE"
R2 := 317
R0[R1] := R2
R1 := "BA_FROSTJOKE"
R2 := 318
R0[R1] := R2
R1 := "BA_WHISTLE"
R2 := 319
R0[R1] := R2
R1 := "BA_ASSASSINCROSS"
R2 := 320
R0[R1] := R2
R1 := "BA_POEMBRAGI"
R2 := 321
R0[R1] := R2
R1 := "BA_APPLEIDUN"
R2 := 322
R0[R1] := R2
R1 := "DC_DANCINGLESSON"
R2 := 323
R0[R1] := R2
R1 := "DC_THROWARROW"
R2 := 324
R0[R1] := R2
R1 := "DC_UGLYDANCE"
R2 := 325
R0[R1] := R2
R1 := "DC_SCREAM"
R2 := 326
R0[R1] := R2
R1 := "DC_HUMMING"
R2 := 327
R0[R1] := R2
R1 := "DC_DONTFORGETME"
R2 := 328
R0[R1] := R2
R1 := "DC_FORTUNEKISS"
R2 := 329
R0[R1] := R2
R1 := "DC_SERVICEFORYOU"
R2 := 330
R0[R1] := R2
R1 := "WE_MALE"
R2 := 334
R0[R1] := R2
R1 := "WE_FEMALE"
R2 := 335
R0[R1] := R2
R1 := "WE_CALLPARTNER"
R2 := 336
R0[R1] := R2
R1 := "ITM_TOMAHAWK"
R2 := 337
R0[R1] := R2
R1 := "LK_AURABLADE"
R2 := 355
R0[R1] := R2
R1 := "LK_PARRYING"
R2 := 356
R0[R1] := R2
R1 := "LK_CONCENTRATION"
R2 := 357
R0[R1] := R2
R1 := "LK_TENSIONRELAX"
R2 := 358
R0[R1] := R2
R1 := "LK_BERSERK"
R2 := 359
R0[R1] := R2
R1 := "HP_ASSUMPTIO"
R2 := 361
R0[R1] := R2
R1 := "HP_BASILICA"
R2 := 362
R0[R1] := R2
R1 := "HP_MEDITATIO"
R2 := 363
R0[R1] := R2
R1 := "HW_SOULDRAIN"
R2 := 364
R0[R1] := R2
R1 := "HW_MAGICCRASHER"
R2 := 365
R0[R1] := R2
R1 := "HW_MAGICPOWER"
R2 := 366
R0[R1] := R2
R1 := "PA_PRESSURE"
R2 := 367
R0[R1] := R2
R1 := "PA_SACRIFICE"
R2 := 368
R0[R1] := R2
R1 := "PA_GOSPEL"
R2 := 369
R0[R1] := R2
R1 := "CH_PALMSTRIKE"
R2 := 370
R0[R1] := R2
R1 := "CH_TIGERFIST"
R2 := 371
R0[R1] := R2
R1 := "CH_CHAINCRUSH"
R2 := 372
R0[R1] := R2
R1 := "PF_HPCONVERSION"
R2 := 373
R0[R1] := R2
R1 := "PF_SOULCHANGE"
R2 := 374
R0[R1] := R2
R1 := "PF_SOULBURN"
R2 := 375
R0[R1] := R2
R1 := "ASC_KATAR"
R2 := 376
R0[R1] := R2
R1 := "ASC_EDP"
R2 := 378
R0[R1] := R2
R1 := "ASC_BREAKER"
R2 := 379
R0[R1] := R2
R1 := "SN_SIGHT"
R2 := 380
R0[R1] := R2
R1 := "SN_FALCONASSAULT"
R2 := 381
R0[R1] := R2
R1 := "SN_SHARPSHOOTING"
R2 := 382
R0[R1] := R2
R1 := "SN_WINDWALK"
R2 := 383
R0[R1] := R2
R1 := "WS_MELTDOWN"
R2 := 384
R0[R1] := R2
R1 := "WS_CREATECOIN"
R2 := 385
R0[R1] := R2
R1 := "WS_CREATENUGGET"
R2 := 386
R0[R1] := R2
R1 := "WS_CARTBOOST"
R2 := 387
R0[R1] := R2
R1 := "WS_SYSTEMCREATE"
R2 := 388
R0[R1] := R2
R1 := "ST_CHASEWALK"
R2 := 389
R0[R1] := R2
R1 := "ST_REJECTSWORD"
R2 := 390
R0[R1] := R2
R1 := "ST_STEALBACKPACK"
R2 := 391
R0[R1] := R2
R1 := "CR_ALCHEMY"
R2 := 392
R0[R1] := R2
R1 := "CR_SYNTHESISPOTION"
R2 := 393
R0[R1] := R2
R1 := "CG_ARROWVULCAN"
R2 := 394
R0[R1] := R2
R1 := "CG_MOONLIT"
R2 := 395
R0[R1] := R2
R1 := "CG_MARIONETTE"
R2 := 396
R0[R1] := R2
R1 := "LK_SPIRALPIERCE"
R2 := 397
R0[R1] := R2
R1 := "LK_HEADCRUSH"
R2 := 398
R0[R1] := R2
R1 := "LK_JOINTBEAT"
R2 := 399
R0[R1] := R2
R1 := "HW_NAPALMVULCAN"
R2 := 400
R0[R1] := R2
R1 := "CH_SOULCOLLECT"
R2 := 401
R0[R1] := R2
R1 := "PF_MINDBREAKER"
R2 := 402
R0[R1] := R2
R1 := "PF_MEMORIZE"
R2 := 403
R0[R1] := R2
R1 := "PF_FOGWALL"
R2 := 404
R0[R1] := R2
R1 := "PF_SPIDERWEB"
R2 := 405
R0[R1] := R2
R1 := "ASC_METEORASSAULT"
R2 := 406
R0[R1] := R2
R1 := "ASC_CDP"
R2 := 407
R0[R1] := R2
R1 := "WE_BABY"
R2 := 408
R0[R1] := R2
R1 := "WE_CALLPARENT"
R2 := 409
R0[R1] := R2
R1 := "WE_CALLBABY"
R2 := 410
R0[R1] := R2
R1 := "TK_RUN"
R2 := 411
R0[R1] := R2
R1 := "TK_READYSTORM"
R2 := 412
R0[R1] := R2
R1 := "TK_STORMKICK"
R2 := 413
R0[R1] := R2
R1 := "TK_READYDOWN"
R2 := 414
R0[R1] := R2
R1 := "TK_DOWNKICK"
R2 := 415
R0[R1] := R2
R1 := "TK_READYTURN"
R2 := 416
R0[R1] := R2
R1 := "TK_TURNKICK"
R2 := 417
R0[R1] := R2
R1 := "TK_READYCOUNTER"
R2 := 418
R0[R1] := R2
R1 := "TK_COUNTER"
R2 := 419
R0[R1] := R2
R1 := "TK_DODGE"
R2 := 420
R0[R1] := R2
R1 := "TK_JUMPKICK"
R2 := 421
R0[R1] := R2
R1 := "TK_HPTIME"
R2 := 422
R0[R1] := R2
R1 := "TK_SPTIME"
R2 := 423
R0[R1] := R2
R1 := "TK_POWER"
R2 := 424
R0[R1] := R2
R1 := "TK_SEVENWIND"
R2 := 425
R0[R1] := R2
R1 := "TK_HIGHJUMP"
R2 := 426
R0[R1] := R2
R1 := "SG_FEEL"
R2 := 427
R0[R1] := R2
R1 := "SG_SUN_WARM"
R2 := 428
R0[R1] := R2
R1 := "SG_MOON_WARM"
R2 := 429
R0[R1] := R2
R1 := "SG_STAR_WARM"
R2 := 430
R0[R1] := R2
R1 := "SG_SUN_COMFORT"
R2 := 431
R0[R1] := R2
R1 := "SG_MOON_COMFORT"
R2 := 432
R0[R1] := R2
R1 := "SG_STAR_COMFORT"
R2 := 433
R0[R1] := R2
R1 := "SG_HATE"
R2 := 434
R0[R1] := R2
R1 := "SG_SUN_ANGER"
R2 := 435
R0[R1] := R2
R1 := "SG_MOON_ANGER"
R2 := 436
R0[R1] := R2
R1 := "SG_STAR_ANGER"
R2 := 437
R0[R1] := R2
R1 := "SG_SUN_BLESS"
R2 := 438
R0[R1] := R2
R1 := "SG_MOON_BLESS"
R2 := 439
R0[R1] := R2
R1 := "SG_STAR_BLESS"
R2 := 440
R0[R1] := R2
R1 := "SG_DEVIL"
R2 := 441
R0[R1] := R2
R1 := "SG_FRIEND"
R2 := 442
R0[R1] := R2
R1 := "SG_KNOWLEDGE"
R2 := 443
R0[R1] := R2
R1 := "SG_FUSION"
R2 := 444
R0[R1] := R2
R1 := "SL_ALCHEMIST"
R2 := 445
R0[R1] := R2
R1 := "AM_BERSERKPITCHER"
R2 := 446
R0[R1] := R2
R1 := "SL_MONK"
R2 := 447
R0[R1] := R2
R1 := "SL_STAR"
R2 := 448
R0[R1] := R2
R1 := "SL_SAGE"
R2 := 449
R0[R1] := R2
R1 := "SL_CRUSADER"
R2 := 450
R0[R1] := R2
R1 := "SL_SUPERNOVICE"
R2 := 451
R0[R1] := R2
R1 := "SL_KNIGHT"
R2 := 452
R0[R1] := R2
R1 := "SL_WIZARD"
R2 := 453
R0[R1] := R2
R1 := "SL_PRIEST"
R2 := 454
R0[R1] := R2
R1 := "SL_BARDDANCER"
R2 := 455
R0[R1] := R2
R1 := "SL_ROGUE"
R2 := 456
R0[R1] := R2
R1 := "SL_ASSASIN"
R2 := 457
R0[R1] := R2
R1 := "SL_BLACKSMITH"
R2 := 458
R0[R1] := R2
R1 := "BS_ADRENALINE2"
R2 := 459
R0[R1] := R2
R1 := "SL_HUNTER"
R2 := 460
R0[R1] := R2
R1 := "SL_SOULLINKER"
R2 := 461
R0[R1] := R2
R1 := "SL_KAIZEL"
R2 := 462
R0[R1] := R2
R1 := "SL_KAAHI"
R2 := 463
R0[R1] := R2
R1 := "SL_KAUPE"
R2 := 464
R0[R1] := R2
R1 := "SL_KAITE"
R2 := 465
R0[R1] := R2
R1 := "SL_KAINA"
R2 := 466
R0[R1] := R2
R1 := "SL_STIN"
R2 := 467
R0[R1] := R2
R1 := "SL_STUN"
R2 := 468
R0[R1] := R2
R1 := "SL_SMA"
R2 := 469
R0[R1] := R2
R1 := "SL_SWOO"
R2 := 470
R0[R1] := R2
R1 := "SL_SKE"
R2 := 471
R0[R1] := R2
R1 := "SL_SKA"
R2 := 472
R0[R1] := R2
R1 := "ST_PRESERVE"
R2 := 475
R0[R1] := R2
R1 := "ST_FULLSTRIP"
R2 := 476
R0[R1] := R2
R1 := "WS_WEAPONREFINE"
R2 := 477
R0[R1] := R2
R1 := "CR_SLIMPITCHER"
R2 := 478
R0[R1] := R2
R1 := "CR_FULLPROTECTION"
R2 := 479
R0[R1] := R2
R1 := "PA_SHIELDCHAIN"
R2 := 480
R0[R1] := R2
R1 := "HP_MANARECHARGE"
R2 := 481
R0[R1] := R2
R1 := "PF_DOUBLECASTING"
R2 := 482
R0[R1] := R2
R1 := "HW_GANBANTEIN"
R2 := 483
R0[R1] := R2
R1 := "HW_GRAVITATION"
R2 := 484
R0[R1] := R2
R1 := "WS_CARTTERMINATION"
R2 := 485
R0[R1] := R2
R1 := "WS_OVERTHRUSTMAX"
R2 := 486
R0[R1] := R2
R1 := "CG_LONGINGFREEDOM"
R2 := 487
R0[R1] := R2
R1 := "CG_HERMODE"
R2 := 488
R0[R1] := R2
R1 := "CG_TAROTCARD"
R2 := 489
R0[R1] := R2
R1 := "CR_ACIDDEMONSTRATION"
R2 := 490
R0[R1] := R2
R1 := "CR_CULTIVATION"
R2 := 491
R0[R1] := R2
R1 := "TK_MISSION"
R2 := 493
R0[R1] := R2
R1 := "SL_HIGH"
R2 := 494
R0[R1] := R2
R1 := "KN_ONEHAND"
R2 := 495
R0[R1] := R2
R1 := "AM_TWILIGHT1"
R2 := 496
R0[R1] := R2
R1 := "AM_TWILIGHT2"
R2 := 497
R0[R1] := R2
R1 := "AM_TWILIGHT3"
R2 := 498
R0[R1] := R2
R1 := "HT_POWER"
R2 := 499
R0[R1] := R2
R1 := "GS_GLITTERING"
R2 := 500
R0[R1] := R2
R1 := "GS_FLING"
R2 := 501
R0[R1] := R2
R1 := "GS_TRIPLEACTION"
R2 := 502
R0[R1] := R2
R1 := "GS_BULLSEYE"
R2 := 503
R0[R1] := R2
R1 := "GS_MADNESSCANCEL"
R2 := 504
R0[R1] := R2
R1 := "GS_ADJUSTMENT"
R2 := 505
R0[R1] := R2
R1 := "GS_INCREASING"
R2 := 506
R0[R1] := R2
R1 := "GS_MAGICALBULLET"
R2 := 507
R0[R1] := R2
R1 := "GS_CRACKER"
R2 := 508
R0[R1] := R2
R1 := "GS_SINGLEACTION"
R2 := 509
R0[R1] := R2
R1 := "GS_SNAKEEYE"
R2 := 510
R0[R1] := R2
R1 := "GS_CHAINACTION"
R2 := 511
R0[R1] := R2
R1 := "GS_TRACKING"
R2 := 512
R0[R1] := R2
R1 := "GS_DISARM"
R2 := 513
R0[R1] := R2
R1 := "GS_PIERCINGSHOT"
R2 := 514
R0[R1] := R2
R1 := "GS_RAPIDSHOWER"
R2 := 515
R0[R1] := R2
R1 := "GS_DESPERADO"
R2 := 516
R0[R1] := R2
R1 := "GS_GATLINGFEVER"
R2 := 517
R0[R1] := R2
R1 := "GS_DUST"
R2 := 518
R0[R1] := R2
R1 := "GS_FULLBUSTER"
R2 := 519
R0[R1] := R2
R1 := "GS_SPREADATTACK"
R2 := 520
R0[R1] := R2
R1 := "GS_GROUNDDRIFT"
R2 := 521
R0[R1] := R2
R1 := "NJ_TOBIDOUGU"
R2 := 522
R0[R1] := R2
R1 := "NJ_SYURIKEN"
R2 := 523
R0[R1] := R2
R1 := "NJ_KUNAI"
R2 := 524
R0[R1] := R2
R1 := "NJ_HUUMA"
R2 := 525
R0[R1] := R2
R1 := "NJ_ZENYNAGE"
R2 := 526
R0[R1] := R2
R1 := "NJ_TATAMIGAESHI"
R2 := 527
R0[R1] := R2
R1 := "NJ_KASUMIKIRI"
R2 := 528
R0[R1] := R2
R1 := "NJ_SHADOWJUMP"
R2 := 529
R0[R1] := R2
R1 := "NJ_KIRIKAGE"
R2 := 530
R0[R1] := R2
R1 := "NJ_UTSUSEMI"
R2 := 531
R0[R1] := R2
R1 := "NJ_BUNSINJYUTSU"
R2 := 532
R0[R1] := R2
R1 := "NJ_NINPOU"
R2 := 533
R0[R1] := R2
R1 := "NJ_KOUENKA"
R2 := 534
R0[R1] := R2
R1 := "NJ_KAENSIN"
R2 := 535
R0[R1] := R2
R1 := "NJ_BAKUENRYU"
R2 := 536
R0[R1] := R2
R1 := "NJ_HYOUSENSOU"
R2 := 537
R0[R1] := R2
R1 := "NJ_SUITON"
R2 := 538
R0[R1] := R2
R1 := "NJ_HYOUSYOURAKU"
R2 := 539
R0[R1] := R2
R1 := "NJ_HUUJIN"
R2 := 540
R0[R1] := R2
R1 := "NJ_RAIGEKISAI"
R2 := 541
R0[R1] := R2
R1 := "NJ_KAMAITACHI"
R2 := 542
R0[R1] := R2
R1 := "NJ_NEN"
R2 := 543
R0[R1] := R2
R1 := "NJ_ISSEN"
R2 := 544
R0[R1] := R2
R1 := "MB_FIGHTING"
R2 := 545
R0[R1] := R2
R1 := "MB_NEUTRAL"
R2 := 546
R0[R1] := R2
R1 := "MB_TAIMING_PUTI"
R2 := 547
R0[R1] := R2
R1 := "MB_WHITEPOTION"
R2 := 548
R0[R1] := R2
R1 := "MB_MENTAL"
R2 := 549
R0[R1] := R2
R1 := "MB_CARDPITCHER"
R2 := 550
R0[R1] := R2
R1 := "MB_PETPITCHER"
R2 := 551
R0[R1] := R2
R1 := "MB_BODYSTUDY"
R2 := 552
R0[R1] := R2
R1 := "MB_BODYALTER"
R2 := 553
R0[R1] := R2
R1 := "MB_PETMEMORY"
R2 := 554
R0[R1] := R2
R1 := "MB_M_TELEPORT"
R2 := 555
R0[R1] := R2
R1 := "MB_B_GAIN"
R2 := 556
R0[R1] := R2
R1 := "MB_M_GAIN"
R2 := 557
R0[R1] := R2
R1 := "MB_MISSION"
R2 := 558
R0[R1] := R2
R1 := "MB_MUNAKKNOWLEDGE"
R2 := 559
R0[R1] := R2
R1 := "MB_MUNAKBALL"
R2 := 560
R0[R1] := R2
R1 := "MB_SCROLL"
R2 := 561
R0[R1] := R2
R1 := "MB_B_GATHERING"
R2 := 562
R0[R1] := R2
R1 := "MB_M_GATHERING"
R2 := 563
R0[R1] := R2
R1 := "MB_B_EXCLUDE"
R2 := 564
R0[R1] := R2
R1 := "MB_B_DRIFT"
R2 := 565
R0[R1] := R2
R1 := "MB_B_WALLRUSH"
R2 := 566
R0[R1] := R2
R1 := "MB_M_WALLRUSH"
R2 := 567
R0[R1] := R2
R1 := "MB_B_WALLSHIFT"
R2 := 568
R0[R1] := R2
R1 := "MB_M_WALLCRASH"
R2 := 569
R0[R1] := R2
R1 := "MB_M_REINCARNATION"
R2 := 570
R0[R1] := R2
R1 := "MB_B_EQUIP"
R2 := 571
R0[R1] := R2
R1 := "SL_DEATHKNIGHT"
R2 := 572
R0[R1] := R2
R1 := "SL_COLLECTOR"
R2 := 573
R0[R1] := R2
R1 := "SL_NINJA"
R2 := 574
R0[R1] := R2
R1 := "SL_GUNNER"
R2 := 575
R0[R1] := R2
R1 := "AM_TWILIGHT4"
R2 := 576
R0[R1] := R2
R1 := "DE_BERSERKAIZER"
R2 := 578
R0[R1] := R2
R1 := "DA_DARKPOWER"
R2 := 579
R0[R1] := R2
R1 := "DE_PASSIVE"
R2 := 580
R0[R1] := R2
R1 := "DE_PATTACK"
R2 := 581
R0[R1] := R2
R1 := "DE_PSPEED"
R2 := 582
R0[R1] := R2
R1 := "DE_PDEFENSE"
R2 := 583
R0[R1] := R2
R1 := "DE_PCRITICAL"
R2 := 584
R0[R1] := R2
R1 := "DE_PHP"
R2 := 585
R0[R1] := R2
R1 := "DE_PSP"
R2 := 586
R0[R1] := R2
R1 := "DE_RESET"
R2 := 587
R0[R1] := R2
R1 := "DE_RANKING"
R2 := 588
R0[R1] := R2
R1 := "DE_PTRIPLE"
R2 := 589
R0[R1] := R2
R1 := "DE_ENERGY"
R2 := 590
R0[R1] := R2
R1 := "DE_NIGHTMARE"
R2 := 591
R0[R1] := R2
R1 := "DE_SLASH"
R2 := 592
R0[R1] := R2
R1 := "DE_COIL"
R2 := 593
R0[R1] := R2
R1 := "DE_WAVE"
R2 := 594
R0[R1] := R2
R1 := "DE_REBIRTH"
R2 := 595
R0[R1] := R2
R1 := "DE_AURA"
R2 := 596
R0[R1] := R2
R1 := "DE_FREEZER"
R2 := 597
R0[R1] := R2
R1 := "DE_CHANGEATTACK"
R2 := 598
R0[R1] := R2
R1 := "DE_PUNISH"
R2 := 599
R0[R1] := R2
R1 := "DE_POISON"
R2 := 600
R0[R1] := R2
R1 := "DE_INSTANT"
R2 := 601
R0[R1] := R2
R1 := "DE_WARNING"
R2 := 602
R0[R1] := R2
R1 := "DE_RANKEDKNIFE"
R2 := 603
R0[R1] := R2
R1 := "DE_RANKEDGRADIUS"
R2 := 604
R0[R1] := R2
R1 := "DE_GAUGE"
R2 := 605
R0[R1] := R2
R1 := "DE_GTIME"
R2 := 606
R0[R1] := R2
R1 := "DE_GPAIN"
R2 := 607
R0[R1] := R2
R1 := "DE_GSKILL"
R2 := 608
R0[R1] := R2
R1 := "DE_GKILL"
R2 := 609
R0[R1] := R2
R1 := "DE_ACCEL"
R2 := 610
R0[R1] := R2
R1 := "DE_BLOCKDOUBLE"
R2 := 611
R0[R1] := R2
R1 := "DE_BLOCKMELEE"
R2 := 612
R0[R1] := R2
R1 := "DE_BLOCKFAR"
R2 := 613
R0[R1] := R2
R1 := "DE_FRONTATTACK"
R2 := 614
R0[R1] := R2
R1 := "DE_DANGERATTACK"
R2 := 615
R0[R1] := R2
R1 := "DE_TWINATTACK"
R2 := 616
R0[R1] := R2
R1 := "DE_WINDATTACK"
R2 := 617
R0[R1] := R2
R1 := "DE_WATERATTACK"
R2 := 618
R0[R1] := R2
R1 := "DA_ENERGY"
R2 := 619
R0[R1] := R2
R1 := "DA_CLOUD"
R2 := 620
R0[R1] := R2
R1 := "DA_FIRSTSLOT"
R2 := 621
R0[R1] := R2
R1 := "DA_HEADDEF"
R2 := 622
R0[R1] := R2
R1 := "DA_SPACE"
R2 := 623
R0[R1] := R2
R1 := "DA_TRANSFORM"
R2 := 624
R0[R1] := R2
R1 := "DA_EXPLOSION"
R2 := 625
R0[R1] := R2
R1 := "DA_REWARD"
R2 := 626
R0[R1] := R2
R1 := "DA_CRUSH"
R2 := 627
R0[R1] := R2
R1 := "DA_ITEMREBUILD"
R2 := 628
R0[R1] := R2
R1 := "DA_ILLUSION"
R2 := 629
R0[R1] := R2
R1 := "DA_NUETRALIZE"
R2 := 630
R0[R1] := R2
R1 := "DA_RUNNER"
R2 := 631
R0[R1] := R2
R1 := "DA_TRANSFER"
R2 := 632
R0[R1] := R2
R1 := "DA_WALL"
R2 := 633
R0[R1] := R2
R1 := "DA_REVENGE"
R2 := 635
R0[R1] := R2
R1 := "DA_EARPLUG"
R2 := 636
R0[R1] := R2
R1 := "DA_CONTRACT"
R2 := 637
R0[R1] := R2
R1 := "DA_BLACK"
R2 := 638
R0[R1] := R2
R1 := "DA_DREAM"
R2 := 639
R0[R1] := R2
R1 := "DA_MAGICCART"
R2 := 640
R0[R1] := R2
R1 := "DA_COPY"
R2 := 641
R0[R1] := R2
R1 := "DA_CRYSTAL"
R2 := 642
R0[R1] := R2
R1 := "DA_EXP"
R2 := 643
R0[R1] := R2
R1 := "DA_CARTSWING"
R2 := 644
R0[R1] := R2
R1 := "DA_REBUILD"
R2 := 645
R0[R1] := R2
R1 := "DA_JOBCHANGE"
R2 := 646
R0[R1] := R2
R1 := "DA_EDARKNESS"
R2 := 647
R0[R1] := R2
R1 := "DA_EGUARDIAN"
R2 := 648
R0[R1] := R2
R1 := "DA_TIMEOUT"
R2 := 649
R0[R1] := R2
R1 := "ALL_TIMEIN"
R2 := 650
R0[R1] := R2
R1 := "DA_ZENYRANK"
R2 := 651
R0[R1] := R2
R1 := "DA_ACCESSORYMIX"
R2 := 652
R0[R1] := R2
R1 := "NPC_EARTHQUAKE"
R2 := 653
R0[R1] := R2
R1 := "NPC_DRAGONFEAR"
R2 := 659
R0[R1] := R2
R1 := "NPC_PULSESTRIKE"
R2 := 661
R0[R1] := R2
R1 := "NPC_HELLJUDGEMENT"
R2 := 662
R0[R1] := R2
R1 := "NPC_WIDESILENCE"
R2 := 663
R0[R1] := R2
R1 := "NPC_WIDEFREEZE"
R2 := 664
R0[R1] := R2
R1 := "NPC_WIDEBLEEDING"
R2 := 665
R0[R1] := R2
R1 := "NPC_WIDESTONE"
R2 := 666
R0[R1] := R2
R1 := "NPC_WIDECONFUSE"
R2 := 667
R0[R1] := R2
R1 := "NPC_WIDESLEEP"
R2 := 668
R0[R1] := R2
R1 := "NPC_EVILLAND"
R2 := 670
R0[R1] := R2
R1 := "NPC_MAGICMIRROR"
R2 := 671
R0[R1] := R2
R1 := "NPC_SLOWCAST"
R2 := 672
R0[R1] := R2
R1 := "NPC_CRITICALWOUND"
R2 := 673
R0[R1] := R2
R1 := "NPC_STONESKIN"
R2 := 675
R0[R1] := R2
R1 := "NPC_ANTIMAGIC"
R2 := 676
R0[R1] := R2
R1 := "NPC_WIDECURSE"
R2 := 677
R0[R1] := R2
R1 := "NPC_WIDESTUN"
R2 := 678
R0[R1] := R2
R1 := "NPC_VAMPIRE_GIFT"
R2 := 679
R0[R1] := R2
R1 := "NPC_WIDESOULDRAIN"
R2 := 680
R0[R1] := R2
R1 := "ALL_INCCARRY"
R2 := 681
R0[R1] := R2
R1 := "NPC_HELLPOWER"
R2 := 683
R0[R1] := R2
R1 := "NPC_ALLHEAL"
R2 := 687
R0[R1] := R2
R1 := "GM_SANDMAN"
R2 := 688
R0[R1] := R2
R1 := "ALL_CATCRY"
R2 := 692
R0[R1] := R2
R1 := "ALL_PARTYFLEE"
R2 := 693
R0[R1] := R2
R1 := "ALL_ANGEL_PROTECT"
R2 := 694
R0[R1] := R2
R1 := "ALL_DREAM_SUMMERNIGHT"
R2 := 695
R0[R1] := R2
R1 := "ALL_REVERSEORCISH"
R2 := 697
R0[R1] := R2
R1 := "ALL_WEWISH"
R2 := 698
R0[R1] := R2
R1 := "KN_CHARGEATK"
R2 := 1001
R0[R1] := R2
R1 := "CR_SHRINK"
R2 := 1002
R0[R1] := R2
R1 := "AS_SONICACCEL"
R2 := 1003
R0[R1] := R2
R1 := "AS_VENOMKNIFE"
R2 := 1004
R0[R1] := R2
R1 := "RG_CLOSECONFINE"
R2 := 1005
R0[R1] := R2
R1 := "WZ_SIGHTBLASTER"
R2 := 1006
R0[R1] := R2
R1 := "SA_CREATECON"
R2 := 1007
R0[R1] := R2
R1 := "SA_ELEMENTWATER"
R2 := 1008
R0[R1] := R2
R1 := "HT_PHANTASMIC"
R2 := 1009
R0[R1] := R2
R1 := "BA_PANGVOICE"
R2 := 1010
R0[R1] := R2
R1 := "DC_WINKCHARM"
R2 := 1011
R0[R1] := R2
R1 := "BS_UNFAIRLYTRICK"
R2 := 1012
R0[R1] := R2
R1 := "BS_GREED"
R2 := 1013
R0[R1] := R2
R1 := "PR_REDEMPTIO"
R2 := 1014
R0[R1] := R2
R1 := "MO_KITRANSLATION"
R2 := 1015
R0[R1] := R2
R1 := "MO_BALKYOUNG"
R2 := 1016
R0[R1] := R2
R1 := "SA_ELEMENTGROUND"
R2 := 1017
R0[R1] := R2
R1 := "SA_ELEMENTFIRE"
R2 := 1018
R0[R1] := R2
R1 := "SA_ELEMENTWIND"
R2 := 1019
R0[R1] := R2
R1 := "RK_ENCHANTBLADE"
R2 := 2001
R0[R1] := R2
R1 := "RK_SONICWAVE"
R2 := 2002
R0[R1] := R2
R1 := "RK_DEATHBOUND"
R2 := 2003
R0[R1] := R2
R1 := "RK_HUNDREDSPEAR"
R2 := 2004
R0[R1] := R2
R1 := "RK_WINDCUTTER"
R2 := 2005
R0[R1] := R2
R1 := "RK_IGNITIONBREAK"
R2 := 2006
R0[R1] := R2
R1 := "RK_DRAGONTRAINING"
R2 := 2007
R0[R1] := R2
R1 := "RK_DRAGONBREATH"
R2 := 2008
R0[R1] := R2
R1 := "RK_DRAGONHOWLING"
R2 := 2009
R0[R1] := R2
R1 := "RK_RUNEMASTERY"
R2 := 2010
R0[R1] := R2
R1 := "RK_MILLENNIUMSHIELD"
R2 := 2011
R0[R1] := R2
R1 := "RK_CRUSHSTRIKE"
R2 := 2012
R0[R1] := R2
R1 := "RK_REFRESH"
R2 := 2013
R0[R1] := R2
R1 := "RK_GIANTGROWTH"
R2 := 2014
R0[R1] := R2
R1 := "RK_STONEHARDSKIN"
R2 := 2015
R0[R1] := R2
R1 := "RK_VITALITYACTIVATION"
R2 := 2016
R0[R1] := R2
R1 := "RK_STORMBLAST"
R2 := 2017
R0[R1] := R2
R1 := "RK_FIGHTINGSPIRIT"
R2 := 2018
R0[R1] := R2
R1 := "RK_ABUNDANCE"
R2 := 2019
R0[R1] := R2
R1 := "RK_PHANTOMTHRUST"
R2 := 2020
R0[R1] := R2
R1 := "GC_VENOMIMPRESS"
R2 := 2021
R0[R1] := R2
R1 := "GC_CROSSIMPACT"
R2 := 2022
R0[R1] := R2
R1 := "GC_DARKILLUSION"
R2 := 2023
R0[R1] := R2
R1 := "GC_RESEARCHNEWPOISON"
R2 := 2024
R0[R1] := R2
R1 := "GC_CREATENEWPOISON"
R2 := 2025
R0[R1] := R2
R1 := "GC_ANTIDOTE"
R2 := 2026
R0[R1] := R2
R1 := "GC_POISONINGWEAPON"
R2 := 2027
R0[R1] := R2
R1 := "GC_WEAPONBLOCKING"
R2 := 2028
R0[R1] := R2
R1 := "GC_COUNTERSLASH"
R2 := 2029
R0[R1] := R2
R1 := "GC_WEAPONCRUSH"
R2 := 2030
R0[R1] := R2
R1 := "GC_VENOMPRESSURE"
R2 := 2031
R0[R1] := R2
R1 := "GC_POISONSMOKE"
R2 := 2032
R0[R1] := R2
R1 := "GC_CLOAKINGEXCEED"
R2 := 2033
R0[R1] := R2
R1 := "GC_PHANTOMMENACE"
R2 := 2034
R0[R1] := R2
R1 := "GC_HALLUCINATIONWALK"
R2 := 2035
R0[R1] := R2
R1 := "GC_ROLLINGCUTTER"
R2 := 2036
R0[R1] := R2
R1 := "GC_CROSSRIPPERSLASHER"
R2 := 2037
R0[R1] := R2
R1 := "AB_JUDEX"
R2 := 2038
R0[R1] := R2
R1 := "AB_ANCILLA"
R2 := 2039
R0[R1] := R2
R1 := "AB_ADORAMUS"
R2 := 2040
R0[R1] := R2
R1 := "AB_CLEMENTIA"
R2 := 2041
R0[R1] := R2
R1 := "AB_CANTO"
R2 := 2042
R0[R1] := R2
R1 := "AB_CHEAL"
R2 := 2043
R0[R1] := R2
R1 := "AB_EPICLESIS"
R2 := 2044
R0[R1] := R2
R1 := "AB_PRAEFATIO"
R2 := 2045
R0[R1] := R2
R1 := "AB_ORATIO"
R2 := 2046
R0[R1] := R2
R1 := "AB_LAUDAAGNUS"
R2 := 2047
R0[R1] := R2
R1 := "AB_LAUDARAMUS"
R2 := 2048
R0[R1] := R2
R1 := "AB_EUCHARISTICA"
R2 := 2049
R0[R1] := R2
R1 := "AB_RENOVATIO"
R2 := 2050
R0[R1] := R2
R1 := "AB_HIGHNESSHEAL"
R2 := 2051
R0[R1] := R2
R1 := "AB_CLEARANCE"
R2 := 2052
R0[R1] := R2
R1 := "AB_EXPIATIO"
R2 := 2053
R0[R1] := R2
R1 := "AB_DUPLELIGHT"
R2 := 2054
R0[R1] := R2
R1 := "AB_DUPLELIGHT_MELEE"
R2 := 2055
R0[R1] := R2
R1 := "AB_DUPLELIGHT_MAGIC"
R2 := 2056
R0[R1] := R2
R1 := "AB_SILENTIUM"
R2 := 2057
R0[R1] := R2
R1 := "WL_WHITEIMPRISON"
R2 := 2201
R0[R1] := R2
R1 := "WL_SOULEXPANSION"
R2 := 2202
R0[R1] := R2
R1 := "WL_FROSTMISTY"
R2 := 2203
R0[R1] := R2
R1 := "WL_JACKFROST"
R2 := 2204
R0[R1] := R2
R1 := "WL_MARSHOFABYSS"
R2 := 2205
R0[R1] := R2
R1 := "WL_RECOGNIZEDSPELL"
R2 := 2206
R0[R1] := R2
R1 := "WL_SIENNAEXECRATE"
R2 := 2207
R0[R1] := R2
R1 := "WL_RADIUS"
R2 := 2208
R0[R1] := R2
R1 := "WL_STASIS"
R2 := 2209
R0[R1] := R2
R1 := "WL_DRAINLIFE"
R2 := 2210
R0[R1] := R2
R1 := "WL_CRIMSONROCK"
R2 := 2211
R0[R1] := R2
R1 := "WL_HELLINFERNO"
R2 := 2212
R0[R1] := R2
R1 := "WL_COMET"
R2 := 2213
R0[R1] := R2
R1 := "WL_CHAINLIGHTNING"
R2 := 2214
R0[R1] := R2
R1 := "WL_EARTHSTRAIN"
R2 := 2216
R0[R1] := R2
R1 := "WL_TETRAVORTEX"
R2 := 2217
R0[R1] := R2
R1 := "WL_SUMMONFB"
R2 := 2222
R0[R1] := R2
R1 := "WL_SUMMONBL"
R2 := 2223
R0[R1] := R2
R1 := "WL_SUMMONWB"
R2 := 2224
R0[R1] := R2
R1 := "WL_SUMMONSTONE"
R2 := 2229
R0[R1] := R2
R1 := "WL_RELEASE"
R2 := 2230
R0[R1] := R2
R1 := "WL_READING_SB"
R2 := 2231
R0[R1] := R2
R1 := "WL_FREEZE_SP"
R2 := 2232
R0[R1] := R2
R1 := "RA_ARROWSTORM"
R2 := 2233
R0[R1] := R2
R1 := "RA_FEARBREEZE"
R2 := 2234
R0[R1] := R2
R1 := "RA_RANGERMAIN"
R2 := 2235
R0[R1] := R2
R1 := "RA_AIMEDBOLT"
R2 := 2236
R0[R1] := R2
R1 := "RA_DETONATOR"
R2 := 2237
R0[R1] := R2
R1 := "RA_ELECTRICSHOCKER"
R2 := 2238
R0[R1] := R2
R1 := "RA_CLUSTERBOMB"
R2 := 2239
R0[R1] := R2
R1 := "RA_WUGMASTERY"
R2 := 2240
R0[R1] := R2
R1 := "RA_WUGRIDER"
R2 := 2241
R0[R1] := R2
R1 := "RA_WUGDASH"
R2 := 2242
R0[R1] := R2
R1 := "RA_WUGSTRIKE"
R2 := 2243
R0[R1] := R2
R1 := "RA_WUGBITE"
R2 := 2244
R0[R1] := R2
R1 := "RA_TOOTHOFWUG"
R2 := 2245
R0[R1] := R2
R1 := "RA_SENSITIVEKEEN"
R2 := 2246
R0[R1] := R2
R1 := "RA_CAMOUFLAGE"
R2 := 2247
R0[R1] := R2
R1 := "RA_RESEARCHTRAP"
R2 := 2248
R0[R1] := R2
R1 := "RA_MAGENTATRAP"
R2 := 2249
R0[R1] := R2
R1 := "RA_COBALTTRAP"
R2 := 2250
R0[R1] := R2
R1 := "RA_MAIZETRAP"
R2 := 2251
R0[R1] := R2
R1 := "RA_VERDURETRAP"
R2 := 2252
R0[R1] := R2
R1 := "RA_FIRINGTRAP"
R2 := 2253
R0[R1] := R2
R1 := "RA_ICEBOUNDTRAP"
R2 := 2254
R0[R1] := R2
R1 := "NC_MADOLICENCE"
R2 := 2255
R0[R1] := R2
R1 := "NC_BOOSTKNUCKLE"
R2 := 2256
R0[R1] := R2
R1 := "NC_PILEBUNKER"
R2 := 2257
R0[R1] := R2
R1 := "NC_VULCANARM"
R2 := 2258
R0[R1] := R2
R1 := "NC_FLAMELAUNCHER"
R2 := 2259
R0[R1] := R2
R1 := "NC_COLDSLOWER"
R2 := 2260
R0[R1] := R2
R1 := "NC_ARMSCANNON"
R2 := 2261
R0[R1] := R2
R1 := "NC_ACCELERATION"
R2 := 2262
R0[R1] := R2
R1 := "NC_HOVERING"
R2 := 2263
R0[R1] := R2
R1 := "NC_F_SIDESLIDE"
R2 := 2264
R0[R1] := R2
R1 := "NC_B_SIDESLIDE"
R2 := 2265
R0[R1] := R2
R1 := "NC_MAINFRAME"
R2 := 2266
R0[R1] := R2
R1 := "NC_SELFDESTRUCTION"
R2 := 2267
R0[R1] := R2
R1 := "NC_SHAPESHIFT"
R2 := 2268
R0[R1] := R2
R1 := "NC_EMERGENCYCOOL"
R2 := 2269
R0[R1] := R2
R1 := "NC_INFRAREDSCAN"
R2 := 2270
R0[R1] := R2
R1 := "NC_ANALYZE"
R2 := 2271
R0[R1] := R2
R1 := "NC_MAGNETICFIELD"
R2 := 2272
R0[R1] := R2
R1 := "NC_NEUTRALBARRIER"
R2 := 2273
R0[R1] := R2
R1 := "NC_STEALTHFIELD"
R2 := 2274
R0[R1] := R2
R1 := "NC_REPAIR"
R2 := 2275
R0[R1] := R2
R1 := "NC_TRAININGAXE"
R2 := 2276
R0[R1] := R2
R1 := "NC_RESEARCHFE"
R2 := 2277
R0[R1] := R2
R1 := "NC_AXEBOOMERANG"
R2 := 2278
R0[R1] := R2
R1 := "NC_POWERSWING"
R2 := 2279
R0[R1] := R2
R1 := "NC_AXETORNADO"
R2 := 2280
R0[R1] := R2
R1 := "NC_SILVERSNIPER"
R2 := 2281
R0[R1] := R2
R1 := "NC_MAGICDECOY"
R2 := 2282
R0[R1] := R2
R1 := "NC_DISJOINT"
R2 := 2283
R0[R1] := R2
R1 := "SC_FATALMENACE"
R2 := 2284
R0[R1] := R2
R1 := "SC_REPRODUCE"
R2 := 2285
R0[R1] := R2
R1 := "SC_AUTOSHADOWSPELL"
R2 := 2286
R0[R1] := R2
R1 := "SC_SHADOWFORM"
R2 := 2287
R0[R1] := R2
R1 := "SC_TRIANGLESHOT"
R2 := 2288
R0[R1] := R2
R1 := "SC_BODYPAINT"
R2 := 2289
R0[R1] := R2
R1 := "SC_INVISIBILITY"
R2 := 2290
R0[R1] := R2
R1 := "SC_DEADLYINFECT"
R2 := 2291
R0[R1] := R2
R1 := "SC_ENERVATION"
R2 := 2292
R0[R1] := R2
R1 := "SC_GROOMY"
R2 := 2293
R0[R1] := R2
R1 := "SC_IGNORANCE"
R2 := 2294
R0[R1] := R2
R1 := "SC_LAZINESS"
R2 := 2295
R0[R1] := R2
R1 := "SC_UNLUCKY"
R2 := 2296
R0[R1] := R2
R1 := "SC_WEAKNESS"
R2 := 2297
R0[R1] := R2
R1 := "SC_STRIPACCESSARY"
R2 := 2298
R0[R1] := R2
R1 := "SC_MANHOLE"
R2 := 2299
R0[R1] := R2
R1 := "SC_DIMENSIONDOOR"
R2 := 2300
R0[R1] := R2
R1 := "SC_CHAOSPANIC"
R2 := 2301
R0[R1] := R2
R1 := "SC_MAELSTROM"
R2 := 2302
R0[R1] := R2
R1 := "SC_BLOODYLUST"
R2 := 2303
R0[R1] := R2
R1 := "SC_FEINTBOMB"
R2 := 2304
R0[R1] := R2
R1 := "LG_CANNONSPEAR"
R2 := 2307
R0[R1] := R2
R1 := "LG_BANISHINGPOINT"
R2 := 2308
R0[R1] := R2
R1 := "LG_TRAMPLE"
R2 := 2309
R0[R1] := R2
R1 := "LG_SHIELDPRESS"
R2 := 2310
R0[R1] := R2
R1 := "LG_REFLECTDAMAGE"
R2 := 2311
R0[R1] := R2
R1 := "LG_PINPOINTATTACK"
R2 := 2312
R0[R1] := R2
R1 := "LG_FORCEOFVANGUARD"
R2 := 2313
R0[R1] := R2
R1 := "LG_RAGEBURST"
R2 := 2314
R0[R1] := R2
R1 := "LG_SHIELDSPELL"
R2 := 2315
R0[R1] := R2
R1 := "LG_EXEEDBREAK"
R2 := 2316
R0[R1] := R2
R1 := "LG_OVERBRAND"
R2 := 2317
R0[R1] := R2
R1 := "LG_PRESTIGE"
R2 := 2318
R0[R1] := R2
R1 := "LG_BANDING"
R2 := 2319
R0[R1] := R2
R1 := "LG_MOONSLASHER"
R2 := 2320
R0[R1] := R2
R1 := "LG_RAYOFGENESIS"
R2 := 2321
R0[R1] := R2
R1 := "LG_PIETY"
R2 := 2322
R0[R1] := R2
R1 := "LG_EARTHDRIVE"
R2 := 2323
R0[R1] := R2
R1 := "LG_HESPERUSLIT"
R2 := 2324
R0[R1] := R2
R1 := "LG_INSPIRATION"
R2 := 2325
R0[R1] := R2
R1 := "SR_DRAGONCOMBO"
R2 := 2326
R0[R1] := R2
R1 := "SR_SKYNETBLOW"
R2 := 2327
R0[R1] := R2
R1 := "SR_EARTHSHAKER"
R2 := 2328
R0[R1] := R2
R1 := "SR_FALLENEMPIRE"
R2 := 2329
R0[R1] := R2
R1 := "SR_TIGERCANNON"
R2 := 2330
R0[R1] := R2
R1 := "SR_RAMPAGEBLASTER"
R2 := 2332
R0[R1] := R2
R1 := "SR_CRESCENTELBOW"
R2 := 2333
R0[R1] := R2
R1 := "SR_CURSEDCIRCLE"
R2 := 2334
R0[R1] := R2
R1 := "SR_LIGHTNINGWALK"
R2 := 2335
R0[R1] := R2
R1 := "SR_KNUCKLEARROW"
R2 := 2336
R0[R1] := R2
R1 := "SR_WINDMILL"
R2 := 2337
R0[R1] := R2
R1 := "SR_RAISINGDRAGON"
R2 := 2338
R0[R1] := R2
R1 := "SR_ASSIMILATEPOWER"
R2 := 2340
R0[R1] := R2
R1 := "SR_POWERVELOCITY"
R2 := 2341
R0[R1] := R2
R1 := "SR_GATEOFHELL"
R2 := 2343
R0[R1] := R2
R1 := "SR_GENTLETOUCH_QUIET"
R2 := 2344
R0[R1] := R2
R1 := "SR_GENTLETOUCH_CURE"
R2 := 2345
R0[R1] := R2
R1 := "SR_GENTLETOUCH_ENERGYGAIN"
R2 := 2346
R0[R1] := R2
R1 := "SR_GENTLETOUCH_CHANGE"
R2 := 2347
R0[R1] := R2
R1 := "SR_GENTLETOUCH_REVITALIZE"
R2 := 2348
R0[R1] := R2
R1 := "WA_SWING_DANCE"
R2 := 2350
R0[R1] := R2
R1 := "WA_SYMPHONY_OF_LOVER"
R2 := 2351
R0[R1] := R2
R1 := "WA_MOONLIT_SERENADE"
R2 := 2352
R0[R1] := R2
R1 := "MI_RUSH_WINDMILL"
R2 := 2381
R0[R1] := R2
R1 := "MI_ECHOSONG"
R2 := 2382
R0[R1] := R2
R1 := "MI_HARMONIZE"
R2 := 2383
R0[R1] := R2
R1 := "WM_LESSON"
R2 := 2412
R0[R1] := R2
R1 := "WM_METALICSOUND"
R2 := 2413
R0[R1] := R2
R1 := "WM_REVERBERATION"
R2 := 2414
R0[R1] := R2
R1 := "WM_DOMINION_IMPULSE"
R2 := 2417
R0[R1] := R2
R1 := "WM_SEVERE_RAINSTORM"
R2 := 2418
R0[R1] := R2
R1 := "WM_POEMOFNETHERWORLD"
R2 := 2419
R0[R1] := R2
R1 := "WM_VOICEOFSIREN"
R2 := 2420
R0[R1] := R2
R1 := "WM_DEADHILLHERE"
R2 := 2421
R0[R1] := R2
R1 := "WM_LULLABY_DEEPSLEEP"
R2 := 2422
R0[R1] := R2
R1 := "WM_SIRCLEOFNATURE"
R2 := 2423
R0[R1] := R2
R1 := "WM_RANDOMIZESPELL"
R2 := 2424
R0[R1] := R2
R1 := "WM_GLOOMYDAY"
R2 := 2425
R0[R1] := R2
R1 := "WM_GREAT_ECHO"
R2 := 2426
R0[R1] := R2
R1 := "WM_SONG_OF_MANA"
R2 := 2427
R0[R1] := R2
R1 := "WM_DANCE_WITH_WUG"
R2 := 2428
R0[R1] := R2
R1 := "WM_SOUND_OF_DESTRUCTION"
R2 := 2429
R0[R1] := R2
R1 := "WM_SATURDAY_NIGHT_FEVER"
R2 := 2430
R0[R1] := R2
R1 := "WM_LERADS_DEW"
R2 := 2431
R0[R1] := R2
R1 := "WM_MELODYOFSINK"
R2 := 2432
R0[R1] := R2
R1 := "WM_BEYOND_OF_WARCRY"
R2 := 2433
R0[R1] := R2
R1 := "WM_UNLIMITED_HUMMING_VOICE"
R2 := 2434
R0[R1] := R2
R1 := "SO_FIREWALK"
R2 := 2443
R0[R1] := R2
R1 := "SO_ELECTRICWALK"
R2 := 2444
R0[R1] := R2
R1 := "SO_SPELLFIST"
R2 := 2445
R0[R1] := R2
R1 := "SO_EARTHGRAVE"
R2 := 2446
R0[R1] := R2
R1 := "SO_DIAMONDDUST"
R2 := 2447
R0[R1] := R2
R1 := "SO_POISON_BUSTER"
R2 := 2448
R0[R1] := R2
R1 := "SO_PSYCHIC_WAVE"
R2 := 2449
R0[R1] := R2
R1 := "SO_CLOUD_KILL"
R2 := 2450
R0[R1] := R2
R1 := "SO_STRIKING"
R2 := 2451
R0[R1] := R2
R1 := "SO_WARMER"
R2 := 2452
R0[R1] := R2
R1 := "SO_VACUUM_EXTREME"
R2 := 2453
R0[R1] := R2
R1 := "SO_VARETYR_SPEAR"
R2 := 2454
R0[R1] := R2
R1 := "SO_ARRULLO"
R2 := 2455
R0[R1] := R2
R1 := "SO_EL_CONTROL"
R2 := 2456
R0[R1] := R2
R1 := "SO_SUMMON_AGNI"
R2 := 2457
R0[R1] := R2
R1 := "SO_SUMMON_AQUA"
R2 := 2458
R0[R1] := R2
R1 := "SO_SUMMON_VENTUS"
R2 := 2459
R0[R1] := R2
R1 := "SO_SUMMON_TERA"
R2 := 2460
R0[R1] := R2
R1 := "SO_EL_ACTION"
R2 := 2461
R0[R1] := R2
R1 := "SO_EL_ANALYSIS"
R2 := 2462
R0[R1] := R2
R1 := "SO_EL_SYMPATHY"
R2 := 2463
R0[R1] := R2
R1 := "SO_EL_CURE"
R2 := 2464
R0[R1] := R2
R1 := "SO_FIRE_INSIGNIA"
R2 := 2465
R0[R1] := R2
R1 := "SO_WATER_INSIGNIA"
R2 := 2466
R0[R1] := R2
R1 := "SO_WIND_INSIGNIA"
R2 := 2467
R0[R1] := R2
R1 := "SO_EARTH_INSIGNIA"
R2 := 2468
R0[R1] := R2
R1 := "ALL_BUYING_STORE"
R2 := 2535
R0[R1] := R2
R1 := "EL_AQUAPLAY"
R2 := 8416
R0[R1] := R2
R1 := "EL_BLAST"
R2 := 8420
R0[R1] := R2
R1 := "EL_CHILLY_AIR"
R2 := 8418
R0[R1] := R2
R1 := "EL_CIRCLE_OF_FIRE"
R2 := 8401
R0[R1] := R2
R1 := "EL_COOLER"
R2 := 8417
R0[R1] := R2
R1 := "EL_CURSED_SOIL"
R2 := 8423
R0[R1] := R2
R1 := "EL_FIRE_ARROW"
R2 := 8425
R0[R1] := R2
R1 := "EL_FIRE_BOMB"
R2 := 8426
R0[R1] := R2
R1 := "EL_FIRE_BOMB_ATK"
R2 := 8427
R0[R1] := R2
R1 := "EL_FIRE_CLOAK"
R2 := 8402
R0[R1] := R2
R1 := "EL_FIRE_MANTLE"
R2 := 8403
R0[R1] := R2
R1 := "EL_FIRE_WAVE"
R2 := 8428
R0[R1] := R2
R1 := "EL_FIRE_WAVE_ATK"
R2 := 8429
R0[R1] := R2
R1 := "EL_GUST"
R2 := 8419
R0[R1] := R2
R1 := "EL_HEATER"
R2 := 8414
R0[R1] := R2
R1 := "EL_HURRICANE"
R2 := 8435
R0[R1] := R2
R1 := "EL_HURRICANE_ATK"
R2 := 8436
R0[R1] := R2
R1 := "EL_ICE_NEEDLE"
R2 := 8430
R0[R1] := R2
R1 := "EL_PETROLOGY"
R2 := 8422
R0[R1] := R2
R1 := "EL_POWER_OF_GAIA"
R2 := 8412
R0[R1] := R2
R1 := "EL_PYROTECHNIC"
R2 := 8413
R0[R1] := R2
R1 := "EL_ROCK_CRUSHER"
R2 := 8440
R0[R1] := R2
R1 := "EL_ROCK_CRUSHER_ATK"
R2 := 8441
R0[R1] := R2
R1 := "EL_SOLID_SKIN"
R2 := 8410
R0[R1] := R2
R1 := "EL_STONE_HAMMER"
R2 := 8439
R0[R1] := R2
R1 := "EL_STONE_RAIN"
R2 := 8442
R0[R1] := R2
R1 := "EL_STONE_SHIELD"
R2 := 8411
R0[R1] := R2
R1 := "EL_TIDAL_WEAPON"
R2 := 8433
R0[R1] := R2
R1 := "EL_TROPIC"
R2 := 8415
R0[R1] := R2
R1 := "EL_TYPOON_MIS"
R2 := 8437
R0[R1] := R2
R1 := "EL_TYPOON_MIS_ATK"
R2 := 8438
R0[R1] := R2
R1 := "EL_UPHEAVAL"
R2 := 8424
R0[R1] := R2
R1 := "EL_WATER_BARRIER"
R2 := 8406
R0[R1] := R2
R1 := "EL_WATER_DROP"
R2 := 8405
R0[R1] := R2
R1 := "EL_WATER_SCREEN"
R2 := 8404
R0[R1] := R2
R1 := "EL_WATER_SCREW"
R2 := 8431
R0[R1] := R2
R1 := "EL_WATER_SCREW_ATK"
R2 := 8432
R0[R1] := R2
R1 := "EL_WILD_STORM"
R2 := 8421
R0[R1] := R2
R1 := "EL_WIND_CURTAIN"
R2 := 8408
R0[R1] := R2
R1 := "EL_WIND_SLASH"
R2 := 8434
R0[R1] := R2
R1 := "EL_WIND_STEP"
R2 := 8407
R0[R1] := R2
R1 := "EL_ZEPHYR"
R2 := 8409
R0[R1] := R2
R1 := "GN_TRAINING_SWORD"
R2 := 2474
R0[R1] := R2
R1 := "GN_REMODELING_CART"
R2 := 2475
R0[R1] := R2
R1 := "GN_CART_TORNADO"
R2 := 2476
R0[R1] := R2
R1 := "GN_CARTCANNON"
R2 := 2477
R0[R1] := R2
R1 := "GN_CARTBOOST"
R2 := 2478
R0[R1] := R2
R1 := "GN_THORNS_TRAP"
R2 := 2479
R0[R1] := R2
R1 := "GN_BLOOD_SUCKER"
R2 := 2480
R0[R1] := R2
R1 := "GN_SPORE_EXPLOSION"
R2 := 2481
R0[R1] := R2
R1 := "GN_WALLOFTHORN"
R2 := 2482
R0[R1] := R2
R1 := "GN_CRAZYWEED"
R2 := 2483
R0[R1] := R2
R1 := "GN_DEMONIC_FIRE"
R2 := 2485
R0[R1] := R2
R1 := "GN_FIRE_EXPANSION"
R2 := 2486
R0[R1] := R2
R1 := "GN_HELLS_PLANT"
R2 := 2490
R0[R1] := R2
R1 := "GN_MANDRAGORA"
R2 := 2492
R0[R1] := R2
R1 := "GN_SLINGITEM"
R2 := 2493
R0[R1] := R2
R1 := "GN_CHANGEMATERIAL"
R2 := 2494
R0[R1] := R2
R1 := "GN_MIX_COOKING"
R2 := 2495
R0[R1] := R2
R1 := "GN_MAKEBOMB"
R2 := 2496
R0[R1] := R2
R1 := "GN_S_PHARMACY"
R2 := 2497
R0[R1] := R2
R1 := "AB_SECRAMENT"
R2 := 2515
R0[R1] := R2
R1 := "SR_HOWLINGOFLION"
R2 := 2517
R0[R1] := R2
R1 := "SR_RIDEINLIGHTNING"
R2 := 2518
R0[R1] := R2
R1 := "ALL_ODINS_RECALL"
R2 := 2533
R0[R1] := R2
R1 := "RETURN_TO_ELDICASTES"
R2 := 2534
R0[R1] := R2
R1 := "HLIF_HEAL"
R2 := 8001
R0[R1] := R2
R1 := "HLIF_AVOID"
R2 := 8002
R0[R1] := R2
R1 := "HLIF_BRAIN"
R2 := 8003
R0[R1] := R2
R1 := "HLIF_CHANGE"
R2 := 8004
R0[R1] := R2
R1 := "HAMI_CASTLE"
R2 := 8005
R0[R1] := R2
R1 := "HAMI_DEFENCE"
R2 := 8006
R0[R1] := R2
R1 := "HAMI_SKIN"
R2 := 8007
R0[R1] := R2
R1 := "HAMI_BLOODLUST"
R2 := 8008
R0[R1] := R2
R1 := "HFLI_MOON"
R2 := 8009
R0[R1] := R2
R1 := "HFLI_FLEET"
R2 := 8010
R0[R1] := R2
R1 := "HFLI_SPEED"
R2 := 8011
R0[R1] := R2
R1 := "HFLI_SBR44"
R2 := 8012
R0[R1] := R2
R1 := "HVAN_CAPRICE"
R2 := 8013
R0[R1] := R2
R1 := "HVAN_CHAOTIC"
R2 := 8014
R0[R1] := R2
R1 := "HVAN_INSTRUCT"
R2 := 8015
R0[R1] := R2
R1 := "HVAN_EXPLOSION"
R2 := 8016
R0[R1] := R2
R1 := "MS_BASH"
R2 := 8201
R0[R1] := R2
R1 := "MS_MAGNUM"
R2 := 8202
R0[R1] := R2
R1 := "MS_BOWLINGBASH"
R2 := 8203
R0[R1] := R2
R1 := "MS_PARRYING"
R2 := 8204
R0[R1] := R2
R1 := "MS_REFLECTSHIELD"
R2 := 8205
R0[R1] := R2
R1 := "MS_BERSERK"
R2 := 8206
R0[R1] := R2
R1 := "MA_DOUBLE"
R2 := 8207
R0[R1] := R2
R1 := "MA_SHOWER"
R2 := 8208
R0[R1] := R2
R1 := "MA_SKIDTRAP"
R2 := 8209
R0[R1] := R2
R1 := "MA_LANDMINE"
R2 := 8210
R0[R1] := R2
R1 := "MA_SANDMAN"
R2 := 8211
R0[R1] := R2
R1 := "MA_FREEZINGTRAP"
R2 := 8212
R0[R1] := R2
R1 := "MA_REMOVETRAP"
R2 := 8213
R0[R1] := R2
R1 := "MA_CHARGEARROW"
R2 := 8214
R0[R1] := R2
R1 := "MA_SHARPSHOOTING"
R2 := 8215
R0[R1] := R2
R1 := "ML_PIERCE"
R2 := 8216
R0[R1] := R2
R1 := "ML_BRANDISH"
R2 := 8217
R0[R1] := R2
R1 := "ML_SPIRALPIERCE"
R2 := 8218
R0[R1] := R2
R1 := "ML_DEFENDER"
R2 := 8219
R0[R1] := R2
R1 := "ML_AUTOGUARD"
R2 := 8220
R0[R1] := R2
R1 := "ML_DEVOTION"
R2 := 8221
R0[R1] := R2
R1 := "MER_MAGNIFICAT"
R2 := 8222
R0[R1] := R2
R1 := "MER_QUICKEN"
R2 := 8223
R0[R1] := R2
R1 := "MER_SIGHT"
R2 := 8224
R0[R1] := R2
R1 := "MER_CRASH"
R2 := 8225
R0[R1] := R2
R1 := "MER_REGAIN"
R2 := 8226
R0[R1] := R2
R1 := "MER_TENDER"
R2 := 8227
R0[R1] := R2
R1 := "MER_BENEDICTION"
R2 := 8228
R0[R1] := R2
R1 := "MER_RECUPERATE"
R2 := 8229
R0[R1] := R2
R1 := "MER_MENTALCURE"
R2 := 8230
R0[R1] := R2
R1 := "MER_COMPRESS"
R2 := 8231
R0[R1] := R2
R1 := "MER_PROVOKE"
R2 := 8232
R0[R1] := R2
R1 := "MER_AUTOBERSERK"
R2 := 8233
R0[R1] := R2
R1 := "MER_DECAGI"
R2 := 8234
R0[R1] := R2
R1 := "MER_SCAPEGOAT"
R2 := 8235
R0[R1] := R2
R1 := "MER_LEXDIVINA"
R2 := 8236
R0[R1] := R2
R1 := "MER_ESTIMATION"
R2 := 8237
R0[R1] := R2
R1 := "MER_KYRIE"
R2 := 8238
R0[R1] := R2
R1 := "MER_BLESSING"
R2 := 8239
R0[R1] := R2
R1 := "MER_INCAGI"
R2 := 8240
R0[R1] := R2
R1 := "GD_APPROVAL"
R2 := 10000
R0[R1] := R2
R1 := "GD_KAFRACONTRACT"
R2 := 10001
R0[R1] := R2
R1 := "GD_GUARDRESEARCH"
R2 := 10002
R0[R1] := R2
R1 := "GD_GUARDUP"
R2 := 10003
R0[R1] := R2
R1 := "GD_EXTENSION"
R2 := 10004
R0[R1] := R2
R1 := "GD_GLORYGUILD"
R2 := 10005
R0[R1] := R2
R1 := "GD_LEADERSHIP"
R2 := 10006
R0[R1] := R2
R1 := "GD_GLORYWOUNDS"
R2 := 10007
R0[R1] := R2
R1 := "GD_SOULCOLD"
R2 := 10008
R0[R1] := R2
R1 := "GD_HAWKEYES"
R2 := 10009
R0[R1] := R2
R1 := "GD_BATTLEORDER"
R2 := 10010
R0[R1] := R2
R1 := "GD_REGENERATION"
R2 := 10011
R0[R1] := R2
R1 := "GD_RESTORE"
R2 := 10012
R0[R1] := R2
R1 := "GD_EMERGENCYCALL"
R2 := 10013
R0[R1] := R2
R1 := "GD_DEVELOPMENT"
R2 := 10014
R0[R1] := R2
R1 := "GD_ITEMEMERGENCYCALL"
R2 := 10015
R0[R1] := R2
SKID := R0
return 
