R0 := {}
R1 := "/notrade"
R2 := "/noshift"
R3 := "/noctrl"
R4 := "/skillfail"
R5 := "/notalkmsg"
R6 := "/notalkmsg2"
R7 := "/showname"
R8 := "/fog"
R9 := "/aura"
R10 := "/window"
R11 := "/miss"
R12 := "/q1"
R13 := "/q2"
R14 := "/effect"
R15 := "/bgm"
R16 := "/sound"
R17 := "/loginout"
R18 := "/shopping"
R19 := "/stateinfo"
R20 := "/snap"
R21 := "/itemsnap"
R22 := "/skillsnap"
R23 := "/hoai"
R24 := "/merai"
R25 := "/camera"
R26 := "/btg"
R0[1,2,3,4,5,6,7,8,9,10,11,12,13,14,15,16,17,18,19,20,21,22,23,24,25,26] := R1,R2,R3,R4,R5,R6,R7,R8,R9,R10,R11,R12,R13,R14,R15,R16,R17,R18,R19,R20,R21,R22,R23,R24,R25,R26
CmdOnOffOderList := R0
R0 := {}
R0["/battlemode"] := 1
R0["/notrade"] := 1
R0["/noshift"] := 1
R0["/noctrl"] := 0
R0["/skillfail"] := 1
R0["/notalkmsg"] := 1
R0["/notalkmsg2"] := 1
R0["/showname"] := 1
R0["/fog"] := 1
R0["/aura"] := 1
R0["/window"] := 1
R0["/miss"] := 1
R0["/q1"] := 0
R0["/q2"] := 0
R0["/effect"] := 1
R0["/bgm"] := 1
R0["/sound"] := 1
R0["/loginout"] := 1
R0["/shopping"] := 1
R0["/stateinfo"] := 1
R0["/snap"] := 0
R0["/itemsnap"] := 0
R0["/skillsnap"] := 1
R0["/hoai"] := 0
R0["/merai"] := 0
R0["/camera"] := 0
R0["/btg"] := 1
CmdOnOffList := R0
R0 := {}
R0["/battlemode"] := "/battlemode : Q ~ O 를 누르면 스킬단축창2의 스킬들이 사용됩니다."
R0["/notrade"] := "/notrade : 거래신청을 자동으로 거절합니다 On Off"
R0["/noshift"] := "/noshift : 쉬프트를 누르지않고 힐로 적을 공격할수있게됩니다 On Off"
R0["/noctrl"] := "/noctrl : 콘트롤을 누르지않아도 자동공격이 됩니다. On Off"
R0["/skillfail"] := "/skillfail : 빨간색의 스킬사용 실패 메세지를 표시하지 않습니다 On Off"
R0["/notalkmsg"] := "/notalkmsg : 채팅내용을 채팅창에 표시하지 않습니다 On Off"
R0["/notalkmsg2"] := "/notalkmsg2 : 채팅내용을 채팅창에 표시하지 않습니다 (길드말 포함) On Off"
R0["/showname_on"] := "폰트가 정상적으로 바뀌었습니다 [이름표시방식 1]"
R0["/showname_off"] := "폰트가 가늘게 바뀌면서 파티명도 표시됩니다 [이름표시방식 2]"
R0["/fog"] := "/fog : FOG이펙트를 키거나 끌수있습니다 On Off"
R0["/aura"] := "/aura : 오오라를 간략화 시킬수있습니다 On Off"
R0["/window"] := "/window : 창 위치 이동시 다른 창과 달라붙는 속성이 들어갑니다 On Off"
R0["/miss"] := "/miss : 미스표시 On Off"
R0["/q1"] := "/quickspell  : 마우스 우클릭으로 F9에 저장한 스킬을 사용합니다 On Off"
R0["/q2"] := "/quickspell2 : 마우스 WHEEL을 위,아래로 굴려서 F7과F8에 저장한 스킬을 사용합니다 On Off"
R0["/effect"] := "/이펙트 : 이펙트 On Off"
R0["/bgm"] := "/음악 : 배경음악 ON OFF"
R0["/sound"] := "/효과음 : 효과음 On Off"
R0["/loginout"] := "/loginout : 길드원과 친구들의 접속관련 메세지를 보여줍니다. On Off"
R0["/shopping"] := "/shopping : 클릭 한번으로 상점을 열고 상점이름 오른쪽 클릭으로 상점을 닫습니다 On Off"
R0["/stateinfo"] := "/stateinfo : 상태 아이콘에 대한 설명을 보여줍니다. On Off"
R0["/snap"] := "/snap : 공격 대상의 근처에서 마우스 커서를 유도합니다. ON OFF"
R0["/itemsnap"] := "/itemsnap : 아이템의 근처에서 마우스 커서를 유도합니다. ON OFF"
R0["/skillsnap"] := "/skillsnap : 스킬 대상의 근처에서 마우스 커서를 유도합니다. ON OFF"
R0["/hoai"] := "/hoai : 호문클루스의 사용자 인공지능을 사용합니다. ON OFF"
R0["/merai"] := "/merai : 용병의 사용자 인공지능을 사용합니다. ON OFF"
R0["/camera"] := "/camera : 카메라를 고정합니다. ON OFF"
R0["/btg"] := "/btg : 기본 정보창 확장 옵션에서 전장 아이콘을 보여줍니다. ON OFF"
R0["/taekwon"] := "TAEKWON RANK"
R0["/munak"] := "TAIMING RANK"
R0["/death"] := "DEATH KNIGHT RANK"
R0["/collector"] := "COLLECTOR RANK"
R0["/hi"] := "/hi 또는 /hi 문장 : 친구로 등록된 캐릭터들에게 인사를 합니다."
R0["/blacksmith"] := "/blacksmith : 블랙스미스의 상위 10위권 랭킹을 보여줍니다."
R0["/alchemist"] := "/alchemist : 알케미스트의 상위 10위권 랭킹을 보여줍니다."
R0["/help"] := "/h or /help: 명령어 일람"
R0["/who"] := "/w or /who or /접속자 or /누구: 현재 접속자수 보기"
R0["/sit"] := "/앉기 or /sit : 앉기. 앉아있을때 서기"
R0["/stand"] := "/서기 or /stand : 서기. 서있을때 앉기"
R0["/q"] := "/q : 채팅방 나가기"
R0["/leave"] := "/탈퇴 or /leave : 파티 탈퇴"
R0["/where"] := "/좌표 or /장소: 현재 위치 표시"
R0["/memo"] := "워프 장소로 기억됨"
R0["/chat"] := "/채팅방 or /chat : 채팅방 만들기창 띄우기"
R0["/savechat"] := "/갈무리 or /savechat : 채팅 내용 파일로 저장하기"
R0["/doridori"] := "/doridori : 연속해서 이 명령어를 쳐주면 캐릭터가 도리도리 ^^;;"
R0["/bangbang"] := "/bingbing : 연속해서 이 명령어를 쳐주면 캐릭터가 빙글빙글 ^^;;"
R0["/bingbing"] := "/bangbang : 연속해서 이 명령어를 쳐주면 캐릭터가 뱅글뱅글 ^^;;"
R0["/ex"] := "귓말 리스트 창 여는법 : [Alt] + [H] 를 누르면 귓말 리스트 창이 열립니다."
R0["/inall"] := "모두에게 귓말 가능 상태가 됨"
R0["/exall"] := "모두에게 귓말 거부 상태로 됨"
R0["/pvpinfo"] := "/pvpinfo : 자신의 PVP 승패와 PVP 포인트를 알 수 있습니다."
R0["/hunting"] := "/hunting : 사냥 목록을 보여줍니다"
CmdHelpList := R0
R0 := {}
R0["Window_XPos"] := -1
R0["Window_YPos"] := -1
R0["Trilinear"] := 0
R0["Bgm_Volume"] := 100
R0["Effect_Volume"] := 100
R0["AutoOpen1to1Window"] := 1
R0["AutoOpen1to1Window_Friend"] := 1
R0["PlaySound_Open1to1Window"] := 1
R0["Simplicity_SkillList"] := 0
R0["Show_SkillDescript"] := 0
R0["ChangeChatMode"] := 1
R0["LockMouse"] := 0
R0["ChannelCopID"] := 0
R0["Outdoor_ViewLatitude"] := -45
R0["Outdoor_ViewDistance"] := 300
R0["Indoor_ViewLatitude"] := -45
R0["Indoor_ViewDistance"] := 300
R0["SkinName"] := "<Basic Skin>"
OptionInfoList := R0
return 
