R0 := {}
R0["JT_MON_BEGIN"] := 1000
R0["JT_SCORPION"] := 1001
R0["JT_PORING"] := 1002
R0["JT_THIEF_BUG_AGG"] := 1003
R0["JT_HORNET"] := 1004
R0["JT_FARMILIAR"] := 1005
R0["JT_THIEF_BUG_LARVA"] := 1006
R0["JT_FABRE"] := 1007
R0["JT_PUPA"] := 1008
R0["JT_CONDOR"] := 1009
R0["JT_WILOW"] := 1010
R0["JT_CHONCHON"] := 1011
R0["JT_RODA_FROG"] := 1012
R0["JT_WOLF"] := 1013
R0["JT_SPORE"] := 1014
R0["JT_ZOMBIE"] := 1015
R0["JT_ARCHER_SKELETON"] := 1016
R0["JT_THIEF_BUG_FEMALE"] := 1017
R0["JT_CREAMY"] := 1018
R0["JT_PECOPECO"] := 1019
R0["JT_MANDRAGORA"] := 1020
R0["JT_THIEF_BUG_MALE"] := 1021
R0["JT_WERE_WOLF"] := 1022
R0["JT_ORK_WARRIOR"] := 1023
R0["JT_WORM_TAIL"] := 1024
R0["JT_SNAKE"] := 1025
R0["JT_MUNAK"] := 1026
R0["JT_RAPTICE"] := 1027
R0["JT_SOLDIER_SKELETON"] := 1028
R0["JT_ISIS"] := 1029
R0["JT_ANACONDAQ"] := 1030
R0["JT_POPORING"] := 1031
R0["JT_VERIT"] := 1032
R0["JT_ELDER_WILOW"] := 1033
R0["JT_THARA_FROG"] := 1034
R0["JT_HUNTER_FLY"] := 1035
R0["JT_GHOUL"] := 1036
R0["JT_SIDE_WINDER"] := 1037
R0["JT_OSIRIS"] := 1038
R0["JT_BAPHOMET"] := 1039
R0["JT_GOLEM"] := 1040
R0["JT_MUMMY"] := 1041
R0["JT_STEEL_CHONCHON"] := 1042
R0["JT_SEAHORES"] := 1043
R0["JT_OBEAUNE"] := 1044
R0["JT_MARC"] := 1045
R0["JT_DOPPELGANGER"] := 1046
R0["JT_PECOPECO_EGG"] := 1047
R0["JT_THIEF_BUG_EGG"] := 1048
R0["JT_PICKY"] := 1049
R0["JT_PICKY_"] := 1050
R0["JT_THIEF_BUG"] := 1051
R0["JT_ROCKER"] := 1052
R0["JT_THIEF_BUG_"] := 1053
R0["JT_THIEF_BUG__"] := 1054
R0["JT_MUKA"] := 1055
R0["JT_SMOKIE"] := 1056
R0["JT_YOYO"] := 1057
R0["JT_METALLER"] := 1058
R0["JT_MISTRESS"] := 1059
R0["JT_BIGFOOT"] := 1060
R0["JT_NIGHTMARE"] := 1061
R0["JT_PORING_"] := 1062
R0["JT_LUNATIC"] := 1063
R0["JT_MEGALODON"] := 1064
R0["JT_STROUF"] := 1065
R0["JT_VADON"] := 1066
R0["JT_CORNUTUS"] := 1067
R0["JT_HYDRA"] := 1068
R0["JT_SWORD_FISH"] := 1069
R0["JT_KUKRE"] := 1070
R0["JT_PIRATE_SKEL"] := 1071
R0["JT_KAHO"] := 1072
R0["JT_CRAB"] := 1073
R0["JT_SHELLFISH"] := 1074
R0["JT_TURTLE"] := 1075
R0["JT_SKELETON"] := 1076
R0["JT_POISON_SPORE"] := 1077
R0["JT_RED_PLANT"] := 1078
R0["JT_BLUE_PLANT"] := 1079
R0["JT_GREEN_PLANT"] := 1080
R0["JT_YELLOW_PLANT"] := 1081
R0["JT_WHITE_PLANT"] := 1082
R0["JT_SHINING_PLANT"] := 1083
R0["JT_BLACK_MUSHROOM"] := 1084
R0["JT_RED_MUSHROOM"] := 1085
R0["JT_GOLDEN_BUG"] := 1086
R0["JT_ORK_HERO"] := 1087
R0["JT_VOCAL"] := 1088
R0["JT_TOAD"] := 1089
R0["JT_MASTERING"] := 1090
R0["JT_DRAGON_FLY"] := 1091
R0["JT_VAGABOND_WOLF"] := 1092
R0["JT_ECLIPSE"] := 1093
R0["JT_AMBERNITE"] := 1094
R0["JT_ANDRE"] := 1095
R0["JT_ANGELING"] := 1096
R0["JT_ANT_EGG"] := 1097
R0["JT_ANUBIS"] := 1098
R0["JT_ARGIOPE"] := 1099
R0["JT_ARGOS"] := 1100
R0["JT_BAPHOMET_"] := 1101
R0["JT_BATHORY"] := 1102
R0["JT_CARAMEL"] := 1103
R0["JT_COCO"] := 1104
R0["JT_DENIRO"] := 1105
R0["JT_DESERT_WOLF"] := 1106
R0["JT_DESERT_WOLF_B"] := 1107
R0["JT_DEVIACE"] := 1108
R0["JT_DEVIRUCHI"] := 1109
R0["JT_DOKEBI"] := 1110
R0["JT_DRAINLIAR"] := 1111
R0["JT_DRAKE"] := 1112
R0["JT_DROPS"] := 1113
R0["JT_DUSTINESS"] := 1114
R0["JT_EDDGA"] := 1115
R0["JT_EGGYRA"] := 1116
R0["JT_EVIL_DRUID"] := 1117
R0["JT_FLORA"] := 1118
R0["JT_FRILLDORA"] := 1119
R0["JT_GHOSTRING"] := 1120
R0["JT_GIEARTH"] := 1121
R0["JT_GOBLIN_1"] := 1122
R0["JT_GOBLIN_2"] := 1123
R0["JT_GOBLIN_3"] := 1124
R0["JT_GOBLIN_4"] := 1125
R0["JT_GOBLIN_5"] := 1126
R0["JT_HODE"] := 1127
R0["JT_HORN"] := 1128
R0["JT_HORONG"] := 1129
R1 := 1130
R0["JT_JAKK"] := R1
R1 := "JT_JOKER"
R2 := 1131
R0[R1] := R2
R1 := "JT_KHALITZBURG"
R2 := 1132
R0[R1] := R2
R1 := "JT_KOBOLD_1"
R2 := 1133
R0[R1] := R2
R1 := "JT_KOBOLD_2"
R2 := 1134
R0[R1] := R2
R1 := "JT_KOBOLD_3"
R2 := 1135
R0[R1] := R2
R1 := "JT_KOBOLD_4"
R2 := 1136
R0[R1] := R2
R1 := "JT_KOBOLD_5"
R2 := 1137
R0[R1] := R2
R1 := "JT_MAGNOLIA"
R2 := 1138
R0[R1] := R2
R1 := "JT_MANTIS"
R2 := 1139
R0[R1] := R2
R1 := "JT_MARDUK"
R2 := 1140
R0[R1] := R2
R1 := "JT_MARINA"
R2 := 1141
R0[R1] := R2
R1 := "JT_MARINE_SPHERE"
R2 := 1142
R0[R1] := R2
R1 := "JT_MARIONETTE"
R2 := 1143
R0[R1] := R2
R1 := "JT_MARSE"
R2 := 1144
R0[R1] := R2
R1 := "JT_MARTIN"
R2 := 1145
R0[R1] := R2
R1 := "JT_MATYR"
R2 := 1146
R0[R1] := R2
R1 := "JT_MAYA"
R2 := 1147
R0[R1] := R2
R1 := "JT_MEDUSA"
R2 := 1148
R0[R1] := R2
R1 := "JT_MINOROUS"
R2 := 1149
R0[R1] := R2
R1 := "JT_MOONLIGHT"
R2 := 1150
R0[R1] := R2
R1 := "JT_MYST"
R2 := 1151
R0[R1] := R2
R1 := "JT_ORC_SKELETON"
R2 := 1152
R0[R1] := R2
R1 := "JT_ORC_ZOMBIE"
R2 := 1153
R0[R1] := R2
R1 := "JT_PASANA"
R2 := 1154
R0[R1] := R2
R1 := "JT_PETIT"
R2 := 1155
R0[R1] := R2
R1 := "JT_PETIT_"
R2 := 1156
R0[R1] := R2
R1 := "JT_PHARAOH"
R2 := 1157
R0[R1] := R2
R1 := "JT_PHEN"
R2 := 1158
R0[R1] := R2
R1 := "JT_PHREEONI"
R2 := 1159
R0[R1] := R2
R1 := "JT_PIERE"
R2 := 1160
R0[R1] := R2
R1 := "JT_PLANKTON"
R2 := 1161
R0[R1] := R2
R1 := "JT_RAFFLESIA"
R2 := 1162
R0[R1] := R2
R1 := "JT_RAYDRIC"
R2 := 1163
R0[R1] := R2
R1 := "JT_REQUIEM"
R2 := 1164
R0[R1] := R2
R1 := "JT_SAND_MAN"
R2 := 1165
R0[R1] := R2
R1 := "JT_SAVAGE"
R2 := 1166
R0[R1] := R2
R1 := "JT_SAVAGE_BABE"
R2 := 1167
R0[R1] := R2
R1 := "JT_SCORPION_KING"
R2 := 1168
R0[R1] := R2
R1 := "JT_SKEL_WORKER"
R2 := 1169
R0[R1] := R2
R1 := "JT_SOHEE"
R2 := 1170
R0[R1] := R2
R1 := "JT_SOLDIER_ANDRE"
R2 := 1171
R0[R1] := R2
R1 := "JT_SOLDIER_DENIRO"
R2 := 1172
R0[R1] := R2
R1 := "JT_SOLDIER_PIERE"
R2 := 1173
R0[R1] := R2
R1 := "JT_STAINER"
R2 := 1174
R0[R1] := R2
R1 := "JT_TAROU"
R2 := 1175
R0[R1] := R2
R1 := "JT_VITATA"
R2 := 1176
R0[R1] := R2
R1 := "JT_ZENORC"
R2 := 1177
R0[R1] := R2
R1 := "JT_ZEROM"
R2 := 1178
R0[R1] := R2
R1 := "JT_WHISPER"
R2 := 1179
R0[R1] := R2
R1 := "JT_NINE_TAIL"
R2 := 1180
R0[R1] := R2
R1 := "JT_ZOMBIE_DRAGON"
R2 := 1181
R0[R1] := R2
R1 := "JT_THIEF_MUSHROOM"
R2 := 1182
R0[R1] := R2
R1 := "JT_CHONCHON_"
R2 := 1183
R0[R1] := R2
R1 := "JT_FABRE_"
R2 := 1184
R0[R1] := R2
R1 := "JT_WHISPER_"
R2 := 1185
R0[R1] := R2
R1 := "JT_WHISPER_BOSS"
R2 := 1186
R0[R1] := R2
R1 := "JT_SWITCH"
R2 := 1187
R0[R1] := R2
R1 := "JT_BON_GUN"
R2 := 1188
R0[R1] := R2
R1 := "JT_ORC_ARCHER"
R2 := 1189
R0[R1] := R2
R1 := "JT_ORC_LORD"
R2 := 1190
R0[R1] := R2
R1 := "JT_MIMIC"
R2 := 1191
R0[R1] := R2
R1 := "JT_WRAITH"
R2 := 1192
R0[R1] := R2
R1 := "JT_ALARM"
R2 := 1193
R0[R1] := R2
R1 := "JT_ARCLOUSE"
R2 := 1194
R0[R1] := R2
R1 := "JT_RIDEWORD"
R2 := 1195
R0[R1] := R2
R1 := "JT_SKEL_PRISONER"
R2 := 1196
R0[R1] := R2
R1 := "JT_ZOMBIE_PRISONER"
R2 := 1197
R0[R1] := R2
R1 := "JT_DARK_PRIEST"
R2 := 1198
R0[R1] := R2
R1 := "JT_PUNK"
R2 := 1199
R0[R1] := R2
R1 := "JT_ZHERLTHSH"
R2 := 1200
R0[R1] := R2
R1 := "JT_RYBIO"
R2 := 1201
R0[R1] := R2
R1 := "JT_PHENDARK"
R2 := 1202
R0[R1] := R2
R1 := "JT_MYSTELTAINN"
R2 := 1203
R0[R1] := R2
R1 := "JT_TIRFING"
R2 := 1204
R0[R1] := R2
R1 := "JT_EXECUTIONER"
R2 := 1205
R0[R1] := R2
R1 := "JT_ANOLIAN"
R2 := 1206
R0[R1] := R2
R1 := "JT_STING"
R2 := 1207
R0[R1] := R2
R1 := "JT_WANDER_MAN"
R2 := 1208
R0[R1] := R2
R1 := "JT_CRAMP"
R2 := 1209
R0[R1] := R2
R1 := "JT_FILAMENTOUS"
R2 := 1210
R0[R1] := R2
R1 := "JT_BRILIGHT"
R2 := 1211
R0[R1] := R2
R1 := "JT_IRON_FIST"
R2 := 1212
R0[R1] := R2
R1 := "JT_HIGH_ORC"
R2 := 1213
R0[R1] := R2
R1 := "JT_CHOCO"
R2 := 1214
R0[R1] := R2
R1 := "JT_STEM_WORM"
R2 := 1215
R0[R1] := R2
R1 := "JT_PENOMENA"
R2 := 1216
R0[R1] := R2
R1 := "JT_ORC_WARRIOR"
R2 := 1217
R0[R1] := R2
R1 := "JT_PECO_EGG"
R2 := 1218
R0[R1] := R2
R1 := "JT_KNIGHT_OF_ABYSS"
R2 := 1219
R0[R1] := R2
R1 := "JT_DESERT_WOLF_2"
R2 := 1220
R0[R1] := R2
R1 := "JT_SAVAGE_2"
R2 := 1221
R0[R1] := R2
R1 := "JT_HIGH_ORC_2"
R2 := 1222
R0[R1] := R2
R1 := "JT_ORC_WARRIOR_2"
R2 := 1223
R0[R1] := R2
R1 := "JT_POISON_SPORE_2"
R2 := 1224
R0[R1] := R2
R1 := "JT_CHOCO_2"
R2 := 1225
R0[R1] := R2
R1 := "JT_KOBOLD_1_2"
R2 := 1226
R0[R1] := R2
R1 := "JT_GOBLIN_1_2"
R2 := 1227
R0[R1] := R2
R1 := "JT_PHEN_2"
R2 := 1228
R0[R1] := R2
R1 := "JT_FABRE_2"
R2 := 1229
R0[R1] := R2
R1 := "JT_PUPA_2"
R2 := 1230
R0[R1] := R2
R1 := "JT_CREAMY_2"
R2 := 1231
R0[R1] := R2
R1 := "JT_PECO_EGG_2"
R2 := 1232
R0[R1] := R2
R1 := "JT_PECOPECO_2"
R2 := 1233
R0[R1] := R2
R1 := "JT_YOYO_2"
R2 := 1234
R0[R1] := R2
R1 := "JT_ORK_WARRIOR_2"
R2 := 1235
R0[R1] := R2
R1 := "JT_ANT_EGG_2"
R2 := 1236
R0[R1] := R2
R1 := "JT_ANDRE_2"
R2 := 1237
R0[R1] := R2
R1 := "JT_PIERE_2"
R2 := 1238
R0[R1] := R2
R1 := "JT_DENIRO_2"
R2 := 1239
R0[R1] := R2
R1 := "JT_PICKY_2"
R2 := 1240
R0[R1] := R2
R1 := "JT_PICKY__2"
R2 := 1241
R0[R1] := R2
R1 := "JT_MARIN"
R2 := 1242
R0[R1] := R2
R1 := "JT_SASQUATCH"
R2 := 1243
R0[R1] := R2
R1 := "JT_JAKK_XMAS"
R2 := 1244
R0[R1] := R2
R1 := "JT_GOBLINE_XMAS"
R2 := 1245
R0[R1] := R2
R1 := "JT_COOKIE_XMAS"
R2 := 1246
R0[R1] := R2
R1 := "JT_ANTONIO"
R2 := 1247
R0[R1] := R2
R1 := "JT_CRUISER"
R2 := 1248
R0[R1] := R2
R1 := "JT_MYSTCASE"
R2 := 1249
R0[R1] := R2
R1 := "JT_CHEPET"
R2 := 1250
R0[R1] := R2
R1 := "JT_KNIGHT_OF_WINDSTORM"
R2 := 1251
R0[R1] := R2
R1 := "JT_GARM"
R2 := 1252
R0[R1] := R2
R1 := "JT_GARGOYLE"
R2 := 1253
R0[R1] := R2
R1 := "JT_RAGGLER"
R2 := 1254
R0[R1] := R2
R1 := "JT_NERAID"
R2 := 1255
R0[R1] := R2
R1 := "JT_PEST"
R2 := 1256
R0[R1] := R2
R1 := "JT_INJUSTICE"
R2 := 1257
R0[R1] := R2
R1 := "JT_GOBLIN_ARCHER"
R2 := 1258
R0[R1] := R2
R1 := "JT_GRYPHON"
R2 := 1259
R0[R1] := R2
R1 := "JT_DARK_FRAME"
R2 := 1260
R0[R1] := R2
R1 := "JT_WILD_ROSE"
R2 := 1261
R0[R1] := R2
R1 := "JT_MUTANT_DRAGON"
R2 := 1262
R0[R1] := R2
R1 := "JT_WIND_GHOST"
R2 := 1263
R0[R1] := R2
R1 := "JT_MERMAN"
R2 := 1264
R0[R1] := R2
R1 := "JT_COOKIE"
R2 := 1265
R0[R1] := R2
R1 := "JT_ASTER"
R2 := 1266
R0[R1] := R2
R1 := "JT_CARAT"
R2 := 1267
R0[R1] := R2
R1 := "JT_BLOODY_KNIGHT"
R2 := 1268
R0[R1] := R2
R1 := "JT_CLOCK"
R2 := 1269
R0[R1] := R2
R1 := "JT_C_TOWER_MANAGER"
R2 := 1270
R0[R1] := R2
R1 := "JT_ALLIGATOR"
R2 := 1271
R0[R1] := R2
R1 := "JT_DARK_LORD"
R2 := 1272
R0[R1] := R2
R1 := "JT_ORC_LADY"
R2 := 1273
R0[R1] := R2
R1 := "JT_MEGALITH"
R2 := 1274
R0[R1] := R2
R1 := "JT_ALICE"
R2 := 1275
R0[R1] := R2
R1 := "JT_RAYDRIC_ARCHER"
R2 := 1276
R0[R1] := R2
R1 := "JT_GREATEST_GENERAL"
R2 := 1277
R0[R1] := R2
R1 := "JT_STALACTIC_GOLEM"
R2 := 1278
R0[R1] := R2
R1 := "JT_TRI_JOINT"
R2 := 1279
R0[R1] := R2
R1 := "JT_STEAM_GOBLIN"
R2 := 1280
R0[R1] := R2
R1 := "JT_SAGEWORM"
R2 := 1281
R0[R1] := R2
R1 := "JT_KOBOLD_ARCHER"
R2 := 1282
R0[R1] := R2
R1 := "JT_CHIMERA"
R2 := 1283
R0[R1] := R2
R1 := "JT_HUGELING"
R2 := 1284
R0[R1] := R2
R1 := "JT_ARCHER_GUARDIAN"
R2 := 1285
R0[R1] := R2
R1 := "JT_KNIGHT_GUARDIAN"
R2 := 1286
R0[R1] := R2
R1 := "JT_SOLDIER_GUARDIAN"
R2 := 1287
R0[R1] := R2
R1 := "JT_EMPELIUM"
R2 := 1288
R0[R1] := R2
R1 := "JT_MAYA_PUPLE"
R2 := 1289
R0[R1] := R2
R1 := "JT_SKELETON_GENERAL"
R2 := 1290
R0[R1] := R2
R1 := "JT_WRAITH_DEAD"
R2 := 1291
R0[R1] := R2
R1 := "JT_MINI_DEMON"
R2 := 1292
R0[R1] := R2
R1 := "JT_CREMY_FEAR"
R2 := 1293
R0[R1] := R2
R1 := "JT_KILLER_MANTIS"
R2 := 1294
R0[R1] := R2
R1 := "JT_OWL_BARON"
R2 := 1295
R0[R1] := R2
R1 := "JT_KOBOLD_LEADER"
R2 := 1296
R0[R1] := R2
R1 := "JT_ANCIENT_MUMMY"
R2 := 1297
R0[R1] := R2
R1 := "JT_ZOMBIE_MASTER"
R2 := 1298
R0[R1] := R2
R1 := "JT_GOBLIN_LEADER"
R2 := 1299
R0[R1] := R2
R1 := "JT_CATERPILLAR"
R2 := 1300
R0[R1] := R2
R1 := "JT_AM_MUT"
R2 := 1301
R0[R1] := R2
R1 := "JT_DARK_ILLUSION"
R2 := 1302
R0[R1] := R2
R1 := "JT_GIANT_HONET"
R2 := 1303
R0[R1] := R2
R1 := "JT_GIANT_SPIDER"
R2 := 1304
R0[R1] := R2
R1 := "JT_ANCIENT_WORM"
R2 := 1305
R0[R1] := R2
R1 := "JT_LEIB_OLMAI"
R2 := 1306
R0[R1] := R2
R1 := "JT_CAT_O_NINE_TAIL"
R2 := 1307
R0[R1] := R2
R1 := "JT_PANZER_GOBLIN"
R2 := 1308
R0[R1] := R2
R1 := "JT_GAJOMART"
R2 := 1309
R0[R1] := R2
R1 := "JT_MAJORUROS"
R2 := 1310
R0[R1] := R2
R1 := "JT_GULLINBURSTI"
R2 := 1311
R0[R1] := R2
R1 := "JT_TURTLE_GENERAL"
R2 := 1312
R0[R1] := R2
R1 := "JT_MOBSTER"
R2 := 1313
R0[R1] := R2
R1 := "JT_PERMETER"
R2 := 1314
R0[R1] := R2
R1 := "JT_ASSULTER"
R2 := 1315
R0[R1] := R2
R1 := "JT_SOLIDER"
R2 := 1316
R0[R1] := R2
R1 := "JT_FUR_SEAL"
R2 := 1317
R0[R1] := R2
R1 := "JT_HEATER"
R2 := 1318
R0[R1] := R2
R1 := "JT_FREEZER"
R2 := 1319
R0[R1] := R2
R1 := "JT_OWL_DUKE"
R2 := 1320
R0[R1] := R2
R1 := "JT_DRAGON_TAIL"
R2 := 1321
R0[R1] := R2
R1 := "JT_SPRING_RABBIT"
R2 := 1322
R0[R1] := R2
R1 := "JT_SEE_OTTER"
R2 := 1323
R0[R1] := R2
R1 := "JT_TREASURE_BOX1"
R2 := 1324
R0[R1] := R2
R1 := "JT_TREASURE_BOX2"
R2 := 1325
R0[R1] := R2
R1 := "JT_TREASURE_BOX3"
R2 := 1326
R0[R1] := R2
R1 := "JT_TREASURE_BOX4"
R2 := 1327
R0[R1] := R2
R1 := "JT_TREASURE_BOX5"
R2 := 1328
R0[R1] := R2
R1 := "JT_TREASURE_BOX6"
R2 := 1329
R0[R1] := R2
R1 := "JT_TREASURE_BOX7"
R2 := 1330
R0[R1] := R2
R1 := "JT_TREASURE_BOX8"
R2 := 1331
R0[R1] := R2
R1 := "JT_TREASURE_BOX9"
R2 := 1332
R0[R1] := R2
R1 := "JT_TREASURE_BOX10"
R2 := 1333
R0[R1] := R2
R1 := "JT_TREASURE_BOX11"
R2 := 1334
R0[R1] := R2
R1 := "JT_TREASURE_BOX12"
R2 := 1335
R0[R1] := R2
R1 := "JT_TREASURE_BOX13"
R2 := 1336
R0[R1] := R2
R1 := "JT_TREASURE_BOX14"
R2 := 1337
R0[R1] := R2
R1 := "JT_TREASURE_BOX15"
R2 := 1338
R0[R1] := R2
R1 := "JT_TREASURE_BOX16"
R2 := 1339
R0[R1] := R2
R1 := "JT_TREASURE_BOX17"
R2 := 1340
R0[R1] := R2
R1 := "JT_TREASURE_BOX18"
R2 := 1341
R0[R1] := R2
R1 := "JT_TREASURE_BOX19"
R2 := 1342
R0[R1] := R2
R1 := "JT_TREASURE_BOX20"
R2 := 1343
R0[R1] := R2
R1 := "JT_TREASURE_BOX21"
R2 := 1344
R0[R1] := R2
R1 := "JT_TREASURE_BOX22"
R2 := 1345
R0[R1] := R2
R1 := "JT_TREASURE_BOX23"
R2 := 1346
R0[R1] := R2
R1 := "JT_TREASURE_BOX24"
R2 := 1347
R0[R1] := R2
R1 := "JT_TREASURE_BOX25"
R2 := 1348
R0[R1] := R2
R1 := "JT_TREASURE_BOX26"
R2 := 1349
R0[R1] := R2
R1 := "JT_TREASURE_BOX27"
R2 := 1350
R0[R1] := R2
R1 := "JT_TREASURE_BOX28"
R2 := 1351
R0[R1] := R2
R1 := "JT_TREASURE_BOX29"
R2 := 1352
R0[R1] := R2
R1 := "JT_TREASURE_BOX30"
R2 := 1353
R0[R1] := R2
R1 := "JT_TREASURE_BOX31"
R2 := 1354
R0[R1] := R2
R1 := "JT_TREASURE_BOX32"
R2 := 1355
R0[R1] := R2
R1 := "JT_TREASURE_BOX33"
R2 := 1356
R0[R1] := R2
R1 := "JT_TREASURE_BOX34"
R2 := 1357
R0[R1] := R2
R1 := "JT_TREASURE_BOX35"
R2 := 1358
R0[R1] := R2
R1 := "JT_TREASURE_BOX36"
R2 := 1359
R0[R1] := R2
R1 := "JT_TREASURE_BOX37"
R2 := 1360
R0[R1] := R2
R1 := "JT_TREASURE_BOX38"
R2 := 1361
R0[R1] := R2
R1 := "JT_TREASURE_BOX39"
R2 := 1362
R0[R1] := R2
R1 := "JT_TREASURE_BOX40"
R2 := 1363
R0[R1] := R2
R1 := "JT_G_ASSULTER"
R2 := 1364
R0[R1] := R2
R1 := "JT_APOCALIPS"
R2 := 1365
R0[R1] := R2
R1 := "JT_LAVA_GOLEM"
R2 := 1366
R0[R1] := R2
R1 := "JT_BLAZZER"
R2 := 1367
R0[R1] := R2
R1 := "JT_GEOGRAPHER"
R2 := 1368
R0[R1] := R2
R1 := "JT_GRAND_PECO"
R2 := 1369
R0[R1] := R2
R1 := "JT_SUCCUBUS"
R2 := 1370
R0[R1] := R2
R1 := "JT_FAKE_ANGEL"
R2 := 1371
R0[R1] := R2
R1 := "JT_GOAT"
R2 := 1372
R0[R1] := R2
R1 := "JT_LORD_OF_DEATH"
R2 := 1373
R0[R1] := R2
R1 := "JT_INCUBUS"
R2 := 1374
R0[R1] := R2
R1 := "JT_THE_PAPER"
R2 := 1375
R0[R1] := R2
R1 := "JT_HARPY"
R2 := 1376
R0[R1] := R2
R1 := "JT_ELDER"
R2 := 1377
R0[R1] := R2
R1 := "JT_DEMON_PUNGUS"
R2 := 1378
R0[R1] := R2
R1 := "JT_NIGHTMARE_TERROR"
R2 := 1379
R0[R1] := R2
R1 := "JT_DRILLER"
R2 := 1380
R0[R1] := R2
R1 := "JT_GRIZZLY"
R2 := 1381
R0[R1] := R2
R1 := "JT_DIABOLIC"
R2 := 1382
R0[R1] := R2
R1 := "JT_EXPLOSION"
R2 := 1383
R0[R1] := R2
R1 := "JT_DELETER"
R2 := 1384
R0[R1] := R2
R1 := "JT_DELETER_"
R2 := 1385
R0[R1] := R2
R1 := "JT_SLEEPER"
R2 := 1386
R0[R1] := R2
R1 := "JT_GIG"
R2 := 1387
R0[R1] := R2
R1 := "JT_ARCHANGELING"
R2 := 1388
R0[R1] := R2
R1 := "JT_DRACULA"
R2 := 1389
R0[R1] := R2
R1 := "JT_VIOLY"
R2 := 1390
R0[R1] := R2
R1 := "JT_GALAPAGO"
R2 := 1391
R0[R1] := R2
R1 := "JT_ROTAR_ZAIRO"
R2 := 1392
R0[R1] := R2
R1 := "JT_G_MUMMY"
R2 := 1393
R0[R1] := R2
R1 := "JT_G_ZOMBIE"
R2 := 1394
R0[R1] := R2
R1 := "JT_CRYSTAL_1"
R2 := 1395
R0[R1] := R2
R1 := "JT_CRYSTAL_2"
R2 := 1396
R0[R1] := R2
R1 := "JT_CRYSTAL_3"
R2 := 1397
R0[R1] := R2
R1 := "JT_CRYSTAL_4"
R2 := 1398
R0[R1] := R2
R1 := "JT_EVENT_BAPHO"
R2 := 1399
R0[R1] := R2
R1 := "JT_KARAKASA"
R2 := 1400
R0[R1] := R2
R1 := "JT_SHINOBI"
R2 := 1401
R0[R1] := R2
R1 := "JT_POISON_TOAD"
R2 := 1402
R0[R1] := R2
R1 := "JT_ANTIQUE_FIRELOCK"
R2 := 1403
R0[R1] := R2
R1 := "JT_MIYABI_NINGYO"
R2 := 1404
R0[R1] := R2
R1 := "JT_TENGU"
R2 := 1405
R0[R1] := R2
R1 := "JT_KAPHA"
R2 := 1406
R0[R1] := R2
R1 := "JT_DOKEBI_"
R2 := 1407
R0[R1] := R2
R1 := "JT_BLOOD_BUTTERFLY"
R2 := 1408
R0[R1] := R2
R1 := "JT_RICE_CAKE_BOY"
R2 := 1409
R0[R1] := R2
R1 := "JT_LIVE_PEACH_TREE"
R2 := 1410
R0[R1] := R2
R1 := "JT_PEACH_TREE_BULLET"
R2 := 1411
R0[R1] := R2
R1 := "JT_EVIL_CLOUD_HERMIT"
R2 := 1412
R0[R1] := R2
R1 := "JT_WILD_GINSENG"
R2 := 1413
R0[R1] := R2
R1 := "JT_GINSENG_BULLET"
R2 := 1414
R0[R1] := R2
R1 := "JT_BABY_LEOPARD"
R2 := 1415
R0[R1] := R2
R1 := "JT_WICKED_NYMPH"
R2 := 1416
R0[R1] := R2
R1 := "JT_ZIPPER_BEAR"
R2 := 1417
R0[R1] := R2
R1 := "JT_DARK_SNAKE_LORD"
R2 := 1418
R0[R1] := R2
R1 := "JT_G_FARMILIAR"
R2 := 1419
R0[R1] := R2
R1 := "JT_G_ARCHER_SKELETON"
R2 := 1420
R0[R1] := R2
R1 := "JT_G_ISIS"
R2 := 1421
R0[R1] := R2
R1 := "JT_G_HUNTER_FLY"
R2 := 1422
R0[R1] := R2
R1 := "JT_G_GHOUL"
R2 := 1423
R0[R1] := R2
R1 := "JT_G_SIDE_WINDER"
R2 := 1424
R0[R1] := R2
R1 := "JT_G_OBEAUNE"
R2 := 1425
R0[R1] := R2
R1 := "JT_G_MARC"
R2 := 1426
R0[R1] := R2
R1 := "JT_G_NIGHTMARE"
R2 := 1427
R0[R1] := R2
R1 := "JT_G_POISON_SPORE"
R2 := 1428
R0[R1] := R2
R1 := "JT_G_ARGIOPE"
R2 := 1429
R0[R1] := R2
R1 := "JT_G_ARGOS"
R2 := 1430
R0[R1] := R2
R1 := "JT_G_BAPHOMET_"
R2 := 1431
R0[R1] := R2
R1 := "JT_G_DESERT_WOLF"
R2 := 1432
R0[R1] := R2
R1 := "JT_G_DEVIRUCHI"
R2 := 1433
R0[R1] := R2
R1 := "JT_G_DRAINLIAR"
R2 := 1434
R0[R1] := R2
R1 := "JT_G_EVIL_DRUID"
R2 := 1435
R0[R1] := R2
R1 := "JT_G_JAKK"
R2 := 1436
R0[R1] := R2
R1 := "JT_G_JOKER"
R2 := 1437
R0[R1] := R2
R1 := "JT_G_KHALITZBURG"
R2 := 1438
R0[R1] := R2
R1 := "JT_G_HIGH_ORC"
R2 := 1439
R0[R1] := R2
R1 := "JT_G_STEM_WORM"
R2 := 1440
R0[R1] := R2
R1 := "JT_G_PENOMENA"
R2 := 1441
R0[R1] := R2
R1 := "JT_G_SASQUATCH"
R2 := 1442
R0[R1] := R2
R1 := "JT_G_CRUISER"
R2 := 1443
R0[R1] := R2
R1 := "JT_G_CHEPET"
R2 := 1444
R0[R1] := R2
R1 := "JT_G_RAGGLER"
R2 := 1445
R0[R1] := R2
R1 := "JT_G_INJUSTICE"
R2 := 1446
R0[R1] := R2
R1 := "JT_G_GRYPHON"
R2 := 1447
R0[R1] := R2
R1 := "JT_G_DARK_FRAME"
R2 := 1448
R0[R1] := R2
R1 := "JT_G_MUTANT_DRAGON"
R2 := 1449
R0[R1] := R2
R1 := "JT_G_WIND_GHOST"
R2 := 1450
R0[R1] := R2
R1 := "JT_G_MERMAN"
R2 := 1451
R0[R1] := R2
R1 := "JT_G_ORC_LADY"
R2 := 1452
R0[R1] := R2
R1 := "JT_G_RAYDRIC_ARCHER"
R2 := 1453
R0[R1] := R2
R1 := "JT_G_TRI_JOINT"
R2 := 1454
R0[R1] := R2
R1 := "JT_G_KOBOLD_ARCHER"
R2 := 1455
R0[R1] := R2
R1 := "JT_G_CHIMERA"
R2 := 1456
R0[R1] := R2
R1 := "JT_G_MANTIS"
R2 := 1457
R0[R1] := R2
R1 := "JT_G_MARDUK"
R2 := 1458
R0[R1] := R2
R1 := "JT_G_MARIONETTE"
R2 := 1459
R0[R1] := R2
R1 := "JT_G_MATYR"
R2 := 1460
R0[R1] := R2
R1 := "JT_G_MINOROUS"
R2 := 1461
R0[R1] := R2
R1 := "JT_G_ORC_SKELETON"
R2 := 1462
R0[R1] := R2
R1 := "JT_G_ORC_ZOMBIE"
R2 := 1463
R0[R1] := R2
R1 := "JT_G_PASANA"
R2 := 1464
R0[R1] := R2
R1 := "JT_G_PETIT"
R2 := 1465
R0[R1] := R2
R1 := "JT_G_PETIT_"
R2 := 1466
R0[R1] := R2
R1 := "JT_G_RAYDRIC"
R2 := 1467
R0[R1] := R2
R1 := "JT_G_REQUIEM"
R2 := 1468
R0[R1] := R2
R1 := "JT_G_SKEL_WORKER"
R2 := 1469
R0[R1] := R2
R1 := "JT_G_ZEROM"
R2 := 1470
R0[R1] := R2
R1 := "JT_G_NINE_TAIL"
R2 := 1471
R0[R1] := R2
R1 := "JT_G_BON_GUN"
R2 := 1472
R0[R1] := R2
R1 := "JT_G_ORC_ARCHER"
R2 := 1473
R0[R1] := R2
R1 := "JT_G_MIMIC"
R2 := 1474
R0[R1] := R2
R1 := "JT_G_WRAITH"
R2 := 1475
R0[R1] := R2
R1 := "JT_G_ALARM"
R2 := 1476
R0[R1] := R2
R1 := "JT_G_ARCLOUSE"
R2 := 1477
R0[R1] := R2
R1 := "JT_G_RIDEWORD"
R2 := 1478
R0[R1] := R2
R1 := "JT_G_SKEL_PRISONER"
R2 := 1479
R0[R1] := R2
R1 := "JT_G_ZOMBIE_PRISONER"
R2 := 1480
R0[R1] := R2
R1 := "JT_G_PUNK"
R2 := 1481
R0[R1] := R2
R1 := "JT_G_ZHERLTHSH"
R2 := 1482
R0[R1] := R2
R1 := "JT_G_RYBIO"
R2 := 1483
R0[R1] := R2
R1 := "JT_G_PHENDARK"
R2 := 1484
R0[R1] := R2
R1 := "JT_G_MYSTELTAINN"
R2 := 1485
R0[R1] := R2
R1 := "JT_G_TIRFING"
R2 := 1486
R0[R1] := R2
R1 := "JT_G_EXECUTIONER"
R2 := 1487
R0[R1] := R2
R1 := "JT_G_ANOLIAN"
R2 := 1488
R0[R1] := R2
R1 := "JT_G_STING"
R2 := 1489
R0[R1] := R2
R1 := "JT_G_WANDER_MAN"
R2 := 1490
R0[R1] := R2
R1 := "JT_G_DOKEBI"
R2 := 1491
R0[R1] := R2
R1 := "JT_INCANTATION_SAMURAI"
R2 := 1492
R0[R1] := R2
R1 := "JT_DRYAD"
R2 := 1493
R0[R1] := R2
R1 := "JT_KIND_OF_BEETLE"
R2 := 1494
R0[R1] := R2
R1 := "JT_STONE_SHOOTER"
R2 := 1495
R0[R1] := R2
R1 := "JT_STONE_SHOOTER_BULLET"
R2 := 1496
R0[R1] := R2
R1 := "JT_WOODEN_GOLEM"
R2 := 1497
R0[R1] := R2
R1 := "JT_WOOTAN_SHOOTER"
R2 := 1498
R0[R1] := R2
R1 := "JT_WOOTAN_FIGHTER"
R2 := 1499
R0[R1] := R2
R1 := "JT_PARASITE"
R2 := 1500
R0[R1] := R2
R1 := "JT_PARASITE_BULLET"
R2 := 1501
R0[R1] := R2
R1 := "JT_PORING_V"
R2 := 1502
R0[R1] := R2
R1 := "JT_GIBBET"
R2 := 1503
R0[R1] := R2
R1 := "JT_DULLAHAN"
R2 := 1504
R0[R1] := R2
R1 := "JT_LOLI_RURI"
R2 := 1505
R0[R1] := R2
R1 := "JT_DISGUISE"
R2 := 1506
R0[R1] := R2
R1 := "JT_BLOODY_MURDERER"
R2 := 1507
R0[R1] := R2
R1 := "JT_QUVE"
R2 := 1508
R0[R1] := R2
R1 := "JT_LUDE"
R2 := 1509
R0[R1] := R2
R1 := "JT_HYLOZOIST"
R2 := 1510
R0[R1] := R2
R1 := "JT_AMON_RA"
R2 := 1511
R0[R1] := R2
R1 := "JT_HYEGUN"
R2 := 1512
R0[R1] := R2
R1 := "JT_CIVIL_SERVANT"
R2 := 1513
R0[R1] := R2
R1 := "JT_DANCING_DRAGON"
R2 := 1514
R0[R1] := R2
R1 := "JT_GARM_BABY"
R2 := 1515
R0[R1] := R2
R1 := "JT_INCREASE_SOIL"
R2 := 1516
R0[R1] := R2
R1 := "JT_LI_ME_MANG_RYANG"
R2 := 1517
R0[R1] := R2
R1 := "JT_BACSOJIN"
R2 := 1518
R0[R1] := R2
R1 := "JT_CHUNG_E"
R2 := 1519
R0[R1] := R2
R1 := "JT_BOILED_RICE"
R2 := 1520
R0[R1] := R2
R1 := "JT_G_ALICE"
R2 := 1521
R0[R1] := R2
R1 := "JT_G_ANCIENT_MUMMY"
R2 := 1522
R0[R1] := R2
R1 := "JT_G_ANTIQUE_FIRELOCK"
R2 := 1523
R0[R1] := R2
R1 := "JT_G_BABY_LEOPARD"
R2 := 1524
R0[R1] := R2
R1 := "JT_G_BATHORY"
R2 := 1525
R0[R1] := R2
R1 := "JT_G_BLOOD_BUTTERFLY"
R2 := 1526
R0[R1] := R2
R1 := "JT_G_C_TOWER_MANAGER"
R2 := 1527
R0[R1] := R2
R1 := "JT_G_CLOCK"
R2 := 1528
R0[R1] := R2
R1 := "JT_G_DARK_SNAKE_LORD"
R2 := 1529
R0[R1] := R2
R1 := "JT_G_DRACULA"
R2 := 1530
R0[R1] := R2
R1 := "JT_G_EVIL_CLOUD_HERMIT"
R2 := 1531
R0[R1] := R2
R1 := "JT_G_EXPLOSION"
R2 := 1532
R0[R1] := R2
R1 := "JT_G_FUR_SEAL"
R2 := 1533
R0[R1] := R2
R1 := "JT_G_GOBLIN_1"
R2 := 1534
R0[R1] := R2
R1 := "JT_G_GOBLIN_2"
R2 := 1535
R0[R1] := R2
R1 := "JT_G_GOBLIN_3"
R2 := 1536
R0[R1] := R2
R1 := "JT_G_GOBLIN_4"
R2 := 1537
R0[R1] := R2
R1 := "JT_G_GOBLIN_5"
R2 := 1538
R0[R1] := R2
R1 := "JT_G_GOBLIN_LEADER"
R2 := 1539
R0[R1] := R2
R1 := "JT_G_GOLEM"
R2 := 1540
R0[R1] := R2
R1 := "JT_G_GREATEST_GENERAL"
R2 := 1541
R0[R1] := R2
R1 := "JT_G_INCANTATION_SAMURAI"
R2 := 1542
R0[R1] := R2
R1 := "JT_G_KAPHA"
R2 := 1543
R0[R1] := R2
R1 := "JT_G_KARAKASA"
R2 := 1544
R0[R1] := R2
R1 := "JT_G_KOBOLD_1"
R2 := 1545
R0[R1] := R2
R1 := "JT_G_KOBOLD_2"
R2 := 1546
R0[R1] := R2
R1 := "JT_G_KOBOLD_3"
R2 := 1547
R0[R1] := R2
R1 := "JT_G_KOBOLD_LEADER"
R2 := 1548
R0[R1] := R2
R1 := "JT_G_LAVA_GOLEM"
R2 := 1549
R0[R1] := R2
R1 := "JT_G_LIVE_PEACH_TREE"
R2 := 1550
R0[R1] := R2
R1 := "JT_G_MARSE"
R2 := 1551
R0[R1] := R2
R1 := "JT_G_MIYABI_NINGYO"
R2 := 1552
R0[R1] := R2
R1 := "JT_G_MYST"
R2 := 1553
R0[R1] := R2
R1 := "JT_G_NIGHTMARE_TERROR"
R2 := 1554
R0[R1] := R2
R1 := "JT_G_PARASITE"
R2 := 1555
R0[R1] := R2
R1 := "JT_G_POISON_TOAD"
R2 := 1556
R0[R1] := R2
R1 := "JT_G_ROTAR_ZAIRO"
R2 := 1557
R0[R1] := R2
R1 := "JT_G_SAND_MAN"
R2 := 1558
R0[R1] := R2
R1 := "JT_G_SCORPION"
R2 := 1559
R0[R1] := R2
R1 := "JT_G_SHINOBI"
R2 := 1560
R0[R1] := R2
R1 := "JT_G_SMOKIE"
R2 := 1561
R0[R1] := R2
R1 := "JT_G_SOLDIER_SKELETON"
R2 := 1562
R0[R1] := R2
R1 := "JT_G_TENGU"
R2 := 1563
R0[R1] := R2
R1 := "JT_G_WICKED_NYMPH"
R2 := 1564
R0[R1] := R2
R1 := "JT_G_WILD_GINSENG"
R2 := 1565
R0[R1] := R2
R1 := "JT_G_WRAITH_DEAD"
R2 := 1566
R0[R1] := R2
R1 := "JT_G_ANCIENT_WORM"
R2 := 1567
R0[R1] := R2
R1 := "JT_G_ANGELING"
R2 := 1568
R0[R1] := R2
R1 := "JT_G_BLOODY_KNIGHT"
R2 := 1569
R0[R1] := R2
R1 := "JT_G_CRAMP"
R2 := 1570
R0[R1] := R2
R1 := "JT_G_DEVIACE"
R2 := 1571
R0[R1] := R2
R1 := "JT_G_DROPS"
R2 := 1572
R0[R1] := R2
R1 := "JT_G_ELDER"
R2 := 1573
R0[R1] := R2
R1 := "JT_G_ELDER_WILOW"
R2 := 1574
R0[R1] := R2
R1 := "JT_G_FLORA"
R2 := 1575
R0[R1] := R2
R1 := "JT_G_GHOSTRING"
R2 := 1576
R0[R1] := R2
R1 := "JT_G_GOBLIN_ARCHER"
R2 := 1577
R0[R1] := R2
R1 := "JT_G_HORONG"
R2 := 1578
R0[R1] := R2
R1 := "JT_G_HYDRA"
R2 := 1579
R0[R1] := R2
R1 := "JT_G_INCUBUS"
R2 := 1580
R0[R1] := R2
R1 := "JT_G_VOCAL"
R2 := 1581
R0[R1] := R2
R1 := "JT_DEVILING"
R2 := 1582
R0[R1] := R2
R1 := "JT_TAO_GUNKA"
R2 := 1583
R0[R1] := R2
R1 := "JT_TAMRUAN"
R2 := 1584
R0[R1] := R2
R1 := "JT_MIME_MONKEY"
R2 := 1585
R0[R1] := R2
R1 := "JT_LEAF_CAT"
R2 := 1586
R0[R1] := R2
R1 := "JT_KRABEN"
R2 := 1587
R0[R1] := R2
R1 := "JT_ORC_XMAS"
R2 := 1588
R0[R1] := R2
R1 := "JT_G_MANDRAGORA"
R2 := 1589
R0[R1] := R2
R1 := "JT_G_GEOGRAPHER"
R2 := 1590
R0[R1] := R2
R1 := "JT_A_LUNATIC"
R2 := 1591
R0[R1] := R2
R1 := "JT_A_MOBSTER"
R2 := 1592
R0[R1] := R2
R1 := "JT_A_ANCIENT_MUMMY"
R2 := 1593
R0[R1] := R2
R1 := "JT_G_FREEZER"
R2 := 1594
R0[R1] := R2
R1 := "JT_G_MARIN"
R2 := 1595
R0[R1] := R2
R1 := "JT_G_TAMRUAN"
R2 := 1596
R0[R1] := R2
R1 := "JT_G_GARGOYLE"
R2 := 1597
R0[R1] := R2
R1 := "JT_G_BLAZZER"
R2 := 1598
R0[R1] := R2
R1 := "JT_G_WHISPER_BOSS"
R2 := 1599
R0[R1] := R2
R1 := "JT_G_HEATER"
R2 := 1600
R0[R1] := R2
R1 := "JT_G_PERMETER"
R2 := 1601
R0[R1] := R2
R1 := "JT_G_SOLIDER"
R2 := 1602
R0[R1] := R2
R1 := "JT_G_BIGFOOT"
R2 := 1603
R0[R1] := R2
R1 := "JT_G_GIANT_HONET"
R2 := 1604
R0[R1] := R2
R1 := "JT_G_DARK_ILLUSION"
R2 := 1605
R0[R1] := R2
R1 := "JT_G_GARM_BABY"
R2 := 1606
R0[R1] := R2
R1 := "JT_G_GOBLINE_XMAS"
R2 := 1607
R0[R1] := R2
R1 := "JT_G_THIEF_BUG__"
R2 := 1608
R0[R1] := R2
R1 := "JT_G_DANCING_DRAGON"
R2 := 1609
R0[R1] := R2
R1 := "JT_A_MUNAK"
R2 := 1610
R0[R1] := R2
R1 := "JT_A_BON_GUN"
R2 := 1611
R0[R1] := R2
R1 := "JT_A_HYEGUN"
R2 := 1612
R0[R1] := R2
R1 := "JT_METALING"
R2 := 1613
R0[R1] := R2
R1 := "JT_MINERAL"
R2 := 1614
R0[R1] := R2
R1 := "JT_OBSIDIAN"
R2 := 1615
R0[R1] := R2
R1 := "JT_PITMAN"
R2 := 1616
R0[R1] := R2
R1 := "JT_WASTE_STOVE"
R2 := 1617
R0[R1] := R2
R1 := "JT_UNGOLIANT"
R2 := 1618
R0[R1] := R2
R1 := "JT_PORCELLIO"
R2 := 1619
R0[R1] := R2
R1 := "JT_NOXIOUS"
R2 := 1620
R0[R1] := R2
R1 := "JT_VENOMOUS"
R2 := 1621
R0[R1] := R2
R1 := "JT_TEDDY_BEAR"
R2 := 1622
R0[R1] := R2
R1 := "JT_RSX_0806"
R2 := 1623
R0[R1] := R2
R1 := "JT_G_WASTE_STOVE"
R2 := 1624
R0[R1] := R2
R1 := "JT_G_PORCELLIO"
R2 := 1625
R0[R1] := R2
R1 := "JT_G_DARK_PRIEST"
R2 := 1626
R0[R1] := R2
R1 := "JT_ANOPHELES"
R2 := 1627
R0[R1] := R2
R1 := "JT_MOLE"
R2 := 1628
R0[R1] := R2
R1 := "JT_HILL_WIND"
R2 := 1629
R0[R1] := R2
R1 := "JT_BACSOJIN_"
R2 := 1630
R0[R1] := R2
R1 := "JT_CHUNG_E_"
R2 := 1631
R0[R1] := R2
R1 := "JT_GREMLIN"
R2 := 1632
R0[R1] := R2
R1 := "JT_BEHOLDER"
R2 := 1633
R0[R1] := R2
R1 := "JT_SEYREN"
R2 := 1634
R0[R1] := R2
R1 := "JT_EREMES"
R2 := 1635
R0[R1] := R2
R1 := "JT_HARWORD"
R2 := 1636
R0[R1] := R2
R1 := "JT_MAGALETA"
R2 := 1637
R0[R1] := R2
R1 := "JT_SHECIL"
R2 := 1638
R0[R1] := R2
R1 := "JT_KATRINN"
R2 := 1639
R0[R1] := R2
R1 := "JT_G_SEYREN"
R2 := 1640
R0[R1] := R2
R1 := "JT_G_EREMES"
R2 := 1641
R0[R1] := R2
R1 := "JT_G_HARWORD"
R2 := 1642
R0[R1] := R2
R1 := "JT_G_MAGALETA"
R2 := 1643
R0[R1] := R2
R1 := "JT_G_SHECIL"
R2 := 1644
R0[R1] := R2
R1 := "JT_G_KATRINN"
R2 := 1645
R0[R1] := R2
R1 := "JT_B_SEYREN"
R2 := 1646
R0[R1] := R2
R1 := "JT_B_EREMES"
R2 := 1647
R0[R1] := R2
R1 := "JT_B_HARWORD"
R2 := 1648
R0[R1] := R2
R1 := "JT_B_MAGALETA"
R2 := 1649
R0[R1] := R2
R1 := "JT_B_SHECIL"
R2 := 1650
R0[R1] := R2
R1 := "JT_B_KATRINN"
R2 := 1651
R0[R1] := R2
R1 := "JT_YGNIZEM"
R2 := 1652
R0[R1] := R2
R1 := "JT_WHIKEBAIN"
R2 := 1653
R0[R1] := R2
R1 := "JT_ARMAIA"
R2 := 1654
R0[R1] := R2
R1 := "JT_EREND"
R2 := 1655
R0[R1] := R2
R1 := "JT_KAVAC"
R2 := 1656
R0[R1] := R2
R1 := "JT_RAWREL"
R2 := 1657
R0[R1] := R2
R1 := "JT_B_YGNIZEM"
R2 := 1658
R0[R1] := R2
R1 := "JT_G_WHIKEBAIN"
R2 := 1659
R0[R1] := R2
R1 := "JT_G_ARMAIA"
R2 := 1660
R0[R1] := R2
R1 := "JT_G_EREND"
R2 := 1661
R0[R1] := R2
R1 := "JT_G_KAVAC"
R2 := 1662
R0[R1] := R2
R1 := "JT_G_RAWREL"
R2 := 1663
R0[R1] := R2
R1 := "JT_POTON_CANON"
R2 := 1664
R0[R1] := R2
R1 := "JT_POTON_CANON_1"
R2 := 1665
R0[R1] := R2
R1 := "JT_POTON_CANON_2"
R2 := 1666
R0[R1] := R2
R1 := "JT_POTON_CANON_3"
R2 := 1667
R0[R1] := R2
R1 := "JT_ARCHDAM"
R2 := 1668
R0[R1] := R2
R1 := "JT_DIMIK"
R2 := 1669
R0[R1] := R2
R1 := "JT_DIMIK_1"
R2 := 1670
R0[R1] := R2
R1 := "JT_DIMIK_2"
R2 := 1671
R0[R1] := R2
R1 := "JT_DIMIK_3"
R2 := 1672
R0[R1] := R2
R1 := "JT_DIMIK_4"
R2 := 1673
R0[R1] := R2
R1 := "JT_MONEMUS"
R2 := 1674
R0[R1] := R2
R1 := "JT_VENATU"
R2 := 1675
R0[R1] := R2
R1 := "JT_VENATU_1"
R2 := 1676
R0[R1] := R2
R1 := "JT_VENATU_2"
R2 := 1677
R0[R1] := R2
R1 := "JT_VENATU_3"
R2 := 1678
R0[R1] := R2
R1 := "JT_VENATU_4"
R2 := 1679
R0[R1] := R2
R1 := "JT_HILL_WIND_1"
R2 := 1680
R0[R1] := R2
R1 := "JT_GEMINI"
R2 := 1681
R0[R1] := R2
R1 := "JT_REMOVAL"
R2 := 1682
R0[R1] := R2
R1 := "JT_G_POTON_CANON"
R2 := 1683
R0[R1] := R2
R1 := "JT_G_ARCHDAM"
R2 := 1684
R0[R1] := R2
R1 := "JT_APOCALIPS_H"
R2 := 1685
R0[R1] := R2
R1 := "JT_ORC_BABY"
R2 := 1686
R0[R1] := R2
R1 := "JT_GREEN_IGUANA"
R2 := 1687
R0[R1] := R2
R1 := "JT_LADY_TANEE"
R2 := 1688
R0[R1] := R2
R1 := "JT_G_BACSOJIN"
R2 := 1689
R0[R1] := R2
R1 := "JT_G_SPRING_RABBIT"
R2 := 1690
R0[R1] := R2
R1 := "JT_G_KRABEN"
R2 := 1691
R0[R1] := R2
R1 := "JT_BREEZE"
R2 := 1692
R0[R1] := R2
R1 := "JT_PLASMA_Y"
R2 := 1693
R0[R1] := R2
R1 := "JT_PLASMA_R"
R2 := 1694
R0[R1] := R2
R1 := "JT_PLASMA_G"
R2 := 1695
R0[R1] := R2
R1 := "JT_PLASMA_P"
R2 := 1696
R0[R1] := R2
R1 := "JT_PLASMA_B"
R2 := 1697
R0[R1] := R2
R1 := "JT_DEATHWORD"
R2 := 1698
R0[R1] := R2
R1 := "JT_ANCIENT_MIMIC"
R2 := 1699
R0[R1] := R2
R1 := "JT_OBSERVATION"
R2 := 1700
R0[R1] := R2
R1 := "JT_SHELTER"
R2 := 1701
R0[R1] := R2
R1 := "JT_RETRIBUTION"
R2 := 1702
R0[R1] := R2
R1 := "JT_SOLACE"
R2 := 1703
R0[R1] := R2
R1 := "JT_THA_ODIUM"
R2 := 1704
R0[R1] := R2
R1 := "JT_THA_DESPERO"
R2 := 1705
R0[R1] := R2
R1 := "JT_THA_MAERO"
R2 := 1706
R0[R1] := R2
R1 := "JT_THA_DOLOR"
R2 := 1707
R0[R1] := R2
R1 := "JT_THANATOS"
R2 := 1708
R0[R1] := R2
R1 := "JT_G_THA_ODIUM"
R2 := 1709
R0[R1] := R2
R1 := "JT_G_THA_DESPERO"
R2 := 1710
R0[R1] := R2
R1 := "JT_G_THA_MAERO"
R2 := 1711
R0[R1] := R2
R1 := "JT_G_THA_DOLOR"
R2 := 1712
R0[R1] := R2
R1 := "JT_ACIDUS"
R2 := 1713
R0[R1] := R2
R1 := "JT_FERUS"
R2 := 1714
R0[R1] := R2
R1 := "JT_NOVUS"
R2 := 1715
R0[R1] := R2
R1 := "JT_ACIDUS_"
R2 := 1716
R0[R1] := R2
R1 := "JT_FERUS_"
R2 := 1717
R0[R1] := R2
R1 := "JT_NOVUS_"
R2 := 1718
R0[R1] := R2
R1 := "JT_DETALE"
R2 := 1719
R0[R1] := R2
R1 := "JT_HYDRO"
R2 := 1720
R0[R1] := R2
R1 := "JT_DRAGON_EGG"
R2 := 1721
R0[R1] := R2
R1 := "JT_EVENT_JAKK"
R2 := 1722
R0[R1] := R2
R1 := "JT_A_SHECIL"
R2 := 1723
R0[R1] := R2
R1 := "JT_A_POTON_CANON"
R2 := 1724
R0[R1] := R2
R1 := "JT_R_PORING"
R2 := 1725
R0[R1] := R2
R1 := "JT_R_LUNATIC"
R2 := 1726
R0[R1] := R2
R1 := "JT_R_SAVAGE_BABE"
R2 := 1727
R0[R1] := R2
R1 := "JT_R_DESERT_WOLF_B"
R2 := 1728
R0[R1] := R2
R1 := "JT_R_BAPHOMET_"
R2 := 1729
R0[R1] := R2
R1 := "JT_R_DEVIRUCHI"
R2 := 1730
R0[R1] := R2
R1 := "JT_G_DOPPELGANGER"
R2 := 1731
R0[R1] := R2
R1 := "JT_G_TREASURE_BOX"
R2 := 1732
R0[R1] := R2
R1 := "JT_KIEL"
R2 := 1733
R0[R1] := R2
R1 := "JT_KIEL_"
R2 := 1734
R0[R1] := R2
R1 := "JT_ALICEL"
R2 := 1735
R0[R1] := R2
R1 := "JT_ALIOT"
R2 := 1736
R0[R1] := R2
R1 := "JT_ALIZA"
R2 := 1737
R0[R1] := R2
R1 := "JT_CONSTANT"
R2 := 1738
R0[R1] := R2
R1 := "JT_G_ALICEL"
R2 := 1739
R0[R1] := R2
R1 := "JT_G_ALIOT"
R2 := 1740
R0[R1] := R2
R1 := "JT_G_COOKIE_XMAS"
R2 := 1741
R0[R1] := R2
R1 := "JT_G_CARAT"
R2 := 1742
R0[R1] := R2
R1 := "JT_G_MYSTCASE"
R2 := 1743
R0[R1] := R2
R1 := "JT_G_WILD_ROSE"
R2 := 1744
R0[R1] := R2
R1 := "JT_G_CONSTANT"
R2 := 1745
R0[R1] := R2
R1 := "JT_G_ALIZA"
R2 := 1746
R0[R1] := R2
R1 := "JT_G_SNAKE"
R2 := 1747
R0[R1] := R2
R1 := "JT_G_ANACONDAQ"
R2 := 1748
R0[R1] := R2
R1 := "JT_G_MEDUSA"
R2 := 1749
R0[R1] := R2
R1 := "JT_G_RED_PLANT"
R2 := 1750
R0[R1] := R2
R1 := "JT_RANDGRIS"
R2 := 1751
R0[R1] := R2
R1 := "JT_SKOGUL"
R2 := 1752
R0[R1] := R2
R1 := "JT_FRUS"
R2 := 1753
R0[R1] := R2
R1 := "JT_SKEGGIOLD"
R2 := 1754
R0[R1] := R2
R1 := "JT_SKEGGIOLD_"
R2 := 1755
R0[R1] := R2
R1 := "JT_G_HYDRO"
R2 := 1756
R0[R1] := R2
R1 := "JT_G_ACIDUS"
R2 := 1757
R0[R1] := R2
R1 := "JT_G_FERUS"
R2 := 1758
R0[R1] := R2
R1 := "JT_G_ACIDUS_"
R2 := 1759
R0[R1] := R2
R1 := "JT_G_FERUS_"
R2 := 1760
R0[R1] := R2
R1 := "JT_G_SKOGUL"
R2 := 1761
R0[R1] := R2
R1 := "JT_G_FRUS"
R2 := 1762
R0[R1] := R2
R1 := "JT_G_SKEGGIOLD"
R2 := 1763
R0[R1] := R2
R1 := "JT_G_SKEGGIOLD_"
R2 := 1764
R0[R1] := R2
R1 := "JT_G_RANDGRIS"
R2 := 1765
R0[R1] := R2
R1 := "JT_EM_ANGELING"
R2 := 1766
R0[R1] := R2
R1 := "JT_EM_DEVILING"
R2 := 1767
R0[R1] := R2
R1 := "JT_GLOOMUNDERNIGHT"
R2 := 1768
R0[R1] := R2
R1 := "JT_AGAV"
R2 := 1769
R0[R1] := R2
R1 := "JT_ECHIO"
R2 := 1770
R0[R1] := R2
R1 := "JT_VANBERK"
R2 := 1771
R0[R1] := R2
R1 := "JT_ISILLA"
R2 := 1772
R0[R1] := R2
R1 := "JT_HODREMLIN"
R2 := 1773
R0[R1] := R2
R1 := "JT_SEEKER"
R2 := 1774
R0[R1] := R2
R1 := "JT_SNOWIER"
R2 := 1775
R0[R1] := R2
R1 := "JT_SIROMA"
R2 := 1776
R0[R1] := R2
R1 := "JT_ICE_TITAN"
R2 := 1777
R0[R1] := R2
R1 := "JT_GAZETI"
R2 := 1778
R0[R1] := R2
R1 := "JT_KTULLANUX"
R2 := 1779
R0[R1] := R2
R1 := "JT_MUSCIPULAR"
R2 := 1780
R0[R1] := R2
R1 := "JT_DROSERA"
R2 := 1781
R0[R1] := R2
R1 := "JT_ROWEEN"
R2 := 1782
R0[R1] := R2
R1 := "JT_GALION"
R2 := 1783
R0[R1] := R2
R1 := "JT_STAPO"
R2 := 1784
R0[R1] := R2
R1 := "JT_ATROCE"
R2 := 1785
R0[R1] := R2
R1 := "JT_G_AGAV"
R2 := 1786
R0[R1] := R2
R1 := "JT_G_ECHIO"
R2 := 1787
R0[R1] := R2
R1 := "JT_G_ICE_TITAN"
R2 := 1788
R0[R1] := R2
R1 := "JT_ICEICLE"
R2 := 1789
R0[R1] := R2
R1 := "JT_G_RAFFLESIA"
R2 := 1790
R0[R1] := R2
R1 := "JT_G_GALION"
R2 := 1791
R0[R1] := R2
R1 := "JT_SOCCER_BALL"
R2 := 1792
R0[R1] := R2
R1 := "JT_G_MEGALITH"
R2 := 1793
R0[R1] := R2
R1 := "JT_G_ROWEEN"
R2 := 1794
R0[R1] := R2
R1 := "JT_BLOODY_KNIGHT_"
R2 := 1795
R0[R1] := R2
R1 := "JT_AUNOE"
R2 := 1796
R0[R1] := R2
R1 := "JT_FANAT"
R2 := 1797
R0[R1] := R2
R1 := "JT_TREASURE_BOX_"
R2 := 1798
R0[R1] := R2
R1 := "JT_B_SEYREN_"
R2 := 1799
R0[R1] := R2
R1 := "JT_B_EREMES_"
R2 := 1800
R0[R1] := R2
R1 := "JT_B_HARWORD_"
R2 := 1801
R0[R1] := R2
R1 := "JT_B_MAGALETA_"
R2 := 1802
R0[R1] := R2
R1 := "JT_B_SHECIL_"
R2 := 1803
R0[R1] := R2
R1 := "JT_B_KATRINN_"
R2 := 1804
R0[R1] := R2
R1 := "JT_G_SEYREN_"
R2 := 1805
R0[R1] := R2
R1 := "JT_G_EREMES_"
R2 := 1806
R0[R1] := R2
R1 := "JT_G_HARWORD_"
R2 := 1807
R0[R1] := R2
R1 := "JT_G_MAGALETA_"
R2 := 1808
R0[R1] := R2
R1 := "JT_G_SHECIL_"
R2 := 1809
R0[R1] := R2
R1 := "JT_G_KATRINN_"
R2 := 1810
R0[R1] := R2
R1 := "JT_G_SMOKIE_"
R2 := 1811
R0[R1] := R2
R1 := "JT_EVENT_LUDE"
R2 := 1812
R0[R1] := R2
R1 := "JT_EVENT_HYDRO"
R2 := 1813
R0[R1] := R2
R1 := "JT_EVENT_MOON"
R2 := 1814
R0[R1] := R2
R1 := "JT_EVENT_RICECAKE"
R2 := 1815
R0[R1] := R2
R1 := "JT_EVENT_GOURD"
R2 := 1816
R0[R1] := R2
R1 := "JT_EVENT_DETALE"
R2 := 1817
R0[R1] := R2
R1 := "JT_EVENT_ALARM"
R2 := 1818
R0[R1] := R2
R1 := "JT_EVENT_BATHORY"
R2 := 1819
R0[R1] := R2
R1 := "JT_EVENT_BIGFOOT"
R2 := 1820
R0[R1] := R2
R1 := "JT_EVENT_DESERT_WOLF"
R2 := 1821
R0[R1] := R2
R1 := "JT_EVENT_DEVIRUCHI"
R2 := 1822
R0[R1] := R2
R1 := "JT_EVENT_FREEZER"
R2 := 1823
R0[R1] := R2
R1 := "JT_EVENT_GARM_BABY"
R2 := 1824
R0[R1] := R2
R1 := "JT_EVENT_GOBLINE_XMAS"
R2 := 1825
R0[R1] := R2
R1 := "JT_EVENT_MYST"
R2 := 1826
R0[R1] := R2
R1 := "JT_EVENT_SASQUATCH"
R2 := 1827
R0[R1] := R2
R1 := "JT_EVENT_GULLINBURSTI"
R2 := 1828
R0[R1] := R2
R1 := "JT_SWORD_GUARDIAN"
R2 := 1829
R0[R1] := R2
R1 := "JT_BOW_GUARDIAN"
R2 := 1830
R0[R1] := R2
R1 := "JT_SALAMANDER"
R2 := 1831
R0[R1] := R2
R1 := "JT_IFRIT"
R2 := 1832
R0[R1] := R2
R1 := "JT_KASA"
R2 := 1833
R0[R1] := R2
R1 := "JT_G_SALAMANDER"
R2 := 1834
R0[R1] := R2
R1 := "JT_G_KASA"
R2 := 1835
R0[R1] := R2
R1 := "JT_MAGMARING"
R2 := 1836
R0[R1] := R2
R1 := "JT_IMP"
R2 := 1837
R0[R1] := R2
R1 := "JT_KNOCKER"
R2 := 1838
R0[R1] := R2
R1 := "JT_BYORGUE"
R2 := 1839
R0[R1] := R2
R1 := "JT_GOLDEN_SAVAGE"
R2 := 1840
R0[R1] := R2
R1 := "JT_G_SNAKE_"
R2 := 1841
R0[R1] := R2
R1 := "JT_G_ANACONDAQ_"
R2 := 1842
R0[R1] := R2
R1 := "JT_G_SIDE_WINDER_"
R2 := 1843
R0[R1] := R2
R1 := "JT_G_ISIS_"
R2 := 1844
R0[R1] := R2
R1 := "JT_G_TREASURE_BOX_"
R2 := 1845
R0[R1] := R2
R1 := "JT_DREAMMETAL"
R2 := 1846
R0[R1] := R2
R1 := "JT_EVENT_PORING"
R2 := 1847
R0[R1] := R2
R1 := "JT_EVENT_BAPHOMET"
R2 := 1848
R0[R1] := R2
R1 := "JT_EVENT_OSIRIS"
R2 := 1849
R0[R1] := R2
R1 := "JT_EVENT_ORCHERO"
R2 := 1850
R0[R1] := R2
R1 := "JT_EVENT_MOBSTER"
R2 := 1851
R0[R1] := R2
R1 := "JT_G_EM_ANGELING"
R2 := 1852
R0[R1] := R2
R1 := "JT_G_EM_DEVILING"
R2 := 1853
R0[R1] := R2
R1 := "JT_E_MUKA"
R2 := 1854
R0[R1] := R2
R1 := "JT_E_POISONSPORE"
R2 := 1855
R0[R1] := R2
R1 := "JT_E_MAGNOLIA"
R2 := 1856
R0[R1] := R2
R1 := "JT_E_MARIN"
R2 := 1857
R0[R1] := R2
R1 := "JT_E_PLANKTON"
R2 := 1858
R0[R1] := R2
R1 := "JT_E_MANDRAGORA"
R2 := 1859
R0[R1] := R2
R1 := "JT_E_COCO"
R2 := 1860
R0[R1] := R2
R1 := "JT_E_CHOCO"
R2 := 1861
R0[R1] := R2
R1 := "JT_E_MARTIN"
R2 := 1862
R0[R1] := R2
R1 := "JT_E_SPRING_RABBIT"
R2 := 1863
R0[R1] := R2
R1 := "JT_ZOMBIE_SLAUGHTER"
R2 := 1864
R0[R1] := R2
R1 := "JT_RAGGED_ZOMBIE"
R2 := 1865
R0[R1] := R2
R1 := "JT_HELL_POODLE"
R2 := 1866
R0[R1] := R2
R1 := "JT_BANSHEE"
R2 := 1867
R0[R1] := R2
R1 := "JT_G_BANSHEE"
R2 := 1868
R0[R1] := R2
R1 := "JT_FLAME_SKULL"
R2 := 1869
R0[R1] := R2
R1 := "JT_NECROMANCER"
R2 := 1870
R0[R1] := R2
R1 := "JT_FALLINGBISHOP"
R2 := 1871
R0[R1] := R2
R1 := "JT_BEELZEBUB_FLY"
R2 := 1872
R0[R1] := R2
R1 := "JT_BEELZEBUB"
R2 := 1873
R0[R1] := R2
R1 := "JT_BEELZEBUB_"
R2 := 1874
R0[R1] := R2
R1 := "JT_TRISTAN_3RD"
R2 := 1875
R0[R1] := R2
R1 := "JT_E_LORD_OF_DEATH"
R2 := 1876
R0[R1] := R2
R1 := "JT_CRYSTAL_5"
R2 := 1877
R0[R1] := R2
R1 := "JT_E_SHINING_PLANT"
R2 := 1878
R0[R1] := R2
R1 := "JT_ECLIPSE_P"
R2 := 1879
R0[R1] := R2
R1 := "JT_WOOD_GOBLIN"
R2 := 1880
R0[R1] := R2
R1 := "JT_LES"
R2 := 1881
R0[R1] := R2
R1 := "JT_VAVAYAGA"
R2 := 1882
R0[R1] := R2
R1 := "JT_UZHAS"
R2 := 1883
R0[R1] := R2
R1 := "JT_MAVKA"
R2 := 1884
R0[R1] := R2
R1 := "JT_GOPINICH"
R2 := 1885
R0[R1] := R2
R1 := "JT_G_MAVKA"
R2 := 1886
R0[R1] := R2
R1 := "JT_FREEZER_R"
R2 := 1887
R0[R1] := R2
R1 := "JT_GARM_BABY_R"
R2 := 1888
R0[R1] := R2
R1 := "JT_GARM_R"
R2 := 1889
R0[R1] := R2
R1 := "JT_GOPINICH_R"
R2 := 1890
R0[R1] := R2
R1 := "JT_G_RANDGRIS_"
R2 := 1891
R0[R1] := R2
R1 := "JT_G_LOLI_RURI"
R2 := 1892
R0[R1] := R2
R1 := "JT_G_KNIGHT_OF_ABYSS"
R2 := 1893
R0[R1] := R2
R1 := "JT_POURING"
R2 := 1894
R0[R1] := R2
R1 := "JT_EVENT_SEYREN"
R2 := 1895
R0[R1] := R2
R1 := "JT_EVENT_KATRINN"
R2 := 1896
R0[R1] := R2
R1 := "JT_EVENT_BAPHOMET_"
R2 := 1897
R0[R1] := R2
R1 := "JT_EVENT_ZOMBIE"
R2 := 1898
R0[R1] := R2
R1 := "JT_SWORD_GUARDIAN_"
R2 := 1899
R0[R1] := R2
R1 := "JT_BOW_GUARDIAN_"
R2 := 1900
R0[R1] := R2
R1 := "JT_E_CONDOR"
R2 := 1901
R0[R1] := R2
R1 := "JT_E_TREASURE1"
R2 := 1902
R0[R1] := R2
R1 := "JT_E_TREASURE2"
R2 := 1903
R0[R1] := R2
R1 := "JT_BOMBPORING"
R2 := 1904
R0[R1] := R2
R1 := "JT_BARRICADE"
R2 := 1905
R0[R1] := R2
R1 := "JT_BARRICADE_"
R2 := 1906
R0[R1] := R2
R1 := "JT_S_EMPEL_1"
R2 := 1907
R0[R1] := R2
R1 := "JT_S_EMPEL_2"
R2 := 1908
R0[R1] := R2
R1 := "JT_OBJ_A"
R2 := 1909
R0[R1] := R2
R1 := "JT_OBJ_B"
R2 := 1910
R0[R1] := R2
R1 := "JT_OBJ_NEUTRAL"
R2 := 1911
R0[R1] := R2
R1 := "JT_OBJ_FLAG_A"
R2 := 1912
R0[R1] := R2
R1 := "JT_OBJ_FLAG_B"
R2 := 1913
R0[R1] := R2
R1 := "JT_OBJ_A2"
R2 := 1914
R0[R1] := R2
R1 := "JT_OBJ_B2"
R2 := 1915
R0[R1] := R2
R1 := "JT_MOROCC"
R2 := 1916
R0[R1] := R2
R1 := "JT_MOROCC_"
R2 := 1917
R0[R1] := R2
R1 := "JT_MOROCC_1"
R2 := 1918
R0[R1] := R2
R1 := "JT_MOROCC_2"
R2 := 1919
R0[R1] := R2
R1 := "JT_MOROCC_3"
R2 := 1920
R0[R1] := R2
R1 := "JT_MOROCC_4"
R2 := 1921
R0[R1] := R2
R1 := "JT_G_MOROCC_1"
R2 := 1922
R0[R1] := R2
R1 := "JT_G_MOROCC_2"
R2 := 1923
R0[R1] := R2
R1 := "JT_G_MOROCC_3"
R2 := 1924
R0[R1] := R2
R1 := "JT_G_MOROCC_4"
R2 := 1925
R0[R1] := R2
R1 := "JT_JAKK_H"
R2 := 1926
R0[R1] := R2
R1 := "JT_WHISPER_H"
R2 := 1927
R0[R1] := R2
R1 := "JT_DEVIRUCHI_H"
R2 := 1928
R0[R1] := R2
R1 := "JT_BAPHOMET_I"
R2 := 1929
R0[R1] := R2
R1 := "JT_PIAMETTE"
R2 := 1930
R0[R1] := R2
R1 := "JT_WISH_MAIDEN"
R2 := 1931
R0[R1] := R2
R1 := "JT_GARDEN_KEEPER"
R2 := 1932
R0[R1] := R2
R1 := "JT_GARDEN_WATCHER"
R2 := 1933
R0[R1] := R2
R1 := "JT_BLUE_FLOWER"
R2 := 1934
R0[R1] := R2
R1 := "JT_RED_FLOWER"
R2 := 1935
R0[R1] := R2
R1 := "JT_YELL_FLOWER"
R2 := 1936
R0[R1] := R2
R1 := "JT_CONSTANT_"
R2 := 1937
R0[R1] := R2
R1 := "JT_TREASURE_BOX41"
R2 := 1938
R0[R1] := R2
R1 := "JT_TREASURE_BOX42"
R2 := 1939
R0[R1] := R2
R1 := "JT_TREASURE_BOX43"
R2 := 1940
R0[R1] := R2
R1 := "JT_TREASURE_BOX44"
R2 := 1941
R0[R1] := R2
R1 := "JT_TREASURE_BOX45"
R2 := 1942
R0[R1] := R2
R1 := "JT_TREASURE_BOX46"
R2 := 1943
R0[R1] := R2
R1 := "JT_TREASURE_BOX47"
R2 := 1944
R0[R1] := R2
R1 := "JT_TREASURE_BOX48"
R2 := 1945
R0[R1] := R2
R1 := "JT_TREASURE_BOX49"
R2 := 1946
R0[R1] := R2
R1 := "JT_PIAMETTE_"
R2 := 1947
R0[R1] := R2
R1 := "JT_G_YGNIZEM"
R2 := 1948
R0[R1] := R2
R1 := "JT_B_S_GUARDIAN"
R2 := 1949
R0[R1] := R2
R1 := "JT_B_B_GUARDIAN"
R2 := 1950
R0[R1] := R2
R1 := "JT_CRYSTAL_6"
R2 := 1951
R0[R1] := R2
R1 := "JT_CRYSTAL_7"
R2 := 1952
R0[R1] := R2
R1 := "JT_CRYSTAL_8"
R2 := 1953
R0[R1] := R2
R1 := "JT_CRYSTAL_9"
R2 := 1954
R0[R1] := R2
R1 := "JT_TREASURE_BOX_I"
R2 := 1955
R0[R1] := R2
R1 := "JT_NAGHT_SIEGER"
R2 := 1956
R0[R1] := R2
R1 := "JT_ENTWEIHEN"
R2 := 1957
R0[R1] := R2
R1 := "JT_G_ENTWEIHEN_R"
R2 := 1958
R0[R1] := R2
R1 := "JT_G_ENTWEIHEN_H"
R2 := 1959
R0[R1] := R2
R1 := "JT_G_ENTWEIHEN_M"
R2 := 1960
R0[R1] := R2
R1 := "JT_G_ENTWEIHEN_S"
R2 := 1961
R0[R1] := R2
R1 := "JT_ANTONIO_"
R2 := 1962
R0[R1] := R2
R1 := "JT_P_CHUNG_E"
R2 := 1963
R0[R1] := R2
R1 := "JT_NIGHTMARE_T"
R2 := 1964
R0[R1] := R2
R1 := "JT_M_WILD_ROSE"
R2 := 1965
R0[R1] := R2
R1 := "JT_M_DOPPELGANGER"
R2 := 1966
R0[R1] := R2
R1 := "JT_M_YGNIZEM"
R2 := 1967
R0[R1] := R2
R1 := "JT_E_STROUF"
R2 := 1968
R0[R1] := R2
R1 := "JT_E_MARC"
R2 := 1969
R0[R1] := R2
R1 := "JT_E_OBEAUNE"
R2 := 1970
R0[R1] := R2
R1 := "JT_E_VADON"
R2 := 1971
R0[R1] := R2
R1 := "JT_E_MARINA"
R2 := 1972
R0[R1] := R2
R1 := "JT_E_PORING"
R2 := 1973
R0[R1] := R2
R1 := "JT_BANSHEE_MASTER"
R2 := 1974
R0[R1] := R2
R1 := "JT_BEHOLDER_MASTER"
R2 := 1975
R0[R1] := R2
R1 := "JT_COBALT_MINERAL"
R2 := 1976
R0[R1] := R2
R1 := "JT_HEAVY_METALING"
R2 := 1977
R0[R1] := R2
R1 := "JT_HELL_APOCALIPS"
R2 := 1978
R0[R1] := R2
R1 := "JT_ZAKUDAM"
R2 := 1979
R0[R1] := R2
R1 := "JT_KUBLIN"
R2 := 1980
R0[R1] := R2
R1 := "JT_I_HIGH_ORC"
R2 := 1981
R0[R1] := R2
R1 := "JT_I_ORC_ARCHER"
R2 := 1982
R0[R1] := R2
R1 := "JT_I_ORC_SKELETON"
R2 := 1983
R0[R1] := R2
R1 := "JT_I_ORC_LADY"
R2 := 1984
R0[R1] := R2
R1 := "JT_DANDELION"
R2 := 1985
R0[R1] := R2
R1 := "JT_TATACHO"
R2 := 1986
R0[R1] := R2
R1 := "JT_CENTIPEDE"
R2 := 1987
R0[R1] := R2
R1 := "JT_NEPENTHES"
R2 := 1988
R0[R1] := R2
R1 := "JT_HILLSRION"
R2 := 1989
R0[R1] := R2
R1 := "JT_HARDROCK_MOMMOTH"
R2 := 1990
R0[R1] := R2
R1 := "JT_TENDRILRION"
R2 := 1991
R0[R1] := R2
R1 := "JT_CORNUS"
R2 := 1992
R0[R1] := R2
R1 := "JT_NAGA"
R2 := 1993
R0[R1] := R2
R1 := "JT_LUCIOLA_VESPA"
R2 := 1994
R0[R1] := R2
R1 := "JT_PINGUICULA"
R2 := 1995
R0[R1] := R2
R1 := "JT_BACSOJIN_T"
R2 := 1996
R0[R1] := R2
R1 := "JT_G_TATACHO"
R2 := 1997
R0[R1] := R2
R1 := "JT_G_HILLSRION"
R2 := 1998
R0[R1] := R2
R1 := "JT_CENTIPEDE_LARVA"
R2 := 1999
R0[R1] := R2
R1 := "JT_M_GAMEMASTER"
R2 := 2000
R0[R1] := R2
R1 := "JT_F_GAMEMASTER"
R2 := 2001
R0[R1] := R2
R1 := "JT_T_SPRING_RABBIT"
R2 := 2002
R0[R1] := R2
R1 := "JT_T_BACSOJIN"
R2 := 2003
R0[R1] := R2
R1 := "JT_T_WICKED_NYMPH"
R2 := 2004
R0[R1] := R2
R1 := "JT_T_PLASMA_B"
R2 := 2005
R0[R1] := R2
R1 := "JT_T_PLASMA_P"
R2 := 2006
R0[R1] := R2
R1 := "JT_T_PLASMA_R"
R2 := 2007
R0[R1] := R2
R1 := "JT_WOOMAWANG"
R2 := 2008
R0[R1] := R2
R1 := "JT_WOOMAWANG_"
R2 := 2009
R0[R1] := R2
R1 := "JT_G_MAJORUROS"
R2 := 2010
R0[R1] := R2
R1 := "JT_E_GHOUL"
R2 := 2011
R0[R1] := R2
R1 := "JT_E_ZOMBIE"
R2 := 2012
R0[R1] := R2
R1 := "JT_DRACO"
R2 := 2013
R0[R1] := R2
R1 := "JT_DRACO_EGG"
R2 := 2014
R0[R1] := R2
R1 := "JT_PINGUICULA_D"
R2 := 2015
R0[R1] := R2
R1 := "JT_AQUA_ELEMENTAL"
R2 := 2016
R0[R1] := R2
R1 := "JT_RATA"
R2 := 2017
R0[R1] := R2
R1 := "JT_DUNEYRR"
R2 := 2018
R0[R1] := R2
R1 := "JT_ANCIENT_TREE"
R2 := 2019
R0[R1] := R2
R1 := "JT_RHYNCHO"
R2 := 2020
R0[R1] := R2
R1 := "JT_PHYLLA"
R2 := 2021
R0[R1] := R2
R1 := "JT_S_NYDHOG"
R2 := 2022
R0[R1] := R2
R1 := "JT_DARK_SHADOW"
R2 := 2023
R0[R1] := R2
R1 := "JT_BRADIUM_GOLEM"
R2 := 2024
R0[R1] := R2
R1 := "JT_MYSTCASE_EVENT"
R2 := 2025
R0[R1] := R2
R1 := "JT_DANDELION_"
R2 := 2026
R0[R1] := R2
R1 := "JT_G_DARK_SHADOW"
R2 := 2027
R0[R1] := R2
R1 := "JT_E_MINOROUS"
R2 := 2028
R0[R1] := R2
R1 := "JT_E_MINOROUS_"
R2 := 2029
R0[R1] := R2
R1 := "JT_HIDEN_PRIEST"
R2 := 2030
R0[R1] := R2
R1 := "JT_DANDELION_H"
R2 := 2031
R0[R1] := R2
R1 := "JT_GUARDIAN_FOREST"
R2 := 2032
R0[R1] := R2
R1 := "JT_GOLDEN_TULIP"
R2 := 2033
R0[R1] := R2
R1 := "JT_M_DESERT_WOLF_B"
R2 := 2034
R0[R1] := R2
R1 := "JT_NIHILITY_ZEM"
R2 := 2035
R0[R1] := R2
R1 := "JT_VALKYRIE_N"
R2 := 2036
R0[R1] := R2
R1 := "JT_VALKYRIE_A"
R2 := 2037
R0[R1] := R2
R1 := "JT_VALKYRIE_B"
R2 := 2038
R0[R1] := R2
R1 := "JT_EXECUTIONER_R"
R2 := 2039
R0[R1] := R2
R1 := "JT_TIRFING_R"
R2 := 2040
R0[R1] := R2
R1 := "JT_MYSTELTAINN_R"
R2 := 2041
R0[R1] := R2
R1 := "JT_SILVERSNIPER"
R2 := 2042
R0[R1] := R2
R1 := "JT_MAGICDECOY_FIRE"
R2 := 2043
R0[R1] := R2
R1 := "JT_MAGICDECOY_WATER"
R2 := 2044
R0[R1] := R2
R1 := "JT_MAGICDECOY_EARTH"
R2 := 2045
R0[R1] := R2
R1 := "JT_MAGICDECOY_WIND"
R2 := 2046
R0[R1] := R2
R1 := "JT_W_NAGA"
R2 := 2047
R0[R1] := R2
R1 := "JT_W_PINGUICULA_D"
R2 := 2048
R0[R1] := R2
R1 := "JT_W_BRADIUM_GOLEM"
R2 := 2049
R0[R1] := R2
R1 := "JT_W_AQUA_ELEMENTAL"
R2 := 2050
R0[R1] := R2
R1 := "JT_E_BAPHOMET"
R2 := 2051
R0[R1] := R2
R1 := "JT_E_DARKLORD"
R2 := 2052
R0[R1] := R2
R1 := "JT_NC_DIMIK"
R2 := 2053
R0[R1] := R2
R1 := "JT_E_BATHORY"
R2 := 2054
R0[R1] := R2
R1 := "JT_E_INCUBUS"
R2 := 2055
R0[R1] := R2
R1 := "JT_E_ZHERLTHSH"
R2 := 2056
R0[R1] := R2
R1 := "JT_E_CRAMP"
R2 := 2057
R0[R1] := R2
R1 := "JT_M_MIMIC"
R2 := 2058
R0[R1] := R2
R1 := "JT_M_DISGUISE"
R2 := 2059
R0[R1] := R2
R1 := "JT_M_ALICE"
R2 := 2060
R0[R1] := R2
R1 := "JT_E_STAPO"
R2 := 2061
R0[R1] := R2
R1 := "JT_E_POPORING"
R2 := 2062
R0[R1] := R2
R1 := "JT_E_DROPS"
R2 := 2063
R0[R1] := R2
R1 := "JT_E_MAGMARING"
R2 := 2064
R0[R1] := R2
R1 := "JT_E_METALING"
R2 := 2065
R0[R1] := R2
R1 := "JT_E_ANOPHELES"
R2 := 2066
R0[R1] := R2
R1 := "JT_E_ANOPHELES_"
R2 := 2067
R0[R1] := R2
R1 := "JT_BOITATA"
R2 := 2068
R0[R1] := R2
R1 := "JT_IARA"
R2 := 2069
R0[R1] := R2
R1 := "JT_PIRANHA"
R2 := 2070
R0[R1] := R2
R1 := "JT_HEADLESS_MULE"
R2 := 2071
R0[R1] := R2
R1 := "JT_JAGUAR"
R2 := 2072
R0[R1] := R2
R1 := "JT_TOUCAN"
R2 := 2073
R0[R1] := R2
R1 := "JT_CURUPIRA"
R2 := 2074
R0[R1] := R2
R1 := "JT_E_VADON_X"
R2 := 2075
R0[R1] := R2
R1 := "JT_S_WIND_GHOST"
R2 := 2076
R0[R1] := R2
R1 := "JT_S_SKOGUL"
R2 := 2077
R0[R1] := R2
R1 := "JT_S_SUCCUBUS"
R2 := 2078
R0[R1] := R2
R1 := "JT_CRYSTAL_H"
R2 := 2079
R0[R1] := R2
R1 := "JT_CRYSTAL_L"
R2 := 2080
R0[R1] := R2
R1 := "JT_E_HYDRA"
R2 := 2081
R0[R1] := R2
R1 := "JT_G_PIRANHA"
R2 := 2082
R0[R1] := R2
R1 := "JT_HORN_SCARABA"
R2 := 2083
R0[R1] := R2
R1 := "JT_HORN_SCARABA2"
R2 := 2084
R0[R1] := R2
R1 := "JT_ANTLER_SCARABA"
R2 := 2085
R0[R1] := R2
R1 := "JT_RAKE_SCARABA"
R2 := 2086
R0[R1] := R2
R1 := "JT_QUEEN_SCARABA"
R2 := 2087
R0[R1] := R2
R1 := "JT_HORN_SCARABA_EGG"
R2 := 2088
R0[R1] := R2
R1 := "JT_HORN_SCARABA2_EGG"
R2 := 2089
R0[R1] := R2
R1 := "JT_ANTLER_SCARABA_EGG"
R2 := 2090
R0[R1] := R2
R1 := "JT_RAKE_SCARABA_EGG"
R2 := 2091
R0[R1] := R2
R1 := "JT_DOLOMEDES"
R2 := 2092
R0[R1] := R2
R1 := "JT_BOTARING"
R2 := 2093
R0[R1] := R2
R1 := "JT_E_ORK_HERO2"
R2 := 2094
R0[R1] := R2
R1 := "JT_E_EDDGA"
R2 := 2095
R0[R1] := R2
R1 := "JT_E_OSIRIS2"
R2 := 2096
R0[R1] := R2
R1 := "JT_E_DRACULA"
R2 := 2097
R0[R1] := R2
R1 := "JT_E_DOPPELGANGER"
R2 := 2098
R0[R1] := R2
R1 := "JT_E_MISTRESS"
R2 := 2099
R0[R1] := R2
R1 := "JT_E_BAPHOMET2"
R2 := 2100
R0[R1] := R2
R1 := "JT_E_LORD_OF_DEATH2"
R2 := 2101
R0[R1] := R2
R1 := "JT_E_DARK_LORD"
R2 := 2102
R0[R1] := R2
R1 := "JT_E_KTULLANUX"
R2 := 2103
R0[R1] := R2
R1 := "JT_E_DARK_SNAKE_LORD"
R2 := 2104
R0[R1] := R2
R1 := "JT_E_TURTLE_GENERAL"
R2 := 2105
R0[R1] := R2
R1 := "JT_E_APOCALIPS_H"
R2 := 2106
R0[R1] := R2
R1 := "JT_E_FALLINGBISHOP"
R2 := 2107
R0[R1] := R2
R1 := "JT_E_GLOOMUNDERNIGHT"
R2 := 2108
R0[R1] := R2
R1 := "JT_E_RANDGRIS"
R2 := 2109
R0[R1] := R2
R1 := "JT_E_IFRIT"
R2 := 2110
R0[R1] := R2
R1 := "JT_E_B_HARWORD"
R2 := 2111
R0[R1] := R2
R1 := "JT_E_B_SEYREN"
R2 := 2112
R0[R1] := R2
R1 := "JT_E_B_EREMES"
R2 := 2113
R0[R1] := R2
R1 := "JT_EL_AGNI_S"
R2 := 2114
R0[R1] := R2
R1 := "JT_EL_AGNI_M"
R2 := 2115
R0[R1] := R2
R1 := "JT_EL_AGNI_L"
R2 := 2116
R0[R1] := R2
R1 := "JT_EL_AQUA_S"
R2 := 2117
R0[R1] := R2
R1 := "JT_EL_AQUA_M"
R2 := 2118
R0[R1] := R2
R1 := "JT_EL_AQUA_L"
R2 := 2119
R0[R1] := R2
R1 := "JT_EL_VENTUS_S"
R2 := 2120
R0[R1] := R2
R1 := "JT_EL_VENTUS_M"
R2 := 2121
R0[R1] := R2
R1 := "JT_EL_VENTUS_L"
R2 := 2122
R0[R1] := R2
R1 := "JT_EL_TERA_S"
R2 := 2123
R0[R1] := R2
R1 := "JT_EL_TERA_M"
R2 := 2124
R0[R1] := R2
R1 := "JT_EL_TERA_L"
R2 := 2125
R0[R1] := R2
R1 := "JT_M_ANOPHELES"
R2 := 2126
R0[R1] := R2
R1 := "JT_M_HORNET"
R2 := 2127
R0[R1] := R2
R1 := "JT_M_HORNET2"
R2 := 2128
R0[R1] := R2
R1 := "JT_M_LUCIOLA_VESPA"
R2 := 2129
R0[R1] := R2
R1 := "JT_M_LUCIOLA_VESPA2"
R2 := 2130
R0[R1] := R2
R1 := "JT_LOST_DRAGON"
R2 := 2131
R0[R1] := R2
R1 := "JT_POM_SPIDER"
R2 := 2132
R0[R1] := R2
R1 := "JT_ANGRA_MANTIS"
R2 := 2133
R0[R1] := R2
R1 := "JT_PARUS"
R2 := 2134
R0[R1] := R2
R1 := "JT_CREEPER"
R2 := 2135
R0[R1] := R2
R1 := "JT_LITTLE_FATUM"
R2 := 2136
R0[R1] := R2
R1 := "JT_MIMING"
R2 := 2137
R0[R1] := R2
R1 := "JT_NYDHOG_MEMORY1_1"
R2 := 2138
R0[R1] := R2
R1 := "JT_NYDHOG_MEMORY1_2"
R2 := 2139
R0[R1] := R2
R1 := "JT_NYDHOG_MEMORY2_1"
R2 := 2140
R0[R1] := R2
R1 := "JT_NYDHOG_MEMORY2_2"
R2 := 2141
R0[R1] := R2
R1 := "JT_NYDHOG_MEMORY3_1"
R2 := 2142
R0[R1] := R2
R1 := "JT_NYDHOG_MEMORY3_2"
R2 := 2143
R0[R1] := R2
R1 := "JT_G_ANTLER_SCARABA"
R2 := 2144
R0[R1] := R2
R1 := "JT_G_RAKE_SCARABA"
R2 := 2145
R0[R1] := R2
R1 := "JT_G_S_NYDHOG"
R2 := 2146
R0[R1] := R2
R1 := "JT_E_WHITE_PLANT"
R2 := 2147
R0[R1] := R2
R1 := "JT_E_BLUE_PLANT"
R2 := 2148
R0[R1] := R2
R1 := "JT_E_SAVAGE_BABE"
R2 := 2149
R0[R1] := R2
R1 := "JT_WATERMELON"
R2 := 2150
R0[R1] := R2
R1 := "JT_ALNOLDI"
R2 := 2151
R0[R1] := R2
R1 := "JT_COMODO"
R2 := 2152
R0[R1] := R2
R1 := "JT_CENDRAWASIH"
R2 := 2153
R0[R1] := R2
R1 := "JT_BANASPATY"
R2 := 2154
R0[R1] := R2
R1 := "JT_BUTOIJO"
R2 := 2155
R0[R1] := R2
R1 := "JT_LEAK"
R2 := 2156
R0[R1] := R2
R1 := "JT_G_BANASPATY"
R2 := 2157
R0[R1] := R2
R1 := "JT_S_HORNET"
R2 := 2158
R0[R1] := R2
R1 := "JT_S_GIANT_HORNET"
R2 := 2159
R0[R1] := R2
R1 := "JT_S_LUCIOLA_VESPA"
R2 := 2160
R0[R1] := R2
R1 := "JT_I_HORN_SCARABA"
R2 := 2161
R0[R1] := R2
R1 := "JT_I_HORN_SCARABA2"
R2 := 2162
R0[R1] := R2
R1 := "JT_I_ANTLER_SCARABA"
R2 := 2163
R0[R1] := R2
R1 := "JT_I_RAKE_SCARABA"
R2 := 2164
R0[R1] := R2
R1 := "JT_I_QUEEN_SCARABA"
R2 := 2165
R0[R1] := R2
R1 := "JT_I_HORN_SCARABA_EGG"
R2 := 2166
R0[R1] := R2
R1 := "JT_I_HORN_SCARABA2_EGG"
R2 := 2167
R0[R1] := R2
R1 := "JT_I_ANTLER_SCARABA_EGG"
R2 := 2168
R0[R1] := R2
R1 := "JT_I_RAKE_SCARABA_EGG"
R2 := 2169
R0[R1] := R2
R1 := "JT_I_G_ANTLER_SCARABA"
R2 := 2170
R0[R1] := R2
R1 := "JT_I_G_RAKE_SCARABA"
R2 := 2171
R0[R1] := R2
R1 := "JT_I_G_HORN_SCARABA"
R2 := 2172
R0[R1] := R2
R1 := "JT_I_G_HORN_SCARABA2"
R2 := 2173
R0[R1] := R2
R1 := "JT_MONSTER_LAST"
R2 := 2174
R0[R1] := R2
R1 := "JT_MER_LIF"
R2 := 6001
R0[R1] := R2
R1 := "JT_MER_AMISTR"
R2 := 6002
R0[R1] := R2
R1 := "JT_MER_FILIR"
R2 := 6003
R0[R1] := R2
R1 := "JT_MER_VANILMIRTH"
R2 := 6004
R0[R1] := R2
R1 := "JT_MER_LIF2"
R2 := 6005
R0[R1] := R2
R1 := "JT_MER_AMISTR2"
R2 := 6006
R0[R1] := R2
R1 := "JT_MER_FILIR2"
R2 := 6007
R0[R1] := R2
R1 := "JT_MER_VANILMIRTH2"
R2 := 6008
R0[R1] := R2
R1 := "JT_MER_LIF_H"
R2 := 6009
R0[R1] := R2
R1 := "JT_MER_AMISTR_H"
R2 := 6010
R0[R1] := R2
R1 := "JT_MER_FILIR_H"
R2 := 6011
R0[R1] := R2
R1 := "JT_MER_VANILMIRTH_H"
R2 := 6012
R0[R1] := R2
R1 := "JT_MER_LIF_H2"
R2 := 6013
R0[R1] := R2
R1 := "JT_MER_AMISTR_H2"
R2 := 6014
R0[R1] := R2
R1 := "JT_MER_FILIR_H2"
R2 := 6015
R0[R1] := R2
R1 := "JT_MER_VANILMIRTH_H2"
R2 := 6016
R0[R1] := R2
R1 := "JT_MER_ARCHER01"
R2 := 6017
R0[R1] := R2
R1 := "JT_MER_ARCHER02"
R2 := 6018
R0[R1] := R2
R1 := "JT_MER_ARCHER03"
R2 := 6019
R0[R1] := R2
R1 := "JT_MER_ARCHER04"
R2 := 6020
R0[R1] := R2
R1 := "JT_MER_ARCHER05"
R2 := 6021
R0[R1] := R2
R1 := "JT_MER_ARCHER06"
R2 := 6022
R0[R1] := R2
R1 := "JT_MER_ARCHER07"
R2 := 6023
R0[R1] := R2
R1 := "JT_MER_ARCHER08"
R2 := 6024
R0[R1] := R2
R1 := "JT_MER_ARCHER09"
R2 := 6025
R0[R1] := R2
R1 := "JT_MER_ARCHER10"
R2 := 6026
R0[R1] := R2
R1 := "JT_MER_LANCER01"
R2 := 6027
R0[R1] := R2
R1 := "JT_MER_LANCER02"
R2 := 6028
R0[R1] := R2
R1 := "JT_MER_LANCER03"
R2 := 6029
R0[R1] := R2
R1 := "JT_MER_LANCER04"
R2 := 6030
R0[R1] := R2
R1 := "JT_MER_LANCER05"
R2 := 6031
R0[R1] := R2
R1 := "JT_MER_LANCER06"
R2 := 6032
R0[R1] := R2
R1 := "JT_MER_LANCER07"
R2 := 6033
R0[R1] := R2
R1 := "JT_MER_LANCER08"
R2 := 6034
R0[R1] := R2
R1 := "JT_MER_LANCER09"
R2 := 6035
R0[R1] := R2
R1 := "JT_MER_LANCER10"
R2 := 6036
R0[R1] := R2
R1 := "JT_MER_SWORDMAN01"
R2 := 6037
R0[R1] := R2
R1 := "JT_MER_SWORDMAN02"
R2 := 6038
R0[R1] := R2
R1 := "JT_MER_SWORDMAN03"
R2 := 6039
R0[R1] := R2
R1 := "JT_MER_SWORDMAN04"
R2 := 6040
R0[R1] := R2
R1 := "JT_MER_SWORDMAN05"
R2 := 6041
R0[R1] := R2
R1 := "JT_MER_SWORDMAN06"
R2 := 6042
R0[R1] := R2
R1 := "JT_MER_SWORDMAN07"
R2 := 6043
R0[R1] := R2
R1 := "JT_MER_SWORDMAN08"
R2 := 6044
R0[R1] := R2
R1 := "JT_MER_SWORDMAN09"
R2 := 6045
R0[R1] := R2
R1 := "JT_MER_SWORDMAN10"
R2 := 6046
R0[R1] := R2
R1 := "JT_MER_MONSTER"
R2 := 6047
R0[R1] := R2
R1 := "JT_MER_EIRA"
R2 := 6048
R0[R1] := R2
R1 := "JT_MER_BAYERI"
R2 := 6049
R0[R1] := R2
R1 := "JT_MER_SERA"
R2 := 6050
R0[R1] := R2
R1 := "JT_MER_DIETER"
R2 := 6051
R0[R1] := R2
R1 := "JT_MER_ELEANOR"
R2 := 6052
R0[R1] := R2
R1 := "JT_MER_LAST"
R2 := 6053
R0[R1] := R2
R1 := "JT_WARPNPC"
R2 := 45
R0[R1] := R2
R1 := "JT_1_ETC_01"
R2 := 46
R0[R1] := R2
R1 := "JT_1_M_01"
R2 := 47
R0[R1] := R2
R1 := "JT_1_M_02"
R2 := 48
R0[R1] := R2
R1 := "JT_1_M_03"
R2 := 49
R0[R1] := R2
R1 := "JT_1_M_04"
R2 := 50
R0[R1] := R2
R1 := "JT_1_M_BARD"
R2 := 51
R0[R1] := R2
R1 := "JT_1_M_HOF"
R2 := 52
R0[R1] := R2
R1 := "JT_1_M_INNKEEPER"
R2 := 53
R0[R1] := R2
R1 := "JT_1_M_JOBGUIDER"
R2 := 54
R0[R1] := R2
R1 := "JT_1_M_JOBTESTER"
R2 := 55
R0[R1] := R2
R1 := "JT_1_M_KNIGHTMASTER"
R2 := 56
R0[R1] := R2
R1 := "JT_1_M_LIBRARYMASTER"
R2 := 57
R0[R1] := R2
R1 := "JT_1_M_MERCHANT"
R2 := 58
R0[R1] := R2
R1 := "JT_1_M_ORIENT01"
R2 := 59
R0[R1] := R2
R1 := "JT_1_M_PASTOR"
R2 := 60
R0[R1] := R2
R1 := "JT_1_M_PUBMASTER"
R2 := 61
R0[R1] := R2
R1 := "JT_1_M_SIZ"
R2 := 62
R0[R1] := R2
R1 := "JT_1_M_SMITH"
R2 := 63
R0[R1] := R2
R1 := "JT_1_M_WIZARD"
R2 := 64
R0[R1] := R2
R1 := "JT_1_M_YOUNGKNIGHT"
R2 := 65
R0[R1] := R2
R1 := "JT_1_F_01"
R2 := 66
R0[R1] := R2
R1 := "JT_1_F_02"
R2 := 67
R0[R1] := R2
R1 := "JT_1_F_03"
R2 := 68
R0[R1] := R2
R1 := "JT_1_F_04"
R2 := 69
R0[R1] := R2
R1 := "JT_1_F_GYPSY"
R2 := 70
R0[R1] := R2
R1 := "JT_1_F_LIBRARYGIRL"
R2 := 71
R0[R1] := R2
R1 := "JT_1_F_MARIA"
R2 := 72
R0[R1] := R2
R1 := "JT_1_F_MERCHANT_01"
R2 := 73
R0[R1] := R2
R1 := "JT_1_F_MERCHANT_02"
R2 := 74
R0[R1] := R2
R1 := "JT_1_F_ORIENT_01"
R2 := 75
R0[R1] := R2
R1 := "JT_1_F_ORIENT_02"
R2 := 76
R0[R1] := R2
R1 := "JT_1_F_ORIENT_03"
R2 := 77
R0[R1] := R2
R1 := "JT_1_F_ORIENT_04"
R2 := 78
R0[R1] := R2
R1 := "JT_1_F_PRIEST"
R2 := 79
R0[R1] := R2
R1 := "JT_1_F_PUBGIRL"
R2 := 80
R0[R1] := R2
R1 := "JT_4_DOG01"
R2 := 81
R0[R1] := R2
R1 := "JT_4_KID01"
R2 := 82
R0[R1] := R2
R1 := "JT_4_M_01"
R2 := 83
R0[R1] := R2
R1 := "JT_4_M_02"
R2 := 84
R0[R1] := R2
R1 := "JT_4_M_03"
R2 := 85
R0[R1] := R2
R1 := "JT_4_M_04"
R2 := 86
R0[R1] := R2
R1 := "JT_4_M_BARBER"
R2 := 87
R0[R1] := R2
R1 := "JT_4_M_ORIENT01"
R2 := 88
R0[R1] := R2
R1 := "JT_4_M_ORIENT02"
R2 := 89
R0[R1] := R2
R1 := "JT_4_F_01"
R2 := 90
R0[R1] := R2
R1 := "JT_4_F_02"
R2 := 91
R0[R1] := R2
R1 := "JT_4_F_03"
R2 := 92
R0[R1] := R2
R1 := "JT_4_F_04"
R2 := 93
R0[R1] := R2
R1 := "JT_4_F_MAID"
R2 := 94
R0[R1] := R2
R1 := "JT_4_F_SISTER"
R2 := 95
R0[R1] := R2
R1 := "JT_4W_KID"
R2 := 96
R0[R1] := R2
R1 := "JT_4W_M_01"
R2 := 97
R0[R1] := R2
R1 := "JT_4W_M_02"
R2 := 98
R0[R1] := R2
R1 := "JT_4W_M_03"
R2 := 99
R0[R1] := R2
R1 := "JT_4W_SAILOR"
R2 := 100
R0[R1] := R2
R1 := "JT_4W_F_01"
R2 := 101
R0[R1] := R2
R1 := "JT_8_F"
R2 := 102
R0[R1] := R2
R1 := "JT_8_F_GRANDMOTHER"
R2 := 103
R0[R1] := R2
R1 := "JT_EFFECTLAUNCHER"
R2 := 104
R0[R1] := R2
R1 := "JT_8W_SOLDIER"
R2 := 105
R0[R1] := R2
R1 := "JT_1_M_MOC_LORD"
R2 := 106
R0[R1] := R2
R1 := "JT_1_M_PAY_ELDER"
R2 := 107
R0[R1] := R2
R1 := "JT_1_M_PRON_KING"
R2 := 108
R0[R1] := R2
R1 := "JT_4_M_MANAGER"
R2 := 109
R0[R1] := R2
R1 := "JT_4_M_MINISTER"
R2 := 110
R0[R1] := R2
R1 := "JT_HIDDEN_NPC"
R2 := 111
R0[R1] := R2
R1 := "JT_4_F_KAFRA6"
R2 := 112
R0[R1] := R2
R1 := "JT_4_F_KAFRA5"
R2 := 113
R0[R1] := R2
R1 := "JT_4_F_KAFRA4"
R2 := 114
R0[R1] := R2
R1 := "JT_4_F_KAFRA3"
R2 := 115
R0[R1] := R2
R1 := "JT_4_F_KAFRA2"
R2 := 116
R0[R1] := R2
R1 := "JT_4_F_KAFRA1"
R2 := 117
R0[R1] := R2
R1 := "JT_2_M_THIEFMASTER"
R2 := 118
R0[R1] := R2
R1 := "JT_2_M_SWORDMASTER"
R2 := 119
R0[R1] := R2
R1 := "JT_2_M_PHARMACIST"
R2 := 120
R0[R1] := R2
R1 := "JT_2_M_MOLGENSTEIN"
R2 := 121
R0[R1] := R2
R1 := "JT_2_M_DYEINGER"
R2 := 122
R0[R1] := R2
R1 := "JT_2_F_MAGICMASTER"
R2 := 123
R0[R1] := R2
R1 := "JT_4_F_TELEPORTER"
R2 := 124
R0[R1] := R2
R1 := "JT_4_M_TELEPORTER"
R2 := 125
R0[R1] := R2
R1 := "JT_8_F_GIRL"
R2 := 700
R0[R1] := R2
R1 := "JT_4_F_GODEMOM"
R2 := 701
R0[R1] := R2
R1 := "JT_4_F_GON"
R2 := 702
R0[R1] := R2
R1 := "JT_4_F_KID2"
R2 := 703
R0[R1] := R2
R1 := "JT_4_M_BIBI"
R2 := 704
R0[R1] := R2
R1 := "JT_4_M_GEF_SOLDIER"
R2 := 705
R0[R1] := R2
R1 := "JT_4_M_KID1"
R2 := 706
R0[R1] := R2
R1 := "JT_4_M_MOC_SOLDIER"
R2 := 707
R0[R1] := R2
R1 := "JT_4_M_PAY_SOLDIER"
R2 := 708
R0[R1] := R2
R1 := "JT_4_M_SEAMAN"
R2 := 709
R0[R1] := R2
R1 := "JT_4_M_SNOWMAN"
R2 := 710
R0[R1] := R2
R1 := "JT_4_F_05"
R2 := 711
R0[R1] := R2
R1 := "JT_4_M_05"
R2 := 712
R0[R1] := R2
R1 := "JT_4_M_06"
R2 := 713
R0[R1] := R2
R1 := "JT_4_F_06"
R2 := 714
R0[R1] := R2
R1 := "JT_4_M_PIERROT"
R2 := 715
R0[R1] := R2
R1 := "JT_4_M_KID2"
R2 := 716
R0[R1] := R2
R1 := "JT_4_F_KID3"
R2 := 717
R0[R1] := R2
R1 := "JT_4_M_SANTA"
R2 := 718
R0[R1] := R2
R1 := "JT_4_F_NACORURI"
R2 := 719
R0[R1] := R2
R1 := "JT_4_F_SHAMAN"
R2 := 720
R0[R1] := R2
R1 := "JT_4_F_KAFRA7"
R2 := 721
R0[R1] := R2
R1 := "JT_GUILD_FLAG"
R2 := 722
R0[R1] := R2
R1 := "JT_1_SHADOW_NPC"
R2 := 723
R0[R1] := R2
R1 := "JT_4_F_07"
R2 := 724
R0[R1] := R2
R1 := "JT_4_F_JOB_ASSASSIN"
R2 := 725
R0[R1] := R2
R1 := "JT_4_F_JOB_BLACKSMITH"
R2 := 726
R0[R1] := R2
R1 := "JT_4_F_JOB_HUNTER"
R2 := 727
R0[R1] := R2
R1 := "JT_4_F_JOB_KNIGHT"
R2 := 728
R0[R1] := R2
R1 := "JT_4_F_NOVICE"
R2 := 729
R0[R1] := R2
R1 := "JT_4_M_JOB_ASSASSIN"
R2 := 730
R0[R1] := R2
R1 := "JT_4_M_JOB_BLACKSMITH"
R2 := 731
R0[R1] := R2
R1 := "JT_4_M_JOB_HUNTER"
R2 := 732
R0[R1] := R2
R1 := "JT_4_M_JOB_KNIGHT1"
R2 := 733
R0[R1] := R2
R1 := "JT_4_M_JOB_KNIGHT2"
R2 := 734
R0[R1] := R2
R1 := "JT_4_M_JOB_WIZARD"
R2 := 735
R0[R1] := R2
R1 := "JT_4_BAPHOMET"
R2 := 736
R0[R1] := R2
R1 := "JT_4_DARKLORD"
R2 := 737
R0[R1] := R2
R1 := "JT_4_DEVIRUCHI"
R2 := 738
R0[R1] := R2
R1 := "JT_8_DOPPEL"
R2 := 739
R0[R1] := R2
R1 := "JT_2_M_ALCHE"
R2 := 740
R0[R1] := R2
R1 := "JT_2_M_BARD_ORIENT"
R2 := 741
R0[R1] := R2
R1 := "JT_2_M_SAGE_B"
R2 := 742
R0[R1] := R2
R1 := "JT_2_M_SAGE_OLD"
R2 := 743
R0[R1] := R2
R1 := "JT_4_F_ALCHE"
R2 := 744
R0[R1] := R2
R1 := "JT_4_F_CRU"
R2 := 745
R0[R1] := R2
R1 := "JT_4_F_MONK"
R2 := 746
R0[R1] := R2
R1 := "JT_4_F_ROGUE"
R2 := 747
R0[R1] := R2
R1 := "JT_4_M_ALCHE_A"
R2 := 748
R0[R1] := R2
R1 := "JT_4_M_ALCHE_B"
R2 := 749
R0[R1] := R2
R1 := "JT_4_M_ALCHE_C"
R2 := 750
R0[R1] := R2
R1 := "JT_4_M_CRU"
R2 := 751
R0[R1] := R2
R1 := "JT_4_M_CRU_OLD"
R2 := 752
R0[R1] := R2
R1 := "JT_4_M_MONK"
R2 := 753
R0[R1] := R2
R1 := "JT_4_M_SAGE_A"
R2 := 754
R0[R1] := R2
R1 := "JT_4_M_SAGE_C"
R2 := 755
R0[R1] := R2
R1 := "JT_4_F_SON"
R2 := 756
R0[R1] := R2
R1 := "JT_4_F_JPN2"
R2 := 757
R0[R1] := R2
R1 := "JT_4_F_JPN"
R2 := 758
R0[R1] := R2
R1 := "JT_4_F_JPNCHIBI"
R2 := 759
R0[R1] := R2
R1 := "JT_4_F_JPNOBA2"
R2 := 760
R0[R1] := R2
R1 := "JT_4_F_JPNOBA"
R2 := 761
R0[R1] := R2
R1 := "JT_4_M_JPN2"
R2 := 762
R0[R1] := R2
R1 := "JT_4_M_JPN"
R2 := 763
R0[R1] := R2
R1 := "JT_4_M_JPNCHIBI"
R2 := 764
R0[R1] := R2
R1 := "JT_4_M_JPNOJI2"
R2 := 765
R0[R1] := R2
R1 := "JT_4_M_JPNOJI"
R2 := 766
R0[R1] := R2
R1 := "JT_8_M_JPNSOLDIER"
R2 := 767
R0[R1] := R2
R1 := "JT_8_M_JPNMASTER"
R2 := 768
R0[R1] := R2
R1 := "JT_4_F_JPNMU"
R2 := 769
R0[R1] := R2
R1 := "JT_4_F_TWGIRL"
R2 := 770
R0[R1] := R2
R1 := "JT_4_F_TWGRANDMOM"
R2 := 771
R0[R1] := R2
R1 := "JT_4_F_TWMASKGIRL"
R2 := 772
R0[R1] := R2
R1 := "JT_4_F_TWMIDWOMAN"
R2 := 773
R0[R1] := R2
R1 := "JT_4_M_TWBOY"
R2 := 774
R0[R1] := R2
R1 := "JT_4_M_TWMASKMAN"
R2 := 775
R0[R1] := R2
R1 := "JT_4_M_TWMIDMAN"
R2 := 776
R0[R1] := R2
R1 := "JT_4_M_TWOLDMAN"
R2 := 777
R0[R1] := R2
R1 := "JT_4_M_TWTEAMAN"
R2 := 778
R0[R1] := R2
R1 := "JT_4_M_YOYOROGUE"
R2 := 779
R0[R1] := R2
R1 := "JT_8_M_TWSOLDIER"
R2 := 780
R0[R1] := R2
R1 := "JT_4_F_UMGIRL"
R2 := 781
R0[R1] := R2
R1 := "JT_4_F_UMOLDWOMAN"
R2 := 782
R0[R1] := R2
R1 := "JT_4_F_UMWOMAN"
R2 := 783
R0[R1] := R2
R1 := "JT_4_M_UMCHIEF"
R2 := 784
R0[R1] := R2
R1 := "JT_4_M_UMDANCEKID2"
R2 := 785
R0[R1] := R2
R1 := "JT_4_M_UMDANCEKID"
R2 := 786
R0[R1] := R2
R1 := "JT_4_M_UMKID"
R2 := 787
R0[R1] := R2
R1 := "JT_4_M_UMOLDMAN"
R2 := 788
R0[R1] := R2
R1 := "JT_4_M_UMSOLDIER"
R2 := 789
R0[R1] := R2
R1 := "JT_4_M_SALVATION"
R2 := 790
R0[R1] := R2
R1 := "JT_4_F_NFDEADKAFRA"
R2 := 791
R0[R1] := R2
R1 := "JT_4_F_NFDEADMGCIAN"
R2 := 792
R0[R1] := R2
R1 := "JT_4_F_NFLOSTGIRL"
R2 := 793
R0[R1] := R2
R1 := "JT_4_M_NFDEADMAN2"
R2 := 794
R0[R1] := R2
R1 := "JT_4_M_NFDEADMAN"
R2 := 795
R0[R1] := R2
R1 := "JT_4_M_NFDEADSWDMAN"
R2 := 796
R0[R1] := R2
R1 := "JT_4_M_NFLOSTMAN"
R2 := 797
R0[R1] := R2
R1 := "JT_4_M_NFMAN"
R2 := 798
R0[R1] := R2
R1 := "JT_4_NFBAT"
R2 := 799
R0[R1] := R2
R1 := "JT_4_NFCOCK"
R2 := 800
R0[R1] := R2
R1 := "JT_4_NFCOFFIN"
R2 := 801
R0[R1] := R2
R1 := "JT_4_NFWISP"
R2 := 802
R0[R1] := R2
R1 := "JT_1_F_SIGNZISK"
R2 := 803
R0[R1] := R2
R1 := "JT_1_M_SIGN1"
R2 := 804
R0[R1] := R2
R1 := "JT_1_M_SIGNALCHE"
R2 := 805
R0[R1] := R2
R1 := "JT_1_M_SIGNART"
R2 := 806
R0[R1] := R2
R1 := "JT_1_M_SIGNMCNT"
R2 := 807
R0[R1] := R2
R1 := "JT_1_M_SIGNMONK2"
R2 := 808
R0[R1] := R2
R1 := "JT_1_M_SIGNMONK"
R2 := 809
R0[R1] := R2
R1 := "JT_1_M_SIGNROGUE"
R2 := 810
R0[R1] := R2
R1 := "JT_4_F_VALKYRIE"
R2 := 811
R0[R1] := R2
R1 := "JT_TW_TOWER"
R2 := 812
R0[R1] := R2
R1 := "JT_2_M_OLDBLSMITH"
R2 := 813
R0[R1] := R2
R1 := "JT_4_F_CHNDOCTOR"
R2 := 814
R0[R1] := R2
R1 := "JT_4_F_CHNDRESS1"
R2 := 815
R0[R1] := R2
R1 := "JT_4_F_CHNDRESS2"
R2 := 816
R0[R1] := R2
R1 := "JT_4_F_CHNDRESS3"
R2 := 817
R0[R1] := R2
R1 := "JT_4_F_CHNWOMAN"
R2 := 818
R0[R1] := R2
R1 := "JT_4_M_CHN8GUEK"
R2 := 819
R0[R1] := R2
R1 := "JT_4_M_CHNCOOK"
R2 := 820
R0[R1] := R2
R1 := "JT_4_M_CHNGENERL"
R2 := 821
R0[R1] := R2
R1 := "JT_4_M_CHNMAN"
R2 := 822
R0[R1] := R2
R1 := "JT_4_M_CHNMONK"
R2 := 823
R0[R1] := R2
R1 := "JT_4_M_CHNOLD"
R2 := 824
R0[R1] := R2
R1 := "JT_4_M_CHNSOLDIER"
R2 := 825
R0[R1] := R2
R1 := "JT_4_M_DWARF"
R2 := 826
R0[R1] := R2
R1 := "JT_4_M_GRANDMONK"
R2 := 827
R0[R1] := R2
R1 := "JT_4_M_ROGUE"
R2 := 828
R0[R1] := R2
R1 := "JT_4_M_DOMINO"
R2 := 829
R0[R1] := R2
R1 := "JT_4_F_DOMINO"
R2 := 830
R0[R1] := R2
R1 := "JT_4_F_ZONDAGIRL"
R2 := 831
R0[R1] := R2
R1 := "JT_4_M_REIDIN_KURS"
R2 := 832
R0[R1] := R2
R1 := "JT_4_M_ZONDAOYAJI"
R2 := 833
R0[R1] := R2
R1 := "JT_4_M_BUDDHIST"
R2 := 834
R0[R1] := R2
R1 := "JT_2_BOARD1"
R2 := 835
R0[R1] := R2
R1 := "JT_2_BOARD2"
R2 := 836
R0[R1] := R2
R1 := "JT_2_BULLETIN_BOARD"
R2 := 837
R0[R1] := R2
R1 := "JT_4_F_THAIAYO"
R2 := 838
R0[R1] := R2
R1 := "JT_4_F_THAIGIRL"
R2 := 839
R0[R1] := R2
R1 := "JT_4_F_THAISHAMAN"
R2 := 840
R0[R1] := R2
R1 := "JT_4_M_THAIAYO"
R2 := 841
R0[R1] := R2
R1 := "JT_4_M_THAIOLD"
R2 := 842
R0[R1] := R2
R1 := "JT_4_M_THAIONGBAK"
R2 := 843
R0[R1] := R2
R1 := "JT_CLEAR_NPC"
R2 := 844
R0[R1] := R2
R1 := "JT_4_F_RACING"
R2 := 845
R0[R1] := R2
R1 := "JT_4_F_EINOLD"
R2 := 846
R0[R1] := R2
R1 := "JT_4_M_EINOLD"
R2 := 847
R0[R1] := R2
R1 := "JT_4_M_EINMINER"
R2 := 848
R0[R1] := R2
R1 := "JT_4_M_DIEMAN"
R2 := 849
R0[R1] := R2
R1 := "JT_4_F_EINWOMAN"
R2 := 850
R0[R1] := R2
R1 := "JT_4_M_REPAIR"
R2 := 851
R0[R1] := R2
R1 := "JT_4_M_EIN_SOLDIER"
R2 := 852
R0[R1] := R2
R1 := "JT_4_M_YURI"
R2 := 853
R0[R1] := R2
R1 := "JT_4_M_EINMAN2"
R2 := 854
R0[R1] := R2
R1 := "JT_4_M_EINMAN"
R2 := 855
R0[R1] := R2
R1 := "JT_2_F_SIGN1"
R2 := 856
R0[R1] := R2
R1 := "JT_4_BOARD3"
R2 := 857
R0[R1] := R2
R1 := "JT_4_BULLETIN_BOARD2"
R2 := 858
R0[R1] := R2
R1 := "JT_4_F_AGENTKAFRA"
R2 := 859
R0[R1] := R2
R1 := "JT_4_F_KAFRA8"
R2 := 860
R0[R1] := R2
R1 := "JT_4_F_KAFRA9"
R2 := 861
R0[R1] := R2
R1 := "JT_4_F_LGTGIRL"
R2 := 862
R0[R1] := R2
R1 := "JT_4_F_LGTGRAND"
R2 := 863
R0[R1] := R2
R1 := "JT_4_F_OPERATION"
R2 := 864
R0[R1] := R2
R1 := "JT_4_LGTSCIENCE"
R2 := 865
R0[R1] := R2
R1 := "JT_4_M_LGTGRAND"
R2 := 866
R0[R1] := R2
R1 := "JT_4_M_LGTGUARD2"
R2 := 867
R0[R1] := R2
R1 := "JT_4_M_LGTGUARD"
R2 := 868
R0[R1] := R2
R1 := "JT_4_M_LGTMAN"
R2 := 869
R0[R1] := R2
R1 := "JT_4_M_LGTPOOR"
R2 := 870
R0[R1] := R2
R1 := "JT_4_M_OPERATION"
R2 := 871
R0[R1] := R2
R1 := "JT_4_M_PRESIDENT"
R2 := 872
R0[R1] := R2
R1 := "JT_4_M_REINDEER"
R2 := 873
R0[R1] := R2
R1 := "JT_4_M_ZONDAMAN"
R2 := 874
R0[R1] := R2
R1 := "JT_4_M_PECOKNIGHT"
R2 := 875
R0[R1] := R2
R1 := "JT_4_CAT"
R2 := 876
R0[R1] := R2
R1 := "JT_4_F_YUNYANG"
R2 := 877
R0[R1] := R2
R1 := "JT_4_M_OILMAN"
R2 := 878
R0[R1] := R2
R1 := "JT_4_F_CAPEGIRL"
R2 := 879
R0[R1] := R2
R1 := "JT_4_M_MASKMAN"
R2 := 880
R0[R1] := R2
R1 := "JT_4_M_SITDOWN"
R2 := 881
R0[R1] := R2
R1 := "JT_4_F_SITDOWN"
R2 := 882
R0[R1] := R2
R1 := "JT_4_M_ALCHE_D"
R2 := 883
R0[R1] := R2
R1 := "JT_4_M_ACROSS"
R2 := 884
R0[R1] := R2
R1 := "JT_4_F_ACROSS"
R2 := 885
R0[R1] := R2
R1 := "JT_4_COOK"
R2 := 886
R0[R1] := R2
R1 := "JT_4_M_LIEMAN"
R2 := 887
R0[R1] := R2
R1 := "JT_2_POSTBOX"
R2 := 888
R0[R1] := R2
R1 := "JT_4_BULL"
R2 := 889
R0[R1] := R2
R1 := "JT_4_LAM"
R2 := 890
R0[R1] := R2
R1 := "JT_4_F_HUGIRL"
R2 := 891
R0[R1] := R2
R1 := "JT_4_F_HUGRANMA"
R2 := 892
R0[R1] := R2
R1 := "JT_4_F_HUWOMAN"
R2 := 893
R0[R1] := R2
R1 := "JT_4_F_KHELLISIA"
R2 := 894
R0[R1] := R2
R1 := "JT_4_F_KHELLY"
R2 := 895
R0[R1] := R2
R1 := "JT_4_M_HUBOY"
R2 := 896
R0[R1] := R2
R1 := "JT_4_M_HUGRANFA"
R2 := 897
R0[R1] := R2
R1 := "JT_4_M_HUMAN_01"
R2 := 898
R0[R1] := R2
R1 := "JT_4_M_HUMAN_02"
R2 := 899
R0[R1] := R2
R1 := "JT_4_M_HUMERCHANT"
R2 := 900
R0[R1] := R2
R1 := "JT_4_M_HUOLDARMY"
R2 := 901
R0[R1] := R2
R1 := "JT_4_M_KHKIEL"
R2 := 902
R0[R1] := R2
R1 := "JT_4_M_KHKYEL"
R2 := 903
R0[R1] := R2
R1 := "JT_4_M_KHMAN"
R2 := 904
R0[R1] := R2
R1 := "JT_4_F_KHWOMAN"
R2 := 905
R0[R1] := R2
R1 := "JT_4_F_KHGIRL"
R2 := 906
R0[R1] := R2
R1 := "JT_4_M_KHBOY"
R2 := 907
R0[R1] := R2
R1 := "JT_4_M_PHILMAN"
R2 := 908
R0[R1] := R2
R1 := "JT_4_PORING"
R2 := 909
R0[R1] := R2
R1 := "JT_2_COLAVEND"
R2 := 910
R0[R1] := R2
R1 := "JT_4_F_SOCCER"
R2 := 911
R0[R1] := R2
R1 := "JT_4_M_SOCCER7"
R2 := 912
R0[R1] := R2
R1 := "JT_4_M_SOCCER9"
R2 := 913
R0[R1] := R2
R1 := "JT_4_F_CHILD"
R2 := 914
R0[R1] := R2
R1 := "JT_4_F_MADAME"
R2 := 915
R0[R1] := R2
R1 := "JT_4_F_MASK1"
R2 := 916
R0[R1] := R2
R1 := "JT_4_F_MASK"
R2 := 917
R0[R1] := R2
R1 := "JT_4_F_RACHOLD"
R2 := 918
R0[R1] := R2
R1 := "JT_4_F_SHABBY"
R2 := 919
R0[R1] := R2
R1 := "JT_4_F_TRAINEE"
R2 := 920
R0[R1] := R2
R1 := "JT_4_M_CHILD1"
R2 := 921
R0[R1] := R2
R1 := "JT_4_M_CHILD"
R2 := 922
R0[R1] := R2
R1 := "JT_4_M_DOCTOR"
R2 := 923
R0[R1] := R2
R1 := "JT_4_M_FROZEN1"
R2 := 924
R0[R1] := R2
R1 := "JT_4_M_FROZEN"
R2 := 925
R0[R1] := R2
R1 := "JT_4_M_MASK1"
R2 := 926
R0[R1] := R2
R1 := "JT_4_M_MASK"
R2 := 927
R0[R1] := R2
R1 := "JT_4_M_MIDDLE1"
R2 := 928
R0[R1] := R2
R1 := "JT_4_M_MIDDLE"
R2 := 929
R0[R1] := R2
R1 := "JT_4_M_RACHMAN2"
R2 := 930
R0[R1] := R2
R1 := "JT_4_M_RACHMAN1"
R2 := 931
R0[R1] := R2
R1 := "JT_4_M_RACHOLD1"
R2 := 932
R0[R1] := R2
R1 := "JT_4_M_RACHOLD"
R2 := 933
R0[R1] := R2
R1 := "JT_4_M_RASWORD"
R2 := 934
R0[R1] := R2
R1 := "JT_4_M_TRAINEE"
R2 := 935
R0[R1] := R2
R1 := "JT_4_F_ARUNA_POP"
R2 := 936
R0[R1] := R2
R1 := "JT_4_M_ARUNA_NFM1"
R2 := 937
R0[R1] := R2
R1 := "JT_4_DST_CAMEL"
R2 := 938
R0[R1] := R2
R1 := "JT_4_DST_SOLDIER"
R2 := 939
R0[R1] := R2
R1 := "JT_4_F_DESERT"
R2 := 940
R0[R1] := R2
R1 := "JT_4_F_DST_CHILD"
R2 := 941
R0[R1] := R2
R1 := "JT_4_F_DST_GRAND"
R2 := 942
R0[R1] := R2
R1 := "JT_4_M_DESERT"
R2 := 943
R0[R1] := R2
R1 := "JT_4_M_DST_CHILD"
R2 := 944
R0[R1] := R2
R1 := "JT_4_M_DST_GRAND"
R2 := 945
R0[R1] := R2
R1 := "JT_4_M_DST_MASTER"
R2 := 946
R0[R1] := R2
R1 := "JT_4_M_DST_TOUGH"
R2 := 947
R0[R1] := R2
R1 := "JT_4_ANGELING"
R2 := 948
R0[R1] := R2
R1 := "JT_4_ARCHANGELING"
R2 := 949
R0[R1] := R2
R1 := "JT_4_GHOSTRING"
R2 := 950
R0[R1] := R2
R1 := "JT_4_F_EDEN_MASTER"
R2 := 951
R0[R1] := R2
R1 := "JT_4_F_EDEN_OFFICER"
R2 := 952
R0[R1] := R2
R1 := "JT_4_M_EDEN_GUARDER"
R2 := 953
R0[R1] := R2
R1 := "JT_4_M_PATRICK"
R2 := 954
R0[R1] := R2
R1 := "JT_4_DONKEY"
R2 := 955
R0[R1] := R2
R1 := "JT_4_M_TRISTAN"
R2 := 956
R0[R1] := R2
R1 := "JT_4_WHITE_COW"
R2 := 957
R0[R1] := R2
R1 := "JT_4_F_RUSCHILD"
R2 := 958
R0[R1] := R2
R1 := "JT_4_F_RUSWOMAN1"
R2 := 959
R0[R1] := R2
R1 := "JT_4_F_RUSWOMAN2"
R2 := 960
R0[R1] := R2
R1 := "JT_4_F_RUSWOMAN3"
R2 := 961
R0[R1] := R2
R1 := "JT_4_M_RUSCHILD"
R2 := 962
R0[R1] := R2
R1 := "JT_4_M_GUSLIMAN"
R2 := 963
R0[R1] := R2
R1 := "JT_4_M_RUSBALD"
R2 := 964
R0[R1] := R2
R1 := "JT_4_M_RUSKING"
R2 := 965
R0[R1] := R2
R1 := "JT_4_M_RUSKNIGHT"
R2 := 966
R0[R1] := R2
R1 := "JT_4_M_RUSMAN1"
R2 := 967
R0[R1] := R2
R1 := "JT_4_M_RUSMAN2"
R2 := 968
R0[R1] := R2
R1 := "JT_4_M_DRAKE"
R2 := 969
R0[R1] := R2
R1 := "JT_4_F_BABAYAGA"
R2 := 970
R0[R1] := R2
R1 := "JT_4_F_RUSGREEN"
R2 := 971
R0[R1] := R2
R1 := "JT_4_RUS_DWOLF"
R2 := 972
R0[R1] := R2
R1 := "JT_1_FLAG_LION"
R2 := 973
R0[R1] := R2
R1 := "JT_1_FLAG_EAGLE"
R2 := 974
R0[R1] := R2
R1 := "JT_4_M_MIKID"
R2 := 975
R0[R1] := R2
R1 := "JT_4_BLUE_FLOWER"
R2 := 976
R0[R1] := R2
R1 := "JT_4_RED_FLOWER"
R2 := 977
R0[R1] := R2
R1 := "JT_4_YELL_FLOWER"
R2 := 978
R0[R1] := R2
R1 := "JT_4_F_CAVE1"
R2 := 979
R0[R1] := R2
R1 := "JT_4_F_MUT1"
R2 := 980
R0[R1] := R2
R1 := "JT_4_F_MUT2"
R2 := 981
R0[R1] := R2
R1 := "JT_4_F_SCIENCE"
R2 := 982
R0[R1] := R2
R1 := "JT_4_M_1STPRIN1"
R2 := 983
R0[R1] := R2
R1 := "JT_4_M_1STPRIN2"
R2 := 984
R0[R1] := R2
R1 := "JT_4_M_2NDPRIN1"
R2 := 985
R0[R1] := R2
R1 := "JT_4_M_2NDPRIN2"
R2 := 986
R0[R1] := R2
R1 := "JT_4_M_3RDPRIN1"
R2 := 987
R0[R1] := R2
R1 := "JT_4_M_3RDPRIN2"
R2 := 988
R0[R1] := R2
R1 := "JT_4_M_4THPRIN1"
R2 := 989
R0[R1] := R2
R1 := "JT_4_M_4THPRIN2"
R2 := 990
R0[R1] := R2
R1 := "JT_4_M_5THPRIN1"
R2 := 991
R0[R1] := R2
R1 := "JT_4_M_5THPRIN2"
R2 := 992
R0[R1] := R2
R1 := "JT_4_M_6THPRIN1"
R2 := 993
R0[R1] := R2
R1 := "JT_4_M_6THPRIN2"
R2 := 994
R0[R1] := R2
R1 := "JT_4_M_CASMAN1"
R2 := 995
R0[R1] := R2
R1 := "JT_4_M_CAVE1"
R2 := 996
R0[R1] := R2
R1 := "JT_4_M_MOCASS1"
R2 := 997
R0[R1] := R2
R1 := "JT_4_M_MOCASS2"
R2 := 998
R0[R1] := R2
R1 := "JT_4_M_MUT1"
R2 := 999
R0[R1] := R2
R1 := "JT_NEW_NPC_START"
R2 := 400
R0[R1] := R2
R1 := "JT_4_M_MUT2"
R2 := 401
R0[R1] := R2
R1 := "JT_4_M_SCIENCE"
R2 := 402
R0[R1] := R2
R1 := "JT_4_F_VALKYRIE2"
R2 := 403
R0[R1] := R2
R1 := "JT_4_M_UNCLEKNIGHT"
R2 := 404
R0[R1] := R2
R1 := "JT_4_M_YOUNGKNIGHT"
R2 := 405
R0[R1] := R2
R1 := "JT_2_MONEMUS"
R2 := 406
R0[R1] := R2
R1 := "JT_4_M_ATEIL"
R2 := 407
R0[R1] := R2
R1 := "JT_4_F_ANNIVERSARY"
R2 := 408
R0[R1] := R2
R1 := "JT_4_M_GREATPO"
R2 := 409
R0[R1] := R2
R1 := "JT_4_M_NOVELIST"
R2 := 410
R0[R1] := R2
R1 := "JT_4_M_CHAMPSOUL"
R2 := 411
R0[R1] := R2
R1 := "JT_4_M_OLDFRIAR"
R2 := 412
R0[R1] := R2
R1 := "JT_4_M_CRU_SOLD"
R2 := 413
R0[R1] := R2
R1 := "JT_4_M_CRU_KNT"
R2 := 414
R0[R1] := R2
R1 := "JT_4_M_CRU_HEAD"
R2 := 415
R0[R1] := R2
R1 := "JT_4_M_CRU_CRUA"
R2 := 416
R0[R1] := R2
R1 := "JT_4_M_KY_SOLD"
R2 := 417
R0[R1] := R2
R1 := "JT_4_M_KY_KNT"
R2 := 418
R0[R1] := R2
R1 := "JT_4_M_KY_HEAD"
R2 := 419
R0[R1] := R2
R1 := "JT_4_M_KY_KIYOM"
R2 := 420
R0[R1] := R2
R1 := "JT_4_M_BOSSCAT"
R2 := 421
R0[R1] := R2
R1 := "JT_4_M_BABYCAT"
R2 := 422
R0[R1] := R2
R1 := "JT_4W_F_KAFRA2"
R2 := 423
R0[R1] := R2
R1 := "JT_4_F_MUNAK"
R2 := 424
R0[R1] := R2
R1 := "JT_4_M_BONGUN"
R2 := 425
R0[R1] := R2
R1 := "JT_4_BEAR"
R2 := 426
R0[R1] := R2
R1 := "JT_4_BLUEWOLF"
R2 := 427
R0[R1] := R2
R1 := "JT_4_PECOPECO"
R2 := 428
R0[R1] := R2
R1 := "JT_4_M_JP_MID"
R2 := 429
R0[R1] := R2
R1 := "JT_4_M_JP_RUN"
R2 := 430
R0[R1] := R2
R1 := "JT_4_ORCLADY"
R2 := 431
R0[R1] := R2
R1 := "JT_4_ORCLADY2"
R2 := 432
R0[R1] := R2
R1 := "JT_4_ORCWARRIOR"
R2 := 433
R0[R1] := R2
R1 := "JT_4_ORCWARRIOR2"
R2 := 434
R0[R1] := R2
R1 := "JT_4_F_FAIRY"
R2 := 435
R0[R1] := R2
R1 := "JT_4_F_FAIRYKID"
R2 := 436
R0[R1] := R2
R1 := "JT_4_F_FAIRYKID2"
R2 := 437
R0[R1] := R2
R1 := "JT_4_F_FAIRYKID3"
R2 := 438
R0[R1] := R2
R1 := "JT_4_F_FAIRYKID4"
R2 := 439
R0[R1] := R2
R1 := "JT_4_F_FAIRYKID5"
R2 := 440
R0[R1] := R2
R1 := "JT_4_F_FAIRYKID6"
R2 := 441
R0[R1] := R2
R1 := "JT_4_M_FAIRYKID"
R2 := 442
R0[R1] := R2
R1 := "JT_4_M_FAIRYKID2"
R2 := 443
R0[R1] := R2
R1 := "JT_4_M_FAIRYKID3"
R2 := 444
R0[R1] := R2
R1 := "JT_4_M_FAIRYKID4"
R2 := 445
R0[R1] := R2
R1 := "JT_4_M_FAIRYKID5"
R2 := 446
R0[R1] := R2
R1 := "JT_4_M_FAIRYSOLDIER"
R2 := 447
R0[R1] := R2
R1 := "JT_4_M_TUFFOLD"
R2 := 448
R0[R1] := R2
R1 := "JT_4_MAN_BENKUNI"
R2 := 449
R0[R1] := R2
R1 := "JT_4_MAN_GALTUN"
R2 := 450
R0[R1] := R2
R1 := "JT_4_MAN_JERUTOO"
R2 := 451
R0[R1] := R2
R1 := "JT_4_MAN_LAVAIL"
R2 := 452
R0[R1] := R2
R1 := "JT_4_MAN_NITT"
R2 := 453
R0[R1] := R2
R1 := "JT_4_MAN_PIOM"
R2 := 454
R0[R1] := R2
R1 := "JT_4_MAN_PIOM2"
R2 := 455
R0[R1] := R2
R1 := "JT_4_M_DSTMAN"
R2 := 456
R0[R1] := R2
R1 := "JT_4_M_DSTMANDEAD"
R2 := 457
R0[R1] := R2
R1 := "JT_4_BABYLEOPARD"
R2 := 458
R0[R1] := R2
R1 := "JT_4_M_REDSWORD"
R2 := 459
R0[R1] := R2
R1 := "JT_4_MAN_PIOM3"
R2 := 460
R0[R1] := R2
R1 := "JT_4_M_FAIRYSOLDIER2"
R2 := 461
R0[R1] := R2
R1 := "JT_4_F_FAIRYSOLDIER"
R2 := 462
R0[R1] := R2
R1 := "JT_4_DRAGON_EGG"
R2 := 463
R0[R1] := R2
R1 := "JT_4_MIMIC"
R2 := 464
R0[R1] := R2
R1 := "JT_4_F_FAIRY1"
R2 := 465
R0[R1] := R2
R1 := "JT_4_F_GUILLOTINE"
R2 := 466
R0[R1] := R2
R1 := "JT_4_M_GUILLOTINE"
R2 := 467
R0[R1] := R2
R1 := "JT_4_M_KNIGHT_BLACK"
R2 := 468
R0[R1] := R2
R1 := "JT_4_M_KNIGHT_GOLD"
R2 := 469
R0[R1] := R2
R1 := "JT_4_M_KNIGHT_SILVER"
R2 := 470
R0[R1] := R2
R1 := "JT_4_SKULL_MUD"
R2 := 471
R0[R1] := R2
R1 := "JT_4_M_BRZ_INDIAN"
R2 := 472
R0[R1] := R2
R1 := "JT_4_F_BRZ_INDIAN"
R2 := 473
R0[R1] := R2
R1 := "JT_4_F_BRZ_INDOLD"
R2 := 474
R0[R1] := R2
R1 := "JT_4_M_BRZ_JACI"
R2 := 475
R0[R1] := R2
R1 := "JT_4_M_BRZ_MAN1"
R2 := 476
R0[R1] := R2
R1 := "JT_4_M_BRZ_MAN2"
R2 := 477
R0[R1] := R2
R1 := "JT_4_F_BRZ_WOMAN"
R2 := 478
R0[R1] := R2
R1 := "JT_4_M_MINSTREL"
R2 := 479
R0[R1] := R2
R1 := "JT_4_M_MINSTREL1"
R2 := 480
R0[R1] := R2
R1 := "JT_4_M_SHADOWCHASER"
R2 := 481
R0[R1] := R2
R1 := "JT_4_F_SHADOWCHASER"
R2 := 482
R0[R1] := R2
R1 := "JT_4_M_SURA"
R2 := 483
R0[R1] := R2
R1 := "JT_4_F_SURA"
R2 := 484
R0[R1] := R2
R1 := "JT_4_F_WANDERER"
R2 := 485
R0[R1] := R2
R1 := "JT_4_M_BARD"
R2 := 486
R0[R1] := R2
R1 := "JT_1_FLAG_NOFEAR"
R2 := 487
R0[R1] := R2
R1 := "JT_4_M_NOFEARGUY"
R2 := 488
R0[R1] := R2
R1 := "JT_4_MAN_PIOM6"
R2 := 489
R0[R1] := R2
R1 := "JT_4_MAN_PIOM4"
R2 := 490
R0[R1] := R2
R1 := "JT_4_MAN_PIOM5"
R2 := 491
R0[R1] := R2
R1 := "JT_4_MAN_GALTUN1"
R2 := 492
R0[R1] := R2
R1 := "JT_4_HUMAN_GERUTOO"
R2 := 493
R0[R1] := R2
R1 := "JT_4_M_ROKI"
R2 := 494
R0[R1] := R2
R1 := "JT_4_M_MERCAT1"
R2 := 495
R0[R1] := R2
R1 := "JT_4_M_MERCAT2"
R2 := 496
R0[R1] := R2
R1 := "JT_4_M_CATMAN1"
R2 := 497
R0[R1] := R2
R1 := "JT_4_M_CATMAN2"
R2 := 498
R0[R1] := R2
R1 := "JT_4_F_BRZ_WOMAN2"
R2 := 499
R0[R1] := R2
R1 := "JT_4_M_JP_DISH"
R2 := 500
R0[R1] := R2
R1 := "JT_4_F_JP_NOAH"
R2 := 501
R0[R1] := R2
R1 := "JT_4_F_JP_OZ"
R2 := 502
R0[R1] := R2
R1 := "JT_4_F_JP_CHROME"
R2 := 503
R0[R1] := R2
R1 := "JT_4_F_JP_RINNE"
R2 := 504
R0[R1] := R2
R1 := "JT_4_WHITETIGER"
R2 := 505
R0[R1] := R2
R1 := "JT_4_VENDING_MACHINE"
R2 := 506
R0[R1] := R2
R1 := "JT_4_MISTY"
R2 := 507
R0[R1] := R2
R1 := "JT_4_NECORING"
R2 := 508
R0[R1] := R2
R1 := "JT_4_ELEPHANT"
R2 := 509
R0[R1] := R2
R1 := "JT_4_F_NYDHOG"
R2 := 510
R0[R1] := R2
R1 := "JT_4_F_NYDHOG2"
R2 := 511
R0[R1] := R2
R1 := "JT_4_M_ROKI2"
R2 := 512
R0[R1] := R2
R1 := "JT_4_M_DOGTRAVELER"
R2 := 513
R0[R1] := R2
R1 := "JT_4_M_DOGTRAVELER2"
R2 := 514
R0[R1] := R2
R1 := "JT_4_F_DOGTRAVELER"
R2 := 515
R0[R1] := R2
R1 := "JT_4_M_RAFLE_GR"
R2 := 516
R0[R1] := R2
R1 := "JT_4_M_RAFLE_OLD"
R2 := 517
R0[R1] := R2
R1 := "JT_4_F_RAFLE_PK"
R2 := 518
R0[R1] := R2
R1 := "JT_4_M_LYINGDOG"
R2 := 519
R0[R1] := R2
R1 := "JT_4_F_MORAFINE1"
R2 := 520
R0[R1] := R2
R1 := "JT_4_F_MORAFINE2"
R2 := 521
R0[R1] := R2
R1 := "JT_4_M_RAFLE_OR"
R2 := 522
R0[R1] := R2
R1 := "JT_4_F_RAFLE_YE"
R2 := 523
R0[R1] := R2
R1 := "JT_4_M_RAFLE_VI"
R2 := 524
R0[R1] := R2
R1 := "JT_4_F_RAFLE_VI"
R2 := 525
R0[R1] := R2
R1 := "JT_4_M_ARDHA"
R2 := 526
R0[R1] := R2
R1 := "JT_4_CREEPER"
R2 := 527
R0[R1] := R2
R1 := "JT_JP_RUFAKU"
R2 := 528
R0[R1] := R2
R1 := "JT_JP_SUPIKA"
R2 := 529
R0[R1] := R2
R1 := "JT_JP_SABIKU"
R2 := 530
R0[R1] := R2
R1 := "JT_JP_ARUGORU"
R2 := 531
R0[R1] := R2
R1 := "JT_JP_ARUNA"
R2 := 532
R0[R1] := R2
R1 := "JT_JP_AIRI"
R2 := 533
R0[R1] := R2
R1 := "JT_4_M_DEWOLDMAN"
R2 := 534
R0[R1] := R2
R1 := "JT_4_M_DEWOLDWOMAN"
R2 := 535
R0[R1] := R2
R1 := "JT_4_M_DEWMAN"
R2 := 536
R0[R1] := R2
R1 := "JT_4_M_DEWWOMAN"
R2 := 537
R0[R1] := R2
R1 := "JT_4_M_DEWBOY"
R2 := 538
R0[R1] := R2
R1 := "JT_4_M_DEWGIRL"
R2 := 539
R0[R1] := R2
R1 := "JT_4_M_DEWZATICHIEF"
R2 := 540
R0[R1] := R2
R1 := "JT_4_M_DEWZATIMAN"
R2 := 541
R0[R1] := R2
R1 := "JT_4_M_ALCHE_E"
R2 := 542
R0[R1] := R2
R1 := "JT_4_MASK_SMOKEY"
R2 := 543
R0[R1] := R2
R1 := "JT_4_CAT_SAILOR1"
R2 := 544
R0[R1] := R2
R1 := "JT_4_CAT_SAILOR2"
R2 := 545
R0[R1] := R2
R1 := "JT_4_CAT_SAILOR3"
R2 := 546
R0[R1] := R2
R1 := "JT_4_CAT_SAILOR4"
R2 := 547
R0[R1] := R2
R1 := "JT_4_CAT_CHEF"
R2 := 548
R0[R1] := R2
R1 := "JT_4_CAT_MERMASTER"
R2 := 549
R0[R1] := R2
R1 := "JT_4_CRACK"
R2 := 550
R0[R1] := R2
R1 := "JT_4_ASTER"
R2 := 551
R0[R1] := R2
R1 := "JT_4_F_STARFISHGIRL"
R2 := 552
R0[R1] := R2
R1 := "JT_4_CAT_DOWN"
R2 := 553
R0[R1] := R2
R1 := "JT_4_CAT_REST"
R2 := 554
R0[R1] := R2
R1 := "JT_4_CAT_3COLOR"
R2 := 555
R0[R1] := R2
R1 := "JT_4_CAT_ADMIRAL"
R2 := 556
R0[R1] := R2
R1 := "JT_4_SOIL"
R2 := 557
R0[R1] := R2
R1 := "JT_4_F_ALCHE_A"
R2 := 558
R0[R1] := R2
R1 := "JT_4_CAT_ADV1"
R2 := 559
R0[R1] := R2
R1 := "JT_4_CAT_ADV2"
R2 := 560
R0[R1] := R2
R1 := "JT_4_CAT_SAILOR5"
R2 := 561
R0[R1] := R2
R1 := "JT_2_DROP_MACHINE"
R2 := 562
R0[R1] := R2
R1 := "JT_2_SLOT_MACHINE"
R2 := 563
R0[R1] := R2
R1 := "JT_2_VENDING_MACHINE1"
R2 := 564
R0[R1] := R2
jobtbl := R0
return 
