R0 := {}
R1 := JOBID
R1 := R1["JT_NOVICE"]
R2 := {}
R3 := SKID
R3 := R3["NV_BASIC"]
R2[0] := R3
R3 := SKID
R3 := R3["NV_FIRSTAID"]
R2[7] := R3
R3 := SKID
R3 := R3["NV_TRICKDEAD"]
R2[14] := R3
R0[R1] := R2
R1 := JOBID
R1 := R1["JT_SWORDMAN"]
R2 := {}
R3 := SKID
R3 := R3["SM_SWORD"]
R2[1] := R3
R3 := SKID
R3 := R3["SM_RECOVERY"]
R2[2] := R3
R3 := SKID
R3 := R3["SM_BASH"]
R2[3] := R3
R3 := SKID
R3 := R3["SM_PROVOKE"]
R2[4] := R3
R3 := SKID
R3 := R3["SM_AUTOBERSERK"]
R2[5] := R3
R3 := SKID
R3 := R3["SM_MOVINGRECOVERY"]
R2[6] := R3
R3 := SKID
R3 := R3["SM_TWOHAND"]
R2[8] := R3
R3 := SKID
R3 := R3["SM_MAGNUM"]
R2[10] := R3
R3 := SKID
R3 := R3["SM_ENDURE"]
R2[11] := R3
R3 := SKID
R3 := R3["SM_FATALBLOW"]
R2[12] := R3
R0[R1] := R2
R1 := JOBID
R1 := R1["JT_MAGICIAN"]
R2 := {}
R3 := SKID
R3 := R3["MG_STONECURSE"]
R2[1] := R3
R3 := SKID
R3 := R3["MG_COLDBOLT"]
R2[2] := R3
R3 := SKID
R3 := R3["MG_LIGHTNINGBOLT"]
R2[3] := R3
R3 := SKID
R3 := R3["MG_NAPALMBEAT"]
R2[4] := R3
R3 := SKID
R3 := R3["MG_FIREBOLT"]
R2[5] := R3
R3 := SKID
R3 := R3["MG_SIGHT"]
R2[6] := R3
R3 := SKID
R3 := R3["MG_SRECOVERY"]
R2[8] := R3
R3 := SKID
R3 := R3["MG_FROSTDIVER"]
R2[9] := R3
R3 := SKID
R3 := R3["MG_THUNDERSTORM"]
R2[10] := R3
R3 := SKID
R3 := R3["MG_SOULSTRIKE"]
R2[11] := R3
R3 := SKID
R3 := R3["MG_FIREBALL"]
R2[12] := R3
R3 := SKID
R3 := R3["MG_ENERGYCOAT"]
R2[13] := R3
R3 := SKID
R3 := R3["MG_SAFETYWALL"]
R2[18] := R3
R3 := SKID
R3 := R3["MG_FIREWALL"]
R2[19] := R3
R0[R1] := R2
R1 := JOBID
R1 := R1["JT_ARCHER"]
R2 := {}
R3 := SKID
R3 := R3["AC_DOUBLE"]
R2[2] := R3
R3 := SKID
R3 := R3["AC_OWL"]
R2[3] := R3
R3 := SKID
R3 := R3["AC_CHARGEARROW"]
R2[5] := R3
R3 := SKID
R3 := R3["AC_SHOWER"]
R2[9] := R3
R3 := SKID
R3 := R3["AC_VULTURE"]
R2[10] := R3
R3 := SKID
R3 := R3["AC_MAKINGARROW"]
R2[12] := R3
R3 := SKID
R3 := R3["AC_CONCENTRATION"]
R2[17] := R3
R0[R1] := R2
R1 := JOBID
R1 := R1["JT_ACOLYTE"]
R2 := {}
R3 := SKID
R3 := R3["AL_RUWACH"]
R2[1] := R3
R3 := SKID
R3 := R3["AL_HEAL"]
R2[2] := R3
R3 := SKID
R3 := R3["AL_HOLYWATER"]
R2[3] := R3
R3 := SKID
R3 := R3["AL_DP"]
R2[5] := R3
R3 := SKID
R3 := R3["AL_HOLYLIGHT"]
R2[6] := R3
R3 := SKID
R3 := R3["AL_TELEPORT"]
R2[8] := R3
R3 := SKID
R3 := R3["AL_CURE"]
R2[9] := R3
R3 := SKID
R3 := R3["AL_INCAGI"]
R2[10] := R3
R3 := SKID
R3 := R3["AL_BLESSING"]
R2[11] := R3
R3 := SKID
R3 := R3["AL_DEMONBANE"]
R2[12] := R3
R3 := SKID
R3 := R3["AL_ANGELUS"]
R2[13] := R3
R3 := SKID
R3 := R3["AL_WARP"]
R2[15] := R3
R3 := SKID
R3 := R3["AL_DECAGI"]
R2[17] := R3
R3 := SKID
R3 := R3["AL_CRUCIS"]
R2[19] := R3
R3 := SKID
R3 := R3["AL_PNEUMA"]
R2[22] := R3
R0[R1] := R2
R1 := JOBID
R1 := R1["JT_MERCHANT"]
R2 := {}
R3 := SKID
R3 := R3["MC_INCCARRY"]
R2[1] := R3
R3 := SKID
R3 := R3["MC_MAMMONITE"]
R2[3] := R3
R3 := SKID
R3 := R3["MC_IDENTIFY"]
R2[4] := R3
R3 := SKID
R3 := R3["MC_LOUD"]
R2[5] := R3
R3 := SKID
R3 := R3["MC_DISCOUNT"]
R2[8] := R3
R3 := SKID
R3 := R3["MC_PUSHCART"]
R2[9] := R3
R3 := SKID
R3 := R3["MC_CHANGECART"]
R2[12] := R3
R3 := SKID
R3 := R3["MC_OVERCHARGE"]
R2[15] := R3
R3 := SKID
R3 := R3["MC_VENDING"]
R2[16] := R3
R3 := SKID
R3 := R3["MC_CARTREVOLUTION"]
R2[19] := R3
R0[R1] := R2
R1 := JOBID
R1 := R1["JT_THIEF"]
R2 := {}
R3 := SKID
R3 := R3["TF_DOUBLE"]
R2[1] := R3
R3 := SKID
R3 := R3["TF_STEAL"]
R2[2] := R3
R3 := SKID
R3 := R3["TF_POISON"]
R2[3] := R3
R3 := SKID
R3 := R3["TF_SPRINKLESAND"]
R2[4] := R3
R3 := SKID
R3 := R3["TF_THROWSTONE"]
R2[5] := R3
R3 := SKID
R3 := R3["TF_MISS"]
R2[8] := R3
R3 := SKID
R3 := R3["TF_HIDING"]
R2[9] := R3
R3 := SKID
R3 := R3["TF_DETOXIFY"]
R2[10] := R3
R3 := SKID
R3 := R3["TF_BACKSLIDING"]
R2[11] := R3
R3 := SKID
R3 := R3["TF_PICKSTONE"]
R2[12] := R3
R0[R1] := R2
R1 := JOBID
R1 := R1["JT_KNIGHT"]
R2 := {}
R3 := SKID
R3 := R3["KN_TWOHANDQUICKEN"]
R2[0] := R3
R3 := SKID
R3 := R3["KN_AUTOCOUNTER"]
R2[1] := R3
R3 := SKID
R3 := R3["KN_RIDING"]
R2[2] := R3
R3 := SKID
R3 := R3["KN_SPEARMASTERY"]
R2[3] := R3
R3 := SKID
R3 := R3["KN_CHARGEATK"]
R2[6] := R3
R3 := SKID
R3 := R3["KN_BOWLINGBASH"]
R2[8] := R3
R3 := SKID
R3 := R3["KN_CAVALIERMASTERY"]
R2[9] := R3
R3 := SKID
R3 := R3["KN_PIERCE"]
R2[10] := R3
R3 := SKID
R3 := R3["KN_ONEHAND"]
R2[13] := R3
R3 := SKID
R3 := R3["KN_SPEARBOOMERANG"]
R2[16] := R3
R3 := SKID
R3 := R3["KN_SPEARSTAB"]
R2[17] := R3
R3 := SKID
R3 := R3["KN_BRANDISHSPEAR"]
R2[24] := R3
R0[R1] := R2
R1 := JOBID
R1 := R1["JT_PRIEST"]
R2 := {}
R3 := SKID
R3 := R3["PR_KYRIE"]
R2[0] := R3
R3 := SKID
R3 := R3["PR_MAGNIFICAT"]
R2[1] := R3
R3 := SKID
R3 := R3["PR_STRECOVERY"]
R2[2] := R3
R3 := SKID
R3 := R3["MG_SRECOVERY"]
R2[3] := R3
R3 := SKID
R3 := R3["PR_LEXDIVINA"]
R2[4] := R3
R3 := SKID
R3 := R3["PR_IMPOSITIO"]
R2[5] := R3
R3 := SKID
R3 := R3["PR_SANCTUARY"]
R2[6] := R3
R3 := SKID
R3 := R3["PR_GLORIA"]
R2[7] := R3
R3 := SKID
R3 := R3["PR_SLOWPOISON"]
R2[8] := R3
R3 := SKID
R3 := R3["ALL_RESURRECTION"]
R2[9] := R3
R3 := SKID
R3 := R3["PR_LEXAETERNA"]
R2[11] := R3
R3 := SKID
R3 := R3["PR_SUFFRAGIUM"]
R2[12] := R3
R3 := SKID
R3 := R3["PR_ASPERSIO"]
R2[13] := R3
R3 := SKID
R3 := R3["PR_BENEDICTIO"]
R2[14] := R3
R3 := SKID
R3 := R3["PR_MACEMASTERY"]
R2[15] := R3
R3 := SKID
R3 := R3["PR_TURNUNDEAD"]
R2[16] := R3
R3 := SKID
R3 := R3["MG_SAFETYWALL"]
R2[20] := R3
R3 := SKID
R3 := R3["PR_MAGNUS"]
R2[25] := R3
R3 := SKID
R3 := R3["PR_REDEMPTIO"]
R2[27] := R3
R0[R1] := R2
R1 := JOBID
R1 := R1["JT_WIZARD"]
R2 := {}
R3 := SKID
R3 := R3["WZ_ESTIMATION"]
R2[0] := R3
R3 := SKID
R3 := R3["WZ_ICEWALL"]
R2[1] := R3
R3 := SKID
R3 := R3["WZ_JUPITEL"]
R2[2] := R3
R3 := SKID
R3 := R3["WZ_EARTHSPIKE"]
R2[3] := R3
R3 := SKID
R3 := R3["WZ_SIGHTRASHER"]
R2[4] := R3
R3 := SKID
R3 := R3["WZ_FIREPILLAR"]
R2[5] := R3
R3 := SKID
R3 := R3["WZ_SIGHTBLASTER"]
R2[6] := R3
R3 := SKID
R3 := R3["WZ_FROSTNOVA"]
R2[8] := R3
R3 := SKID
R3 := R3["WZ_VERMILION"]
R2[9] := R3
R3 := SKID
R3 := R3["WZ_HEAVENDRIVE"]
R2[10] := R3
R3 := SKID
R3 := R3["WZ_METEOR"]
R2[11] := R3
R3 := SKID
R3 := R3["WZ_WATERBALL"]
R2[15] := R3
R3 := SKID
R3 := R3["WZ_QUAGMIRE"]
R2[17] := R3
R3 := SKID
R3 := R3["WZ_STORMGUST"]
R2[22] := R3
R0[R1] := R2
R1 := JOBID
R1 := R1["JT_BLACKSMITH"]
R2 := {}
R3 := SKID
R3 := R3["BS_IRON"]
R2[0] := R3
R3 := SKID
R3 := R3["BS_HILTBINDING"]
R2[1] := R3
R3 := SKID
R3 := R3["BS_SKINTEMPER"]
R2[2] := R3
R3 := SKID
R3 := R3["BS_HAMMERFALL"]
R2[3] := R3
R3 := SKID
R3 := R3["BS_DAGGER"]
R2[5] := R3
R3 := SKID
R3 := R3["BS_STEEL"]
R2[7] := R3
R3 := SKID
R3 := R3["BS_ENCHANTEDSTONE"]
R2[8] := R3
R3 := SKID
R3 := R3["BS_WEAPONRESEARCH"]
R2[9] := R3
R3 := SKID
R3 := R3["BS_ADRENALINE"]
R2[10] := R3
R3 := SKID
R3 := R3["BS_SPEAR"]
R2[11] := R3
R3 := SKID
R3 := R3["BS_SWORD"]
R2[12] := R3
R3 := SKID
R3 := R3["BS_KNUCKLE"]
R2[13] := R3
R3 := SKID
R3 := R3["BS_FINDINGORE"]
R2[14] := R3
R3 := SKID
R3 := R3["BS_ORIDEOCON"]
R2[15] := R3
R3 := SKID
R3 := R3["BS_REPAIRWEAPON"]
R2[16] := R3
R3 := SKID
R3 := R3["BS_WEAPONPERFECT"]
R2[17] := R3
R3 := SKID
R3 := R3["BS_OVERTHRUST"]
R2[18] := R3
R3 := SKID
R3 := R3["BS_TWOHANDSWORD"]
R2[19] := R3
R3 := SKID
R3 := R3["BS_MACE"]
R2[20] := R3
R3 := SKID
R3 := R3["BS_MAXIMIZE"]
R2[24] := R3
R3 := SKID
R3 := R3["BS_AXE"]
R2[26] := R3
R3 := SKID
R3 := R3["BS_ADRENALINE2"]
R2[31] := R3
R3 := SKID
R3 := R3["BS_GREED"]
R2[33] := R3
R3 := SKID
R3 := R3["BS_UNFAIRLYTRICK"]
R2[34] := R3
R0[R1] := R2
R1 := JOBID
R1 := R1["JT_HUNTER"]
R2 := {}
R3 := SKID
R3 := R3["HT_BEASTBANE"]
R2[0] := R3
R3 := SKID
R3 := R3["HT_SKIDTRAP"]
R2[2] := R3
R3 := SKID
R3 := R3["HT_LANDMINE"]
R2[4] := R3
R3 := SKID
R3 := R3["HT_POWER"]
R2[6] := R3
R3 := SKID
R3 := R3["HT_FALCON"]
R2[7] := R3
R3 := SKID
R3 := R3["HT_FLASHER"]
R2[9] := R3
R3 := SKID
R3 := R3["HT_ANKLESNARE"]
R2[10] := R3
R3 := SKID
R3 := R3["HT_REMOVETRAP"]
R2[11] := R3
R3 := SKID
R3 := R3["HT_PHANTASMIC"]
R2[13] := R3
R3 := SKID
R3 := R3["HT_BLITZBEAT"]
R2[14] := R3
R3 := SKID
R3 := R3["HT_SANDMAN"]
R2[15] := R3
R3 := SKID
R3 := R3["HT_FREEZINGTRAP"]
R2[16] := R3
R3 := SKID
R3 := R3["HT_SHOCKWAVE"]
R2[17] := R3
R3 := SKID
R3 := R3["HT_SPRINGTRAP"]
R2[18] := R3
R3 := SKID
R3 := R3["HT_DETECTING"]
R2[19] := R3
R3 := SKID
R3 := R3["HT_STEELCROW"]
R2[21] := R3
R3 := SKID
R3 := R3["HT_BLASTMINE"]
R2[22] := R3
R3 := SKID
R3 := R3["HT_TALKIEBOX"]
R2[24] := R3
R3 := SKID
R3 := R3["HT_CLAYMORETRAP"]
R2[29] := R3
R0[R1] := R2
R1 := JOBID
R1 := R1["JT_ASSASSIN"]
R2 := {}
R3 := SKID
R3 := R3["AS_RIGHT"]
R2[0] := R3
R3 := SKID
R3 := R3["AS_KATAR"]
R2[1] := R3
R3 := SKID
R3 := R3["AS_CLOAKING"]
R2[2] := R3
R3 := SKID
R3 := R3["AS_ENCHANTPOISON"]
R2[3] := R3
R3 := SKID
R3 := R3["AS_VENOMKNIFE"]
R2[6] := R3
R3 := SKID
R3 := R3["AS_LEFT"]
R2[7] := R3
R3 := SKID
R3 := R3["AS_SONICBLOW"]
R2[8] := R3
R3 := SKID
R3 := R3["AS_VENOMDUST"]
R2[10] := R3
R3 := SKID
R3 := R3["AS_POISONREACT"]
R2[11] := R3
R3 := SKID
R3 := R3["AS_SONICACCEL"]
R2[13] := R3
R3 := SKID
R3 := R3["AS_GRIMTOOTH"]
R2[15] := R3
R3 := SKID
R3 := R3["AS_SPLASHER"]
R2[17] := R3
R0[R1] := R2
R1 := JOBID
R1 := R1["JT_CRUSADER"]
R2 := {}
R3 := SKID
R3 := R3["CR_TRUST"]
R2[0] := R3
R3 := SKID
R3 := R3["CR_AUTOGUARD"]
R2[2] := R3
R3 := SKID
R3 := R3["KN_SPEARMASTERY"]
R2[4] := R3
R3 := SKID
R3 := R3["KN_RIDING"]
R2[5] := R3
R3 := SKID
R3 := R3["CR_SHRINK"]
R2[6] := R3
R3 := SKID
R3 := R3["AL_CURE"]
R2[7] := R3
R3 := SKID
R3 := R3["CR_HOLYCROSS"]
R2[8] := R3
R3 := SKID
R3 := R3["CR_SHIELDCHARGE"]
R2[9] := R3
R3 := SKID
R3 := R3["CR_SPEARQUICKEN"]
R2[11] := R3
R3 := SKID
R3 := R3["KN_CAVALIERMASTERY"]
R2[12] := R3
R3 := SKID
R3 := R3["AL_DP"]
R2[14] := R3
R3 := SKID
R3 := R3["CR_GRANDCROSS"]
R2[15] := R3
R3 := SKID
R3 := R3["CR_SHIELDBOOMERANG"]
R2[16] := R3
R3 := SKID
R3 := R3["AL_DEMONBANE"]
R2[21] := R3
R3 := SKID
R3 := R3["CR_REFLECTSHIELD"]
R2[23] := R3
R3 := SKID
R3 := R3["CR_DEFENDER"]
R2[24] := R3
R3 := SKID
R3 := R3["AL_HEAL"]
R2[28] := R3
R3 := SKID
R3 := R3["CR_DEVOTION"]
R2[29] := R3
R3 := SKID
R3 := R3["CR_PROVIDENCE"]
R2[35] := R3
R0[R1] := R2
R1 := JOBID
R1 := R1["JT_MONK"]
R2 := {}
R3 := SKID
R3 := R3["MO_IRONHAND"]
R2[0] := R3
R3 := SKID
R3 := R3["MO_CALLSPIRITS"]
R2[1] := R3
R3 := SKID
R3 := R3["MO_DODGE"]
R2[2] := R3
R3 := SKID
R3 := R3["MO_TRIPLEATTACK"]
R2[3] := R3
R3 := SKID
R3 := R3["MO_KITRANSLATION"]
R2[5] := R3
R3 := SKID
R3 := R3["MO_ABSORBSPIRITS"]
R2[7] := R3
R3 := SKID
R3 := R3["MO_INVESTIGATE"]
R2[8] := R3
R3 := SKID
R3 := R3["MO_BLADESTOP"]
R2[9] := R3
R3 := SKID
R3 := R3["MO_CHAINCOMBO"]
R2[10] := R3
R3 := SKID
R3 := R3["MO_BALKYOUNG"]
R2[12] := R3
R3 := SKID
R3 := R3["MO_EXPLOSIONSPIRITS"]
R2[14] := R3
R3 := SKID
R3 := R3["MO_FINGEROFFENSIVE"]
R2[15] := R3
R3 := SKID
R3 := R3["MO_SPIRITSRECOVERY"]
R2[16] := R3
R3 := SKID
R3 := R3["MO_COMBOFINISH"]
R2[17] := R3
R3 := SKID
R3 := R3["MO_EXTREMITYFIST"]
R2[22] := R3
R3 := SKID
R3 := R3["MO_STEELBODY"]
R2[24] := R3
R3 := SKID
R3 := R3["MO_BODYRELOCATION"]
R2[30] := R3
R0[R1] := R2
R1 := JOBID
R1 := R1["JT_SAGE"]
R2 := {}
R3 := SKID
R3 := R3["SA_ADVANCEDBOOK"]
R2[0] := R3
R3 := SKID
R3 := R3["WZ_ESTIMATION"]
R2[1] := R3
R3 := SKID
R3 := R3["SA_ELEMENTWATER"]
R2[2] := R3
R3 := SKID
R3 := R3["SA_ELEMENTWIND"]
R2[3] := R3
R3 := SKID
R3 := R3["SA_ELEMENTGROUND"]
R2[4] := R3
R3 := SKID
R3 := R3["SA_ELEMENTFIRE"]
R2[5] := R3
R3 := SKID
R3 := R3["SA_CREATECON"]
R2[6] := R3
R3 := SKID
R3 := R3["SA_DRAGONOLOGY"]
R2[7] := R3
R3 := SKID
R3 := R3["SA_SEISMICWEAPON"]
R2[8] := R3
R3 := SKID
R3 := R3["SA_CASTCANCEL"]
R2[9] := R3
R3 := SKID
R3 := R3["SA_MAGICROD"]
R2[10] := R3
R3 := SKID
R3 := R3["SA_FROSTWEAPON"]
R2[11] := R3
R3 := SKID
R3 := R3["SA_LIGHTNINGLOADER"]
R2[12] := R3
R3 := SKID
R4 := "SA_FLAMELAUNCHER"
R3 := R3[R4]
R2[13] := R3
R3 := SKID
R3 := R3["WZ_EARTHSPIKE"]
R2[15] := R3
R3 := SKID
R4 := "SA_FREECAST"
R3 := R3[R4]
R2[16] := R3
R3 := SKID
R4 := "SA_SPELLBREAKER"
R3 := R3[R4]
R2[17] := R3
R3 := SKID
R4 := "SA_DELUGE"
R3 := R3[R4]
R2[18] := R3
R3 := SKID
R4 := "SA_VIOLENTGALE"
R3 := R3[R4]
R2[19] := R3
R3 := SKID
R4 := "SA_VOLCANO"
R3 := R3[R4]
R2[20] := R3
R3 := SKID
R3 := R3["WZ_HEAVENDRIVE"]
R2[22] := R3
R3 := SKID
R4 := "SA_AUTOSPELL"
R3 := R3[R4]
R2[23] := R3
R3 := SKID
R4 := "SA_DISPELL"
R3 := R3[R4]
R2[24] := R3
R3 := SKID
R4 := "SA_LANDPROTECTOR"
R3 := R3[R4]
R2[26] := R3
R3 := SKID
R4 := "SA_ABRACADABRA"
R3 := R3[R4]
R2[33] := R3
R0[R1] := R2
R1 := JOBID
R2 := "JT_ROGUE"
R1 := R1[R2]
R2 := {}
R3 := SKID
R3 := R3["AC_VULTURE"]
R2[0] := R3
R3 := SKID
R4 := "RG_TUNNELDRIVE"
R3 := R3[R4]
R2[1] := R3
R3 := SKID
R4 := "RG_SNATCHER"
R3 := R3[R4]
R2[2] := R3
R3 := SKID
R4 := "RG_STRIPHELM"
R3 := R3[R4]
R2[3] := R3
R3 := SKID
R3 := R3["SM_SWORD"]
R2[4] := R3
R3 := SKID
R4 := "RG_CLOSECONFINE"
R3 := R3[R4]
R2[5] := R3
R3 := SKID
R3 := R3["AC_DOUBLE"]
R2[7] := R3
R3 := SKID
R4 := "RG_STEALCOIN"
R3 := R3[R4]
R2[9] := R3
R3 := SKID
R4 := "RG_STRIPSHIELD"
R3 := R3[R4]
R2[10] := R3
R3 := SKID
R4 := "RG_GANGSTER"
R3 := R3[R4]
R2[11] := R3
R3 := SKID
R3 := R3["HT_REMOVETRAP"]
R2[14] := R3
R3 := SKID
R4 := "RG_BACKSTAP"
R3 := R3[R4]
R2[16] := R3
R3 := SKID
R4 := "RG_STRIPARMOR"
R3 := R3[R4]
R2[17] := R3
R3 := SKID
R4 := "RG_CLEANER"
R3 := R3[R4]
R2[18] := R3
R3 := SKID
R4 := "RG_COMPULSION"
R3 := R3[R4]
R2[19] := R3
R3 := SKID
R4 := "RG_RAID"
R3 := R3[R4]
R2[22] := R3
R3 := SKID
R4 := "RG_STRIPWEAPON"
R3 := R3[R4]
R2[24] := R3
R3 := SKID
R4 := "RG_FLAGGRAFFITI"
R3 := R3[R4]
R2[25] := R3
R3 := SKID
R4 := "RG_INTIMIDATE"
R3 := R3[R4]
R2[29] := R3
R3 := 32
R4 := SKID
R5 := "RG_GRAFFITI"
R4 := R4[R5]
R2[R3] := R4
R3 := 36
R4 := SKID
R5 := "RG_PLAGIARISM"
R4 := R4[R5]
R2[R3] := R4
R0[R1] := R2
R1 := JOBID
R2 := "JT_ALCHEMIST"
R1 := R1[R2]
R2 := {}
R3 := SKID
R4 := "AM_LEARNINGPOTION"
R3 := R3[R4]
R2[0] := R3
R3 := SKID
R4 := "AM_SPHEREMINE"
R3 := R3[R4]
R2[1] := R3
R3 := SKID
R4 := "AM_AXEMASTERY"
R3 := R3[R4]
R2[2] := R3
R3 := SKID
R4 := "AM_CP_HELM"
R3 := R3[R4]
R2[3] := R3
R3 := SKID
R4 := "AM_BIOETHICS"
R3 := R3[R4]
R2[4] := R3
R3 := SKID
R4 := "AM_TWILIGHT1"
R3 := R3[R4]
R2[6] := R3
R3 := SKID
R4 := "AM_PHARMACY"
R3 := R3[R4]
R2[7] := R3
R3 := SKID
R4 := "AM_POTIONPITCHER"
R3 := R3[R4]
R2[8] := R3
R3 := SKID
R4 := "AM_CP_SHIELD"
R3 := R3[R4]
R2[10] := R3
R3 := SKID
R4 := "AM_REST"
R3 := R3[R4]
R2[11] := R3
R3 := SKID
R4 := "AM_BERSERKPITCHER"
R3 := R3[R4]
R2[12] := R3
R3 := SKID
R4 := "AM_TWILIGHT2"
R3 := R3[R4]
R2[13] := R3
R3 := SKID
R4 := "AM_DEMONSTRATION"
R3 := R3[R4]
R2[15] := R3
R3 := SKID
R4 := "AM_CP_ARMOR"
R3 := R3[R4]
R2[17] := R3
R3 := SKID
R4 := "AM_CALLHOMUN"
R3 := R3[R4]
R2[18] := R3
R3 := SKID
R4 := "AM_TWILIGHT3"
R3 := R3[R4]
R2[20] := R3
R3 := SKID
R4 := "AM_ACIDTERROR"
R3 := R3[R4]
R2[22] := R3
R3 := SKID
R4 := "AM_CP_WEAPON"
R3 := R3[R4]
R2[24] := R3
R3 := SKID
R4 := "AM_RESURRECTHOMUN"
R3 := R3[R4]
R2[25] := R3
R3 := SKID
R4 := "AM_CANNIBALIZE"
R3 := R3[R4]
R2[29] := R3
R0[R1] := R2
R1 := JOBID
R2 := "JT_BARD"
R1 := R1[R2]
R2 := {}
R3 := SKID
R4 := "BD_ADAPTATION"
R3 := R3[R4]
R2[0] := R3
R3 := SKID
R4 := "BA_MUSICALLESSON"
R3 := R3[R4]
R2[1] := R3
R3 := SKID
R4 := "BA_DISSONANCE"
R3 := R3[R4]
R2[3] := R3
R3 := SKID
R4 := "BA_PANGVOICE"
R3 := R3[R4]
R2[5] := R3
R3 := SKID
R4 := "BD_ENCORE"
R3 := R3[R4]
R2[7] := R3
R3 := SKID
R4 := "BA_MUSICALSTRIKE"
R3 := R3[R4]
R2[8] := R3
R3 := SKID
R4 := "BA_WHISTLE"
R3 := R3[R4]
R2[9] := R3
R3 := SKID
R4 := "BA_ASSASSINCROSS"
R3 := R3[R4]
R2[10] := R3
R3 := SKID
R4 := "BA_POEMBRAGI"
R3 := R3[R4]
R2[11] := R3
R3 := SKID
R4 := "BA_APPLEIDUN"
R3 := R3[R4]
R2[12] := R3
R3 := SKID
R4 := "BA_FROSTJOKE"
R3 := R3[R4]
R2[14] := R3
R3 := SKID
R4 := "BD_LULLABY"
R3 := R3[R4]
R2[16] := R3
R3 := SKID
R4 := "BD_ROKISWEIL"
R3 := R3[R4]
R2[17] := R3
R3 := SKID
R4 := "BD_SIEGFRIED"
R3 := R3[R4]
R2[18] := R3
R3 := SKID
R4 := "BD_DRUMBATTLEFIELD"
R3 := R3[R4]
R2[19] := R3
R3 := SKID
R4 := "BD_INTOABYSS"
R3 := R3[R4]
R2[23] := R3
R3 := SKID
R4 := "BD_ETERNALCHAOS"
R3 := R3[R4]
R2[24] := R3
R3 := SKID
R4 := "BD_RICHMANKIM"
R3 := R3[R4]
R2[25] := R3
R3 := SKID
R4 := "BD_RINGNIBELUNGEN"
R3 := R3[R4]
R2[26] := R3
R0[R1] := R2
R1 := JOBID
R2 := "JT_DANCER"
R1 := R1[R2]
R2 := {}
R3 := SKID
R4 := "BD_ADAPTATION"
R3 := R3[R4]
R2[0] := R3
R3 := SKID
R4 := "DC_DANCINGLESSON"
R3 := R3[R4]
R2[1] := R3
R3 := SKID
R4 := "DC_UGLYDANCE"
R3 := R3[R4]
R2[3] := R3
R3 := SKID
R4 := "DC_WINKCHARM"
R3 := R3[R4]
R2[5] := R3
R3 := SKID
R4 := "BD_ENCORE"
R3 := R3[R4]
R2[7] := R3
R3 := SKID
R4 := "DC_THROWARROW"
R3 := R3[R4]
R2[8] := R3
R3 := SKID
R4 := "DC_HUMMING"
R3 := R3[R4]
R2[9] := R3
R3 := SKID
R4 := "DC_DONTFORGETME"
R3 := R3[R4]
R2[10] := R3
R3 := SKID
R4 := "DC_FORTUNEKISS"
R3 := R3[R4]
R2[11] := R3
R3 := SKID
R4 := "DC_SERVICEFORYOU"
R3 := R3[R4]
R2[12] := R3
R3 := SKID
R4 := "DC_SCREAM"
R3 := R3[R4]
R2[14] := R3
R3 := SKID
R4 := "BD_LULLABY"
R3 := R3[R4]
R2[16] := R3
R3 := SKID
R4 := "BD_ROKISWEIL"
R3 := R3[R4]
R2[17] := R3
R3 := SKID
R4 := "BD_SIEGFRIED"
R3 := R3[R4]
R2[18] := R3
R3 := SKID
R4 := "BD_DRUMBATTLEFIELD"
R3 := R3[R4]
R2[19] := R3
R3 := SKID
R4 := "BD_INTOABYSS"
R3 := R3[R4]
R2[23] := R3
R3 := SKID
R4 := "BD_ETERNALCHAOS"
R3 := R3[R4]
R2[24] := R3
R3 := SKID
R4 := "BD_RICHMANKIM"
R3 := R3[R4]
R2[25] := R3
R3 := SKID
R4 := "BD_RINGNIBELUNGEN"
R3 := R3[R4]
R2[26] := R3
R0[R1] := R2
R1 := JOBID
R2 := "JT_SUPERNOVICE"
R1 := R1[R2]
R2 := {}
R3 := SKID
R3 := R3["SM_SWORD"]
R2[1] := R3
R3 := SKID
R3 := R3["SM_BASH"]
R2[2] := R3
R3 := SKID
R3 := R3["SM_PROVOKE"]
R2[3] := R3
R3 := SKID
R3 := R3["TF_DOUBLE"]
R2[4] := R3
R3 := SKID
R3 := R3["TF_STEAL"]
R2[5] := R3
R3 := SKID
R3 := R3["TF_POISON"]
R2[6] := R3
R3 := SKID
R3 := R3["SM_RECOVERY"]
R2[8] := R3
R3 := SKID
R3 := R3["SM_MAGNUM"]
R2[9] := R3
R3 := SKID
R3 := R3["SM_ENDURE"]
R2[10] := R3
R3 := SKID
R3 := R3["TF_MISS"]
R2[11] := R3
R3 := SKID
R3 := R3["TF_HIDING"]
R2[12] := R3
R3 := SKID
R3 := R3["TF_DETOXIFY"]
R2[13] := R3
R3 := SKID
R3 := R3["MG_STONECURSE"]
R2[15] := R3
R3 := SKID
R3 := R3["MG_COLDBOLT"]
R2[16] := R3
R3 := SKID
R3 := R3["MG_LIGHTNINGBOLT"]
R2[17] := R3
R3 := SKID
R3 := R3["MG_NAPALMBEAT"]
R2[18] := R3
R3 := SKID
R3 := R3["MG_FIREBOLT"]
R2[19] := R3
R3 := SKID
R3 := R3["MG_SIGHT"]
R2[20] := R3
R3 := SKID
R3 := R3["MG_SRECOVERY"]
R2[22] := R3
R3 := SKID
R3 := R3["MG_FROSTDIVER"]
R2[23] := R3
R3 := SKID
R3 := R3["MG_THUNDERSTORM"]
R2[24] := R3
R3 := SKID
R3 := R3["MG_SOULSTRIKE"]
R2[25] := R3
R3 := SKID
R3 := R3["MG_FIREBALL"]
R2[26] := R3
R3 := SKID
R3 := R3["AL_RUWACH"]
R2[28] := R3
R3 := SKID
R3 := R3["AL_HEAL"]
R2[29] := R3
R3 := SKID
R3 := R3["AL_HOLYWATER"]
R2[30] := R3
R3 := SKID
R3 := R3["AL_DP"]
R2[31] := R3
R3 := 32
R4 := SKID
R4 := R4["MG_SAFETYWALL"]
R2[R3] := R4
R3 := SKID
R3 := R3["MG_FIREWALL"]
R2[33] := R3
R3 := SKID
R3 := R3["AC_OWL"]
R2[34] := R3
R3 := SKID
R3 := R3["AL_TELEPORT"]
R2[35] := R3
R3 := 36
R4 := SKID
R4 := R4["AL_CURE"]
R2[R3] := R4
R3 := 37
R4 := SKID
R4 := R4["AL_INCAGI"]
R2[R3] := R4
R3 := 38
R4 := SKID
R4 := R4["AL_BLESSING"]
R2[R3] := R4
R3 := 39
R4 := SKID
R4 := R4["AL_DEMONBANE"]
R2[R3] := R4
R3 := 40
R4 := SKID
R4 := R4["AL_ANGELUS"]
R2[R3] := R4
R3 := 41
R4 := SKID
R4 := R4["AC_VULTURE"]
R2[R3] := R4
R3 := 42
R4 := SKID
R4 := R4["AL_WARP"]
R2[R3] := R4
R3 := 43
R4 := SKID
R4 := R4["MC_INCCARRY"]
R2[R3] := R4
R3 := 44
R4 := SKID
R4 := R4["AL_DECAGI"]
R2[R3] := R4
R3 := 45
R4 := SKID
R4 := R4["MC_IDENTIFY"]
R2[R3] := R4
R3 := 46
R4 := SKID
R4 := R4["AL_CRUCIS"]
R2[R3] := R4
R3 := 47
R4 := SKID
R4 := R4["MC_MAMMONITE"]
R2[R3] := R4
R3 := 48
R4 := SKID
R4 := R4["AC_CONCENTRATION"]
R2[R3] := R4
R3 := 49
R4 := SKID
R4 := R4["AL_PNEUMA"]
R2[R3] := R4
R3 := 50
R4 := SKID
R4 := R4["MC_DISCOUNT"]
R2[R3] := R4
R3 := 51
R4 := SKID
R4 := R4["MC_OVERCHARGE"]
R2[R3] := R4
R3 := 52
R4 := SKID
R4 := R4["MC_PUSHCART"]
R2[R3] := R4
R3 := 53
R4 := SKID
R4 := R4["MC_VENDING"]
R2[R3] := R4
R0[R1] := R2
R1 := JOBID
R2 := "JT_GUNSLINGER"
R1 := R1[R2]
R2 := {}
R3 := SKID
R4 := "GS_GLITTERING"
R3 := R3[R4]
R2[1] := R3
R3 := SKID
R4 := "GS_MAGICALBULLET"
R3 := R3[R4]
R2[2] := R3
R3 := SKID
R4 := "GS_SINGLEACTION"
R3 := R3[R4]
R2[3] := R3
R3 := SKID
R4 := "GS_SNAKEEYE"
R3 := R3[R4]
R2[6] := R3
R3 := SKID
R4 := "GS_FLING"
R3 := R3[R4]
R2[8] := R3
R3 := SKID
R4 := "GS_CRACKER"
R3 := R3[R4]
R2[9] := R3
R3 := SKID
R4 := "GS_CHAINACTION"
R3 := R3[R4]
R2[10] := R3
R3 := SKID
R4 := "GS_TRACKING"
R3 := R3[R4]
R2[11] := R3
R3 := SKID
R4 := "GS_DUST"
R3 := R3[R4]
R2[12] := R3
R3 := SKID
R4 := "GS_INCREASING"
R3 := R3[R4]
R2[13] := R3
R3 := SKID
R4 := "GS_TRIPLEACTION"
R3 := R3[R4]
R2[15] := R3
R3 := SKID
R4 := "GS_DISARM"
R3 := R3[R4]
R2[16] := R3
R3 := SKID
R4 := "GS_RAPIDSHOWER"
R3 := R3[R4]
R2[17] := R3
R3 := SKID
R4 := "GS_PIERCINGSHOT"
R3 := R3[R4]
R2[18] := R3
R3 := SKID
R4 := "GS_FULLBUSTER"
R3 := R3[R4]
R2[19] := R3
R3 := SKID
R4 := "GS_ADJUSTMENT"
R3 := R3[R4]
R2[23] := R3
R3 := SKID
R4 := "GS_DESPERADO"
R3 := R3[R4]
R2[24] := R3
R3 := SKID
R4 := "GS_BULLSEYE"
R3 := R3[R4]
R2[25] := R3
R3 := SKID
R4 := "GS_SPREADATTACK"
R3 := R3[R4]
R2[26] := R3
R3 := SKID
R4 := "GS_GATLINGFEVER"
R3 := R3[R4]
R2[31] := R3
R3 := SKID
R4 := "GS_GROUNDDRIFT"
R3 := R3[R4]
R2[33] := R3
R3 := 38
R4 := SKID
R5 := "GS_MADNESSCANCEL"
R4 := R4[R5]
R2[R3] := R4
R0[R1] := R2
R1 := JOBID
R2 := "JT_NINJA"
R1 := R1[R2]
R2 := {}
R3 := SKID
R4 := "NJ_TOBIDOUGU"
R3 := R3[R4]
R2[1] := R3
R3 := SKID
R4 := "NJ_TATAMIGAESHI"
R3 := R3[R4]
R2[2] := R3
R3 := SKID
R4 := "NJ_NINPOU"
R3 := R3[R4]
R2[5] := R3
R3 := SKID
R4 := "NJ_SYURIKEN"
R3 := R3[R4]
R2[8] := R3
R3 := SKID
R4 := "NJ_SHADOWJUMP"
R3 := R3[R4]
R2[9] := R3
R3 := SKID
R4 := "NJ_NEN"
R3 := R3[R4]
R2[10] := R3
R3 := SKID
R4 := "NJ_KOUENKA"
R3 := R3[R4]
R2[11] := R3
R3 := SKID
R4 := "NJ_HYOUSENSOU"
R3 := R3[R4]
R2[12] := R3
R3 := SKID
R4 := "NJ_HUUJIN"
R3 := R3[R4]
R2[13] := R3
R3 := SKID
R4 := "NJ_KUNAI"
R3 := R3[R4]
R2[15] := R3
R3 := SKID
R4 := "NJ_KASUMIKIRI"
R3 := R3[R4]
R2[16] := R3
R3 := SKID
R4 := "NJ_UTSUSEMI"
R3 := R3[R4]
R2[17] := R3
R3 := SKID
R4 := "NJ_KAENSIN"
R3 := R3[R4]
R2[18] := R3
R3 := SKID
R4 := "NJ_SUITON"
R3 := R3[R4]
R2[19] := R3
R3 := SKID
R4 := "NJ_RAIGEKISAI"
R3 := R3[R4]
R2[20] := R3
R3 := SKID
R4 := "NJ_HUUMA"
R3 := R3[R4]
R2[22] := R3
R3 := SKID
R4 := "NJ_KIRIKAGE"
R3 := R3[R4]
R2[23] := R3
R3 := SKID
R4 := "NJ_BAKUENRYU"
R3 := R3[R4]
R2[25] := R3
R3 := SKID
R4 := "NJ_HYOUSYOURAKU"
R3 := R3[R4]
R2[26] := R3
R3 := SKID
R4 := "NJ_KAMAITACHI"
R3 := R3[R4]
R2[27] := R3
R3 := SKID
R4 := "NJ_ZENYNAGE"
R3 := R3[R4]
R2[29] := R3
R3 := SKID
R4 := "NJ_BUNSINJYUTSU"
R3 := R3[R4]
R2[30] := R3
R3 := SKID
R4 := "NJ_ISSEN"
R3 := R3[R4]
R2[31] := R3
R0[R1] := R2
R1 := JOBID
R2 := "JT_PRIEST_H"
R1 := R1[R2]
R2 := {}
R3 := SKID
R4 := "HP_ASSUMPTIO"
R3 := R3[R4]
R2[10] := R3
R3 := SKID
R4 := "HP_BASILICA"
R3 := R3[R4]
R2[17] := R3
R3 := SKID
R4 := "HP_MANARECHARGE"
R3 := R3[R4]
R2[22] := R3
R3 := SKID
R4 := "HP_MEDITATIO"
R3 := R3[R4]
R2[19] := R3
R0[R1] := R2
R1 := JOBID
R2 := "JT_BLACKSMITH_H"
R1 := R1[R2]
R2 := {}
R3 := SKID
R4 := "WS_CARTBOOST"
R3 := R3[R4]
R2[21] := R3
R3 := SKID
R4 := "WS_CARTTERMINATION"
R3 := R3[R4]
R2[28] := R3
R3 := SKID
R4 := "WS_MELTDOWN"
R3 := R3[R4]
R2[22] := R3
R3 := SKID
R4 := "WS_OVERTHRUSTMAX"
R3 := R3[R4]
R2[25] := R3
R3 := SKID
R4 := "WS_WEAPONREFINE"
R3 := R3[R4]
R2[23] := R3
R0[R1] := R2
R1 := JOBID
R2 := "JT_ASSASSIN_H"
R1 := R1[R2]
R2 := {}
R3 := SKID
R4 := "ASC_BREAKER"
R3 := R3[R4]
R2[18] := R3
R3 := SKID
R4 := "ASC_CDP"
R3 := R3[R4]
R2[12] := R3
R3 := SKID
R4 := "ASC_EDP"
R3 := R3[R4]
R2[19] := R3
R3 := SKID
R4 := "ASC_KATAR"
R3 := R3[R4]
R2[9] := R3
R3 := SKID
R4 := "ASC_METEORASSAULT"
R3 := R3[R4]
R2[25] := R3
R0[R1] := R2
R1 := JOBID
R2 := "JT_TAEKWON"
R1 := R1[R2]
R2 := {}
R3 := SKID
R4 := "TK_RUN"
R3 := R3[R4]
R2[1] := R3
R3 := SKID
R4 := "TK_STORMKICK"
R3 := R3[R4]
R2[2] := R3
R3 := SKID
R4 := "TK_DOWNKICK"
R3 := R3[R4]
R2[3] := R3
R3 := SKID
R4 := "TK_TURNKICK"
R3 := R3[R4]
R2[4] := R3
R3 := SKID
R4 := "TK_COUNTER"
R3 := R3[R4]
R2[5] := R3
R3 := SKID
R4 := "TK_JUMPKICK"
R3 := R3[R4]
R2[6] := R3
R3 := SKID
R4 := "TK_HIGHJUMP"
R3 := R3[R4]
R2[8] := R3
R3 := SKID
R4 := "TK_READYSTORM"
R3 := R3[R4]
R2[9] := R3
R3 := SKID
R4 := "TK_READYDOWN"
R3 := R3[R4]
R2[10] := R3
R3 := SKID
R4 := "TK_READYTURN"
R3 := R3[R4]
R2[11] := R3
R3 := SKID
R4 := "TK_READYCOUNTER"
R3 := R3[R4]
R2[12] := R3
R3 := SKID
R4 := "TK_DODGE"
R3 := R3[R4]
R2[13] := R3
R3 := SKID
R4 := "TK_HPTIME"
R3 := R3[R4]
R2[16] := R3
R3 := SKID
R4 := "TK_SPTIME"
R3 := R3[R4]
R2[17] := R3
R3 := SKID
R4 := "TK_POWER"
R3 := R3[R4]
R2[18] := R3
R3 := SKID
R4 := "TK_SEVENWIND"
R3 := R3[R4]
R2[24] := R3
R3 := SKID
R4 := "TK_MISSION"
R3 := R3[R4]
R2[25] := R3
R0[R1] := R2
R1 := JOBID
R2 := "JT_SAGE_H"
R1 := R1[R2]
R2 := {}
R3 := SKID
R4 := "PF_SPIDERWEB"
R3 := R3[R4]
R2[14] := R3
R3 := SKID
R4 := "PF_SOULCHANGE"
R3 := R3[R4]
R2[21] := R3
R3 := SKID
R4 := "PF_FOGWALL"
R3 := R3[R4]
R2[25] := R3
R3 := SKID
R4 := "PF_HPCONVERSION"
R3 := R3[R4]
R2[28] := R3
R3 := SKID
R4 := "PF_DOUBLECASTING"
R3 := R3[R4]
R2[29] := R3
R3 := SKID
R4 := "PF_MEMORIZE"
R3 := R3[R4]
R2[30] := R3
R3 := SKID
R4 := "PF_SOULBURN"
R3 := R3[R4]
R2[31] := R3
R3 := 32
R4 := SKID
R5 := "PF_MINDBREAKER"
R4 := R4[R5]
R2[R3] := R4
R0[R1] := R2
R1 := JOBID
R2 := "JT_ALCHEMIST_H"
R1 := R1[R2]
R2 := {}
R3 := SKID
R4 := "CR_CULTIVATION"
R3 := R3[R4]
R2[5] := R3
R3 := SKID
R4 := "CR_SLIMPITCHER"
R3 := R3[R4]
R2[9] := R3
R3 := SKID
R4 := "CR_ACIDDEMONSTRATION"
R3 := R3[R4]
R2[23] := R3
R3 := SKID
R4 := "CR_FULLPROTECTION"
R3 := R3[R4]
R2[31] := R3
R0[R1] := R2
R1 := JOBID
R2 := "JT_DANCER_H"
R1 := R1[R2]
R2 := {}
R3 := SKID
R4 := "CG_ARROWVULCAN"
R3 := R3[R4]
R2[29] := R3
R3 := SKID
R4 := "CG_MOONLIT"
R3 := R3[R4]
R2[30] := R3
R3 := SKID
R4 := "CG_MARIONETTE"
R3 := R3[R4]
R2[31] := R3
R3 := 32
R4 := SKID
R5 := "CG_HERMODE"
R4 := R4[R5]
R2[R3] := R4
R3 := 38
R4 := SKID
R5 := "CG_LONGINGFREEDOM"
R4 := R4[R5]
R2[R3] := R4
R3 := 39
R4 := SKID
R5 := "CG_TAROTCARD"
R4 := R4[R5]
R2[R3] := R4
R0[R1] := R2
R1 := JOBID
R2 := "JT_RUNE_KNIGHT"
R1 := R1[R2]
R2 := {}
R3 := SKID
R4 := "RK_RUNEMASTERY"
R3 := R3[R4]
R2[1] := R3
R3 := SKID
R4 := "RK_PHANTOMTHRUST"
R3 := R3[R4]
R2[3] := R3
R3 := SKID
R4 := "RK_DRAGONTRAINING"
R3 := R3[R4]
R2[4] := R3
R3 := SKID
R4 := "RK_ENCHANTBLADE"
R3 := R3[R4]
R2[8] := R3
R3 := SKID
R4 := "RK_HUNDREDSPEAR"
R3 := R3[R4]
R2[10] := R3
R3 := SKID
R4 := "RK_DRAGONHOWLING"
R3 := R3[R4]
R2[11] := R3
R3 := SKID
R4 := "RK_DRAGONBREATH"
R3 := R3[R4]
R2[12] := R3
R3 := SKID
R4 := "RK_DEATHBOUND"
R3 := R3[R4]
R2[14] := R3
R3 := SKID
R4 := "RK_SONICWAVE"
R3 := R3[R4]
R2[15] := R3
R3 := SKID
R4 := "RK_WINDCUTTER"
R3 := R3[R4]
R2[16] := R3
R3 := SKID
R4 := "RK_IGNITIONBREAK"
R3 := R3[R4]
R2[23] := R3
R0[R1] := R2
R1 := JOBID
R2 := "JT_RANGER"
R1 := R1[R2]
R2 := {}
R3 := SKID
R4 := "RA_AIMEDBOLT"
R3 := R3[R4]
R2[0] := R3
R3 := SKID
R4 := "RA_RESEARCHTRAP"
R3 := R3[R4]
R2[1] := R3
R3 := SKID
R4 := "RA_RANGERMAIN"
R3 := R3[R4]
R2[3] := R3
R3 := SKID
R4 := "RA_ELECTRICSHOCKER"
R3 := R3[R4]
R2[4] := R3
R3 := SKID
R4 := "RA_WUGMASTERY"
R3 := R3[R4]
R2[5] := R3
R3 := SKID
R4 := "RA_ARROWSTORM"
R3 := R3[R4]
R2[7] := R3
R3 := SKID
R4 := "RA_CLUSTERBOMB"
R3 := R3[R4]
R2[8] := R3
R3 := SKID
R4 := "RA_DETONATOR"
R3 := R3[R4]
R2[9] := R3
R3 := SKID
R4 := "RA_CAMOUFLAGE"
R3 := R3[R4]
R2[10] := R3
R3 := SKID
R4 := "RA_TOOTHOFWUG"
R3 := R3[R4]
R2[12] := R3
R3 := SKID
R4 := "RA_WUGRIDER"
R3 := R3[R4]
R2[13] := R3
R3 := SKID
R4 := "RA_FEARBREEZE"
R3 := R3[R4]
R2[14] := R3
R3 := SKID
R4 := "RA_MAGENTATRAP"
R3 := R3[R4]
R2[15] := R3
R3 := SKID
R4 := "RA_FIRINGTRAP"
R3 := R3[R4]
R2[16] := R3
R3 := SKID
R4 := "RA_ICEBOUNDTRAP"
R3 := R3[R4]
R2[17] := R3
R3 := SKID
R4 := "RA_SENSITIVEKEEN"
R3 := R3[R4]
R2[18] := R3
R3 := SKID
R4 := "RA_WUGSTRIKE"
R3 := R3[R4]
R2[19] := R3
R3 := SKID
R4 := "RA_WUGDASH"
R3 := R3[R4]
R2[20] := R3
R3 := SKID
R4 := "RA_COBALTTRAP"
R3 := R3[R4]
R2[22] := R3
R3 := SKID
R4 := "RA_WUGBITE"
R3 := R3[R4]
R2[26] := R3
R3 := SKID
R4 := "RA_MAIZETRAP"
R3 := R3[R4]
R2[29] := R3
R3 := 36
R4 := SKID
R5 := "RA_VERDURETRAP"
R4 := R4[R5]
R2[R3] := R4
R0[R1] := R2
R1 := JOBID
R2 := "JT_MECHANIC"
R1 := R1[R2]
R2 := {}
R3 := SKID
R4 := "NC_MADOLICENCE"
R3 := R3[R4]
R2[2] := R3
R3 := SKID
R4 := "NC_TRAININGAXE"
R3 := R3[R4]
R2[5] := R3
R3 := SKID
R4 := "NC_RESEARCHFE"
R3 := R3[R4]
R2[6] := R3
R3 := SKID
R4 := "NC_REPAIR"
R3 := R3[R4]
R2[7] := R3
R3 := SKID
R4 := "NC_BOOSTKNUCKLE"
R3 := R3[R4]
R2[8] := R3
R3 := SKID
R4 := "NC_ACCELERATION"
R3 := R3[R4]
R2[9] := R3
R3 := SKID
R4 := "NC_MAINFRAME"
R3 := R3[R4]
R2[10] := R3
R3 := SKID
R4 := "NC_AXETORNADO"
R3 := R3[R4]
R2[11] := R3
R3 := SKID
R4 := "NC_AXEBOOMERANG"
R3 := R3[R4]
R2[12] := R3
R3 := SKID
R4 := "NC_SILVERSNIPER"
R3 := R3[R4]
R2[13] := R3
R3 := SKID
R4 := "NC_PILEBUNKER"
R3 := R3[R4]
R2[14] := R3
R3 := SKID
R4 := "NC_VULCANARM"
R3 := R3[R4]
R2[15] := R3
R3 := SKID
R4 := "NC_HOVERING"
R3 := R3[R4]
R2[16] := R3
R3 := SKID
R4 := "NC_SHAPESHIFT"
R3 := R3[R4]
R2[17] := R3
R3 := SKID
R4 := "NC_SELFDESTRUCTION"
R3 := R3[R4]
R2[18] := R3
R3 := SKID
R4 := "NC_POWERSWING"
R3 := R3[R4]
R2[19] := R3
R3 := SKID
R4 := "NC_FLAMELAUNCHER"
R3 := R3[R4]
R2[21] := R3
R3 := SKID
R4 := "NC_COLDSLOWER"
R3 := R3[R4]
R2[22] := R3
R3 := SKID
R4 := "NC_F_SIDESLIDE"
R3 := R3[R4]
R2[23] := R3
R3 := SKID
R4 := "NC_INFRAREDSCAN"
R3 := R3[R4]
R2[24] := R3
R3 := SKID
R4 := "NC_EMERGENCYCOOL"
R3 := R3[R4]
R2[25] := R3
R3 := SKID
R4 := "NC_DISJOINT"
R3 := R3[R4]
R2[26] := R3
R3 := SKID
R4 := "NC_MAGICDECOY"
R3 := R3[R4]
R2[27] := R3
R3 := SKID
R4 := "NC_ARMSCANNON"
R3 := R3[R4]
R2[29] := R3
R3 := SKID
R4 := "NC_B_SIDESLIDE"
R3 := R3[R4]
R2[30] := R3
R3 := SKID
R4 := "NC_ANALYZE"
R3 := R3[R4]
R2[31] := R3
R3 := 32
R4 := SKID
R5 := "NC_MAGNETICFIELD"
R4 := R4[R5]
R2[R3] := R4
R3 := 39
R4 := SKID
R5 := "NC_NEUTRALBARRIER"
R4 := R4[R5]
R2[R3] := R4
R3 := 40
R4 := SKID
R5 := "NC_STEALTHFIELD"
R4 := R4[R5]
R2[R3] := R4
R0[R1] := R2
R1 := JOBID
R2 := "JT_SHADOW_CHASER"
R1 := R1[R2]
R2 := {}
R3 := SKID
R4 := "SC_REPRODUCE"
R3 := R3[R4]
R2[0] := R3
R3 := SKID
R4 := "SC_SHADOWFORM"
R3 := R3[R4]
R2[1] := R3
R3 := SKID
R4 := "SC_FATALMENACE"
R3 := R3[R4]
R2[2] := R3
R3 := SKID
R4 := "SC_BODYPAINT"
R3 := R3[R4]
R2[3] := R3
R3 := SKID
R4 := "SC_TRIANGLESHOT"
R3 := R3[R4]
R2[4] := R3
R3 := SKID
R4 := "SC_MANHOLE"
R3 := R3[R4]
R2[5] := R3
R3 := SKID
R4 := "SC_STRIPACCESSARY"
R3 := R3[R4]
R2[6] := R3
R3 := SKID
R4 := "SC_AUTOSHADOWSPELL"
R3 := R3[R4]
R2[7] := R3
R3 := SKID
R4 := "SC_ENERVATION"
R3 := R3[R4]
R2[9] := R3
R3 := SKID
R4 := "SC_GROOMY"
R3 := R3[R4]
R2[10] := R3
R3 := SKID
R4 := "SC_IGNORANCE"
R3 := R3[R4]
R2[11] := R3
R3 := SKID
R4 := "SC_CHAOSPANIC"
R3 := R3[R4]
R2[12] := R3
R3 := SKID
R4 := "SC_DIMENSIONDOOR"
R3 := R3[R4]
R2[13] := R3
R3 := SKID
R4 := "SC_DEADLYINFECT"
R3 := R3[R4]
R2[15] := R3
R3 := SKID
R4 := "SC_LAZINESS"
R3 := R3[R4]
R2[16] := R3
R3 := SKID
R4 := "SC_WEAKNESS"
R3 := R3[R4]
R2[17] := R3
R3 := SKID
R4 := "SC_FEINTBOMB"
R3 := R3[R4]
R2[19] := R3
R3 := SKID
R4 := "SC_BLOODYLUST"
R3 := R3[R4]
R2[20] := R3
R3 := SKID
R4 := "SC_UNLUCKY"
R3 := R3[R4]
R2[24] := R3
R3 := SKID
R4 := "SC_INVISIBILITY"
R3 := R3[R4]
R2[29] := R3
R3 := SKID
R4 := "SC_MAELSTROM"
R3 := R3[R4]
R2[33] := R3
R0[R1] := R2
R1 := JOBID
R2 := "JT_ROYAL_GUARD"
R1 := R1[R2]
R2 := {}
R3 := SKID
R4 := "LG_MOONSLASHER"
R3 := R3[R4]
R2[0] := R3
R3 := SKID
R4 := "LG_BANISHINGPOINT"
R3 := R3[R4]
R2[1] := R3
R3 := SKID
R4 := "LG_FORCEOFVANGUARD"
R3 := R3[R4]
R2[2] := R3
R3 := SKID
R4 := "LG_TRAMPLE"
R3 := R3[R4]
R2[3] := R3
R3 := SKID
R4 := "LG_PIETY"
R3 := R3[R4]
R2[4] := R3
R3 := SKID
R4 := "LG_REFLECTDAMAGE"
R3 := R3[R4]
R2[5] := R3
R3 := SKID
R4 := "LG_SHIELDPRESS"
R3 := R3[R4]
R2[6] := R3
R3 := SKID
R4 := "LG_EXEEDBREAK"
R3 := R3[R4]
R2[7] := R3
R3 := SKID
R4 := "LG_PINPOINTATTACK"
R3 := R3[R4]
R2[8] := R3
R3 := SKID
R4 := "LG_RAGEBURST"
R3 := R3[R4]
R2[9] := R3
R3 := SKID
R4 := "LG_PRESTIGE"
R3 := R3[R4]
R2[10] := R3
R3 := SKID
R4 := "LG_RAYOFGENESIS"
R3 := R3[R4]
R2[11] := R3
R3 := SKID
R4 := "LG_EARTHDRIVE"
R3 := R3[R4]
R2[12] := R3
R3 := SKID
R4 := "LG_CANNONSPEAR"
R3 := R3[R4]
R2[14] := R3
R3 := SKID
R4 := "LG_OVERBRAND"
R3 := R3[R4]
R2[15] := R3
R3 := SKID
R4 := "LG_BANDING"
R3 := R3[R4]
R2[16] := R3
R3 := SKID
R4 := "LG_SHIELDSPELL"
R3 := R3[R4]
R2[19] := R3
R3 := SKID
R4 := "LG_HESPERUSLIT"
R3 := R3[R4]
R2[24] := R3
R3 := SKID
R4 := "LG_INSPIRATION"
R3 := R3[R4]
R2[26] := R3
R0[R1] := R2
R1 := JOBID
R2 := "JT_MINSTREL"
R1 := R1[R2]
R2 := {}
R3 := SKID
R4 := "WM_SEVERE_RAINSTORM"
R3 := R3[R4]
R2[0] := R3
R3 := SKID
R4 := "WM_REVERBERATION"
R3 := R3[R4]
R2[1] := R3
R3 := SKID
R4 := "WM_LESSON"
R3 := R3[R4]
R2[3] := R3
R3 := SKID
R4 := "WM_DOMINION_IMPULSE"
R3 := R3[R4]
R2[8] := R3
R3 := SKID
R4 := "WM_SIRCLEOFNATURE"
R3 := R3[R4]
R2[9] := R3
R3 := SKID
R4 := "WM_LULLABY_DEEPSLEEP"
R3 := R3[R4]
R2[10] := R3
R3 := SKID
R4 := "WM_POEMOFNETHERWORLD"
R3 := R3[R4]
R2[11] := R3
R3 := SKID
R4 := "WM_METALICSOUND"
R3 := R3[R4]
R2[15] := R3
R3 := SKID
R4 := "WM_DEADHILLHERE"
R3 := R3[R4]
R2[16] := R3
R3 := SKID
R4 := "WM_VOICEOFSIREN"
R3 := R3[R4]
R2[18] := R3
R3 := SKID
R4 := "WM_RANDOMIZESPELL"
R3 := R3[R4]
R2[19] := R3
R3 := SKID
R4 := "WM_GREAT_ECHO"
R3 := R3[R4]
R2[22] := R3
R3 := SKID
R4 := "MI_HARMONIZE"
R3 := R3[R4]
R2[23] := R3
R3 := SKID
R4 := "MI_RUSH_WINDMILL"
R3 := R3[R4]
R2[24] := R3
R3 := SKID
R4 := "MI_ECHOSONG"
R3 := R3[R4]
R2[25] := R3
R3 := SKID
R4 := "WM_GLOOMYDAY"
R3 := R3[R4]
R2[26] := R3
R3 := SKID
R4 := "WM_DANCE_WITH_WUG"
R3 := R3[R4]
R2[30] := R3
R3 := SKID
R4 := "WM_SONG_OF_MANA"
R3 := R3[R4]
R2[31] := R3
R3 := 32
R4 := SKID
R5 := "WM_LERADS_DEW"
R4 := R4[R5]
R2[R3] := R4
R3 := 37
R4 := SKID
R5 := "WM_SATURDAY_NIGHT_FEVER"
R4 := R4[R5]
R2[R3] := R4
R3 := 38
R4 := SKID
R5 := "WM_MELODYOFSINK"
R4 := R4[R5]
R2[R3] := R4
R3 := 39
R4 := SKID
R5 := "WM_BEYOND_OF_WARCRY"
R4 := R4[R5]
R2[R3] := R4
R3 := 45
R4 := SKID
R5 := "WM_SOUND_OF_DESTRUCTION"
R4 := R4[R5]
R2[R3] := R4
R3 := 46
R4 := SKID
R5 := "WM_UNLIMITED_HUMMING_VOICE"
R4 := R4[R5]
R2[R3] := R4
R0[R1] := R2
R1 := JOBID
R2 := "JT_KNIGHT_H"
R1 := R1[R2]
R2 := {}
R3 := SKID
R4 := "LK_BERSERK"
R3 := R3[R4]
R2[4] := R3
R3 := SKID
R4 := "LK_TENSIONRELAX"
R3 := R3[R4]
R2[5] := R3
R3 := SKID
R4 := "LK_PARRYING"
R3 := R3[R4]
R2[7] := R3
R3 := SKID
R4 := "LK_AURABLADE"
R3 := R3[R4]
R2[11] := R3
R3 := SKID
R4 := "LK_CONCENTRATION"
R3 := R3[R4]
R2[12] := R3
R3 := SKID
R4 := "LK_HEADCRUSH"
R3 := R3[R4]
R2[19] := R3
R3 := SKID
R4 := "LK_SPIRALPIERCE"
R3 := R3[R4]
R2[25] := R3
R3 := SKID
R4 := "LK_JOINTBEAT"
R3 := R3[R4]
R2[26] := R3
R0[R1] := R2
R1 := JOBID
R2 := "JT_WIZARD_H"
R1 := R1[R2]
R2 := {}
R3 := SKID
R4 := "HW_GANBANTEIN"
R3 := R3[R4]
R2[7] := R3
R3 := SKID
R4 := "HW_MAGICCRASHER"
R3 := R3[R4]
R2[12] := R3
R3 := SKID
R4 := "HW_SOULDRAIN"
R3 := R3[R4]
R2[13] := R3
R3 := SKID
R4 := "HW_NAPALMVULCAN"
R3 := R3[R4]
R2[19] := R3
R3 := SKID
R4 := "HW_MAGICPOWER"
R3 := R3[R4]
R2[20] := R3
R3 := SKID
R4 := "HW_GRAVITATION"
R3 := R3[R4]
R2[24] := R3
R0[R1] := R2
R1 := JOBID
R2 := "JT_HUNTER_H"
R1 := R1[R2]
R2 := {}
R3 := SKID
R4 := "SN_FALCONASSAULT"
R3 := R3[R4]
R2[28] := R3
R3 := SKID
R4 := "SN_SHARPSHOOTING"
R3 := R3[R4]
R2[5] := R3
R3 := SKID
R4 := "SN_SIGHT"
R3 := R3[R4]
R2[26] := R3
R3 := SKID
R4 := "SN_WINDWALK"
R3 := R3[R4]
R2[12] := R3
R0[R1] := R2
R1 := JOBID
R2 := "JT_GENETIC"
R1 := R1[R2]
R2 := {}
R3 := SKID
R4 := "GN_CHANGEMATERIAL"
R3 := R3[R4]
R2[0] := R3
R3 := SKID
R4 := "GN_TRAINING_SWORD"
R3 := R3[R4]
R2[1] := R3
R3 := SKID
R4 := "GN_S_PHARMACY"
R3 := R3[R4]
R2[2] := R3
R3 := SKID
R4 := "GN_REMODELING_CART"
R3 := R3[R4]
R2[5] := R3
R3 := SKID
R4 := "GN_SLINGITEM"
R3 := R3[R4]
R2[7] := R3
R3 := SKID
R4 := "GN_MIX_COOKING"
R3 := R3[R4]
R2[8] := R3
R3 := SKID
R4 := "GN_THORNS_TRAP"
R3 := R3[R4]
R2[9] := R3
R3 := SKID
R4 := "GN_BLOOD_SUCKER"
R3 := R3[R4]
R2[10] := R3
R3 := SKID
R4 := "GN_SPORE_EXPLOSION"
R3 := R3[R4]
R2[11] := R3
R3 := SKID
R4 := "GN_CART_TORNADO"
R3 := R3[R4]
R2[12] := R3
R3 := SKID
R4 := "GN_MAKEBOMB"
R3 := R3[R4]
R2[15] := R3
R3 := SKID
R4 := "GN_WALLOFTHORN"
R3 := R3[R4]
R2[16] := R3
R3 := SKID
R4 := "GN_HELLS_PLANT"
R3 := R3[R4]
R2[17] := R3
R3 := SKID
R4 := "GN_DEMONIC_FIRE"
R3 := R3[R4]
R2[18] := R3
R3 := SKID
R4 := "GN_CARTCANNON"
R3 := R3[R4]
R2[19] := R3
R3 := SKID
R4 := "GN_CRAZYWEED"
R3 := R3[R4]
R2[23] := R3
R3 := SKID
R4 := "GN_MANDRAGORA"
R3 := R3[R4]
R2[24] := R3
R3 := SKID
R4 := "GN_FIRE_EXPANSION"
R3 := R3[R4]
R2[25] := R3
R3 := SKID
R4 := "GN_CARTBOOST"
R3 := R3[R4]
R2[26] := R3
R0[R1] := R2
R1 := JOBID
R2 := "JT_MONK_H"
R1 := R1[R2]
R2 := {}
R3 := SKID
R4 := "CH_PALMSTRIKE"
R3 := R3[R4]
R2[11] := R3
R3 := SKID
R4 := "CH_SOULCOLLECT"
R3 := R3[R4]
R2[21] := R3
R3 := SKID
R4 := "CH_TIGERFIST"
R3 := R3[R4]
R2[25] := R3
R3 := 32
R4 := SKID
R5 := "CH_CHAINCRUSH"
R4 := R4[R5]
R2[R3] := R4
R0[R1] := R2
R1 := JOBID
R2 := "JT_ROGUE_H"
R1 := R1[R2]
R2 := {}
R3 := SKID
R4 := "ST_CHASEWALK"
R3 := R3[R4]
R2[8] := R3
R3 := SKID
R4 := "ST_FULLSTRIP"
R3 := R3[R4]
R2[30] := R3
R3 := 38
R4 := SKID
R5 := "ST_PRESERVE"
R4 := R4[R5]
R2[R3] := R4
R3 := SKID
R4 := "ST_REJECTSWORD"
R3 := R3[R4]
R2[31] := R3
R0[R1] := R2
R1 := JOBID
R2 := "JT_BARD_H"
R1 := R1[R2]
R2 := {}
R3 := SKID
R4 := "CG_ARROWVULCAN"
R3 := R3[R4]
R2[29] := R3
R3 := SKID
R4 := "CG_MOONLIT"
R3 := R3[R4]
R2[30] := R3
R3 := SKID
R4 := "CG_MARIONETTE"
R3 := R3[R4]
R2[31] := R3
R3 := 32
R4 := SKID
R5 := "CG_HERMODE"
R4 := R4[R5]
R2[R3] := R4
R3 := 38
R4 := SKID
R5 := "CG_LONGINGFREEDOM"
R4 := R4[R5]
R2[R3] := R4
R3 := 39
R4 := SKID
R5 := "CG_TAROTCARD"
R4 := R4[R5]
R2[R3] := R4
R0[R1] := R2
R1 := JOBID
R2 := "JT_SURA"
R1 := R1[R2]
R2 := {}
R3 := SKID
R4 := "SR_POWERVELOCITY"
R3 := R3[R4]
R2[0] := R3
R3 := SKID
R4 := "SR_RIDEINLIGHTNING"
R3 := R3[R4]
R2[1] := R3
R3 := SKID
R4 := "SR_DRAGONCOMBO"
R3 := R3[R4]
R2[2] := R3
R3 := SKID
R4 := "SR_ASSIMILATEPOWER"
R3 := R3[R4]
R2[7] := R3
R3 := SKID
R4 := "SR_SKYNETBLOW"
R3 := R3[R4]
R2[8] := R3
R3 := SKID
R4 := "SR_FALLENEMPIRE"
R3 := R3[R4]
R2[9] := R3
R3 := SKID
R4 := "SR_GENTLETOUCH_QUIET"
R3 := R3[R4]
R2[11] := R3
R3 := SKID
R4 := "SR_GENTLETOUCH_CURE"
R3 := R3[R4]
R2[12] := R3
R3 := SKID
R4 := "SR_HOWLINGOFLION"
R3 := R3[R4]
R2[14] := R3
R3 := SKID
R4 := "SR_CRESCENTELBOW"
R3 := R3[R4]
R2[15] := R3
R3 := SKID
R4 := "SR_TIGERCANNON"
R3 := R3[R4]
R2[16] := R3
R3 := SKID
R4 := "SR_CURSEDCIRCLE"
R3 := R3[R4]
R2[17] := R3
R3 := SKID
R4 := "SR_GENTLETOUCH_ENERGYGAIN"
R3 := R3[R4]
R2[18] := R3
R3 := SKID
R4 := "SR_GENTLETOUCH_CHANGE"
R3 := R3[R4]
R2[19] := R3
R3 := SKID
R4 := "SR_WINDMILL"
R3 := R3[R4]
R2[24] := R3
R3 := SKID
R4 := "SR_EARTHSHAKER"
R3 := R3[R4]
R2[25] := R3
R3 := SKID
R4 := "SR_GENTLETOUCH_REVITALIZE"
R3 := R3[R4]
R2[26] := R3
R3 := SKID
R4 := "SR_LIGHTNINGWALK"
R3 := R3[R4]
R2[31] := R3
R3 := 32
R4 := SKID
R5 := "SR_RAMPAGEBLASTER"
R4 := R4[R5]
R2[R3] := R4
R3 := 38
R4 := SKID
R5 := "SR_KNUCKLEARROW"
R4 := R4[R5]
R2[R3] := R4
R3 := 39
R4 := SKID
R5 := "SR_RAISINGDRAGON"
R4 := R4[R5]
R2[R3] := R4
R3 := 36
R4 := SKID
R5 := "SR_GATEOFHELL"
R4 := R4[R5]
R2[R3] := R4
R0[R1] := R2
R1 := JOBID
R2 := "JT_WARLOCK"
R1 := R1[R2]
R2 := {}
R3 := SKID
R4 := "WL_MARSHOFABYSS"
R3 := R3[R4]
R2[0] := R3
R3 := SKID
R4 := "WL_RADIUS"
R3 := R3[R4]
R2[1] := R3
R3 := SKID
R4 := "WL_RELEASE"
R3 := R3[R4]
R2[2] := R3
R3 := SKID
R4 := "WL_SUMMONFB"
R3 := R3[R4]
R2[3] := R3
R3 := SKID
R4 := "WL_SUMMONWB"
R3 := R3[R4]
R2[4] := R3
R3 := SKID
R4 := "WL_SUMMONBL"
R3 := R3[R4]
R2[5] := R3
R3 := SKID
R4 := "WL_SUMMONSTONE"
R3 := R3[R4]
R2[6] := R3
R3 := SKID
R4 := "WL_FREEZE_SP"
R3 := R3[R4]
R2[7] := R3
R3 := SKID
R4 := "WL_DRAINLIFE"
R3 := R3[R4]
R2[8] := R3
R3 := SKID
R4 := "WL_READING_SB"
R3 := R3[R4]
R2[9] := R3
R3 := SKID
R4 := "WL_CRIMSONROCK"
R3 := R3[R4]
R2[10] := R3
R3 := SKID
R4 := "WL_FROSTMISTY"
R3 := R3[R4]
R2[11] := R3
R3 := SKID
R4 := "WL_CHAINLIGHTNING"
R3 := R3[R4]
R2[12] := R3
R3 := SKID
R4 := "WL_SIENNAEXECRATE"
R3 := R3[R4]
R2[13] := R3
R3 := SKID
R4 := "WL_SOULEXPANSION"
R3 := R3[R4]
R2[14] := R3
R3 := SKID
R4 := "WL_STASIS"
R3 := R3[R4]
R2[15] := R3
R3 := SKID
R4 := "WL_HELLINFERNO"
R3 := R3[R4]
R2[17] := R3
R3 := SKID
R4 := "WL_JACKFROST"
R3 := R3[R4]
R2[18] := R3
R3 := SKID
R4 := "WL_EARTHSTRAIN"
R3 := R3[R4]
R2[20] := R3
R3 := SKID
R4 := "WL_WHITEIMPRISON"
R3 := R3[R4]
R2[21] := R3
R3 := SKID
R4 := "WL_COMET"
R3 := R3[R4]
R2[25] := R3
R3 := SKID
R4 := "WL_RECOGNIZEDSPELL"
R3 := R3[R4]
R2[30] := R3
R3 := 32
R4 := SKID
R5 := "WL_TETRAVORTEX"
R4 := R4[R5]
R2[R3] := R4
R0[R1] := R2
R1 := JOBID
R2 := "JT_ARCHBISHOP"
R1 := R1[R2]
R2 := {}
R3 := SKID
R4 := "AB_JUDEX"
R3 := R3[R4]
R2[0] := R3
R3 := SKID
R4 := "AB_CHEAL"
R3 := R3[R4]
R2[1] := R3
R3 := SKID
R4 := "AB_CLEMENTIA"
R3 := R3[R4]
R2[2] := R3
R3 := SKID
R4 := "AB_PRAEFATIO"
R3 := R3[R4]
R2[3] := R3
R3 := SKID
R4 := "AB_DUPLELIGHT"
R3 := R3[R4]
R2[4] := R3
R3 := SKID
R4 := "AB_LAUDAAGNUS"
R3 := R3[R4]
R2[5] := R3
R3 := SKID
R4 := "AB_CANTO"
R3 := R3[R4]
R2[6] := R3
R3 := SKID
R4 := "AB_RENOVATIO"
R3 := R3[R4]
R2[8] := R3
R3 := SKID
R4 := "AB_ANCILLA"
R3 := R3[R4]
R2[9] := R3
R3 := SKID
R4 := "AB_ORATIO"
R3 := R3[R4]
R2[10] := R3
R3 := SKID
R4 := "AB_LAUDARAMUS"
R3 := R3[R4]
R2[12] := R3
R3 := SKID
R4 := "AB_ADORAMUS"
R3 := R3[R4]
R2[14] := R3
R3 := SKID
R4 := "AB_HIGHNESSHEAL"
R3 := R3[R4]
R2[15] := R3
R3 := SKID
R4 := "AB_EXPIATIO"
R3 := R3[R4]
R2[18] := R3
R3 := SKID
R4 := "AB_CLEARANCE"
R3 := R3[R4]
R2[19] := R3
R3 := SKID
R4 := "AB_EPICLESIS"
R3 := R3[R4]
R2[23] := R3
R3 := SKID
R4 := "AB_SILENTIUM"
R3 := R3[R4]
R2[26] := R3
R3 := SKID
R4 := "AB_EUCHARISTICA"
R3 := R3[R4]
R2[30] := R3
R3 := 32
R4 := SKID
R5 := "AB_SECRAMENT"
R4 := R4[R5]
R2[R3] := R4
R0[R1] := R2
R1 := JOBID
R2 := "JT_GUILLOTINE_CROSS"
R1 := R1[R2]
R2 := {}
R3 := SKID
R4 := "GC_CROSSIMPACT"
R3 := R3[R4]
R2[0] := R3
R3 := SKID
R4 := "GC_CLOAKINGEXCEED"
R3 := R3[R4]
R2[1] := R3
R3 := SKID
R4 := "GC_ROLLINGCUTTER"
R3 := R3[R4]
R2[2] := R3
R3 := SKID
R4 := "GC_WEAPONBLOCKING"
R3 := R3[R4]
R2[3] := R3
R3 := SKID
R4 := "GC_VENOMIMPRESS"
R3 := R3[R4]
R2[4] := R3
R3 := SKID
R4 := "GC_RESEARCHNEWPOISON"
R3 := R3[R4]
R2[5] := R3
R3 := SKID
R4 := "GC_DARKILLUSION"
R3 := R3[R4]
R2[7] := R3
R3 := SKID
R4 := "GC_CROSSRIPPERSLASHER"
R3 := R3[R4]
R2[9] := R3
R3 := SKID
R4 := "GC_WEAPONCRUSH"
R3 := R3[R4]
R2[10] := R3
R3 := SKID
R4 := "GC_COUNTERSLASH"
R3 := R3[R4]
R2[11] := R3
R3 := SKID
R4 := "GC_CREATENEWPOISON"
R3 := R3[R4]
R2[12] := R3
R3 := SKID
R4 := "GC_ANTIDOTE"
R3 := R3[R4]
R2[13] := R3
R3 := SKID
R4 := "GC_PHANTOMMENACE"
R3 := R3[R4]
R2[15] := R3
R3 := SKID
R4 := "GC_POISONINGWEAPON"
R3 := R3[R4]
R2[19] := R3
R3 := SKID
R4 := "GC_HALLUCINATIONWALK"
R3 := R3[R4]
R2[22] := R3
R3 := SKID
R4 := "GC_VENOMPRESSURE"
R3 := R3[R4]
R2[25] := R3
R3 := SKID
R4 := "GC_POISONSMOKE"
R3 := R3[R4]
R2[26] := R3
R0[R1] := R2
R1 := JOBID
R2 := "JT_STAR"
R1 := R1[R2]
R2 := {}
R3 := SKID
R4 := "SG_FEEL"
R3 := R3[R4]
R2[0] := R3
R3 := SKID
R4 := "SG_HATE"
R3 := R3[R4]
R2[2] := R3
R3 := SKID
R4 := "SG_DEVIL"
R3 := R3[R4]
R2[4] := R3
R3 := SKID
R4 := "SG_KNOWLEDGE"
R3 := R3[R4]
R2[5] := R3
R3 := SKID
R4 := "SG_SUN_WARM"
R3 := R3[R4]
R2[7] := R3
R3 := SKID
R4 := "SG_SUN_COMFORT"
R3 := R3[R4]
R2[8] := R3
R3 := SKID
R4 := "SG_SUN_ANGER"
R3 := R3[R4]
R2[9] := R3
R3 := SKID
R4 := "SG_SUN_BLESS"
R3 := R3[R4]
R2[10] := R3
R3 := SKID
R4 := "SG_FRIEND"
R3 := R3[R4]
R2[11] := R3
R3 := SKID
R4 := "SG_FUSION"
R3 := R3[R4]
R2[12] := R3
R3 := SKID
R4 := "SG_MOON_WARM"
R3 := R3[R4]
R2[14] := R3
R3 := SKID
R4 := "SG_MOON_COMFORT"
R3 := R3[R4]
R2[15] := R3
R3 := SKID
R4 := "SG_MOON_ANGER"
R3 := R3[R4]
R2[16] := R3
R3 := SKID
R4 := "SG_MOON_BLESS"
R3 := R3[R4]
R2[17] := R3
R3 := SKID
R4 := "SG_STAR_WARM"
R3 := R3[R4]
R2[21] := R3
R3 := SKID
R4 := "SG_STAR_COMFORT"
R3 := R3[R4]
R2[22] := R3
R3 := SKID
R4 := "SG_STAR_ANGER"
R3 := R3[R4]
R2[23] := R3
R3 := SKID
R4 := "SG_STAR_BLESS"
R3 := R3[R4]
R2[24] := R3
R0[R1] := R2
R1 := JOBID
R2 := "JT_LINKER"
R1 := R1[R2]
R2 := {}
R3 := SKID
R4 := "SL_ALCHEMIST"
R3 := R3[R4]
R2[0] := R3
R3 := SKID
R4 := "SL_STAR"
R3 := R3[R4]
R2[1] := R3
R3 := SKID
R4 := "SL_ASSASIN"
R3 := R3[R4]
R2[2] := R3
R3 := SKID
R4 := "SL_CRUSADER"
R3 := R3[R4]
R2[3] := R3
R3 := SKID
R4 := "SL_BARDDANCER"
R3 := R3[R4]
R2[4] := R3
R3 := SKID
R4 := "SL_SUPERNOVICE"
R3 := R3[R4]
R2[5] := R3
R3 := SKID
R4 := "SL_BLACKSMITH"
R3 := R3[R4]
R2[7] := R3
R3 := SKID
R4 := "SL_SOULLINKER"
R3 := R3[R4]
R2[8] := R3
R3 := SKID
R4 := "SL_ROGUE"
R3 := R3[R4]
R2[9] := R3
R3 := SKID
R4 := "SL_KNIGHT"
R3 := R3[R4]
R2[10] := R3
R3 := SKID
R4 := "SL_HUNTER"
R3 := R3[R4]
R2[11] := R3
R3 := SKID
R4 := "SL_HIGH"
R3 := R3[R4]
R2[12] := R3
R3 := SKID
R4 := "SL_MONK"
R3 := R3[R4]
R2[14] := R3
R3 := SKID
R4 := "SL_KAUPE"
R3 := R3[R4]
R2[16] := R3
R3 := SKID
R4 := "SL_SKE"
R3 := R3[R4]
R2[17] := R3
R3 := SKID
R4 := "SL_SAGE"
R3 := R3[R4]
R2[18] := R3
R3 := SKID
R4 := "SL_KAINA"
R3 := R3[R4]
R2[19] := R3
R3 := SKID
R4 := "SL_PRIEST"
R3 := R3[R4]
R2[21] := R3
R3 := SKID
R4 := "SL_SKA"
R3 := R3[R4]
R2[22] := R3
R3 := SKID
R4 := "SL_WIZARD"
R3 := R3[R4]
R2[25] := R3
R3 := SKID
R4 := "SL_KAITE"
R3 := R3[R4]
R2[26] := R3
R3 := SKID
R4 := "SL_KAAHI"
R3 := R3[R4]
R2[28] := R3
R3 := SKID
R4 := "SL_KAIZEL"
R3 := R3[R4]
R2[29] := R3
R3 := SKID
R4 := "SL_SWOO"
R3 := R3[R4]
R2[30] := R3
R3 := SKID
R4 := "SL_STIN"
R3 := R3[R4]
R2[31] := R3
R3 := 32
R4 := SKID
R5 := "SL_STUN"
R4 := R4[R5]
R2[R3] := R4
R3 := SKID
R4 := "SL_SMA"
R3 := R3[R4]
R2[33] := R3
R0[R1] := R2
R1 := JOBID
R2 := "JT_SORCERER"
R1 := R1[R2]
R2 := {}
R3 := SKID
R4 := "SO_VACUUM_EXTREME"
R3 := R3[R4]
R2[0] := R3
R3 := SKID
R4 := "SO_STRIKING"
R3 := R3[R4]
R2[1] := R3
R3 := SKID
R4 := "SO_ELECTRICWALK"
R3 := R3[R4]
R2[2] := R3
R3 := SKID
R4 := "SO_EL_ANALYSIS"
R3 := R3[R4]
R2[3] := R3
R3 := SKID
R4 := "SO_CLOUD_KILL"
R3 := R3[R4]
R2[4] := R3
R3 := SKID
R4 := "SO_WARMER"
R3 := R3[R4]
R2[5] := R3
R3 := SKID
R4 := "SO_EARTHGRAVE"
R3 := R3[R4]
R2[6] := R3
R3 := SKID
R4 := "SO_SPELLFIST"
R3 := R3[R4]
R2[7] := R3
R3 := SKID
R4 := "SO_DIAMONDDUST"
R3 := R3[R4]
R2[8] := R3
R3 := SKID
R4 := "SO_VARETYR_SPEAR"
R3 := R3[R4]
R2[9] := R3
R3 := SKID
R4 := "SO_EL_CONTROL"
R3 := R3[R4]
R2[10] := R3
R3 := SKID
R4 := "SO_POISON_BUSTER"
R3 := R3[R4]
R2[11] := R3
R3 := SKID
R4 := "SO_FIREWALK"
R3 := R3[R4]
R2[12] := R3
R3 := SKID
R4 := "SO_ARRULLO"
R3 := R3[R4]
R2[13] := R3
R3 := SKID
R4 := "SO_PSYCHIC_WAVE"
R3 := R3[R4]
R2[14] := R3
R3 := SKID
R4 := "SO_SUMMON_AQUA"
R3 := R3[R4]
R2[15] := R3
R3 := SKID
R4 := "SO_SUMMON_VENTUS"
R3 := R3[R4]
R2[16] := R3
R3 := SKID
R4 := "SO_EL_SYMPATHY"
R3 := R3[R4]
R2[17] := R3
R3 := SKID
R4 := "SO_EL_ACTION"
R3 := R3[R4]
R2[18] := R3
R3 := SKID
R4 := "SO_SUMMON_AGNI"
R3 := R3[R4]
R2[19] := R3
R3 := SKID
R4 := "SO_SUMMON_TERA"
R3 := R3[R4]
R2[20] := R3
R3 := SKID
R4 := "SO_WATER_INSIGNIA"
R3 := R3[R4]
R2[22] := R3
R3 := SKID
R4 := "SO_WIND_INSIGNIA"
R3 := R3[R4]
R2[23] := R3
R3 := SKID
R4 := "SO_EL_CURE"
R3 := R3[R4]
R2[24] := R3
R3 := SKID
R4 := "SO_FIRE_INSIGNIA"
R3 := R3[R4]
R2[26] := R3
R3 := SKID
R4 := "SO_EARTH_INSIGNIA"
R3 := R3[R4]
R2[27] := R3
R0[R1] := R2
R1 := JOBID
R2 := "JT_WANDERER"
R1 := R1[R2]
R2 := {}
R3 := SKID
R4 := "WM_SEVERE_RAINSTORM"
R3 := R3[R4]
R2[0] := R3
R3 := SKID
R4 := "WM_REVERBERATION"
R3 := R3[R4]
R2[1] := R3
R3 := SKID
R4 := "WM_LESSON"
R3 := R3[R4]
R2[3] := R3
R3 := SKID
R4 := "WM_DOMINION_IMPULSE"
R3 := R3[R4]
R2[8] := R3
R3 := SKID
R4 := "WM_SIRCLEOFNATURE"
R3 := R3[R4]
R2[9] := R3
R3 := SKID
R4 := "WM_LULLABY_DEEPSLEEP"
R3 := R3[R4]
R2[10] := R3
R3 := SKID
R4 := "WM_POEMOFNETHERWORLD"
R3 := R3[R4]
R2[11] := R3
R3 := SKID
R4 := "WM_METALICSOUND"
R3 := R3[R4]
R2[15] := R3
R3 := SKID
R4 := "WM_DEADHILLHERE"
R3 := R3[R4]
R2[16] := R3
R3 := SKID
R4 := "WM_VOICEOFSIREN"
R3 := R3[R4]
R2[18] := R3
R3 := SKID
R4 := "WM_RANDOMIZESPELL"
R3 := R3[R4]
R2[19] := R3
R3 := SKID
R4 := "WM_GREAT_ECHO"
R3 := R3[R4]
R2[22] := R3
R3 := SKID
R4 := "WA_SWING_DANCE"
R3 := R3[R4]
R2[23] := R3
R3 := SKID
R4 := "WA_SYMPHONY_OF_LOVER"
R3 := R3[R4]
R2[24] := R3
R3 := SKID
R4 := "WA_MOONLIT_SERENADE"
R3 := R3[R4]
R2[25] := R3
R3 := SKID
R4 := "WM_GLOOMYDAY"
R3 := R3[R4]
R2[26] := R3
R3 := SKID
R4 := "WM_DANCE_WITH_WUG"
R3 := R3[R4]
R2[30] := R3
R3 := SKID
R4 := "WM_SONG_OF_MANA"
R3 := R3[R4]
R2[31] := R3
R3 := 32
R4 := SKID
R5 := "WM_LERADS_DEW"
R4 := R4[R5]
R2[R3] := R4
R3 := 37
R4 := SKID
R5 := "WM_SATURDAY_NIGHT_FEVER"
R4 := R4[R5]
R2[R3] := R4
R3 := 38
R4 := SKID
R5 := "WM_MELODYOFSINK"
R4 := R4[R5]
R2[R3] := R4
R3 := 39
R4 := SKID
R5 := "WM_BEYOND_OF_WARCRY"
R4 := R4[R5]
R2[R3] := R4
R3 := 45
R4 := SKID
R5 := "WM_SOUND_OF_DESTRUCTION"
R4 := R4[R5]
R2[R3] := R4
R3 := 46
R4 := SKID
R5 := "WM_UNLIMITED_HUMMING_VOICE"
R4 := R4[R5]
R2[R3] := R4
R0[R1] := R2
R1 := JOBID
R2 := "JT_CRUSADER_H"
R1 := R1[R2]
R2 := {}
R3 := SKID
R4 := "PA_PRESSURE"
R3 := R3[R4]
R2[17] := R3
R3 := SKID
R4 := "PA_SHIELDCHAIN"
R3 := R3[R4]
R2[25] := R3
R3 := SKID
R4 := "PA_GOSPEL"
R3 := R3[R4]
R2[30] := R3
R3 := 36
R4 := SKID
R5 := "PA_SACRIFICE"
R4 := R4[R5]
R2[R3] := R4
R0[R1] := R2
R1 := JOBID
R2 := "JT_SUPERNOVICE2"
R1 := R1[R2]
R2 := {}
R3 := SKID
R3 := R3["CR_TRUST"]
R2[0] := R3
R3 := SKID
R3 := R3["CR_HOLYCROSS"]
R2[1] := R3
R3 := SKID
R3 := R3["PR_SANCTUARY"]
R2[2] := R3
R3 := SKID
R3 := R3["PR_STRECOVERY"]
R2[3] := R3
R3 := SKID
R3 := R3["PR_IMPOSITIO"]
R2[4] := R3
R3 := SKID
R3 := R3["PR_GLORIA"]
R2[5] := R3
R3 := SKID
R3 := R3["MO_IRONHAND"]
R2[6] := R3
R3 := SKID
R3 := R3["MO_CALLSPIRITS"]
R2[7] := R3
R3 := SKID
R3 := R3["MO_ABSORBSPIRITS"]
R2[8] := R3
R3 := SKID
R3 := R3["HT_SKIDTRAP"]
R2[9] := R3
R3 := SKID
R3 := R3["HT_FLASHER"]
R2[10] := R3
R3 := SKID
R3 := R3["HT_SANDMAN"]
R2[11] := R3
R3 := SKID
R3 := R3["HT_FREEZINGTRAP"]
R2[12] := R3
R3 := SKID
R3 := R3["BS_HILTBINDING"]
R2[13] := R3
R3 := SKID
R3 := R3["BS_WEAPONRESEARCH"]
R2[14] := R3
R3 := SKID
R4 := "AM_AXEMASTERY"
R3 := R3[R4]
R2[15] := R3
R3 := SKID
R4 := "RG_TUNNELDRIVE"
R3 := R3[R4]
R2[16] := R3
R3 := SKID
R3 := R3["WZ_EARTHSPIKE"]
R2[17] := R3
R3 := SKID
R3 := R3["WZ_HEAVENDRIVE"]
R2[18] := R3
R3 := SKID
R3 := R3["WZ_QUAGMIRE"]
R2[19] := R3
R3 := SKID
R3 := R3["WZ_ICEWALL"]
R2[20] := R3
R3 := SKID
R3 := R3["WZ_FROSTNOVA"]
R2[21] := R3
R3 := SKID
R3 := R3["WZ_SIGHTRASHER"]
R2[22] := R3
R3 := SKID
R3 := R3["WZ_JUPITEL"]
R2[23] := R3
R3 := SKID
R3 := R3["WZ_FIREPILLAR"]
R2[24] := R3
R3 := SKID
R3 := R3["WZ_WATERBALL"]
R2[25] := R3
R3 := SKID
R3 := R3["WZ_ESTIMATION"]
R2[26] := R3
R3 := SKID
R4 := "HW_MAGICCRASHER"
R3 := R3[R4]
R2[27] := R3
R3 := SKID
R3 := R3["AS_ENCHANTPOISON"]
R2[28] := R3
R0[R1] := R2
SKILL_TREEVIEW_FOR_JOB := R0
return 
