; This file has been disassembled by the Lua 5 disassembler by Mike Lankamp
;
; Original file: luac.out
; File format:   Lua 5.0
; Disassembled:  Wed Mar 09 19:25:54 2011
;

; Name:            @hotkey.lua
; Defined at line: 0
; #Upvalues:       0
; #Parameters:     0
; Is_vararg:       0
; Max Stack Size:  5
;
; No locals information
; No upvalues

  1 [  1]: NEWTABLE  R0 0 0       ; R0 := {}
  2 [  2]: SETTABLE  R0 K1 K2     ; R0[1] := "MB_L"
  3 [  3]: SETTABLE  R0 K3 K4     ; R0[2] := "MB_R"
  4 [  4]: SETTABLE  R0 K5 K6     ; R0[4] := "MB_C"
  5 [  5]: SETTABLE  R0 K7 K8     ; R0[8] := "Back"
  6 [  6]: SETTABLE  R0 K9 K10    ; R0[9] := "Tab"
  7 [  7]: SETTABLE  R0 K11 K12   ; R0[12] := "Clear"
  8 [  8]: SETTABLE  R0 K13 K14   ; R0[13] := "Return"
  9 [  9]: SETTABLE  R0 K15 K16   ; R0[16] := "Shift"
 10 [ 10]: SETTABLE  R0 K17 K18   ; R0[17] := "Ctrl"
 11 [ 11]: SETTABLE  R0 K19 K20   ; R0[18] := "Alt"
 12 [ 12]: SETTABLE  R0 K21 K22   ; R0[19] := "Pause"
 13 [ 13]: SETTABLE  R0 K23 K24   ; R0[20] := "Caps"
 14 [ 14]: SETTABLE  R0 K25 K26   ; R0[21] := "Hangul"
 15 [ 15]: SETTABLE  R0 K27 K28   ; R0[25] := "Hanja"
 16 [ 16]: SETTABLE  R0 K29 K30   ; R0[32] := "Space"
 17 [ 17]: SETTABLE  R0 K31 K32   ; R0[33] := "Prior"
 18 [ 18]: SETTABLE  R0 K33 K34   ; R0[34] := "Next"
 19 [ 19]: SETTABLE  R0 K35 K36   ; R0[35] := "End"
 20 [ 20]: SETTABLE  R0 K37 K38   ; R0[36] := "Home"
 21 [ 21]: SETTABLE  R0 K39 K40   ; R0[37] := "Left"
 22 [ 22]: SETTABLE  R0 K41 K42   ; R0[38] := "Up"
 23 [ 23]: SETTABLE  R0 K43 K44   ; R0[39] := "Right"
 24 [ 24]: SETTABLE  R0 K45 K46   ; R0[40] := "Down"
 25 [ 25]: SETTABLE  R0 K47 K48   ; R0[41] := "Select"
 26 [ 26]: SETTABLE  R0 K49 K50   ; R0[43] := "Execute"
 27 [ 27]: SETTABLE  R0 K51 K52   ; R0[44] := "Snapshot"
 28 [ 28]: SETTABLE  R0 K53 K54   ; R0[45] := "Ins"
 29 [ 29]: SETTABLE  R0 K55 K56   ; R0[46] := "Del"
 30 [ 30]: SETTABLE  R0 K57 K58   ; R0[47] := "Help"
 31 [ 31]: SETTABLE  R0 K59 K60   ; R0[48] := "0"
 32 [ 32]: SETTABLE  R0 K61 K62   ; R0[49] := "1"
 33 [ 33]: SETTABLE  R0 K63 K64   ; R0[50] := "2"
 34 [ 34]: SETTABLE  R0 K65 K66   ; R0[51] := "3"
 35 [ 35]: SETTABLE  R0 K67 K68   ; R0[52] := "4"
 36 [ 36]: SETTABLE  R0 K69 K70   ; R0[53] := "5"
 37 [ 37]: SETTABLE  R0 K71 K72   ; R0[54] := "6"
 38 [ 38]: SETTABLE  R0 K73 K74   ; R0[55] := "7"
 39 [ 39]: SETTABLE  R0 K75 K76   ; R0[56] := "8"
 40 [ 40]: SETTABLE  R0 K77 K78   ; R0[57] := "9"
 41 [ 41]: SETTABLE  R0 K79 K80   ; R0[65] := "A"
 42 [ 42]: SETTABLE  R0 K81 K82   ; R0[66] := "B"
 43 [ 43]: SETTABLE  R0 K83 K84   ; R0[67] := "C"
 44 [ 44]: SETTABLE  R0 K85 K86   ; R0[68] := "D"
 45 [ 45]: SETTABLE  R0 K87 K88   ; R0[69] := "E"
 46 [ 46]: SETTABLE  R0 K89 K90   ; R0[70] := "F"
 47 [ 47]: SETTABLE  R0 K91 K92   ; R0[71] := "G"
 48 [ 48]: SETTABLE  R0 K93 K94   ; R0[72] := "H"
 49 [ 49]: SETTABLE  R0 K95 K96   ; R0[73] := "I"
 50 [ 50]: SETTABLE  R0 K97 K98   ; R0[74] := "J"
 51 [ 51]: SETTABLE  R0 K99 K100  ; R0[75] := "K"
 52 [ 52]: SETTABLE  R0 K101 K102 ; R0[76] := "L"
 53 [ 53]: SETTABLE  R0 K103 K104 ; R0[77] := "M"
 54 [ 54]: SETTABLE  R0 K105 K106 ; R0[78] := "N"
 55 [ 55]: SETTABLE  R0 K107 K108 ; R0[79] := "O"
 56 [ 56]: SETTABLE  R0 K109 K110 ; R0[80] := "P"
 57 [ 57]: SETTABLE  R0 K111 K112 ; R0[81] := "Q"
 58 [ 58]: SETTABLE  R0 K113 K114 ; R0[82] := "R"
 59 [ 59]: SETTABLE  R0 K115 K116 ; R0[83] := "S"
 60 [ 60]: SETTABLE  R0 K117 K118 ; R0[84] := "T"
 61 [ 61]: SETTABLE  R0 K119 K120 ; R0[85] := "U"
 62 [ 62]: SETTABLE  R0 K121 K122 ; R0[86] := "V"
 63 [ 63]: SETTABLE  R0 K123 K124 ; R0[87] := "W"
 64 [ 64]: SETTABLE  R0 K125 K126 ; R0[88] := "X"
 65 [ 65]: SETTABLE  R0 K127 K128 ; R0[89] := "Y"
 66 [ 66]: SETTABLE  R0 K129 K130 ; R0[90] := "Z"
 67 [ 67]: SETTABLE  R0 K131 K132 ; R0[93] := "Apps"
 68 [ 68]: SETTABLE  R0 K133 K134 ; R0[96] := "Num_0"
 69 [ 69]: SETTABLE  R0 K135 K136 ; R0[97] := "Num_1"
 70 [ 70]: SETTABLE  R0 K137 K138 ; R0[98] := "Num_2"
 71 [ 71]: SETTABLE  R0 K139 K140 ; R0[99] := "Num_3"
 72 [ 72]: SETTABLE  R0 K141 K142 ; R0[100] := "Num_4"
 73 [ 73]: SETTABLE  R0 K143 K144 ; R0[101] := "Num_5"
 74 [ 74]: SETTABLE  R0 K145 K146 ; R0[102] := "Num_6"
 75 [ 75]: SETTABLE  R0 K147 K148 ; R0[103] := "Num_7"
 76 [ 76]: SETTABLE  R0 K149 K150 ; R0[104] := "Num_8"
 77 [ 77]: SETTABLE  R0 K151 K152 ; R0[105] := "Num_9"
 78 [ 78]: SETTABLE  R0 K153 K154 ; R0[106] := "Multiply"
 79 [ 79]: SETTABLE  R0 K155 K156 ; R0[107] := "Add"
 80 [ 80]: SETTABLE  R0 K157 K158 ; R0[108] := "Sep"
 81 [ 81]: SETTABLE  R0 K159 K160 ; R0[109] := "Sub"
 82 [ 82]: SETTABLE  R0 K161 K162 ; R0[110] := "Decimal"
 83 [ 83]: SETTABLE  R0 K163 K164 ; R0[111] := "Devide"
 84 [ 84]: SETTABLE  R0 K165 K166 ; R0[112] := "F1"
 85 [ 85]: SETTABLE  R0 K167 K168 ; R0[113] := "F2"
 86 [ 86]: SETTABLE  R0 K169 K170 ; R0[114] := "F3"
 87 [ 87]: SETTABLE  R0 K171 K172 ; R0[115] := "F4"
 88 [ 88]: SETTABLE  R0 K173 K174 ; R0[116] := "F5"
 89 [ 89]: SETTABLE  R0 K175 K176 ; R0[117] := "F6"
 90 [ 90]: SETTABLE  R0 K177 K178 ; R0[118] := "F7"
 91 [ 91]: SETTABLE  R0 K179 K180 ; R0[119] := "F8"
 92 [ 92]: SETTABLE  R0 K181 K182 ; R0[120] := "F9"
 93 [ 93]: SETTABLE  R0 K183 K184 ; R0[121] := "F10"
 94 [ 94]: SETTABLE  R0 K185 K186 ; R0[122] := "F11"
 95 [ 95]: SETTABLE  R0 K187 K188 ; R0[123] := "F12"
 96 [ 96]: SETTABLE  R0 K189 K190 ; R0[124] := "F13"
 97 [ 97]: SETTABLE  R0 K191 K192 ; R0[125] := "F14"
 98 [ 98]: SETTABLE  R0 K193 K194 ; R0[126] := "F15"
 99 [ 99]: SETTABLE  R0 K195 K196 ; R0[127] := "F16"
100 [100]: SETTABLE  R0 K197 K198 ; R0[128] := "F17"
101 [101]: SETTABLE  R0 K199 K200 ; R0[129] := "F18"
102 [102]: SETTABLE  R0 K201 K202 ; R0[130] := "F19"
103 [103]: SETTABLE  R0 K203 K204 ; R0[131] := "F20"
104 [104]: SETTABLE  R0 K205 K206 ; R0[132] := "F21"
105 [105]: SETTABLE  R0 K207 K208 ; R0[133] := "F22"
106 [106]: SETTABLE  R0 K209 K210 ; R0[134] := "F23"
107 [107]: SETTABLE  R0 K211 K212 ; R0[135] := "F24"
108 [108]: SETTABLE  R0 K213 K214 ; R0[144] := "Num"
109 [109]: SETTABLE  R0 K215 K216 ; R0[145] := "Scroll"
110 [110]: SETTABLE  R0 K217 K218 ; R0[186] := ";"
111 [111]: SETTABLE  R0 K219 K220 ; R0[187] := "="
112 [112]: SETTABLE  R0 K221 K222 ; R0[188] := ","
113 [113]: SETTABLE  R0 K223 K224 ; R0[189] := "-"
114 [114]: SETTABLE  R0 K225 K226 ; R0[190] := "."
115 [115]: SETTABLE  R0 K227 K228 ; R0[191] := "/"
116 [116]: SETTABLE  R0 K229 K230 ; R0[192] := "`"
117 [117]: SETTABLE  R0 K231 K232 ; R0[219] := "["
118 [118]: SETTABLE  R0 K233 K234 ; R0[220] := "\\"
119 [119]: SETTABLE  R0 K235 K236 ; R0[221] := "]"
120 [120]: SETTABLE  R0 K237 K238 ; R0[222] := "\'"
121 [121]: SETGLOBAL R0 K0        ; KEYNAME := R0
122 [122]: NEWTABLE  R0 0 0       ; R0 := {}
123 [123]: NEWTABLE  R1 0 2       ; R1 := {}
124 [123]: GETGLOBAL R2 K242      ; R2 := MsgStrID
125 [123]: GETTABLE  R2 R2 K243   ; R2 := R2["MSI_HK_SKILLBAR1_1"]
126 [123]: SETTABLE  R1 K241 R2   ; R1["EXE"] := R2
127 [123]: SETTABLE  R1 K244 K165 ; R1["KEY1"] := 112
128 [123]: SETTABLE  R0 K240 R1   ; R0[0] := R1
129 [124]: NEWTABLE  R1 0 2       ; R1 := {}
130 [124]: GETGLOBAL R2 K242      ; R2 := MsgStrID
131 [124]: GETTABLE  R2 R2 K245   ; R2 := R2["MSI_HK_SKILLBAR1_2"]
132 [124]: SETTABLE  R1 K241 R2   ; R1["EXE"] := R2
133 [124]: SETTABLE  R1 K244 K167 ; R1["KEY1"] := 113
134 [124]: SETTABLE  R0 K1 R1     ; R0[1] := R1
135 [125]: NEWTABLE  R1 0 2       ; R1 := {}
136 [125]: GETGLOBAL R2 K242      ; R2 := MsgStrID
137 [125]: GETTABLE  R2 R2 K246   ; R2 := R2["MSI_HK_SKILLBAR1_3"]
138 [125]: SETTABLE  R1 K241 R2   ; R1["EXE"] := R2
139 [125]: SETTABLE  R1 K244 K169 ; R1["KEY1"] := 114
140 [125]: SETTABLE  R0 K3 R1     ; R0[2] := R1
141 [126]: NEWTABLE  R1 0 2       ; R1 := {}
142 [126]: GETGLOBAL R2 K242      ; R2 := MsgStrID
143 [126]: GETTABLE  R2 R2 K248   ; R2 := R2["MSI_HK_SKILLBAR1_4"]
144 [126]: SETTABLE  R1 K241 R2   ; R1["EXE"] := R2
145 [126]: SETTABLE  R1 K244 K171 ; R1["KEY1"] := 115
146 [126]: SETTABLE  R0 K247 R1   ; R0[3] := R1
147 [127]: NEWTABLE  R1 0 2       ; R1 := {}
148 [127]: GETGLOBAL R2 K242      ; R2 := MsgStrID
149 [127]: GETTABLE  R2 R2 K249   ; R2 := R2["MSI_HK_SKILLBAR1_5"]
150 [127]: SETTABLE  R1 K241 R2   ; R1["EXE"] := R2
151 [127]: SETTABLE  R1 K244 K173 ; R1["KEY1"] := 116
152 [127]: SETTABLE  R0 K5 R1     ; R0[4] := R1
153 [128]: NEWTABLE  R1 0 2       ; R1 := {}
154 [128]: GETGLOBAL R2 K242      ; R2 := MsgStrID
155 [128]: GETTABLE  R2 R2 K251   ; R2 := R2["MSI_HK_SKILLBAR1_6"]
156 [128]: SETTABLE  R1 K241 R2   ; R1["EXE"] := R2
157 [128]: SETTABLE  R1 K244 K175 ; R1["KEY1"] := 117
158 [128]: SETTABLE  R0 K250 R1   ; R0[5] := R1
159 [129]: NEWTABLE  R1 0 2       ; R1 := {}
160 [129]: GETGLOBAL R2 K242      ; R2 := MsgStrID
161 [129]: GETTABLE  R2 R2 K253   ; R2 := R2["MSI_HK_SKILLBAR1_7"]
162 [129]: SETTABLE  R1 K241 R2   ; R1["EXE"] := R2
163 [129]: SETTABLE  R1 K244 K177 ; R1["KEY1"] := 118
164 [129]: SETTABLE  R0 K252 R1   ; R0[6] := R1
165 [130]: NEWTABLE  R1 0 2       ; R1 := {}
166 [130]: GETGLOBAL R2 K242      ; R2 := MsgStrID
167 [130]: GETTABLE  R2 R2 K255   ; R2 := R2["MSI_HK_SKILLBAR1_8"]
168 [130]: SETTABLE  R1 K241 R2   ; R1["EXE"] := R2
169 [130]: SETTABLE  R1 K244 K179 ; R1["KEY1"] := 119
170 [130]: SETTABLE  R0 K254 R1   ; R0[7] := R1
171 [131]: NEWTABLE  R1 0 2       ; R1 := {}
172 [131]: GETGLOBAL R2 K242      ; R2 := MsgStrID
173 [131]: GETTABLE  R2 R2 K256   ; R2 := R2["MSI_HK_SKILLBAR1_9"]
174 [131]: SETTABLE  R1 K241 R2   ; R1["EXE"] := R2
175 [131]: SETTABLE  R1 K244 K181 ; R1["KEY1"] := 120
176 [131]: SETTABLE  R0 K7 R1     ; R0[8] := R1
177 [132]: NEWTABLE  R1 0 1       ; R1 := {}
178 [132]: GETGLOBAL R2 K242      ; R2 := MsgStrID
179 [132]: GETTABLE  R2 R2 K257   ; R2 := R2["MSI_HK_SKILLBAR2_1"]
180 [132]: SETTABLE  R1 K241 R2   ; R1["EXE"] := R2
181 [132]: SETTABLE  R0 K9 R1     ; R0[9] := R1
182 [133]: NEWTABLE  R1 0 1       ; R1 := {}
183 [133]: GETGLOBAL R2 K242      ; R2 := MsgStrID
184 [133]: GETTABLE  R2 R2 K259   ; R2 := R2["MSI_HK_SKILLBAR2_2"]
185 [133]: SETTABLE  R1 K241 R2   ; R1["EXE"] := R2
186 [133]: SETTABLE  R0 K258 R1   ; R0[10] := R1
187 [134]: NEWTABLE  R1 0 1       ; R1 := {}
188 [134]: GETGLOBAL R2 K242      ; R2 := MsgStrID
189 [134]: GETTABLE  R2 R2 K261   ; R2 := R2["MSI_HK_SKILLBAR2_3"]
190 [134]: SETTABLE  R1 K241 R2   ; R1["EXE"] := R2
191 [134]: SETTABLE  R0 K260 R1   ; R0[11] := R1
192 [135]: NEWTABLE  R1 0 1       ; R1 := {}
193 [135]: GETGLOBAL R2 K242      ; R2 := MsgStrID
194 [135]: LOADK     R3 K262      ; R3 := "MSI_HK_SKILLBAR2_4"
195 [135]: GETTABLE  R2 R2 R3     ; R2 := R2[R3]
196 [135]: SETTABLE  R1 K241 R2   ; R1["EXE"] := R2
197 [135]: SETTABLE  R0 K11 R1    ; R0[12] := R1
198 [136]: NEWTABLE  R1 0 1       ; R1 := {}
199 [136]: GETGLOBAL R2 K242      ; R2 := MsgStrID
200 [136]: LOADK     R3 K263      ; R3 := "MSI_HK_SKILLBAR2_5"
201 [136]: GETTABLE  R2 R2 R3     ; R2 := R2[R3]
202 [136]: SETTABLE  R1 K241 R2   ; R1["EXE"] := R2
203 [136]: SETTABLE  R0 K13 R1    ; R0[13] := R1
204 [137]: LOADK     R1 K264      ; R1 := 14
205 [137]: NEWTABLE  R2 0 1       ; R2 := {}
206 [137]: GETGLOBAL R3 K242      ; R3 := MsgStrID
207 [137]: LOADK     R4 K265      ; R4 := "MSI_HK_SKILLBAR2_6"
208 [137]: GETTABLE  R3 R3 R4     ; R3 := R3[R4]
209 [137]: SETTABLE  R2 K241 R3   ; R2["EXE"] := R3
210 [137]: SETTABLE  R0 R1 R2     ; R0[R1] := R2
211 [138]: LOADK     R1 K266      ; R1 := 15
212 [138]: NEWTABLE  R2 0 1       ; R2 := {}
213 [138]: GETGLOBAL R3 K242      ; R3 := MsgStrID
214 [138]: LOADK     R4 K267      ; R4 := "MSI_HK_SKILLBAR2_7"
215 [138]: GETTABLE  R3 R3 R4     ; R3 := R3[R4]
216 [138]: SETTABLE  R2 K241 R3   ; R2["EXE"] := R3
217 [138]: SETTABLE  R0 R1 R2     ; R0[R1] := R2
218 [139]: NEWTABLE  R1 0 1       ; R1 := {}
219 [139]: GETGLOBAL R2 K242      ; R2 := MsgStrID
220 [139]: LOADK     R3 K268      ; R3 := "MSI_HK_SKILLBAR2_8"
221 [139]: GETTABLE  R2 R2 R3     ; R2 := R2[R3]
222 [139]: SETTABLE  R1 K241 R2   ; R1["EXE"] := R2
223 [139]: SETTABLE  R0 K15 R1    ; R0[16] := R1
224 [140]: NEWTABLE  R1 0 1       ; R1 := {}
225 [140]: GETGLOBAL R2 K242      ; R2 := MsgStrID
226 [140]: LOADK     R3 K269      ; R3 := "MSI_HK_SKILLBAR2_9"
227 [140]: GETTABLE  R2 R2 R3     ; R2 := R2[R3]
228 [140]: SETTABLE  R1 K241 R2   ; R1["EXE"] := R2
229 [140]: SETTABLE  R0 K17 R1    ; R0[17] := R1
230 [141]: NEWTABLE  R1 0 1       ; R1 := {}
231 [141]: GETGLOBAL R2 K242      ; R2 := MsgStrID
232 [141]: LOADK     R3 K270      ; R3 := "MSI_HK_SKILLBAR3_1"
233 [141]: GETTABLE  R2 R2 R3     ; R2 := R2[R3]
234 [141]: SETTABLE  R1 K241 R2   ; R1["EXE"] := R2
235 [141]: SETTABLE  R0 K19 R1    ; R0[18] := R1
236 [142]: NEWTABLE  R1 0 1       ; R1 := {}
237 [142]: GETGLOBAL R2 K242      ; R2 := MsgStrID
238 [142]: LOADK     R3 K271      ; R3 := "MSI_HK_SKILLBAR3_2"
239 [142]: GETTABLE  R2 R2 R3     ; R2 := R2[R3]
240 [142]: SETTABLE  R1 K241 R2   ; R1["EXE"] := R2
241 [142]: SETTABLE  R0 K21 R1    ; R0[19] := R1
242 [143]: NEWTABLE  R1 0 1       ; R1 := {}
243 [143]: GETGLOBAL R2 K242      ; R2 := MsgStrID
244 [143]: LOADK     R3 K272      ; R3 := "MSI_HK_SKILLBAR3_3"
245 [143]: GETTABLE  R2 R2 R3     ; R2 := R2[R3]
246 [143]: SETTABLE  R1 K241 R2   ; R1["EXE"] := R2
247 [143]: SETTABLE  R0 K23 R1    ; R0[20] := R1
248 [144]: NEWTABLE  R1 0 1       ; R1 := {}
249 [144]: GETGLOBAL R2 K242      ; R2 := MsgStrID
250 [144]: LOADK     R3 K273      ; R3 := "MSI_HK_SKILLBAR3_4"
251 [144]: GETTABLE  R2 R2 R3     ; R2 := R2[R3]
252 [144]: SETTABLE  R1 K241 R2   ; R1["EXE"] := R2
253 [144]: SETTABLE  R0 K25 R1    ; R0[21] := R1
254 [145]: LOADK     R1 K274      ; R1 := 22
255 [145]: NEWTABLE  R2 0 1       ; R2 := {}
256 [145]: GETGLOBAL R3 K242      ; R3 := MsgStrID
257 [145]: LOADK     R4 K275      ; R4 := "MSI_HK_SKILLBAR3_5"
258 [145]: GETTABLE  R3 R3 R4     ; R3 := R3[R4]
259 [145]: SETTABLE  R2 K241 R3   ; R2["EXE"] := R3
260 [145]: SETTABLE  R0 R1 R2     ; R0[R1] := R2
261 [146]: LOADK     R1 K276      ; R1 := 23
262 [146]: NEWTABLE  R2 0 1       ; R2 := {}
263 [146]: GETGLOBAL R3 K242      ; R3 := MsgStrID
264 [146]: LOADK     R4 K277      ; R4 := "MSI_HK_SKILLBAR3_6"
265 [146]: GETTABLE  R3 R3 R4     ; R3 := R3[R4]
266 [146]: SETTABLE  R2 K241 R3   ; R2["EXE"] := R3
267 [146]: SETTABLE  R0 R1 R2     ; R0[R1] := R2
268 [147]: LOADK     R1 K278      ; R1 := 24
269 [147]: NEWTABLE  R2 0 1       ; R2 := {}
270 [147]: GETGLOBAL R3 K242      ; R3 := MsgStrID
271 [147]: LOADK     R4 K279      ; R4 := "MSI_HK_SKILLBAR3_7"
272 [147]: GETTABLE  R3 R3 R4     ; R3 := R3[R4]
273 [147]: SETTABLE  R2 K241 R3   ; R2["EXE"] := R3
274 [147]: SETTABLE  R0 R1 R2     ; R0[R1] := R2
275 [148]: NEWTABLE  R1 0 1       ; R1 := {}
276 [148]: GETGLOBAL R2 K242      ; R2 := MsgStrID
277 [148]: LOADK     R3 K280      ; R3 := "MSI_HK_SKILLBAR3_8"
278 [148]: GETTABLE  R2 R2 R3     ; R2 := R2[R3]
279 [148]: SETTABLE  R1 K241 R2   ; R1["EXE"] := R2
280 [148]: SETTABLE  R0 K27 R1    ; R0[25] := R1
281 [149]: LOADK     R1 K281      ; R1 := 26
282 [149]: NEWTABLE  R2 0 1       ; R2 := {}
283 [149]: GETGLOBAL R3 K242      ; R3 := MsgStrID
284 [149]: LOADK     R4 K282      ; R4 := "MSI_HK_SKILLBAR3_9"
285 [149]: GETTABLE  R3 R3 R4     ; R3 := R3[R4]
286 [149]: SETTABLE  R2 K241 R3   ; R2["EXE"] := R3
287 [149]: SETTABLE  R0 R1 R2     ; R0[R1] := R2
288 [150]: LOADK     R1 K283      ; R1 := 27
289 [150]: NEWTABLE  R2 0 1       ; R2 := {}
290 [150]: GETGLOBAL R3 K242      ; R3 := MsgStrID
291 [150]: LOADK     R4 K284      ; R4 := "MSI_HK_SKILLBAR4_1"
292 [150]: GETTABLE  R3 R3 R4     ; R3 := R3[R4]
293 [150]: SETTABLE  R2 K241 R3   ; R2["EXE"] := R3
294 [150]: SETTABLE  R0 R1 R2     ; R0[R1] := R2
295 [151]: LOADK     R1 K285      ; R1 := 28
296 [151]: NEWTABLE  R2 0 1       ; R2 := {}
297 [151]: GETGLOBAL R3 K242      ; R3 := MsgStrID
298 [151]: LOADK     R4 K286      ; R4 := "MSI_HK_SKILLBAR4_2"
299 [151]: GETTABLE  R3 R3 R4     ; R3 := R3[R4]
300 [151]: SETTABLE  R2 K241 R3   ; R2["EXE"] := R3
301 [151]: SETTABLE  R0 R1 R2     ; R0[R1] := R2
302 [152]: LOADK     R1 K287      ; R1 := 29
303 [152]: NEWTABLE  R2 0 1       ; R2 := {}
304 [152]: GETGLOBAL R3 K242      ; R3 := MsgStrID
305 [152]: LOADK     R4 K288      ; R4 := "MSI_HK_SKILLBAR4_3"
306 [152]: GETTABLE  R3 R3 R4     ; R3 := R3[R4]
307 [152]: SETTABLE  R2 K241 R3   ; R2["EXE"] := R3
308 [152]: SETTABLE  R0 R1 R2     ; R0[R1] := R2
309 [153]: LOADK     R1 K289      ; R1 := 30
310 [153]: NEWTABLE  R2 0 1       ; R2 := {}
311 [153]: GETGLOBAL R3 K242      ; R3 := MsgStrID
312 [153]: LOADK     R4 K290      ; R4 := "MSI_HK_SKILLBAR4_4"
313 [153]: GETTABLE  R3 R3 R4     ; R3 := R3[R4]
314 [153]: SETTABLE  R2 K241 R3   ; R2["EXE"] := R3
315 [153]: SETTABLE  R0 R1 R2     ; R0[R1] := R2
316 [154]: LOADK     R1 K291      ; R1 := 31
317 [154]: NEWTABLE  R2 0 1       ; R2 := {}
318 [154]: GETGLOBAL R3 K242      ; R3 := MsgStrID
319 [154]: LOADK     R4 K292      ; R4 := "MSI_HK_SKILLBAR4_5"
320 [154]: GETTABLE  R3 R3 R4     ; R3 := R3[R4]
321 [154]: SETTABLE  R2 K241 R3   ; R2["EXE"] := R3
322 [154]: SETTABLE  R0 R1 R2     ; R0[R1] := R2
323 [155]: NEWTABLE  R1 0 1       ; R1 := {}
324 [155]: GETGLOBAL R2 K242      ; R2 := MsgStrID
325 [155]: LOADK     R3 K293      ; R3 := "MSI_HK_SKILLBAR4_6"
326 [155]: GETTABLE  R2 R2 R3     ; R2 := R2[R3]
327 [155]: SETTABLE  R1 K241 R2   ; R1["EXE"] := R2
328 [155]: SETTABLE  R0 K29 R1    ; R0[32] := R1
329 [156]: NEWTABLE  R1 0 1       ; R1 := {}
330 [156]: GETGLOBAL R2 K242      ; R2 := MsgStrID
331 [156]: LOADK     R3 K294      ; R3 := "MSI_HK_SKILLBAR4_7"
332 [156]: GETTABLE  R2 R2 R3     ; R2 := R2[R3]
333 [156]: SETTABLE  R1 K241 R2   ; R1["EXE"] := R2
334 [156]: SETTABLE  R0 K31 R1    ; R0[33] := R1
335 [157]: NEWTABLE  R1 0 1       ; R1 := {}
336 [157]: GETGLOBAL R2 K242      ; R2 := MsgStrID
337 [157]: LOADK     R3 K295      ; R3 := "MSI_HK_SKILLBAR4_8"
338 [157]: GETTABLE  R2 R2 R3     ; R2 := R2[R3]
339 [157]: SETTABLE  R1 K241 R2   ; R1["EXE"] := R2
340 [157]: SETTABLE  R0 K33 R1    ; R0[34] := R1
341 [158]: NEWTABLE  R1 0 1       ; R1 := {}
342 [158]: GETGLOBAL R2 K242      ; R2 := MsgStrID
343 [158]: LOADK     R3 K296      ; R3 := "MSI_HK_SKILLBAR4_9"
344 [158]: GETTABLE  R2 R2 R3     ; R2 := R2[R3]
345 [158]: SETTABLE  R1 K241 R2   ; R1["EXE"] := R2
346 [158]: SETTABLE  R0 K35 R1    ; R0[35] := R1
347 [159]: SETGLOBAL R0 K239      ; HOTKEY_1 := R0
348 [160]: NEWTABLE  R0 0 0       ; R0 := {}
349 [161]: NEWTABLE  R1 0 2       ; R1 := {}
350 [161]: GETGLOBAL R2 K242      ; R2 := MsgStrID
351 [161]: LOADK     R3 K298      ; R3 := "MSI_HK_BASICINFOWND_MINI"
352 [161]: GETTABLE  R2 R2 R3     ; R2 := R2[R3]
353 [161]: SETTABLE  R1 K241 R2   ; R1["EXE"] := R2
354 [161]: SETTABLE  R1 K244 K121 ; R1["KEY1"] := 86
355 [161]: LOADK     R2 K299      ; R2 := "KEY2"
356 [161]: SETTABLE  R1 R2 K19    ; R1[R2] := 18
357 [161]: SETTABLE  R0 K240 R1   ; R0[0] := R1
358 [162]: NEWTABLE  R1 0 2       ; R1 := {}
359 [162]: GETGLOBAL R2 K242      ; R2 := MsgStrID
360 [162]: LOADK     R3 K300      ; R3 := "MSI_HK_EQUIPWND_ONOFF"
361 [162]: GETTABLE  R2 R2 R3     ; R2 := R2[R3]
362 [162]: SETTABLE  R1 K241 R2   ; R1["EXE"] := R2
363 [162]: SETTABLE  R1 K244 K111 ; R1["KEY1"] := 81
364 [162]: LOADK     R2 K299      ; R2 := "KEY2"
365 [162]: SETTABLE  R1 R2 K19    ; R1[R2] := 18
366 [162]: SETTABLE  R0 K1 R1     ; R0[1] := R1
367 [163]: NEWTABLE  R1 0 2       ; R1 := {}
368 [163]: GETGLOBAL R2 K242      ; R2 := MsgStrID
369 [163]: LOADK     R3 K301      ; R3 := "MSI_HK_SKILLWND_ONOFF"
370 [163]: GETTABLE  R2 R2 R3     ; R2 := R2[R3]
371 [163]: SETTABLE  R1 K241 R2   ; R1["EXE"] := R2
372 [163]: SETTABLE  R1 K244 K115 ; R1["KEY1"] := 83
373 [163]: LOADK     R2 K299      ; R2 := "KEY2"
374 [163]: SETTABLE  R1 R2 K19    ; R1[R2] := 18
375 [163]: SETTABLE  R0 K3 R1     ; R0[2] := R1
376 [164]: NEWTABLE  R1 0 2       ; R1 := {}
377 [164]: GETGLOBAL R2 K242      ; R2 := MsgStrID
378 [164]: LOADK     R3 K302      ; R3 := "MSI_HK_QUESTWND_ONOFF"
379 [164]: GETTABLE  R2 R2 R3     ; R2 := R2[R3]
380 [164]: SETTABLE  R1 K241 R2   ; R1["EXE"] := R2
381 [164]: SETTABLE  R1 K244 K119 ; R1["KEY1"] := 85
382 [164]: LOADK     R2 K299      ; R2 := "KEY2"
383 [164]: SETTABLE  R1 R2 K19    ; R1[R2] := 18
384 [164]: SETTABLE  R0 K247 R1   ; R0[3] := R1
385 [165]: NEWTABLE  R1 0 2       ; R1 := {}
386 [165]: GETGLOBAL R2 K242      ; R2 := MsgStrID
387 [165]: LOADK     R3 K303      ; R3 := "MSI_HK_FRIENDWND_ONOFF"
388 [165]: GETTABLE  R2 R2 R3     ; R2 := R2[R3]
389 [165]: SETTABLE  R1 K241 R2   ; R1["EXE"] := R2
390 [165]: SETTABLE  R1 K244 K93  ; R1["KEY1"] := 72
391 [165]: LOADK     R2 K299      ; R2 := "KEY2"
392 [165]: SETTABLE  R1 R2 K19    ; R1[R2] := 18
393 [165]: SETTABLE  R0 K5 R1     ; R0[4] := R1
394 [166]: NEWTABLE  R1 0 2       ; R1 := {}
395 [166]: GETGLOBAL R2 K242      ; R2 := MsgStrID
396 [166]: LOADK     R3 K304      ; R3 := "MSI_HK_PARTYWND_ONOFF"
397 [166]: GETTABLE  R2 R2 R3     ; R2 := R2[R3]
398 [166]: SETTABLE  R1 K241 R2   ; R1["EXE"] := R2
399 [166]: SETTABLE  R1 K244 K129 ; R1["KEY1"] := 90
400 [166]: LOADK     R2 K299      ; R2 := "KEY2"
401 [166]: SETTABLE  R1 R2 K19    ; R1[R2] := 18
402 [166]: SETTABLE  R0 K250 R1   ; R0[5] := R1
403 [167]: NEWTABLE  R1 0 2       ; R1 := {}
404 [167]: GETGLOBAL R2 K242      ; R2 := MsgStrID
405 [167]: LOADK     R3 K305      ; R3 := "MSI_HK_CHATWND_MAKE"
406 [167]: GETTABLE  R2 R2 R3     ; R2 := R2[R3]
407 [167]: SETTABLE  R1 K241 R2   ; R1["EXE"] := R2
408 [167]: SETTABLE  R1 K244 K83  ; R1["KEY1"] := 67
409 [167]: LOADK     R2 K299      ; R2 := "KEY2"
410 [167]: SETTABLE  R1 R2 K19    ; R1[R2] := 18
411 [167]: SETTABLE  R0 K252 R1   ; R0[6] := R1
412 [168]: NEWTABLE  R1 0 2       ; R1 := {}
413 [168]: GETGLOBAL R2 K242      ; R2 := MsgStrID
414 [168]: LOADK     R3 K306      ; R3 := "MSI_HK_CARTWND_ONOFF"
415 [168]: GETTABLE  R2 R2 R3     ; R2 := R2[R3]
416 [168]: SETTABLE  R1 K241 R2   ; R1["EXE"] := R2
417 [168]: SETTABLE  R1 K244 K123 ; R1["KEY1"] := 87
418 [168]: LOADK     R2 K299      ; R2 := "KEY2"
419 [168]: SETTABLE  R1 R2 K19    ; R1[R2] := 18
420 [168]: SETTABLE  R0 K254 R1   ; R0[7] := R1
421 [169]: NEWTABLE  R1 0 2       ; R1 := {}
422 [169]: GETGLOBAL R2 K242      ; R2 := MsgStrID
423 [169]: LOADK     R3 K307      ; R3 := "MSI_HK_MAPWND_ONOFF"
424 [169]: GETTABLE  R2 R2 R3     ; R2 := R2[R3]
425 [169]: SETTABLE  R1 K241 R2   ; R1["EXE"] := R2
426 [169]: SETTABLE  R1 K244 K229 ; R1["KEY1"] := 192
427 [169]: LOADK     R2 K299      ; R2 := "KEY2"
428 [169]: SETTABLE  R1 R2 K17    ; R1[R2] := 17
429 [169]: SETTABLE  R0 K7 R1     ; R0[8] := R1
430 [170]: NEWTABLE  R1 0 2       ; R1 := {}
431 [170]: GETGLOBAL R2 K242      ; R2 := MsgStrID
432 [170]: LOADK     R3 K308      ; R3 := "MSI_HK_ITEMWND_ONOFF"
433 [170]: GETTABLE  R2 R2 R3     ; R2 := R2[R3]
434 [170]: SETTABLE  R1 K241 R2   ; R1["EXE"] := R2
435 [170]: SETTABLE  R1 K244 K87  ; R1["KEY1"] := 69
436 [170]: LOADK     R2 K299      ; R2 := "KEY2"
437 [170]: SETTABLE  R1 R2 K19    ; R1[R2] := 18
438 [170]: SETTABLE  R0 K9 R1     ; R0[9] := R1
439 [171]: NEWTABLE  R1 0 2       ; R1 := {}
440 [171]: GETGLOBAL R2 K242      ; R2 := MsgStrID
441 [171]: LOADK     R3 K309      ; R3 := "MSI_HK_GUILDWND_ONOFF"
442 [171]: GETTABLE  R2 R2 R3     ; R2 := R2[R3]
443 [171]: SETTABLE  R1 K241 R2   ; R1["EXE"] := R2
444 [171]: SETTABLE  R1 K244 K91  ; R1["KEY1"] := 71
445 [171]: LOADK     R2 K299      ; R2 := "KEY2"
446 [171]: SETTABLE  R1 R2 K19    ; R1[R2] := 18
447 [171]: SETTABLE  R0 K258 R1   ; R0[10] := R1
448 [172]: NEWTABLE  R1 0 2       ; R1 := {}
449 [172]: GETGLOBAL R2 K242      ; R2 := MsgStrID
450 [172]: LOADK     R3 K310      ; R3 := "MSI_HK_EMOTIONWND_ONOFF"
451 [172]: GETTABLE  R2 R2 R3     ; R2 := R2[R3]
452 [172]: SETTABLE  R1 K241 R2   ; R1["EXE"] := R2
453 [172]: SETTABLE  R1 K244 K101 ; R1["KEY1"] := 76
454 [172]: LOADK     R2 K299      ; R2 := "KEY2"
455 [172]: SETTABLE  R1 R2 K19    ; R1[R2] := 18
456 [172]: SETTABLE  R0 K260 R1   ; R0[11] := R1
457 [173]: NEWTABLE  R1 0 2       ; R1 := {}
458 [173]: GETGLOBAL R2 K242      ; R2 := MsgStrID
459 [173]: LOADK     R3 K311      ; R3 := "MSI_HK_SITORSTAND"
460 [173]: GETTABLE  R2 R2 R3     ; R2 := R2[R3]
461 [173]: SETTABLE  R1 K241 R2   ; R1["EXE"] := R2
462 [173]: SETTABLE  R1 K244 K53  ; R1["KEY1"] := 45
463 [173]: SETTABLE  R0 K11 R1    ; R0[12] := R1
464 [174]: NEWTABLE  R1 0 2       ; R1 := {}
465 [174]: GETGLOBAL R2 K242      ; R2 := MsgStrID
466 [174]: LOADK     R3 K312      ; R3 := "MSI_HK_MINIMAP_ONOFF"
467 [174]: GETTABLE  R2 R2 R3     ; R2 := R2[R3]
468 [174]: SETTABLE  R1 K241 R2   ; R1["EXE"] := R2
469 [174]: SETTABLE  R1 K244 K9   ; R1["KEY1"] := 9
470 [174]: LOADK     R2 K299      ; R2 := "KEY2"
471 [174]: SETTABLE  R1 R2 K17    ; R1[R2] := 17
472 [174]: SETTABLE  R0 K13 R1    ; R0[13] := R1
473 [175]: LOADK     R1 K264      ; R1 := 14
474 [175]: NEWTABLE  R2 0 2       ; R2 := {}
475 [175]: GETGLOBAL R3 K242      ; R3 := MsgStrID
476 [175]: LOADK     R4 K313      ; R4 := "MSI_HK_MACROWND_ONOFF"
477 [175]: GETTABLE  R3 R3 R4     ; R3 := R3[R4]
478 [175]: SETTABLE  R2 K241 R3   ; R2["EXE"] := R3
479 [175]: SETTABLE  R2 K244 K103 ; R2["KEY1"] := 77
480 [175]: LOADK     R3 K299      ; R3 := "KEY2"
481 [175]: SETTABLE  R2 R3 K19    ; R2[R3] := 18
482 [175]: SETTABLE  R0 R1 R2     ; R0[R1] := R2
483 [176]: LOADK     R1 K266      ; R1 := 15
484 [176]: NEWTABLE  R2 0 2       ; R2 := {}
485 [176]: GETGLOBAL R3 K242      ; R3 := MsgStrID
486 [176]: LOADK     R4 K314      ; R4 := "MSI_HK_EXEWND_ONOFF"
487 [176]: GETTABLE  R3 R3 R4     ; R3 := R3[R4]
488 [176]: SETTABLE  R2 K241 R3   ; R2["EXE"] := R3
489 [176]: SETTABLE  R2 K244 K127 ; R2["KEY1"] := 89
490 [176]: LOADK     R3 K299      ; R3 := "KEY2"
491 [176]: SETTABLE  R2 R3 K19    ; R2[R3] := 18
492 [176]: SETTABLE  R0 R1 R2     ; R0[R1] := R2
493 [177]: NEWTABLE  R1 0 2       ; R1 := {}
494 [177]: GETGLOBAL R2 K242      ; R2 := MsgStrID
495 [177]: LOADK     R3 K315      ; R3 := "MSI_HK_ALLWND_OFF"
496 [177]: GETTABLE  R2 R2 R3     ; R2 := R2[R3]
497 [177]: SETTABLE  R1 K241 R2   ; R1["EXE"] := R2
498 [177]: SETTABLE  R1 K244 K185 ; R1["KEY1"] := 122
499 [177]: SETTABLE  R0 K15 R1    ; R0[16] := R1
500 [178]: NEWTABLE  R1 0 2       ; R1 := {}
501 [178]: GETGLOBAL R2 K242      ; R2 := MsgStrID
502 [178]: LOADK     R3 K316      ; R3 := "MSI_HK_SKILLBAR_ONOFF"
503 [178]: GETTABLE  R2 R2 R3     ; R2 := R2[R3]
504 [178]: SETTABLE  R1 K241 R2   ; R1["EXE"] := R2
505 [178]: SETTABLE  R1 K244 K187 ; R1["KEY1"] := 123
506 [178]: SETTABLE  R0 K17 R1    ; R0[17] := R1
507 [179]: NEWTABLE  R1 0 2       ; R1 := {}
508 [179]: GETGLOBAL R2 K242      ; R2 := MsgStrID
509 [179]: LOADK     R3 K317      ; R3 := "MSI_HK_CHATWND_ONOFF"
510 [179]: GETTABLE  R2 R2 R3     ; R2 := R2[R3]
511 [179]: SETTABLE  R1 K241 R2   ; R1["EXE"] := R2
512 [179]: SETTABLE  R1 K244 K183 ; R1["KEY1"] := 121
513 [179]: LOADK     R2 K299      ; R2 := "KEY2"
514 [179]: SETTABLE  R1 R2 K19    ; R1[R2] := 18
515 [179]: SETTABLE  R0 K19 R1    ; R0[18] := R1
516 [180]: NEWTABLE  R1 0 2       ; R1 := {}
517 [180]: GETGLOBAL R2 K242      ; R2 := MsgStrID
518 [180]: LOADK     R3 K318      ; R3 := "MSI_HK_CHATWND_ZOOM"
519 [180]: GETTABLE  R2 R2 R3     ; R2 := R2[R3]
520 [180]: SETTABLE  R1 K241 R2   ; R1["EXE"] := R2
521 [180]: SETTABLE  R1 K244 K183 ; R1["KEY1"] := 121
522 [180]: SETTABLE  R0 K21 R1    ; R0[19] := R1
523 [181]: NEWTABLE  R1 0 2       ; R1 := {}
524 [181]: GETGLOBAL R2 K242      ; R2 := MsgStrID
525 [181]: LOADK     R3 K319      ; R3 := "MSI_HK_GAGE_ONOFF"
526 [181]: GETTABLE  R2 R2 R3     ; R2 := R2[R3]
527 [181]: SETTABLE  R1 K241 R2   ; R1["EXE"] := R2
528 [181]: SETTABLE  R1 K244 K35  ; R1["KEY1"] := 35
529 [181]: LOADK     R2 K299      ; R2 := "KEY2"
530 [181]: SETTABLE  R1 R2 K19    ; R1[R2] := 18
531 [181]: SETTABLE  R0 K23 R1    ; R0[20] := R1
532 [182]: NEWTABLE  R1 0 2       ; R1 := {}
533 [182]: GETGLOBAL R2 K242      ; R2 := MsgStrID
534 [182]: LOADK     R3 K320      ; R3 := "MSI_HK_SNAPSHOT"
535 [182]: GETTABLE  R2 R2 R3     ; R2 := R2[R3]
536 [182]: SETTABLE  R1 K241 R2   ; R1["EXE"] := R2
537 [182]: SETTABLE  R1 K244 K51  ; R1["KEY1"] := 44
538 [182]: SETTABLE  R0 K25 R1    ; R0[21] := R1
539 [183]: LOADK     R1 K274      ; R1 := 22
540 [183]: NEWTABLE  R2 0 2       ; R2 := {}
541 [183]: GETGLOBAL R3 K242      ; R3 := MsgStrID
542 [183]: LOADK     R4 K321      ; R4 := "MSI_HK_MEMORIALWND_ONOFF"
543 [183]: GETTABLE  R3 R3 R4     ; R3 := R3[R4]
544 [183]: SETTABLE  R2 K241 R3   ; R2["EXE"] := R3
545 [183]: SETTABLE  R2 K244 K81  ; R2["KEY1"] := 66
546 [183]: LOADK     R3 K299      ; R3 := "KEY2"
547 [183]: SETTABLE  R2 R3 K19    ; R2[R3] := 18
548 [183]: SETTABLE  R0 R1 R2     ; R0[R1] := R2
549 [184]: LOADK     R1 K276      ; R1 := 23
550 [184]: NEWTABLE  R2 0 2       ; R2 := {}
551 [184]: GETGLOBAL R3 K242      ; R3 := MsgStrID
552 [184]: LOADK     R4 K322      ; R4 := "MSI_HK_PETWND_ONOFF"
553 [184]: GETTABLE  R3 R3 R4     ; R3 := R3[R4]
554 [184]: SETTABLE  R2 K241 R3   ; R2["EXE"] := R3
555 [184]: SETTABLE  R2 K244 K97  ; R2["KEY1"] := 74
556 [184]: LOADK     R3 K299      ; R3 := "KEY2"
557 [184]: SETTABLE  R2 R3 K19    ; R2[R3] := 18
558 [184]: SETTABLE  R0 R1 R2     ; R0[R1] := R2
559 [185]: LOADK     R1 K278      ; R1 := 24
560 [185]: NEWTABLE  R2 0 2       ; R2 := {}
561 [185]: GETGLOBAL R3 K242      ; R3 := MsgStrID
562 [185]: LOADK     R4 K323      ; R4 := "MSI_HK_HOMUNWND_ONOFF"
563 [185]: GETTABLE  R3 R3 R4     ; R3 := R3[R4]
564 [185]: SETTABLE  R2 K241 R3   ; R2["EXE"] := R3
565 [185]: SETTABLE  R2 K244 K113 ; R2["KEY1"] := 82
566 [185]: LOADK     R3 K299      ; R3 := "KEY2"
567 [185]: SETTABLE  R2 R3 K19    ; R2[R3] := 18
568 [185]: SETTABLE  R0 R1 R2     ; R0[R1] := R2
569 [186]: NEWTABLE  R1 0 2       ; R1 := {}
570 [186]: GETGLOBAL R2 K242      ; R2 := MsgStrID
571 [186]: LOADK     R3 K324      ; R3 := "MSI_HK_MERWND_ONOFF"
572 [186]: GETTABLE  R2 R2 R3     ; R2 := R2[R3]
573 [186]: SETTABLE  R1 K241 R2   ; R1["EXE"] := R2
574 [186]: SETTABLE  R1 K244 K113 ; R1["KEY1"] := 82
575 [186]: LOADK     R2 K299      ; R2 := "KEY2"
576 [186]: SETTABLE  R1 R2 K17    ; R1[R2] := 17
577 [186]: SETTABLE  R0 K27 R1    ; R0[25] := R1
578 [187]: LOADK     R1 K281      ; R1 := 26
579 [187]: NEWTABLE  R2 0 2       ; R2 := {}
580 [187]: GETGLOBAL R3 K242      ; R3 := MsgStrID
581 [187]: LOADK     R4 K325      ; R4 := "MSI_HK_HOMUN_FOLLOW"
582 [187]: GETTABLE  R3 R3 R4     ; R3 := R3[R4]
583 [187]: SETTABLE  R2 K241 R3   ; R2["EXE"] := R3
584 [187]: SETTABLE  R2 K244 K117 ; R2["KEY1"] := 84
585 [187]: LOADK     R3 K299      ; R3 := "KEY2"
586 [187]: SETTABLE  R2 R3 K19    ; R2[R3] := 18
587 [187]: SETTABLE  R0 R1 R2     ; R0[R1] := R2
588 [188]: LOADK     R1 K283      ; R1 := 27
589 [188]: NEWTABLE  R2 0 2       ; R2 := {}
590 [188]: GETGLOBAL R3 K242      ; R3 := MsgStrID
591 [188]: LOADK     R4 K326      ; R4 := "MSI_HK_MER_FOLLOW"
592 [188]: GETTABLE  R3 R3 R4     ; R3 := R3[R4]
593 [188]: SETTABLE  R2 K241 R3   ; R2["EXE"] := R3
594 [188]: SETTABLE  R2 K244 K117 ; R2["KEY1"] := 84
595 [188]: LOADK     R3 K299      ; R3 := "KEY2"
596 [188]: SETTABLE  R2 R3 K17    ; R2[R3] := 17
597 [188]: SETTABLE  R0 R1 R2     ; R0[R1] := R2
598 [189]: LOADK     R1 K285      ; R1 := 28
599 [189]: NEWTABLE  R2 0 1       ; R2 := {}
600 [189]: GETGLOBAL R3 K242      ; R3 := MsgStrID
601 [189]: LOADK     R4 K327      ; R4 := "MSI_HK_FRIEND_OPTIONWND"
602 [189]: GETTABLE  R3 R3 R4     ; R3 := R3[R4]
603 [189]: SETTABLE  R2 K241 R3   ; R2["EXE"] := R3
604 [189]: SETTABLE  R0 R1 R2     ; R0[R1] := R2
605 [190]: LOADK     R1 K287      ; R1 := 29
606 [190]: NEWTABLE  R2 0 1       ; R2 := {}
607 [190]: GETGLOBAL R3 K242      ; R3 := MsgStrID
608 [190]: LOADK     R4 K328      ; R4 := "MSI_HK_PARTY_OPTIONWND"
609 [190]: GETTABLE  R3 R3 R4     ; R3 := R3[R4]
610 [190]: SETTABLE  R2 K241 R3   ; R2["EXE"] := R3
611 [190]: SETTABLE  R0 R1 R2     ; R0[R1] := R2
612 [191]: LOADK     R1 K289      ; R1 := 30
613 [191]: NEWTABLE  R2 0 1       ; R2 := {}
614 [191]: GETGLOBAL R3 K242      ; R3 := MsgStrID
615 [191]: LOADK     R4 K329      ; R4 := "MSI_HK_BATTLEFIELDWND"
616 [191]: GETTABLE  R3 R3 R4     ; R3 := R3[R4]
617 [191]: SETTABLE  R2 K241 R3   ; R2["EXE"] := R3
618 [191]: SETTABLE  R0 R1 R2     ; R0[R1] := R2
619 [192]: LOADK     R1 K291      ; R1 := 31
620 [192]: NEWTABLE  R2 0 2       ; R2 := {}
621 [192]: GETGLOBAL R3 K242      ; R3 := MsgStrID
622 [192]: LOADK     R4 K330      ; R4 := "MSI_HK_CHATMODE_ONOFF"
623 [192]: GETTABLE  R3 R3 R4     ; R3 := R3[R4]
624 [192]: SETTABLE  R2 K241 R3   ; R2["EXE"] := R3
625 [192]: SETTABLE  R2 K244 K13  ; R2["KEY1"] := 13
626 [192]: SETTABLE  R0 R1 R2     ; R0[R1] := R2
627 [193]: NEWTABLE  R1 0 2       ; R1 := {}
628 [193]: GETGLOBAL R2 K242      ; R2 := MsgStrID
629 [193]: LOADK     R3 K331      ; R3 := "MSI_HK_BASICINFOWND_BTN_ONOFF"
630 [193]: GETTABLE  R2 R2 R3     ; R2 := R2[R3]
631 [193]: SETTABLE  R1 K241 R2   ; R1["EXE"] := R2
632 [193]: SETTABLE  R1 K244 K229 ; R1["KEY1"] := 192
633 [193]: LOADK     R2 K299      ; R2 := "KEY2"
634 [193]: SETTABLE  R1 R2 K19    ; R1[R2] := 18
635 [193]: SETTABLE  R0 K29 R1    ; R0[32] := R1
636 [194]: NEWTABLE  R1 0 1       ; R1 := {}
637 [194]: GETGLOBAL R2 K242      ; R2 := MsgStrID
638 [194]: LOADK     R3 K332      ; R3 := "MSI_HK_PARTY_RECRUIT"
639 [194]: GETTABLE  R2 R2 R3     ; R2 := R2[R3]
640 [194]: SETTABLE  R1 K241 R2   ; R1["EXE"] := R2
641 [194]: SETTABLE  R0 K31 R1    ; R0[33] := R1
642 [195]: NEWTABLE  R1 0 1       ; R1 := {}
643 [195]: GETGLOBAL R2 K242      ; R2 := MsgStrID
644 [195]: LOADK     R3 K333      ; R3 := "MSI_HK_PARTY_BOOKING_LIST"
645 [195]: GETTABLE  R2 R2 R3     ; R2 := R2[R3]
646 [195]: SETTABLE  R1 K241 R2   ; R1["EXE"] := R2
647 [195]: SETTABLE  R0 K33 R1    ; R0[34] := R1
648 [196]: NEWTABLE  R1 0 2       ; R1 := {}
649 [196]: GETGLOBAL R2 K242      ; R2 := MsgStrID
650 [196]: LOADK     R3 K334      ; R3 := "MSI_HK_GROUND_CURSOR_ONOFF"
651 [196]: GETTABLE  R2 R2 R3     ; R2 := R2[R3]
652 [196]: SETTABLE  R1 K241 R2   ; R1["EXE"] := R2
653 [196]: SETTABLE  R1 K244 K37  ; R1["KEY1"] := 36
654 [196]: LOADK     R2 K299      ; R2 := "KEY2"
655 [196]: SETTABLE  R1 R2 K19    ; R1[R2] := 18
656 [196]: SETTABLE  R0 K35 R1    ; R0[35] := R1
657 [197]: NEWTABLE  R1 0 1       ; R1 := {}
658 [197]: GETGLOBAL R2 K242      ; R2 := MsgStrID
659 [197]: LOADK     R3 K335      ; R3 := "MSI_HK_EXMACRO_SETUPWND"
660 [197]: GETTABLE  R2 R2 R3     ; R2 := R2[R3]
661 [197]: SETTABLE  R1 K241 R2   ; R1["EXE"] := R2
662 [197]: SETTABLE  R0 K37 R1    ; R0[36] := R1
663 [198]: NEWTABLE  R1 0 1       ; R1 := {}
664 [198]: GETGLOBAL R2 K242      ; R2 := MsgStrID
665 [198]: LOADK     R3 K336      ; R3 := "MSI_HK_CASHSHOPWND"
666 [198]: GETTABLE  R2 R2 R3     ; R2 := R2[R3]
667 [198]: SETTABLE  R1 K241 R2   ; R1["EXE"] := R2
668 [198]: SETTABLE  R0 K39 R1    ; R0[37] := R1
669 [199]: SETGLOBAL R0 K297      ; HOTKEY_2 := R0
670 [200]: NEWTABLE  R0 0 0       ; R0 := {}
671 [201]: NEWTABLE  R1 0 2       ; R1 := {}
672 [201]: GETGLOBAL R2 K242      ; R2 := MsgStrID
673 [201]: LOADK     R3 K338      ; R3 := "MSI_HK_MACRO_1"
674 [201]: GETTABLE  R2 R2 R3     ; R2 := R2[R3]
675 [201]: SETTABLE  R1 K241 R2   ; R1["EXE"] := R2
676 [201]: SETTABLE  R1 K244 K61  ; R1["KEY1"] := 49
677 [201]: LOADK     R2 K299      ; R2 := "KEY2"
678 [201]: SETTABLE  R1 R2 K19    ; R1[R2] := 18
679 [201]: SETTABLE  R0 K240 R1   ; R0[0] := R1
680 [202]: NEWTABLE  R1 0 2       ; R1 := {}
681 [202]: GETGLOBAL R2 K242      ; R2 := MsgStrID
682 [202]: LOADK     R3 K339      ; R3 := "MSI_HK_MACRO_2"
683 [202]: GETTABLE  R2 R2 R3     ; R2 := R2[R3]
684 [202]: SETTABLE  R1 K241 R2   ; R1["EXE"] := R2
685 [202]: SETTABLE  R1 K244 K63  ; R1["KEY1"] := 50
686 [202]: LOADK     R2 K299      ; R2 := "KEY2"
687 [202]: SETTABLE  R1 R2 K19    ; R1[R2] := 18
688 [202]: SETTABLE  R0 K1 R1     ; R0[1] := R1
689 [203]: NEWTABLE  R1 0 2       ; R1 := {}
690 [203]: GETGLOBAL R2 K242      ; R2 := MsgStrID
691 [203]: LOADK     R3 K340      ; R3 := "MSI_HK_MACRO_3"
692 [203]: GETTABLE  R2 R2 R3     ; R2 := R2[R3]
693 [203]: SETTABLE  R1 K241 R2   ; R1["EXE"] := R2
694 [203]: SETTABLE  R1 K244 K65  ; R1["KEY1"] := 51
695 [203]: LOADK     R2 K299      ; R2 := "KEY2"
696 [203]: SETTABLE  R1 R2 K19    ; R1[R2] := 18
697 [203]: SETTABLE  R0 K3 R1     ; R0[2] := R1
698 [204]: NEWTABLE  R1 0 2       ; R1 := {}
699 [204]: GETGLOBAL R2 K242      ; R2 := MsgStrID
700 [204]: LOADK     R3 K341      ; R3 := "MSI_HK_MACRO_4"
701 [204]: GETTABLE  R2 R2 R3     ; R2 := R2[R3]
702 [204]: SETTABLE  R1 K241 R2   ; R1["EXE"] := R2
703 [204]: SETTABLE  R1 K244 K67  ; R1["KEY1"] := 52
704 [204]: LOADK     R2 K299      ; R2 := "KEY2"
705 [204]: SETTABLE  R1 R2 K19    ; R1[R2] := 18
706 [204]: SETTABLE  R0 K247 R1   ; R0[3] := R1
707 [205]: NEWTABLE  R1 0 2       ; R1 := {}
708 [205]: GETGLOBAL R2 K242      ; R2 := MsgStrID
709 [205]: LOADK     R3 K342      ; R3 := "MSI_HK_MACRO_5"
710 [205]: GETTABLE  R2 R2 R3     ; R2 := R2[R3]
711 [205]: SETTABLE  R1 K241 R2   ; R1["EXE"] := R2
712 [205]: SETTABLE  R1 K244 K69  ; R1["KEY1"] := 53
713 [205]: LOADK     R2 K299      ; R2 := "KEY2"
714 [205]: SETTABLE  R1 R2 K19    ; R1[R2] := 18
715 [205]: SETTABLE  R0 K5 R1     ; R0[4] := R1
716 [206]: NEWTABLE  R1 0 2       ; R1 := {}
717 [206]: GETGLOBAL R2 K242      ; R2 := MsgStrID
718 [206]: LOADK     R3 K343      ; R3 := "MSI_HK_MACRO_6"
719 [206]: GETTABLE  R2 R2 R3     ; R2 := R2[R3]
720 [206]: SETTABLE  R1 K241 R2   ; R1["EXE"] := R2
721 [206]: SETTABLE  R1 K244 K71  ; R1["KEY1"] := 54
722 [206]: LOADK     R2 K299      ; R2 := "KEY2"
723 [206]: SETTABLE  R1 R2 K19    ; R1[R2] := 18
724 [206]: SETTABLE  R0 K250 R1   ; R0[5] := R1
725 [207]: NEWTABLE  R1 0 2       ; R1 := {}
726 [207]: GETGLOBAL R2 K242      ; R2 := MsgStrID
727 [207]: LOADK     R3 K344      ; R3 := "MSI_HK_MACRO_7"
728 [207]: GETTABLE  R2 R2 R3     ; R2 := R2[R3]
729 [207]: SETTABLE  R1 K241 R2   ; R1["EXE"] := R2
730 [207]: SETTABLE  R1 K244 K73  ; R1["KEY1"] := 55
731 [207]: LOADK     R2 K299      ; R2 := "KEY2"
732 [207]: SETTABLE  R1 R2 K19    ; R1[R2] := 18
733 [207]: SETTABLE  R0 K252 R1   ; R0[6] := R1
734 [208]: NEWTABLE  R1 0 2       ; R1 := {}
735 [208]: GETGLOBAL R2 K242      ; R2 := MsgStrID
736 [208]: LOADK     R3 K345      ; R3 := "MSI_HK_MACRO_8"
737 [208]: GETTABLE  R2 R2 R3     ; R2 := R2[R3]
738 [208]: SETTABLE  R1 K241 R2   ; R1["EXE"] := R2
739 [208]: SETTABLE  R1 K244 K75  ; R1["KEY1"] := 56
740 [208]: LOADK     R2 K299      ; R2 := "KEY2"
741 [208]: SETTABLE  R1 R2 K19    ; R1[R2] := 18
742 [208]: SETTABLE  R0 K254 R1   ; R0[7] := R1
743 [209]: NEWTABLE  R1 0 2       ; R1 := {}
744 [209]: GETGLOBAL R2 K242      ; R2 := MsgStrID
745 [209]: LOADK     R3 K346      ; R3 := "MSI_HK_MACRO_9"
746 [209]: GETTABLE  R2 R2 R3     ; R2 := R2[R3]
747 [209]: SETTABLE  R1 K241 R2   ; R1["EXE"] := R2
748 [209]: SETTABLE  R1 K244 K77  ; R1["KEY1"] := 57
749 [209]: LOADK     R2 K299      ; R2 := "KEY2"
750 [209]: SETTABLE  R1 R2 K19    ; R1[R2] := 18
751 [209]: SETTABLE  R0 K7 R1     ; R0[8] := R1
752 [210]: NEWTABLE  R1 0 2       ; R1 := {}
753 [210]: GETGLOBAL R2 K242      ; R2 := MsgStrID
754 [210]: LOADK     R3 K347      ; R3 := "MSI_HK_MACRO_10"
755 [210]: GETTABLE  R2 R2 R3     ; R2 := R2[R3]
756 [210]: SETTABLE  R1 K241 R2   ; R1["EXE"] := R2
757 [210]: SETTABLE  R1 K244 K59  ; R1["KEY1"] := 48
758 [210]: LOADK     R2 K299      ; R2 := "KEY2"
759 [210]: SETTABLE  R1 R2 K19    ; R1[R2] := 18
760 [210]: SETTABLE  R0 K9 R1     ; R0[9] := R1
761 [211]: NEWTABLE  R1 0 2       ; R1 := {}
762 [211]: GETGLOBAL R2 K242      ; R2 := MsgStrID
763 [211]: LOADK     R3 K348      ; R3 := "MSI_HK_FLAG_1"
764 [211]: GETTABLE  R2 R2 R3     ; R2 := R2[R3]
765 [211]: SETTABLE  R1 K241 R2   ; R1["EXE"] := R2
766 [211]: SETTABLE  R1 K244 K61  ; R1["KEY1"] := 49
767 [211]: LOADK     R2 K299      ; R2 := "KEY2"
768 [211]: SETTABLE  R1 R2 K17    ; R1[R2] := 17
769 [211]: SETTABLE  R0 K258 R1   ; R0[10] := R1
770 [212]: NEWTABLE  R1 0 2       ; R1 := {}
771 [212]: GETGLOBAL R2 K242      ; R2 := MsgStrID
772 [212]: LOADK     R3 K349      ; R3 := "MSI_HK_FLAG_2"
773 [212]: GETTABLE  R2 R2 R3     ; R2 := R2[R3]
774 [212]: SETTABLE  R1 K241 R2   ; R1["EXE"] := R2
775 [212]: SETTABLE  R1 K244 K63  ; R1["KEY1"] := 50
776 [212]: LOADK     R2 K299      ; R2 := "KEY2"
777 [212]: SETTABLE  R1 R2 K17    ; R1[R2] := 17
778 [212]: SETTABLE  R0 K260 R1   ; R0[11] := R1
779 [213]: NEWTABLE  R1 0 2       ; R1 := {}
780 [213]: GETGLOBAL R2 K242      ; R2 := MsgStrID
781 [213]: LOADK     R3 K350      ; R3 := "MSI_HK_FLAG_3"
782 [213]: GETTABLE  R2 R2 R3     ; R2 := R2[R3]
783 [213]: SETTABLE  R1 K241 R2   ; R1["EXE"] := R2
784 [213]: SETTABLE  R1 K244 K65  ; R1["KEY1"] := 51
785 [213]: LOADK     R2 K299      ; R2 := "KEY2"
786 [213]: SETTABLE  R1 R2 K17    ; R1[R2] := 17
787 [213]: SETTABLE  R0 K11 R1    ; R0[12] := R1
788 [214]: NEWTABLE  R1 0 2       ; R1 := {}
789 [214]: GETGLOBAL R2 K242      ; R2 := MsgStrID
790 [214]: LOADK     R3 K351      ; R3 := "MSI_HK_FLAG_4"
791 [214]: GETTABLE  R2 R2 R3     ; R2 := R2[R3]
792 [214]: SETTABLE  R1 K241 R2   ; R1["EXE"] := R2
793 [214]: SETTABLE  R1 K244 K67  ; R1["KEY1"] := 52
794 [214]: LOADK     R2 K299      ; R2 := "KEY2"
795 [214]: SETTABLE  R1 R2 K17    ; R1[R2] := 17
796 [214]: SETTABLE  R0 K13 R1    ; R0[13] := R1
797 [215]: LOADK     R1 K264      ; R1 := 14
798 [215]: NEWTABLE  R2 0 2       ; R2 := {}
799 [215]: GETGLOBAL R3 K242      ; R3 := MsgStrID
800 [215]: LOADK     R4 K352      ; R4 := "MSI_HK_FLAG_5"
801 [215]: GETTABLE  R3 R3 R4     ; R3 := R3[R4]
802 [215]: SETTABLE  R2 K241 R3   ; R2["EXE"] := R3
803 [215]: SETTABLE  R2 K244 K69  ; R2["KEY1"] := 53
804 [215]: LOADK     R3 K299      ; R3 := "KEY2"
805 [215]: SETTABLE  R2 R3 K17    ; R2[R3] := 17
806 [215]: SETTABLE  R0 R1 R2     ; R0[R1] := R2
807 [216]: LOADK     R1 K266      ; R1 := 15
808 [216]: NEWTABLE  R2 0 2       ; R2 := {}
809 [216]: GETGLOBAL R3 K242      ; R3 := MsgStrID
810 [216]: LOADK     R4 K353      ; R4 := "MSI_HK_FLAG_6"
811 [216]: GETTABLE  R3 R3 R4     ; R3 := R3[R4]
812 [216]: SETTABLE  R2 K241 R3   ; R2["EXE"] := R3
813 [216]: SETTABLE  R2 K244 K71  ; R2["KEY1"] := 54
814 [216]: LOADK     R3 K299      ; R3 := "KEY2"
815 [216]: SETTABLE  R2 R3 K17    ; R2[R3] := 17
816 [216]: SETTABLE  R0 R1 R2     ; R0[R1] := R2
817 [217]: NEWTABLE  R1 0 2       ; R1 := {}
818 [217]: GETGLOBAL R2 K242      ; R2 := MsgStrID
819 [217]: LOADK     R3 K354      ; R3 := "MSI_HK_FLAG_7"
820 [217]: GETTABLE  R2 R2 R3     ; R2 := R2[R3]
821 [217]: SETTABLE  R1 K241 R2   ; R1["EXE"] := R2
822 [217]: SETTABLE  R1 K244 K73  ; R1["KEY1"] := 55
823 [217]: LOADK     R2 K299      ; R2 := "KEY2"
824 [217]: SETTABLE  R1 R2 K17    ; R1[R2] := 17
825 [217]: SETTABLE  R0 K15 R1    ; R0[16] := R1
826 [218]: NEWTABLE  R1 0 2       ; R1 := {}
827 [218]: GETGLOBAL R2 K242      ; R2 := MsgStrID
828 [218]: LOADK     R3 K355      ; R3 := "MSI_HK_FLAG_8"
829 [218]: GETTABLE  R2 R2 R3     ; R2 := R2[R3]
830 [218]: SETTABLE  R1 K241 R2   ; R1["EXE"] := R2
831 [218]: SETTABLE  R1 K244 K75  ; R1["KEY1"] := 56
832 [218]: LOADK     R2 K299      ; R2 := "KEY2"
833 [218]: SETTABLE  R1 R2 K17    ; R1[R2] := 17
834 [218]: SETTABLE  R0 K17 R1    ; R0[17] := R1
835 [219]: NEWTABLE  R1 0 2       ; R1 := {}
836 [219]: GETGLOBAL R2 K242      ; R2 := MsgStrID
837 [219]: LOADK     R3 K356      ; R3 := "MSI_HK_FLAG_9"
838 [219]: GETTABLE  R2 R2 R3     ; R2 := R2[R3]
839 [219]: SETTABLE  R1 K241 R2   ; R1["EXE"] := R2
840 [219]: SETTABLE  R1 K244 K77  ; R1["KEY1"] := 57
841 [219]: LOADK     R2 K299      ; R2 := "KEY2"
842 [219]: SETTABLE  R1 R2 K17    ; R1[R2] := 17
843 [219]: SETTABLE  R0 K19 R1    ; R0[18] := R1
844 [220]: NEWTABLE  R1 0 2       ; R1 := {}
845 [220]: GETGLOBAL R2 K242      ; R2 := MsgStrID
846 [220]: LOADK     R3 K357      ; R3 := "MSI_HK_FLAG_10"
847 [220]: GETTABLE  R2 R2 R3     ; R2 := R2[R3]
848 [220]: SETTABLE  R1 K241 R2   ; R1["EXE"] := R2
849 [220]: SETTABLE  R1 K244 K59  ; R1["KEY1"] := 48
850 [220]: LOADK     R2 K299      ; R2 := "KEY2"
851 [220]: SETTABLE  R1 R2 K17    ; R1[R2] := 17
852 [220]: SETTABLE  R0 K21 R1    ; R0[19] := R1
853 [222]: SETGLOBAL R0 K337      ; HOTKEY_3 := R0
854 [223]: NEWTABLE  R0 0 0       ; R0 := {}
855 [224]: SETTABLE  R0 K240 K240 ; R0[0] := 0
856 [225]: SETTABLE  R0 K258 K1   ; R0[10] := 1
857 [226]: SETTABLE  R0 K39 K3    ; R0[37] := 2
858 [227]: SETTABLE  R0 K209 K247 ; R0[134] := 3
859 [228]: SETTABLE  R0 K45 K254  ; R0[40] := 7
860 [229]: LOADK     R1 K359      ; R1 := 140
861 [229]: SETTABLE  R0 R1 K7     ; R0[R1] := 8
862 [230]: SETTABLE  R0 K7 K9     ; R0[8] := 9
863 [231]: LOADK     R1 K360      ; R1 := 59
864 [231]: SETTABLE  R0 R1 K258   ; R0[R1] := 10
865 [232]: SETTABLE  R0 K123 K260 ; R0[87] := 11
866 [233]: LOADK     R1 K264      ; R1 := 14
867 [233]: SETTABLE  R0 K121 R1   ; R0[86] := R1
868 [234]: LOADK     R1 K266      ; R1 := 15
869 [234]: SETTABLE  R0 K165 R1   ; R0[112] := R1
870 [235]: SETTABLE  R0 K37 K17   ; R0[36] := 17
871 [236]: LOADK     R1 K361      ; R1 := 137
872 [236]: LOADK     R2 K274      ; R2 := 22
873 [236]: SETTABLE  R0 R1 R2     ; R0[R1] := R2
874 [237]: LOADK     R1 K276      ; R1 := 23
875 [237]: SETTABLE  R0 K125 R1   ; R0[88] := R1
876 [238]: LOADK     R1 K278      ; R1 := 24
877 [238]: SETTABLE  R0 K167 R1   ; R0[113] := R1
878 [239]: SETTABLE  R0 K191 K27  ; R0[125] := 25
879 [240]: LOADK     R1 K362      ; R1 := 157
880 [240]: LOADK     R2 K289      ; R2 := 30
881 [240]: SETTABLE  R0 R1 R2     ; R0[R1] := R2
882 [241]: SETTABLE  R0 K227 K37  ; R0[191] := 36
883 [242]: LOADK     R1 K363      ; R1 := 184
884 [242]: SETTABLE  R0 R1 K39    ; R0[R1] := 37
885 [243]: SETGLOBAL R0 K358      ; BEHAVIOR_TO_WINDOWID := R0
886 [256]: CLOSURE   R0 0         ; R0 := closure(Function #0)
887 [256]: SETGLOBAL R0 K364      ; GetKeyDes := R0
888 [284]: CLOSURE   R0 1         ; R0 := closure(Function #1)
889 [284]: SETGLOBAL R0 K365      ; GetBeHaviorOfWindow := R0
890 [299]: CLOSURE   R0 2         ; R0 := closure(Function #2)
891 [299]: SETGLOBAL R0 K366      ; GetHotKeyInfo := R0
892 [304]: CLOSURE   R0 3         ; R0 := closure(Function #3)
893 [304]: SETGLOBAL R0 K367      ; GetOriginalHotKeyInfo := R0
894 [309]: CLOSURE   R0 4         ; R0 := closure(Function #4)
895 [309]: SETGLOBAL R0 K368      ; GetUserHotKeyInfo := R0
896 [319]: CLOSURE   R0 5         ; R0 := closure(Function #5)
897 [319]: SETGLOBAL R0 K369      ; GetOriginalHotKeyListSize := R0
898 [328]: CLOSURE   R0 6         ; R0 := closure(Function #6)
899 [328]: SETGLOBAL R0 K370      ; GetHotKey := R0
900 [353]: CLOSURE   R0 7         ; R0 := closure(Function #7)
901 [353]: SETGLOBAL R0 K371      ; GetBehaviorOfHotKey := R0
902 [379]: CLOSURE   R0 8         ; R0 := closure(Function #8)
903 [379]: SETGLOBAL R0 K372      ; ChangeUserHotKey := R0
904 [399]: CLOSURE   R0 9         ; R0 := closure(Function #9)
905 [399]: SETGLOBAL R0 K373      ; GetIndexOfTheUserHotKey := R0
906 [418]: CLOSURE   R0 10        ; R0 := closure(Function #10)
907 [418]: SETGLOBAL R0 K374      ; ResetTheHotKey := R0
908 [452]: CLOSURE   R0 11        ; R0 := closure(Function #11)
909 [452]: SETGLOBAL R0 K375      ; SaveUserHotKeys := R0
910 [452]: RETURN    R0 1         ; return 


; Function #0:
;
; Name:            
; Defined at line: 246
; #Upvalues:       0
; #Parameters:     2 (R0, R1)
; Is_vararg:       0
; Max Stack Size:  8
;
; Locals:
; Start PC |  End PC  | Name
; 00000000 | 00000014 | key1
; 00000000 | 00000014 | key2
; 00000002 | 00000014 | keyName1
; 00000004 | 00000014 | keyName2
;
; No upvalues

  1 [247]: GETGLOBAL R2 K0        ; R2 := KEYNAME
  2 [247]: GETTABLE  R2 R2 R0     ; R2 := R2[R0]
  3 [248]: GETGLOBAL R3 K0        ; R3 := KEYNAME
  4 [248]: GETTABLE  R3 R3 R1     ; R3 := R3[R1]
  5 [249]: EQ        0 R2 K1      ; if R2 != nil then PC := 10
  6 [249]: JMP       10
  7 [250]: LOADK     R4 K2        ; R4 := ""
  8 [250]: RETURN    R4 2         ; return R4
  9 [250]: JMP       21           ; PC := 21
 10 [251]: EQ        1 R3 K1      ; if R3 == nil then PC := 20
 11 [251]: JMP       20
 12 [252]: GETGLOBAL R4 K3        ; R4 := string
 13 [252]: GETTABLE  R4 R4 K4     ; R4 := R4["format"]
 14 [252]: LOADK     R5 K5        ; R5 := "%s + %s"
 15 [252]: MOVE      R6 R3        ; R6 := R3
 16 [252]: MOVE      R7 R2        ; R7 := R2
 17 [252]: TAILCALL  R4 4         ; return R4(R5,R6,R7)
 18 [252]: RETURN    R4 0         ; return R4,...
 19 [252]: JMP       21           ; PC := 21
 20 [254]: RETURN    R2 2         ; return R2
 21 [256]: RETURN    R0 1         ; return 


; Function #1:
;
; Name:            
; Defined at line: 259
; #Upvalues:       0
; #Parameters:     1 (R0)
; Is_vararg:       0
; Max Stack Size:  8
;
; Locals:
; Start PC |  End PC  | Name
; 00000000 | 00000025 | winID
; 00000002 | 00000025 | behavior
; 00000005 | 00000022 | userTable
; 00000006 | 00000022 | key1
; 00000006 | 00000022 | key2
;
; No upvalues

  1 [260]: GETGLOBAL R1 K0        ; R1 := BEHAVIOR_TO_WINDOWID
  2 [260]: GETTABLE  R1 R1 R0     ; R1 := R1[R0]
  3 [261]: EQ        1 R1 K1      ; if R1 == nil then PC := 36
  4 [261]: JMP       36
  5 [262]: GETGLOBAL R2 K2        ; R2 := USERKEY_2
  6 [263]: LOADNIL   R3 R4        ; R3 := R4 := nil
  7 [265]: EQ        1 R2 K1      ; if R2 == nil then PC := 17
  8 [265]: JMP       17
  9 [266]: GETGLOBAL R5 K2        ; R5 := USERKEY_2
 10 [266]: GETTABLE  R2 R5 R1     ; R2 := R5[R1]
 11 [267]: EQ        1 R2 K1      ; if R2 == nil then PC := 17
 12 [267]: JMP       17
 13 [267]: EQ        1 R2 K3      ; if R2 == "NULL" then PC := 17
 14 [267]: JMP       17
 15 [268]: GETTABLE  R3 R2 K4     ; R3 := R2["KEY1"]
 16 [269]: GETTABLE  R4 R2 K5     ; R4 := R2["KEY2"]
 17 [272]: EQ        0 R3 K1      ; if R3 != nil then PC := 25
 18 [272]: JMP       25
 19 [273]: GETGLOBAL R5 K6        ; R5 := HOTKEY_2
 20 [273]: GETTABLE  R5 R5 R1     ; R5 := R5[R1]
 21 [273]: GETTABLE  R3 R5 K4     ; R3 := R5["KEY1"]
 22 [274]: GETGLOBAL R5 K6        ; R5 := HOTKEY_2
 23 [274]: GETTABLE  R5 R5 R1     ; R5 := R5[R1]
 24 [274]: GETTABLE  R4 R5 K5     ; R4 := R5["KEY2"]
 25 [276]: EQ        1 R3 K1      ; if R3 == nil then PC := 33
 26 [276]: JMP       33
 27 [277]: GETGLOBAL R5 K7        ; R5 := GetKeyDes
 28 [277]: MOVE      R6 R3        ; R6 := R3
 29 [277]: MOVE      R7 R4        ; R7 := R4
 30 [277]: TAILCALL  R5 3         ; return R5(R6,R7)
 31 [277]: RETURN    R5 0         ; return R5,...
 32 [277]: JMP       38           ; PC := 38
 33 [279]: LOADK     R5 K8        ; R5 := ""
 34 [279]: RETURN    R5 2         ; return R5
 35 [280]: JMP       38           ; PC := 38
 36 [282]: LOADK     R2 K8        ; R2 := ""
 37 [282]: RETURN    R2 2         ; return R2
 38 [284]: RETURN    R0 1         ; return 


; Function #2:
;
; Name:            
; Defined at line: 287
; #Upvalues:       0
; #Parameters:     2 (R0, R1)
; Is_vararg:       0
; Max Stack Size:  8
;
; Locals:
; Start PC |  End PC  | Name
; 00000000 | 00000038 | tableName
; 00000000 | 00000038 | idx
;
; No upvalues

  1 [288]: GETGLOBAL R2 K1        ; R2 := _G
  2 [288]: GETTABLE  R2 R2 R0     ; R2 := R2[R0]
  3 [288]: SETGLOBAL R2 K0        ; element := R2
  4 [289]: GETGLOBAL R2 K0        ; R2 := element
  5 [289]: EQ        1 R2 K2      ; if R2 == nil then PC := 48
  6 [289]: JMP       48
  7 [290]: GETGLOBAL R2 K0        ; R2 := element
  8 [290]: GETTABLE  R2 R2 R1     ; R2 := R2[R1]
  9 [290]: SETGLOBAL R2 K3        ; v := R2
 10 [291]: GETGLOBAL R2 K3        ; R2 := v
 11 [291]: EQ        1 R2 K2      ; if R2 == nil then PC := 16
 12 [291]: JMP       16
 13 [291]: GETGLOBAL R2 K3        ; R2 := v
 14 [291]: EQ        0 R2 K4      ; if R2 != "NULL" then PC := 26
 15 [291]: JMP       26
 16 [292]: LOADK     R2 K5        ; R2 := 0
 17 [292]: LOADK     R3 K5        ; R3 := 0
 18 [292]: GETGLOBAL R4 K6        ; R4 := toStr
 19 [292]: LOADK     R5 K7        ; R5 := ""
 20 [292]: CALL      R4 2 2       ; R4 := R4(R5)
 21 [292]: GETGLOBAL R5 K6        ; R5 := toStr
 22 [292]: LOADK     R6 K7        ; R6 := ""
 23 [292]: CALL      R5 2 0       ; R5,... := R5(R6)
 24 [292]: RETURN    R2 0         ; return R2,...
 25 [292]: JMP       57           ; PC := 57
 26 [294]: GETGLOBAL R2 K8        ; R2 := toInt
 27 [294]: GETGLOBAL R3 K3        ; R3 := v
 28 [294]: GETTABLE  R3 R3 K9     ; R3 := R3["KEY1"]
 29 [294]: CALL      R2 2 2       ; R2 := R2(R3)
 30 [294]: GETGLOBAL R3 K8        ; R3 := toInt
 31 [294]: GETGLOBAL R4 K3        ; R4 := v
 32 [294]: GETTABLE  R4 R4 K10    ; R4 := R4["KEY2"]
 33 [294]: CALL      R3 2 2       ; R3 := R3(R4)
 34 [294]: GETGLOBAL R4 K6        ; R4 := toStr
 35 [294]: GETGLOBAL R5 K11       ; R5 := GetKeyDes
 36 [294]: GETGLOBAL R6 K3        ; R6 := v
 37 [294]: GETTABLE  R6 R6 K9     ; R6 := R6["KEY1"]
 38 [294]: GETGLOBAL R7 K3        ; R7 := v
 39 [294]: GETTABLE  R7 R7 K10    ; R7 := R7["KEY2"]
 40 [294]: CALL      R5 3 0       ; R5,... := R5(R6,R7)
 41 [294]: CALL      R4 0 2       ; R4 := R4(R5,...)
 42 [294]: GETGLOBAL R5 K6        ; R5 := toStr
 43 [294]: GETGLOBAL R6 K3        ; R6 := v
 44 [294]: GETTABLE  R6 R6 K12    ; R6 := R6["EXE"]
 45 [294]: CALL      R5 2 0       ; R5,... := R5(R6)
 46 [294]: RETURN    R2 0         ; return R2,...
 47 [295]: JMP       57           ; PC := 57
 48 [297]: LOADK     R2 K5        ; R2 := 0
 49 [297]: LOADK     R3 K5        ; R3 := 0
 50 [297]: GETGLOBAL R4 K6        ; R4 := toStr
 51 [297]: LOADK     R5 K7        ; R5 := ""
 52 [297]: CALL      R4 2 2       ; R4 := R4(R5)
 53 [297]: GETGLOBAL R5 K6        ; R5 := toStr
 54 [297]: LOADK     R6 K7        ; R6 := ""
 55 [297]: CALL      R5 2 0       ; R5,... := R5(R6)
 56 [297]: RETURN    R2 0         ; return R2,...
 57 [299]: RETURN    R0 1         ; return 


; Function #3:
;
; Name:            
; Defined at line: 302
; #Upvalues:       0
; #Parameters:     2 (R0, R1)
; Is_vararg:       0
; Max Stack Size:  6
;
; Locals:
; Start PC |  End PC  | Name
; 00000000 | 00000009 | tabNum
; 00000000 | 00000009 | idx
;
; No upvalues

  1 [303]: GETGLOBAL R2 K0        ; R2 := GetHotKeyInfo
  2 [303]: GETGLOBAL R3 K1        ; R3 := string
  3 [303]: GETTABLE  R3 R3 K2     ; R3 := R3["format"]
  4 [303]: LOADK     R4 K3        ; R4 := "HOTKEY_%d"
  5 [303]: MOVE      R5 R0        ; R5 := R0
  6 [303]: CALL      R3 3 2       ; R3 := R3(R4,R5)
  7 [303]: MOVE      R4 R1        ; R4 := R1
  8 [303]: TAILCALL  R2 3         ; return R2(R3,R4)
  9 [303]: RETURN    R2 0         ; return R2,...
 10 [304]: RETURN    R0 1         ; return 


; Function #4:
;
; Name:            
; Defined at line: 307
; #Upvalues:       0
; #Parameters:     2 (R0, R1)
; Is_vararg:       0
; Max Stack Size:  6
;
; Locals:
; Start PC |  End PC  | Name
; 00000000 | 00000009 | tabNum
; 00000000 | 00000009 | idx
;
; No upvalues

  1 [308]: GETGLOBAL R2 K0        ; R2 := GetHotKeyInfo
  2 [308]: GETGLOBAL R3 K1        ; R3 := string
  3 [308]: GETTABLE  R3 R3 K2     ; R3 := R3["format"]
  4 [308]: LOADK     R4 K3        ; R4 := "USERKEY_%d"
  5 [308]: MOVE      R5 R0        ; R5 := R0
  6 [308]: CALL      R3 3 2       ; R3 := R3(R4,R5)
  7 [308]: MOVE      R4 R1        ; R4 := R1
  8 [308]: TAILCALL  R2 3         ; return R2(R3,R4)
  9 [308]: RETURN    R2 0         ; return R2,...
 10 [309]: RETURN    R0 1         ; return 


; Function #5:
;
; Name:            
; Defined at line: 312
; #Upvalues:       0
; #Parameters:     1 (R0)
; Is_vararg:       0
; Max Stack Size:  7
;
; Locals:
; Start PC |  End PC  | Name
; 00000000 | 00000017 | tabNum
; 00000001 | 00000017 | tableSize
;
; No upvalues

  1 [313]: LOADK     R1 K0        ; R1 := 0
  2 [314]: GETGLOBAL R2 K2        ; R2 := _G
  3 [314]: GETGLOBAL R3 K3        ; R3 := string
  4 [314]: GETTABLE  R3 R3 K4     ; R3 := R3["format"]
  5 [314]: LOADK     R4 K5        ; R4 := "HOTKEY_%d"
  6 [314]: MOVE      R5 R0        ; R5 := R0
  7 [314]: CALL      R3 3 2       ; R3 := R3(R4,R5)
  8 [314]: GETTABLE  R2 R2 R3     ; R2 := R2[R3]
  9 [314]: SETGLOBAL R2 K1        ; table := R2
 10 [315]: GETGLOBAL R2 K1        ; R2 := table
 11 [315]: EQ        1 R2 K6      ; if R2 == nil then PC := 23
 12 [315]: JMP       23
 13 [316]: GETGLOBAL R2 K7        ; R2 := getTableSize
 14 [316]: GETGLOBAL R3 K2        ; R3 := _G
 15 [316]: GETGLOBAL R4 K3        ; R4 := string
 16 [316]: GETTABLE  R4 R4 K4     ; R4 := R4["format"]
 17 [316]: LOADK     R5 K5        ; R5 := "HOTKEY_%d"
 18 [316]: MOVE      R6 R0        ; R6 := R0
 19 [316]: CALL      R4 3 2       ; R4 := R4(R5,R6)
 20 [316]: GETTABLE  R3 R3 R4     ; R3 := R3[R4]
 21 [316]: CALL      R2 2 2       ; R2 := R2(R3)
 22 [316]: MOVE      R1 R2        ; R1 := R2
 23 [318]: RETURN    R1 2         ; return R1
 24 [319]: RETURN    R0 1         ; return 


; Function #6:
;
; Name:            
; Defined at line: 322
; #Upvalues:       0
; #Parameters:     2 (R0, R1)
; Is_vararg:       0
; Max Stack Size:  6
;
; Locals:
; Start PC |  End PC  | Name
; 00000000 | 00000015 | tabNum
; 00000000 | 00000015 | idx
;
; No upvalues

  1 [323]: GETGLOBAL R2 K4        ; R2 := GetUserHotKeyInfo
  2 [323]: MOVE      R3 R0        ; R3 := R0
  3 [323]: MOVE      R4 R1        ; R4 := R1
  4 [323]: CALL      R2 3 5       ; R2,R3,R4,R5 := R2(R3,R4)
  5 [323]: SETGLOBAL R5 K3        ; exe := R5
  6 [323]: SETGLOBAL R4 K2        ; des := R4
  7 [323]: SETGLOBAL R3 K1        ; key2 := R3
  8 [323]: SETGLOBAL R2 K0        ; key1 := R2
  9 [324]: GETGLOBAL R2 K3        ; R2 := exe
 10 [324]: EQ        0 R2 K5      ; if R2 != "" then PC := 17
 11 [324]: JMP       17
 12 [325]: GETGLOBAL R2 K6        ; R2 := GetOriginalHotKeyInfo
 13 [325]: MOVE      R3 R0        ; R3 := R0
 14 [325]: MOVE      R4 R1        ; R4 := R1
 15 [325]: TAILCALL  R2 3         ; return R2(R3,R4)
 16 [325]: RETURN    R2 0         ; return R2,...
 17 [327]: GETGLOBAL R2 K0        ; R2 := key1
 18 [327]: GETGLOBAL R3 K1        ; R3 := key2
 19 [327]: GETGLOBAL R4 K2        ; R4 := des
 20 [327]: GETGLOBAL R5 K3        ; R5 := exe
 21 [327]: RETURN    R2 5         ; return R2,R3,R4,R5
 22 [328]: RETURN    R0 1         ; return 


; Function #7:
;
; Name:            
; Defined at line: 331
; #Upvalues:       0
; #Parameters:     2 (R0, R1)
; Is_vararg:       0
; Max Stack Size:  6
;
; Locals:
; Start PC |  End PC  | Name
; 00000000 | 0000004c | inKey1
; 00000000 | 0000004c | inKey2
;
; No upvalues

  1 [332]: LOADK     R2 K1        ; R2 := 0
  2 [332]: SETGLOBAL R2 K0        ; size := R2
  3 [333]: LOADK     R2 K3        ; R2 := 1
  4 [333]: SETGLOBAL R2 K2        ; tab := R2
  5 [334]: GETGLOBAL R2 K5        ; R2 := GetOriginalHotKeyListSize
  6 [334]: GETGLOBAL R3 K2        ; R3 := tab
  7 [334]: CALL      R2 2 2       ; R2 := R2(R3)
  8 [334]: SETGLOBAL R2 K4        ; tableLen := R2
  9 [335]: JMP       72           ; PC := 72
 10 [336]: LOADK     R2 K1        ; R2 := 0
 11 [336]: SETGLOBAL R2 K6        ; idx := R2
 12 [337]: GETGLOBAL R2 K11       ; R2 := GetHotKey
 13 [337]: GETGLOBAL R3 K2        ; R3 := tab
 14 [337]: GETGLOBAL R4 K6        ; R4 := idx
 15 [337]: CALL      R2 3 5       ; R2,R3,R4,R5 := R2(R3,R4)
 16 [337]: SETGLOBAL R5 K10       ; exe := R5
 17 [337]: SETGLOBAL R4 K9        ; des := R4
 18 [337]: SETGLOBAL R3 K8        ; key2 := R3
 19 [337]: SETGLOBAL R2 K7        ; key1 := R2
 20 [338]: JMP       58           ; PC := 58
 21 [339]: GETGLOBAL R2 K10       ; R2 := exe
 22 [339]: GETGLOBAL R3 K13       ; R3 := MsgStrID
 23 [339]: GETTABLE  R3 R3 K14    ; R3 := R3["MSI_HK_CHATMODE_ONOFF"]
 24 [339]: EQ        0 R2 R3      ; if R2 != R3 then PC := 35
 25 [339]: JMP       35
 26 [339]: GETGLOBAL R2 K7        ; R2 := key1
 27 [339]: EQ        0 R2 R0      ; if R2 != R0 then PC := 35
 28 [339]: JMP       35
 29 [340]: GETGLOBAL R2 K6        ; R2 := idx
 30 [340]: GETGLOBAL R3 K2        ; R3 := tab
 31 [340]: SUB       R3 R3 K3     ; R3 := R3 - 1
 32 [340]: MUL       R3 R3 K15    ; R3 := R3 * 100
 33 [340]: ADD       R2 R2 R3     ; R2 := R2 + R3
 34 [340]: RETURN    R2 2         ; return R2
 35 [342]: GETGLOBAL R2 K7        ; R2 := key1
 36 [342]: EQ        0 R2 R0      ; if R2 != R0 then PC := 47
 37 [342]: JMP       47
 38 [342]: GETGLOBAL R2 K8        ; R2 := key2
 39 [342]: EQ        0 R2 R1      ; if R2 != R1 then PC := 47
 40 [342]: JMP       47
 41 [343]: GETGLOBAL R2 K6        ; R2 := idx
 42 [343]: GETGLOBAL R3 K2        ; R3 := tab
 43 [343]: SUB       R3 R3 K3     ; R3 := R3 - 1
 44 [343]: MUL       R3 R3 K15    ; R3 := R3 * 100
 45 [343]: ADD       R2 R2 R3     ; R2 := R2 + R3
 46 [343]: RETURN    R2 2         ; return R2
 47 [345]: GETGLOBAL R2 K6        ; R2 := idx
 48 [345]: ADD       R2 R2 K3     ; R2 := R2 + 1
 49 [345]: SETGLOBAL R2 K6        ; idx := R2
 50 [346]: GETGLOBAL R2 K11       ; R2 := GetHotKey
 51 [346]: GETGLOBAL R3 K2        ; R3 := tab
 52 [346]: GETGLOBAL R4 K6        ; R4 := idx
 53 [346]: CALL      R2 3 5       ; R2,R3,R4,R5 := R2(R3,R4)
 54 [346]: SETGLOBAL R5 K10       ; exe := R5
 55 [346]: SETGLOBAL R4 K9        ; des := R4
 56 [346]: SETGLOBAL R3 K8        ; key2 := R3
 57 [346]: SETGLOBAL R2 K7        ; key1 := R2
 58 [338]: GETGLOBAL R2 K10       ; R2 := exe
 59 [338]: EQ        0 R2 K12     ; if R2 != "" then PC := 21
 60 [338]: JMP       21
 61 [348]: GETGLOBAL R2 K0        ; R2 := size
 62 [348]: GETGLOBAL R3 K4        ; R3 := tableLen
 63 [348]: ADD       R2 R2 R3     ; R2 := R2 + R3
 64 [348]: SETGLOBAL R2 K0        ; size := R2
 65 [349]: GETGLOBAL R2 K2        ; R2 := tab
 66 [349]: ADD       R2 R2 K3     ; R2 := R2 + 1
 67 [349]: SETGLOBAL R2 K2        ; tab := R2
 68 [350]: GETGLOBAL R2 K5        ; R2 := GetOriginalHotKeyListSize
 69 [350]: GETGLOBAL R3 K2        ; R3 := tab
 70 [350]: CALL      R2 2 2       ; R2 := R2(R3)
 71 [350]: SETGLOBAL R2 K4        ; tableLen := R2
 72 [335]: GETGLOBAL R2 K4        ; R2 := tableLen
 73 [335]: EQ        0 R2 K1      ; if R2 != 0 then PC := 10
 74 [335]: JMP       10
 75 [352]: LOADK     R2 K16       ; R2 := -1
 76 [352]: RETURN    R2 2         ; return R2
 77 [353]: RETURN    R0 1         ; return 


; Function #8:
;
; Name:            
; Defined at line: 356
; #Upvalues:       0
; #Parameters:     5 (R0, R1, R2, R3, R4)
; Is_vararg:       0
; Max Stack Size:  9
;
; Locals:
; Start PC |  End PC  | Name
; 00000000 | 00000043 | tabNum
; 00000000 | 00000043 | idx
; 00000000 | 00000043 | exe
; 00000000 | 00000043 | key1
; 00000000 | 00000043 | key2
;
; No upvalues

  1 [357]: GETGLOBAL R5 K1        ; R5 := string
  2 [357]: GETTABLE  R5 R5 K2     ; R5 := R5["format"]
  3 [357]: LOADK     R6 K3        ; R6 := "USERKEY_%d"
  4 [357]: MOVE      R7 R0        ; R7 := R0
  5 [357]: CALL      R5 3 2       ; R5 := R5(R6,R7)
  6 [357]: SETGLOBAL R5 K0        ; TableName := R5
  7 [358]: GETGLOBAL R5 K5        ; R5 := _G
  8 [358]: GETGLOBAL R6 K0        ; R6 := TableName
  9 [358]: GETTABLE  R5 R5 R6     ; R5 := R5[R6]
 10 [358]: SETGLOBAL R5 K4        ; UserKeyTable := R5
 11 [359]: GETGLOBAL R5 K9        ; R5 := GetOriginalHotKeyInfo
 12 [359]: MOVE      R6 R0        ; R6 := R0
 13 [359]: MOVE      R7 R1        ; R7 := R1
 14 [359]: CALL      R5 3 5       ; R5,R6,R7,R8 := R5(R6,R7)
 15 [359]: MOVE      R2 R8        ; R2 := R8
 16 [359]: SETGLOBAL R7 K8        ; dis := R7
 17 [359]: SETGLOBAL R6 K7        ; originalKey2 := R6
 18 [359]: SETGLOBAL R5 K6        ; originalKey1 := R5
 19 [360]: GETGLOBAL R5 K1        ; R5 := string
 20 [360]: GETTABLE  R5 R5 K10    ; R5 := R5["len"]
 21 [360]: MOVE      R6 R2        ; R6 := R2
 22 [360]: CALL      R5 2 2       ; R5 := R5(R6)
 23 [360]: EQ        1 R5 K11     ; if R5 == 0 then PC := 37
 24 [360]: JMP       37
 25 [360]: GETGLOBAL R5 K6        ; R5 := originalKey1
 26 [360]: EQ        0 R3 R5      ; if R3 != R5 then PC := 37
 27 [360]: JMP       37
 28 [360]: GETGLOBAL R5 K7        ; R5 := originalKey2
 29 [360]: EQ        0 R4 R5      ; if R4 != R5 then PC := 37
 30 [360]: JMP       37
 31 [360]: GETGLOBAL R5 K4        ; R5 := UserKeyTable
 32 [360]: EQ        1 R5 K12     ; if R5 == nil then PC := 37
 33 [360]: JMP       37
 34 [361]: GETGLOBAL R5 K4        ; R5 := UserKeyTable
 35 [361]: SETTABLE  R5 R1 K12    ; R5[R1] := nil
 36 [362]: RETURN    R0 1         ; return 
 37 [364]: GETGLOBAL R5 K4        ; R5 := UserKeyTable
 38 [364]: EQ        0 R5 K12     ; if R5 != nil then PC := 42
 39 [364]: JMP       42
 40 [365]: NEWTABLE  R5 0 0       ; R5 := {}
 41 [365]: SETGLOBAL R5 K4        ; UserKeyTable := R5
 42 [367]: GETGLOBAL R5 K4        ; R5 := UserKeyTable
 43 [367]: GETTABLE  R5 R5 R1     ; R5 := R5[R1]
 44 [367]: SETGLOBAL R5 K13       ; UserKey := R5
 45 [368]: GETGLOBAL R5 K13       ; R5 := UserKey
 46 [368]: EQ        0 R5 K14     ; if R5 != "NULL" then PC := 50
 47 [368]: JMP       50
 48 [369]: LOADNIL   R5 R5        ; R5 := nil
 49 [369]: SETGLOBAL R5 K13       ; UserKey := R5
 50 [371]: GETGLOBAL R5 K13       ; R5 := UserKey
 51 [371]: EQ        0 R5 K12     ; if R5 != nil then PC := 55
 52 [371]: JMP       55
 53 [372]: NEWTABLE  R5 0 0       ; R5 := {}
 54 [372]: SETGLOBAL R5 K13       ; UserKey := R5
 55 [374]: GETGLOBAL R5 K13       ; R5 := UserKey
 56 [374]: SETTABLE  R5 K15 R2    ; R5["EXE"] := R2
 57 [375]: GETGLOBAL R5 K13       ; R5 := UserKey
 58 [375]: SETTABLE  R5 K16 R3    ; R5["KEY1"] := R3
 59 [376]: GETGLOBAL R5 K13       ; R5 := UserKey
 60 [376]: SETTABLE  R5 K17 R4    ; R5["KEY2"] := R4
 61 [377]: GETGLOBAL R5 K4        ; R5 := UserKeyTable
 62 [377]: GETGLOBAL R6 K13       ; R6 := UserKey
 63 [377]: SETTABLE  R5 R1 R6     ; R5[R1] := R6
 64 [378]: GETGLOBAL R5 K5        ; R5 := _G
 65 [378]: GETGLOBAL R6 K0        ; R6 := TableName
 66 [378]: GETGLOBAL R7 K4        ; R7 := UserKeyTable
 67 [378]: SETTABLE  R5 R6 R7     ; R5[R6] := R7
 68 [379]: RETURN    R0 1         ; return 


; Function #9:
;
; Name:            
; Defined at line: 382
; #Upvalues:       0
; #Parameters:     2 (R0, R1)
; Is_vararg:       0
; Max Stack Size:  6
;
; Locals:
; Start PC |  End PC  | Name
; 00000000 | 00000035 | inKey1
; 00000000 | 00000035 | inKey2
;
; No upvalues

  1 [383]: LOADK     R2 K1        ; R2 := 1
  2 [383]: SETGLOBAL R2 K0        ; tab := R2
  3 [384]: GETGLOBAL R2 K3        ; R2 := GetOriginalHotKeyListSize
  4 [384]: GETGLOBAL R3 K0        ; R3 := tab
  5 [384]: CALL      R2 2 2       ; R2 := R2(R3)
  6 [384]: SETGLOBAL R2 K2        ; tableLen := R2
  7 [385]: JMP       49           ; PC := 49
  8 [386]: LOADK     R2 K4        ; R2 := 0
  9 [386]: SETGLOBAL R2 K5        ; idx := R2
 10 [387]: GETGLOBAL R2 K10       ; R2 := GetUserHotKeyInfo
 11 [387]: GETGLOBAL R3 K0        ; R3 := tab
 12 [387]: GETGLOBAL R4 K5        ; R4 := idx
 13 [387]: CALL      R2 3 5       ; R2,R3,R4,R5 := R2(R3,R4)
 14 [387]: SETGLOBAL R5 K9        ; exe := R5
 15 [387]: SETGLOBAL R4 K8        ; des := R4
 16 [387]: SETGLOBAL R3 K7        ; key2 := R3
 17 [387]: SETGLOBAL R2 K6        ; key1 := R2
 18 [388]: JMP       38           ; PC := 38
 19 [389]: GETGLOBAL R2 K6        ; R2 := key1
 20 [389]: EQ        0 R2 R0      ; if R2 != R0 then PC := 27
 21 [389]: JMP       27
 22 [389]: GETGLOBAL R2 K7        ; R2 := key2
 23 [389]: EQ        0 R2 R1      ; if R2 != R1 then PC := 27
 24 [389]: JMP       27
 25 [390]: GETGLOBAL R2 K5        ; R2 := idx
 26 [390]: RETURN    R2 2         ; return R2
 27 [392]: GETGLOBAL R2 K5        ; R2 := idx
 28 [392]: ADD       R2 R2 K1     ; R2 := R2 + 1
 29 [392]: SETGLOBAL R2 K5        ; idx := R2
 30 [393]: GETGLOBAL R2 K10       ; R2 := GetUserHotKeyInfo
 31 [393]: GETGLOBAL R3 K0        ; R3 := tab
 32 [393]: GETGLOBAL R4 K5        ; R4 := idx
 33 [393]: CALL      R2 3 5       ; R2,R3,R4,R5 := R2(R3,R4)
 34 [393]: SETGLOBAL R5 K9        ; exe := R5
 35 [393]: SETGLOBAL R4 K8        ; des := R4
 36 [393]: SETGLOBAL R3 K7        ; key2 := R3
 37 [393]: SETGLOBAL R2 K6        ; key1 := R2
 38 [388]: GETGLOBAL R2 K5        ; R2 := idx
 39 [388]: GETGLOBAL R3 K2        ; R3 := tableLen
 40 [388]: LT        1 R2 R3      ; if R2 < R3 then PC := 19
 41 [388]: JMP       19
 42 [395]: GETGLOBAL R2 K0        ; R2 := tab
 43 [395]: ADD       R2 R2 K1     ; R2 := R2 + 1
 44 [395]: SETGLOBAL R2 K0        ; tab := R2
 45 [396]: GETGLOBAL R2 K3        ; R2 := GetOriginalHotKeyListSize
 46 [396]: GETGLOBAL R3 K0        ; R3 := tab
 47 [396]: CALL      R2 2 2       ; R2 := R2(R3)
 48 [396]: SETGLOBAL R2 K2        ; tableLen := R2
 49 [385]: GETGLOBAL R2 K2        ; R2 := tableLen
 50 [385]: EQ        0 R2 K4      ; if R2 != 0 then PC := 8
 51 [385]: JMP       8
 52 [398]: LOADK     R2 K11       ; R2 := -1
 53 [398]: RETURN    R2 2         ; return R2
 54 [399]: RETURN    R0 1         ; return 


; Function #10:
;
; Name:            
; Defined at line: 402
; #Upvalues:       0
; #Parameters:     4 (R0, R1, R2, R3)
; Is_vararg:       0
; Max Stack Size:  8
;
; Locals:
; Start PC |  End PC  | Name
; 00000000 | 0000002e | tabNum
; 00000000 | 0000002e | idx
; 00000000 | 0000002e | inKey1
; 00000000 | 0000002e | inKey2
;
; No upvalues

  1 [403]: GETGLOBAL R4 K1        ; R4 := GetOriginalHotKeyListSize
  2 [403]: MOVE      R5 R0        ; R5 := R0
  3 [403]: CALL      R4 2 2       ; R4 := R4(R5)
  4 [403]: SETGLOBAL R4 K0        ; tableLen := R4
  5 [404]: GETGLOBAL R4 K0        ; R4 := tableLen
  6 [404]: SUB       R1 R1 R4     ; R1 := R1 - R4
  7 [405]: ADD       R0 R0 K2     ; R0 := R0 + 1
  8 [406]: GETGLOBAL R4 K4        ; R4 := string
  9 [406]: GETTABLE  R4 R4 K5     ; R4 := R4["format"]
 10 [406]: LOADK     R5 K6        ; R5 := "USERKEY_%d"
 11 [406]: MOVE      R6 R0        ; R6 := R0
 12 [406]: CALL      R4 3 2       ; R4 := R4(R5,R6)
 13 [406]: SETGLOBAL R4 K3        ; TableName := R4
 14 [407]: GETGLOBAL R4 K8        ; R4 := _G
 15 [407]: GETGLOBAL R5 K3        ; R5 := TableName
 16 [407]: GETTABLE  R4 R4 R5     ; R4 := R4[R5]
 17 [407]: SETGLOBAL R4 K7        ; UserKeyTable := R4
 18 [408]: GETGLOBAL R4 K7        ; R4 := UserKeyTable
 19 [408]: EQ        0 R4 K9      ; if R4 != nil then PC := 22
 20 [408]: JMP       22
 21 [409]: RETURN    R0 1         ; return 
 22 [411]: GETGLOBAL R4 K14       ; R4 := GetUserHotKeyInfo
 23 [411]: MOVE      R5 R0        ; R5 := R0
 24 [411]: MOVE      R6 R1        ; R6 := R1
 25 [411]: CALL      R4 3 5       ; R4,R5,R6,R7 := R4(R5,R6)
 26 [411]: SETGLOBAL R7 K13       ; exe := R7
 27 [411]: SETGLOBAL R6 K12       ; des := R6
 28 [411]: SETGLOBAL R5 K11       ; key2 := R5
 29 [411]: SETGLOBAL R4 K10       ; key1 := R4
 30 [412]: GETGLOBAL R4 K10       ; R4 := key1
 31 [412]: EQ        0 R4 K15     ; if R4 != 0 then PC := 47
 32 [412]: JMP       47
 33 [412]: GETGLOBAL R4 K11       ; R4 := key2
 34 [412]: EQ        0 R4 K15     ; if R4 != 0 then PC := 47
 35 [412]: JMP       47
 36 [413]: GETGLOBAL R4 K17       ; R4 := GetIndexOfTheUserHotKey
 37 [413]: MOVE      R5 R2        ; R5 := R2
 38 [413]: MOVE      R6 R3        ; R6 := R3
 39 [413]: CALL      R4 3 2       ; R4 := R4(R5,R6)
 40 [413]: SETGLOBAL R4 K16       ; idx2 := R4
 41 [414]: GETGLOBAL R4 K16       ; R4 := idx2
 42 [414]: EQ        1 R4 K18     ; if R4 == -1 then PC := 47
 43 [414]: JMP       47
 44 [415]: GETGLOBAL R4 K7        ; R4 := UserKeyTable
 45 [415]: GETGLOBAL R5 K16       ; R5 := idx2
 46 [415]: SETTABLE  R4 R5 K9     ; R4[R5] := nil
 47 [418]: RETURN    R0 1         ; return 


; Function #11:
;
; Name:            
; Defined at line: 421
; #Upvalues:       0
; #Parameters:     1 (R0)
; Is_vararg:       0
; Max Stack Size:  7
;
; Locals:
; Start PC |  End PC  | Name
; 00000000 | 00000071 | saveFileName
;
; No upvalues

  1 [422]: GETGLOBAL R1 K1        ; R1 := io
  2 [422]: GETTABLE  R1 R1 K2     ; R1 := R1["open"]
  3 [422]: MOVE      R2 R0        ; R2 := R0
  4 [422]: LOADK     R3 K3        ; R3 := "w"
  5 [422]: CALL      R1 3 2       ; R1 := R1(R2,R3)
  6 [422]: SETGLOBAL R1 K0        ; saveFile := R1
  7 [423]: GETGLOBAL R1 K0        ; R1 := saveFile
  8 [423]: EQ        1 R1 K4      ; if R1 == nil then PC := 110
  9 [423]: JMP       110
 10 [424]: LOADK     R1 K6        ; R1 := 1
 11 [424]: SETGLOBAL R1 K5        ; tabNum := R1
 12 [425]: JMP       107          ; PC := 107
 13 [426]: GETGLOBAL R1 K9        ; R1 := _G
 14 [426]: GETGLOBAL R2 K10       ; R2 := string
 15 [426]: GETTABLE  R2 R2 K11    ; R2 := R2["format"]
 16 [426]: LOADK     R3 K12       ; R3 := "USERKEY_%d"
 17 [426]: GETGLOBAL R4 K5        ; R4 := tabNum
 18 [426]: CALL      R2 3 2       ; R2 := R2(R3,R4)
 19 [426]: GETTABLE  R1 R1 R2     ; R1 := R1[R2]
 20 [426]: SETGLOBAL R1 K8        ; userTable := R1
 21 [427]: GETGLOBAL R1 K8        ; R1 := userTable
 22 [427]: EQ        1 R1 K4      ; if R1 == nil then PC := 104
 23 [427]: JMP       104
 24 [428]: GETGLOBAL R1 K0        ; R1 := saveFile
 25 [428]: SELF      R1 R1 K13    ; R2 := R1; R1 := R1["write"]
 26 [428]: GETGLOBAL R3 K10       ; R3 := string
 27 [428]: GETTABLE  R3 R3 K11    ; R3 := R3["format"]
 28 [428]: LOADK     R4 K14       ; R4 := "USERKEY_%d = {\n"
 29 [428]: GETGLOBAL R5 K5        ; R5 := tabNum
 30 [428]: CALL      R3 3 0       ; R3,... := R3(R4,R5)
 31 [428]: CALL      R1 0 1       ; R1(R2,...)
 32 [429]: LOADK     R1 K16       ; R1 := 0
 33 [429]: SETGLOBAL R1 K15       ; idx := R1
 34 [430]: GETGLOBAL R1 K21       ; R1 := GetUserHotKeyInfo
 35 [430]: GETGLOBAL R2 K5        ; R2 := tabNum
 36 [430]: GETGLOBAL R3 K15       ; R3 := idx
 37 [430]: CALL      R1 3 5       ; R1,R2,R3,R4 := R1(R2,R3)
 38 [430]: SETGLOBAL R4 K20       ; behaviorDes := R4
 39 [430]: SETGLOBAL R3 K19       ; keyDes := R3
 40 [430]: SETGLOBAL R2 K18       ; key2 := R2
 41 [430]: SETGLOBAL R1 K17       ; key1 := R1
 42 [431]: GETGLOBAL R1 K23       ; R1 := GetOriginalHotKeyListSize
 43 [431]: GETGLOBAL R2 K5        ; R2 := tabNum
 44 [431]: CALL      R1 2 2       ; R1 := R1(R2)
 45 [431]: SETGLOBAL R1 K22       ; tableLen := R1
 46 [432]: JMP       96           ; PC := 96
 47 [433]: GETGLOBAL R1 K20       ; R1 := behaviorDes
 48 [433]: EQ        1 R1 K24     ; if R1 == "" then PC := 85
 49 [433]: JMP       85
 50 [434]: GETGLOBAL R1 K0        ; R1 := saveFile
 51 [434]: SELF      R1 R1 K13    ; R2 := R1; R1 := R1["write"]
 52 [434]: GETGLOBAL R3 K10       ; R3 := string
 53 [434]: GETTABLE  R3 R3 K11    ; R3 := R3["format"]
 54 [434]: LOADK     R4 K25       ; R4 := "\t[%d] = { EXE = \"%s\""
 55 [434]: GETGLOBAL R5 K15       ; R5 := idx
 56 [434]: GETGLOBAL R6 K20       ; R6 := behaviorDes
 57 [434]: CALL      R3 4 0       ; R3,... := R3(R4,R5,R6)
 58 [434]: CALL      R1 0 1       ; R1(R2,...)
 59 [435]: GETGLOBAL R1 K17       ; R1 := key1
 60 [435]: EQ        1 R1 K16     ; if R1 == 0 then PC := 70
 61 [435]: JMP       70
 62 [436]: GETGLOBAL R1 K0        ; R1 := saveFile
 63 [436]: SELF      R1 R1 K13    ; R2 := R1; R1 := R1["write"]
 64 [436]: GETGLOBAL R3 K10       ; R3 := string
 65 [436]: GETTABLE  R3 R3 K11    ; R3 := R3["format"]
 66 [436]: LOADK     R4 K26       ; R4 := ", KEY1 = %d"
 67 [436]: GETGLOBAL R5 K17       ; R5 := key1
 68 [436]: CALL      R3 3 0       ; R3,... := R3(R4,R5)
 69 [436]: CALL      R1 0 1       ; R1(R2,...)
 70 [438]: GETGLOBAL R1 K18       ; R1 := key2
 71 [438]: EQ        1 R1 K16     ; if R1 == 0 then PC := 81
 72 [438]: JMP       81
 73 [439]: GETGLOBAL R1 K0        ; R1 := saveFile
 74 [439]: SELF      R1 R1 K13    ; R2 := R1; R1 := R1["write"]
 75 [439]: GETGLOBAL R3 K10       ; R3 := string
 76 [439]: GETTABLE  R3 R3 K11    ; R3 := R3["format"]
 77 [439]: LOADK     R4 K27       ; R4 := ", KEY2 = %d"
 78 [439]: GETGLOBAL R5 K18       ; R5 := key2
 79 [439]: CALL      R3 3 0       ; R3,... := R3(R4,R5)
 80 [439]: CALL      R1 0 1       ; R1(R2,...)
 81 [441]: GETGLOBAL R1 K0        ; R1 := saveFile
 82 [441]: SELF      R1 R1 K13    ; R2 := R1; R1 := R1["write"]
 83 [441]: LOADK     R3 K28       ; R3 := " },\n"
 84 [441]: CALL      R1 3 1       ; R1(R2,R3)
 85 [443]: GETGLOBAL R1 K15       ; R1 := idx
 86 [443]: ADD       R1 R1 K6     ; R1 := R1 + 1
 87 [443]: SETGLOBAL R1 K15       ; idx := R1
 88 [444]: GETGLOBAL R1 K21       ; R1 := GetUserHotKeyInfo
 89 [444]: GETGLOBAL R2 K5        ; R2 := tabNum
 90 [444]: GETGLOBAL R3 K15       ; R3 := idx
 91 [444]: CALL      R1 3 5       ; R1,R2,R3,R4 := R1(R2,R3)
 92 [444]: SETGLOBAL R4 K20       ; behaviorDes := R4
 93 [444]: SETGLOBAL R3 K19       ; keyDes := R3
 94 [444]: SETGLOBAL R2 K18       ; key2 := R2
 95 [444]: SETGLOBAL R1 K17       ; key1 := R1
 96 [432]: GETGLOBAL R1 K15       ; R1 := idx
 97 [432]: GETGLOBAL R2 K22       ; R2 := tableLen
 98 [432]: LT        1 R1 R2      ; if R1 < R2 then PC := 47
 99 [432]: JMP       47
100 [446]: GETGLOBAL R1 K0        ; R1 := saveFile
101 [446]: SELF      R1 R1 K13    ; R2 := R1; R1 := R1["write"]
102 [446]: LOADK     R3 K29       ; R3 := "}\n\n"
103 [446]: CALL      R1 3 1       ; R1(R2,R3)
104 [448]: GETGLOBAL R1 K5        ; R1 := tabNum
105 [448]: ADD       R1 R1 K6     ; R1 := R1 + 1
106 [448]: SETGLOBAL R1 K5        ; tabNum := R1
107 [425]: GETGLOBAL R1 K5        ; R1 := tabNum
108 [425]: LE        1 R1 K7      ; if R1 <= 3 then PC := 13
109 [425]: JMP       13
110 [451]: GETGLOBAL R1 K1        ; R1 := io
111 [451]: GETTABLE  R1 R1 K30    ; R1 := R1["close"]
112 [451]: GETGLOBAL R2 K0        ; R2 := saveFile
113 [451]: CALL      R1 2 1       ; R1(R2)
114 [452]: RETURN    R0 1         ; return 
