R0 := 1
CanDragWnd := R0
R0 := {}
R0["XPos"] := 0
R0["YPos"] := 0
R0["Width"] := 0
R0["Height"] := 0
R0["TabState"] := "On"
R1 := MsgStrID
R1 := R1["MSI_ST_CHAT"]
R0["TabName"] := R1
R0["option1"] := 1
R0["option2"] := 1
R0["option3"] := 1
R0["option4"] := 1
R0["option5"] := 1
R0["option6"] := 1
R0["option7"] := 1
R0["option8"] := 1
R0["option9"] := 1
R0["option10"] := 1
R0["option11"] := 1
R0["option12"] := 1
R0["option13"] := 1
R0["option14"] := 1
R0["option15"] := 0
R0["option16"] := 0
R0["option17"] := 0
R0["option18"] := 0
R0["option19"] := 0
R0["option20"] := 0
ChatSubWnd_1 := R0
R0 := {}
R0["XPos"] := 0
R0["YPos"] := 0
R0["Width"] := 0
R0["Height"] := 0
R0["TabState"] := "On"
R1 := MsgStrID
R1 := R1["MSI_BT_CHAT"]
R0["TabName"] := R1
R0["option1"] := 0
R0["option2"] := 0
R0["option3"] := 0
R0["option4"] := 0
R0["option5"] := 0
R0["option6"] := 0
R0["option7"] := 0
R0["option8"] := 0
R0["option9"] := 0
R0["option10"] := 0
R0["option11"] := 0
R0["option12"] := 0
R0["option13"] := 0
R0["option14"] := 0
R0["option15"] := 0
R0["option16"] := 0
R0["option17"] := 0
R0["option18"] := 0
R0["option19"] := 0
R0["option20"] := 0
ChatSubWnd_2 := R0
return 
