R0 := {}
R0["MSI_HK_SKILLBAR1_1"] := "스킬바 1-1번"
R0["MSI_HK_SKILLBAR1_2"] := "스킬바 1-2번"
R0["MSI_HK_SKILLBAR1_3"] := "스킬바 1-3번"
R0["MSI_HK_SKILLBAR1_4"] := "스킬바 1-4번"
R0["MSI_HK_SKILLBAR1_5"] := "스킬바 1-5번"
R0["MSI_HK_SKILLBAR1_6"] := "스킬바 1-6번"
R0["MSI_HK_SKILLBAR1_7"] := "스킬바 1-7번"
R0["MSI_HK_SKILLBAR1_8"] := "스킬바 1-8번"
R0["MSI_HK_SKILLBAR1_9"] := "스킬바 1-9번"
R0["MSI_HK_SKILLBAR2_1"] := "스킬바 2-1번"
R0["MSI_HK_SKILLBAR2_2"] := "스킬바 2-2번"
R0["MSI_HK_SKILLBAR2_3"] := "스킬바 2-3번"
R0["MSI_HK_SKILLBAR2_4"] := "스킬바 2-4번"
R0["MSI_HK_SKILLBAR2_5"] := "스킬바 2-5번"
R0["MSI_HK_SKILLBAR2_6"] := "스킬바 2-6번"
R0["MSI_HK_SKILLBAR2_7"] := "스킬바 2-7번"
R0["MSI_HK_SKILLBAR2_8"] := "스킬바 2-8번"
R0["MSI_HK_SKILLBAR2_9"] := "스킬바 2-9번"
R0["MSI_HK_SKILLBAR3_1"] := "스킬바 3-1번"
R0["MSI_HK_SKILLBAR3_2"] := "스킬바 3-2번"
R0["MSI_HK_SKILLBAR3_3"] := "스킬바 3-3번"
R0["MSI_HK_SKILLBAR3_4"] := "스킬바 3-4번"
R0["MSI_HK_SKILLBAR3_5"] := "스킬바 3-5번"
R0["MSI_HK_SKILLBAR3_6"] := "스킬바 3-6번"
R0["MSI_HK_SKILLBAR3_7"] := "스킬바 3-7번"
R0["MSI_HK_SKILLBAR3_8"] := "스킬바 3-8번"
R0["MSI_HK_SKILLBAR3_9"] := "스킬바 3-9번"
R0["MSI_HK_SKILLBAR4_1"] := "스킬바 4-1번"
R0["MSI_HK_SKILLBAR4_2"] := "스킬바 4-2번"
R0["MSI_HK_SKILLBAR4_3"] := "스킬바 4-3번"
R0["MSI_HK_SKILLBAR4_4"] := "스킬바 4-4번"
R0["MSI_HK_SKILLBAR4_5"] := "스킬바 4-5번"
R0["MSI_HK_SKILLBAR4_6"] := "스킬바 4-6번"
R0["MSI_HK_SKILLBAR4_7"] := "스킬바 4-7번"
R0["MSI_HK_SKILLBAR4_8"] := "스킬바 4-8번"
R0["MSI_HK_SKILLBAR4_9"] := "스킬바 4-9번"
R0["MSI_HK_BASICINFOWND_MINI"] := "기본 정보 창 최소/최대"
R0["MSI_HK_EQUIPWND_ONOFF"] := "캐릭터 정보 창 On/Off"
R0["MSI_HK_SKILLWND_ONOFF"] := "스킬 목록 창 On/Off"
R0["MSI_HK_QUESTWND_ONOFF"] := "퀘스트 목록 창 On/Off"
R0["MSI_HK_FRIENDWND_ONOFF"] := "친구 창 On/Off"
R0["MSI_HK_PARTYWND_ONOFF"] := "파티 창 On/Off"
R0["MSI_HK_CHATWND_MAKE"] := "대화방 만들기"
R0["MSI_HK_CARTWND_ONOFF"] := "카트 창 On/Off"
R0["MSI_HK_MAPWND_ONOFF"] := "지도 On/Off"
R0["MSI_HK_ITEMWND_ONOFF"] := "아이템 창 On/Off"
R0["MSI_HK_GUILDWND_ONOFF"] := "길드 창 On/Off"
R0["MSI_HK_EMOTIONWND_ONOFF"] := "이모션 목록 창 On/Off"
R0["MSI_HK_SITORSTAND"] := "앉기/서기"
R0["MSI_HK_MINIMAP_ONOFF"] := "미니 맵 상태"
R0["MSI_HK_MACROWND_ONOFF"] := "단축키 목록 창 On/Off"
R0["MSI_HK_EXEWND_ONOFF"] := "커맨드 창 On/Off"
R0["MSI_HK_ALLWND_OFF"] := "모든 창 닫기"
R0["MSI_HK_SKILLBAR_ONOFF"] := "스킬바 On/Off"
R0["MSI_HK_CHATWND_ONOFF"] := "채팅창 On/Off"
R0["MSI_HK_CHATWND_ZOOM"] := "채팅창 크기 확대/축소"
R0["MSI_HK_GAGE_ONOFF"] := "상태 게이지 On/Off"
R0["MSI_HK_SNAPSHOT"] := "스크린샷 찍기"
R0["MSI_HK_MEMORIALWND_ONOFF"] := "메모리얼 던전 창 On/Off"
R0["MSI_HK_PETWND_ONOFF"] := "펫 정보 창 On/Off"
R0["MSI_HK_HOMUNWND_ONOFF"] := "호문 정보 창 On/Off"
R0["MSI_HK_MERWND_ONOFF"] := "용병 정보 창 On/Off"
R0["MSI_HK_HOMUN_FOLLOW"] := "호문 대기 명령"
R0["MSI_HK_MER_FOLLOW"] := "용병 대기 명령"
R0["MSI_HK_FRIEND_OPTIONWND"] := "친구 설정 창"
R0["MSI_HK_PARTY_OPTIONWND"] := "파티 설정 창"
R0["MSI_HK_BATTLEFIELDWND"] := "전장 입장 설정 창"
R0["MSI_HK_CHATMODE_ONOFF"] := "채팅 모드 On/Off"
R0["MSI_HK_BASICINFOWND_BTN_ONOFF"] := "기본 정보 창 확장 옵션"
R0["MSI_HK_PARTY_RECRUIT"] := "파티 모집 창"
R0["MSI_HK_PARTY_BOOKING_LIST"] := "파티 모집 리스트 창"
R0["MSI_HK_GROUND_CURSOR_ONOFF"] := "지면 커서 표시 On/Off"
R0["MSI_HK_MACRO_1"] := "매크로 1"
R0["MSI_HK_MACRO_2"] := "매크로 2"
R0["MSI_HK_MACRO_3"] := "매크로 3"
R0["MSI_HK_MACRO_4"] := "매크로 4"
R0["MSI_HK_MACRO_5"] := "매크로 5"
R0["MSI_HK_MACRO_6"] := "매크로 6"
R0["MSI_HK_MACRO_7"] := "매크로 7"
R0["MSI_HK_MACRO_8"] := "매크로 8"
R0["MSI_HK_MACRO_9"] := "매크로 9"
R0["MSI_HK_MACRO_10"] := "매크로 10"
R0["MSI_HK_FLAG_1"] := "깃발 1"
R0["MSI_HK_FLAG_2"] := "깃발 2"
R0["MSI_HK_FLAG_3"] := "깃발 3"
R0["MSI_HK_FLAG_4"] := "깃발 4"
R0["MSI_HK_FLAG_5"] := "깃발 5"
R0["MSI_HK_FLAG_6"] := "깃발 6"
R0["MSI_HK_FLAG_7"] := "깃발 7"
R0["MSI_HK_FLAG_8"] := "깃발 8"
R0["MSI_HK_FLAG_9"] := "깃발 9"
R0["MSI_HK_FLAG_10"] := "깃발 10"
R0["MSI_ST_CHAT"] := "일반 메시지"
R0["MSI_BT_CHAT"] := "배틀 메시지"
R0["MSI_BATTLEMODE"] := "/battlemode : Q ~ O 를 누르면 스킬단축창2의 스킬들이 사용됩니다."
R0["MSI_NOTRADE"] := "/notrade : 거래신청을 자동으로 거절합니다 On Off"
R0["MSI_NOSHIFT"] := "/noshift : 쉬프트를 누르지않고 힐로 적을 공격할수있게됩니다 On Off"
R0["MSI_NOCTRL"] := "/noctrl : 콘트롤을 누르지않아도 자동공격이 됩니다. On Off"
R0["MSI_SKILLFAIL"] := "/skillfail : 빨간색의 스킬사용 실패 메세지를 표시하지 않습니다 On Off"
R0["MSI_NOTALKMSG"] := "/notalkmsg : 채팅내용을 채팅창에 표시하지 않습니다 On Off"
R0["MSI_NOTALKMSG2"] := "/notalkmsg2 : 채팅내용을 채팅창에 표시하지 않습니다 (길드말 포함) On Off"
R0["MSI_SHOWNAME_ON"] := "폰트가 정상적으로 바뀌었습니다 [이름표시방식 1]"
R0["MSI_SHOWNAME_OFF"] := "폰트가 가늘게 바뀌면서 파티명도 표시됩니다 [이름표시방식 2]"
R0["MSI_FOG"] := "/fog : FOG이펙트를 키거나 끌수있습니다 On Off"
R0["MSI_AURA"] := "/aura : 오오라를 간략화 시킬수있습니다 On Off"
R0["MSI_WINDOW"] := "/window : 창 위치 이동시 다른 창과 달라붙는 속성이 들어갑니다 On Off"
R0["MSI_MISS"] := "/miss : 미스표시 On Off"
R0["MSI_Q1"] := "/quickspell  : 마우스 우클릭으로 F9에 저장한 스킬을 사용합니다 On Off"
R0["MSI_Q2"] := "/quickspell2 : 마우스 WHEEL을 위,아래로 굴려서 F7과F8에 저장한 스킬을 사용합니다 On Off"
R0["MSI_EFFECT"] := "/이펙트 : 이펙트 On Off"
R0["MSI_BGM"] := "/음악 : 배경음악 ON OFF"
R0["MSI_SOUND"] := "/효과음 : 효과음 On Off"
R0["MSI_LOGINOUT"] := "/loginout : 길드원과 친구들의 접속관련 메세지를 보여줍니다. On Off"
R0["MSI_SHOPPING"] := "/shopping : 클릭 한번으로 상점을 열고 상점이름 오른쪽 클릭으로 상점을 닫습니다 On Off"
R0["MSI_STATEINFO"] := "/stateinfo : 상태 아이콘에 대한 설명을 보여줍니다. On Off"
R0["MSI_SNAP"] := "/snap : 공격 대상의 근처에서 마우스 커서를 유도합니다. ON OFF"
R0["MSI_ITEMSNAP"] := "/itemsnap : 아이템의 근처에서 마우스 커서를 유도합니다. ON OFF"
R0["MSI_SKILLSNAP"] := "/skillsnap : 스킬 대상의 근처에서 마우스 커서를 유도합니다. ON OFF"
R0["MSI_HOAI"] := "/hoai : 호문클루스의 사용자 인공지능을 사용합니다. ON OFF"
R0["MSI_MERAI"] := "/merai : 용병의 사용자 인공지능을 사용합니다. ON OFF"
R0["MSI_CAMERA"] := "/camera : 카메라를 고정합니다. ON OFF"
R0["MSI_BTG"] := "/btg : 기본 정보창 확장 옵션에서 전장 아이콘을 보여줍니다. ON OFF"
R0["MSI_HI"] := "/hi 또는 /hi 문장 : 친구로 등록된 캐릭터들에게 인사를 합니다."
R0["MSI_BLACKSMITH"] := "/blacksmith : 블랙스미스의 상위 10위권 랭킹을 보여줍니다."
R0["MSI_ALCHEMIST"] := "/alchemist : 알케미스트의 상위 10위권 랭킹을 보여줍니다."
R0["MSI_HELP"] := "/h or /help: 명령어 일람"
R0["MSI_WHO"] := "/w or /who or /접속자 or /누구: 현재 접속자수 보기"
R0["MSI_SIT"] := "/앉기 or /sit : 앉기. 앉아있을때 서기"
R0["MSI_STAND"] := "/서기 or /stand : 서기. 서있을때 앉기"
R0["MSI_Q"] := "/q : 채팅방 나가기"
R1 := "/탈퇴 or /leave : 파티 탈퇴"
R0["MSI_LEAVE"] := R1
R1 := "MSI_WHERE"
R2 := "/좌표 or /장소: 현재 위치 표시"
R0[R1] := R2
R1 := "MSI_MEMO"
R2 := "워프 장소로 기억됨"
R0[R1] := R2
R1 := "MSI_CHAT"
R2 := "/채팅방 or /chat : 채팅방 만들기창 띄우기"
R0[R1] := R2
R1 := "MSI_SAVECHAT"
R2 := "/갈무리 or /savechat : 채팅 내용 파일로 저장하기"
R0[R1] := R2
R1 := "MSI_DORIDORI"
R2 := "/doridori : 연속해서 이 명령어를 쳐주면 캐릭터가 도리도리 ^^;;"
R0[R1] := R2
R1 := "MSI_BANGBANG"
R2 := "/bingbing : 연속해서 이 명령어를 쳐주면 캐릭터가 빙글빙글 ^^;;"
R0[R1] := R2
R1 := "MSI_BINGBING"
R2 := "/bangbang : 연속해서 이 명령어를 쳐주면 캐릭터가 뱅글뱅글 ^^;;"
R0[R1] := R2
R1 := "MSI_EX"
R2 := "귓말 리스트 창 여는법 : [Alt] + [H] 를 누르면 귓말 리스트 창이 열립니다."
R0[R1] := R2
R1 := "MSI_INALL"
R2 := "모두에게 귓말 가능 상태가 됨"
R0[R1] := R2
R1 := "MSI_EXALL"
R2 := "모두에게 귓말 거부 상태로 됨"
R0[R1] := R2
R1 := "MSI_PVPINFO"
R2 := "/pvpinfo : 자신의 PVP 승패와 PVP 포인트를 알 수 있습니다."
R0[R1] := R2
R1 := "MSI_HUNTING"
R2 := "/hunting : 사냥 목록을 보여줍니다"
R0[R1] := R2
MsgStrID := R0
return 
