R0 := {}
R1 := "/notrade"
R2 := "/noshift"
R3 := "/noctrl"
R4 := "/skillfail"
R5 := "/notalkmsg"
R6 := "/notalkmsg2"
R7 := "/showname"
R8 := "/fog"
R9 := "/aura"
R10 := "/window"
R11 := "/miss"
R12 := "/q1"
R13 := "/q2"
R14 := "/effect"
R15 := "/bgm"
R16 := "/sound"
R17 := "/loginout"
R18 := "/shopping"
R19 := "/stateinfo"
R20 := "/snap"
R21 := "/itemsnap"
R22 := "/skillsnap"
R23 := "/hoai"
R24 := "/merai"
R25 := "/camera"
R26 := "/btg"
R0[1,2,3,4,5,6,7,8,9,10,11,12,13,14,15,16,17,18,19,20,21,22,23,24,25,26] := R1,R2,R3,R4,R5,R6,R7,R8,R9,R10,R11,R12,R13,R14,R15,R16,R17,R18,R19,R20,R21,R22,R23,R24,R25,R26
CmdOnOffOderList := R0
R0 := {}
R0["/battlemode"] := 1
R0["/notrade"] := 1
R0["/noshift"] := 1
R0["/noctrl"] := 0
R0["/skillfail"] := 1
R0["/notalkmsg"] := 1
R0["/notalkmsg2"] := 1
R0["/showname"] := 1
R0["/fog"] := 1
R0["/aura"] := 1
R0["/window"] := 1
R0["/miss"] := 1
R0["/q1"] := 0
R0["/q2"] := 0
R0["/effect"] := 1
R0["/bgm"] := 1
R0["/sound"] := 1
R0["/loginout"] := 1
R0["/shopping"] := 1
R0["/stateinfo"] := 1
R0["/snap"] := 0
R0["/itemsnap"] := 0
R0["/skillsnap"] := 1
R0["/hoai"] := 0
R0["/merai"] := 0
R0["/camera"] := 0
R0["/btg"] := 1
CmdOnOffList := R0
R0 := {}
R1 := MsgStrID
R1 := R1["MSI_BATTLEMODE"]
R0["/battlemode"] := R1
R1 := MsgStrID
R1 := R1["MSI_NOTRADE"]
R0["/notrade"] := R1
R1 := MsgStrID
R1 := R1["MSI_NOSHIFT"]
R0["/noshift"] := R1
R1 := MsgStrID
R1 := R1["MSI_NOCTRL"]
R0["/noctrl"] := R1
R1 := MsgStrID
R1 := R1["MSI_SKILLFAIL"]
R0["/skillfail"] := R1
R1 := MsgStrID
R1 := R1["MSI_NOTALKMSG"]
R0["/notalkmsg"] := R1
R1 := MsgStrID
R1 := R1["MSI_NOTALKMSG2"]
R0["/notalkmsg2"] := R1
R1 := MsgStrID
R1 := R1["MSI_SHOWNAME_ON"]
R0["/showname_on"] := R1
R1 := MsgStrID
R1 := R1["MSI_SHOWNAME_OFF"]
R0["/showname_off"] := R1
R1 := MsgStrID
R1 := R1["MSI_FOG"]
R0["/fog"] := R1
R1 := MsgStrID
R1 := R1["MSI_AURA"]
R0["/aura"] := R1
R1 := MsgStrID
R1 := R1["MSI_WINDOW"]
R0["/window"] := R1
R1 := MsgStrID
R1 := R1["MSI_MISS"]
R0["/miss"] := R1
R1 := MsgStrID
R1 := R1["MSI_Q1"]
R0["/q1"] := R1
R1 := MsgStrID
R1 := R1["MSI_Q2"]
R0["/q2"] := R1
R1 := MsgStrID
R1 := R1["MSI_EFFECT"]
R0["/effect"] := R1
R1 := MsgStrID
R1 := R1["MSI_BGM"]
R0["/bgm"] := R1
R1 := MsgStrID
R1 := R1["MSI_SOUND"]
R0["/sound"] := R1
R1 := MsgStrID
R1 := R1["MSI_LOGINOUT"]
R0["/loginout"] := R1
R1 := MsgStrID
R1 := R1["MSI_SHOPPING"]
R0["/shopping"] := R1
R1 := MsgStrID
R1 := R1["MSI_STATEINFO"]
R0["/stateinfo"] := R1
R1 := MsgStrID
R1 := R1["MSI_SNAP"]
R0["/snap"] := R1
R1 := MsgStrID
R1 := R1["MSI_ITEMSNAP"]
R0["/itemsnap"] := R1
R1 := MsgStrID
R1 := R1["MSI_SKILLSNAP"]
R0["/skillsnap"] := R1
R1 := MsgStrID
R1 := R1["MSI_HOAI"]
R0["/hoai"] := R1
R1 := MsgStrID
R1 := R1["MSI_MERAI"]
R0["/merai"] := R1
R1 := MsgStrID
R1 := R1["MSI_CAMERA"]
R0["/camera"] := R1
R1 := MsgStrID
R1 := R1["MSI_BTG"]
R0["/btg"] := R1
R1 := MsgStrID
R1 := R1["MSI_HI"]
R0["/hi"] := R1
R1 := MsgStrID
R1 := R1["MSI_BLACKSMITH"]
R0["/blacksmith"] := R1
R1 := MsgStrID
R1 := R1["MSI_ALCHEMIST"]
R0["/alchemist"] := R1
R1 := MsgStrID
R1 := R1["MSI_HELP"]
R0["/help"] := R1
R1 := MsgStrID
R1 := R1["MSI_WHO"]
R0["/who"] := R1
R1 := MsgStrID
R1 := R1["MSI_SIT"]
R0["/sit"] := R1
R1 := MsgStrID
R1 := R1["MSI_STAND"]
R0["/stand"] := R1
R1 := MsgStrID
R1 := R1["MSI_Q"]
R0["/q"] := R1
R1 := MsgStrID
R1 := R1["MSI_LEAVE"]
R0["/leave"] := R1
R1 := MsgStrID
R1 := R1["MSI_WHERE"]
R0["/where"] := R1
R1 := MsgStrID
R1 := R1["MSI_MEMO"]
R0["/memo"] := R1
R1 := MsgStrID
R1 := R1["MSI_CHAT"]
R0["/chat"] := R1
R1 := MsgStrID
R1 := R1["MSI_SAVECHAT"]
R0["/savechat"] := R1
R1 := MsgStrID
R1 := R1["MSI_DORIDORI"]
R0["/doridori"] := R1
R1 := MsgStrID
R1 := R1["MSI_BANGBANG"]
R0["/bangbang"] := R1
R1 := MsgStrID
R1 := R1["MSI_BINGBING"]
R0["/bingbing"] := R1
R1 := MsgStrID
R1 := R1["MSI_EX"]
R0["/ex"] := R1
R1 := MsgStrID
R1 := R1["MSI_INALL"]
R0["/inall"] := R1
R1 := MsgStrID
R1 := R1["MSI_EXALL"]
R0["/exall"] := R1
R1 := MsgStrID
R1 := R1["MSI_PVPINFO"]
R0["/pvpinfo"] := R1
R1 := MsgStrID
R1 := R1["MSI_HUNTING"]
R0["/hunting"] := R1
CmdHelpList := R0
R0 := {}
R0["Window_XPos"] := -1
R0["Window_YPos"] := -1
R0["Trilinear"] := 0
R0["Bgm_Volume"] := 100
R0["Effect_Volume"] := 100
R0["AutoOpen1to1Window"] := 1
R0["AutoOpen1to1Window_Friend"] := 1
R0["PlaySound_Open1to1Window"] := 1
R0["Simplicity_SkillList"] := 0
R0["Show_SkillDescript"] := 0
R0["ChangeChatMode"] := 1
R0["LockMouse"] := 0
R0["ChannelCopID"] := 0
R0["Outdoor_ViewLatitude"] := -45
R0["Outdoor_ViewDistance"] := 300
R0["Indoor_ViewLatitude"] := -45
R0["Indoor_ViewDistance"] := 300
R0["SkinName"] := "<Basic Skin>"
OptionInfoList := R0
return 
