R0 := {}
R1 := ACCESSORY_IDs
R1 := R1["ACCESSORY_GOGGLES"]
R0[R1] := "_GOGGLES"
R1 := ACCESSORY_IDs
R1 := R1["ACCESSORY_CATTYHAIRBAND"]
R0[R1] := "_CATTYHAIRBAND"
R1 := ACCESSORY_IDs
R1 := R1["ACCESSORY_GLASS"]
R0[R1] := "_GLASS"
R1 := ACCESSORY_IDs
R1 := R1["ACCESSORY_FLOWER"]
R0[R1] := "_FLOWER"
R1 := ACCESSORY_IDs
R1 := R1["ACCESSORY_FLORALHAIRBAND"]
R0[R1] := "_FLORALHAIRBAND"
R1 := ACCESSORY_IDs
R1 := R1["ACCESSORY_HOOD"]
R0[R1] := "_HOOD"
R1 := ACCESSORY_IDs
R1 := R1["ACCESSORY_ROUNDCAP"]
R0[R1] := "_ROUNDCAP"
R1 := ACCESSORY_IDs
R1 := R1["ACCESSORY_FLUMASK"]
R0[R1] := "_FLUMASK"
R1 := ACCESSORY_IDs
R1 := R1["ACCESSORY_HAIRBAND"]
R0[R1] := "_HAIRBAND"
R1 := ACCESSORY_IDs
R1 := R1["ACCESSORY_DIVERSGOGGLES"]
R0[R1] := "_DIVERSGOGGLES"
R1 := ACCESSORY_IDs
R1 := R1["ACCESSORY_BIRETTA"]
R0[R1] := "_BIRETTA"
R1 := ACCESSORY_IDs
R1 := R1["ACCESSORY_SUNGLASS"]
R0[R1] := "_SUNGLASS"
R1 := ACCESSORY_IDs
R1 := R1["ACCESSORY_EYEBANDAGE"]
R0[R1] := "_EYEBANDAGE"
R1 := ACCESSORY_IDs
R1 := R1["ACCESSORY_CAP"]
R0[R1] := "_CAP"
R1 := ACCESSORY_IDs
R1 := R1["ACCESSORY_BUNNYBAND"]
R0[R1] := "_BUNNYBAND"
R1 := ACCESSORY_IDs
R1 := R1["ACCESSORY_HAT"]
R0[R1] := "_HAT"
R1 := ACCESSORY_IDs
R1 := R1["ACCESSORY_RIBBON"]
R0[R1] := "_RIBBON"
R1 := ACCESSORY_IDs
R1 := R1["ACCESSORY_CIRCLET"]
R0[R1] := "_CIRCLET"
R1 := ACCESSORY_IDs
R1 := R1["ACCESSORY_TIARA"]
R0[R1] := "_TIARA"
R1 := ACCESSORY_IDs
R1 := R1["ACCESSORY_SANTAHAT"]
R0[R1] := "_SANTAHAT"
R1 := ACCESSORY_IDs
R1 := R1["ACCESSORY_BEARD"]
R0[R1] := "_BEARD"
R1 := ACCESSORY_IDs
R1 := R1["ACCESSORY_MUSTACHE"]
R0[R1] := "_MUSTACHE"
R1 := ACCESSORY_IDs
R1 := R1["ACCESSORY_SPECTACLE"]
R0[R1] := "_SPECTACLE"
R1 := ACCESSORY_IDs
R1 := R1["ACCESSORY_BLACK_BEARD"]
R0[R1] := "_BLACK_BEARD"
R1 := ACCESSORY_IDs
R1 := R1["ACCESSORY_WHITE_BEARD"]
R0[R1] := "_WHITE_BEARD"
R1 := ACCESSORY_IDs
R1 := R1["ACCESSORY_QUALITY_SUNGLASS"]
R0[R1] := "_QUALITY_SUNGLASS"
R1 := ACCESSORY_IDs
R1 := R1["ACCESSORY_SPIN_GLASS"]
R0[R1] := "_SPIN_GLASS"
R1 := ACCESSORY_IDs
R1 := R1["ACCESSORY_LARGE_RIBBON"]
R0[R1] := "_LARGE_RIBBON"
R1 := ACCESSORY_IDs
R1 := R1["ACCESSORY_SWEET_GENTLE"]
R0[R1] := "_SWEET_GENTLE"
R1 := ACCESSORY_IDs
R1 := R1["ACCESSORY_GOLDEN_HEADGEAR"]
R0[R1] := "_GOLDEN_HEADGEAR"
R1 := ACCESSORY_IDs
R1 := R1["ACCESSORY_OLDSTER_ROMANCE"]
R0[R1] := "_OLDSTER_ROMANCE"
R1 := ACCESSORY_IDs
R1 := R1["ACCESSORY_WESTERN_GRACE"]
R0[R1] := "_WESTERN_GRACE"
R1 := ACCESSORY_IDs
R1 := R1["ACCESSORY_CORONET"]
R0[R1] := "_CORONET"
R1 := ACCESSORY_IDs
R1 := R1["ACCESSORY_HAIR_STRING"]
R0[R1] := "_HAIR_STRING"
R1 := ACCESSORY_IDs
R1 := R1["ACCESSORY_PRIEST_CAP"]
R0[R1] := "_PRIEST_CAP"
R1 := ACCESSORY_IDs
R1 := R1["ACCESSORY_WIZARD_HAT"]
R0[R1] := "_WIZARD_HAT"
R1 := ACCESSORY_IDs
R1 := R1["ACCESSORY_SUNFLOWER"]
R0[R1] := "_SUNFLOWER"
R1 := ACCESSORY_IDs
R1 := R1["ACCESSORY_ANGEL_HAIRBAND"]
R0[R1] := "_ANGEL_HAIRBAND"
R1 := ACCESSORY_IDs
R1 := R1["ACCESSORY_DEVIL_HAIRBAND"]
R0[R1] := "_DEVIL_HAIRBAND"
R1 := ACCESSORY_IDs
R1 := R1["ACCESSORY_HELM"]
R0[R1] := "_HELM"
R1 := ACCESSORY_IDs
R1 := R1["ACCESSORY_MAJESTIC_GOUT"]
R0[R1] := "_MAJESTIC_GOUT"
R1 := ACCESSORY_IDs
R1 := R1["ACCESSORY_WHITE_HORN"]
R0[R1] := "_WHITE_HORN"
R1 := ACCESSORY_IDs
R1 := R1["ACCESSORY_SHARP_HEADGEAR"]
R0[R1] := "_SHARP_HEADGEAR"
R1 := ACCESSORY_IDs
R1 := R1["ACCESSORY_WEDDING_VEIL"]
R0[R1] := "_WEDDING_VEIL"
R1 := ACCESSORY_IDs
R1 := R1["ACCESSORY_CROWN"]
R0[R1] := "_CROWN"
R1 := ACCESSORY_IDs
R1 := R1["ACCESSORY_PROPELLER"]
R0[R1] := "_PROPELLER"
R1 := ACCESSORY_IDs
R1 := R1["ACCESSORY_TINY_EYE_GLASSES"]
R0[R1] := "_TINY_EYE_GLASSES"
R1 := ACCESSORY_IDs
R1 := R1["ACCESSORY_PRONTERA_ARMY_CAP"]
R0[R1] := "_PRONTERA_ARMY_CAP"
R1 := ACCESSORY_IDs
R1 := R1["ACCESSORY_PIERROTS_NOSE"]
R0[R1] := "_PIERROTS_NOSE"
R1 := ACCESSORY_IDs
R1 := R1["ACCESSORY_PIRATES_EYEBANDAGE"]
R0[R1] := "_PIRATES_EYEBANDAGE"
R1 := ACCESSORY_IDs
R1 := R1["ACCESSORY_MUNAK_TURBAN"]
R0[R1] := "_MUNAK_TURBAN"
R1 := ACCESSORY_IDs
R1 := R1["ACCESSORY_HIP_HOP_MASK"]
R0[R1] := "_HIP_HOP_MASK"
R1 := ACCESSORY_IDs
R1 := R1["ACCESSORY_IRONCANE"]
R0[R1] := "_IRONCANE"
R1 := ACCESSORY_IDs
R1 := R1["ACCESSORY_CIGAR"]
R0[R1] := "_CIGAR"
R1 := ACCESSORY_IDs
R1 := R1["ACCESSORY_CIGAR_PIPE"]
R0[R1] := "_CIGAR_PIPE"
R1 := ACCESSORY_IDs
R1 := R1["ACCESSORY_SENTIMENTAL_FLOWER"]
R0[R1] := "_SENTIMENTAL_FLOWER"
R1 := ACCESSORY_IDs
R1 := R1["ACCESSORY_SENTIMENTAL_BLADE"]
R0[R1] := "_SENTIMENTAL_BLADE"
R1 := ACCESSORY_IDs
R1 := R1["ACCESSORY_HEY_DUDE"]
R0[R1] := "_HEY_DUDE"
R1 := ACCESSORY_IDs
R1 := R1["ACCESSORY_STOP_SIGNPOST"]
R0[R1] := "_STOP_SIGNPOST"
R1 := ACCESSORY_IDs
R1 := R1["ACCESSORY_DOCTOR_BAND"]
R0[R1] := "_DOCTOR_BAND"
R1 := ACCESSORY_IDs
R1 := R1["ACCESSORY_JAPANESE_GHOST"]
R0[R1] := "_JAPANESE_GHOST"
R1 := ACCESSORY_IDs
R1 := R1["ACCESSORY_SCARLET_BANDANA"]
R0[R1] := "_SCARLET_BANDANA"
R1 := ACCESSORY_IDs
R1 := R1["ACCESSORY_EAGLE_EYES"]
R0[R1] := "_EAGLE_EYES"
R1 := ACCESSORY_IDs
R1 := R1["ACCESSORY_NURSE_CAP"]
R0[R1] := "_NURSE_CAP"
R1 := ACCESSORY_IDs
R1 := R1["ACCESSORY_SMILE"]
R0[R1] := "_SMILE"
R1 := ACCESSORY_IDs
R1 := R1["ACCESSORY_BOMB_WICK"]
R0[R1] := "_BOMB_WICK"
R1 := ACCESSORY_IDs
R1 := R1["ACCESSORY_SAHT_GAHT"]
R0[R1] := "_SAHT_GAHT"
R1 := ACCESSORY_IDs
R1 := R1["ACCESSORY_MASQUERADE"]
R0[R1] := "_MASQUERADE"
R1 := ACCESSORY_IDs
R1 := R1["ACCESSORY_SERAPHIC_RING"]
R0[R1] := "_SERAPHIC_RING"
R1 := ACCESSORY_IDs
R1 := R1["ACCESSORY_EARMUFFS"]
R0[R1] := "_EARMUFFS"
R1 := ACCESSORY_IDs
R1 := R1["ACCESSORY_MOOSE_HORN"]
R0[R1] := "_MOOSE_HORN"
R1 := ACCESSORY_IDs
R1 := R1["ACCESSORY_THE_APPLE_OF_WILHELM_TELL"]
R0[R1] := "_THE_APPLE_OF_WILHELM_TELL"
R1 := ACCESSORY_IDs
R1 := R1["ACCESSORY_TINKER_BELL"]
R0[R1] := "_TINKER_BELL"
R1 := ACCESSORY_IDs
R1 := R1["ACCESSORY_PIRATE_BANDANA"]
R0[R1] := "_PIRATE_BANDANA"
R1 := ACCESSORY_IDs
R1 := R1["ACCESSORY_MUNCHS_SCREAM"]
R0[R1] := "_MUNCHS_SCREAM"
R1 := ACCESSORY_IDs
R1 := R1["ACCESSORY_POO_POO_HAT"]
R0[R1] := "_POO_POO_HAT"
R1 := ACCESSORY_IDs
R1 := R1["ACCESSORY_KOEAN_FUNERAL_COSTUME"]
R0[R1] := "_KOEAN_FUNERAL_COSTUME"
R1 := ACCESSORY_IDs
R1 := R1["ACCESSORY_BUTTERFLY_MASQUE"]
R0[R1] := "_BUTTERFLY_MASQUE"
R1 := ACCESSORY_IDs
R1 := R1["ACCESSORY_WELDER_MASK"]
R0[R1] := "_WELDER_MASK"
R1 := ACCESSORY_IDs
R1 := R1["ACCESSORY_PRETEND_TO_BE_MURDERED"]
R0[R1] := "_PRETEND_TO_BE_MURDERED"
R1 := ACCESSORY_IDs
R1 := R1["ACCESSORY_STAR_DUST"]
R0[R1] := "_STAR_DUST"
R1 := ACCESSORY_IDs
R1 := R1["ACCESSORY_EYE_MASK"]
R0[R1] := "_EYE_MASK"
R1 := ACCESSORY_IDs
R1 := R1["ACCESSORY_BINOCULARS"]
R0[R1] := "_BINOCULARS"
R1 := ACCESSORY_IDs
R1 := R1["ACCESSORY_GOBLIN_MASQUE"]
R0[R1] := "_GOBLIN_MASQUE"
R1 := ACCESSORY_IDs
R1 := R1["ACCESSORY_GREEN_FEELER"]
R0[R1] := "_GREEN_FEELER"
R1 := ACCESSORY_IDs
R1 := R1["ACCESSORY_VIKING_HELMET"]
R0[R1] := "_VIKING_HELMET"
R1 := ACCESSORY_IDs
R1 := R1["ACCESSORY_HEAD_SET"]
R0[R1] := "_HEAD_SET"
R1 := ACCESSORY_IDs
R1 := R1["ACCESSORY_GEMMED_CROWN"]
R0[R1] := "_GEMMED_CROWN"
R1 := ACCESSORY_IDs
R1 := R1["ACCESSORY_PIERROT_CROWN"]
R0[R1] := "_PIERROT_CROWN"
R1 := ACCESSORY_IDs
R1 := R1["ACCESSORY_OXYGEN_MASK"]
R0[R1] := "_OXYGEN_MASK"
R1 := ACCESSORY_IDs
R1 := R1["ACCESSORY_GAS_MASK"]
R0[R1] := "_GAS_MASK"
R1 := ACCESSORY_IDs
R1 := R1["ACCESSORY_MACHO_MANS_GLASSES"]
R0[R1] := "_MACHO_MANS_GLASSES"
R1 := ACCESSORY_IDs
R1 := R1["ACCESSORY_LORD_CIRCLET"]
R0[R1] := "_LORD_CIRCLET"
R1 := ACCESSORY_IDs
R1 := R1["ACCESSORY_PUPPY_LOVE"]
R0[R1] := "_PUPPY_LOVE"
R1 := ACCESSORY_IDs
R1 := R1["ACCESSORY_CRASH_HELMET"]
R0[R1] := "_CRASH_HELMET"
R1 := ACCESSORY_IDs
R1 := R1["ACCESSORY_INDIAN_BAND"]
R0[R1] := "_INDIAN_BAND"
R1 := ACCESSORY_IDs
R1 := R1["ACCESSORY_AERIAL"]
R0[R1] := "_AERIAL"
R1 := ACCESSORY_IDs
R1 := R1["ACCESSORY_BA_HAT"]
R0[R1] := "_BA_HAT"
R1 := ACCESSORY_IDs
R1 := R1["ACCESSORY_HORN_OF_LORD_KAHO"]
R0[R1] := "_HORN_OF_LORD_KAHO"
R1 := ACCESSORY_IDs
R1 := R1["ACCESSORY_FIN_HELM"]
R0[R1] := "_FIN_HELM"
R1 := ACCESSORY_IDs
R1 := R1["ACCESSORY_EGG_SHELL"]
R0[R1] := "_EGG_SHELL"
R1 := ACCESSORY_IDs
R1 := R1["ACCESSORY_KOREAN_SCHOOL_HAT"]
R0[R1] := "_KOREAN_SCHOOL_HAT"
R1 := ACCESSORY_IDs
R1 := R1["ACCESSORY_BONE_HELM"]
R0[R1] := "_BONE_HELM"
R1 := ACCESSORY_IDs
R1 := R1["ACCESSORY_WILHELM_TELLS_HAT"]
R0[R1] := "_WILHELM_TELLS_HAT"
R1 := ACCESSORY_IDs
R1 := R1["ACCESSORY_CORSAIR"]
R0[R1] := "_CORSAIR"
R1 := ACCESSORY_IDs
R1 := R1["ACCESSORY_BAND_OF_KAFRA"]
R0[R1] := "_BAND_OF_KAFRA"
R1 := ACCESSORY_IDs
R1 := R1["ACCESSORY_LOST_MONEY_HEART"]
R0[R1] := "_LOST_MONEY_HEART"
R1 := ACCESSORY_IDs
R1 := R1["ACCESSORY_BUNDLE"]
R0[R1] := "_BUNDLE"
R1 := ACCESSORY_IDs
R1 := R1["ACCESSORY_CAKE_HAT"]
R0[R1] := "_CAKE_HAT"
R1 := ACCESSORY_IDs
R1 := R1["ACCESSORY_ANGEL_HELM"]
R0[R1] := "_ANGEL_HELM"
R1 := ACCESSORY_IDs
R1 := R1["ACCESSORY_COOKER_HAT"]
R0[R1] := "_COOKER_HAT"
R1 := ACCESSORY_IDs
R1 := R1["ACCESSORY_MAGE_HAT"]
R0[R1] := "_MAGE_HAT"
R1 := ACCESSORY_IDs
R1 := R1["ACCESSORY_CANDLE"]
R0[R1] := "_CANDLE"
R1 := ACCESSORY_IDs
R1 := R1["ACCESSORY_SPORE_HAT"]
R0[R1] := "_SPORE_HAT"
R1 := ACCESSORY_IDs
R1 := R1["ACCESSORY_PANDA_HAT"]
R0[R1] := "_PANDA_HAT"
R1 := ACCESSORY_IDs
R1 := R1["ACCESSORY_MINE_HAT"]
R0[R1] := "_MINE_HAT"
R1 := ACCESSORY_IDs
R1 := R1["ACCESSORY_OUTSIDE_HAT"]
R0[R1] := "_OUTSIDE_HAT"
R1 := ACCESSORY_IDs
R1 := R1["ACCESSORY_RACCOON_HAT"]
R0[R1] := "_RACCOON_HAT"
R1 := ACCESSORY_IDs
R1 := R1["ACCESSORY_LAMP_BAND"]
R0[R1] := "_LAMP_BAND"
R1 := ACCESSORY_IDs
R1 := R1["ACCESSORY_PORING_HAT"]
R0[R1] := "_PORING_HAT"
R1 := ACCESSORY_IDs
R1 := R1["ACCESSORY_CROSS_BAND"]
R0[R1] := "_CROSS_BAND"
R1 := ACCESSORY_IDs
R1 := R1["ACCESSORY_NUT_SHELL"]
R0[R1] := "_NUT_SHELL"
R1 := ACCESSORY_IDs
R1 := R1["ACCESSORY_YOUNG_DEVIL_HAT"]
R0[R1] := "_YOUNG_DEVIL_HAT"
R1 := ACCESSORY_IDs
R1 := R1["ACCESSORY_SPOT_EGG_SHELL"]
R0[R1] := "_SPOT_EGG_SHELL"
R1 := ACCESSORY_IDs
R1 := R1["ACCESSORY_DYE_RED"]
R0[R1] := "_DYE_RED"
R1 := ACCESSORY_IDs
R1 := R1["ACCESSORY_HEART_HAIRPIN"]
R0[R1] := "_HEART_HAIRPIN"
R1 := ACCESSORY_IDs
R1 := R1["ACCESSORY_HAIR_CLOTH"]
R0[R1] := "_HAIR_CLOTH"
R1 := ACCESSORY_IDs
R2 := "ACCESSORY_GHOST_MASK"
R1 := R1[R2]
R2 := "_GHOST_MASK"
R0[R1] := R2
R1 := ACCESSORY_IDs
R2 := "ACCESSORY_DEVIL_WING"
R1 := R1[R2]
R2 := "_DEVIL_WING"
R0[R1] := R2
R1 := ACCESSORY_IDs
R2 := "ACCESSORY_WIZARD_HEADGEAR"
R1 := R1[R2]
R2 := "_WIZARD_HEADGEAR"
R0[R1] := R2
R1 := ACCESSORY_IDs
R2 := "ACCESSORY_FASION_SUNGLASSES"
R1 := R1[R2]
R2 := "_FASION_SUNGLASSES"
R0[R1] := R2
R1 := ACCESSORY_IDs
R2 := "ACCESSORY_MOON_HEARPIN"
R1 := R1[R2]
R2 := "_MOON_HEARPIN"
R0[R1] := R2
R1 := ACCESSORY_IDs
R2 := "ACCESSORY_STRIPES_BAND"
R1 := R1[R2]
R2 := "_STRIPES_BAND"
R0[R1] := R2
R1 := ACCESSORY_IDs
R2 := "ACCESSORY_MYSTIC_NUT_SHELL"
R1 := R1[R2]
R2 := "_MYSTIC_NUT_SHELL"
R0[R1] := R2
R1 := ACCESSORY_IDs
R2 := "ACCESSORY_CAT_BELL"
R1 := R1[R2]
R2 := "_CAT_BELL"
R0[R1] := R2
R1 := ACCESSORY_IDs
R2 := "ACCESSORY_BLUE_BAND"
R1 := R1[R2]
R2 := "_BLUE_BAND"
R0[R1] := R2
R1 := ACCESSORY_IDs
R2 := "ACCESSORY_SPHINX_HAT"
R1 := R1[R2]
R2 := "_SPHINX_HAT"
R0[R1] := R2
R1 := ACCESSORY_IDs
R2 := "ACCESSORY_SUN_GOD_HAT"
R1 := R1[R2]
R2 := "_SUN_GOD_HAT"
R0[R1] := R2
R1 := ACCESSORY_IDs
R2 := "ACCESSORY_BOMGUN_HAT"
R1 := R1[R2]
R2 := "_BOMGUN_HAT"
R0[R1] := R2
R1 := ACCESSORY_IDs
R2 := "ACCESSORY_LOVE_NUT"
R1 := R1[R2]
R2 := "_LOVE_NUT"
R0[R1] := R2
R1 := ACCESSORY_IDs
R2 := "ACCESSORY_BLACKCAT_EAR"
R1 := R1[R2]
R2 := "_BLACKCAT_EAR"
R0[R1] := R2
R1 := ACCESSORY_IDs
R2 := "ACCESSORY_LAZYCAT"
R1 := R1[R2]
R2 := "_LAZYCAT"
R0[R1] := R2
R1 := ACCESSORY_IDs
R2 := "ACCESSORY_BEAR_HAT"
R1 := R1[R2]
R2 := "_BEAR_HAT"
R0[R1] := R2
R1 := ACCESSORY_IDs
R2 := "ACCESSORY_KOCAL_HAT"
R1 := R1[R2]
R2 := "_KOCAL_HAT"
R0[R1] := R2
R1 := ACCESSORY_IDs
R2 := "ACCESSORY_FLOWER_HAIRPIN"
R1 := R1[R2]
R2 := "_FLOWER_HAIRPIN"
R0[R1] := R2
R1 := ACCESSORY_IDs
R2 := "ACCESSORY_MILZIP_HAT"
R1 := R1[R2]
R2 := "_MILZIP_HAT"
R0[R1] := R2
R1 := ACCESSORY_IDs
R2 := "ACCESSORY_DAEILBAND"
R1 := R1[R2]
R2 := "_DAEILBAND"
R0[R1] := R2
R1 := ACCESSORY_IDs
R2 := "ACCESSORY_LEAF_HELM"
R1 := R1[R2]
R2 := "_LEAF_HELM"
R0[R1] := R2
R1 := ACCESSORY_IDs
R2 := "ACCESSORY_FISH_HAT"
R1 := R1[R2]
R2 := "_FISH_HAT"
R0[R1] := R2
R1 := ACCESSORY_IDs
R2 := "ACCESSORY_SERCUBUS_HORN"
R1 := R1[R2]
R2 := "_SERCUBUS_HORN"
R0[R1] := R2
R1 := ACCESSORY_IDs
R2 := "ACCESSORY_SOM_BRERO"
R1 := R1[R2]
R2 := "_SOM_BRERO"
R0[R1] := R2
R1 := ACCESSORY_IDs
R2 := "ACCESSORY_DEVILWING_EAR"
R1 := R1[R2]
R2 := "_DEVILWING_EAR"
R0[R1] := R2
R1 := ACCESSORY_IDs
R2 := "ACCESSORY_FOX_MASK"
R1 := R1[R2]
R2 := "_FOX_MASK"
R0[R1] := R2
R1 := ACCESSORY_IDs
R2 := "ACCESSORY_FIRE_HEADBAND"
R1 := R1[R2]
R2 := "_FIRE_HEADBAND"
R0[R1] := R2
R1 := ACCESSORY_IDs
R2 := "ACCESSORY_INDIAN_HEADBAND"
R1 := R1[R2]
R2 := "_INDIAN_HEADBAND"
R0[R1] := R2
R1 := ACCESSORY_IDs
R2 := "ACCESSORY_INCUBUS_HORN"
R1 := R1[R2]
R2 := "_INCUBUS_HORN"
R0[R1] := R2
R1 := ACCESSORY_IDs
R2 := "ACCESSORY_STRAIGHT_HAT"
R1 := R1[R2]
R2 := "_STRAIGHT_HAT"
R0[R1] := R2
R1 := ACCESSORY_IDs
R2 := "ACCESSORY_ANGELWING_EAR"
R1 := R1[R2]
R2 := "_ANGELWING_EAR"
R0[R1] := R2
R1 := ACCESSORY_IDs
R2 := "ACCESSORY_COWBOY_HAT"
R1 := R1[R2]
R2 := "_COWBOY_HAT"
R0[R1] := R2
R1 := ACCESSORY_IDs
R2 := "ACCESSORY_FUR_HAT"
R1 := R1[R2]
R2 := "_FUR_HAT"
R0[R1] := R2
R1 := ACCESSORY_IDs
R2 := "ACCESSORY_TULIP_HAIRPIN"
R1 := R1[R2]
R2 := "_TULIP_HAIRPIN"
R0[R1] := R2
R1 := ACCESSORY_IDs
R2 := "ACCESSORY_HAEDAL_HAT"
R1 := R1[R2]
R2 := "_HAEDAL_HAT"
R0[R1] := R2
R1 := ACCESSORY_IDs
R2 := "ACCESSORY_X_HAIRPIN"
R1 := R1[R2]
R2 := "_X_HAIRPIN"
R0[R1] := R2
R1 := ACCESSORY_IDs
R2 := "ACCESSORY_QUEEN_HELM"
R1 := R1[R2]
R2 := "_QUEEN_HELM"
R0[R1] := R2
R1 := ACCESSORY_IDs
R2 := "ACCESSORY_MISTRESS_CROWN"
R1 := R1[R2]
R2 := "_MISTRESS_CROWN"
R0[R1] := R2
R1 := ACCESSORY_IDs
R2 := "ACCESSORY_MUSHROOM_HEADBAND"
R1 := R1[R2]
R2 := "_MUSHROOM_HEADBAND"
R0[R1] := R2
R1 := ACCESSORY_IDs
R2 := "ACCESSORY_REDTAIL_RIBBON"
R1 := R1[R2]
R2 := "_REDTAIL_RIBBON"
R0[R1] := R2
R1 := ACCESSORY_IDs
R2 := "ACCESSORY_LAZY_RACCOON"
R1 := R1[R2]
R2 := "_LAZY_RACCOON"
R0[R1] := R2
R1 := ACCESSORY_IDs
R2 := "ACCESSORY_BELOWEAR_RIBBON"
R1 := R1[R2]
R2 := "_BELOWEAR_RIBBON"
R0[R1] := R2
R1 := ACCESSORY_IDs
R2 := "ACCESSORY_ALARM_MASK"
R1 := R1[R2]
R2 := "_ALARM_MASK"
R0[R1] := R2
R1 := ACCESSORY_IDs
R2 := "ACCESSORY_GOBLIN_MASK1"
R1 := R1[R2]
R2 := "_GOBLIN_MASK1"
R0[R1] := R2
R1 := ACCESSORY_IDs
R2 := "ACCESSORY_GOBLIN_MASK2"
R1 := R1[R2]
R2 := "_GOBLIN_MASK2"
R0[R1] := R2
R1 := ACCESSORY_IDs
R2 := "ACCESSORY_GOBLIN_MASK3"
R1 := R1[R2]
R2 := "_GOBLIN_MASK3"
R0[R1] := R2
R1 := ACCESSORY_IDs
R2 := "ACCESSORY_GOBLIN_MASK4"
R1 := R1[R2]
R2 := "_GOBLIN_MASK4"
R0[R1] := R2
R1 := ACCESSORY_IDs
R2 := "ACCESSORY_BIGGOLDEN_BELL"
R1 := R1[R2]
R2 := "_BIGGOLDEN_BELL"
R0[R1] := R2
R1 := ACCESSORY_IDs
R2 := "ACCESSORY_SISTER_HAT"
R1 := R1[R2]
R2 := "_SISTER_HAT"
R0[R1] := R2
R1 := ACCESSORY_IDs
R2 := "ACCESSORY_SISTER_HAT2"
R1 := R1[R2]
R2 := "_SISTER_HAT2"
R0[R1] := R2
R1 := ACCESSORY_IDs
R2 := "ACCESSORY_ORCHERO_HELM"
R1 := R1[R2]
R2 := "_ORCHERO_HELM"
R0[R1] := R2
R1 := ACCESSORY_IDs
R2 := "ACCESSORY_ORCHERO_HELM2"
R1 := R1[R2]
R2 := "_ORCHERO_HELM2"
R0[R1] := R2
R1 := ACCESSORY_IDs
R2 := "ACCESSORY_ASSASSIN_MASK"
R1 := R1[R2]
R2 := "_ASSASSIN_MASK"
R0[R1] := R2
R1 := ACCESSORY_IDs
R2 := "ACCESSORY_TIGER_MASK"
R1 := R1[R2]
R2 := "_TIGER_MASK"
R0[R1] := R2
R1 := ACCESSORY_IDs
R2 := "ACCESSORY_CAT_HAT"
R1 := R1[R2]
R2 := "_CAT_HAT"
R0[R1] := R2
R1 := ACCESSORY_IDs
R2 := "ACCESSORY_SALE_HAT"
R1 := R1[R2]
R2 := "_SALE_HAT"
R0[R1] := R2
R1 := ACCESSORY_IDs
R2 := "ACCESSORY_TAKIUS"
R1 := R1[R2]
R2 := "_TAKIUS"
R0[R1] := R2
R1 := ACCESSORY_IDs
R2 := "ACCESSORY_BATTLEONLINE"
R1 := R1[R2]
R2 := "_BATTLEONLINE"
R0[R1] := R2
R1 := ACCESSORY_IDs
R2 := "ACCESSORY_HAEBARAGI_PIN"
R1 := R1[R2]
R2 := "_HAEBARAGI_PIN"
R0[R1] := R2
R1 := ACCESSORY_IDs
R2 := "ACCESSORY_BLACK_EYECOVER"
R1 := R1[R2]
R2 := "_BLACK_EYECOVER"
R0[R1] := R2
R1 := ACCESSORY_IDs
R2 := "ACCESSORY_TOAST"
R1 := R1[R2]
R2 := "_TOAST"
R0[R1] := R2
R1 := ACCESSORY_IDs
R2 := "ACCESSORY_DECTECTIVE_HAT"
R1 := R1[R2]
R2 := "_DECTECTIVE_HAT"
R0[R1] := R2
R1 := ACCESSORY_IDs
R2 := "ACCESSORY_CHAYANG_HAT"
R1 := R1[R2]
R2 := "_CHAYANG_HAT"
R0[R1] := R2
R1 := ACCESSORY_IDs
R2 := "ACCESSORY_BABY"
R1 := R1[R2]
R2 := "_BABY"
R0[R1] := R2
R1 := ACCESSORY_IDs
R2 := "ACCESSORY_DUCK_HAT"
R1 := R1[R2]
R2 := "_DUCK_HAT"
R0[R1] := R2
R1 := ACCESSORY_IDs
R2 := "ACCESSORY_SUNO_HAT"
R1 := R1[R2]
R2 := "_SUNO_HAT"
R0[R1] := R2
R1 := ACCESSORY_IDs
R2 := "ACCESSORY_ANGRY_MOUTH"
R1 := R1[R2]
R2 := "_ANGRY_MOUTH"
R0[R1] := R2
R1 := ACCESSORY_IDs
R2 := "ACCESSORY_BEONG_HAT"
R1 := R1[R2]
R2 := "_BEONG_HAT"
R0[R1] := R2
R1 := ACCESSORY_IDs
R2 := "ACCESSORY_COLDPROTECT_HAT"
R1 := R1[R2]
R2 := "_COLDPROTECT_HAT"
R0[R1] := R2
R1 := ACCESSORY_IDs
R2 := "ACCESSORY_BANANA_HAT"
R1 := R1[R2]
R2 := "_BANANA_HAT"
R0[R1] := R2
R1 := ACCESSORY_IDs
R2 := "ACCESSORY_MYSTICROSE"
R1 := R1[R2]
R2 := "_MYSTICROSE"
R0[R1] := R2
R1 := ACCESSORY_IDs
R2 := "ACCESSORY_PUPPY_EAR"
R1 := R1[R2]
R2 := "_PUPPY_EAR"
R0[R1] := R2
R1 := ACCESSORY_IDs
R2 := "ACCESSORY_ZIRTAS_MASK"
R1 := R1[R2]
R2 := "_ZIRTAS_MASK"
R0[R1] := R2
R1 := ACCESSORY_IDs
R2 := "ACCESSORY_BIRD_NEST"
R1 := R1[R2]
R2 := "_BIRD_NEST"
R0[R1] := R2
R1 := ACCESSORY_IDs
R2 := "ACCESSORY_LION_MASK"
R1 := R1[R2]
R2 := "_LION_MASK"
R0[R1] := R2
R1 := ACCESSORY_IDs
R2 := "ACCESSORY_CROSS_HELMET"
R1 := R1[R2]
R2 := "_CROSS_HELMET"
R0[R1] := R2
R1 := ACCESSORY_IDs
R2 := "ACCESSORY_ANGELING_HAT"
R1 := R1[R2]
R2 := "_ANGELING_HAT"
R0[R1] := R2
R1 := ACCESSORY_IDs
R2 := "ACCESSORY_GOAT_HAT"
R1 := R1[R2]
R2 := "_GOAT_HAT"
R0[R1] := R2
R1 := ACCESSORY_IDs
R2 := "ACCESSORY_PUMPKIN_HAT"
R1 := R1[R2]
R2 := "_PUMPKIN_HAT"
R0[R1] := R2
R1 := ACCESSORY_IDs
R2 := "ACCESSORY_CYCLOPS_EYE"
R1 := R1[R2]
R2 := "_CYCLOPS_EYE"
R0[R1] := R2
R1 := ACCESSORY_IDs
R2 := "ACCESSORY_ALICE_HAT"
R1 := R1[R2]
R2 := "_ALICE_HAT"
R0[R1] := R2
R1 := ACCESSORY_IDs
R2 := "ACCESSORY_MAGIC_EYES"
R1 := R1[R2]
R2 := "_MAGIC_EYES"
R0[R1] := R2
R1 := ACCESSORY_IDs
R2 := "ACCESSORY_PUYONG"
R1 := R1[R2]
R2 := "_PUYONG"
R0[R1] := R2
R1 := ACCESSORY_IDs
R2 := "ACCESSORY_PRETTY_RIBBON"
R1 := R1[R2]
R2 := "_PRETTY_RIBBON"
R0[R1] := R2
R1 := ACCESSORY_IDs
R2 := "ACCESSORY_MARIONET_HAT"
R1 := R1[R2]
R2 := "_MARIONET_HAT"
R0[R1] := R2
R1 := ACCESSORY_IDs
R2 := "ACCESSORY_MOON_HELM"
R1 := R1[R2]
R2 := "_MOON_HELM"
R0[R1] := R2
R1 := ACCESSORY_IDs
R2 := "ACCESSORY_GABUKI_MASK"
R1 := R1[R2]
R2 := "_GABUKI_MASK"
R0[R1] := R2
R1 := ACCESSORY_IDs
R2 := "ACCESSORY_KOKIRI_HAT"
R1 := R1[R2]
R2 := "_KOKIRI_HAT"
R0[R1] := R2
R1 := ACCESSORY_IDs
R2 := "ACCESSORY_BASEBALL_HAT"
R1 := R1[R2]
R2 := "_BASEBALL_HAT"
R0[R1] := R2
R1 := ACCESSORY_IDs
R2 := "ACCESSORY_GOOKGYEONG_HAT"
R1 := R1[R2]
R2 := "_GOOKGYEONG_HAT"
R0[R1] := R2
R1 := ACCESSORY_IDs
R2 := "ACCESSORY_SILVERTIARA"
R1 := R1[R2]
R2 := "_SILVERTIARA"
R0[R1] := R2
R1 := ACCESSORY_IDs
R2 := "ACCESSORY_PIERROT_CROWN_"
R1 := R1[R2]
R2 := "_PIERROT_CROWN_"
R0[R1] := R2
R1 := ACCESSORY_IDs
R2 := "ACCESSORY_MUSICHEADPHONE"
R1 := R1[R2]
R2 := "_MUSICHEADPHONE"
R0[R1] := R2
R1 := ACCESSORY_IDs
R2 := "ACCESSORY_BONGCROWN"
R1 := R1[R2]
R2 := "_BONGCROWN"
R0[R1] := R2
R1 := ACCESSORY_IDs
R2 := "ACCESSORY_ANGELING_PIN"
R1 := R1[R2]
R2 := "_ANGELING_PIN"
R0[R1] := R2
R1 := ACCESSORY_IDs
R2 := "ACCESSORY_GAKSITAL"
R1 := R1[R2]
R2 := "_GAKSITAL"
R0[R1] := R2
R1 := ACCESSORY_IDs
R2 := "ACCESSORY_FEATHER_BEREHAT"
R1 := R1[R2]
R2 := "_FEATHER_BEREHAT"
R0[R1] := R2
R1 := ACCESSORY_IDs
R2 := "ACCESSORY_VALKYRIE_HELMET"
R1 := R1[R2]
R2 := "_VALKYRIE_HELMET"
R0[R1] := R2
R1 := ACCESSORY_IDs
R2 := "ACCESSORY_BEREHAT"
R1 := R1[R2]
R2 := "_BEREHAT"
R0[R1] := R2
R1 := ACCESSORY_IDs
R2 := "ACCESSORY_SATOHAT"
R1 := R1[R2]
R2 := "_SATOHAT"
R0[R1] := R2
R1 := ACCESSORY_IDs
R2 := "ACCESSORY_AYAM"
R1 := R1[R2]
R2 := "_AYAM"
R0[R1] := R2
R1 := ACCESSORY_IDs
R2 := "ACCESSORY_NONAME"
R1 := R1[R2]
R2 := "_NONAME"
R0[R1] := R2
R1 := ACCESSORY_IDs
R2 := "ACCESSORY_HAHETAL"
R1 := R1[R2]
R2 := "_HAHETAL"
R0[R1] := R2
R1 := ACCESSORY_IDs
R2 := "ACCESSORY_LIONTAL"
R1 := R1[R2]
R2 := "_LIONTAL"
R0[R1] := R2
R1 := ACCESSORY_IDs
R2 := "ACCESSORY_GOLDTIARA"
R1 := R1[R2]
R2 := "_GOLDTIARA"
R0[R1] := R2
R1 := ACCESSORY_IDs
R2 := "ACCESSORY_DARKHELMET"
R1 := R1[R2]
R2 := "_DARKHELMET"
R0[R1] := R2
R1 := ACCESSORY_IDs
R2 := "ACCESSORY_DOGHAT"
R1 := R1[R2]
R2 := "_DOGHAT"
R0[R1] := R2
R1 := ACCESSORY_IDs
R2 := "ACCESSORY_BIRDHAT"
R1 := R1[R2]
R2 := "_BIRDHAT"
R0[R1] := R2
R1 := ACCESSORY_IDs
R2 := "ACCESSORY_CAPTAINHAT"
R1 := R1[R2]
R2 := "_CAPTAINHAT"
R0[R1] := R2
R1 := ACCESSORY_IDs
R2 := "ACCESSORY_BAYTREEHAT"
R1 := R1[R2]
R2 := "_BAYTREEHAT"
R0[R1] := R2
R1 := ACCESSORY_IDs
R2 := "ACCESSORY_GEOGRAPHER"
R1 := R1[R2]
R2 := "_GEOGRAPHER"
R0[R1] := R2
R1 := ACCESSORY_IDs
R2 := "ACCESSORY_TWINRIBBON"
R1 := R1[R2]
R2 := "_TWINRIBBON"
R0[R1] := R2
R1 := ACCESSORY_IDs
R2 := "ACCESSORY_SINGERHAT"
R1 := R1[R2]
R2 := "_SINGERHAT"
R0[R1] := R2
R1 := ACCESSORY_IDs
R2 := "ACCESSORY_LEAF"
R1 := R1[R2]
R2 := "_LEAF"
R0[R1] := R2
R1 := ACCESSORY_IDs
R2 := "ACCESSORY_BLACKRIBBON"
R1 := R1[R2]
R2 := "_BLACKRIBBON"
R0[R1] := R2
R1 := ACCESSORY_IDs
R2 := "ACCESSORY_YELLOWRIBBON"
R1 := R1[R2]
R2 := "_YELLOWRIBBON"
R0[R1] := R2
R1 := ACCESSORY_IDs
R2 := "ACCESSORY_GREENRIBBON"
R1 := R1[R2]
R2 := "_GREENRIBBON"
R0[R1] := R2
R1 := ACCESSORY_IDs
R2 := "ACCESSORY_PINKRIBBON"
R1 := R1[R2]
R2 := "_PINKRIBBON"
R0[R1] := R2
R1 := ACCESSORY_IDs
R2 := "ACCESSORY_REDRIBBON"
R1 := R1[R2]
R2 := "_REDRIBBON"
R0[R1] := R2
R1 := ACCESSORY_IDs
R2 := "ACCESSORY_ORANGERIBBON"
R1 := R1[R2]
R2 := "_ORANGERIBBON"
R0[R1] := R2
R1 := ACCESSORY_IDs
R2 := "ACCESSORY_WHITERIBBON"
R1 := R1[R2]
R2 := "_WHITERIBBON"
R0[R1] := R2
R1 := ACCESSORY_IDs
R2 := "ACCESSORY_LAZYRABBIT"
R1 := R1[R2]
R2 := "_LAZYRABBIT"
R0[R1] := R2
R1 := ACCESSORY_IDs
R2 := "ACCESSORY_MEGINCAP"
R1 := R1[R2]
R2 := "_MEGINCAP"
R0[R1] := R2
R1 := ACCESSORY_IDs
R2 := "ACCESSORY_PRIKACIRCLET"
R1 := R1[R2]
R2 := "_PRIKACIRCLET"
R0[R1] := R2
R1 := ACCESSORY_IDs
R2 := "ACCESSORY_COPOLA"
R1 := R1[R2]
R2 := "_COPOLA"
R0[R1] := R2
R1 := ACCESSORY_IDs
R2 := "ACCESSORY_MERONGMASK"
R1 := R1[R2]
R2 := "_MERONGMASK"
R0[R1] := R2
R1 := ACCESSORY_IDs
R2 := "ACCESSORY_WOOLCAP"
R1 := R1[R2]
R2 := "_WOOLCAP"
R0[R1] := R2
R1 := ACCESSORY_IDs
R2 := "ACCESSORY_ANGELKISS"
R1 := R1[R2]
R2 := "_ANGELKISS"
R0[R1] := R2
R1 := ACCESSORY_IDs
R2 := "ACCESSORY_MORPHISDOOGUN"
R1 := R1[R2]
R2 := "_MORPHISDOOGUN"
R0[R1] := R2
R1 := ACCESSORY_IDs
R2 := "ACCESSORY_MORIANEHELM"
R1 := R1[R2]
R2 := "_MORIANEHELM"
R0[R1] := R2
R1 := ACCESSORY_IDs
R2 := "ACCESSORY_GEVNEITUGOO"
R1 := R1[R2]
R2 := "_GEVNEITUGOO"
R0[R1] := R2
R1 := ACCESSORY_IDs
R2 := "ACCESSORY_WHITEFLOWER"
R1 := R1[R2]
R2 := "_WHITEFLOWER"
R0[R1] := R2
R1 := ACCESSORY_IDs
R2 := "ACCESSORY_GOLDENGORI"
R1 := R1[R2]
R2 := "_GOLDENGORI"
R0[R1] := R2
R1 := ACCESSORY_IDs
R2 := "ACCESSORY_LAUREL"
R1 := R1[R2]
R2 := "_LAUREL"
R0[R1] := R2
R1 := ACCESSORY_IDs
R2 := "ACCESSORY_RIDEWORD"
R1 := R1[R2]
R2 := "_RIDEWORD"
R0[R1] := R2
R1 := ACCESSORY_IDs
R2 := "ACCESSORY_YELLOW_BASEBALLCAP"
R1 := R1[R2]
R2 := "_YELLOW_BASEBALLCAP"
R0[R1] := R2
R1 := ACCESSORY_IDs
R2 := "ACCESSORY_FLYING_ANGEL"
R1 := R1[R2]
R2 := "_FLYING_ANGEL"
R0[R1] := R2
R1 := ACCESSORY_IDs
R2 := "ACCESSORY_DRESSHAT"
R1 := R1[R2]
R2 := "_DRESSHAT"
R0[R1] := R2
R1 := ACCESSORY_IDs
R2 := "ACCESSORY_SATELITE_HAIRBAND"
R1 := R1[R2]
R2 := "_SATELITE_HAIRBAND"
R0[R1] := R2
R1 := ACCESSORY_IDs
R2 := "ACCESSORY_BLACK_BUNNYBAND"
R1 := R1[R2]
R2 := "_BLACK_BUNNYBAND"
R0[R1] := R2
R1 := ACCESSORY_IDs
R2 := "ACCESSORY_WALLYAHWA_HAT"
R1 := R1[R2]
R2 := "_WALLYAHWA_HAT"
R0[R1] := R2
R1 := ACCESSORY_IDs
R2 := "ACCESSORY_MARCHING_HAT"
R1 := R1[R2]
R2 := "_MARCHING_HAT"
R0[R1] := R2
R1 := ACCESSORY_IDs
R2 := "ACCESSORY_PROPELLER2"
R1 := R1[R2]
R2 := "_PROPELLER2"
R0[R1] := R2
R1 := ACCESSORY_IDs
R2 := "ACCESSORY_RED_DEVIRUCHI"
R1 := R1[R2]
R2 := "_RED_DEVIRUCHI"
R0[R1] := R2
R1 := ACCESSORY_IDs
R2 := "ACCESSORY_WHITE_DEVIRUCHI"
R1 := R1[R2]
R2 := "_WHITE_DEVIRUCHI"
R0[R1] := R2
R1 := ACCESSORY_IDs
R2 := "ACCESSORY_GRAY_DEVIRUCHI"
R1 := R1[R2]
R2 := "_GRAY_DEVIRUCHI"
R0[R1] := R2
R1 := ACCESSORY_IDs
R2 := "ACCESSORY_WHITE_LAZYCAT"
R1 := R1[R2]
R2 := "_WHITE_LAZYCAT"
R0[R1] := R2
R1 := ACCESSORY_IDs
R2 := "ACCESSORY_GRAY_LAZYCAT"
R1 := R1[R2]
R2 := "_GRAY_LAZYCAT"
R0[R1] := R2
R1 := ACCESSORY_IDs
R2 := "ACCESSORY_PINK_LAZYCAT"
R1 := R1[R2]
R2 := "_PINK_LAZYCAT"
R0[R1] := R2
R1 := ACCESSORY_IDs
R2 := "ACCESSORY_BLUE_LAZYCAT"
R1 := R1[R2]
R2 := "_BLUE_LAZYCAT"
R0[R1] := R2
R1 := ACCESSORY_IDs
R2 := "ACCESSORY_YELLOW_LAZYCAT"
R1 := R1[R2]
R2 := "_YELLOW_LAZYCAT"
R0[R1] := R2
R1 := ACCESSORY_IDs
R2 := "ACCESSORY_GRAY_FURHAT"
R1 := R1[R2]
R2 := "_GRAY_FURHAT"
R0[R1] := R2
R1 := ACCESSORY_IDs
R2 := "ACCESSORY_BLUE_FURHAT"
R1 := R1[R2]
R2 := "_BLUE_FURHAT"
R0[R1] := R2
R1 := ACCESSORY_IDs
R2 := "ACCESSORY_PINK_FURHAT"
R1 := R1[R2]
R2 := "_PINK_FURHAT"
R0[R1] := R2
R1 := ACCESSORY_IDs
R2 := "ACCESSORY_RED_MAGICIANHAT"
R1 := R1[R2]
R2 := "_RED_MAGICIANHAT"
R0[R1] := R2
R1 := ACCESSORY_IDs
R2 := "ACCESSORY_WHITE_MAGICIANHAT"
R1 := R1[R2]
R2 := "_WHITE_MAGICIANHAT"
R0[R1] := R2
R1 := ACCESSORY_IDs
R2 := "ACCESSORY_GRAY_MAGICIANHAT"
R1 := R1[R2]
R2 := "_GRAY_MAGICIANHAT"
R0[R1] := R2
R1 := ACCESSORY_IDs
R2 := "ACCESSORY_BLUE_MAGICIANHAT"
R1 := R1[R2]
R2 := "_BLUE_MAGICIANHAT"
R0[R1] := R2
R1 := ACCESSORY_IDs
R2 := "ACCESSORY_YELLOW_MAGICIANHAT"
R1 := R1[R2]
R2 := "_YELLOW_MAGICIANHAT"
R0[R1] := R2
R1 := ACCESSORY_IDs
R2 := "ACCESSORY_EARPLUG_HAT"
R1 := R1[R2]
R2 := "_EARPLUG_HAT"
R0[R1] := R2
R1 := ACCESSORY_IDs
R2 := "ACCESSORY_ELF_BLINDER"
R1 := R1[R2]
R2 := "_ELF_BLINDER"
R0[R1] := R2
R1 := ACCESSORY_IDs
R2 := "ACCESSORY_ELF_SUNGLASS"
R1 := R1[R2]
R2 := "_ELF_SUNGLASS"
R0[R1] := R2
R1 := ACCESSORY_IDs
R2 := "ACCESSORY_ANGEL_MIXHELM"
R1 := R1[R2]
R2 := "_ANGEL_MIXHELM"
R0[R1] := R2
R1 := ACCESSORY_IDs
R2 := "ACCESSORY_DEVIL_MIXHELM"
R1 := R1[R2]
R2 := "_DEVIL_MIXHELM"
R0[R1] := R2
R1 := ACCESSORY_IDs
R2 := "ACCESSORY_ROBOT_BLINDER"
R1 := R1[R2]
R2 := "_ROBOT_BLINDER"
R0[R1] := R2
R1 := ACCESSORY_IDs
R2 := "ACCESSORY_HUMAN_BLINDER"
R1 := R1[R2]
R2 := "_HUMAN_BLINDER"
R0[R1] := R2
R1 := ACCESSORY_IDs
R2 := "ACCESSORY_ROBOT_EAR"
R1 := R1[R2]
R2 := "_ROBOT_EAR"
R0[R1] := R2
R1 := ACCESSORY_IDs
R2 := "ACCESSORY_HUMAN_EAR"
R1 := R1[R2]
R2 := "_HUMAN_EAR"
R0[R1] := R2
R1 := ACCESSORY_IDs
R2 := "ACCESSORY_LAZY_NINETAIL"
R1 := R1[R2]
R2 := "_LAZY_NINETAIL"
R0[R1] := R2
R1 := ACCESSORY_IDs
R2 := "ACCESSORY_LAZY_LEAF"
R1 := R1[R2]
R2 := "_LAZY_LEAF"
R0[R1] := R2
R1 := ACCESSORY_IDs
R2 := "ACCESSORY_DEVILRING_HAT"
R1 := R1[R2]
R2 := "_DEVILRING_HAT"
R0[R1] := R2
R1 := ACCESSORY_IDs
R2 := "ACCESSORY_3PORINGS"
R1 := R1[R2]
R2 := "_3PORINGS"
R0[R1] := R2
R1 := ACCESSORY_IDs
R2 := "ACCESSORY_VALKYRIE_FEATHER"
R1 := R1[R2]
R2 := "_VALKYRIE_FEATHER"
R0[R1] := R2
R1 := ACCESSORY_IDs
R2 := "ACCESSORY_SOULESS_WING"
R1 := R1[R2]
R2 := "_SOULESS_WING"
R0[R1] := R2
R1 := ACCESSORY_IDs
R2 := "ACCESSORY_APRO_WIG"
R1 := R1[R2]
R2 := "_APRO_WIG"
R0[R1] := R2
R1 := ACCESSORY_IDs
R2 := "ACCESSORY_ATIATI_HAT"
R1 := R1[R2]
R2 := "_ATIATI_HAT"
R0[R1] := R2
R1 := ACCESSORY_IDs
R2 := "ACCESSORY_AUSTRALIA_HAT"
R1 := R1[R2]
R2 := "_AUSTRALIA_HAT"
R0[R1] := R2
R1 := ACCESSORY_IDs
R2 := "ACCESSORY_HAPPY_WIG"
R1 := R1[R2]
R2 := "_HAPPY_WIG"
R0[R1] := R2
R1 := ACCESSORY_IDs
R2 := "ACCESSORY_BRIGHT_WIG"
R1 := R1[R2]
R2 := "_BRIGHT_WIG"
R0[R1] := R2
R1 := ACCESSORY_IDs
R2 := "ACCESSORY_AMAZING_WIG"
R1 := R1[R2]
R2 := "_AMAZING_WIG"
R0[R1] := R2
R1 := ACCESSORY_IDs
R2 := "ACCESSORY_FANTASTIC_WIG"
R1 := R1[R2]
R2 := "_FANTASTIC_WIG"
R0[R1] := R2
R1 := ACCESSORY_IDs
R2 := "ACCESSORY_YELLOW_DOOGUN"
R1 := R1[R2]
R2 := "_YELLOW_DOOGUN"
R0[R1] := R2
R1 := ACCESSORY_IDs
R2 := "ACCESSORY_YELLOW_RIBBON"
R1 := R1[R2]
R2 := "_YELLOW_RIBBON"
R0[R1] := R2
R1 := ACCESSORY_IDs
R2 := "ACCESSORY_CHICK_HAT"
R1 := R1[R2]
R2 := "_CHICK_HAT"
R0[R1] := R2
R1 := ACCESSORY_IDs
R2 := "ACCESSORY_SUREON_CROWN"
R1 := R1[R2]
R2 := "_SUREON_CROWN"
R0[R1] := R2
R1 := ACCESSORY_IDs
R2 := "ACCESSORY_WINDMILL_HAIRPIN"
R1 := R1[R2]
R2 := "_WINDMILL_HAIRPIN"
R0[R1] := R2
R1 := ACCESSORY_IDs
R2 := "ACCESSORY_PECOPECO_HAT"
R1 := R1[R2]
R2 := "_PECOPECO_HAT"
R0[R1] := R2
R1 := ACCESSORY_IDs
R2 := "ACCESSORY_VACATION_HAT"
R1 := R1[R2]
R2 := "_VACATION_HAT"
R0[R1] := R2
R1 := ACCESSORY_IDs
R2 := "ACCESSORY_RED_GLASSES"
R1 := R1[R2]
R2 := "_RED_GLASSES"
R0[R1] := R2
R1 := ACCESSORY_IDs
R2 := "ACCESSORY_VANIL_HAT"
R1 := R1[R2]
R2 := "_VANIL_HAT"
R0[R1] := R2
R1 := ACCESSORY_IDs
R2 := "ACCESSORY_KETTLE_HAT"
R1 := R1[R2]
R2 := "_KETTLE_HAT"
R0[R1] := R2
R1 := ACCESSORY_IDs
R2 := "ACCESSORY_DRAGON_SKULL"
R1 := R1[R2]
R2 := "_DRAGON_SKULL"
R0[R1] := R2
R1 := ACCESSORY_IDs
R2 := "ACCESSORY_RAMYEON_HAT"
R1 := R1[R2]
R2 := "_RAMYEON_HAT"
R0[R1] := R2
R1 := ACCESSORY_IDs
R2 := "ACCESSORY_WHISPER_MASK"
R1 := R1[R2]
R2 := "_WHISPER_MASK"
R0[R1] := R2
R1 := ACCESSORY_IDs
R2 := "ACCESSORY_HORN_HAT"
R1 := R1[R2]
R2 := "_HORN_HAT"
R0[R1] := R2
R1 := ACCESSORY_IDs
R2 := "ACCESSORY_RUSSIA_RIBBON"
R1 := R1[R2]
R2 := "_RUSSIA_RIBBON"
R0[R1] := R2
R1 := ACCESSORY_IDs
R2 := "ACCESSORY_LOTUS_FLOWER"
R1 := R1[R2]
R2 := "_LOTUS_FLOWER"
R0[R1] := R2
R1 := ACCESSORY_IDs
R2 := "ACCESSORY_CEREMONIAL_CORONET"
R1 := R1[R2]
R2 := "_CEREMONIAL_CORONET"
R0[R1] := R2
R1 := ACCESSORY_IDs
R2 := "ACCESSORY_MANGMOK"
R1 := R1[R2]
R2 := "_MANGMOK"
R0[R1] := R2
R1 := ACCESSORY_IDs
R2 := "ACCESSORY_PIRATE_DAGGER"
R1 := R1[R2]
R2 := "_PIRATE_DAGGER"
R0[R1] := R2
R1 := ACCESSORY_IDs
R2 := "ACCESSORY_FREYA_CROWN"
R1 := R1[R2]
R2 := "_FREYA_CROWN"
R0[R1] := R2
R1 := ACCESSORY_IDs
R2 := "ACCESSORY_TROPICALFRUIT"
R1 := R1[R2]
R2 := "_TROPICALFRUIT"
R0[R1] := R2
R1 := ACCESSORY_IDs
R2 := "ACCESSORY_BRAZIL_HAT"
R1 := R1[R2]
R2 := "_BRAZIL_HAT"
R0[R1] := R2
R1 := ACCESSORY_IDs
R2 := "ACCESSORY_MOHIKAN"
R1 := R1[R2]
R2 := "_MOHIKAN"
R0[R1] := R2
R1 := ACCESSORY_IDs
R2 := "ACCESSORY_BANJAK_JEONGOO"
R1 := R1[R2]
R2 := "_BANJAK_JEONGOO"
R0[R1] := R2
R1 := ACCESSORY_IDs
R2 := "ACCESSORY_BIG_HIBISCUS"
R1 := R1[R2]
R2 := "_BIG_HIBISCUS"
R0[R1] := R2
R1 := ACCESSORY_IDs
R2 := "ACCESSORY_AYOTAYA_HAT"
R1 := R1[R2]
R2 := "_AYOTAYA_HAT"
R0[R1] := R2
R1 := ACCESSORY_IDs
R2 := "ACCESSORY_DIA_DAM"
R1 := R1[R2]
R2 := "_DIA_DAM"
R0[R1] := R2
R1 := ACCESSORY_IDs
R2 := "ACCESSORY_HAKI_MASK"
R1 := R1[R2]
R2 := "_HAKI_MASK"
R0[R1] := R2
R1 := ACCESSORY_IDs
R2 := "ACCESSORY_OBSERVER"
R1 := R1[R2]
R2 := "_OBSERVER"
R0[R1] := R2
R1 := ACCESSORY_IDs
R2 := "ACCESSORY_UMBRELLA_HAT"
R1 := R1[R2]
R2 := "_UMBRELLA_HAT"
R0[R1] := R2
R1 := ACCESSORY_IDs
R2 := "ACCESSORY_FISHER_HAT"
R1 := R1[R2]
R2 := "_FISHER_HAT"
R0[R1] := R2
R1 := ACCESSORY_IDs
R2 := "ACCESSORY_PORINGPARTY_HAT"
R1 := R1[R2]
R2 := "_PORINGPARTY_HAT"
R0[R1] := R2
R1 := ACCESSORY_IDs
R2 := "ACCESSORY_BLUE_ANGELING_HAT"
R1 := R1[R2]
R2 := "_BLUE_ANGELING_HAT"
R0[R1] := R2
R1 := ACCESSORY_IDs
R2 := "ACCESSORY_INDONESIA_HARIBAND"
R1 := R1[R2]
R2 := "_INDONESIA_HARIBAND"
R0[R1] := R2
R1 := ACCESSORY_IDs
R2 := "ACCESSORY_SCARF"
R1 := R1[R2]
R2 := "_SCARF"
R0[R1] := R2
R1 := ACCESSORY_IDs
R2 := "ACCESSORY_LITTLEANGELDOLL"
R1 := R1[R2]
R2 := "_LITTLEANGELDOLL"
R0[R1] := R2
R1 := ACCESSORY_IDs
R2 := "ACCESSORY_ROBOTEYE"
R1 := R1[R2]
R2 := "_ROBOTEYE"
R0[R1] := R2
R1 := ACCESSORY_IDs
R2 := "ACCESSORY_ROKIMASK"
R1 := R1[R2]
R2 := "_ROKIMASK"
R0[R1] := R2
R1 := ACCESSORY_IDs
R2 := "ACCESSORY_JEONPA_ANTENNA"
R1 := R1[R2]
R2 := "_JEONPA_ANTENNA"
R0[R1] := R2
R1 := ACCESSORY_IDs
R2 := "ACCESSORY_WANTTOFLY_ANGELING"
R1 := R1[R2]
R2 := "_WANTTOFLY_ANGELING"
R0[R1] := R2
R1 := ACCESSORY_IDs
R2 := "ACCESSORY_JUMPING_PORING"
R1 := R1[R2]
R2 := "_JUMPING_PORING"
R0[R1] := R2
R1 := ACCESSORY_IDs
R2 := "ACCESSORY_WANT_GUILDMAN"
R1 := R1[R2]
R2 := "_WANT_GUILDMAN"
R0[R1] := R2
R1 := ACCESSORY_IDs
R2 := "ACCESSORY_WANT_PARTY"
R1 := R1[R2]
R2 := "_WANT_PARTY"
R0[R1] := R2
R1 := ACCESSORY_IDs
R2 := "ACCESSORY_WANT_BOY"
R1 := R1[R2]
R2 := "_WANT_BOY"
R0[R1] := R2
R1 := ACCESSORY_IDs
R2 := "ACCESSORY_WANT_FRIEND"
R1 := R1[R2]
R2 := "_WANT_FRIEND"
R0[R1] := R2
R1 := ACCESSORY_IDs
R2 := "ACCESSORY_DIFORTE"
R1 := R1[R2]
R2 := "_DIFORTE"
R0[R1] := R2
R1 := ACCESSORY_IDs
R2 := "ACCESSORY_GLARRIS"
R1 := R1[R2]
R2 := "_GLARRIS"
R0[R1] := R2
R1 := ACCESSORY_IDs
R2 := "ACCESSORY_SORIN"
R1 := R1[R2]
R2 := "_SORIN"
R0[R1] := R2
R1 := ACCESSORY_IDs
R2 := "ACCESSORY_TAILING"
R1 := R1[R2]
R2 := "_TAILING"
R0[R1] := R2
R1 := ACCESSORY_IDs
R2 := "ACCESSORY_BINIT"
R1 := R1[R2]
R2 := "_BINIT"
R0[R1] := R2
R1 := ACCESSORY_IDs
R2 := "ACCESSORY_W"
R1 := R1[R2]
R2 := "_W"
R0[R1] := R2
R1 := ACCESSORY_IDs
R2 := "ACCESSORY_WANT_GIRL"
R1 := R1[R2]
R2 := "_WANT_GIRL"
R0[R1] := R2
R1 := ACCESSORY_IDs
R2 := "ACCESSORY_POPORING_HAT"
R1 := R1[R2]
R2 := "_POPORING_HAT"
R0[R1] := R2
R1 := ACCESSORY_IDs
R2 := "ACCESSORY_MUSLIM_M"
R1 := R1[R2]
R2 := "_MUSLIM_M"
R0[R1] := R2
R1 := ACCESSORY_IDs
R2 := "ACCESSORY_MUSLIM_F"
R1 := R1[R2]
R2 := "_MUSLIM_F"
R0[R1] := R2
R1 := ACCESSORY_IDs
R2 := "ACCESSORY_MAWANG_HAT"
R1 := R1[R2]
R2 := "_MAWANG_HAT"
R0[R1] := R2
R1 := ACCESSORY_IDs
R2 := "ACCESSORY_VICTORYWING"
R1 := R1[R2]
R2 := "_VICTORYWING"
R0[R1] := R2
R1 := ACCESSORY_IDs
R2 := "ACCESSORY_PECOPECO_FLY_HAT"
R1 := R1[R2]
R2 := "_PECOPECO_FLY_HAT"
R0[R1] := R2
R1 := ACCESSORY_IDs
R2 := "ACCESSORY_CAPTION_HAT"
R1 := R1[R2]
R2 := "_CAPTION_HAT"
R0[R1] := R2
R1 := ACCESSORY_IDs
R2 := "ACCESSORY_WHIKEBAIN_EARS"
R1 := R1[R2]
R2 := "_WHIKEBAIN_EARS"
R0[R1] := R2
R1 := ACCESSORY_IDs
R2 := "ACCESSORY_GANG_SCARF"
R1 := R1[R2]
R2 := "_GANG_SCARF"
R0[R1] := R2
R1 := ACCESSORY_IDs
R2 := "ACCESSORY_NINJA_SCROLL"
R1 := R1[R2]
R2 := "_NINJA_SCROLL"
R0[R1] := R2
R1 := ACCESSORY_IDs
R2 := "ACCESSORY_SIMYEON_HAT"
R1 := R1[R2]
R2 := "_SIMYEON_HAT"
R0[R1] := R2
R1 := ACCESSORY_IDs
R2 := "ACCESSORY_BLACKDEATHKING"
R1 := R1[R2]
R2 := "_BLACKDEATHKING"
R0[R1] := R2
R1 := ACCESSORY_IDs
R2 := "ACCESSORY_EGGFRY"
R1 := R1[R2]
R2 := "_EGGFRY"
R0[R1] := R2
R1 := ACCESSORY_IDs
R2 := "ACCESSORY_EMPEROR_HAT"
R1 := R1[R2]
R2 := "_EMPEROR_HAT"
R0[R1] := R2
R1 := ACCESSORY_IDs
R2 := "ACCESSORY_HAEGOON_HAT"
R1 := R1[R2]
R2 := "_HAEGOON_HAT"
R0[R1] := R2
R1 := ACCESSORY_IDs
R2 := "ACCESSORY_NANCHO_HAT"
R1 := R1[R2]
R2 := "_NANCHO_HAT"
R0[R1] := R2
R1 := ACCESSORY_IDs
R2 := "ACCESSORY_PANGUAN_HAT"
R1 := R1[R2]
R2 := "_PANGUAN_HAT"
R0[R1] := R2
R1 := ACCESSORY_IDs
R2 := "ACCESSORY_LAZY_WHITECAT"
R1 := R1[R2]
R2 := "_LAZY_WHITECAT"
R0[R1] := R2
R1 := ACCESSORY_IDs
R2 := "ACCESSORY_DARKNESS_HELM"
R1 := R1[R2]
R2 := "_DARKNESS_HELM"
R0[R1] := R2
R1 := ACCESSORY_IDs
R2 := "ACCESSORY_HUGE_MAJESTIC"
R1 := R1[R2]
R2 := "_HUGE_MAJESTIC"
R0[R1] := R2
R1 := ACCESSORY_IDs
R2 := "ACCESSORY_HUGE_ORCHERO"
R1 := R1[R2]
R2 := "_HUGE_ORCHERO"
R0[R1] := R2
R1 := ACCESSORY_IDs
R2 := "ACCESSORY_SATANIC_CHAIN"
R1 := R1[R2]
R2 := "_SATANIC_CHAIN"
R0[R1] := R2
R1 := ACCESSORY_IDs
R2 := "ACCESSORY_ENTIQUE_CIGAR"
R1 := R1[R2]
R2 := "_ENTIQUE_CIGAR"
R0[R1] := R2
R1 := ACCESSORY_IDs
R2 := "ACCESSORY_RABBITEAR"
R1 := R1[R2]
R2 := "_RABBITEAR"
R0[R1] := R2
R1 := ACCESSORY_IDs
R2 := "ACCESSORY_BALLOON_HAT"
R1 := R1[R2]
R2 := "_BALLOON_HAT"
R0[R1] := R2
R1 := ACCESSORY_IDs
R2 := "ACCESSORY_FISH_HEAD_HAT"
R1 := R1[R2]
R2 := "_FISH_HEAD_HAT"
R0[R1] := R2
R1 := ACCESSORY_IDs
R2 := "ACCESSORY_SANTA_PORING_HAT"
R1 := R1[R2]
R2 := "_SANTA_PORING_HAT"
R0[R1] := R2
R1 := ACCESSORY_IDs
R2 := "ACCESSORY_BELL_RIBBON"
R1 := R1[R2]
R2 := "_BELL_RIBBON"
R0[R1] := R2
R1 := ACCESSORY_IDs
R2 := "ACCESSORY_HUNTINGCAP"
R1 := R1[R2]
R2 := "_HUNTINGCAP"
R0[R1] := R2
R1 := ACCESSORY_IDs
R2 := "ACCESSORY_TWIN_SANTAHAT"
R1 := R1[R2]
R2 := "_TWIN_SANTAHAT"
R0[R1] := R2
R1 := ACCESSORY_IDs
R2 := "ACCESSORY_YOYOHAT"
R1 := R1[R2]
R2 := "_YOYOHAT"
R0[R1] := R2
R1 := ACCESSORY_IDs
R2 := "ACCESSORY_NEKOMIMI_KAFRA"
R1 := R1[R2]
R2 := "_NEKOMIMI_KAFRA"
R0[R1] := R2
R1 := ACCESSORY_IDs
R2 := "ACCESSORY_SNAKE_HAT"
R1 := R1[R2]
R2 := "_SNAKE_HAT"
R0[R1] := R2
R1 := ACCESSORY_IDs
R2 := "ACCESSORY_ANGEL_GHOST"
R1 := R1[R2]
R2 := "_ANGEL_GHOST"
R0[R1] := R2
R1 := ACCESSORY_IDs
R2 := "ACCESSORY_BLUE_SANTAHAT"
R1 := R1[R2]
R2 := "_BLUE_SANTAHAT"
R0[R1] := R2
R1 := ACCESSORY_IDs
R2 := "ACCESSORY_SEOLNAL_HAT"
R1 := R1[R2]
R2 := "_SEOLNAL_HAT"
R0[R1] := R2
R1 := ACCESSORY_IDs
R2 := "ACCESSORY_VALENTINE_HAT"
R1 := R1[R2]
R2 := "_VALENTINE_HAT"
R0[R1] := R2
R1 := ACCESSORY_IDs
R2 := "ACCESSORY_TIRAYABONET"
R1 := R1[R2]
R2 := "_TIRAYABONET"
R0[R1] := R2
R1 := ACCESSORY_IDs
R2 := "ACCESSORY_JASPER"
R1 := R1[R2]
R2 := "_JASPER"
R0[R1] := R2
R1 := ACCESSORY_IDs
R2 := "ACCESSORY_SCUVER_MASK"
R1 := R1[R2]
R2 := "_SCUVER_MASK"
R0[R1] := R2
R1 := ACCESSORY_IDs
R2 := "ACCESSORY_BONEHEAD"
R1 := R1[R2]
R2 := "_BONEHEAD"
R0[R1] := R2
R1 := ACCESSORY_IDs
R2 := "ACCESSORY_MANDRAGORA"
R1 := R1[R2]
R2 := "_MANDRAGORA"
R0[R1] := R2
R1 := ACCESSORY_IDs
R2 := "ACCESSORY_FOXHAT"
R1 := R1[R2]
R2 := "_FOXHAT"
R0[R1] := R2
R1 := ACCESSORY_IDs
R2 := "ACCESSORY_BLACKGLASSES"
R1 := R1[R2]
R2 := "_BLACKGLASSES"
R0[R1] := R2
R1 := ACCESSORY_IDs
R2 := "ACCESSORY_PLAYELF"
R1 := R1[R2]
R2 := "_PLAYELF"
R0[R1] := R2
R1 := ACCESSORY_IDs
R2 := "ACCESSORY_FISHINMOUTH"
R1 := R1[R2]
R2 := "_FISHINMOUTH"
R0[R1] := R2
R1 := ACCESSORY_IDs
R2 := "ACCESSORY_BLUERIBBON"
R1 := R1[R2]
R2 := "_BLUERIBBON"
R0[R1] := R2
R1 := ACCESSORY_IDs
R2 := "ACCESSORY_PHILIRHAT"
R1 := R1[R2]
R2 := "_PHILIRHAT"
R0[R1] := R2
R1 := ACCESSORY_IDs
R2 := "ACCESSORY_ACADEMY_NEWBIE"
R1 := R1[R2]
R2 := "_ACADEMY_NEWBIE"
R0[R1] := R2
R1 := ACCESSORY_IDs
R2 := "ACCESSORY_ACADEMY_LV1"
R1 := R1[R2]
R2 := "_ACADEMY_LV1"
R0[R1] := R2
R1 := ACCESSORY_IDs
R2 := "ACCESSORY_NEW_COWBOY"
R1 := R1[R2]
R2 := "_NEW_COWBOY"
R0[R1] := R2
R1 := ACCESSORY_IDs
R2 := "ACCESSORY_BREAD2"
R1 := R1[R2]
R2 := "_BREAD2"
R0[R1] := R2
R1 := ACCESSORY_IDs
R2 := "ACCESSORY_WHITESNAKE"
R1 := R1[R2]
R2 := "_WHITESNAKE"
R0[R1] := R2
R1 := ACCESSORY_IDs
R2 := "ACCESSORY_SWEETCANDY"
R1 := R1[R2]
R2 := "_SWEETCANDY"
R0[R1] := R2
R1 := ACCESSORY_IDs
R2 := "ACCESSORY_POPCORN_HAT"
R1 := R1[R2]
R2 := "_POPCORN_HAT"
R0[R1] := R2
R1 := ACCESSORY_IDs
R2 := "ACCESSORY_CAMPFIRE_HAT"
R1 := R1[R2]
R2 := "_CAMPFIRE_HAT"
R0[R1] := R2
R1 := ACCESSORY_IDs
R2 := "ACCESSORY_PORINGCAKE_HAT"
R1 := R1[R2]
R2 := "_PORINGCAKE_HAT"
R0[R1] := R2
R1 := ACCESSORY_IDs
R2 := "ACCESSORY_BEER_HAT"
R1 := R1[R2]
R2 := "_BEER_HAT"
R0[R1] := R2
R1 := ACCESSORY_IDs
R2 := "ACCESSORY_CROWNBIRD"
R1 := R1[R2]
R2 := "_CROWNBIRD"
R0[R1] := R2
R1 := ACCESSORY_IDs
R2 := "ACCESSORY_SOLDIERHAT"
R1 := R1[R2]
R2 := "_SOLDIERHAT"
R0[R1] := R2
R1 := ACCESSORY_IDs
R2 := "ACCESSORY_IFRIT_MASK"
R1 := R1[R2]
R2 := "_IFRIT_MASK"
R0[R1] := R2
R1 := ACCESSORY_IDs
R2 := "ACCESSORY_IFRIT_EAR"
R1 := R1[R2]
R2 := "_IFRIT_EAR"
R0[R1] := R2
R1 := ACCESSORY_IDs
R2 := "ACCESSORY_WORDBOOK"
R1 := R1[R2]
R2 := "_WORDBOOK"
R0[R1] := R2
R1 := ACCESSORY_IDs
R2 := "ACCESSORY_LOVECHINA"
R1 := R1[R2]
R2 := "_LOVECHINA"
R0[R1] := R2
R1 := ACCESSORY_IDs
R2 := "ACCESSORY_FANTAORANGE"
R1 := R1[R2]
R2 := "_FANTAORANGE"
R0[R1] := R2
R1 := ACCESSORY_IDs
R2 := "ACCESSORY_FANTAGRAPE"
R1 := R1[R2]
R2 := "_FANTAGRAPE"
R0[R1] := R2
R1 := ACCESSORY_IDs
R2 := "ACCESSORY_KARADA_HAT"
R1 := R1[R2]
R2 := "_KARADA_HAT"
R0[R1] := R2
R1 := ACCESSORY_IDs
R2 := "ACCESSORY_REDTEA_HAT"
R1 := R1[R2]
R2 := "_REDTEA_HAT"
R0[R1] := R2
R1 := ACCESSORY_IDs
R2 := "ACCESSORY_BREADHAT1"
R1 := R1[R2]
R2 := "_BREADHAT1"
R0[R1] := R2
R1 := ACCESSORY_IDs
R2 := "ACCESSORY_DOKEBIHAT"
R1 := R1[R2]
R2 := "_DOKEBIHAT"
R0[R1] := R2
R1 := ACCESSORY_IDs
R2 := "ACCESSORY_FLAMECROWN"
R1 := R1[R2]
R2 := "_FLAMECROWN"
R0[R1] := R2
R1 := ACCESSORY_IDs
R2 := "ACCESSORY_CHICK_HAT2"
R1 := R1[R2]
R2 := "_CHICK_HAT2"
R0[R1] := R2
R1 := ACCESSORY_IDs
R2 := "ACCESSORY_BRAZIL4"
R1 := R1[R2]
R2 := "_BRAZIL4"
R0[R1] := R2
R1 := ACCESSORY_IDs
R2 := "ACCESSORY_GOLDENLAUREL"
R1 := R1[R2]
R2 := "_GOLDENLAUREL"
R0[R1] := R2
R1 := ACCESSORY_IDs
R2 := "ACCESSORY_COLA_CAN"
R1 := R1[R2]
R2 := "_COLA_CAN"
R0[R1] := R2
R1 := ACCESSORY_IDs
R2 := "ACCESSORY_COKE_HAT"
R1 := R1[R2]
R2 := "_COKE_HAT"
R0[R1] := R2
R1 := ACCESSORY_IDs
R2 := "ACCESSORY_BRIDE_FLOWER"
R1 := R1[R2]
R2 := "_BRIDE_FLOWER"
R0[R1] := R2
R1 := ACCESSORY_IDs
R2 := "ACCESSORY_SKYGIRL_FLOWER"
R1 := R1[R2]
R2 := "_SKYGIRL_FLOWER"
R0[R1] := R2
R1 := ACCESSORY_IDs
R2 := "ACCESSORY_HAIRBAND_GREEN"
R1 := R1[R2]
R2 := "_HAIRBAND_GREEN"
R0[R1] := R2
R1 := ACCESSORY_IDs
R2 := "ACCESSORY_HAIRBAND_RED"
R1 := R1[R2]
R2 := "_HAIRBAND_RED"
R0[R1] := R2
R1 := ACCESSORY_IDs
R2 := "ACCESSORY_HAIRBAND_BLUE"
R1 := R1[R2]
R2 := "_HAIRBAND_BLUE"
R0[R1] := R2
R1 := ACCESSORY_IDs
R2 := "ACCESSORY_HAIRBAND_WHITE"
R1 := R1[R2]
R2 := "_HAIRBAND_WHITE"
R0[R1] := R2
R1 := ACCESSORY_IDs
R2 := "ACCESSORY_NECKTIE"
R1 := R1[R2]
R2 := "_NECKTIE"
R0[R1] := R2
R1 := ACCESSORY_IDs
R2 := "ACCESSORY_BABYANGEL_STONE"
R1 := R1[R2]
R2 := "_BABYANGEL_STONE"
R0[R1] := R2
R1 := ACCESSORY_IDs
R2 := "ACCESSORY_HAIRBRUSH"
R1 := R1[R2]
R2 := "_HAIRBRUSH"
R0[R1] := R2
R1 := ACCESSORY_IDs
R2 := "ACCESSORY_CANDYIN_MOUTH"
R1 := R1[R2]
R2 := "_CANDYIN_MOUTH"
R0[R1] := R2
R1 := ACCESSORY_IDs
R2 := "ACCESSORY_CATFOOT"
R1 := R1[R2]
R2 := "_CATFOOT"
R0[R1] := R2
R1 := ACCESSORY_IDs
R2 := "ACCESSORY_FROGHAT"
R1 := R1[R2]
R2 := "_FROGHAT"
R0[R1] := R2
R1 := ACCESSORY_IDs
R2 := "ACCESSORY_FACEBOX1"
R1 := R1[R2]
R2 := "_FACEBOX1"
R0[R1] := R2
R1 := ACCESSORY_IDs
R2 := "ACCESSORY_FACEBOX2"
R1 := R1[R2]
R2 := "_FACEBOX2"
R0[R1] := R2
R1 := ACCESSORY_IDs
R2 := "ACCESSORY_SUNHAT"
R1 := R1[R2]
R2 := "_SUNHAT"
R0[R1] := R2
R1 := ACCESSORY_IDs
R2 := "ACCESSORY_DRAGON_GOLD"
R1 := R1[R2]
R2 := "_DRAGON_GOLD"
R0[R1] := R2
R1 := ACCESSORY_IDs
R2 := "ACCESSORY_DRAGON_SILVER"
R1 := R1[R2]
R2 := "_DRAGON_SILVER"
R0[R1] := R2
R1 := ACCESSORY_IDs
R2 := "ACCESSORY_DRAGON_BRONZE"
R1 := R1[R2]
R2 := "_DRAGON_BRONZE"
R0[R1] := R2
R1 := ACCESSORY_IDs
R2 := "ACCESSORY_RABBITHAT"
R1 := R1[R2]
R2 := "_RABBITHAT"
R0[R1] := R2
R1 := ACCESSORY_IDs
R2 := "ACCESSORY_WINDTOY_HAT"
R1 := R1[R2]
R2 := "_WINDTOY_HAT"
R0[R1] := R2
R1 := ACCESSORY_IDs
R2 := "ACCESSORY_EVOLVED_DRAGON"
R1 := R1[R2]
R2 := "_EVOLVED_DRAGON"
R0[R1] := R2
R1 := ACCESSORY_IDs
R2 := "ACCESSORY_EVOLVED_WHISPER"
R1 := R1[R2]
R2 := "_EVOLVED_WHISPER"
R0[R1] := R2
R1 := ACCESSORY_IDs
R2 := "ACCESSORY_BIGNAIL_SCARF"
R1 := R1[R2]
R2 := "_BIGNAIL_SCARF"
R0[R1] := R2
R1 := ACCESSORY_IDs
R2 := "ACCESSORY_RAINBOW_SCARF"
R1 := R1[R2]
R2 := "_RAINBOW_SCARF"
R0[R1] := R2
R1 := ACCESSORY_IDs
R2 := "ACCESSORY_JAHA_DOLL"
R1 := R1[R2]
R2 := "_JAHA_DOLL"
R0[R1] := R2
R1 := ACCESSORY_IDs
R2 := "ACCESSORY_CELESTIAL_HAT"
R1 := R1[R2]
R2 := "_CELESTIAL_HAT"
R0[R1] := R2
R1 := ACCESSORY_IDs
R2 := "ACCESSORY_WIND_MILESTONE"
R1 := R1[R2]
R2 := "_WIND_MILESTONE"
R0[R1] := R2
R1 := ACCESSORY_IDs
R2 := "ACCESSORY_HELM_OF_DRAGOON"
R1 := R1[R2]
R2 := "_HELM_OF_DRAGOON"
R0[R1] := R2
R1 := ACCESSORY_IDs
R2 := "ACCESSORY_PARADE_CAP"
R1 := R1[R2]
R2 := "_PARADE_CAP"
R0[R1] := R2
R1 := ACCESSORY_IDs
R2 := "ACCESSORY_NOBLE_HAT"
R1 := R1[R2]
R2 := "_NOBLE_HAT"
R0[R1] := R2
R1 := ACCESSORY_IDs
R2 := "ACCESSORY_EYES_OF_DARKNESS"
R1 := R1[R2]
R2 := "_EYES_OF_DARKNESS"
R0[R1] := R2
R1 := ACCESSORY_IDs
R2 := "ACCESSORY_HAIRBAND_OF_REGINLEIF"
R1 := R1[R2]
R2 := "_HAIRBAND_OF_REGINLEIF"
R0[R1] := R2
R1 := ACCESSORY_IDs
R2 := "ACCESSORY_RED_WHITE_HAT"
R1 := R1[R2]
R2 := "_RED_WHITE_HAT"
R0[R1] := R2
R1 := ACCESSORY_IDs
R2 := "ACCESSORY_FORCEPS_HAIRPIN"
R1 := R1[R2]
R2 := "_FORCEPS_HAIRPIN"
R0[R1] := R2
R1 := ACCESSORY_IDs
R2 := "ACCESSORY_NOTICE_BOARD"
R1 := R1[R2]
R2 := "_NOTICE_BOARD"
R0[R1] := R2
R1 := ACCESSORY_IDs
R2 := "ACCESSORY_CUBE_MASK"
R1 := R1[R2]
R2 := "_CUBE_MASK"
R0[R1] := R2
R1 := ACCESSORY_IDs
R2 := "ACCESSORY_HAIRBAND_OF_GRANDPECO"
R1 := R1[R2]
R2 := "_HAIRBAND_OF_GRANDPECO"
R0[R1] := R2
R1 := ACCESSORY_IDs
R2 := "ACCESSORY_BR_FLAG_BANDANNA"
R1 := R1[R2]
R2 := "_BR_FLAG_BANDANNA"
R0[R1] := R2
R1 := ACCESSORY_IDs
R2 := "ACCESSORY_CLASSIC_HAT"
R1 := R1[R2]
R2 := "_CLASSIC_HAT"
R0[R1] := R2
R1 := ACCESSORY_IDs
R2 := "ACCESSORY_SHAMAN_STUFF"
R1 := R1[R2]
R2 := "_SHAMAN_STUFF"
R0[R1] := R2
R1 := ACCESSORY_IDs
R2 := "ACCESSORY_BZOFNIL_WING"
R1 := R1[R2]
R2 := "_BZOFNIL_WING"
R0[R1] := R2
R1 := ACCESSORY_IDs
R2 := "ACCESSORY_HERMOZ_CAP"
R1 := R1[R2]
R2 := "_HERMOZ_CAP"
R0[R1] := R2
R1 := ACCESSORY_IDs
R2 := "ACCESSORY_DARKKNIGHT_MASK"
R1 := R1[R2]
R2 := "_DARKKNIGHT_MASK"
R0[R1] := R2
R1 := ACCESSORY_IDs
R2 := "ACCESSORY_ODIN_MASK"
R1 := R1[R2]
R2 := "_ODIN_MASK"
R0[R1] := R2
R1 := ACCESSORY_IDs
R2 := "ACCESSORY_RED_PHD_HAT"
R1 := R1[R2]
R2 := "_RED_PHD_HAT"
R0[R1] := R2
R1 := ACCESSORY_IDs
R2 := "ACCESSORY_TAIWANFLAG"
R1 := R1[R2]
R2 := "_TAIWANFLAG"
R0[R1] := R2
R1 := ACCESSORY_IDs
R2 := "ACCESSORY_TIGERFACE"
R1 := R1[R2]
R2 := "_TIGERFACE"
R0[R1] := R2
R1 := ACCESSORY_IDs
R2 := "ACCESSORY_LOVEDADDY"
R1 := R1[R2]
R2 := "_LOVEDADDY"
R0[R1] := R2
R1 := ACCESSORY_IDs
R2 := "ACCESSORY_ANUBIS_HELM"
R1 := R1[R2]
R2 := "_ANUBIS_HELM"
R0[R1] := R2
R1 := ACCESSORY_IDs
R2 := "ACCESSORY_HAT_OF_OUTLAW"
R1 := R1[R2]
R2 := "_HAT_OF_OUTLAW"
R0[R1] := R2
R1 := ACCESSORY_IDs
R2 := "ACCESSORY_PIZZA_HAT"
R1 := R1[R2]
R2 := "_PIZZA_HAT"
R0[R1] := R2
R1 := ACCESSORY_IDs
R2 := "ACCESSORY_ICECREAM_HAT"
R1 := R1[R2]
R2 := "_ICECREAM_HAT"
R0[R1] := R2
R1 := ACCESSORY_IDs
R2 := "ACCESSORY_CHINESE_5TH"
R1 := R1[R2]
R2 := "_CHINESE_5TH"
R0[R1] := R2
R1 := ACCESSORY_IDs
R2 := "ACCESSORY_WOLFKING"
R1 := R1[R2]
R2 := "_WOLFKING"
R0[R1] := R2
R1 := ACCESSORY_IDs
R2 := "ACCESSORY_GANG_DOOGUN"
R1 := R1[R2]
R2 := "_GANG_DOOGUN"
R0[R1] := R2
R1 := ACCESSORY_IDs
R2 := "ACCESSORY_ASARA_FAIRY"
R1 := R1[R2]
R2 := "_ASARA_FAIRY"
R0[R1] := R2
R1 := ACCESSORY_IDs
R2 := "ACCESSORY_THUNDER_GOD"
R1 := R1[R2]
R2 := "_THUNDER_GOD"
R0[R1] := R2
R1 := ACCESSORY_IDs
R2 := "ACCESSORY_DICE_HAT"
R1 := R1[R2]
R2 := "_DICE_HAT"
R0[R1] := R2
R1 := ACCESSORY_IDs
R2 := "ACCESSORY_TIGER_KING"
R1 := R1[R2]
R2 := "_TIGER_KING"
R0[R1] := R2
R1 := ACCESSORY_IDs
R2 := "ACCESSORY_PIRATE_PRIDE"
R1 := R1[R2]
R2 := "_PIRATE_PRIDE"
R0[R1] := R2
R1 := ACCESSORY_IDs
R2 := "ACCESSORY_RABBIT_MAGIC"
R1 := R1[R2]
R2 := "_RABBIT_MAGIC"
R0[R1] := R2
R1 := ACCESSORY_IDs
R2 := "ACCESSORY_BLACKELF_YEAR"
R1 := R1[R2]
R2 := "_BLACKELF_YEAR"
R0[R1] := R2
R1 := ACCESSORY_IDs
R2 := "ACCESSORY_GOLDEN_TULIP"
R1 := R1[R2]
R2 := "_GOLDEN_TULIP"
R0[R1] := R2
R1 := ACCESSORY_IDs
R2 := "ACCESSORY_LOVELYCHICK_HAT"
R1 := R1[R2]
R2 := "_LOVELYCHICK_HAT"
R0[R1] := R2
R1 := ACCESSORY_IDs
R2 := "ACCESSORY_BLUE_PAJAMA"
R1 := R1[R2]
R2 := "_BLUE_PAJAMA"
R0[R1] := R2
R1 := ACCESSORY_IDs
R2 := "ACCESSORY_PINK_PAJAMA"
R1 := R1[R2]
R2 := "_PINK_PAJAMA"
R0[R1] := R2
R1 := ACCESSORY_IDs
R2 := "ACCESSORY_SHARK_HAT"
R1 := R1[R2]
R2 := "_SHARK_HAT"
R0[R1] := R2
R1 := ACCESSORY_IDs
R2 := "ACCESSORY_STING_HAT"
R1 := R1[R2]
R2 := "_STING_HAT"
R0[R1] := R2
R1 := ACCESSORY_IDs
R2 := "ACCESSORY_CARNIBAL_HAT"
R1 := R1[R2]
R2 := "_CARNIBAL_HAT"
R0[R1] := R2
R1 := ACCESSORY_IDs
R2 := "ACCESSORY_CARNIBAL_CIRCLET"
R1 := R1[R2]
R2 := "_CARNIBAL_CIRCLET"
R0[R1] := R2
R1 := ACCESSORY_IDs
R2 := "ACCESSORY_SHOWER_CAP"
R1 := R1[R2]
R2 := "_SHOWER_CAP"
R0[R1] := R2
R1 := ACCESSORY_IDs
R2 := "ACCESSORY_SAMAN_BAIYA"
R1 := R1[R2]
R2 := "_SAMAN_BAIYA"
R0[R1] := R2
R1 := ACCESSORY_IDs
R2 := "ACCESSORY_AQUARIUS_DIADEM"
R1 := R1[R2]
R2 := "_AQUARIUS_DIADEM"
R0[R1] := R2
R1 := ACCESSORY_IDs
R2 := "ACCESSORY_AQUARIUS_CROWN"
R1 := R1[R2]
R2 := "_AQUARIUS_CROWN"
R0[R1] := R2
R1 := ACCESSORY_IDs
R2 := "ACCESSORY_PISCES_DIADEM"
R1 := R1[R2]
R2 := "_PISCES_DIADEM"
R0[R1] := R2
R1 := ACCESSORY_IDs
R2 := "ACCESSORY_PISCES_CROWN"
R1 := R1[R2]
R2 := "_PISCES_CROWN"
R0[R1] := R2
R1 := ACCESSORY_IDs
R2 := "ACCESSORY_BIG_MAJESTIC2"
R1 := R1[R2]
R2 := "_BIG_MAJESTIC2"
R0[R1] := R2
R1 := ACCESSORY_IDs
R2 := "ACCESSORY_PEACOCK_FEATHER"
R1 := R1[R2]
R2 := "_PEACOCK_FEATHER"
R0[R1] := R2
R1 := ACCESSORY_IDs
R2 := "ACCESSORY_RABBITEAR2"
R1 := R1[R2]
R2 := "_RABBITEAR2"
R0[R1] := R2
R1 := ACCESSORY_IDs
R2 := "ACCESSORY_FANTA_ZERO_LEMON_HAT"
R1 := R1[R2]
R2 := "_FANTA_ZERO_LEMON_HAT"
R0[R1] := R2
R1 := ACCESSORY_IDs
R2 := "ACCESSORY_SAKURA_MIST_HAT"
R1 := R1[R2]
R2 := "_SAKURA_MIST_HAT"
R0[R1] := R2
R1 := ACCESSORY_IDs
R2 := "ACCESSORY_SAKURA_MILK_TEA_HAT"
R1 := R1[R2]
R2 := "_SAKURA_MILK_TEA_HAT"
R0[R1] := R2
R1 := ACCESSORY_IDs
R2 := "ACCESSORY_FIRST_LEAF_TEA_HAT"
R1 := R1[R2]
R2 := "_FIRST_LEAF_TEA_HAT"
R0[R1] := R2
R1 := ACCESSORY_IDs
R2 := "ACCESSORY_LADY_TANEE_DOLL"
R1 := R1[R2]
R2 := "_LADY_TANEE_DOLL"
R0[R1] := R2
R1 := ACCESSORY_IDs
R2 := "ACCESSORY_LUNATIC_HAT"
R1 := R1[R2]
R2 := "_LUNATIC_HAT"
R0[R1] := R2
R1 := ACCESSORY_IDs
R2 := "ACCESSORY_KING_FROG_HAT"
R1 := R1[R2]
R2 := "_KING_FROG_HAT"
R0[R1] := R2
R1 := ACCESSORY_IDs
R2 := "ACCESSORY_EVIL_BONE_HAT"
R1 := R1[R2]
R2 := "_EVIL_BONE_HAT"
R0[R1] := R2
R1 := ACCESSORY_IDs
R2 := "ACCESSORY_KAMAGI_HAT"
R1 := R1[R2]
R2 := "_KAMAGI_HAT"
R0[R1] := R2
R1 := ACCESSORY_IDs
R2 := "ACCESSORY_BABYDRAGON_HAT"
R1 := R1[R2]
R2 := "_BABYDRAGON_HAT"
R0[R1] := R2
R1 := ACCESSORY_IDs
R2 := "ACCESSORY_SPARE_CARD"
R1 := R1[R2]
R2 := "_SPARE_CARD"
R0[R1] := R2
R1 := ACCESSORY_IDs
R2 := "ACCESSORY_QUATI_HAT"
R1 := R1[R2]
R2 := "_QUATI_HAT"
R0[R1] := R2
R1 := ACCESSORY_IDs
R2 := "ACCESSORY_TWOKAN_HAT"
R1 := R1[R2]
R2 := "_TWOKAN_HAT"
R0[R1] := R2
R1 := ACCESSORY_IDs
R2 := "ACCESSORY_SIDECAP"
R1 := R1[R2]
R2 := "_SIDECAP"
R0[R1] := R2
R1 := ACCESSORY_IDs
R2 := "ACCESSORY_JAGUAR_HAT"
R1 := R1[R2]
R2 := "_JAGUAR_HAT"
R0[R1] := R2
R1 := ACCESSORY_IDs
R2 := "ACCESSORY_ARIES_DIADEM"
R1 := R1[R2]
R2 := "_ARIES_DIADEM"
R0[R1] := R2
R1 := ACCESSORY_IDs
R2 := "ACCESSORY_ARIES_CROWN"
R1 := R1[R2]
R2 := "_ARIES_CROWN"
R0[R1] := R2
R1 := ACCESSORY_IDs
R2 := "ACCESSORY_RJC_CATHUSA"
R1 := R1[R2]
R2 := "_RJC_CATHUSA"
R0[R1] := R2
R1 := ACCESSORY_IDs
R2 := "ACCESSORY_REDROSE"
R1 := R1[R2]
R2 := "_REDROSE"
R0[R1] := R2
R1 := ACCESSORY_IDs
R2 := "ACCESSORY_KWG_BOGWAN"
R1 := R1[R2]
R2 := "_KWG_BOGWAN"
R0[R1] := R2
R1 := ACCESSORY_IDs
R2 := "ACCESSORY_KWG_WANGAN"
R1 := R1[R2]
R2 := "_KWG_WANGAN"
R0[R1] := R2
R1 := ACCESSORY_IDs
R2 := "ACCESSORY_HOLY_EGG_HAT"
R1 := R1[R2]
R2 := "_HOLY_EGG_HAT"
R0[R1] := R2
R1 := ACCESSORY_IDs
R2 := "ACCESSORY_OCTOPUS_HAT"
R1 := R1[R2]
R2 := "_OCTOPUS_HAT"
R0[R1] := R2
R1 := ACCESSORY_IDs
R2 := "ACCESSORY_LEAF_CAT_HAT"
R1 := R1[R2]
R2 := "_LEAF_CAT_HAT"
R0[R1] := R2
R1 := ACCESSORY_IDs
R2 := "ACCESSORY_FUR_SEAL_HAT"
R1 := R1[R2]
R2 := "_FUR_SEAL_HAT"
R0[R1] := R2
R1 := ACCESSORY_IDs
R2 := "ACCESSORY_WILD_ROSE_HAT"
R1 := R1[R2]
R2 := "_WILD_ROSE_HAT"
R0[R1] := R2
R1 := ACCESSORY_IDs
R2 := "ACCESSORY_SACI_HAT"
R1 := R1[R2]
R2 := "_SACI_HAT"
R0[R1] := R2
R1 := ACCESSORY_IDs
R2 := "ACCESSORY_543"
R1 := R1[R2]
R2 := "_543"
R0[R1] := R2
R1 := ACCESSORY_IDs
R2 := "ACCESSORY_CROWN_OF_DECEIT"
R1 := R1[R2]
R2 := "_CROWN_OF_DECEIT"
R0[R1] := R2
R1 := ACCESSORY_IDs
R2 := "ACCESSORY_DRAGON_ARHAT_MASK"
R1 := R1[R2]
R2 := "_DRAGON_ARHAT_MASK"
R0[R1] := R2
R1 := ACCESSORY_IDs
R2 := "ACCESSORY_TIGER_ARHAT_MASK"
R1 := R1[R2]
R2 := "_TIGER_ARHAT_MASK"
R0[R1] := R2
R1 := ACCESSORY_IDs
R2 := "ACCESSORY_DOLOR_HAT"
R1 := R1[R2]
R2 := "_DOLOR_HAT"
R0[R1] := R2
R1 := ACCESSORY_IDs
R2 := "ACCESSORY_BRIGHT_FURY"
R1 := R1[R2]
R2 := "_BRIGHT_FURY"
R0[R1] := R2
R1 := ACCESSORY_IDs
R2 := "ACCESSORY_RABBIT_BONNET"
R1 := R1[R2]
R2 := "_RABBIT_BONNET"
R0[R1] := R2
R1 := ACCESSORY_IDs
R2 := "ACCESSORY_GEMINI_DIADEM"
R1 := R1[R2]
R2 := "_GEMINI_DIADEM"
R0[R1] := R2
R1 := ACCESSORY_IDs
R2 := "ACCESSORY_GEMINI_CROWN"
R1 := R1[R2]
R2 := "_GEMINI_CROWN"
R0[R1] := R2
R1 := ACCESSORY_IDs
R2 := "ACCESSORY_RASTA_WIG"
R1 := R1[R2]
R2 := "_RASTA_WIG"
R0[R1] := R2
R1 := ACCESSORY_IDs
R2 := "ACCESSORY_SAVAGE_BABY_HAT"
R1 := R1[R2]
R2 := "_SAVAGE_BABY_HAT"
R0[R1] := R2
R1 := ACCESSORY_IDs
R2 := "ACCESSORY_DOKEBI_HORN"
R1 := R1[R2]
R2 := "_DOKEBI_HORN"
R0[R1] := R2
R1 := ACCESSORY_IDs
R2 := "ACCESSORY_MOUTH_PENCIL"
R1 := R1[R2]
R2 := "_MOUTH_PENCIL"
R0[R1] := R2
R1 := ACCESSORY_IDs
R2 := "ACCESSORY_ONIGIRI_HAT"
R1 := R1[R2]
R2 := "_ONIGIRI_HAT"
R0[R1] := R2
R1 := ACCESSORY_IDs
R2 := "ACCESSORY_SAKE"
R1 := R1[R2]
R2 := "_SAKE"
R0[R1] := R2
R1 := ACCESSORY_IDs
R2 := "ACCESSORY_SATGAT"
R1 := R1[R2]
R2 := "_SATGAT"
R0[R1] := R2
R1 := ACCESSORY_IDs
R2 := "ACCESSORY_RED_BERET"
R1 := R1[R2]
R2 := "_RED_BERET"
R0[R1] := R2
R1 := ACCESSORY_IDs
R2 := "ACCESSORY_CANCER_DIADEM"
R1 := R1[R2]
R2 := "_CANCER_DIADEM"
R0[R1] := R2
R1 := ACCESSORY_IDs
R2 := "ACCESSORY_CANCER_CROWN"
R1 := R1[R2]
R2 := "_CANCER_CROWN"
R0[R1] := R2
R1 := ACCESSORY_IDs
R2 := "ACCESSORY_MAJESTIC_DEVIL"
R1 := R1[R2]
R2 := "_MAJESTIC_DEVIL"
R0[R1] := R2
R1 := ACCESSORY_IDs
R2 := "ACCESSORY_MOGIKILLER"
R1 := R1[R2]
R2 := "_MOGIKILLER"
R0[R1] := R2
R1 := ACCESSORY_IDs
R2 := "ACCESSORY_RUNE_HAIRBAND"
R1 := R1[R2]
R2 := "_RUNE_HAIRBAND"
R0[R1] := R2
R1 := ACCESSORY_IDs
R2 := "ACCESSORY_LEO_CROWN"
R1 := R1[R2]
R2 := "_LEO_CROWN"
R0[R1] := R2
R1 := ACCESSORY_IDs
R2 := "ACCESSORY_LEO_DIADEM"
R1 := R1[R2]
R2 := "_LEO_DIADEM"
R0[R1] := R2
R1 := ACCESSORY_IDs
R2 := "ACCESSORY_DESERT_PRINCE"
R1 := R1[R2]
R2 := "_DESERT_PRINCE"
R0[R1] := R2
R1 := ACCESSORY_IDs
R2 := "ACCESSORY_SIGRUNS_WING"
R1 := R1[R2]
R2 := "_SIGRUNS_WING"
R0[R1] := R2
R1 := ACCESSORY_IDs
R2 := "ACCESSORY_DONUT_MOUTH"
R1 := R1[R2]
R2 := "_DONUT_MOUTH"
R0[R1] := R2
R1 := ACCESSORY_IDs
R2 := "ACCESSORY_YUNO_EYE"
R1 := R1[R2]
R2 := "_YUNO_EYE"
R0[R1] := R2
R1 := ACCESSORY_IDs
R2 := "ACCESSORY_CLOVER_MOUTH"
R1 := R1[R2]
R2 := "_CLOVER_MOUTH"
R0[R1] := R2
R1 := ACCESSORY_IDs
R2 := "ACCESSORY_GUM_MOUTH"
R1 := R1[R2]
R2 := "_GUM_MOUTH"
R0[R1] := R2
R1 := ACCESSORY_IDs
R2 := "ACCESSORY_TWINGIRL_CROWN"
R1 := R1[R2]
R2 := "_TWINGIRL_CROWN"
R0[R1] := R2
R1 := ACCESSORY_IDs
R2 := "ACCESSORY_TWINGIRL_BOGWAN"
R1 := R1[R2]
R2 := "_TWINGIRL_BOGWAN"
R0[R1] := R2
R1 := ACCESSORY_IDs
R2 := "ACCESSORY_BRAZIL_RIBBON"
R1 := R1[R2]
R2 := "_BRAZIL_RIBBON"
R0[R1] := R2
R1 := ACCESSORY_IDs
R2 := "ACCESSORY_BRAZIL_BERE"
R1 := R1[R2]
R2 := "_BRAZIL_BERE"
R0[R1] := R2
R1 := ACCESSORY_IDs
R2 := "ACCESSORY_RTC_WINNER_ONLY"
R1 := R1[R2]
R2 := "_RTC_WINNER_ONLY"
R0[R1] := R2
R1 := ACCESSORY_IDs
R2 := "ACCESSORY_RTC_SECOND_BEST"
R1 := R1[R2]
R2 := "_RTC_SECOND_BEST"
R0[R1] := R2
R1 := ACCESSORY_IDs
R2 := "ACCESSORY_RTC_THIRD_BEST"
R1 := R1[R2]
R2 := "_RTC_THIRD_BEST"
R0[R1] := R2
R1 := ACCESSORY_IDs
R2 := "ACCESSORY_CAMPUME_HAT"
R1 := R1[R2]
R2 := "_CAMPUME_HAT"
R0[R1] := R2
R1 := ACCESSORY_IDs
R2 := "ACCESSORY_LYRIA_DOLL_HAT"
R1 := R1[R2]
R2 := "_LYRIA_DOLL_HAT"
R0[R1] := R2
R1 := ACCESSORY_IDs
R2 := "ACCESSORY_DOROTHY_DOLL_HAT"
R1 := R1[R2]
R2 := "_DOROTHY_DOLL_HAT"
R0[R1] := R2
R1 := ACCESSORY_IDs
R2 := "ACCESSORY_CHUNG_HAIRBAND"
R1 := R1[R2]
R2 := "_CHUNG_HAIRBAND"
R0[R1] := R2
R1 := ACCESSORY_IDs
R2 := "ACCESSORY_ICE_WING_EAR"
R1 := R1[R2]
R2 := "_ICE_WING_EAR"
R0[R1] := R2
R1 := ACCESSORY_IDs
R2 := "ACCESSORY_TURTLE_HAT"
R1 := R1[R2]
R2 := "_TURTLE_HAT"
R0[R1] := R2
R1 := ACCESSORY_IDs
R2 := "ACCESSORY_DARKNESS_HELM_J"
R1 := R1[R2]
R2 := "_DARKNESS_HELM_J"
R0[R1] := R2
R1 := ACCESSORY_IDs
R2 := "ACCESSORY_HOLY_MARCHING_HAT_J"
R1 := R1[R2]
R2 := "_HOLY_MARCHING_HAT_J"
R0[R1] := R2
R1 := ACCESSORY_IDs
R2 := "ACCESSORY_SCOOTER_HAT_J"
R1 := R1[R2]
R2 := "_SCOOTER_HAT_J"
R0[R1] := R2
R1 := ACCESSORY_IDs
R2 := "ACCESSORY_IMP_HAT"
R1 := R1[R2]
R2 := "_IMP_HAT"
R0[R1] := R2
R1 := ACCESSORY_IDs
R2 := "ACCESSORY_SLEEPR_HAT"
R1 := R1[R2]
R2 := "_SLEEPR_HAT"
R0[R1] := R2
R1 := ACCESSORY_IDs
R2 := "ACCESSORY_GRYPHON_HAT"
R1 := R1[R2]
R2 := "_GRYPHON_HAT"
R0[R1] := R2
R1 := ACCESSORY_IDs
R2 := "ACCESSORY_RED_PIRATE_BANDANA"
R1 := R1[R2]
R2 := "_RED_PIRATE_BANDANA"
R0[R1] := R2
R1 := ACCESSORY_IDs
R2 := "ACCESSORY_LIBRA_CROWN"
R1 := R1[R2]
R2 := "_LIBRA_CROWN"
R0[R1] := R2
R1 := ACCESSORY_IDs
R2 := "ACCESSORY_LIBRA_DIADEM"
R1 := R1[R2]
R2 := "_LIBRA_DIADEM"
R0[R1] := R2
R1 := ACCESSORY_IDs
R2 := "ACCESSORY_FILIR_WING"
R1 := R1[R2]
R2 := "_FILIR_WING"
R0[R1] := R2
R1 := ACCESSORY_IDs
R2 := "ACCESSORY_MOOSOK_HAT"
R1 := R1[R2]
R2 := "_MOOSOK_HAT"
R0[R1] := R2
R1 := ACCESSORY_IDs
R2 := "ACCESSORY_GOLDEN_HAT"
R1 := R1[R2]
R2 := "_GOLDEN_HAT"
R0[R1] := R2
R1 := ACCESSORY_IDs
R2 := "ACCESSORY_SKULL_HOOD"
R1 := R1[R2]
R2 := "_SKULL_HOOD"
R0[R1] := R2
R1 := ACCESSORY_IDs
R2 := "ACCESSORY_ANIV_STAR_HAT"
R1 := R1[R2]
R2 := "_ANIV_STAR_HAT"
R0[R1] := R2
R1 := ACCESSORY_IDs
R2 := "ACCESSORY_DROOPING_MOROCC_MINION"
R1 := R1[R2]
R2 := "_DROOPING_MOROCC_MINION"
R0[R1] := R2
R1 := ACCESSORY_IDs
R2 := "ACCESSORY_SOUTHERN_CROSS"
R1 := R1[R2]
R2 := "_SOUTHERN_CROSS"
R0[R1] := R2
R1 := ACCESSORY_IDs
R2 := "ACCESSORY_HOME_CHERRY_BLOSSOM"
R1 := R1[R2]
R2 := "_HOME_CHERRY_BLOSSOM"
R0[R1] := R2
R1 := ACCESSORY_IDs
R2 := "ACCESSORY_PIG_MONEYBOX"
R1 := R1[R2]
R2 := "_PIG_MONEYBOX"
R0[R1] := R2
R1 := ACCESSORY_IDs
R2 := "ACCESSORY_PORING_LETTER"
R1 := R1[R2]
R2 := "_PORING_LETTER"
R0[R1] := R2
R1 := ACCESSORY_IDs
R2 := "ACCESSORY_SCORPIO_CROWN"
R1 := R1[R2]
R2 := "_SCORPIO_CROWN"
R0[R1] := R2
R1 := ACCESSORY_IDs
R2 := "ACCESSORY_SCORPIO_DIADEM"
R1 := R1[R2]
R2 := "_SCORPIO_DIADEM"
R0[R1] := R2
R1 := ACCESSORY_IDs
R2 := "ACCESSORY_NOTATION_HAIRBAND"
R1 := R1[R2]
R2 := "_NOTATION_HAIRBAND"
R0[R1] := R2
R1 := ACCESSORY_IDs
R2 := "ACCESSORY_ENGINEER_CAP"
R1 := R1[R2]
R2 := "_ENGINEER_CAP"
R0[R1] := R2
R1 := ACCESSORY_IDs
R2 := "ACCESSORY_HAWKEYES"
R1 := R1[R2]
R2 := "_HAWKEYES"
R0[R1] := R2
R1 := ACCESSORY_IDs
R2 := "ACCESSORY_TRIANGLE_RUNE"
R1 := R1[R2]
R2 := "_TRIANGLE_RUNE"
R0[R1] := R2
R1 := ACCESSORY_IDs
R2 := "ACCESSORY_2009LOVE_DADDY"
R1 := R1[R2]
R2 := "_2009LOVE_DADDY"
R0[R1] := R2
R1 := ACCESSORY_IDs
R2 := "ACCESSORY_612"
R1 := R1[R2]
R2 := "_612"
R0[R1] := R2
R1 := ACCESSORY_IDs
R2 := "ACCESSORY_PRIESTHAT"
R1 := R1[R2]
R2 := "_PRIESTHAT"
R0[R1] := R2
R1 := ACCESSORY_IDs
R2 := "ACCESSORY_NOFEAR_POQWER_HEADGEAR"
R1 := R1[R2]
R2 := "_NOFEAR_POQWER_HEADGEAR"
R0[R1] := R2
R1 := ACCESSORY_IDs
R2 := "ACCESSORY_CACTUS_HAT"
R1 := R1[R2]
R2 := "_CACTUS_HAT"
R0[R1] := R2
R1 := ACCESSORY_IDs
R2 := "ACCESSORY_SNOWMAN_HAT"
R1 := R1[R2]
R2 := "_SNOWMAN_HAT"
R0[R1] := R2
R1 := ACCESSORY_IDs
R2 := "ACCESSORY_SAGITTARIUS_CROWN"
R1 := R1[R2]
R2 := "_SAGITTARIUS_CROWN"
R0[R1] := R2
R1 := ACCESSORY_IDs
R2 := "ACCESSORY_SAGITTARIUS_DIADEM"
R1 := R1[R2]
R2 := "_SAGITTARIUS_DIADEM"
R0[R1] := R2
R1 := ACCESSORY_IDs
R2 := "ACCESSORY_SANTACAP"
R1 := R1[R2]
R2 := "_SANTACAP"
R0[R1] := R2
R1 := ACCESSORY_IDs
R2 := "ACCESSORY_ORANGE_STEM_HAT"
R1 := R1[R2]
R2 := "_ORANGE_STEM_HAT"
R0[R1] := R2
R1 := ACCESSORY_IDs
R2 := "ACCESSORY_CAPRICORN_CROWN"
R1 := R1[R2]
R2 := "_CAPRICORN_CROWN"
R0[R1] := R2
R1 := ACCESSORY_IDs
R2 := "ACCESSORY_CAPRICORN_DIADEM"
R1 := R1[R2]
R2 := "_CAPRICORN_DIADEM"
R0[R1] := R2
R1 := ACCESSORY_IDs
R2 := "ACCESSORY_RUNE_CIRCLET"
R1 := R1[R2]
R2 := "_RUNE_CIRCLET"
R0[R1] := R2
R1 := ACCESSORY_IDs
R2 := "ACCESSORY_MITRA"
R1 := R1[R2]
R2 := "_MITRA"
R0[R1] := R2
R1 := ACCESSORY_IDs
R2 := "ACCESSORY_RANGER_GOGGLES"
R1 := R1[R2]
R2 := "_RANGER_GOGGLES"
R0[R1] := R2
R1 := ACCESSORY_IDs
R2 := "ACCESSORY_DRIVER_BAND"
R1 := R1[R2]
R2 := "_DRIVER_BAND"
R0[R1] := R2
R1 := ACCESSORY_IDs
R2 := "ACCESSORY_627"
R1 := R1[R2]
R2 := "_627"
R0[R1] := R2
R1 := ACCESSORY_IDs
R2 := "ACCESSORY_MINSTRELSONG_HAT"
R1 := R1[R2]
R2 := "_MINSTRELSONG_HAT"
R0[R1] := R2
R1 := ACCESSORY_IDs
R2 := "ACCESSORY_629"
R1 := R1[R2]
R2 := "_629"
R0[R1] := R2
R1 := ACCESSORY_IDs
R2 := "ACCESSORY_630"
R1 := R1[R2]
R2 := "_630"
R0[R1] := R2
R1 := ACCESSORY_IDs
R2 := "ACCESSORY_631"
R1 := R1[R2]
R2 := "_631"
R0[R1] := R2
R1 := ACCESSORY_IDs
R2 := "ACCESSORY_632"
R1 := R1[R2]
R2 := "_632"
R0[R1] := R2
R1 := ACCESSORY_IDs
R2 := "ACCESSORY_633"
R1 := R1[R2]
R2 := "_633"
R0[R1] := R2
R1 := ACCESSORY_IDs
R2 := "ACCESSORY_634"
R1 := R1[R2]
R2 := "_634"
R0[R1] := R2
R1 := ACCESSORY_IDs
R2 := "ACCESSORY_635"
R1 := R1[R2]
R2 := "_635"
R0[R1] := R2
R1 := ACCESSORY_IDs
R2 := "ACCESSORY_NOAHS_HAT"
R1 := R1[R2]
R2 := "_NOAHS_HAT"
R0[R1] := R2
R1 := ACCESSORY_IDs
R2 := "ACCESSORY_DRIVER_BAND2"
R1 := R1[R2]
R2 := "_DRIVER_BAND2"
R0[R1] := R2
R1 := ACCESSORY_IDs
R2 := "ACCESSORY_SLOTH_HAT"
R1 := R1[R2]
R2 := "_SLOTH_HAT"
R0[R1] := R2
R1 := ACCESSORY_IDs
R2 := "ACCESSORY_DUNEYRR_HELM"
R1 := R1[R2]
R2 := "_DUNEYRR_HELM"
R0[R1] := R2
R1 := ACCESSORY_IDs
R2 := "ACCESSORY_RED_BUNNY_BAND"
R1 := R1[R2]
R2 := "_RED_BUNNY_BAND"
R0[R1] := R2
R1 := ACCESSORY_IDs
R2 := "ACCESSORY_BUZZY_BOL_BOARD"
R1 := R1[R2]
R2 := "_BUZZY_BOL_BOARD"
R0[R1] := R2
R1 := ACCESSORY_IDs
R2 := "ACCESSORY_BLACK_TAIL_RIBBON"
R1 := R1[R2]
R2 := "_BLACK_TAIL_RIBBON"
R0[R1] := R2
R1 := ACCESSORY_IDs
R2 := "ACCESSORY_AMISTR_CAP"
R1 := R1[R2]
R2 := "_AMISTR_CAP"
R0[R1] := R2
R1 := ACCESSORY_IDs
R2 := "ACCESSORY_SAMURAI_MASK"
R1 := R1[R2]
R2 := "_SAMURAI_MASK"
R0[R1] := R2
R1 := ACCESSORY_IDs
R2 := "ACCESSORY_SAKURA_CORONET"
R1 := R1[R2]
R2 := "_SAKURA_CORONET"
R0[R1] := R2
R1 := ACCESSORY_IDs
R2 := "ACCESSORY_GOLDEN_ANGEL"
R1 := R1[R2]
R2 := "_GOLDEN_ANGEL"
R0[R1] := R2
R1 := ACCESSORY_IDs
R2 := "ACCESSORY_FOOL_DAY_HAT"
R1 := R1[R2]
R2 := "_FOOL_DAY_HAT"
R0[R1] := R2
R1 := ACCESSORY_IDs
R2 := "ACCESSORY_GOLDEN_SAVAGE_HAT"
R1 := R1[R2]
R2 := "_GOLDEN_SAVAGE_HAT"
R0[R1] := R2
R1 := ACCESSORY_IDs
R2 := "ACCESSORY_SPLASH_HAT"
R1 := R1[R2]
R2 := "_SPLASH_HAT"
R0[R1] := R2
R1 := ACCESSORY_IDs
R2 := "ACCESSORY_FAMILY_HAT"
R1 := R1[R2]
R2 := "_FAMILY_HAT"
R0[R1] := R2
R1 := ACCESSORY_IDs
R2 := "ACCESORY_RED_NAVY_HAT"
R1 := R1[R2]
R2 := "[ACCESSORY_IDs.ACCESORY_RED_NAVY_HAT"
R0[R1] := R2
R1 := ACCESSORY_IDs
R2 := "ACCESORY_BERET"
R1 := R1[R2]
R2 := "[ACCESSORY_IDs.ACCESORY_BERET"
R0[R1] := R2
R1 := ACCESSORY_IDs
R2 := "ACCESSORY_CHOCODONUT_MOUTH"
R1 := R1[R2]
R2 := "_CHOCODONUT_MOUTH"
R0[R1] := R2
R1 := ACCESSORY_IDs
R2 := "ACCESSORY_BLAZING_SUN"
R1 := R1[R2]
R2 := "_BLAZING_SUN"
R0[R1] := R2
R1 := ACCESSORY_IDs
R2 := "ACCESSORY_REMOVER_HAT"
R1 := R1[R2]
R2 := "_REMOVER_HAT"
R0[R1] := R2
R1 := ACCESSORY_IDs
R2 := "ACCESSORY_BLUE_ARARA_HAT"
R1 := R1[R2]
R2 := "_BLUE_ARARA_HAT"
R0[R1] := R2
R1 := ACCESSORY_IDs
R2 := "ACCESSORY_DROOPING_BOTO"
R1 := R1[R2]
R2 := "_DROOPING_BOTO"
R0[R1] := R2
R1 := ACCESSORY_IDs
R2 := "ACCESSORY_TENDRILION_HAT"
R1 := R1[R2]
R2 := "_TENDRILION_HAT"
R0[R1] := R2
R1 := ACCESSORY_IDs
R2 := "ACCESSORY_PERSICA"
R1 := R1[R2]
R2 := "_PERSICA"
R0[R1] := R2
R1 := ACCESSORY_IDs
R2 := "ACCESSORY_HOPLITE_HELMET"
R1 := R1[R2]
R2 := "_HOPLITE_HELMET"
R0[R1] := R2
R1 := ACCESSORY_IDs
R2 := "ACCESSORY_3DGLASS"
R1 := R1[R2]
R2 := "_3DGLASS"
R0[R1] := R2
R1 := ACCESSORY_IDs
R2 := "ACCESSORY_YELLOWBUNNY_HAIRBAND"
R1 := R1[R2]
R2 := "_YELLOWBUNNY_HAIRBAND"
R0[R1] := R2
R1 := ACCESSORY_IDs
R2 := "ACCESSORY_PINKBUNNY_HAIRBAND"
R1 := R1[R2]
R2 := "_PINKBUNNY_HAIRBAND"
R0[R1] := R2
R1 := ACCESSORY_IDs
R2 := "ACCESSORY_GREENBUNNY_HAIRBAND"
R1 := R1[R2]
R2 := "_GREENBUNNY_HAIRBAND"
R0[R1] := R2
R1 := ACCESSORY_IDs
R2 := "ACCESSORY_OLD_ELFEAR"
R1 := R1[R2]
R2 := "_OLD_ELFEAR "
R0[R1] := R2
R1 := ACCESSORY_IDs
R2 := "ACCESSORY_THA_MAERO_MASK"
R1 := R1[R2]
R2 := "_THA_MAERO_MASK"
R0[R1] := R2
R1 := ACCESSORY_IDs
R2 := "ACCESSORY_THANATOS_MAI_MASK"
R1 := R1[R2]
R2 := "_THANATOS_MAI_MASK"
R0[R1] := R2
R1 := ACCESSORY_IDs
R2 := "ACCESSORY_TENKAIPPIN_RAMEN"
R1 := R1[R2]
R2 := "_TENKAIPPIN_RAMEN"
R0[R1] := R2
R1 := ACCESSORY_IDs
R2 := "ACCESSORY_FISHPIN"
R1 := R1[R2]
R2 := "_FISHPIN"
R0[R1] := R2
R1 := ACCESSORY_IDs
R2 := "ACCESSORY_RED_DRESS_HAT"
R1 := R1[R2]
R2 := "_RED_DRESS_HAT"
R0[R1] := R2
R1 := ACCESSORY_IDs
R2 := "ACCESSORY_PASSION_FB_HAT"
R1 := R1[R2]
R2 := "_PASSION_FB_HAT"
R0[R1] := R2
R1 := ACCESSORY_IDs
R2 := "ACCESSORY_COOL_FB_HAT"
R1 := R1[R2]
R2 := "_COOL_FB_HAT"
R0[R1] := R2
R1 := ACCESSORY_IDs
R2 := "ACCESSORY_VICTORY_FB_HAT"
R1 := R1[R2]
R2 := "_VICTORY_FB_HAT"
R0[R1] := R2
R1 := ACCESSORY_IDs
R2 := "ACCESSORY_GLORY_FB_HAT"
R1 := R1[R2]
R2 := "_GLORY_FB_HAT"
R0[R1] := R2
R1 := ACCESSORY_IDs
R2 := "ACCESSORY_UMBALA_SPIRIT"
R1 := R1[R2]
R2 := "_UMBALA_SPIRIT"
R0[R1] := R2
R1 := ACCESSORY_IDs
R2 := "ACCESSORY_GARUDA_HAT"
R1 := R1[R2]
R2 := "_GARUDA_HAT"
R0[R1] := R2
R1 := ACCESSORY_IDs
R2 := "ACCESSORY_RWC2010_INDONESIA"
R1 := R1[R2]
R2 := "_RWC2010_INDONESIA"
R0[R1] := R2
R1 := ACCESSORY_IDs
R2 := "ACCESSORY_BLOODY_ANGEL_HAIRBAND"
R1 := R1[R2]
R2 := "_BLOODY_ANGEL_HAIRBAND"
R0[R1] := R2
R1 := ACCESSORY_IDs
R2 := "ACCESSORY_BLOODY_ANGELWING_EAR"
R1 := R1[R2]
R2 := "_BLOODY_ANGELWING_EAR"
R0[R1] := R2
R1 := ACCESSORY_IDs
R2 := "ACCESSORY_SHINING_SUNFLOWER"
R1 := R1[R2]
R2 := "_SHINING_SUNFLOWER"
R0[R1] := R2
R1 := ACCESSORY_IDs
R2 := "ACCESSORY_PARADISE_HAT"
R1 := R1[R2]
R2 := "_PARADISE_HAT"
R0[R1] := R2
R1 := ACCESSORY_IDs
R2 := "ACCESSORY_RTC_WINNER_HEADGEAR"
R1 := R1[R2]
R2 := "_RTC_WINNER_HEADGEAR"
R0[R1] := R2
R1 := ACCESSORY_IDs
R2 := "ACCESSORY_RTC_2ND_HEADGEAR"
R1 := R1[R2]
R2 := "_RTC_2ND_HEADGEAR"
R0[R1] := R2
R1 := ACCESSORY_IDs
R2 := "ACCESSORY_RTC_3RD_HEADGEAR"
R1 := R1[R2]
R2 := "_RTC_3RD_HEADGEAR"
R0[R1] := R2
R1 := ACCESSORY_IDs
R2 := "ACCESSORY_JATI_CROWN"
R1 := R1[R2]
R2 := "_JATI_CROWN"
R0[R1] := R2
R1 := ACCESSORY_IDs
R2 := "ACCESSORY_EVILMARCHER_HAT"
R1 := R1[R2]
R2 := "_EVILMARCHER_HAT"
R0[R1] := R2
R1 := ACCESSORY_IDs
R2 := "ACCESSORY_THUNDERSTORM_CLOUD"
R1 := R1[R2]
R2 := "_THUNDERSTORM_CLOUD"
R0[R1] := R2
R1 := ACCESSORY_IDs
R2 := "ACCESSORY_DOKKEBI_MASK"
R1 := R1[R2]
R2 := "_DOKKEBI_MASK"
R0[R1] := R2
R1 := ACCESSORY_IDs
R2 := "ACCESSORY_WARTERMELON_HAT"
R1 := R1[R2]
R2 := "_WARTERMELON_HAT"
R0[R1] := R2
R1 := ACCESSORY_IDs
R2 := "ACCESSORY_DARK_PUMPKIN_HAT"
R1 := R1[R2]
R2 := "_DARK_PUMPKIN_HAT"
R0[R1] := R2
R1 := ACCESSORY_IDs
R2 := "ACCESSORY_DROOPING_NEKO_CRU"
R1 := R1[R2]
R2 := "_DROOPING_NEKO_CRU"
R0[R1] := R2
R1 := ACCESSORY_IDs
R2 := "ACCESSORY_THA_DESPERO_MASK"
R1 := R1[R2]
R2 := "_THA_DESPERO_MASK"
R0[R1] := R2
R1 := ACCESSORY_IDs
R2 := "ACCESSORY_DROOPING_PERMETER"
R1 := R1[R2]
R2 := "_DROOPING_PERMETER"
R0[R1] := R2
R1 := ACCESSORY_IDs
R2 := "ACCESSORY_BUTTERFLYWINGS_EAR"
R1 := R1[R2]
R2 := "_BUTTERFLYWINGS_EAR"
R0[R1] := R2
R1 := ACCESSORY_IDs
R2 := "ACCESSORY_SCREW_STUCK_HEAD"
R1 := R1[R2]
R2 := "_SCREW_STUCK_HEAD"
R0[R1] := R2
R1 := ACCESSORY_IDs
R2 := "ACCESSORY_HEART_EYEBANDAGE1"
R1 := R1[R2]
R2 := "_HEART_EYEBANDAGE1"
R0[R1] := R2
R1 := ACCESSORY_IDs
R2 := "ACCESSORY_HEART_EYEBANDAGE2"
R1 := R1[R2]
R2 := "_HEART_EYEBANDAGE2"
R0[R1] := R2
R1 := ACCESSORY_IDs
R2 := "ACCESSORY_CHICKEN_BILL"
R1 := R1[R2]
R2 := "_CHICKEN_BILL"
R0[R1] := R2
R1 := ACCESSORY_IDs
R2 := "ACCESSORY_CHARLIES_BEARD"
R1 := R1[R2]
R2 := "_CHARLIES_BEARD"
R0[R1] := R2
R1 := ACCESSORY_IDs
R2 := "ACCESSORY_YELLOW_HAT"
R1 := R1[R2]
R2 := "_YELLOW_HAT"
R0[R1] := R2
R1 := ACCESSORY_IDs
R2 := "ACCESSORY_SINGING_BIRD"
R1 := R1[R2]
R2 := "_SINGING_BIRD"
R0[R1] := R2
R1 := ACCESSORY_IDs
R2 := "ACCESSORY_CHICKEN_CREST"
R1 := R1[R2]
R2 := "_CHICKEN_CREST"
R0[R1] := R2
R1 := ACCESSORY_IDs
R2 := "ACCESSORY_RAINBOW"
R1 := R1[R2]
R2 := "_RAINBOW"
R0[R1] := R2
R1 := ACCESSORY_IDs
R2 := "ACCESSORY_RAIN_CLOUD"
R1 := R1[R2]
R2 := "_RAIN_CLOUD"
R0[R1] := R2
R1 := ACCESSORY_IDs
R2 := "ACCESSORY_CHARLIES_HAT"
R1 := R1[R2]
R2 := "_CHARLIES_HAT"
R0[R1] := R2
R1 := ACCESSORY_IDs
R2 := "ACCESSORY_MINI_CROWN1"
R1 := R1[R2]
R2 := "_MINI_CROWN1"
R0[R1] := R2
R1 := ACCESSORY_IDs
R2 := "ACCESSORY_HEART_RIBBON_BAND"
R1 := R1[R2]
R2 := "_HEART_RIBBON_BAND"
R0[R1] := R2
R1 := ACCESSORY_IDs
R2 := "ACCESSORY_HONEYBEE_HAT"
R1 := R1[R2]
R2 := "_HONEYBEE_HAT"
R0[R1] := R2
R1 := ACCESSORY_IDs
R2 := "ACCESSORY_FANCY_PHANTOM_MAS"
R1 := R1[R2]
R2 := "_FANCY_PHANTOM_MAS"
R0[R1] := R2
R1 := ACCESSORY_IDs
R2 := "ACCESSORY_PUPPY_GRASS"
R1 := R1[R2]
R2 := "_PUPPY_GRASS"
R0[R1] := R2
R1 := ACCESSORY_IDs
R2 := "ACCESSORY_DEVIL_WHISPER"
R1 := R1[R2]
R2 := "_DEVIL_WHISPER"
R0[R1] := R2
R1 := ACCESSORY_IDs
R2 := "ACCESSORY_SKULL_CAP"
R1 := R1[R2]
R2 := "_SKULL_CAP"
R0[R1] := R2
R1 := ACCESSORY_IDs
R2 := "ACCESSORY_EVIL_MASK"
R1 := R1[R2]
R2 := "_EVIL_MASK"
R0[R1] := R2
R1 := ACCESSORY_IDs
R2 := "ACCESSORY_LITTLE_FHAT"
R1 := R1[R2]
R2 := "_LITTLE_FHAT"
R0[R1] := R2
R1 := ACCESSORY_IDs
R2 := "ACCESSORY_LOVE_GUARD"
R1 := R1[R2]
R2 := "_LOVE_GUARD"
R0[R1] := R2
R1 := ACCESSORY_IDs
R2 := "ACCESSORY_WITCHS_HAT"
R1 := R1[R2]
R2 := "_WITCHS_HAT"
R0[R1] := R2
R1 := ACCESSORY_IDs
R2 := "ACCESSORY_LOVER_IN_MOUTH"
R1 := R1[R2]
R2 := "_LOVER_IN_MOUTH"
R0[R1] := R2
R1 := ACCESSORY_IDs
R2 := "ACCESSORY_CAMPUS_FESTIVAL"
R1 := R1[R2]
R2 := "_CAMPUS_FESTIVAL"
R0[R1] := R2
R1 := ACCESSORY_IDs
R2 := "ACCESSORY_TAINI_CAP"
R1 := R1[R2]
R2 := "_TAINI_CAP"
R0[R1] := R2
R1 := ACCESSORY_IDs
R2 := "ACCESSORY_BUTTERFLY_HAIRPIN"
R1 := R1[R2]
R2 := "_BUTTERFLY_HAIRPIN"
R0[R1] := R2
R1 := ACCESSORY_IDs
R2 := "ACCESSORY_ASGARD_BLESS"
R1 := R1[R2]
R2 := "_ASGARD_BLESS"
R0[R1] := R2
R1 := ACCESSORY_IDs
R2 := "ACCESSORY_GALAXY_CIRCLET"
R1 := R1[R2]
R2 := "_GALAXY_CIRCLET"
R0[R1] := R2
R1 := ACCESSORY_IDs
R2 := "ACCESSORY_MALANGDO_HAT"
R1 := R1[R2]
R2 := "_MALANGDO_HAT"
R0[R1] := R2
R1 := ACCESSORY_IDs
R2 := "ACCESSORY_MINI_TREE"
R1 := R1[R2]
R2 := "_MINI_TREE"
R0[R1] := R2
R1 := ACCESSORY_IDs
R2 := "ACCESSORY_KING_PRAWN_HAT"
R1 := R1[R2]
R2 := "_KING_PRAWN_HAT"
R0[R1] := R2
R1 := ACCESSORY_IDs
R2 := "ACCESSORY_GENERAL_HELMET"
R1 := R1[R2]
R2 := "_GENERAL_HELMET"
R0[R1] := R2
R1 := ACCESSORY_IDs
R2 := "ACCESSORY_SINSUNCHO_HAT"
R1 := R1[R2]
R2 := "_SINSUNCHO_HAT"
R0[R1] := R2
R1 := ACCESSORY_IDs
R2 := "ACCESSORY_B_FEATHER_BERET"
R1 := R1[R2]
R2 := "_B_FEATHER_BERET"
R0[R1] := R2
R1 := ACCESSORY_IDs
R2 := "ACCESSORY_BONE_HAT"
R1 := R1[R2]
R2 := "_BONE_HAT"
R0[R1] := R2
R1 := ACCESSORY_IDs
R2 := "ACCESSORY_HEART_WING_HAIRBAND"
R1 := R1[R2]
R2 := "_HEART_WING_HAIRBAND"
R0[R1] := R2
R1 := ACCESSORY_IDs
R2 := "ACCESSORY_LOVE_PIECE"
R1 := R1[R2]
R2 := "_LOVE_PIECE"
R0[R1] := R2
R1 := ACCESSORY_IDs
R2 := "ACCESSORY_ST_PAT_HAT"
R1 := R1[R2]
R2 := "_ST_PAT_HAT"
R0[R1] := R2
R1 := ACCESSORY_IDs
R2 := "ACCESSORY_NUT_DONUT_MOUTH"
R1 := R1[R2]
R2 := "_NUT_DONUT_MOUTH"
R0[R1] := R2
R1 := ACCESSORY_IDs
R2 := "ACCESSORY_STRETCHED_NOSE"
R1 := R1[R2]
R2 := "_STRETCHED_NOSE"
R0[R1] := R2
R1 := ACCESSORY_IDs
R2 := "ACCESSORY_SOFT_SHEEP_HAT"
R1 := R1[R2]
R2 := "_SOFT_SHEEP_HAT"
R0[R1] := R2
R1 := ACCESSORY_IDs
R2 := "ACCESSORY_ANCIENT_GOLD_ADORNMENT"
R1 := R1[R2]
R2 := "_ANCIENT_GOLD_ADORNMENT"
R0[R1] := R2
R1 := ACCESSORY_IDs
R2 := "ACCESSORY_LUCKY_HAT"
R1 := R1[R2]
R2 := "_LUCKY_HAT"
R0[R1] := R2
R1 := ACCESSORY_IDs
R2 := "ACCESSORY_WHITE_FEATHER"
R1 := R1[R2]
R2 := "_WHITE_FEATHER"
R0[R1] := R2
R1 := ACCESSORY_IDs
R2 := "ACCESSORY_LORD_OF_DEATH"
R1 := R1[R2]
R2 := "_LORD_OF_DEATH"
R0[R1] := R2
R1 := ACCESSORY_IDs
R2 := "ACCESSORY_WUNDERKAMMER"
R1 := R1[R2]
R2 := "_WUNDERKAMMER"
R0[R1] := R2
R1 := ACCESSORY_IDs
R2 := "ACCESSORY_YINYANG_EARRING"
R1 := R1[R2]
R2 := "_YINYANG_EARRING"
R0[R1] := R2
R1 := ACCESSORY_IDs
R2 := "ACCESSORY_9TH_ANNIVERSARY"
R1 := R1[R2]
R2 := "_9TH_ANNIVERSARY"
R0[R1] := R2
R1 := ACCESSORY_IDs
R2 := "ACCESSORY_YGGDRASIL_CROWN"
R1 := R1[R2]
R2 := "_YGGDRASIL_CROWN"
R0[R1] := R2
R1 := ACCESSORY_IDs
R2 := "ACCESSORY_RED_TIGER_MASK"
R1 := R1[R2]
R2 := "_RED_TIGER_MASK"
R0[R1] := R2
R1 := ACCESSORY_IDs
R2 := "ACCESSORY_BLUE_TIGER_MASK"
R1 := R1[R2]
R2 := "_BLUE_TIGER_MASK"
R0[R1] := R2
R1 := ACCESSORY_IDs
R2 := "ACCESSORY_NAVY_DROOPING_KITTY"
R1 := R1[R2]
R2 := "_NAVY_DROOPING_KITTY"
R0[R1] := R2
R1 := ACCESSORY_IDs
R2 := "ACCESSORY_BROWN_DROOPING_KITTY"
R1 := R1[R2]
R2 := "_BROWN_DROOPING_KITTY"
R0[R1] := R2
R1 := ACCESSORY_IDs
R2 := "ACCESSORY_ORANGE_BUNNY_BAND"
R1 := R1[R2]
R2 := "_ORANGE_BUNNY_BAND"
R0[R1] := R2
R1 := ACCESSORY_IDs
R2 := "ACCESSORY_VIOLET_BUNNY_BAND"
R1 := R1[R2]
R2 := "_VIOLET_BUNNY_BAND"
R0[R1] := R2
R1 := ACCESSORY_IDs
R2 := "ACCESSORY_BLUE_BUNNY_BAND"
R1 := R1[R2]
R2 := "_BLUE_BUNNY_BAND"
R0[R1] := R2
R1 := ACCESSORY_IDs
R2 := "ACCESSORY_SILVAH_BUNNY_BAND"
R1 := R1[R2]
R2 := "_SILVAH_BUNNY_BAND"
R0[R1] := R2
R1 := ACCESSORY_IDs
R2 := "ACCESSORY_STRAWBERRY_HAT"
R1 := R1[R2]
R2 := "_STRAWBERRY_HAT"
R0[R1] := R2
R1 := ACCESSORY_IDs
R2 := "ACCESSORY_NESTEA_HAT"
R1 := R1[R2]
R2 := "_NESTEA_HAT"
R0[R1] := R2
R1 := ACCESSORY_IDs
R2 := "ACCESSORY_HORN_OF_ANCIENT"
R1 := R1[R2]
R2 := "_HORN_OF_ANCIENT"
R0[R1] := R2
R1 := ACCESSORY_IDs
R2 := "ACCESSORY_SPROUT_HAT"
R1 := R1[R2]
R2 := "_SPROUT_HAT"
R0[R1] := R2
R1 := ACCESSORY_IDs
R2 := "ACCESSORY_MERCURY_HELM"
R1 := R1[R2]
R2 := "_MERCURY_HELM"
R0[R1] := R2
R1 := ACCESSORY_IDs
R2 := "ACCESSORY_MASK_OF_BLACKDEVIL"
R1 := R1[R2]
R2 := "_MASK_OF_BLACKDEVIL"
R0[R1] := R2
R1 := ACCESSORY_IDs
R2 := "ACCESSORY_CATEAR_BERET"
R1 := R1[R2]
R2 := "_CATEAR_BERET"
R0[R1] := R2
R1 := ACCESSORY_IDs
R2 := "ACCESSORY_RED_TAMOSHANTER"
R1 := R1[R2]
R2 := "_RED_TAMOSHANTER"
R0[R1] := R2
R1 := ACCESSORY_IDs
R2 := "ACCESSORY_WATERMELON_OF_A_MOUTHFUL"
R1 := R1[R2]
R2 := "_WATERMELON_OF_A_MOUTHFUL"
R0[R1] := R2
R1 := ACCESSORY_IDs
R2 := "ACCESSORY_1ST_ROCKET_HELM"
R1 := R1[R2]
R2 := "_1ST_ROCKET_HELM"
R0[R1] := R2
R1 := ACCESSORY_IDs
R2 := "ACCESSORY_2ND_ROCKET_HELM"
R1 := R1[R2]
R2 := "_2ND_ROCKET_HELM"
R0[R1] := R2
R1 := ACCESSORY_IDs
R2 := "ACCESSORY_DARK_AGE"
R1 := R1[R2]
R2 := "_DARK_AGE"
R0[R1] := R2
R1 := ACCESSORY_IDs
R2 := "ACCESSORY_TEAR_DROP"
R1 := R1[R2]
R2 := "_TEAR_DROP"
R0[R1] := R2
R1 := ACCESSORY_IDs
R2 := "ACCESSORY_3RD_ROCKET_HELM"
R1 := R1[R2]
R2 := "_3RD_ROCKET_HELM"
R0[R1] := R2
R1 := ACCESSORY_IDs
R2 := "ACCESSORY_RWC_ROCKET_HELM"
R1 := R1[R2]
R2 := "_RWC_ROCKET_HELM"
R0[R1] := R2
R1 := ACCESSORY_IDs
R2 := "ACCESSORY_WHITE_MUSANG_HAT"
R1 := R1[R2]
R2 := "_WHITE_MUSANG_HAT"
R0[R1] := R2
R1 := ACCESSORY_IDs
R2 := "ACCESSORY_BLACK_MUSANG_HAT"
R1 := R1[R2]
R2 := "_BLACK_MUSANG_HAT"
R0[R1] := R2
R1 := ACCESSORY_IDs
R2 := "ACCESSORY_INJURED_EYEPATCH"
R1 := R1[R2]
R2 := "_INJURED_EYEPATCH"
R0[R1] := R2
R1 := ACCESSORY_IDs
R2 := "ACCESSORY_LONG_TONGUE"
R1 := R1[R2]
R2 := "_LONG_TONGUE"
R0[R1] := R2
R1 := ACCESSORY_IDs
R2 := "ACCESSORY_ONIGIRI_IN_MOUTH"
R1 := R1[R2]
R2 := "_ONIGIRI_IN_MOUTH"
R0[R1] := R2
R1 := ACCESSORY_IDs
R2 := "ACCESSORY_AIRPLANE_HAT"
R1 := R1[R2]
R2 := "_AIRPLANE_HAT"
R0[R1] := R2
R1 := ACCESSORY_IDs
R2 := "ACCESSORY_THIEF_BANDANA"
R1 := R1[R2]
R2 := "_THIEF_BANDANA"
R0[R1] := R2
R1 := ACCESSORY_IDs
R2 := "ACCESSORY_GELATO_HAT"
R1 := R1[R2]
R2 := "_GELATO_HAT"
R0[R1] := R2
R1 := ACCESSORY_IDs
R2 := "ACCESSORY_7TH_ANNI_HAT_B"
R1 := R1[R2]
R2 := "_7TH_ANNI_HAT_B"
R0[R1] := R2
R1 := ACCESSORY_IDs
R2 := "ACCESSORY_HEART_EYEBANDAGE"
R1 := R1[R2]
R2 := "_HEART_EYEBANDAGE"
R0[R1] := R2
R1 := ACCESSORY_IDs
R2 := "ACCESSORY_FULL_MOON"
R1 := R1[R2]
R2 := "_FULL_MOON"
R0[R1] := R2
R1 := ACCESSORY_IDs
R2 := "ACCESSORY_TARE_DOMOVOI"
R1 := R1[R2]
R2 := "_TARE_DOMOVOI"
R0[R1] := R2
R1 := ACCESSORY_IDs
R2 := "ACCESSORY_FALCON_MASK"
R1 := R1[R2]
R2 := "_FALCON_MASK"
R0[R1] := R2
R1 := ACCESSORY_IDs
R2 := "ACCESSORY_DESERT_WOLF_HAT"
R1 := R1[R2]
R2 := "_DESERT_WOLF_HAT"
R0[R1] := R2
R1 := ACCESSORY_IDs
R2 := "ACCESSORY_DROOPING_ALICEL"
R1 := R1[R2]
R2 := "_DROOPING_ALICEL"
R0[R1] := R2
R1 := ACCESSORY_IDs
R2 := "ACCESSORY_PETITE_CHEF_HAT"
R1 := R1[R2]
R2 := "_PETITE_CHEF_HAT"
R0[R1] := R2
R1 := ACCESSORY_IDs
R2 := "ACCESSORY_PORING_CLIP_YELLOW"
R1 := R1[R2]
R2 := "_PORING_CLIP_YELLOW"
R0[R1] := R2
R1 := ACCESSORY_IDs
R2 := "ACCESSORY_PORING_CLIP_PINK"
R1 := R1[R2]
R2 := "_PORING_CLIP_PINK"
R0[R1] := R2
R1 := ACCESSORY_IDs
R2 := "ACCESSORY_PORING_CLIP_GREEN"
R1 := R1[R2]
R2 := "_PORING_CLIP_GREEN"
R0[R1] := R2
R1 := ACCESSORY_IDs
R2 := "ACCESSORY_PORING_CLIP_BLUE"
R1 := R1[R2]
R2 := "_PORING_CLIP_BLUE"
R0[R1] := R2
R1 := ACCESSORY_IDs
R2 := "ACCESSORY_BRIDES_BOW"
R1 := R1[R2]
R2 := "_BRIDES_BOW"
R0[R1] := R2
R1 := ACCESSORY_IDs
R2 := "ACCESSORY_CITRON_HAT"
R1 := R1[R2]
R2 := "_CITRON_HAT"
R0[R1] := R2
R1 := ACCESSORY_IDs
R2 := "ACCESSORY_NAVY_HAT"
R1 := R1[R2]
R2 := "_NAVY_HAT"
R0[R1] := R2
R1 := ACCESSORY_IDs
R2 := "ACCESSORY_STARFISH_BAND"
R1 := R1[R2]
R2 := "_STARFISH_BAND"
R0[R1] := R2
R1 := ACCESSORY_IDs
R2 := "ACCESSORY_RIBBON_MAGICIANHAT"
R1 := R1[R2]
R2 := "_RIBBON_MAGICIANHAT"
R0[R1] := R2
R1 := ACCESSORY_IDs
R2 := "ACCESSORY_SCISSORS_REPLICA"
R1 := R1[R2]
R2 := "_SCISSORS_REPLICA"
R0[R1] := R2
R1 := ACCESSORY_IDs
R2 := "ACCESSORY_ROCK_REPLICA"
R1 := R1[R2]
R2 := "_ROCK_REPLICA"
R0[R1] := R2
R1 := ACCESSORY_IDs
R2 := "ACCESSORY_PAPER_REPLICA"
R1 := R1[R2]
R2 := "_PAPER_REPLICA"
R0[R1] := R2
R1 := ACCESSORY_IDs
R2 := "ACCESSORY_SAILOR_HAT"
R1 := R1[R2]
R2 := "_SAILOR_HAT"
R0[R1] := R2
R1 := ACCESSORY_IDs
R2 := "ACCESSORY_MILKCOW_HAT"
R1 := R1[R2]
R2 := "_MILKCOW_HAT"
R0[R1] := R2
R1 := ACCESSORY_IDs
R2 := "ACCESSORY_STAR_EYEBANDAGE"
R1 := R1[R2]
R2 := "_STAR_EYEBANDAGE"
R0[R1] := R2
R1 := ACCESSORY_IDs
R2 := "ACCESSORY_TONGUE_CHARM"
R1 := R1[R2]
R2 := "_TONGUE_CHARM"
R0[R1] := R2
AccNameTable_Eng := R0
return 
