R0 := closure(Function #0)
ReqAccName := R0
R0 := closure(Function #1)
ReqAccName_V2 := R0
return 


; Function #0:
;
; Name:            
; Defined at line: 14
; #Upvalues:       0
; #Parameters:     1 (R0)
; Is_vararg:       0
; Max Stack Size:  3
;
; Locals:
; Start PC |  End PC  | Name
; 00000000 | 0000000d | index
; 00000007 | 0000000d | NameMsg
;
; No upvalues

R1 := AccNameTable
if R1 != nil then PC := 6
  3 [15]: JMP       6
R1 := ""
return R1
R1 := AccNameTable
R1 := R1[R0]
if R1 == nil then PC := 12
  9 [21]: JMP       12
return R1
PC := 14
R2 := ""
return R2
return 


; Function #1:
;
; Name:            
; Defined at line: 33
; #Upvalues:       0
; #Parameters:     1 (R0)
; Is_vararg:       0
; Max Stack Size:  4
;
; Locals:
; Start PC |  End PC  | Name
; 00000000 | 00000012 | index
; 0000000a | 00000012 | NameMsg
;
; No upvalues

R1 := iAccNameTable_Eng
if R1 != nil then PC := 9
  3 [34]: JMP       9
R1 := ReqAccName
R2 := R0
return R1(R2)
return R1,...
PC := 19
R1 := AccNameTable_Eng
R1 := R1[R0]
if R1 == nil then PC := 15
 12 [39]: JMP       15
return R1
PC := 19
R2 := ReqAccName
R3 := R0
return R2(R3)
return R2,...
return 
