R0 := 0
MSG_SET_INIT := R0
R0 := 1
MSG_SET_SPAWNDIR1 := R0
R0 := 2
MSG_SET_SPAWNDIR2 := R0
R0 := 3
MSG_SET_GRAVITY := R0
R0 := 4
MSG_SET_POS := R0
R0 := 5
MSG_SET_EMITRADIUS := R0
R0 := 6
MSG_SET_COLOR := R0
R0 := 7
MSG_SET_EMITRATE := R0
R0 := 8
MSG_SET_SIZE := R0
R0 := 9
MSG_SET_LIFETIME := R0
R0 := 10
MSG_SET_TEXTURE := R0
R0 := 11
MSG_SET_SPEED := R0
R0 := 12
MSG_SET_SRCMODE := R0
R0 := 13
MSG_SET_DESTMODE := R0
R0 := 14
MSG_SET_MAXPARTICLE := R0
R0 := closure(Function #0)
IsOpenedEmitterInfoFiles := R0
R0 := closure(Function #1)
ReadEmitterInfoz := R0
return 


; Function #0:
;
; Name:            
; Defined at line: 17
; #Upvalues:       0
; #Parameters:     1 (R0)
; Is_vararg:       0
; Max Stack Size:  3
;
; Locals:
; Start PC |  End PC  | Name
; 00000000 | 00000008 | InfoTableName
; 00000002 | 00000008 | EmitterInfoTable
;
; No upvalues

R1 := _G
R1 := R1[R0]
if R1 == nil then PC := 7
  4 [20]: JMP       7
R2 := true
return R2
R2 := false
return R2
return 


; Function #1:
;
; Name:            
; Defined at line: 27
; #Upvalues:       0
; #Parameters:     1 (R0)
; Is_vararg:       0
; Max Stack Size:  14
;
; Locals:
; Start PC |  End PC  | Name
; 00000000 | 00000087 | InfoTableName
; 00000002 | 00000087 | EmitterInfoTable
; 00000007 | 00000087 | (for generator)
; 00000007 | 00000087 | (for state)
; 00000007 | 00000087 | (for control)
; 00000008 | 00000085 | k
; 00000008 | 00000085 | v
;
; No upvalues

R1 := _G
R1 := R1[R0]
if R1 == nil then PC := 136
  4 [30]: JMP       136
R2 := pairs
R3 := R1
R2,R3,R4 := R2(R3)
PC := 134
R7 := SetEffectInfo
R8 := R5
R9 := MSG_SET_MAXPARTICLE
R10 := R6["maxcount"]
R10 := R10[1]
R7(R8,R9,R10)
R7 := SetEffectInfo
R8 := R5
R9 := MSG_SET_SPAWNDIR1
R10 := R6["dir1"]
R10 := R10[1]
R11 := R6["dir1"]
R11 := R11[2]
R12 := R6["dir1"]
R12 := R12[3]
R7(R8,R9,R10,R11,R12)
R7 := SetEffectInfo
R8 := R5
R9 := MSG_SET_SPAWNDIR2
R10 := R6["dir2"]
R10 := R10[1]
R11 := R6["dir2"]
R11 := R11[2]
R12 := R6["dir2"]
R12 := R12[3]
R7(R8,R9,R10,R11,R12)
R7 := SetEffectInfo
R8 := R5
R9 := MSG_SET_GRAVITY
R10 := R6["gravity"]
R10 := R10[1]
R11 := R6["gravity"]
R11 := R11[2]
R12 := R6["gravity"]
R12 := R12[3]
R7(R8,R9,R10,R11,R12)
R7 := SetEffectInfo
R8 := R5
R9 := MSG_SET_POS
R10 := R6["pos"]
R10 := R10[1]
R11 := R6["pos"]
R11 := R11[2]
R12 := R6["pos"]
R12 := R12[3]
R7(R8,R9,R10,R11,R12)
R7 := SetEffectInfo
R8 := R5
R9 := MSG_SET_EMITRADIUS
R10 := R6["radius"]
R10 := R10[1]
R11 := R6["radius"]
R11 := R11[2]
R12 := R6["radius"]
R12 := R12[3]
R7(R8,R9,R10,R11,R12)
R7 := SetEffectInfo
R8 := R5
R9 := MSG_SET_COLOR
R10 := R6["color"]
R10 := R10[1]
R11 := R6["color"]
R11 := R11[2]
R12 := R6["color"]
R12 := R12[3]
R13 := R6["color"]
R13 := R13[4]
R7(R8,R9,R10,R11,R12,R13)
R7 := SetEffectInfo
R8 := R5
R9 := MSG_SET_EMITRATE
R10 := R6["rate"]
R10 := R10[1]
R11 := R6["rate"]
R11 := R11[2]
R12 := R6["rate"]
R12 := R12[3]
R7(R8,R9,R10,R11,R12)
R7 := SetEffectInfo
R8 := R5
R9 := MSG_SET_SIZE
R10 := R6["size"]
R10 := R10[1]
R11 := R6["size"]
R11 := R11[2]
R12 := R6["size"]
R12 := R12[3]
R7(R8,R9,R10,R11,R12)
R7 := SetEffectInfo
R8 := R5
R9 := MSG_SET_LIFETIME
R10 := R6["life"]
R10 := R10[1]
R11 := R6["life"]
R11 := R11[2]
R12 := R6["life"]
R12 := R12[3]
R7(R8,R9,R10,R11,R12)
R7 := SetEffectInfo
R8 := R5
R9 := MSG_SET_TEXTURE
R10 := R6["texture"]
R7(R8,R9,R10)
R7 := SetEffectInfo
R8 := R5
R9 := MSG_SET_SPEED
R10 := R6["speed"]
R10 := R10[1]
R7(R8,R9,R10)
R7 := SetEffectInfo
R8 := R5
R9 := MSG_SET_SRCMODE
R10 := R6["srcmode"]
R10 := R10[1]
R7(R8,R9,R10)
R7 := SetEffectInfo
R8 := R5
R9 := MSG_SET_DESTMODE
R10 := R6["destmode"]
R10 := R10[1]
R7(R8,R9,R10)
R7 := SetEffectInfo
R8 := R5
R9 := MSG_SET_INIT
R7(R8,R9)
R5,R6 := R2(R3,R4); if R5 ~= nil then begin PC = 9; R4 := R5 end
135 [46]: JMP       9
return 
