R0 := 0
TYPE_HEAL := R0
R0 := 1
TYPE_SCHANGE := R0
R0 := 2
TYPE_SPECIAL := R0
R0 := 3
TYPE_EVENT := R0
R0 := 4
TYPE_ARMOR := R0
R0 := 5
TYPE_WEAPON := R0
R0 := 6
TYPE_CARD := R0
R0 := 7
TYPE_QUEST := R0
R0 := 8
TYPE_BOW := R0
R0 := 9
TYPE_BOTHHAND := R0
R0 := {}
R1 := {}
R1["name"] := "1등급 삼겹살"
R2 := TYPE_SPECIAL
R1["type"] := R2
R0["삼겹살H"] := R1
R1 := {}
R1["name"] := "이그드라실의 열매"
R2 := TYPE_SPECIAL
R1["type"] := R2
R0["이그드라실열매"] := R1
R1 := {}
R1["name"] := "현자의 돌"
R2 := TYPE_SPECIAL
R1["type"] := R2
R0["현자의돌_"] := R1
R1 := {}
R1["name"] := "현자의 돌"
R2 := TYPE_EVENT
R1["type"] := R2
R0["현자의돌"] := R1
R1 := {}
R1["name"] := "식인수의 꽃"
R2 := TYPE_EVENT
R1["type"] := R2
R0["식인수의꽃"] := R1
excItemNameTable := R0
return 
