R0 := closure(Function #0)
GetExMacroFileName := R0
return 


; Function #0:
;
; Name:            
; Defined at line: 1
; #Upvalues:       0
; #Parameters:     2 (R0, R1)
; Is_vararg:       0
; Max Stack Size:  3
;
; Locals:
; Start PC |  End PC  | Name
; 00000000 | 0000000d | index
; 00000000 | 0000000d | str
; 00000007 | 0000000d | obj
;
; No upvalues

if R0 == 0 then PC := 5
  2 [ 2]: JMP       5
if 9 >= R0 then PC := 6
  4 [ 2]: JMP       6
R0 := 1
R2 := SaveData_ExMacro_FileNames
R2 := R2[R0]
if R2 != nil then PC := 12
  9 [ 8]: JMP       12
if R2 != "" then PC := 13
 11 [ 8]: JMP       13
return R2
return R1
return 
