R0 := {}
R1 := {}
R2 := MsgStrID
R2 := R2["MSI_MAP_LIST_ALLSELECT"]
R1["name"] := R2
R2 := {}
R3 := {}
R4 := MsgStrID
R4 := R4["MSI_MAP_LIST_ALLSELECT"]
R3["name"] := R4
R2[1] := R3
R1["list"] := R2
R1["ignore_recruit_window"] := 1
R2 := {}
R3 := MsgStrID
R3 := R3["MSI_MAP_LIST_NAME_PRONTERA"]
R2["name"] := R3
R3 := {}
R4 := {}
R5 := MsgStrID
R5 := R5["MSI_MAP_LIST_NAME_FILD"]
R4["name"] := R5
R5 := {}
R6 := MsgStrID
R6 := R6["MSI_MAP_LIST_NAME_PRT_SEWB1"]
R5["name"] := R6
R6 := {}
R7 := MsgStrID
R7 := R7["MSI_MAP_LIST_NAME_PRT_SEWB2"]
R6["name"] := R7
R7 := {}
R8 := MsgStrID
R8 := R8["MSI_MAP_LIST_NAME_PRT_SEWB3"]
R7["name"] := R8
R8 := {}
R9 := MsgStrID
R9 := R9["MSI_MAP_LIST_NAME_PRT_SEWB4"]
R8["name"] := R9
R8["colorR"] := 255
R8["colorG"] := 0
R8["colorB"] := 0
R9 := {}
R10 := MsgStrID
R10 := R10["MSI_MAP_LIST_NAME_PRT_MAZE01"]
R9["name"] := R10
R10 := {}
R11 := MsgStrID
R11 := R11["MSI_MAP_LIST_NAME_PRT_MAZE02"]
R10["name"] := R11
R11 := {}
R12 := MsgStrID
R12 := R12["MSI_MAP_LIST_NAME_PRT_MAZE03"]
R11["name"] := R12
R11["colorR"] := 255
R11["colorG"] := 0
R11["colorB"] := 0
R3[1,2,3,4,5,6,7,8] := R4,R5,R6,R7,R8,R9,R10,R11
R2["list"] := R3
R3 := {}
R4 := MsgStrID
R4 := R4["MSI_MAP_LIST_NAME_GEFEN"]
R3["name"] := R4
R4 := {}
R5 := {}
R6 := MsgStrID
R6 := R6["MSI_MAP_LIST_NAME_FILD"]
R5["name"] := R6
R6 := {}
R7 := MsgStrID
R7 := R7["MSI_MAP_LIST_NAME_GEF_FILD05"]
R6["name"] := R7
R7 := {}
R8 := MsgStrID
R8 := R8["MSI_MAP_LIST_NAME_GEF_DUN00"]
R7["name"] := R8
R8 := {}
R9 := MsgStrID
R9 := R9["MSI_MAP_LIST_NAME_GEF_DUN01"]
R8["name"] := R9
R8["colorR"] := 255
R8["colorG"] := 0
R8["colorB"] := 0
R9 := {}
R10 := MsgStrID
R10 := R10["MSI_MAP_LIST_NAME_GEF_DUN02"]
R9["name"] := R10
R9["colorR"] := 255
R9["colorG"] := 0
R9["colorB"] := 0
R10 := {}
R11 := MsgStrID
R11 := R11["MSI_MAP_LIST_NAME_GEFENIA"]
R10["name"] := R11
R11 := {}
R12 := MsgStrID
R12 := R12["MSI_MAP_LIST_NAME_GEF_FILD10"]
R11["name"] := R12
R11["colorR"] := 255
R11["colorG"] := 0
R11["colorB"] := 0
R12 := {}
R13 := MsgStrID
R13 := R13["MSI_MAP_LIST_NAME_ORCSDUN01"]
R12["name"] := R13
R13 := {}
R14 := MsgStrID
R14 := R14["MSI_MAP_LIST_NAME_ORCSDUN02"]
R13["name"] := R14
R4[1,2,3,4,5,6,7,8,9] := R5,R6,R7,R8,R9,R10,R11,R12,R13
R3["list"] := R4
R4 := {}
R5 := MsgStrID
R5 := R5["MSI_MAP_LIST_NAME_PAYON"]
R4["name"] := R5
R5 := {}
R6 := {}
R7 := MsgStrID
R7 := R7["MSI_MAP_LIST_NAME_PAY_FILD01"]
R6["name"] := R7
R6["colorR"] := 255
R6["colorG"] := 0
R6["colorB"] := 0
R7 := {}
R8 := MsgStrID
R8 := R8["MSI_MAP_LIST_NAME_PAY_DUN00"]
R7["name"] := R8
R8 := {}
R9 := MsgStrID
R9 := R9["MSI_MAP_LIST_NAME_PAY_DUN01"]
R8["name"] := R9
R9 := {}
R10 := MsgStrID
R10 := R10["MSI_MAP_LIST_NAME_PAY_DUN02"]
R9["name"] := R10
R10 := {}
R11 := MsgStrID
R11 := R11["MSI_MAP_LIST_NAME_PAY_DUN03"]
R10["name"] := R11
R11 := {}
R12 := MsgStrID
R12 := R12["MSI_MAP_LIST_NAME_PAY_DUN04"]
R11["name"] := R12
R11["colorR"] := 255
R11["colorG"] := 0
R11["colorB"] := 0
R5[1,2,3,4,5,6] := R6,R7,R8,R9,R10,R11
R4["list"] := R5
R5 := {}
R6 := MsgStrID
R6 := R6["MSI_MAP_LIST_NAME_ALDEVARAN"]
R5["name"] := R6
R6 := {}
R7 := {}
R8 := MsgStrID
R8 := R8["MSI_MAP_LIST_NAME_MJOLNIR01"]
R7["name"] := R8
R7["colorR"] := 255
R7["colorG"] := 0
R7["colorB"] := 0
R8 := {}
R9 := MsgStrID
R9 := R9["MSI_MAP_LIST_NAME_MJOLNIR12"]
R8["name"] := R9
R9 := {}
R10 := MsgStrID
R10 := R10["MSI_MAP_LIST_NAME_MJOLNIR06"]
R9["name"] := R10
R10 := {}
R11 := MsgStrID
R11 := R11["MSI_MAP_LIST_NAME_MJOLNIR09"]
R10["name"] := R11
R11 := {}
R12 := MsgStrID
R12 := R12["MSI_MAP_LIST_NAME_MJO_DUN01"]
R11["name"] := R12
R12 := {}
R13 := MsgStrID
R13 := R13["MSI_MAP_LIST_NAME_MJO_DUN02"]
R12["name"] := R13
R13 := {}
R14 := MsgStrID
R14 := R14["MSI_MAP_LIST_NAME_MJO_DUN03"]
R13["name"] := R14
R14 := {}
R15 := MsgStrID
R15 := R15["MSI_MAP_LIST_NAME_C_TOWER1"]
R14["name"] := R15
R15 := {}
R16 := MsgStrID
R16 := R16["MSI_MAP_LIST_NAME_C_TOWER2"]
R15["name"] := R16
R16 := {}
R17 := MsgStrID
R17 := R17["MSI_MAP_LIST_NAME_C_TOWER3"]
R16["name"] := R17
R17 := {}
R18 := MsgStrID
R18 := R18["MSI_MAP_LIST_NAME_C_TOWER4"]
R17["name"] := R18
R18 := {}
R19 := MsgStrID
R19 := R19["MSI_MAP_LIST_NAME_ALDE_DUN01"]
R18["name"] := R19
R19 := {}
R20 := MsgStrID
R20 := R20["MSI_MAP_LIST_NAME_ALDE_DUN02"]
R19["name"] := R20
R20 := {}
R21 := MsgStrID
R21 := R21["MSI_MAP_LIST_NAME_ALDE_DUN03"]
R20["name"] := R21
R21 := {}
R22 := MsgStrID
R22 := R22["MSI_MAP_LIST_NAME_ALDE_DUN04"]
R21["name"] := R22
R6[1,2,3,4,5,6,7,8,9,10,11,12,13,14,15] := R7,R8,R9,R10,R11,R12,R13,R14,R15,R16,R17,R18,R19,R20,R21
R5["list"] := R6
R6 := {}
R7 := MsgStrID
R7 := R7["MSI_MAP_LIST_NAME_ALVELTA"]
R6["name"] := R7
R7 := {}
R8 := {}
R9 := MsgStrID
R9 := R9["MSI_MAP_LIST_NAME_TREASURE01"]
R8["name"] := R9
R9 := {}
R10 := MsgStrID
R10 := R10["MSI_MAP_LIST_NAME_TREASURE02"]
R9["name"] := R10
R9["colorR"] := 255
R9["colorG"] := 0
R9["colorB"] := 0
R10 := {}
R11 := MsgStrID
R11 := R11["MSI_MAP_LIST_NAME_TUR_DUN01"]
R10["name"] := R11
R11 := {}
R12 := MsgStrID
R12 := R12["MSI_MAP_LIST_NAME_TUR_DUN02"]
R11["name"] := R12
R12 := {}
R13 := MsgStrID
R13 := R13["MSI_MAP_LIST_NAME_TUR_DUN03"]
R12["name"] := R13
R13 := {}
R14 := MsgStrID
R14 := R14["MSI_MAP_LIST_NAME_TUR_DUN04"]
R13["name"] := R14
R13["colorR"] := 255
R13["colorG"] := 0
R13["colorB"] := 0
R7[1,2,3,4,5,6] := R8,R9,R10,R11,R12,R13
R6["list"] := R7
R7 := {}
R8 := MsgStrID
R8 := R8["MSI_MAP_LIST_NAME_MOROC"]
R7["name"] := R8
R8 := {}
R9 := {}
R10 := MsgStrID
R10 := R10["MSI_MAP_LIST_NAME_MOC_FILD01"]
R9["name"] := R10
R9["colorR"] := 255
R9["colorG"] := 0
R9["colorB"] := 0
R10 := {}
R11 := MsgStrID
R11 := R11["MSI_MAP_LIST_NAME_MOC_FILD20"]
R10["name"] := R11
R10["colorR"] := 255
R10["colorG"] := 0
R10["colorB"] := 0
R11 := {}
R12 := MsgStrID
R12 := R12["MSI_MAP_LIST_NAME_ANTHEL01"]
R11["name"] := R12
R12 := {}
R13 := MsgStrID
R13 := R13["MSI_MAP_LIST_NAME_ANTHEL02"]
R12["name"] := R13
R12["colorR"] := 255
R12["colorG"] := 0
R12["colorB"] := 0
R13 := {}
R14 := MsgStrID
R14 := R14["MSI_MAP_LIST_NAME_IN_SPHINX1"]
R13["name"] := R14
R14 := {}
R15 := MsgStrID
R15 := R15["MSI_MAP_LIST_NAME_IN_SPHINX2"]
R14["name"] := R15
R15 := {}
R16 := MsgStrID
R16 := R16["MSI_MAP_LIST_NAME_IN_SPHINX3"]
R15["name"] := R16
R16 := {}
R17 := MsgStrID
R17 := R17["MSI_MAP_LIST_NAME_IN_SPHINX4"]
R16["name"] := R17
R17 := {}
R18 := MsgStrID
R18 := R18["MSI_MAP_LIST_NAME_IN_SPHINX5"]
R17["name"] := R18
R17["colorR"] := 255
R17["colorG"] := 0
R17["colorB"] := 0
R18 := {}
R19 := MsgStrID
R19 := R19["MSI_MAP_LIST_NAME_MOC_PRYD01"]
R18["name"] := R19
R19 := {}
R20 := MsgStrID
R20 := R20["MSI_MAP_LIST_NAME_MOC_PRYD02"]
R19["name"] := R20
R20 := {}
R21 := MsgStrID
R21 := R21["MSI_MAP_LIST_NAME_MOC_PRYD03"]
R20["name"] := R21
R21 := {}
R22 := MsgStrID
R22 := R22["MSI_MAP_LIST_NAME_MOC_PRYD04"]
R21["name"] := R22
R21["colorR"] := 255
R21["colorG"] := 0
R21["colorB"] := 0
R22 := {}
R23 := MsgStrID
R23 := R23["MSI_MAP_LIST_NAME_MOC_PRYD05"]
R22["name"] := R23
R23 := {}
R24 := MsgStrID
R24 := R24["MSI_MAP_LIST_NAME_MOC_PRYD06"]
R23["name"] := R24
R23["colorR"] := 255
R23["colorG"] := 0
R23["colorB"] := 0
R8[1,2,3,4,5,6,7,8,9,10,11,12,13,14,15] := R9,R10,R11,R12,R13,R14,R15,R16,R17,R18,R19,R20,R21,R22,R23
R7["list"] := R8
R8 := {}
R9 := MsgStrID
R9 := R9["MSI_MAP_LIST_NAME_IZRUD"]
R8["name"] := R9
R9 := {}
R10 := {}
R11 := MsgStrID
R11 := R11["MSI_MAP_LIST_NAME_IZ_DUN00"]
R10["name"] := R11
R11 := {}
R12 := MsgStrID
R12 := R12["MSI_MAP_LIST_NAME_IZ_DUN01"]
R11["name"] := R12
R12 := {}
R13 := MsgStrID
R13 := R13["MSI_MAP_LIST_NAME_IZ_DUN02"]
R12["name"] := R13
R13 := {}
R14 := MsgStrID
R14 := R14["MSI_MAP_LIST_NAME_IZ_DUN03"]
R13["name"] := R14
R14 := {}
R15 := MsgStrID
R15 := R15["MSI_MAP_LIST_NAME_IZ_DUN04"]
R14["name"] := R15
R9[1,2,3,4,5] := R10,R11,R12,R13,R14
R8["list"] := R9
R9 := {}
R10 := MsgStrID
R10 := R10["MSI_MAP_LIST_NAME_COMODO"]
R9["name"] := R10
R10 := {}
R11 := {}
R12 := MsgStrID
R12 := R12["MSI_MAP_LIST_NAME_CMD_FILD01"]
R11["name"] := R12
R12 := {}
R13 := MsgStrID
R13 := R13["MSI_MAP_LIST_NAME_CMD_FILD02"]
R12["name"] := R13
R13 := {}
R14 := MsgStrID
R14 := R14["MSI_MAP_LIST_NAME_CMD_FILD03"]
R13["name"] := R14
R14 := {}
R15 := MsgStrID
R15 := R15["MSI_MAP_LIST_NAME_CMD_FILD07"]
R14["name"] := R15
R15 := {}
R16 := MsgStrID
R16 := R16["MSI_MAP_LIST_NAME_CMD_FILD08"]
R15["name"] := R16
R16 := {}
R17 := MsgStrID
R17 := R17["MSI_MAP_LIST_NAME_CMD_FILD09"]
R16["name"] := R17
R17 := {}
R18 := MsgStrID
R18 := R18["MSI_MAP_LIST_NAME_CMD_FILD06"]
R17["name"] := R18
R18 := {}
R19 := MsgStrID
R19 := R19["MSI_MAP_LIST_NAME_BEACH_DUN"]
R18["name"] := R19
R18["colorR"] := 255
R18["colorG"] := 0
R18["colorB"] := 0
R19 := {}
R20 := MsgStrID
R20 := R20["MSI_MAP_LIST_NAME_BEACH_DUN2"]
R19["name"] := R20
R20 := {}
R21 := MsgStrID
R21 := R21["MSI_MAP_LIST_NAME_BEACH_DUN3"]
R20["name"] := R21
R10[1,2,3,4,5,6,7,8,9,10] := R11,R12,R13,R14,R15,R16,R17,R18,R19,R20
R9["list"] := R10
R10 := {}
R11 := MsgStrID
R11 := R11["MSI_MAP_LIST_NAME_RUTIE"]
R10["name"] := R11
R11 := {}
R12 := {}
R13 := MsgStrID
R13 := R13["MSI_MAP_LIST_NAME_FILD"]
R12["name"] := R13
R12["colorR"] := 255
R12["colorG"] := 0
R12["colorB"] := 0
R13 := {}
R14 := MsgStrID
R14 := R14["MSI_MAP_LIST_NAME_XMAS_DUN01"]
R13["name"] := R14
R14 := {}
R15 := MsgStrID
R15 := R15["MSI_MAP_LIST_NAME_XMAS_DUN02"]
R14["name"] := R15
R14["colorR"] := 255
R14["colorG"] := 0
R14["colorB"] := 0
R11[1,2,3] := R12,R13,R14
R10["list"] := R11
R11 := {}
R12 := MsgStrID
R12 := R12["MSI_MAP_LIST_NAME_YUNO"]
R11["name"] := R12
R12 := {}
R13 := {}
R14 := MsgStrID
R14 := R14["MSI_MAP_LIST_NAME_YUNO_FILD01"]
R13["name"] := R14
R14 := {}
R15 := MsgStrID
R15 := R15["MSI_MAP_LIST_NAME_YUNO_FILD02"]
R14["name"] := R15
R15 := {}
R16 := MsgStrID
R16 := R16["MSI_MAP_LIST_NAME_YUNO_FILD03"]
R15["name"] := R16
R16 := {}
R17 := MsgStrID
R17 := R17["MSI_MAP_LIST_NAME_YUNO_FILD07"]
R16["name"] := R17
R17 := {}
R18 := MsgStrID
R18 := R18["MSI_MAP_LIST_NAME_YUNO_FILD08"]
R17["name"] := R18
R18 := {}
R19 := MsgStrID
R19 := R19["MSI_MAP_LIST_NAME_YUNO_FILD09"]
R18["name"] := R19
R19 := {}
R20 := MsgStrID
R20 := R20["MSI_MAP_LIST_NAME_FILD"]
R19["name"] := R20
R20 := {}
R21 := MsgStrID
R21 := R21["MSI_MAP_LIST_NAME_MAG_DUN01"]
R20["name"] := R21
R21 := {}
R22 := MsgStrID
R22 := R22["MSI_MAP_LIST_NAME_MAG_DUN02"]
R21["name"] := R22
R22 := {}
R23 := MsgStrID
R23 := R23["MSI_MAP_LIST_NAME_JUPEROS01"]
R22["name"] := R23
R23 := {}
R24 := MsgStrID
R24 := R24["MSI_MAP_LIST_NAME_JUPEROS02"]
R23["name"] := R24
R24 := {}
R25 := MsgStrID
R25 := R25["MSI_MAP_LIST_NAME_JUPE_CORE"]
R24["name"] := R25
R24["colorR"] := 255
R24["colorG"] := 0
R24["colorB"] := 0
R25 := {}
R26 := MsgStrID
R26 := R26["MSI_MAP_LIST_NAME_KH_DUN01"]
R25["name"] := R26
R26 := {}
R27 := MsgStrID
R27 := R27["MSI_MAP_LIST_NAME_KH_DUN02"]
R26["name"] := R27
R26["colorR"] := 255
R26["colorG"] := 0
R26["colorB"] := 0
R12[1,2,3,4,5,6,7,8,9,10,11,12,13,14] := R13,R14,R15,R16,R17,R18,R19,R20,R21,R22,R23,R24,R25,R26
R11["list"] := R12
R12 := {}
R13 := MsgStrID
R13 := R13["MSI_MAP_LIST_NAME_UMBALLA"]
R12["name"] := R13
R13 := {}
R14 := {}
R15 := MsgStrID
R15 := R15["MSI_MAP_LIST_NAME_UM_FILD01"]
R14["name"] := R15
R15 := {}
R16 := MsgStrID
R16 := R16["MSI_MAP_LIST_NAME_UM_FILD02"]
R15["name"] := R16
R16 := {}
R17 := MsgStrID
R17 := R17["MSI_MAP_LIST_NAME_UM_FILD03"]
R16["name"] := R17
R17 := {}
R18 := MsgStrID
R18 := R18["MSI_MAP_LIST_NAME_UM_FILD04"]
R17["name"] := R18
R13[1,2,3,4] := R14,R15,R16,R17
R12["list"] := R13
R13 := {}
R14 := MsgStrID
R14 := R14["MSI_MAP_LIST_NAME_EINBEH"]
R13["name"] := R14
R14 := {}
R15 := {}
R16 := MsgStrID
R16 := R16["MSI_MAP_LIST_NAME_EIN_DUN01"]
R15["name"] := R16
R16 := {}
R17 := MsgStrID
R17 := R17["MSI_MAP_LIST_NAME_EIN_DUN02"]
R16["name"] := R17
R16["colorR"] := 255
R16["colorG"] := 0
R16["colorB"] := 0
R14[1,2] := R15,R16
R13["list"] := R14
R14 := {}
R15 := MsgStrID
R15 := R15["MSI_MAP_LIST_NAME_LHZ"]
R14["name"] := R15
R15 := {}
R16 := {}
R17 := MsgStrID
R17 := R17["MSI_MAP_LIST_NAME_FILD"]
R16["name"] := R17
R17 := {}
R18 := MsgStrID
R18 := R18["MSI_MAP_LIST_NAME_LHZ_FILD02"]
R17["name"] := R18
R18 := {}
R19 := MsgStrID
R19 := R19["MSI_MAP_LIST_NAME_LHZ_DUN01"]
R18["name"] := R19
R19 := {}
R20 := MsgStrID
R20 := R20["MSI_MAP_LIST_NAME_LHZ_DUN02"]
R19["name"] := R20
R19["colorR"] := 255
R19["colorG"] := 0
R19["colorB"] := 0
R20 := {}
R21 := MsgStrID
R21 := R21["MSI_MAP_LIST_NAME_LHZ_DUN03"]
R20["name"] := R21
R20["colorR"] := 255
R20["colorG"] := 0
R20["colorB"] := 0
R15[1,2,3,4,5] := R16,R17,R18,R19,R20
R14["list"] := R15
R15 := {}
R16 := MsgStrID
R16 := R16["MSI_MAP_LIST_NAME_THANATOS"]
R15["name"] := R16
R16 := {}
R17 := {}
R18 := MsgStrID
R18 := R18["MSI_MAP_LIST_NAME_THA_T01"]
R17["name"] := R18
R18 := {}
R19 := MsgStrID
R19 := R19["MSI_MAP_LIST_NAME_THA_T02"]
R18["name"] := R19
R19 := {}
R20 := MsgStrID
R20 := R20["MSI_MAP_LIST_NAME_THA_T03"]
R19["name"] := R20
R20 := {}
R21 := MsgStrID
R21 := R21["MSI_MAP_LIST_NAME_THA_T05"]
R20["name"] := R21
R21 := {}
R22 := MsgStrID
R22 := R22["MSI_MAP_LIST_NAME_THA_T07"]
R21["name"] := R22
R22 := {}
R23 := MsgStrID
R23 := R23["MSI_MAP_LIST_NAME_THA_T09"]
R22["name"] := R23
R23 := {}
R24 := MsgStrID
R24 := R24["MSI_MAP_LIST_NAME_THA_T10"]
R23["name"] := R24
R24 := {}
R25 := MsgStrID
R25 := R25["MSI_MAP_LIST_NAME_THA_T11"]
R24["name"] := R25
R25 := {}
R26 := MsgStrID
R26 := R26["MSI_MAP_LIST_NAME_THA_T12"]
R25["name"] := R26
R26 := {}
R27 := MsgStrID
R27 := R27["MSI_MAP_LIST_NAME_THA_BOSS"]
R26["name"] := R27
R26["colorR"] := 255
R26["colorG"] := 0
R26["colorB"] := 0
R16[1,2,3,4,5,6,7,8,9,10] := R17,R18,R19,R20,R21,R22,R23,R24,R25,R26
R15["list"] := R16
R16 := {}
R17 := MsgStrID
R17 := R17["MSI_MAP_LIST_NAME_GLASST"]
R16["name"] := R17
R17 := {}
R18 := {}
R19 := MsgStrID
R19 := R19["MSI_MAP_LIST_NAME_GL_CASE01"]
R18["name"] := R19
R19 := {}
R20 := MsgStrID
R20 := R20["MSI_MAP_LIST_NAME_GL_CASE02"]
R19["name"] := R20
R20 := {}
R21 := MsgStrID
R21 := R21["MSI_MAP_LIST_NAME_GL_CHURCH"]
R20["name"] := R21
R21 := {}
R22 := MsgStrID
R22 := R22["MSI_MAP_LIST_NAME_GL_CHYARD"]
R21["name"] := R22
R21["colorR"] := 255
R21["colorG"] := 0
R21["colorB"] := 0
R22 := {}
R23 := MsgStrID
R23 := R23["MSI_MAP_LIST_NAME_GL_DUN01"]
R22["name"] := R23
R23 := {}
R24 := MsgStrID
R24 := R24["MSI_MAP_LIST_NAME_GL_DUN02"]
R23["name"] := R24
R24 := {}
R25 := MsgStrID
R25 := R25["MSI_MAP_LIST_NAME_GL_IN01"]
R24["name"] := R25
R25 := {}
R26 := MsgStrID
R26 := R26["MSI_MAP_LIST_NAME_GL_KNT01"]
R25["name"] := R26
R26 := {}
R27 := MsgStrID
R27 := R27["MSI_MAP_LIST_NAME_GL_KNT02"]
R26["name"] := R27
R27 := {}
R28 := MsgStrID
R28 := R28["MSI_MAP_LIST_NAME_GL_PRISON"]
R27["name"] := R28
R28 := {}
R29 := MsgStrID
R29 := R29["MSI_MAP_LIST_NAME_GL_PRISON1"]
R28["name"] := R29
R29 := {}
R30 := MsgStrID
R30 := R30["MSI_MAP_LIST_NAME_GL_SEW01"]
R29["name"] := R30
R30 := {}
R31 := MsgStrID
R31 := R31["MSI_MAP_LIST_NAME_GL_SEW02"]
R30["name"] := R31
R31 := {}
R32 := MsgStrID
R32 := R32["MSI_MAP_LIST_NAME_GL_SEW03"]
R31["name"] := R32
R32 := {}
R33 := MsgStrID
R33 := R33["MSI_MAP_LIST_NAME_GL_SEW04"]
R32["name"] := R33
R33 := {}
R34 := MsgStrID
R34 := R34["MSI_MAP_LIST_NAME_GL_STEP"]
R33["name"] := R34
R17[1,2,3,4,5,6,7,8,9,10,11,12,13,14,15,16] := R18,R19,R20,R21,R22,R23,R24,R25,R26,R27,R28,R29,R30,R31,R32,R33
R16["list"] := R17
R17 := {}
R18 := MsgStrID
R18 := R18["MSI_MAP_LIST_NAME_HUEGEL"]
R17["name"] := R18
R18 := {}
R19 := {}
R20 := MsgStrID
R20 := R20["MSI_MAP_LIST_NAME_FILD"]
R19["name"] := R20
R20 := {}
R21 := MsgStrID
R21 := R21["MSI_MAP_LIST_NAME_ODIN_TEM01"]
R20["name"] := R21
R21 := {}
R22 := MsgStrID
R22 := R22["MSI_MAP_LIST_NAME_ODIN_TEM02"]
R21["name"] := R22
R22 := {}
R23 := MsgStrID
R23 := R23["MSI_MAP_LIST_NAME_ODIN_TEM03"]
R22["name"] := R23
R22["colorR"] := 255
R22["colorG"] := 0
R22["colorB"] := 0
R23 := {}
R24 := MsgStrID
R24 := R24["MSI_MAP_LIST_NAME_HU_FILD05"]
R23["name"] := R24
R24 := {}
R25 := MsgStrID
R25 := R25["MSI_MAP_LIST_NAME_ABYSS_01"]
R24["name"] := R25
R25 := {}
R26 := MsgStrID
R26 := R26["MSI_MAP_LIST_NAME_ABYSS_02"]
R25["name"] := R26
R26 := {}
R27 := MsgStrID
R27 := R27["MSI_MAP_LIST_NAME_ABYSS_03"]
R26["name"] := R27
R26["colorR"] := 255
R26["colorG"] := 0
R26["colorB"] := 0
R27 := {}
R28 := MsgStrID
R28 := R28["MSI_MAP_LIST_NAME_HU_FILD01"]
R27["name"] := R28
R18[1,2,3,4,5,6,7,8,9] := R19,R20,R21,R22,R23,R24,R25,R26,R27
R17["list"] := R18
R18 := {}
R19 := MsgStrID
R19 := R19["MSI_MAP_LIST_NAME_RAHEL"]
R18["name"] := R19
R19 := {}
R20 := {}
R21 := MsgStrID
R21 := R21["MSI_MAP_LIST_NAME_RA_FILD01"]
R20["name"] := R21
R21 := {}
R22 := MsgStrID
R22 := R22["MSI_MAP_LIST_NAME_RA_FILD03"]
R21["name"] := R22
R21["colorR"] := 255
R21["colorG"] := 0
R21["colorB"] := 0
R22 := {}
R23 := MsgStrID
R23 := R23["MSI_MAP_LIST_NAME_RA_FILD06"]
R22["name"] := R23
R22["colorR"] := 255
R22["colorG"] := 0
R22["colorB"] := 0
R23 := {}
R24 := MsgStrID
R24 := R24["MSI_MAP_LIST_NAME_RA_SAN01"]
R23["name"] := R24
R24 := {}
R25 := MsgStrID
R25 := R25["MSI_MAP_LIST_NAME_RA_SAN02"]
R24["name"] := R25
R25 := {}
R26 := MsgStrID
R26 := R26["MSI_MAP_LIST_NAME_RA_SAN03"]
R25["name"] := R26
R26 := {}
R27 := MsgStrID
R27 := R27["MSI_MAP_LIST_NAME_RA_SAN04"]
R26["name"] := R27
R27 := {}
R28 := MsgStrID
R28 := R28["MSI_MAP_LIST_NAME_RA_SAN05"]
R27["name"] := R28
R27["colorR"] := 255
R27["colorG"] := 0
R27["colorB"] := 0
R28 := {}
R29 := MsgStrID
R29 := R29["MSI_MAP_LIST_NAME_ICE_DUN01"]
R28["name"] := R29
R29 := {}
R30 := MsgStrID
R30 := R30["MSI_MAP_LIST_NAME_ICE_DUN02"]
R29["name"] := R30
R30 := {}
R31 := MsgStrID
R31 := R31["MSI_MAP_LIST_NAME_ICE_DUN03"]
R30["name"] := R31
R19[1,2,3,4,5,6,7,8,9,10,11] := R20,R21,R22,R23,R24,R25,R26,R27,R28,R29,R30
R18["list"] := R19
R19 := {}
R20 := MsgStrID
R20 := R20["MSI_MAP_LIST_NAME_VEINS"]
R19["name"] := R20
R20 := {}
R21 := {}
R22 := MsgStrID
R22 := R22["MSI_MAP_LIST_NAME_FILD"]
R21["name"] := R22
R21["colorR"] := 255
R21["colorG"] := 0
R21["colorB"] := 0
R22 := {}
R23 := MsgStrID
R23 := R23["MSI_MAP_LIST_NAME_NAMELESS_N"]
R22["name"] := R23
R23 := {}
R24 := MsgStrID
R24 := R24["MSI_MAP_LIST_NAME_ABBEY01"]
R23["name"] := R24
R24 := {}
R25 := MsgStrID
R25 := R25["MSI_MAP_LIST_NAME_ABBEY02"]
R24["name"] := R25
R24["colorR"] := 255
R24["colorG"] := 0
R24["colorB"] := 0
R25 := {}
R26 := MsgStrID
R26 := R26["MSI_MAP_LIST_NAME_ABBEY03"]
R25["name"] := R26
R25["colorR"] := 255
R25["colorG"] := 0
R25["colorB"] := 0
R26 := {}
R27 := MsgStrID
R27 := R27["MSI_MAP_LIST_NAME_THOR_V01"]
R26["name"] := R27
R27 := {}
R28 := MsgStrID
R28 := R28["MSI_MAP_LIST_NAME_THOR_V02"]
R27["name"] := R28
R28 := {}
R29 := MsgStrID
R29 := R29["MSI_MAP_LIST_NAME_THOR_V03"]
R28["name"] := R29
R28["colorR"] := 255
R28["colorG"] := 0
R28["colorB"] := 0
R20[1,2,3,4,5,6,7,8] := R21,R22,R23,R24,R25,R26,R27,R28
R19["list"] := R20
R20 := {}
R21 := MsgStrID
R21 := R21["MSI_MAP_LIST_NAME_NIFLHEIM"]
R20["name"] := R21
R21 := {}
R22 := {}
R23 := MsgStrID
R23 := R23["MSI_MAP_LIST_NAME_NIF_FILD01"]
R22["name"] := R23
R23 := {}
R24 := MsgStrID
R24 := R24["MSI_MAP_LIST_NAME_NIF_FILD02"]
R23["name"] := R24
R24 := {}
R25 := MsgStrID
R25 := R25["MSI_MAP_LIST_NAME_NIFLHEIM"]
R24["name"] := R25
R24["colorR"] := 255
R24["colorG"] := 0
R24["colorB"] := 0
R21[1,2,3] := R22,R23,R24
R20["list"] := R21
R21 := {}
R22 := MsgStrID
R22 := R22["MSI_MAP_LIST_NAME_UNDERWORLS"]
R21["name"] := R22
R22 := {}
R23 := {}
R24 := MsgStrID
R24 := R24["MSI_MAP_LIST_NAME_MAN_FILD01"]
R23["name"] := R24
R24 := {}
R25 := MsgStrID
R25 := R25["MSI_MAP_LIST_NAME_SPL_FILD01"]
R24["name"] := R25
R25 := {}
R26 := MsgStrID
R26 := R26["MSI_MAP_LIST_NAME_DIC_FILD01"]
R25["name"] := R26
R26 := {}
R27 := MsgStrID
R27 := R27["MSI_MAP_LIST_NAME_DIC_DUN01"]
R26["name"] := R27
R27 := {}
R28 := MsgStrID
R28 := R28["MSI_MAP_LIST_NAME_DIC_DUN02"]
R27["name"] := R28
R27["colorR"] := 255
R27["colorG"] := 0
R27["colorB"] := 0
R28 := {}
R29 := MsgStrID
R29 := R29["MSI_MAP_LIST_NAME_NYD_DUN01"]
R28["name"] := R29
R29 := {}
R30 := MsgStrID
R30 := R30["MSI_MAP_LIST_NAME_NYD_DUN02"]
R29["name"] := R30
R22[1,2,3,4,5,6,7] := R23,R24,R25,R26,R27,R28,R29
R21["list"] := R22
R22 := {}
R23 := MsgStrID
R23 := R23["MSI_MAP_LIST_NAME_AMACH"]
R22["name"] := R23
R23 := {}
R24 := {}
R25 := MsgStrID
R25 := R25["MSI_MAP_LIST_NAME_FILD"]
R24["name"] := R25
R25 := {}
R26 := MsgStrID
R26 := R26["MSI_MAP_LIST_NAME_AMA_DUN01"]
R25["name"] := R26
R26 := {}
R27 := MsgStrID
R27 := R27["MSI_MAP_LIST_NAME_AMA_DUN02"]
R26["name"] := R27
R27 := {}
R28 := MsgStrID
R28 := R28["MSI_MAP_LIST_NAME_AMA_DUN03"]
R27["name"] := R28
R27["colorR"] := 255
R27["colorG"] := 0
R27["colorB"] := 0
R23[1,2,3,4] := R24,R25,R26,R27
R22["list"] := R23
R23 := {}
R24 := MsgStrID
R24 := R24["MSI_MAP_LIST_NAME_GONRUN"]
R23["name"] := R24
R24 := {}
R25 := {}
R26 := MsgStrID
R26 := R26["MSI_MAP_LIST_NAME_FILD"]
R25["name"] := R26
R26 := {}
R27 := MsgStrID
R27 := R27["MSI_MAP_LIST_NAME_GON_DUN01"]
R26["name"] := R27
R27 := {}
R28 := MsgStrID
R28 := R28["MSI_MAP_LIST_NAME_GON_DUN02"]
R27["name"] := R28
R28 := {}
R29 := MsgStrID
R29 := R29["MSI_MAP_LIST_NAME_GON_DUN03"]
R28["name"] := R29
R28["colorR"] := 255
R28["colorG"] := 0
R28["colorB"] := 0
R24[1,2,3,4] := R25,R26,R27,R28
R23["list"] := R24
R24 := {}
R25 := MsgStrID
R25 := R25["MSI_MAP_LIST_NAME_LOU"]
R24["name"] := R25
R25 := {}
R26 := {}
R27 := MsgStrID
R27 := R27["MSI_MAP_LIST_NAME_FILD"]
R26["name"] := R27
R27 := {}
R28 := MsgStrID
R28 := R28["MSI_MAP_LIST_NAME_LOU_DUN01"]
R27["name"] := R28
R28 := {}
R29 := MsgStrID
R29 := R29["MSI_MAP_LIST_NAME_LOU_DUN02"]
R28["name"] := R29
R29 := {}
R30 := MsgStrID
R30 := R30["MSI_MAP_LIST_NAME_LOU_DUN03"]
R29["name"] := R30
R29["colorR"] := 255
R29["colorG"] := 0
R29["colorB"] := 0
R25[1,2,3,4] := R26,R27,R28,R29
R24["list"] := R25
R25 := {}
R26 := MsgStrID
R26 := R26["MSI_MAP_LIST_NAME_AYOTAYA"]
R25["name"] := R26
R26 := {}
R27 := {}
R28 := MsgStrID
R28 := R28["MSI_MAP_LIST_NAME_FILD"]
R27["name"] := R28
R28 := {}
R29 := MsgStrID
R29 := R29["MSI_MAP_LIST_NAME_AYO_DUN01"]
R28["name"] := R29
R29 := {}
R30 := MsgStrID
R30 := R30["MSI_MAP_LIST_NAME_AYO_DUN02"]
R29["name"] := R30
R29["colorR"] := 255
R29["colorG"] := 0
R29["colorB"] := 0
R26[1,2,3] := R27,R28,R29
R25["list"] := R26
R26 := {}
R27 := MsgStrID
R27 := R27["MSI_MAP_LIST_NAME_BRASIL"]
R26["name"] := R27
R27 := {}
R28 := {}
R29 := MsgStrID
R29 := R29["MSI_MAP_LIST_NAME_FILD"]
R28["name"] := R29
R29 := {}
R30 := MsgStrID
R30 := R30["MSI_MAP_LIST_NAME_BRA_DUN01"]
R29["name"] := R30
R30 := {}
R31 := MsgStrID
R31 := R31["MSI_MAP_LIST_NAME_BRA_DUN02"]
R30["name"] := R31
R30["colorR"] := 255
R30["colorG"] := 0
R30["colorB"] := 0
R27[1,2,3] := R28,R29,R30
R26["list"] := R27
R27 := {}
R28 := MsgStrID
R28 := R28["MSI_MAP_LIST_NAME_MOSK"]
R27["name"] := R28
R28 := {}
R29 := {}
R30 := MsgStrID
R30 := R30["MSI_MAP_LIST_NAME_FILD"]
R29["name"] := R30
R30 := {}
R31 := MsgStrID
R31 := R31["MSI_MAP_LIST_NAME_MOSK_DUN01"]
R30["name"] := R31
R31 := {}
R32 := MsgStrID
R32 := R32["MSI_MAP_LIST_NAME_MOSK_DUN02"]
R31["name"] := R32
R32 := {}
R33 := MsgStrID
R33 := R33["MSI_MAP_LIST_NAME_MOSK_DUN03"]
R32["name"] := R33
R32["colorR"] := 255
R32["colorG"] := 0
R32["colorB"] := 0
R28[1,2,3,4] := R29,R30,R31,R32
R27["list"] := R28
R28 := {}
R29 := MsgStrID
R29 := R29["MSI_MAP_LIST_NAME_MEMOREAL"]
R28["name"] := R29
R29 := {}
R30 := {}
R31 := MsgStrID
R31 := R31["MSI_MAP_LIST_NAME_MEMO_TOWER"]
R30["name"] := R31
R30["colorR"] := 255
R30["colorG"] := 0
R30["colorB"] := 0
R31 := {}
R32 := MsgStrID
R32 := R32["MSI_MAP_LIST_NAME_MEMO_DUN01"]
R31["name"] := R32
R31["colorR"] := 255
R31["colorG"] := 0
R31["colorB"] := 0
R32 := {}
R33 := MsgStrID
R33 := R33["MSI_MAP_LIST_NAME_MEMO_DUN02"]
R32["name"] := R33
R32["colorR"] := 255
R32["colorG"] := 0
R32["colorB"] := 0
R33 := {}
R34 := MsgStrID
R34 := R34["MSI_MAP_LIST_NAME_MEMO_DUN03"]
R33["name"] := R34
R33["colorR"] := 255
R33["colorG"] := 0
R33["colorB"] := 0
R29[1,2,3,4] := R30,R31,R32,R33
R28["list"] := R29
R0[1,2,3,4,5,6,7,8,9,10,11,12,13,14,15,16,17,18,19,20,21,22,23,24,25,26,27,28] := R1,R2,R3,R4,R5,R6,R7,R8,R9,R10,R11,R12,R13,R14,R15,R16,R17,R18,R19,R20,R21,R22,R23,R24,R25,R26,R27,R28
map_list := R0
R0 := {}
R1 := MsgStrID
R1 := R1["MSI_PARTY_BOOKING_REQURT"]
R2 := MsgStrID
R2 := R2["MSI_PARTY_BOOKING_LIST"]
R3 := MsgStrID
R3 := R3["MSI_PARTY_BOOKING_MAKE"]
R4 := MsgStrID
R4 := R4["MSI_PARTY_BOOKING_INVITE"]
R0[1,2,3,4] := R1,R2,R3,R4
PartyBookingHelp := R0
return 
