R0 := {}
R1 := pcJobTbl2
R1 := R1["JT_NOVICE"]
R0[R1] := "Novice"
R1 := pcJobTbl2
R1 := R1["JT_SWORDMAN"]
R0[R1] := "Swordman"
R1 := pcJobTbl2
R1 := R1["JT_MAGICIAN"]
R0[R1] := "Magician"
R1 := pcJobTbl2
R1 := R1["JT_ARCHER"]
R0[R1] := "Archer"
R1 := pcJobTbl2
R1 := R1["JT_ACOLYTE"]
R0[R1] := "Acolyte"
R1 := pcJobTbl2
R1 := R1["JT_MERCHANT"]
R0[R1] := "Merchant"
R1 := pcJobTbl2
R1 := R1["JT_THIEF"]
R0[R1] := "Thief"
R1 := pcJobTbl2
R1 := R1["JT_KNIGHT"]
R0[R1] := "Knight"
R1 := pcJobTbl2
R1 := R1["JT_PRIEST"]
R0[R1] := "Prieset"
R1 := pcJobTbl2
R1 := R1["JT_WIZARD"]
R0[R1] := "Wizerd"
R1 := pcJobTbl2
R1 := R1["JT_BLACKSMITH"]
R0[R1] := "Blacksmith"
R1 := pcJobTbl2
R1 := R1["JT_HUNTER"]
R0[R1] := "Hunter"
R1 := pcJobTbl2
R1 := R1["JT_ASSASSIN"]
R0[R1] := "Assassin"
R1 := pcJobTbl2
R1 := R1["JT_CHICKEN"]
R0[R1] := "Knight"
R1 := pcJobTbl2
R1 := R1["JT_CRUSADER"]
R0[R1] := "Crusader"
R1 := pcJobTbl2
R1 := R1["JT_MONK"]
R0[R1] := "Monk"
R1 := pcJobTbl2
R1 := R1["JT_SAGE"]
R0[R1] := "Sage"
R1 := pcJobTbl2
R1 := R1["JT_ROGUE"]
R0[R1] := "Rouge"
R1 := pcJobTbl2
R1 := R1["JT_ALCHEMIST"]
R0[R1] := "Alchemist"
R1 := pcJobTbl2
R1 := R1["JT_BARD"]
R0[R1] := "Bard"
R1 := pcJobTbl2
R1 := R1["JT_DANCER"]
R0[R1] := "Dancer"
R1 := pcJobTbl2
R1 := R1["JT_CHICKEN2"]
R0[R1] := "Crusader"
R1 := pcJobTbl2
R1 := R1["JT_SUPERNOVICE"]
R0[R1] := "슈퍼노비스(남)"
R1 := pcJobTbl2
R1 := R1["JT_GUNSLINGER"]
R0[R1] := "Justiceiro"
R1 := pcJobTbl2
R1 := R1["JT_NINJA"]
R0[R1] := "Ninja"
R1 := pcJobTbl2
R1 := R1["JT_NOVICE_H"]
R0[R1] := "Novice High"
R1 := pcJobTbl2
R1 := R1["JT_SWORDMAN_H"]
R0[R1] := "Swordman High"
R1 := pcJobTbl2
R1 := R1["JT_MAGICIAN_H"]
R0[R1] := "Magician High"
R1 := pcJobTbl2
R1 := R1["JT_ARCHER_H"]
R0[R1] := "Archer High"
R1 := pcJobTbl2
R1 := R1["JT_ACOLYTE_H"]
R0[R1] := "Acolyte High"
R1 := pcJobTbl2
R1 := R1["JT_MERCHANT_H"]
R0[R1] := "Merchant High"
R1 := pcJobTbl2
R1 := R1["JT_THIEF_H"]
R0[R1] := "Thief High"
R1 := pcJobTbl2
R1 := R1["JT_KNIGHT_H"]
R0[R1] := "Lord Knight"
R1 := pcJobTbl2
R1 := R1["JT_PRIEST_H"]
R0[R1] := "High Priest"
R1 := pcJobTbl2
R1 := R1["JT_WIZARD_H"]
R0[R1] := "High Wizard"
R1 := pcJobTbl2
R1 := R1["JT_BLACKSMITH_H"]
R0[R1] := "White Smith"
R1 := pcJobTbl2
R1 := R1["JT_HUNTER_H"]
R0[R1] := "Sniper"
R1 := pcJobTbl2
R1 := R1["JT_ASSASSIN_H"]
R0[R1] := "Saaassin Cross"
R1 := pcJobTbl2
R1 := R1["JT_CHICKEN_H"]
R0[R1] := "Lord Knight"
R1 := pcJobTbl2
R1 := R1["JT_CRUSADER_H"]
R0[R1] := "Paladin"
R1 := pcJobTbl2
R1 := R1["JT_MONK_H"]
R0[R1] := "Champion"
R1 := pcJobTbl2
R1 := R1["JT_SAGE_H"]
R0[R1] := "Professor"
R1 := pcJobTbl2
R1 := R1["JT_ROGUE_H"]
R0[R1] := "Stalker"
R1 := pcJobTbl2
R1 := R1["JT_ALCHEMIST_H"]
R0[R1] := "Creator"
R1 := pcJobTbl2
R1 := R1["JT_BARD_H"]
R0[R1] := "Clown"
R1 := pcJobTbl2
R1 := R1["JT_DANCER_H"]
R0[R1] := "Dancer"
R1 := pcJobTbl2
R1 := R1["JT_CHICKEN2_H"]
R0[R1] := "Paladin"
R1 := pcJobTbl2
R1 := R1["JT_NOVICE_B"]
R0[R1] := "Mini Aprendiz"
R1 := pcJobTbl2
R1 := R1["JT_SWORDMAN_B"]
R0[R1] := "Mini Espadachim"
R1 := pcJobTbl2
R1 := R1["JT_MAGICIAN_B"]
R0[R1] := "Mini Mago"
R1 := pcJobTbl2
R1 := R1["JT_ARCHER_B"]
R0[R1] := "Mini Arqueiro"
R1 := pcJobTbl2
R1 := R1["JT_ACOLYTE_B"]
R0[R1] := "Mini Novi?"
R1 := pcJobTbl2
R1 := R1["JT_MERCHANT_B"]
R0[R1] := "Mini Mercador"
R1 := pcJobTbl2
R1 := R1["JT_THIEF_B"]
R0[R1] := "Mini Gatuno"
R1 := pcJobTbl2
R1 := R1["JT_KNIGHT_B"]
R0[R1] := "Mini Cavaleiro"
R1 := pcJobTbl2
R1 := R1["JT_PRIEST_B"]
R0[R1] := "Mini Sacerdote"
R1 := pcJobTbl2
R1 := R1["JT_WIZARD_B"]
R0[R1] := "Mini Bruxo"
R1 := pcJobTbl2
R1 := R1["JT_BLACKSMITH_B"]
R0[R1] := "Mini Ferreiro"
R1 := pcJobTbl2
R1 := R1["JT_HUNTER_B"]
R0[R1] := "Mini Ca?dor"
R1 := pcJobTbl2
R1 := R1["JT_ASSASSIN_B"]
R0[R1] := "Mini Mercen?io"
R1 := pcJobTbl2
R1 := R1["JT_CHICKEN_B"]
R0[R1] := "Mini Cavaleiro"
R1 := pcJobTbl2
R1 := R1["JT_CRUSADER_B"]
R0[R1] := "Mini Templ?io"
R1 := pcJobTbl2
R1 := R1["JT_MONK_B"]
R0[R1] := "Mini Monge"
R1 := pcJobTbl2
R1 := R1["JT_SAGE_B"]
R0[R1] := "Mini S?io"
R1 := pcJobTbl2
R1 := R1["JT_ROGUE_B"]
R0[R1] := "Mini Arruaceiro"
R1 := pcJobTbl2
R1 := R1["JT_ALCHEMIST_B"]
R0[R1] := "Mini Alquimista"
R1 := pcJobTbl2
R1 := R1["JT_BARD_B"]
R0[R1] := "Mini Bardo"
R1 := pcJobTbl2
R1 := R1["JT_DANCER_B"]
R0[R1] := "Mini Odalisca"
R1 := pcJobTbl2
R1 := R1["JT_CHICKEN2_B"]
R0[R1] := "Mini Templ?io"
R1 := pcJobTbl2
R1 := R1["JT_SUPERNOVICE_B"]
R0[R1] := "S.Aprendiz - Jr."
R1 := pcJobTbl2
R1 := R1["JT_TAEKWON"]
R0[R1] := "TaeKwon Boy"
R1 := pcJobTbl2
R1 := R1["JT_STAR"]
R0[R1] := "Star Gladiator"
R1 := pcJobTbl2
R1 := R1["JT_STAR2"]
R0[R1] := "Star Gladiator"
R1 := pcJobTbl2
R1 := R1["JT_LINKER"]
R0[R1] := "Soul Linker"
R1 := pcJobTbl2
R1 := R1["JT_GANGSI"]
R0[R1] := "Bongun"
R1 := pcJobTbl2
R1 := R1["JT_DEATHKNIGHT"]
R0[R1] := "Death Knight"
R1 := pcJobTbl2
R1 := R1["JT_COLLECTOR"]
R0[R1] := "Dark Collector"
R1 := pcJobTbl2
R1 := R1["JT_RUNE_KNIGHT"]
R0[R1] := "Rune Knight"
R1 := pcJobTbl2
R1 := R1["JT_WARLOCK"]
R0[R1] := "Warlock"
R1 := pcJobTbl2
R1 := R1["JT_RANGER"]
R0[R1] := "Ranger"
R1 := pcJobTbl2
R1 := R1["JT_ARCHBISHOP"]
R0[R1] := "Arch Bishop"
R1 := pcJobTbl2
R1 := R1["JT_MECHANIC"]
R0[R1] := "Mechanic"
R1 := pcJobTbl2
R1 := R1["JT_GUILLOTINE_CROSS"]
R0[R1] := "Glt. Cross"
R1 := pcJobTbl2
R1 := R1["JT_RUNE_KNIGHT_H"]
R0[R1] := "Rune Knight"
R1 := pcJobTbl2
R1 := R1["JT_WARLOCK_H"]
R0[R1] := "Warlock"
R1 := pcJobTbl2
R1 := R1["JT_RANGER_H"]
R0[R1] := "Ranger"
R1 := pcJobTbl2
R1 := R1["JT_ARCHBISHOP_H"]
R0[R1] := "Arch Bishop"
R1 := pcJobTbl2
R1 := R1["JT_MECHANIC_H"]
R0[R1] := "Mechanic"
R1 := pcJobTbl2
R1 := R1["JT_GUILLOTINE_CROSS_H"]
R0[R1] := "Glt. Cross"
R1 := pcJobTbl2
R1 := R1["JT_ROYAL_GUARD"]
R0[R1] := "Royal Guard"
R1 := pcJobTbl2
R1 := R1["JT_SORCERER"]
R0[R1] := "Sorcerer"
R1 := pcJobTbl2
R1 := R1["JT_MINSTREL"]
R0[R1] := "Minstrel"
R1 := pcJobTbl2
R1 := R1["JT_WANDERER"]
R0[R1] := "Wanderer"
R1 := pcJobTbl2
R1 := R1["JT_SURA"]
R0[R1] := "Sura"
R1 := pcJobTbl2
R1 := R1["JT_GENETIC"]
R0[R1] := "Genetic"
R1 := pcJobTbl2
R1 := R1["JT_SHADOW_CHASER"]
R0[R1] := "Shadow Chaser"
R1 := pcJobTbl2
R1 := R1["JT_ROYAL_GUARD_H"]
R0[R1] := "Royal Guard"
R1 := pcJobTbl2
R1 := R1["JT_SORCERER_H"]
R0[R1] := "Sorcerer"
R1 := pcJobTbl2
R1 := R1["JT_MINSTREL_H"]
R0[R1] := "Minstrel"
R1 := pcJobTbl2
R1 := R1["JT_WANDERER_H"]
R0[R1] := "Wanderer"
R1 := pcJobTbl2
R1 := R1["JT_SURA_H"]
R0[R1] := "Sura"
R1 := pcJobTbl2
R1 := R1["JT_GENETIC_H"]
R0[R1] := "Genetic"
R1 := pcJobTbl2
R1 := R1["JT_SHADOW_CHASER_H"]
R0[R1] := "Shadow Chaser"
R1 := pcJobTbl2
R1 := R1["JT_RUNE_CHICKEN"]
R0[R1] := "Rune Knight"
R1 := pcJobTbl2
R1 := R1["JT_RUNE_CHICKEN_H"]
R0[R1] := "Rune Knight"
R1 := pcJobTbl2
R1 := R1["JT_ROYAL_CHICKEN"]
R0[R1] := "Royal Guard"
R1 := pcJobTbl2
R1 := R1["JT_ROYAL_CHICKEN_H"]
R0[R1] := "Royal Guard"
R1 := pcJobTbl2
R1 := R1["JT_WOLF_RANGER"]
R0[R1] := "Ranger"
R1 := pcJobTbl2
R1 := R1["JT_WOLF_RANGER_H"]
R0[R1] := "Ranger"
R1 := pcJobTbl2
R1 := R1["JT_MADOGEAR"]
R0[R1] := "Mechanic"
R1 := pcJobTbl2
R1 := R1["JT_MADOGEAR_H"]
R0[R1] := "Mechanic"
R1 := pcJobTbl2
R1 := R1["JT_RUNE_CHICKEN2"]
R0[R1] := "Rune Knight"
R1 := pcJobTbl2
R1 := R1["JT_RUNE_CHICKEN2_H"]
R0[R1] := "Rune Knight"
R1 := pcJobTbl2
R1 := R1["JT_RUNE_CHICKEN3"]
R0[R1] := "Rune Knight"
R1 := pcJobTbl2
R1 := R1["JT_RUNE_CHICKEN3_H"]
R0[R1] := "Rune Knight"
R1 := pcJobTbl2
R1 := R1["JT_RUNE_CHICKEN4"]
R0[R1] := "Rune Knight"
R1 := pcJobTbl2
R1 := R1["JT_RUNE_CHICKEN4_H"]
R0[R1] := "Rune Knight"
R1 := pcJobTbl2
R1 := R1["JT_RUNE_CHICKEN5"]
R0[R1] := "Rune Knight"
R1 := pcJobTbl2
R1 := R1["JT_RUNE_CHICKEN5_H"]
R0[R1] := "Rune Knight"
R1 := pcJobTbl2
R1 := R1["JT_RUNE_KNIGHT_B"]
R0[R1] := "Baby Rune"
R1 := pcJobTbl2
R1 := R1["JT_WARLOCK_B"]
R0[R1] := "Baby Warlock"
R1 := pcJobTbl2
R1 := R1["JT_RANGER_B"]
R0[R1] := "Baby Ranger"
R1 := pcJobTbl2
R1 := R1["JT_ARCHBISHOP_B"]
R0[R1] := "Baby Bishop"
R1 := pcJobTbl2
R1 := R1["JT_MECHANIC_B"]
R0[R1] := "Baby Mechanic"
R1 := pcJobTbl2
R1 := R1["JT_GUILLOTINE_CROSS_B"]
R0[R1] := "Baby Cross"
R1 := pcJobTbl2
R1 := R1["JT_ROYAL_GUARD_B"]
R0[R1] := "Baby Guard"
R1 := pcJobTbl2
R1 := R1["JT_SORCERER_B"]
R0[R1] := "Baby Sorcerer"
R1 := pcJobTbl2
R1 := R1["JT_MINSTREL_B"]
R0[R1] := "Baby Minstrel"
R1 := pcJobTbl2
R1 := R1["JT_WANDERER_B"]
R0[R1] := "Baby Wanderer"
R1 := pcJobTbl2
R1 := R1["JT_SURA_B"]
R0[R1] := "Baby Sura"
R1 := pcJobTbl2
R1 := R1["JT_GENETIC_B"]
R0[R1] := "Baby Genetic"
R1 := pcJobTbl2
R1 := R1["JT_SHADOW_CHASER_B"]
R0[R1] := "Baby Chaser"
R1 := pcJobTbl2
R1 := R1["JT_RUNE_CHICKEN_B"]
R0[R1] := "Rune Knight"
R1 := pcJobTbl2
R1 := R1["JT_ROYAL_CHICKEN_B"]
R0[R1] := "Baby Guard"
R1 := pcJobTbl2
R1 := R1["JT_WOLF_RANGER_B"]
R0[R1] := "Baby Ranger"
R1 := pcJobTbl2
R1 := R1["JT_MADOGEAR_B"]
R0[R1] := "Baby Mechanic"
R1 := pcJobTbl2
R1 := R1["JT_SUPERNOVICE2"]
R0[R1] := "Super Novice"
R1 := pcJobTbl2
R1 := R1["JT_SUPERNOVICE2_B"]
R0[R1] := "Super Baby"
R1 := pcJobTbl2
R1 := R1["JT_KAGEROU"]
R0[R1] := "KAGEROU"
R1 := pcJobTbl2
R1 := R1["JT_OBORO"]
R0[R1] := "OBORO"
PCJobNameTableMan := R0
R0 := {}
R1 := pcJobTbl2
R1 := R1["JT_NOVICE"]
R0[R1] := "Novice"
R1 := pcJobTbl2
R1 := R1["JT_SWORDMAN"]
R0[R1] := "Swordman"
R1 := pcJobTbl2
R1 := R1["JT_MAGICIAN"]
R0[R1] := "Magician"
R1 := pcJobTbl2
R1 := R1["JT_ARCHER"]
R0[R1] := "Archer"
R1 := pcJobTbl2
R1 := R1["JT_ACOLYTE"]
R0[R1] := "Acolyte"
R1 := pcJobTbl2
R1 := R1["JT_MERCHANT"]
R0[R1] := "Merchant"
R1 := pcJobTbl2
R1 := R1["JT_THIEF"]
R0[R1] := "Thief"
R1 := pcJobTbl2
R1 := R1["JT_KNIGHT"]
R0[R1] := "Knight"
R1 := pcJobTbl2
R1 := R1["JT_PRIEST"]
R0[R1] := "Prieset"
R1 := pcJobTbl2
R1 := R1["JT_WIZARD"]
R0[R1] := "Wizerd"
R1 := pcJobTbl2
R1 := R1["JT_BLACKSMITH"]
R0[R1] := "Blacksmith"
R1 := pcJobTbl2
R1 := R1["JT_HUNTER"]
R0[R1] := "Hunter"
R1 := pcJobTbl2
R1 := R1["JT_ASSASSIN"]
R0[R1] := "Assassin"
R1 := pcJobTbl2
R1 := R1["JT_CHICKEN"]
R0[R1] := "Knight"
R1 := pcJobTbl2
R1 := R1["JT_CRUSADER"]
R0[R1] := "Crusader_W"
R1 := pcJobTbl2
R1 := R1["JT_MONK"]
R0[R1] := "Monk_W"
R1 := pcJobTbl2
R1 := R1["JT_SAGE"]
R0[R1] := "Sage_W"
R1 := pcJobTbl2
R1 := R1["JT_ROGUE"]
R0[R1] := "Rouge_W"
R1 := pcJobTbl2
R1 := R1["JT_ALCHEMIST"]
R0[R1] := "Alchemist_W"
R1 := pcJobTbl2
R1 := R1["JT_BARD"]
R0[R1] := "Bard"
R1 := pcJobTbl2
R1 := R1["JT_DANCER"]
R0[R1] := "Dancer"
R1 := pcJobTbl2
R1 := R1["JT_CHICKEN2"]
R0[R1] := "Crusader"
R1 := pcJobTbl2
R1 := R1["JT_SUPERNOVICE"]
R0[R1] := "슈퍼노비스(여)"
R1 := pcJobTbl2
R1 := R1["JT_GUNSLINGER"]
R0[R1] := "Justiceira"
R1 := pcJobTbl2
R1 := R1["JT_NINJA"]
R0[R1] := "Ninja"
R1 := pcJobTbl2
R1 := R1["JT_NOVICE_H"]
R0[R1] := "Novice High_W"
R1 := pcJobTbl2
R1 := R1["JT_SWORDMAN_H"]
R0[R1] := "Swordman High_W"
R1 := pcJobTbl2
R1 := R1["JT_MAGICIAN_H"]
R0[R1] := "Magician High_W"
R1 := pcJobTbl2
R1 := R1["JT_ARCHER_H"]
R0[R1] := "Archer High_W"
R1 := pcJobTbl2
R1 := R1["JT_ACOLYTE_H"]
R0[R1] := "Acolyte High_W"
R1 := pcJobTbl2
R1 := R1["JT_MERCHANT_H"]
R0[R1] := "Merchant High_W"
R1 := pcJobTbl2
R1 := R1["JT_THIEF_H"]
R0[R1] := "Thief High_W"
R1 := pcJobTbl2
R1 := R1["JT_KNIGHT_H"]
R2 := "Lord Knight_W"
R0[R1] := R2
R1 := pcJobTbl2
R1 := R1["JT_PRIEST_H"]
R2 := "High Priest_W"
R0[R1] := R2
R1 := pcJobTbl2
R1 := R1["JT_WIZARD_H"]
R2 := "High Wizard_W"
R0[R1] := R2
R1 := pcJobTbl2
R1 := R1["JT_BLACKSMITH_H"]
R2 := "White Smith_W"
R0[R1] := R2
R1 := pcJobTbl2
R1 := R1["JT_HUNTER_H"]
R2 := "Sniper_W"
R0[R1] := R2
R1 := pcJobTbl2
R1 := R1["JT_ASSASSIN_H"]
R2 := "Saaassin Cross_W"
R0[R1] := R2
R1 := pcJobTbl2
R1 := R1["JT_CHICKEN_H"]
R2 := "Lord Knight_W"
R0[R1] := R2
R1 := pcJobTbl2
R1 := R1["JT_CRUSADER_H"]
R2 := "Paladin_W"
R0[R1] := R2
R1 := pcJobTbl2
R1 := R1["JT_MONK_H"]
R2 := "Champion_W"
R0[R1] := R2
R1 := pcJobTbl2
R1 := R1["JT_SAGE_H"]
R2 := "Professor_W"
R0[R1] := R2
R1 := pcJobTbl2
R1 := R1["JT_ROGUE_H"]
R2 := "Stalker_W"
R0[R1] := R2
R1 := pcJobTbl2
R1 := R1["JT_ALCHEMIST_H"]
R2 := "Creator_W"
R0[R1] := R2
R1 := pcJobTbl2
R1 := R1["JT_BARD_H"]
R0[R1] := "Clown"
R1 := pcJobTbl2
R1 := R1["JT_DANCER_H"]
R2 := "Gypsy"
R0[R1] := R2
R1 := pcJobTbl2
R1 := R1["JT_CHICKEN2_H"]
R2 := "Paladin_W"
R0[R1] := R2
R1 := pcJobTbl2
R1 := R1["JT_NOVICE_B"]
R0[R1] := "Mini Aprendiz"
R1 := pcJobTbl2
R1 := R1["JT_SWORDMAN_B"]
R0[R1] := "Mini Espadachim"
R1 := pcJobTbl2
R1 := R1["JT_MAGICIAN_B"]
R2 := "Mini Maga"
R0[R1] := R2
R1 := pcJobTbl2
R1 := R1["JT_ARCHER_B"]
R2 := "Mini Arqueira"
R0[R1] := R2
R1 := pcJobTbl2
R1 := R1["JT_ACOLYTE_B"]
R0[R1] := "Mini Novi?"
R1 := pcJobTbl2
R1 := R1["JT_MERCHANT_B"]
R2 := "Mini Mercadora"
R0[R1] := R2
R1 := pcJobTbl2
R1 := R1["JT_THIEF_B"]
R2 := "Mini Gatuna"
R0[R1] := R2
R1 := pcJobTbl2
R1 := R1["JT_KNIGHT_B"]
R2 := "Mini Cavaleira"
R0[R1] := R2
R1 := pcJobTbl2
R1 := R1["JT_PRIEST_B"]
R2 := "Mini Sacerdotisa"
R0[R1] := R2
R1 := pcJobTbl2
R1 := R1["JT_WIZARD_B"]
R2 := "Mini Bruxa"
R0[R1] := R2
R1 := pcJobTbl2
R1 := R1["JT_BLACKSMITH_B"]
R2 := "Mini Ferreira"
R0[R1] := R2
R1 := pcJobTbl2
R1 := R1["JT_HUNTER_B"]
R2 := "Mini Ca?dora"
R0[R1] := R2
R1 := pcJobTbl2
R1 := R1["JT_ASSASSIN_B"]
R2 := "Mini Mercen?ia"
R0[R1] := R2
R1 := pcJobTbl2
R1 := R1["JT_CHICKEN_B"]
R2 := "Mini Cavaleira"
R0[R1] := R2
R1 := pcJobTbl2
R1 := R1["JT_CRUSADER_B"]
R2 := "Mini Templ?ia"
R0[R1] := R2
R1 := pcJobTbl2
R1 := R1["JT_MONK_B"]
R2 := "Mini Monja"
R0[R1] := R2
R1 := pcJobTbl2
R1 := R1["JT_SAGE_B"]
R2 := "Mini S?ia "
R0[R1] := R2
R1 := pcJobTbl2
R1 := R1["JT_ROGUE_B"]
R2 := "Mini Arruaceira"
R0[R1] := R2
R1 := pcJobTbl2
R1 := R1["JT_ALCHEMIST_B"]
R0[R1] := "Mini Alquimista"
R1 := pcJobTbl2
R1 := R1["JT_BARD_B"]
R0[R1] := "Mini Bardo"
R1 := pcJobTbl2
R1 := R1["JT_DANCER_B"]
R0[R1] := "Mini Odalisca"
R1 := pcJobTbl2
R1 := R1["JT_CHICKEN2_B"]
R2 := "Mini Templ?ia"
R0[R1] := R2
R1 := pcJobTbl2
R1 := R1["JT_SUPERNOVICE_B"]
R0[R1] := "S.Aprendiz - Jr."
R1 := pcJobTbl2
R1 := R1["JT_TAEKWON"]
R2 := "TaeKwon Girl"
R0[R1] := R2
R1 := pcJobTbl2
R1 := R1["JT_STAR"]
R2 := "권성(여)"
R0[R1] := R2
R1 := pcJobTbl2
R1 := R1["JT_STAR2"]
R2 := "권성(여)"
R0[R1] := R2
R1 := pcJobTbl2
R1 := R1["JT_LINKER"]
R2 := "소울링커(여)"
R0[R1] := R2
R1 := pcJobTbl2
R1 := R1["JT_GANGSI"]
R2 := "Munak"
R0[R1] := R2
R1 := pcJobTbl2
R1 := R1["JT_DEATHKNIGHT"]
R0[R1] := "Death Knight"
R1 := pcJobTbl2
R1 := R1["JT_COLLECTOR"]
R0[R1] := "Dark Collector"
R1 := pcJobTbl2
R1 := R1["JT_RUNE_KNIGHT"]
R0[R1] := "Rune Knight"
R1 := pcJobTbl2
R1 := R1["JT_WARLOCK"]
R0[R1] := "Warlock"
R1 := pcJobTbl2
R1 := R1["JT_RANGER"]
R0[R1] := "Ranger"
R1 := pcJobTbl2
R1 := R1["JT_ARCHBISHOP"]
R0[R1] := "Arch Bishop"
R1 := pcJobTbl2
R1 := R1["JT_MECHANIC"]
R0[R1] := "Mechanic"
R1 := pcJobTbl2
R1 := R1["JT_GUILLOTINE_CROSS"]
R0[R1] := "Glt. Cross"
R1 := pcJobTbl2
R1 := R1["JT_RUNE_KNIGHT_H"]
R0[R1] := "Rune Knight"
R1 := pcJobTbl2
R1 := R1["JT_WARLOCK_H"]
R0[R1] := "Warlock"
R1 := pcJobTbl2
R1 := R1["JT_RANGER_H"]
R0[R1] := "Ranger"
R1 := pcJobTbl2
R1 := R1["JT_ARCHBISHOP_H"]
R0[R1] := "Arch Bishop"
R1 := pcJobTbl2
R1 := R1["JT_MECHANIC_H"]
R0[R1] := "Mechanic"
R1 := pcJobTbl2
R1 := R1["JT_GUILLOTINE_CROSS_H"]
R0[R1] := "Glt. Cross"
R1 := pcJobTbl2
R1 := R1["JT_ROYAL_GUARD"]
R0[R1] := "Royal Guard"
R1 := pcJobTbl2
R1 := R1["JT_SORCERER"]
R0[R1] := "Sorcerer"
R1 := pcJobTbl2
R1 := R1["JT_MINSTREL"]
R0[R1] := "Minstrel"
R1 := pcJobTbl2
R1 := R1["JT_WANDERER"]
R0[R1] := "Wanderer"
R1 := pcJobTbl2
R1 := R1["JT_SURA"]
R0[R1] := "Sura"
R1 := pcJobTbl2
R1 := R1["JT_GENETIC"]
R0[R1] := "Genetic"
R1 := pcJobTbl2
R1 := R1["JT_SHADOW_CHASER"]
R0[R1] := "Shadow Chaser"
R1 := pcJobTbl2
R1 := R1["JT_ROYAL_GUARD_H"]
R0[R1] := "Royal Guard"
R1 := pcJobTbl2
R1 := R1["JT_SORCERER_H"]
R0[R1] := "Sorcerer"
R1 := pcJobTbl2
R1 := R1["JT_MINSTREL_H"]
R0[R1] := "Minstrel"
R1 := pcJobTbl2
R1 := R1["JT_WANDERER_H"]
R0[R1] := "Wanderer"
R1 := pcJobTbl2
R1 := R1["JT_SURA_H"]
R0[R1] := "Sura"
R1 := pcJobTbl2
R1 := R1["JT_GENETIC_H"]
R0[R1] := "Genetic"
R1 := pcJobTbl2
R1 := R1["JT_SHADOW_CHASER_H"]
R0[R1] := "Shadow Chaser"
R1 := pcJobTbl2
R1 := R1["JT_RUNE_CHICKEN"]
R0[R1] := "Rune Knight"
R1 := pcJobTbl2
R1 := R1["JT_RUNE_CHICKEN_H"]
R0[R1] := "Rune Knight"
R1 := pcJobTbl2
R1 := R1["JT_ROYAL_CHICKEN"]
R0[R1] := "Royal Guard"
R1 := pcJobTbl2
R1 := R1["JT_ROYAL_CHICKEN_H"]
R0[R1] := "Royal Guard"
R1 := pcJobTbl2
R1 := R1["JT_WOLF_RANGER"]
R0[R1] := "Ranger"
R1 := pcJobTbl2
R1 := R1["JT_WOLF_RANGER_H"]
R0[R1] := "Ranger"
R1 := pcJobTbl2
R1 := R1["JT_MADOGEAR"]
R0[R1] := "Mechanic"
R1 := pcJobTbl2
R1 := R1["JT_MADOGEAR_H"]
R0[R1] := "Mechanic"
R1 := pcJobTbl2
R1 := R1["JT_RUNE_CHICKEN2"]
R0[R1] := "Rune Knight"
R1 := pcJobTbl2
R1 := R1["JT_RUNE_CHICKEN2_H"]
R0[R1] := "Rune Knight"
R1 := pcJobTbl2
R1 := R1["JT_RUNE_CHICKEN3"]
R0[R1] := "Rune Knight"
R1 := pcJobTbl2
R1 := R1["JT_RUNE_CHICKEN3_H"]
R0[R1] := "Rune Knight"
R1 := pcJobTbl2
R1 := R1["JT_RUNE_CHICKEN4"]
R0[R1] := "Rune Knight"
R1 := pcJobTbl2
R1 := R1["JT_RUNE_CHICKEN4_H"]
R0[R1] := "Rune Knight"
R1 := pcJobTbl2
R1 := R1["JT_RUNE_CHICKEN5"]
R0[R1] := "Rune Knight"
R1 := pcJobTbl2
R1 := R1["JT_RUNE_CHICKEN5_H"]
R0[R1] := "Rune Knight"
R1 := pcJobTbl2
R1 := R1["JT_RUNE_KNIGHT_B"]
R0[R1] := "Baby Rune"
R1 := pcJobTbl2
R1 := R1["JT_WARLOCK_B"]
R0[R1] := "Baby Warlock"
R1 := pcJobTbl2
R1 := R1["JT_RANGER_B"]
R0[R1] := "Baby Ranger"
R1 := pcJobTbl2
R1 := R1["JT_ARCHBISHOP_B"]
R0[R1] := "Baby Bishop"
R1 := pcJobTbl2
R1 := R1["JT_MECHANIC_B"]
R0[R1] := "Baby Mechanic"
R1 := pcJobTbl2
R1 := R1["JT_GUILLOTINE_CROSS_B"]
R0[R1] := "Baby Cross"
R1 := pcJobTbl2
R1 := R1["JT_ROYAL_GUARD_B"]
R0[R1] := "Baby Guard"
R1 := pcJobTbl2
R1 := R1["JT_SORCERER_B"]
R0[R1] := "Baby Sorcerer"
R1 := pcJobTbl2
R1 := R1["JT_MINSTREL_B"]
R0[R1] := "Baby Minstrel"
R1 := pcJobTbl2
R1 := R1["JT_WANDERER_B"]
R0[R1] := "Baby Wanderer"
R1 := pcJobTbl2
R1 := R1["JT_SURA_B"]
R0[R1] := "Baby Sura"
R1 := pcJobTbl2
R1 := R1["JT_GENETIC_B"]
R0[R1] := "Baby Genetic"
R1 := pcJobTbl2
R1 := R1["JT_SHADOW_CHASER_B"]
R0[R1] := "Baby Chaser"
R1 := pcJobTbl2
R1 := R1["JT_RUNE_CHICKEN_B"]
R0[R1] := "Rune Knight"
R1 := pcJobTbl2
R1 := R1["JT_ROYAL_CHICKEN_B"]
R0[R1] := "Baby Guard"
R1 := pcJobTbl2
R1 := R1["JT_WOLF_RANGER_B"]
R0[R1] := "Baby Ranger"
R1 := pcJobTbl2
R1 := R1["JT_MADOGEAR_B"]
R0[R1] := "Baby Mechanic"
R1 := pcJobTbl2
R1 := R1["JT_SUPERNOVICE2"]
R0[R1] := "Super Novice"
R1 := pcJobTbl2
R1 := R1["JT_SUPERNOVICE2_B"]
R0[R1] := "Super Baby"
R1 := pcJobTbl2
R1 := R1["JT_KAGEROU"]
R0[R1] := "KAGEROU"
R1 := pcJobTbl2
R1 := R1["JT_OBORO"]
R0[R1] := "OBORO"
PCJobNameTableWoman := R0
return 
