R0 := {}
R1 := pcJobTbl
R1 := R1["JT_NOVICE"]
R0[R1] := "NOVICE"
R1 := pcJobTbl
R1 := R1["JT_SWORDMAN"]
R0[R1] := "SWORDMAN"
R1 := pcJobTbl
R1 := R1["JT_MAGICIAN"]
R0[R1] := "MAGICIAN"
R1 := pcJobTbl
R1 := R1["JT_ARCHER"]
R0[R1] := "ARCHER"
R1 := pcJobTbl
R1 := R1["JT_ACOLYTE"]
R0[R1] := "ACOLYTE"
R1 := pcJobTbl
R1 := R1["JT_MERCHANT"]
R0[R1] := "MERCHANT"
R1 := pcJobTbl
R1 := R1["JT_THIEF"]
R0[R1] := "THIEF"
R1 := pcJobTbl
R1 := R1["JT_KNIGHT"]
R0[R1] := "KNIGHT"
R1 := pcJobTbl
R1 := R1["JT_PRIEST"]
R0[R1] := "PRIEST"
R1 := pcJobTbl
R1 := R1["JT_WIZARD"]
R0[R1] := "WIZARD"
R1 := pcJobTbl
R1 := R1["JT_BLACKSMITH"]
R0[R1] := "BLACKSMITH"
R1 := pcJobTbl
R1 := R1["JT_HUNTER"]
R0[R1] := "HUNTER"
R1 := pcJobTbl
R1 := R1["JT_ASSASSIN"]
R0[R1] := "ASSASSIN"
R1 := pcJobTbl
R1 := R1["JT_CRUSADER"]
R0[R1] := "CRUSADER"
R1 := pcJobTbl
R1 := R1["JT_MONK"]
R0[R1] := "MONK"
R1 := pcJobTbl
R1 := R1["JT_SAGE"]
R0[R1] := "SAGE"
R1 := pcJobTbl
R1 := R1["JT_ROGUE"]
R0[R1] := "ROGUE"
R1 := pcJobTbl
R1 := R1["JT_ALCHEMIST"]
R0[R1] := "ALCHEMIST"
R1 := pcJobTbl
R1 := R1["JT_BARD"]
R0[R1] := "BARD"
R1 := pcJobTbl
R1 := R1["JT_DANCER"]
R0[R1] := "DANCER"
R1 := pcJobTbl
R1 := R1["JT_SUPERNOVICE"]
R0[R1] := "SUPERNOVICE"
R1 := pcJobTbl
R1 := R1["JT_GUNSLINGER"]
R0[R1] := "GUNSLINGER"
R1 := pcJobTbl
R1 := R1["JT_NINJA"]
R0[R1] := "NINJA"
R1 := pcJobTbl
R1 := R1["JT_NOVICE_H"]
R0[R1] := "NOVICE_H"
R1 := pcJobTbl
R1 := R1["JT_SWORDMAN_H"]
R0[R1] := "SWORDMAN_H"
R1 := pcJobTbl
R1 := R1["JT_MAGICIAN_H"]
R0[R1] := "MAGICIAN_H"
R1 := pcJobTbl
R1 := R1["JT_ARCHER_H"]
R0[R1] := "ARCHER_H"
R1 := pcJobTbl
R1 := R1["JT_ACOLYTE_H"]
R0[R1] := "ACOLYTE_H"
R1 := pcJobTbl
R1 := R1["JT_MERCHANT_H"]
R0[R1] := "MERCHANT_H"
R1 := pcJobTbl
R1 := R1["JT_THIEF_H"]
R0[R1] := "THIEF_H"
R1 := pcJobTbl
R1 := R1["JT_KNIGHT_H"]
R0[R1] := "KNIGHT_H"
R1 := pcJobTbl
R1 := R1["JT_PRIEST_H"]
R0[R1] := "PRIEST_H"
R1 := pcJobTbl
R1 := R1["JT_WIZARD_H"]
R0[R1] := "WIZARD_H"
R1 := pcJobTbl
R1 := R1["JT_BLACKSMITH_H"]
R0[R1] := "BLACKSMITH_H"
R1 := pcJobTbl
R1 := R1["JT_HUNTER_H"]
R0[R1] := "HUNTER_H"
R1 := pcJobTbl
R1 := R1["JT_ASSASSIN_H"]
R0[R1] := "ASSASSIN_H"
R1 := pcJobTbl
R1 := R1["JT_CRUSADER_H"]
R0[R1] := "CRUSADER_H"
R1 := pcJobTbl
R1 := R1["JT_MONK_H"]
R0[R1] := "MONK_H"
R1 := pcJobTbl
R1 := R1["JT_SAGE_H"]
R0[R1] := "SAGE_H"
R1 := pcJobTbl
R1 := R1["JT_ROGUE_H"]
R0[R1] := "ROGUE_H"
R1 := pcJobTbl
R1 := R1["JT_ALCHEMIST_H"]
R0[R1] := "ALCHEMIST_H"
R1 := pcJobTbl
R1 := R1["JT_BARD_H"]
R0[R1] := "BARD_H"
R1 := pcJobTbl
R1 := R1["JT_DANCER_H"]
R0[R1] := "DANCER_H"
R1 := pcJobTbl
R1 := R1["JT_NOVICE_B"]
R0[R1] := "NOVICE_B"
R1 := pcJobTbl
R1 := R1["JT_SWORDMAN_B"]
R0[R1] := "SWORDMAN_B"
R1 := pcJobTbl
R1 := R1["JT_MAGICIAN_B"]
R0[R1] := "MAGICIAN_B"
R1 := pcJobTbl
R1 := R1["JT_ARCHER_B"]
R0[R1] := "ARCHER_B"
R1 := pcJobTbl
R1 := R1["JT_ACOLYTE_B"]
R0[R1] := "ACOLYTE_B"
R1 := pcJobTbl
R1 := R1["JT_MERCHANT_B"]
R0[R1] := "MERCHANT_B"
R1 := pcJobTbl
R1 := R1["JT_THIEF_B"]
R0[R1] := "THIEF_B"
R1 := pcJobTbl
R1 := R1["JT_KNIGHT_B"]
R0[R1] := "KNIGHT_B"
R1 := pcJobTbl
R1 := R1["JT_PRIEST_B"]
R0[R1] := "PRIEST_B"
R1 := pcJobTbl
R1 := R1["JT_WIZARD_B"]
R0[R1] := "WIZARD_B"
R1 := pcJobTbl
R1 := R1["JT_BLACKSMITH_B"]
R0[R1] := "BLACKSMITH_B"
R1 := pcJobTbl
R1 := R1["JT_HUNTER_B"]
R0[R1] := "HUNTER_B"
R1 := pcJobTbl
R1 := R1["JT_ASSASSIN_B"]
R0[R1] := "ASSASSIN_B"
R1 := pcJobTbl
R1 := R1["JT_CHICKEN_B"]
R0[R1] := "CHICKEN_B"
R1 := pcJobTbl
R1 := R1["JT_CRUSADER_B"]
R0[R1] := "CRUSADER_B"
R1 := pcJobTbl
R1 := R1["JT_MONK_B"]
R0[R1] := "MONK_B"
R1 := pcJobTbl
R1 := R1["JT_SAGE_B"]
R0[R1] := "SAGE_B"
R1 := pcJobTbl
R1 := R1["JT_ROGUE_B"]
R0[R1] := "ROGUE_B"
R1 := pcJobTbl
R1 := R1["JT_ALCHEMIST_B"]
R0[R1] := "ALCHEMIST_B"
R1 := pcJobTbl
R1 := R1["JT_BARD_B"]
R0[R1] := "BARD_B"
R1 := pcJobTbl
R1 := R1["JT_DANCER_B"]
R0[R1] := "DANCER_B"
R1 := pcJobTbl
R1 := R1["JT_CHICKEN2_B"]
R0[R1] := "CHICKEN2_B"
R1 := pcJobTbl
R1 := R1["JT_SUPERNOVICE_B"]
R0[R1] := "SUPERNOVICE_B"
R1 := pcJobTbl
R1 := R1["JT_TAEKWON"]
R0[R1] := "TAEKWON"
R1 := pcJobTbl
R1 := R1["JT_STAR"]
R0[R1] := "STAR"
R1 := pcJobTbl
R1 := R1["JT_STAR2"]
R0[R1] := "STAR2"
R1 := pcJobTbl
R1 := R1["JT_LINKER"]
R0[R1] := "LINKER"
R1 := pcJobTbl
R1 := R1["JT_RUNE_KNIGHT"]
R0[R1] := "RUNE_KNIGHT"
R1 := pcJobTbl
R1 := R1["JT_WARLOCK"]
R0[R1] := "WARLOCK"
R1 := pcJobTbl
R1 := R1["JT_RANGER"]
R0[R1] := "RANGER"
R1 := pcJobTbl
R1 := R1["JT_ARCHBISHOP"]
R0[R1] := "ARCHBISHOP"
R1 := pcJobTbl
R1 := R1["JT_MECHANIC"]
R0[R1] := "MECHANIC"
R1 := pcJobTbl
R1 := R1["JT_GUILLOTINE_CROSS"]
R0[R1] := "GUILLOTINE_CROSS"
R1 := pcJobTbl
R1 := R1["JT_RUNE_KNIGHT_H"]
R0[R1] := "RUNE_KNIGHT_H"
R1 := pcJobTbl
R1 := R1["JT_WARLOCK_H"]
R0[R1] := "WARLOCK_H"
R1 := pcJobTbl
R1 := R1["JT_RANGER_H"]
R0[R1] := "RANGER_H"
R1 := pcJobTbl
R1 := R1["JT_ARCHBISHOP_H"]
R0[R1] := "ARCHBISHOP_H"
R1 := pcJobTbl
R1 := R1["JT_MECHANIC_H"]
R0[R1] := "MECHANIC_H"
R1 := pcJobTbl
R1 := R1["JT_GUILLOTINE_CROSS_H"]
R0[R1] := "GUILLOTINE_CROSS_H"
R1 := pcJobTbl
R1 := R1["JT_ROYAL_GUARD"]
R0[R1] := "ROYAL_GUARD"
R1 := pcJobTbl
R1 := R1["JT_SORCERER"]
R0[R1] := "SORCERER"
R1 := pcJobTbl
R1 := R1["JT_MINSTREL"]
R0[R1] := "MINSTREL"
R1 := pcJobTbl
R1 := R1["JT_WANDERER"]
R0[R1] := "WANDERER"
R1 := pcJobTbl
R1 := R1["JT_SURA"]
R0[R1] := "SURA"
R1 := pcJobTbl
R1 := R1["JT_GENETIC"]
R0[R1] := "GENETIC"
R1 := pcJobTbl
R1 := R1["JT_SHADOW_CHASER"]
R0[R1] := "SHADOW_CHASER"
R1 := pcJobTbl
R1 := R1["JT_ROYAL_GUARD_H"]
R0[R1] := "ROYAL_GUARD_H"
R1 := pcJobTbl
R1 := R1["JT_SORCERER_H"]
R0[R1] := "SORCERER_H"
R1 := pcJobTbl
R1 := R1["JT_MINSTREL_H"]
R0[R1] := "MINSTREL_H"
R1 := pcJobTbl
R1 := R1["JT_WANDERER_H"]
R0[R1] := "WANDERER_H"
R1 := pcJobTbl
R1 := R1["JT_SURA_H"]
R0[R1] := "SURA_H"
R1 := pcJobTbl
R1 := R1["JT_GENETIC_H"]
R0[R1] := "GENETIC_H"
R1 := pcJobTbl
R1 := R1["JT_SHADOW_CHASER_H"]
R0[R1] := "SHADOW_CHASER_H"
R1 := pcJobTbl
R1 := R1["JT_RUNE_KNIGHT_B"]
R0[R1] := "RUNE_KNIGHT_B"
R1 := pcJobTbl
R1 := R1["JT_WARLOCK_B"]
R0[R1] := "WARLOCK_B"
R1 := pcJobTbl
R1 := R1["JT_RANGER_B"]
R0[R1] := "RANGER_B"
R1 := pcJobTbl
R1 := R1["JT_ARCHBISHOP_B"]
R0[R1] := "ARCHBISHOP_B"
R1 := pcJobTbl
R1 := R1["JT_MECHANIC_B"]
R0[R1] := "MECHANIC_B"
R1 := pcJobTbl
R1 := R1["JT_GUILLOTINE_CROSS_B"]
R0[R1] := "GUILLOTINE_CROSS_B"
R1 := pcJobTbl
R1 := R1["JT_ROYAL_GUARD_B"]
R0[R1] := "ROYAL_GUARD_B"
R1 := pcJobTbl
R1 := R1["JT_SORCERER_B"]
R0[R1] := "SORCERER_B"
R1 := pcJobTbl
R1 := R1["JT_MINSTREL_B"]
R0[R1] := "MINSTREL_B"
R1 := pcJobTbl
R1 := R1["JT_WANDERER_B"]
R0[R1] := "WANDERER_B"
R1 := pcJobTbl
R1 := R1["JT_SURA_B"]
R0[R1] := "SURA_B"
R1 := pcJobTbl
R1 := R1["JT_GENETIC_B"]
R0[R1] := "GENETIC_B"
R1 := pcJobTbl
R1 := R1["JT_SHADOW_CHASER_B"]
R0[R1] := "SHADOW_CHASER_B"
R1 := pcJobTbl
R1 := R1["JT_SUPERNOVICE2"]
R0[R1] := "SUPERNOVICE2"
R1 := pcJobTbl
R1 := R1["JT_SUPERNOVICE2_B"]
R0[R1] := "SUPERNOVICE2_B"
R1 := pcJobTbl
R1 := R1["JT_KAGEROU"]
R0[R1] := "KAGEROU"
R1 := pcJobTbl
R1 := R1["JT_OBORO"]
R0[R1] := "OBORO"
PCJobNameTable := R0
R0 := closure(Function #0)
ReqPCJobName := R0
return 


Function #0:
;
Name:            
Defined at line: 123
#Upvalues:       0
#Parameters:     1 (R0)
Is_vararg:       0
Max Stack Size:  3
;
Locals:
Start PC |  End PC  | Name
00000000 | 0000000e | index
00000008 | 0000000e | NameMsg
;
No upvalues

R1 := PCJobNameTable
R1 := R1[R0]
if R1 != nil then PC := 7
  4 [124]: JMP       7
R1 := ""
return R1
R1 := PCJobNameTable
R1 := R1[R0]
if R1 == nil then PC := 13
 10 [130]: JMP       13
return R1
PC := 15
R2 := ""
return R2
return 
