R0 := closure(Function #0)
ReqRobSprName := R0
R0 := closure(Function #1)
ReqRobSprName_V2 := R0
return 


; Function #0:
;
; Name:            
; Defined at line: 14
; #Upvalues:       0
; #Parameters:     1 (R0)
; Is_vararg:       0
; Max Stack Size:  3
;
; Locals:
; Start PC |  End PC  | Name
; 00000000 | 0000000e | index
; 00000008 | 0000000e | NameMsg
;
; No upvalues

R1 := RobeNameTable
R1 := R1[R0]
if R1 != nil then PC := 7
  4 [15]: JMP       7
R1 := ""
return R1
R1 := RobeNameTable
R1 := R1[R0]
if R1 == nil then PC := 13
 10 [21]: JMP       13
return R1
PC := 15
R2 := ""
return R2
return 


; Function #1:
;
; Name:            
; Defined at line: 33
; #Upvalues:       0
; #Parameters:     2 (R0, R1)
; Is_vararg:       0
; Max Stack Size:  4
;
; Locals:
; Start PC |  End PC  | Name
; 00000000 | 00000015 | index
; 00000000 | 00000015 | in_bResEnglishName
; 0000000a | 00000010 | NameMsg
;
; No upvalues

if R1 != 1 then PC := 18
  2 [34]: JMP       18
R2 := RobeNameTable_Eng
R2 := R2[R0]
if R2 != nil then PC := 9
  6 [35]: JMP       9
R2 := ""
return R2
R2 := RobeNameTable_Eng
R2 := R2[R0]
if R2 == nil then PC := 15
 12 [41]: JMP       15
return R2
PC := 22
R3 := ""
return R3
PC := 22
R2 := ReqRobSprName
R3 := R0
return R2(R3)
return R2,...
return 
