R0 := {}
R1 := {}
R1["NPCFromName"] := "경비병"
R1["NPCFromMap"] := "ma_fild02"
R1["NPCFromSpr"] := "4_MAL_SOLDIER"
R1["NPCFromX"] := 312
R1["NPCFromY"] := 317
R1["NPCToName"] := "경비병"
R1["NPCToMap"] := "ma_fild02"
R1["NPCToSpr"] := "4_MAL_SOLDIER"
R1["NPCToX"] := 312
R1["NPCToY"] := 317
R1["Item"] := ""
R1["PrizeItem"] := ""
R1["Title"] := "동굴의 악마"
R1["Info"] := "지금은 나타나지 않고 있다고 한다.하루가 지난 뒤 다시 오자."
R1["Hunt1"] := ""
R1["Hunt2"] := ""
R1["Hunt3"] := ""
R1["Time"] := "82800"
R1["LV"] := "0"
R0[4229] := R1
R1 := {}
R1["NPCFromName"] := "경비대원 로델"
R1["NPCFromMap"] := "malaya"
R1["NPCFromSpr"] := "4_MAL_SOLDIER"
R1["NPCFromX"] := 266
R1["NPCFromY"] := 76
R1["NPCToName"] := "영도자 뭄바키 퐁"
R1["NPCToMap"] := "malaya"
R1["NPCToSpr"] := "4_BARYO_CHIEF"
R1["NPCToX"] := 185
R1["NPCToY"] := 358
R1["Item"] := ""
R1["PrizeItem"] := ""
R1["Title"] := "경계하는 마을"
R1["Info"] := "처음 당도한 포트 말라야. 하지만 어수선한 분위기 사이에서 경비대원은 뭄바키 퐁을 만나보라고 한다. 뭄바키 퐁은 여러가지로 도움을 줄 것이다."
R1["Hunt1"] := ""
R1["Hunt2"] := ""
R1["Hunt3"] := ""
R1["Time"] := "0"
R1["LV"] := "0"
R0[7350] := R1
R1 := {}
R1["NPCFromName"] := "영도자 뭄바키 퐁"
R1["NPCFromMap"] := "malaya"
R1["NPCFromSpr"] := "4_BARYO_CHIEF"
R1["NPCFromX"] := 185
R1["NPCFromY"] := 358
R1["NPCToName"] := "영도자 뭄바키 퐁"
R1["NPCToMap"] := "malaya"
R1["NPCToSpr"] := "4_BARYO_CHIEF"
R1["NPCToX"] := 185
R1["NPCToY"] := 358
R1["Item"] := " < image = \"717\">블루젬스톤<\\end> (6) < image = \"523\">성수<\\end> (6)"
R1["PrizeItem"] := ""
R1["Title"] := "내 낡은 단추보다 좋은 것"
R1["Info"] := "단추며 소맷자락을 뜯어가려던 마을 사람에게 성수와 블루젬스톤을 나눠주자. 한동안은 얌전할지도..."
R1["Hunt1"] := ""
R1["Hunt2"] := ""
R1["Hunt3"] := ""
R1["Time"] := "0"
R1["LV"] := "0"
R0[7351] := R1
R1 := {}
R1["NPCFromName"] := "선원 페드로"
R1["NPCFromMap"] := "malaya"
R1["NPCFromSpr"] := "4W_SAILOR"
R1["NPCFromX"] := 326
R1["NPCFromY"] := 68
R1["NPCToName"] := "선원 페드로"
R1["NPCToMap"] := "malaya"
R1["NPCToSpr"] := "4W_SAILOR"
R1["NPCToX"] := 326
R1["NPCToY"] := 68
R1["Item"] := ""
R1["PrizeItem"] := ""
R1["Title"] := "단추를 원하는 선원"
R1["Info"] := "호신용 부적으로 삼기 위해 소지품을 원하는 마을 사람 중 한명"
R1["Hunt1"] := ""
R1["Hunt2"] := ""
R1["Hunt3"] := ""
R1["Time"] := "0"
R1["LV"] := "0"
R0[7352] := R1
R1 := {}
R1["NPCFromName"] := "노인 너르도"
R1["NPCFromMap"] := "malaya"
R1["NPCFromSpr"] := "4_M_BARYO_OLD"
R1["NPCFromX"] := 181
R1["NPCFromY"] := 353
R1["NPCToName"] := "노인 너르도"
R1["NPCToMap"] := "malaya"
R1["NPCToSpr"] := "4_M_BARYO_OLD"
R1["NPCToX"] := 181
R1["NPCToY"] := 353
R1["Item"] := ""
R1["PrizeItem"] := ""
R1["Title"] := "단추를 원하는 노인"
R1["Info"] := "호신용 부적으로 삼기 위해 소지품을 원하는 마을 사람 중 한명"
R1["Hunt1"] := ""
R1["Hunt2"] := ""
R1["Hunt3"] := ""
R1["Time"] := "0"
R1["LV"] := "0"
R0[7353] := R1
R1 := {}
R1["NPCFromName"] := "견습 대장장이 판도이"
R1["NPCFromMap"] := "malaya"
R1["NPCFromSpr"] := "4_M_DEWBOY"
R1["NPCFromX"] := 119
R1["NPCFromY"] := 217
R1["NPCToName"] := "견습 대장장이 판도이"
R1["NPCToMap"] := "malaya"
R1["NPCToSpr"] := "4_M_DEWBOY"
R1["NPCToX"] := 119
R1["NPCToY"] := 217
R1["Item"] := ""
R1["PrizeItem"] := ""
R1["Title"] := "단추를 원하는 청년"
R1["Info"] := "호신용 부적으로 삼기 위해 소지품을 원하는 마을 사람 중 한명"
R1["Hunt1"] := ""
R1["Hunt2"] := ""
R1["Hunt3"] := ""
R1["Time"] := "0"
R1["LV"] := "0"
R0[7354] := R1
R1 := {}
R1["NPCFromName"] := "수집품 상인 워언"
R1["NPCFromMap"] := "malaya"
R1["NPCFromSpr"] := "4_M_MALAYA"
R1["NPCFromX"] := 295
R1["NPCFromY"] := 171
R1["NPCToName"] := "수집품 상인 워언"
R1["NPCToMap"] := "malaya"
R1["NPCToSpr"] := "4_M_MALAYA"
R1["NPCToX"] := 295
R1["NPCToY"] := 171
R1["Item"] := ""
R1["PrizeItem"] := ""
R1["Title"] := "단추를 원하는 상인"
R1["Info"] := "호신용 부적으로 삼기 위해 소지품을 원하는 마을 사람 중 한명"
R1["Hunt1"] := ""
R1["Hunt2"] := ""
R1["Hunt3"] := ""
R1["Time"] := "0"
R1["LV"] := "0"
R0[7355] := R1
R1 := {}
R1["NPCFromName"] := "탈라"
R1["NPCFromMap"] := "malaya"
R1["NPCFromSpr"] := "4_F_DST_CHILD"
R1["NPCFromX"] := 223
R1["NPCFromY"] := 267
R1["NPCToName"] := "탈라"
R1["NPCToMap"] := "malaya"
R1["NPCToSpr"] := "4_F_DST_CHILD"
R1["NPCToX"] := 223
R1["NPCToY"] := 267
R1["Item"] := ""
R1["PrizeItem"] := ""
R1["Title"] := "단추를 원하는 아이"
R1["Info"] := "호신용 부적으로 삼기 위해 소지품을 원하는 마을 사람 중 한명"
R1["Hunt1"] := ""
R1["Hunt2"] := ""
R1["Hunt3"] := ""
R1["Time"] := "0"
R1["LV"] := "0"
R0[7356] := R1
R1 := {}
R1["NPCFromName"] := "로멜"
R1["NPCFromMap"] := "malaya"
R1["NPCFromSpr"] := "4_M_MAYOR"
R1["NPCFromX"] := 224
R1["NPCFromY"] := 267
R1["NPCToName"] := "로멜"
R1["NPCToMap"] := "malaya"
R1["NPCToSpr"] := "4_M_MAYOR"
R1["NPCToX"] := 224
R1["NPCToY"] := 267
R1["Item"] := ""
R1["PrizeItem"] := ""
R1["Title"] := "단추를 원하는 중년"
R1["Info"] := "호신용 부적으로 삼기 위해 소지품을 원하는 마을 사람 중 한명"
R1["Hunt1"] := ""
R1["Hunt2"] := ""
R1["Hunt3"] := ""
R1["Time"] := "0"
R1["LV"] := "0"
R0[7357] := R1
R1 := {}
R1["NPCFromName"] := ""
R1["NPCFromMap"] := ""
R1["NPCFromSpr"] := ""
R1["NPCFromX"] := -1
R1["NPCFromY"] := -1
R1["NPCToName"] := "영도자 뭄바키 퐁"
R1["NPCToMap"] := "malaya"
R1["NPCToSpr"] := "4_BARYO_CHIEF"
R1["NPCToX"] := 185
R1["NPCToY"] := 358
R1["Item"] := ""
R1["PrizeItem"] := ""
R1["Title"] := "그들이 단추를 원하는 이유"
R1["Info"] := "도대체 마을 사람들을 이해할 수 없다. 그들이 소지품을 원하는 이유가 뭔지 뭄바키 퐁에게 가서 물어보는 수 밖에..."
R1["Hunt1"] := ""
R1["Hunt2"] := ""
R1["Hunt3"] := ""
R1["Time"] := "0"
R1["LV"] := "0"
R0[7358] := R1
R1 := {}
R1["NPCFromName"] := "선원 페드로"
R1["NPCFromMap"] := "malaya"
R1["NPCFromSpr"] := "4W_SAILOR"
R1["NPCFromX"] := 326
R1["NPCFromY"] := 68
R1["NPCToName"] := "선원 페드로"
R1["NPCToMap"] := "malaya"
R1["NPCToSpr"] := "4W_SAILOR"
R1["NPCToX"] := 326
R1["NPCToY"] := 68
R1["Item"] := ""
R1["PrizeItem"] := ""
R1["Title"] := "선원에게 성물 전달"
R1["Info"] := "꿩대신 닭입니다."
R1["Hunt1"] := ""
R1["Hunt2"] := ""
R1["Hunt3"] := ""
R1["Time"] := "0"
R1["LV"] := "0"
R0[7359] := R1
R1 := {}
R1["NPCFromName"] := "노인 너르도"
R1["NPCFromMap"] := "malaya"
R1["NPCFromSpr"] := "4_M_BARYO_OLD"
R1["NPCFromX"] := 181
R1["NPCFromY"] := 353
R1["NPCToName"] := "노인 너르도"
R1["NPCToMap"] := "malaya"
R1["NPCToSpr"] := "4_M_BARYO_OLD"
R1["NPCToX"] := 181
R1["NPCToY"] := 353
R1["Item"] := ""
R1["PrizeItem"] := ""
R1["Title"] := "노인에게 성물 전달"
R1["Info"] := "꿩대신 닭입니다."
R1["Hunt1"] := ""
R1["Hunt2"] := ""
R1["Hunt3"] := ""
R1["Time"] := "0"
R1["LV"] := "0"
R0[7360] := R1
R1 := {}
R1["NPCFromName"] := "견습 대장장이 판도이"
R1["NPCFromMap"] := "malaya"
R1["NPCFromSpr"] := "4_M_DEWBOY"
R1["NPCFromX"] := 119
R1["NPCFromY"] := 217
R1["NPCToName"] := "견습 대장장이 판도이"
R1["NPCToMap"] := "malaya"
R1["NPCToSpr"] := "4_M_DEWBOY"
R1["NPCToX"] := 119
R1["NPCToY"] := 217
R1["Item"] := ""
R1["PrizeItem"] := ""
R1["Title"] := "청년에게 성물 전달"
R1["Info"] := "꿩대신 닭입니다."
R1["Hunt1"] := ""
R1["Hunt2"] := ""
R1["Hunt3"] := ""
R1["Time"] := "0"
R1["LV"] := "0"
R0[7361] := R1
R1 := {}
R1["NPCFromName"] := "수집품 상인 워언"
R1["NPCFromMap"] := "malaya"
R1["NPCFromSpr"] := "4_M_MALAYA"
R1["NPCFromX"] := 295
R1["NPCFromY"] := 171
R1["NPCToName"] := "수집품 상인 워언"
R1["NPCToMap"] := "malaya"
R1["NPCToSpr"] := "4_M_MALAYA"
R1["NPCToX"] := 295
R1["NPCToY"] := 171
R1["Item"] := ""
R1["PrizeItem"] := ""
R1["Title"] := "상인에게 성물 전달"
R1["Info"] := "꿩대신 닭입니다."
R1["Hunt1"] := ""
R1["Hunt2"] := ""
R1["Hunt3"] := ""
R1["Time"] := "0"
R1["LV"] := "0"
R0[7362] := R1
R1 := {}
R1["NPCFromName"] := "탈라"
R1["NPCFromMap"] := "malaya"
R1["NPCFromSpr"] := "4_F_DST_CHILD"
R1["NPCFromX"] := 223
R1["NPCFromY"] := 267
R1["NPCToName"] := "탈라"
R1["NPCToMap"] := "malaya"
R1["NPCToSpr"] := "4_F_DST_CHILD"
R1["NPCToX"] := 223
R1["NPCToY"] := 267
R1["Item"] := ""
R1["PrizeItem"] := ""
R1["Title"] := "꼬마에게 성물 전달"
R1["Info"] := "꿩대신 닭입니다. "
R1["Hunt1"] := ""
R1["Hunt2"] := ""
R1["Hunt3"] := ""
R1["Time"] := "0"
R1["LV"] := "0"
R0[7363] := R1
R1 := {}
R1["NPCFromName"] := "로멜"
R1["NPCFromMap"] := "malaya"
R1["NPCFromSpr"] := "4_M_MAYOR"
R1["NPCFromX"] := 224
R1["NPCFromY"] := 267
R1["NPCToName"] := "로멜"
R1["NPCToMap"] := "malaya"
R1["NPCToSpr"] := "4_M_MAYOR"
R1["NPCToX"] := 224
R1["NPCToY"] := 267
R1["Item"] := ""
R1["PrizeItem"] := ""
R1["Title"] := "중년에게 성물 전달"
R1["Info"] := "꿩대신 닭입니다."
R1["Hunt1"] := ""
R1["Hunt2"] := ""
R1["Hunt3"] := ""
R1["Time"] := "0"
R1["LV"] := "0"
R0[7364] := R1
R1 := {}
R1["NPCFromName"] := ""
R1["NPCFromMap"] := ""
R1["NPCFromSpr"] := ""
R1["NPCFromX"] := -1
R1["NPCFromY"] := -1
R1["NPCToName"] := "영도자 뭄바키 퐁"
R1["NPCToMap"] := "malaya"
R1["NPCToSpr"] := "4_BARYO_CHIEF"
R1["NPCToX"] := 185
R1["NPCToY"] := 358
R1["Item"] := ""
R1["PrizeItem"] := ""
R1["Title"] := "내 낡은 단추보다 좋은 것-2"
R1["Info"] := "뭄바키 퐁의 조언대로 마을 사람들에게 소지품 대신 부적으로 삼을 만한 성물을 전달했다. 이후의 대책에 대해 뭄바키 퐁과 이야기 해봐야 할 것 같다."
R1["Hunt1"] := ""
R1["Hunt2"] := ""
R1["Hunt3"] := ""
R1["Time"] := "0"
R1["LV"] := "0"
R0[7365] := R1
R1 := {}
R1["NPCFromName"] := "이멜다"
R1["NPCFromMap"] := "malaya"
R1["NPCFromSpr"] := "4_M_BRZ_JACI"
R1["NPCFromX"] := 169
R1["NPCFromY"] := 350
R1["NPCToName"] := "이멜다"
R1["NPCToMap"] := "malaya"
R1["NPCToSpr"] := "4_M_BRZ_JACI"
R1["NPCToX"] := 169
R1["NPCToY"] := 350
R1["Item"] := " < image = \"6500\">뾰족한대나무<\\end> (6) < image = \"6501\">소금주머니<\\end> (6) < image = \"6502\">은십자가<\\end> (6)"
R1["PrizeItem"] := ""
R1["Title"] := "전통 수호물과 얄미운 소녀-1"
R1["Info"] := "뭄바키 퐁의 손녀 이멜다는 전통 수호물을 제작한다. 수호물의 재료를 구해달라는 부탁을 받았다. 소금은 북서쪽의 해변에서, 대나무는 바르요에서, 은십자가는 판도이에게서 구하면 된다."
R1["Hunt1"] := ""
R1["Hunt2"] := ""
R1["Hunt3"] := ""
R1["Time"] := "0"
R1["LV"] := "0"
R0[7366] := R1
R1 := {}
R1["NPCFromName"] := "이멜다"
R1["NPCFromMap"] := "malaya"
R1["NPCFromSpr"] := "4_M_BRZ_JACI"
R1["NPCFromX"] := 169
R1["NPCFromY"] := 350
R1["NPCToName"] := "이멜다"
R1["NPCToMap"] := "malaya"
R1["NPCToSpr"] := "4_M_BRZ_JACI"
R1["NPCToX"] := 169
R1["NPCToY"] := 350
R1["Item"] := ""
R1["PrizeItem"] := " < image = \"6503\">수호물<\\end> (6)"
R1["Title"] := "전통 수호물과 얄미운 소녀-2"
R1["Info"] := "소녀가 수호물을 만드는 동안 기다리자. 그리 오래 걸리진 않을 것이다. 차 한잔 마시고 오면 적당할 지도.."
R1["Hunt1"] := ""
R1["Hunt2"] := ""
R1["Hunt3"] := ""
R1["Time"] := "600"
R1["LV"] := "0"
R0[7367] := R1
R1 := {}
R1["NPCFromName"] := "이멜다"
R1["NPCFromMap"] := "malaya"
R1["NPCFromSpr"] := "4_M_BRZ_JACI"
R1["NPCFromX"] := 169
R1["NPCFromY"] := 350
R1["NPCToName"] := "선원 페드로"
R1["NPCToMap"] := "malaya"
R1["NPCToSpr"] := "4W_SAILOR"
R1["NPCToX"] := 326
R1["NPCToY"] := 68
R1["Item"] := " < image = \"6503\">수호물<\\end> (1)"
R1["PrizeItem"] := ""
R1["Title"] := "수호물을 전달하라-페드로"
R1["Info"] := "항구의 선원 페드로에게 완성된 수호물을 전달하자."
R1["Hunt1"] := ""
R1["Hunt2"] := ""
R1["Hunt3"] := ""
R1["Time"] := "0"
R1["LV"] := "0"
R0[7368] := R1
R1 := {}
R1["NPCFromName"] := "이멜다"
R1["NPCFromMap"] := "malaya"
R1["NPCFromSpr"] := "4_M_BRZ_JACI"
R1["NPCFromX"] := 169
R1["NPCFromY"] := 350
R1["NPCToName"] := "노인 너르도"
R1["NPCToMap"] := "malaya"
R1["NPCToSpr"] := "4_M_BARYO_OLD"
R1["NPCToX"] := 181
R1["NPCToY"] := 353
R1["Item"] := " < image = \"6503\">수호물<\\end> (1)"
R1["PrizeItem"] := ""
R1["Title"] := "수호물을 전달하라-너르도"
R1["Info"] := "마을 노인 너르도에게 완성된 수호물을 전달하자."
R1["Hunt1"] := ""
R1["Hunt2"] := ""
R1["Hunt3"] := ""
R1["Time"] := "0"
R1["LV"] := "0"
R0[7369] := R1
R1 := {}
R1["NPCFromName"] := "이멜다"
R1["NPCFromMap"] := "malaya"
R1["NPCFromSpr"] := "4_M_BRZ_JACI"
R1["NPCFromX"] := 169
R1["NPCFromY"] := 350
R1["NPCToName"] := "견습 대장장이 판도이"
R1["NPCToMap"] := "malaya"
R1["NPCToSpr"] := "4_M_DEWBOY"
R1["NPCToX"] := 119
R1["NPCToY"] := 217
R1["Item"] := " < image = \"6503\">수호물<\\end> (1)"
R1["PrizeItem"] := ""
R1["Title"] := "수호물을 전달하라-판도이"
R1["Info"] := "견습 대장장이 판도이에게 완성된 수호물을 전달하자."
R1["Hunt1"] := ""
R1["Hunt2"] := ""
R1["Hunt3"] := ""
R1["Time"] := "0"
R1["LV"] := "0"
R0[7370] := R1
R1 := {}
R1["NPCFromName"] := "이멜다"
R1["NPCFromMap"] := "malaya"
R1["NPCFromSpr"] := "4_M_BRZ_JACI"
R1["NPCFromX"] := 169
R1["NPCFromY"] := 350
R1["NPCToName"] := "수집품 상인 워언"
R1["NPCToMap"] := "malaya"
R1["NPCToSpr"] := "4_M_MALAYA"
R1["NPCToX"] := 295
R1["NPCToY"] := 171
R1["Item"] := " < image = \"6503\">수호물<\\end> (1)"
R1["PrizeItem"] := ""
R1["Title"] := "수호물을 전달하라-워언"
R1["Info"] := "수집품 상인 워언에게 완성된 수호물을 전달하자."
R1["Hunt1"] := ""
R1["Hunt2"] := ""
R1["Hunt3"] := ""
R1["Time"] := "0"
R1["LV"] := "0"
R0[7371] := R1
R1 := {}
R1["NPCFromName"] := "이멜다"
R1["NPCFromMap"] := "malaya"
R1["NPCFromSpr"] := "4_M_BRZ_JACI"
R1["NPCFromX"] := 169
R1["NPCFromY"] := 350
R1["NPCToName"] := "탈라"
R1["NPCToMap"] := "malaya"
R1["NPCToSpr"] := "4_F_DST_CHILD"
R1["NPCToX"] := 223
R1["NPCToY"] := 267
R1["Item"] := " < image = \"6503\">수호물<\\end> (1)"
R1["PrizeItem"] := ""
R1["Title"] := "수호물을 전달하라-탈라"
R1["Info"] := "귀여운 탈라에게 완성된 수호물을 전달하자."
R1["Hunt1"] := ""
R1["Hunt2"] := ""
R1["Hunt3"] := ""
R1["Time"] := "0"
R1["LV"] := "0"
R0[7372] := R1
R1 := {}
R1["NPCFromName"] := "이멜다"
R1["NPCFromMap"] := "malaya"
R1["NPCFromSpr"] := "4_M_BRZ_JACI"
R1["NPCFromX"] := 169
R1["NPCFromY"] := 350
R1["NPCToName"] := "로멜"
R1["NPCToMap"] := "malaya"
R1["NPCToSpr"] := "4_M_MAYOR"
R1["NPCToX"] := 224
R1["NPCToY"] := 267
R1["Item"] := " < image = \"6503\">수호물<\\end> (1)"
R1["PrizeItem"] := ""
R1["Title"] := "수호물을 전달하라-로멜"
R1["Info"] := "탈라의 아버지 로멜에게 완성된 수호물을 전달하자."
R1["Hunt1"] := ""
R1["Hunt2"] := ""
R1["Hunt3"] := ""
R1["Time"] := "0"
R1["LV"] := "0"
R0[7373] := R1
R1 := {}
R1["NPCFromName"] := "이멜다"
R1["NPCFromMap"] := "malaya"
R1["NPCFromSpr"] := "4_M_BRZ_JACI"
R1["NPCFromX"] := 169
R1["NPCFromY"] := 350
R1["NPCToName"] := "이멜다"
R1["NPCToMap"] := "malaya"
R1["NPCToSpr"] := "4_M_BRZ_JACI"
R1["NPCToX"] := 169
R1["NPCToY"] := 350
R1["Item"] := " < image = \"6503\">수호물<\\end> (6)"
R1["PrizeItem"] := " < image = \"6497\">소부적<\\end> (1) < image = \"6497\">소부적(PC)<\\end> (2)"
R1["Title"] := "사랑과 수호물은 모두에게"
R1["Info"] := "소녀 이멜다는 완성된 수호물을 겁에 질린 마을 사람들에게 전달하라고 한다. 모두 6명이다."
R1["Hunt1"] := ""
R1["Hunt2"] := ""
R1["Hunt3"] := ""
R1["Time"] := "0"
R1["LV"] := "0"
R0[7374] := R1
R1 := {}
R1["NPCFromName"] := "이멜다"
R1["NPCFromMap"] := "malaya"
R1["NPCFromSpr"] := "4_M_BRZ_JACI"
R1["NPCFromX"] := 169
R1["NPCFromY"] := 350
R1["NPCToName"] := "이멜다"
R1["NPCToMap"] := "malaya"
R1["NPCToSpr"] := "4_M_BRZ_JACI"
R1["NPCToX"] := 169
R1["NPCToY"] := 350
R1["Item"] := ""
R1["PrizeItem"] := ""
R1["Title"] := "사랑과 수호물은 내일도"
R1["Info"] := "수호물의 효과는 그리 길지가 않았다. 하루가 지난 뒤 이멜다는 다시 찾아가면 수호물을 전달하는 일을 도울 수 있을 것이다."
R1["Hunt1"] := ""
R1["Hunt2"] := ""
R1["Hunt3"] := ""
R1["Time"] := "82800"
R1["LV"] := "0"
R0[7375] := R1
R1 := {}
R1["NPCFromName"] := "노인 너르도"
R1["NPCFromMap"] := "malaya"
R1["NPCFromSpr"] := "4_M_BARYO_OLD"
R1["NPCFromX"] := 181
R1["NPCFromY"] := 353
R1["NPCToName"] := "뭄바키 키코"
R1["NPCToMap"] := "ma_fild01"
R1["NPCToSpr"] := "4_BARYO_CHIEF"
R1["NPCToX"] := 261
R1["NPCToY"] := 208
R1["Item"] := " < image = \"6504\">무쇠로만든솥<\\end> (5)"
R1["PrizeItem"] := ""
R1["Title"] := "노인과 무쇠솥-1"
R1["Info"] := "포트 말라야 도시 밖에는 작은 소부족 마을인 바르요 마히와가가 존재한다고 한다. 버코너워라는 괴물에게 맞서 무쇠솥을 원하는 그들에게 무쇠솥을 전달해 달라는 부탁을 받았다."
R1["Hunt1"] := ""
R1["Hunt2"] := ""
R1["Hunt3"] := ""
R1["Time"] := "0"
R1["LV"] := "0"
R0[7376] := R1
R1 := {}
R1["NPCFromName"] := "뭄바키 키코"
R1["NPCFromMap"] := "ma_fild01"
R1["NPCFromSpr"] := "4_BARYO_CHIEF"
R1["NPCFromX"] := 261
R1["NPCFromY"] := 208
R1["NPCToName"] := "노인 너르도"
R1["NPCToMap"] := "malaya"
R1["NPCToSpr"] := "4_M_BARYO_OLD"
R1["NPCToX"] := 181
R1["NPCToY"] := 353
R1["Item"] := " < image = \"6503\">수호물<\\end> (5)"
R1["PrizeItem"] := " < image = \"6497\">소부적<\\end> (1) < image = \"6497\">소부적(PC)<\\end> (2)"
R1["Title"] := "노인과 무쇠솥-2"
R1["Info"] := "바르요 마히와가의 뭄바키 키코에게 무쇠솥을 전하고 그 답례로 수호물을 받았다. 확실해 전했다는 의미로 수호물은 너르도에게 보고하도록 하자."
R1["Hunt1"] := ""
R1["Hunt2"] := ""
R1["Hunt3"] := ""
R1["Time"] := "0"
R1["LV"] := "0"
R0[7377] := R1
R1 := {}
R1["NPCFromName"] := "노인 너르도"
R1["NPCFromMap"] := "malaya"
R1["NPCFromSpr"] := "4_M_BARYO_OLD"
R1["NPCFromX"] := 181
R1["NPCFromY"] := 353
R1["NPCToName"] := "노인 너르도"
R1["NPCToMap"] := "malaya"
R1["NPCToSpr"] := "4_M_BARYO_OLD"
R1["NPCToX"] := 181
R1["NPCToY"] := 353
R1["Item"] := ""
R1["PrizeItem"] := ""
R1["Title"] := "노인과 무쇠솥-정기교역"
R1["Info"] := "무쇠솥은 항상 두들기는 물건이라 늘 망가져 부족하다고 한다. 그래서 정기적으로 무쇠솥을 조달하고 있는데, 하루가 지난 뒤 너르도를 만나보자. 무쇠솥 배달일을 줄 것이다."
R1["Hunt1"] := ""
R1["Hunt2"] := ""
R1["Hunt3"] := ""
R1["Time"] := "82800"
R1["LV"] := "0"
R0[7378] := R1
R1 := {}
R1["NPCFromName"] := ""
R1["NPCFromMap"] := ""
R1["NPCFromSpr"] := ""
R1["NPCFromX"] := -1
R1["NPCFromY"] := -1
R1["NPCToName"] := "이멜다"
R1["NPCToMap"] := "malaya"
R1["NPCToSpr"] := "4_M_BRZ_JACI"
R1["NPCToX"] := 169
R1["NPCToY"] := 350
R1["Item"] := ""
R1["PrizeItem"] := " < image = \"6497\">소부적<\\end> (1) < image = \"6497\">소부적(PC)<\\end> (2)"
R1["Title"] := "평화 전도사"
R1["Info"] := "이멜다의 지시대로 마을 사람 6명에게 수호물을 전달했다. 이 마을에 평화와 안녕을 불러오는데 큰 기여를 한 것 같다. 이 뿌듯한 기분을 이멜다에게 전하자."
R1["Hunt1"] := ""
R1["Hunt2"] := ""
R1["Hunt3"] := ""
R1["Time"] := "0"
R1["LV"] := "0"
R0[7379] := R1
R1 := {}
R1["NPCFromName"] := "이멜다"
R1["NPCFromMap"] := "malaya"
R1["NPCFromSpr"] := "4_M_BRZ_JACI"
R1["NPCFromX"] := 169
R1["NPCFromY"] := 350
R1["NPCToName"] := "이멜다"
R1["NPCToMap"] := "malaya"
R1["NPCToSpr"] := "4_M_BRZ_JACI"
R1["NPCToX"] := 169
R1["NPCToY"] := 350
R1["Item"] := " < image = \"6500\">뾰족한대나무<\\end> (6) < image = \"6501\">소금주머니<\\end> (6) < image = \"6502\">은십자가<\\end> (6)"
R1["PrizeItem"] := ""
R1["Title"] := "전통 수호물 제작을 위해"
R1["Info"] := "전통 수호물을 제작하기 위해 재료를 모아 주기로 했다. 소금은 북서쪽 해변에서, 뾰족한 대나무는 바르요에서, 은 십자가는 판도이에게서 얻을 수 있다."
R1["Hunt1"] := ""
R1["Hunt2"] := ""
R1["Hunt3"] := ""
R1["Time"] := "0"
R1["LV"] := "0"
R0[7380] := R1
R1 := {}
R1["NPCFromName"] := "이멜다"
R1["NPCFromMap"] := "malaya"
R1["NPCFromSpr"] := "4_M_BRZ_JACI"
R1["NPCFromX"] := 169
R1["NPCFromY"] := 350
R1["NPCToName"] := "이멜다"
R1["NPCToMap"] := "malaya"
R1["NPCToSpr"] := "4_M_BRZ_JACI"
R1["NPCToX"] := 169
R1["NPCToY"] := 350
R1["Item"] := ""
R1["PrizeItem"] := ""
R1["Title"] := "수호물의 재료는 언제나 필요해"
R1["Info"] := "늘 필요한 수호물인만큼 수호물의 재료도 늘 필요하다. 하루가 지난 뒤 이멜다를 찾아가 보자. 분명 재료를 모아 달라고 할 것이다."
R1["Hunt1"] := ""
R1["Hunt2"] := ""
R1["Hunt3"] := ""
R1["Time"] := "82800"
R1["LV"] := "0"
R0[7381] := R1
R1 := {}
R1["NPCFromName"] := "이멜다"
R1["NPCFromMap"] := "malaya"
R1["NPCFromSpr"] := "4_M_BRZ_JACI"
R1["NPCFromX"] := 169
R1["NPCFromY"] := 350
R1["NPCToName"] := "선원 페드로"
R1["NPCToMap"] := "malaya"
R1["NPCToSpr"] := "4W_SAILOR"
R1["NPCToX"] := 326
R1["NPCToY"] := 68
R1["Item"] := " < image = \"6503\">수호물<\\end> (1)"
R1["PrizeItem"] := ""
R1["Title"] := "페드로에게 전달"
R1["Info"] := "페드로에게 수호물 전달 완료!"
R1["Hunt1"] := ""
R1["Hunt2"] := ""
R1["Hunt3"] := ""
R1["Time"] := "0"
R1["LV"] := "0"
R0[7382] := R1
R1 := {}
R1["NPCFromName"] := "이멜다"
R1["NPCFromMap"] := "malaya"
R1["NPCFromSpr"] := "4_M_BRZ_JACI"
R1["NPCFromX"] := 169
R1["NPCFromY"] := 350
R1["NPCToName"] := "노인 너르도"
R1["NPCToMap"] := "malaya"
R1["NPCToSpr"] := "4_M_BARYO_OLD"
R1["NPCToX"] := 181
R1["NPCToY"] := 353
R1["Item"] := " < image = \"6503\">수호물<\\end> (1)"
R1["PrizeItem"] := ""
R1["Title"] := "너르도에게 전달"
R1["Info"] := "너르도에게 수호물 전달 완료!"
R1["Hunt1"] := ""
R1["Hunt2"] := ""
R1["Hunt3"] := ""
R1["Time"] := "0"
R1["LV"] := "0"
R0[7383] := R1
R1 := {}
R1["NPCFromName"] := "이멜다"
R1["NPCFromMap"] := "malaya"
R1["NPCFromSpr"] := "4_M_BRZ_JACI"
R1["NPCFromX"] := 169
R1["NPCFromY"] := 350
R1["NPCToName"] := "견습 대장장이 판도이"
R1["NPCToMap"] := "malaya"
R1["NPCToSpr"] := "4_M_DEWBOY"
R1["NPCToX"] := 119
R1["NPCToY"] := 217
R1["Item"] := " < image = \"6503\">수호물<\\end> (1)"
R1["PrizeItem"] := ""
R1["Title"] := "판도이에게 전달"
R1["Info"] := "판도이에게 수호물 전달 완료!"
R1["Hunt1"] := ""
R1["Hunt2"] := ""
R1["Hunt3"] := ""
R1["Time"] := "0"
R1["LV"] := "0"
R0[7384] := R1
R1 := {}
R1["NPCFromName"] := "이멜다"
R1["NPCFromMap"] := "malaya"
R1["NPCFromSpr"] := "4_M_BRZ_JACI"
R1["NPCFromX"] := 169
R1["NPCFromY"] := 350
R1["NPCToName"] := "수집품 상인 워언"
R1["NPCToMap"] := "malaya"
R1["NPCToSpr"] := "4_M_MALAYA"
R1["NPCToX"] := 295
R1["NPCToY"] := 171
R1["Item"] := " < image = \"6503\">수호물<\\end> (1)"
R1["PrizeItem"] := ""
R1["Title"] := "워언에게 전달"
R1["Info"] := "워언에게 수호물 전달 완료!"
R1["Hunt1"] := ""
R1["Hunt2"] := ""
R1["Hunt3"] := ""
R1["Time"] := "0"
R1["LV"] := "0"
R0[7385] := R1
R1 := {}
R1["NPCFromName"] := "이멜다"
R1["NPCFromMap"] := "malaya"
R1["NPCFromSpr"] := "4_M_BRZ_JACI"
R1["NPCFromX"] := 169
R1["NPCFromY"] := 350
R1["NPCToName"] := "탈라"
R1["NPCToMap"] := "malaya"
R1["NPCToSpr"] := "4_F_DST_CHILD"
R1["NPCToX"] := 223
R1["NPCToY"] := 267
R1["Item"] := " < image = \"6503\">수호물<\\end> (1)"
R1["PrizeItem"] := ""
R1["Title"] := "탈라에게 전달"
R1["Info"] := "탈라에게 수호물 전달 완료!"
R1["Hunt1"] := ""
R1["Hunt2"] := ""
R1["Hunt3"] := ""
R1["Time"] := "0"
R1["LV"] := "0"
R0[7386] := R1
R1 := {}
R1["NPCFromName"] := "이멜다"
R1["NPCFromMap"] := "malaya"
R1["NPCFromSpr"] := "4_M_BRZ_JACI"
R1["NPCFromX"] := 169
R1["NPCFromY"] := 350
R1["NPCToName"] := "로멜"
R1["NPCToMap"] := "malaya"
R1["NPCToSpr"] := "4_M_MAYOR"
R1["NPCToX"] := 224
R1["NPCToY"] := 267
R1["Item"] := " < image = \"6503\">수호물<\\end> (1)"
R1["PrizeItem"] := ""
R1["Title"] := "로멜에게 전달"
R1["Info"] := "로멜에게 수호물 전달 완료!"
R1["Hunt1"] := ""
R1["Hunt2"] := ""
R1["Hunt3"] := ""
R1["Time"] := "0"
R1["LV"] := "0"
R0[7387] := R1
R1 := {}
R1["NPCFromName"] := "마리스"
R1["NPCFromMap"] := "ma_fild01"
R1["NPCFromSpr"] := "4_F_BARYO_WOMAN"
R1["NPCFromX"] := 200
R1["NPCFromY"] := 190
R1["NPCToName"] := "여자아이"
R1["NPCToMap"] := "ma_fild01"
R1["NPCToSpr"] := "4_F_BARYO_GIRL"
R1["NPCToX"] := -1
R1["NPCToY"] := -1
R1["Item"] := " < image = \"12700\">뒤집어진셔츠<\\end> (1)"
R1["PrizeItem"] := ""
R1["Title"] := "마리스의 아이"
R1["Info"] := "숲에서 길을 잃고 헤매는 마리스의 아이에게 뒤집어진 셔츠를 구해 주자. 뒤집어진 셔츠는 숲의 짐승이나 마물에게서 뺏을 수 있다."
R1["Hunt1"] := ""
R1["Hunt2"] := ""
R1["Hunt3"] := ""
R1["Time"] := "0"
R1["LV"] := "0"
R0[7388] := R1
R1 := {}
R1["NPCFromName"] := "여자아이"
R1["NPCFromMap"] := "ma_fild01"
R1["NPCFromSpr"] := "4_F_BARYO_GIRL"
R1["NPCFromX"] := -1
R1["NPCFromY"] := -1
R1["NPCToName"] := "마리스"
R1["NPCToMap"] := "ma_fild01"
R1["NPCToSpr"] := "4_F_BARYO_WOMAN"
R1["NPCToX"] := 200
R1["NPCToY"] := 190
R1["Item"] := ""
R1["PrizeItem"] := " < image = \"6497\">소부적<\\end> (1) < image = \"6497\">소부적(PC)<\\end> (2)"
R1["Title"] := "마리스의 아이에게 옷을"
R1["Info"] := "마리스의 아이에게 셔츠를 전달했다. 아이는 셔츠를 사용해 무사히 귀한 할 것이다. 마리스에게 찾아가 안심하라고 전해주어야 한다."
R1["Hunt1"] := ""
R1["Hunt2"] := ""
R1["Hunt3"] := ""
R1["Time"] := "0"
R1["LV"] := "0"
R0[7389] := R1
R1 := {}
R1["NPCFromName"] := "마리스"
R1["NPCFromMap"] := "ma_fild01"
R1["NPCFromSpr"] := "4_F_BARYO_WOMAN"
R1["NPCFromX"] := 200
R1["NPCFromY"] := 190
R1["NPCToName"] := "마리스"
R1["NPCToMap"] := "ma_fild01"
R1["NPCToSpr"] := "4_F_BARYO_WOMAN"
R1["NPCToX"] := 200
R1["NPCToY"] := 190
R1["Item"] := ""
R1["PrizeItem"] := ""
R1["Title"] := "마리스의 아이가 걱정된다"
R1["Info"] := "이야기를 듣기론 나쁜 영혼이 일부러 장난을 쳐 길을 헤매게 한다고 했다. 아이는 또 길을 잃을 수가 있는 것이다. 걱정이 된다면 다음날에도 찾아가 보자."
R1["Hunt1"] := ""
R1["Hunt2"] := ""
R1["Hunt3"] := ""
R1["Time"] := "82800"
R1["LV"] := "0"
R0[7390] := R1
R1 := {}
R1["NPCFromName"] := "수집품 상인 워언"
R1["NPCFromMap"] := "malaya"
R1["NPCFromSpr"] := "4_M_MALAYA"
R1["NPCFromX"] := 295
R1["NPCFromY"] := 171
R1["NPCToName"] := "수집품 상인 워언"
R1["NPCToMap"] := "malaya"
R1["NPCToSpr"] := "4_M_MALAYA"
R1["NPCToX"] := 295
R1["NPCToY"] := 171
R1["Item"] := " < image = \"6498\">제젤로피<\\end> (30)"
R1["PrizeItem"] := " < image = \"6497\">소부적<\\end> (1) < image = \"6497\">소부적(PC)<\\end> (2)"
R1["Title"] := "제제링과 제젤로피"
R1["Info"] := "수집품 상인 워언은 제젤로피를 모으고 있다며 제젤로피 수집 의뢰를 맡겼다. 근처의 제제링을 사냥하고 획득한 제젤로피 30개를 워언에게 납품하자."
R1["Hunt1"] := ""
R1["Hunt2"] := ""
R1["Hunt3"] := ""
R1["Time"] := "0"
R1["LV"] := "0"
R0[7391] := R1
R1 := {}
R1["NPCFromName"] := "수집품 상인 워언"
R1["NPCFromMap"] := "malaya"
R1["NPCFromSpr"] := "4_M_MALAYA"
R1["NPCFromX"] := 295
R1["NPCFromY"] := 171
R1["NPCToName"] := "수집품 상인 워언"
R1["NPCToMap"] := "malaya"
R1["NPCToSpr"] := "4_M_MALAYA"
R1["NPCToX"] := 295
R1["NPCToY"] := 171
R1["Item"] := ""
R1["PrizeItem"] := ""
R1["Title"] := "제젤로피 정기수집"
R1["Info"] := "제젤로피는 가공하여 이런저런 상품의 재료로 쓰인다고 한다. 워언의 제젤로피 수집은 당분간 계속 될 것이다. 일거리가 없어 한가할 때 찾아가 보자."
R1["Hunt1"] := ""
R1["Hunt2"] := ""
R1["Hunt3"] := ""
R1["Time"] := "82800"
R1["LV"] := "0"
R0[7392] := R1
R1 := {}
R1["NPCFromName"] := "견습 대장장이 판도이"
R1["NPCFromMap"] := "malaya"
R1["NPCFromSpr"] := "4_M_DEWBOY"
R1["NPCFromX"] := 119
R1["NPCFromY"] := 217
R1["NPCToName"] := "견습 대장장이 판도이"
R1["NPCToMap"] := "malaya"
R1["NPCToSpr"] := "4_M_DEWBOY"
R1["NPCToX"] := 119
R1["NPCToY"] := 217
R1["Item"] := " < image = \"6508\">은팔찌<\\end> (10)"
R1["PrizeItem"] := " < image = \"6497\">소부적<\\end> (1) < image = \"6497\">소부적(PC)<\\end> (2)"
R1["Title"] := "반짝 반짝 실버블레이드"
R1["Info"] := "견습 대장장이 판도이의 꿈은 은으로 만든 무기 실버블레이드를 제작하는 것이다. 병원에서 몬스터를 물리치고 은팔찌 10개를 구해주자."
R1["Hunt1"] := " < link = \"TIYANAK\">티앙카<\\end> x ?"
R1["Hunt2"] := " < link = \"MANANANGGAL\">마나낭갈<\\end> x ?"
R1["Hunt3"] := ""
R1["Time"] := "0"
R1["LV"] := "0"
R0[7393] := R1
R1 := {}
R1["NPCFromName"] := "견습 대장장이 판도이"
R1["NPCFromMap"] := "malaya"
R1["NPCFromSpr"] := "4_M_DEWBOY"
R1["NPCFromX"] := 119
R1["NPCFromY"] := 217
R1["NPCToName"] := "견습 대장장이 판도이"
R1["NPCToMap"] := "malaya"
R1["NPCToSpr"] := "4_M_DEWBOY"
R1["NPCToX"] := 119
R1["NPCToY"] := 217
R1["Item"] := ""
R1["PrizeItem"] := ""
R1["Title"] := "내일도 반짝반짝"
R1["Info"] := "하루가 지난 뒤 판도이를 찾아 가 보자. 그가 실버블레이드 제작에 실패 하였다면 재료로 은팔찌를 새로 구해 주어야 할 것이다."
R1["Hunt1"] := ""
R1["Hunt2"] := ""
R1["Hunt3"] := ""
R1["Time"] := "82800"
R1["LV"] := "0"
R0[7394] := R1
R1 := {}
R1["NPCFromName"] := "선원 페드로"
R1["NPCFromMap"] := "malaya"
R1["NPCFromSpr"] := "4W_SAILOR"
R1["NPCFromX"] := 326
R1["NPCFromY"] := 68
R1["NPCToName"] := "영혼 디와타"
R1["NPCToMap"] := "ma_in01"
R1["NPCToSpr"] := "SKOGUL"
R1["NPCToX"] := 125
R1["NPCToY"] := 107
R1["Item"] := ""
R1["PrizeItem"] := ""
R1["Title"] := "페리호의 귀신소동"
R1["Info"] := "페리호에 귀신소동이 있다는 페드로의 말을 직접 확인하기로 했다. 마을의 토박이 악령들이 겁내는 체질이므로 당당하게 승선해서 조사하자."
R1["Hunt1"] := ""
R1["Hunt2"] := ""
R1["Hunt3"] := ""
R1["Time"] := "0"
R1["LV"] := "0"
R0[7395] := R1
R1 := {}
R1["NPCFromName"] := "영혼 디와타"
R1["NPCFromMap"] := "ma_in01"
R1["NPCFromSpr"] := "SKOGUL"
R1["NPCFromX"] := 125
R1["NPCFromY"] := 107
R1["NPCToName"] := "영도자 뭄바키 퐁"
R1["NPCToMap"] := "malaya"
R1["NPCToSpr"] := "4_BARYO_CHIEF"
R1["NPCToX"] := 185
R1["NPCToY"] := 358
R1["Item"] := ""
R1["PrizeItem"] := ""
R1["Title"] := "페리호의 화내는 영혼"
R1["Info"] := "페리호에서 날카로운 소녀영혼에게 호되게 당했다. 뭔가 방법을 강구하자."
R1["Hunt1"] := ""
R1["Hunt2"] := ""
R1["Hunt3"] := ""
R1["Time"] := "0"
R1["LV"] := "0"
R0[7396] := R1
R1 := {}
R1["NPCFromName"] := "영도자 뭄바키 퐁"
R1["NPCFromMap"] := "malaya"
R1["NPCFromSpr"] := "4_BARYO_CHIEF"
R1["NPCFromX"] := 185
R1["NPCFromY"] := 358
R1["NPCToName"] := "영도자 뭄바키 퐁"
R1["NPCToMap"] := "malaya"
R1["NPCToSpr"] := "4_BARYO_CHIEF"
R1["NPCToX"] := 185
R1["NPCToY"] := 358
R1["Item"] := " < image = \"6509\">신비한꽃<\\end> (3) < image = \"6511\">예쁜꽃<\\end> (3) < image = \"6510\">청초한꽃<\\end> (3)"
R1["PrizeItem"] := " < image = \"6506\">공양용꽃다발<\\end> (1)"
R1["Title"] := "뭄바키 퐁의 조언"
R1["Info"] := "뭄바키 퐁은 영혼을 거부하지 말고 품고 달래주라고 한다. 공양용 꽃이라도 구해보자. 근처에서 짐승과 마물을 잡으면 꽃을 얻을 수 있다고 한다."
R1["Hunt1"] := ""
R1["Hunt2"] := ""
R1["Hunt3"] := ""
R1["Time"] := "0"
R1["LV"] := "0"
R0[7397] := R1
R1 := {}
R1["NPCFromName"] := "영도자 뭄바키 퐁"
R1["NPCFromMap"] := "malaya"
R1["NPCFromSpr"] := "4_BARYO_CHIEF"
R1["NPCFromX"] := 185
R1["NPCFromY"] := 358
R1["NPCToName"] := "영혼 디와타"
R1["NPCToMap"] := "ma_in01"
R1["NPCToSpr"] := "SKOGUL"
R1["NPCToX"] := 125
R1["NPCToY"] := 107
R1["Item"] := " < image = \"6506\">공양용꽃다발<\\end> (1)"
R1["PrizeItem"] := ""
R1["Title"] := "뭄바키 추천 헌화"
R1["Info"] := "뭄바키 퐁은 구해온 꽃들을 축복하여 공양용 꽃다발로 만들어 주었다. 꽃다발을 들고 페리호의 영혼 디와타에게 가자."
R1["Hunt1"] := ""
R1["Hunt2"] := ""
R1["Hunt3"] := ""
R1["Time"] := "0"
R1["LV"] := "0"
R0[7398] := R1
R1 := {}
R1["NPCFromName"] := "영혼 디와타"
R1["NPCFromMap"] := "ma_in01"
R1["NPCFromSpr"] := "SKOGUL"
R1["NPCFromX"] := 125
R1["NPCFromY"] := 107
R1["NPCToName"] := "선원 페드로"
R1["NPCToMap"] := "malaya"
R1["NPCToSpr"] := "4W_SAILOR"
R1["NPCToX"] := 326
R1["NPCToY"] := 68
R1["Item"] := ""
R1["PrizeItem"] := " < image = \"6497\">소부적<\\end> (1) < image = \"6497\">소부적(PC)<\\end> (2)"
R1["Title"] := "소녀 디와타의 이야기"
R1["Info"] := "외지의 영혼인 디와타는 토종 악령들에게서 괴롭힘을 당해 그들과 싸웠다고 한다. 페리호는 디와타의 강력한 영력으로 인해 움직이지 못한 것이다."
R1["Hunt1"] := ""
R1["Hunt2"] := ""
R1["Hunt3"] := ""
R1["Time"] := "0"
R1["LV"] := "0"
R0[7399] := R1
R1 := {}
R1["NPCFromName"] := ""
R1["NPCFromMap"] := ""
R1["NPCFromSpr"] := ""
R1["NPCFromX"] := -1
R1["NPCFromY"] := -1
R1["NPCToName"] := ""
R1["NPCToMap"] := ""
R1["NPCToSpr"] := ""
R1["NPCToX"] := -1
R1["NPCToY"] := -1
R1["Item"] := ""
R1["PrizeItem"] := ""
R1["Title"] := "포트 말라야의 뭄바키"
R1["Info"] := ""
R1["Hunt1"] := ""
R1["Hunt2"] := ""
R1["Hunt3"] := ""
R1["Time"] := "0"
R1["LV"] := "0"
R0[7400] := R1
R1 := {}
R1["NPCFromName"] := "선원 페드로"
R1["NPCFromMap"] := "malaya"
R1["NPCFromSpr"] := "4W_SAILOR"
R1["NPCFromX"] := 326
R1["NPCFromY"] := 68
R1["NPCToName"] := "선원 페드로"
R1["NPCToMap"] := "malaya"
R1["NPCToSpr"] := "4W_SAILOR"
R1["NPCToX"] := 326
R1["NPCToY"] := 68
R1["Item"] := ""
R1["PrizeItem"] := ""
R1["Title"] := "페리운항 아직은 괜찮아"
R1["Info"] := "당분간은 페리가 정상 운행이 가능한듯 하다. 그래도 하루가 지난 뒤 찾아가 확인하자. 토박이 영혼들과 디와타가 또 싸울 수도 있으니까.."
R1["Hunt1"] := ""
R1["Hunt2"] := ""
R1["Hunt3"] := ""
R1["Time"] := "82800"
R1["LV"] := "0"
R0[7401] := R1
R1 := {}
R1["NPCFromName"] := "영도자 뭄바키 퐁"
R1["NPCFromMap"] := "malaya"
R1["NPCFromSpr"] := "4_BARYO_CHIEF"
R1["NPCFromX"] := 185
R1["NPCFromY"] := 358
R1["NPCToName"] := "영도자 뭄바키 퐁"
R1["NPCToMap"] := "malaya"
R1["NPCToSpr"] := "4_BARYO_CHIEF"
R1["NPCToX"] := 185
R1["NPCToY"] := 358
R1["Item"] := " < image = \"6509\">신비한꽃<\\end> (3) < image = \"6511\">예쁜꽃<\\end> (3) < image = \"6510\">청초한꽃<\\end> (3)"
R1["PrizeItem"] := " < image = \"6506\">공양용꽃다발<\\end> (1)"
R1["Title"] := "디와타를 위한 꽃다발"
R1["Info"] := "토박이 영혼들과 한바탕 싸워서 기분이 나빠진 디와타를 달래기 위해 꽃다발을 만들기로 한다. 꽃들을 모아 뭄바키 퐁에게 가서 축복을 받자."
R1["Hunt1"] := ""
R1["Hunt2"] := ""
R1["Hunt3"] := ""
R1["Time"] := "0"
R1["LV"] := "0"
R0[7402] := R1
R1 := {}
R1["NPCFromName"] := "선원 페드로"
R1["NPCFromMap"] := "malaya"
R1["NPCFromSpr"] := "4W_SAILOR"
R1["NPCFromX"] := 326
R1["NPCFromY"] := 68
R1["NPCToName"] := "선원 페드로"
R1["NPCToMap"] := "malaya"
R1["NPCToSpr"] := "4W_SAILOR"
R1["NPCToX"] := 326
R1["NPCToY"] := 68
R1["Item"] := ""
R1["PrizeItem"] := " < image = \"6497\">소부적<\\end> (1) < image = \"6497\">소부적(PC)<\\end> (2)"
R1["Title"] := "안정화 된 페리"
R1["Info"] := "꽃다발을 받은 디와타가 안정화 되었다. 페리는 다시 운행 할 수 있을 것이다. 페드로에게 전하자."
R1["Hunt1"] := ""
R1["Hunt2"] := ""
R1["Hunt3"] := ""
R1["Time"] := "0"
R1["LV"] := "0"
R0[7403] := R1
R1 := {}
R1["NPCFromName"] := "경비대원 로델"
R1["NPCFromMap"] := "malaya"
R1["NPCFromSpr"] := "4_MAL_SOLDIER"
R1["NPCFromX"] := 266
R1["NPCFromY"] := 76
R1["NPCToName"] := "경비대원 로델"
R1["NPCToMap"] := "malaya"
R1["NPCToSpr"] := "4_MAL_SOLDIER"
R1["NPCToX"] := 266
R1["NPCToY"] := 76
R1["Item"] := ""
R1["PrizeItem"] := " < image = \"6497\">소부적<\\end> (1) < image = \"6497\">소부적(PC)<\\end> (2)"
R1["Title"] := "제제링 퇴치 작전"
R1["Info"] := "바르요를 오가는 행상인들의 요청으로 시행 중인 제제링 퇴치 작전에 동참했다. 오늘의 일당량은 제제링 스무마리 처치."
R1["Hunt1"] := "< link = \"isis\">제제링<\\end> x 20"
R1["Hunt2"] := ""
R1["Hunt3"] := ""
R1["Time"] := "0"
R1["LV"] := "0"
R0[7404] := R1
R1 := {}
R1["NPCFromName"] := "경비대원 로델"
R1["NPCFromMap"] := "malaya"
R1["NPCFromSpr"] := "4_MAL_SOLDIER"
R1["NPCFromX"] := 266
R1["NPCFromY"] := 76
R1["NPCToName"] := "경비대원 로델"
R1["NPCToMap"] := "malaya"
R1["NPCToSpr"] := "4_MAL_SOLDIER"
R1["NPCToX"] := 266
R1["NPCToY"] := 76
R1["Item"] := ""
R1["PrizeItem"] := ""
R1["Title"] := "제제링 퇴치 -내일 이시간에"
R1["Info"] := "당분간 제제링 퇴치 작전은 계속 될 것이라고 한다. 계속 참여하려면 하루가 지난 뒤 경비대원을 만나 보자."
R1["Hunt1"] := ""
R1["Hunt2"] := ""
R1["Hunt3"] := ""
R1["Time"] := "82800"
R1["LV"] := "0"
R0[7405] := R1
R1 := 7406
R2 := {}
R3 := "경비대원 동"
R2["NPCFromName"] := R3
R2["NPCFromMap"] := "ma_fild01"
R2["NPCFromSpr"] := "4_MAL_SOLDIER"
R3 := 239
R2["NPCFromX"] := R3
R3 := 253
R2["NPCFromY"] := R3
R2["NPCToName"] := "뭄바키 키코"
R2["NPCToMap"] := "ma_fild01"
R2["NPCToSpr"] := "4_BARYO_CHIEF"
R3 := 261
R2["NPCToX"] := R3
R3 := 208
R2["NPCToY"] := R3
R3 := " < image = \"6507\">악령의뼈<\\end> (10) < image = \"523\">성수<\\end> (10)"
R2["Item"] := R3
R3 := " < image = \"6505\">정제한영혼의뼈다귀<\\end> (10)"
R2["PrizeItem"] := R3
R3 := "동의 부탁-뼈다귀를 모아줘!"
R2["Title"] := R3
R3 := "경비견 반타이의 먹이를 위해 뼈다귀를 모으자. 모은 뼈다귀는 정화해야 한다. 악령의 뼈를 모아 뭄바키 키코에게 가져가 정화하자."
R2["Info"] := R3
R2["Hunt1"] := ""
R2["Hunt2"] := ""
R2["Hunt3"] := ""
R2["Time"] := "0"
R2["LV"] := "0"
R0[R1] := R2
R1 := 7407
R2 := {}
R2["NPCToName"] := "뭄바키 키코"
R2["NPCToMap"] := "ma_fild01"
R2["NPCToSpr"] := "4_BARYO_CHIEF"
R3 := 261
R2["NPCToX"] := R3
R3 := 208
R2["NPCToY"] := R3
R3 := "경비대원 동"
R2["NPCToName"] := R3
R2["NPCToMap"] := "ma_fild01"
R2["NPCToSpr"] := "4_MAL_SOLDIER"
R3 := 239
R2["NPCToX"] := R3
R3 := 253
R2["NPCToY"] := R3
R3 := " < image = \"6505\">정제한영혼의뼈다귀<\\end> (10)"
R2["Item"] := R3
R2["PrizeItem"] := " < image = \"6497\">소부적<\\end> (1) < image = \"6497\">소부적(PC)<\\end> (2)"
R3 := "정제된 뼈다귀"
R2["Title"] := R3
R3 := "뭄바키 키코에게서 정화의식을 받은 개먹이용 정제된 영혼의  뼈다귀를 얻었다. 동에게 가져다주자."
R2["Info"] := R3
R2["Hunt1"] := ""
R2["Hunt2"] := ""
R2["Hunt3"] := ""
R2["Time"] := "0"
R2["LV"] := "0"
R0[R1] := R2
R1 := 7408
R2 := {}
R3 := "경비대원 동"
R2["NPCFromName"] := R3
R2["NPCFromMap"] := "ma_fild01"
R2["NPCFromSpr"] := "4_MAL_SOLDIER"
R3 := 239
R2["NPCFromX"] := R3
R3 := 253
R2["NPCFromY"] := R3
R3 := "경비대원 동"
R2["NPCToName"] := R3
R2["NPCToMap"] := "ma_fild01"
R2["NPCToSpr"] := "4_MAL_SOLDIER"
R3 := 239
R2["NPCToX"] := R3
R3 := 253
R2["NPCToY"] := R3
R2["Item"] := ""
R2["PrizeItem"] := ""
R3 := "동의 부탁 - 내일 또 와줄래?"
R2["Title"] := R3
R3 := "바르요 마히와가의 경비대원 동은 반타이를 위해 내일도 뼈다귀를 얻어다 주었으면 한다. 하루가 지난 뒤 가보자."
R2["Info"] := R3
R2["Hunt1"] := ""
R2["Hunt2"] := ""
R2["Hunt3"] := ""
R2["Time"] := "82800"
R2["LV"] := "0"
R0[R1] := R2
R1 := 7409
R2 := {}
R3 := "선량한 카프레 부디데이"
R2["NPCFromName"] := R3
R2["NPCFromMap"] := "ma_fild02"
R3 := "4_MAL_BUDIDAI"
R2["NPCFromSpr"] := R3
R3 := 241
R2["NPCFromX"] := R3
R3 := 39
R2["NPCFromY"] := R3
R3 := "선량한 카프레 부디데이"
R2["NPCToName"] := R3
R2["NPCToMap"] := "ma_fild02"
R3 := "4_MAL_BUDIDAI"
R2["NPCToSpr"] := R3
R3 := 241
R2["NPCToX"] := R3
R3 := 39
R2["NPCToY"] := R3
R2["Item"] := ""
R2["PrizeItem"] := " < image = \"6497\">소부적<\\end> (1) < image = \"6497\">소부적(PC)<\\end> (2)"
R3 := "그 녀석과 눈 마주칠 수 없다!"
R2["Title"] := R3
R3 := "자칭 선량한 카프레 부디데이는 최근 자신의 친구들을 괴롭히는 붕이승이스를 참을 수 없다. 언제나 강력한 붕이승이스를 이길 수 없었던 부디데이는 자기를 대신해 그 외눈박이 괴물을 혼내달라고 했다."
R2["Info"] := R3
R3 := " < link = \"BUNGISNGIS\">붕이승이<\\end>"
R2["Hunt1"] := R3
R2["Hunt2"] := ""
R2["Hunt3"] := ""
R2["Time"] := "0"
R2["LV"] := "0"
R0[R1] := R2
R1 := 7410
R2 := {}
R3 := "선량한 카프레 부디데이"
R2["NPCFromName"] := R3
R2["NPCFromMap"] := "ma_fild02"
R3 := "4_MAL_BUDIDAI"
R2["NPCFromSpr"] := R3
R3 := 241
R2["NPCFromX"] := R3
R3 := 39
R2["NPCFromY"] := R3
R3 := "선량한 카프레 부디데이"
R2["NPCToName"] := R3
R2["NPCToMap"] := "ma_fild02"
R3 := "4_MAL_BUDIDAI"
R2["NPCToSpr"] := R3
R3 := 241
R2["NPCToX"] := R3
R3 := 39
R2["NPCToY"] := R3
R2["Item"] := ""
R2["PrizeItem"] := ""
R3 := "내일 또 혼내다오!"
R2["Title"] := R3
R3 := "카프레 부디데이는 난봉꾼 붕이승이스가 하루 이틀로 그만 둘 녀석들이 아니라며 꾸준히 위협해 줄것을 부탁했다. 하루가 지난 뒤 다시 만나보자."
R2["Info"] := R3
R2["Hunt1"] := ""
R2["Hunt2"] := ""
R2["Hunt3"] := ""
R2["Time"] := "82800"
R2["LV"] := "0"
R0[R1] := R2
R1 := 1174
R2 := {}
R3 := "전설에 밝은 노인"
R2["NPCFromName"] := R3
R2["NPCFromMap"] := "malaya"
R2["NPCFromSpr"] := "4_M_BARYO_OLD"
R3 := 285
R2["NPCFromX"] := R3
R3 := 332
R2["NPCFromY"] := R3
R3 := "노인의 손녀"
R2["NPCToName"] := R3
R2["NPCToMap"] := "malaya"
R2["NPCToSpr"] := "4_F_BARYO_GIRL"
R3 := 304
R2["NPCToX"] := R3
R3 := 100
R2["NPCToY"] := R3
R2["Item"] := ""
R2["PrizeItem"] := ""
R3 := "소문과 세월과 전설"
R2["Title"] := R3
R3 := "전설에 밝은 노인의 손녀에게 석판 조각을 받아오자."
R2["Info"] := R3
R2["Hunt1"] := ""
R2["Hunt2"] := ""
R2["Hunt3"] := ""
R2["Time"] := "0"
R2["LV"] := "0"
R0[R1] := R2
R1 := 1175
R2 := {}
R3 := "노인의 손녀"
R2["NPCFromName"] := R3
R2["NPCFromMap"] := "malaya"
R2["NPCFromSpr"] := "4_F_BARYO_GIRL"
R3 := 304
R2["NPCFromX"] := R3
R3 := 100
R2["NPCFromY"] := R3
R3 := "전설에 밝은 노인"
R2["NPCToName"] := R3
R2["NPCToMap"] := "malaya"
R2["NPCToSpr"] := "4_M_BARYO_OLD"
R3 := 285
R2["NPCToX"] := R3
R3 := 332
R2["NPCToY"] := R3
R2["Item"] := ""
R2["PrizeItem"] := ""
R3 := "소문과 세월과 전설"
R2["Title"] := R3
R3 := "전설에 밝은 노인에게 석판 조각 전달하기."
R2["Info"] := R3
R2["Hunt1"] := ""
R2["Hunt2"] := ""
R2["Hunt3"] := ""
R2["Time"] := "0"
R2["LV"] := "0"
R0[R1] := R2
R1 := 1176
R2 := {}
R3 := "전설에 밝은 노인"
R2["NPCFromName"] := R3
R2["NPCFromMap"] := "malaya"
R2["NPCFromSpr"] := "4_M_BARYO_OLD"
R3 := 285
R2["NPCFromX"] := R3
R3 := 332
R2["NPCFromY"] := R3
R3 := "말라야 이주민"
R2["NPCToName"] := R3
R2["NPCToMap"] := "ma_fild02"
R3 := "4_M_BARYO_MAN"
R2["NPCToSpr"] := R3
R3 := 40
R2["NPCToX"] := R3
R3 := 240
R2["NPCToY"] := R3
R2["Item"] := ""
R2["PrizeItem"] := ""
R3 := "소문과 세월과 전설"
R2["Title"] := R3
R3 := "포레스트 북서쪽에서 말라야 이주민을 만난 다음 떠돌이 상인의 행적을 추적할 것."
R2["Info"] := R3
R2["Hunt1"] := ""
R2["Hunt2"] := ""
R2["Hunt3"] := ""
R2["Time"] := "0"
R2["LV"] := "0"
R0[R1] := R2
R1 := 1177
R2 := {}
R3 := "말라야 이주민"
R2["NPCFromName"] := R3
R2["NPCFromMap"] := "ma_fild02"
R3 := "4_M_BARYO_MAN"
R2["NPCFromSpr"] := R3
R3 := 40
R2["NPCFromX"] := R3
R3 := 240
R2["NPCFromY"] := R3
R3 := "말라야 이주민"
R2["NPCToName"] := R3
R2["NPCToMap"] := "ma_fild01"
R2["NPCToSpr"] := "4_M_MALAYA"
R3 := 165
R2["NPCToX"] := R3
R3 := 237
R2["NPCToY"] := R3
R2["Item"] := ""
R2["PrizeItem"] := ""
R3 := "소문과 세월과 전설"
R2["Title"] := R3
R3 := "바르요 마히와가 마을에 있는 말라야 이주민을 만난 다음 떠돌이 상인의 행적을 추적할 것."
R2["Info"] := R3
R2["Hunt1"] := ""
R2["Hunt2"] := ""
R2["Hunt3"] := ""
R2["Time"] := "0"
R2["LV"] := "0"
R0[R1] := R2
R1 := 1178
R2 := {}
R3 := "말라야 이주민"
R2["NPCFromName"] := R3
R2["NPCFromMap"] := "ma_fild01"
R2["NPCFromSpr"] := "4_M_MALAYA"
R3 := 165
R2["NPCFromX"] := R3
R3 := 237
R2["NPCFromY"] := R3
R2["NPCToName"] := ""
R2["NPCToMap"] := ""
R2["NPCToSpr"] := ""
R3 := -1
R2["NPCToX"] := R3
R3 := -1
R2["NPCToY"] := R3
R2["Item"] := ""
R2["PrizeItem"] := ""
R3 := "소문과 세월과 전설"
R2["Title"] := R3
R3 := "바르요 마히와가 마을 바위에 쓰여 있는 기록 조사."
R2["Info"] := R3
R2["Hunt1"] := ""
R2["Hunt2"] := ""
R2["Hunt3"] := ""
R2["Time"] := "0"
R2["LV"] := "0"
R0[R1] := R2
R1 := 1179
R2 := {}
R2["NPCFromName"] := ""
R2["NPCFromMap"] := ""
R2["NPCFromSpr"] := ""
R3 := -1
R2["NPCFromX"] := R3
R3 := -1
R2["NPCFromY"] := R3
R3 := "전설에 밝은 노인"
R2["NPCToName"] := R3
R2["NPCToMap"] := "malaya"
R2["NPCToSpr"] := "4_M_BARYO_OLD"
R3 := 285
R2["NPCToX"] := R3
R3 := 332
R2["NPCToY"] := R3
R2["Item"] := ""
R2["PrizeItem"] := ""
R3 := "소문과 세월과 전설"
R2["Title"] := R3
R3 := "전설의 실체와 노파의 아들의 정체를 파악했다. 말라야로 돌아가서 \'전설에 밝은 노인\'에게 보고하자."
R2["Info"] := R3
R2["Hunt1"] := ""
R2["Hunt2"] := ""
R2["Hunt3"] := ""
R2["Time"] := "0"
R2["LV"] := "0"
R0[R1] := R2
R1 := 1180
R2 := {}
R3 := "촌장"
R2["NPCFromName"] := R3
R2["NPCFromMap"] := "malaya"
R2["NPCFromSpr"] := "4_BARYO_CHIEF"
R3 := 283
R2["NPCFromX"] := R3
R3 := 265
R2["NPCFromY"] := R3
R3 := "실종자의 아버지"
R2["NPCToName"] := R3
R2["NPCToMap"] := "malaya"
R2["NPCToSpr"] := "4_M_MALAYA"
R3 := 269
R2["NPCToX"] := R3
R3 := 267
R2["NPCToY"] := R3
R3 := " < image = \"6520\">잃어버린소지품<\\end> (2)"
R2["Item"] := R3
R2["PrizeItem"] := ""
R3 := "버코너워를 물리쳐라!"
R2["Title"] := R3
R3 := "바르요 마히와가 필드에 돌아다니는 티억넠으로부터 잃어버린 소지품 2개를 찾아 실종자의 아버지에게 전해주기."
R2["Info"] := R3
R2["Hunt1"] := ""
R2["Hunt2"] := ""
R2["Hunt3"] := ""
R2["Time"] := "0"
R2["LV"] := "0"
R0[R1] := R2
R1 := 1181
R2 := {}
R3 := "실종자의 아버지"
R2["NPCFromName"] := R3
R2["NPCFromMap"] := "malaya"
R2["NPCFromSpr"] := "4_M_MALAYA"
R3 := 269
R2["NPCFromX"] := R3
R3 := 267
R2["NPCFromY"] := R3
R3 := "실종자의 친구"
R2["NPCToName"] := R3
R2["NPCToMap"] := "malaya"
R3 := "4_M_BARYO_BOY"
R2["NPCToSpr"] := R3
R3 := 265
R2["NPCToX"] := R3
R3 := 274
R2["NPCToY"] := R3
R3 := " < image = \"6520\">잃어버린소지품<\\end> (7)"
R2["Item"] := R3
R2["PrizeItem"] := ""
R3 := "버코너워를 물리쳐라!"
R2["Title"] := R3
R3 := "바르요 마히와가 필드에 돌아다니는 티억넠으로부터 잃어버린 소지품 7개를 찾아 실종자의 친구에게 전해주기."
R2["Info"] := R3
R2["Hunt1"] := ""
R2["Hunt2"] := ""
R2["Hunt3"] := ""
R2["Time"] := "0"
R2["LV"] := "0"
R0[R1] := R2
R1 := 1182
R2 := {}
R3 := "실종자의 친구"
R2["NPCFromName"] := R3
R2["NPCFromMap"] := "malaya"
R3 := "4_M_BARYO_BOY"
R2["NPCFromSpr"] := R3
R3 := 265
R2["NPCFromX"] := R3
R3 := 274
R2["NPCFromY"] := R3
R3 := "실종자의 아들"
R2["NPCToName"] := R3
R2["NPCToMap"] := "malaya"
R3 := "4_M_BARYO_MAN"
R2["NPCToSpr"] := R3
R3 := 270
R2["NPCToX"] := R3
R3 := 278
R2["NPCToY"] := R3
R3 := " < image = \"6520\">잃어버린소지품<\\end> (3)"
R2["Item"] := R3
R2["PrizeItem"] := ""
R3 := "버코너워를 물리쳐라!"
R2["Title"] := R3
R3 := "바르요 마히와가 필드에 돌아다니는 티억넠으로부터 잃어버린 소지품 3개를 찾아 실종자의 아들에게 전해주기."
R2["Info"] := R3
R2["Hunt1"] := ""
R2["Hunt2"] := ""
R2["Hunt3"] := ""
R2["Time"] := "0"
R2["LV"] := "0"
R0[R1] := R2
R1 := 1183
R2 := {}
R3 := "실종자의 아들"
R2["NPCFromName"] := R3
R2["NPCFromMap"] := "malaya"
R3 := "4_M_BARYO_MAN"
R2["NPCFromSpr"] := R3
R3 := 270
R2["NPCFromX"] := R3
R3 := 278
R2["NPCFromY"] := R3
R3 := "실종자의 어머니"
R2["NPCToName"] := R3
R2["NPCToMap"] := "malaya"
R2["NPCToSpr"] := "4_F_BARYO_WOMAN"
R3 := 265
R2["NPCToX"] := R3
R3 := 284
R2["NPCToY"] := R3
R3 := " < image = \"6520\">잃어버린소지품<\\end> (5)"
R2["Item"] := R3
R2["PrizeItem"] := ""
R3 := "버코너워를 물리쳐라!"
R2["Title"] := R3
R3 := "바르요 마히와가 필드에 돌아다니는 티억넠으로부터 잃어버린 소지품 5개를 찾아 실종자의 어머니에게 전해주기."
R2["Info"] := R3
R2["Hunt1"] := ""
R2["Hunt2"] := ""
R2["Hunt3"] := ""
R2["Time"] := "0"
R2["LV"] := "0"
R0[R1] := R2
R1 := 1184
R2 := {}
R3 := "실종자의 어머니"
R2["NPCFromName"] := R3
R2["NPCFromMap"] := "malaya"
R2["NPCFromSpr"] := "4_F_BARYO_WOMAN"
R3 := 265
R2["NPCFromX"] := R3
R3 := 284
R2["NPCFromY"] := R3
R3 := "촌장"
R2["NPCToName"] := R3
R2["NPCToMap"] := "malaya"
R2["NPCToSpr"] := "4_BARYO_CHIEF"
R3 := 283
R2["NPCToX"] := R3
R3 := 265
R2["NPCToY"] := R3
R2["Item"] := ""
R2["PrizeItem"] := ""
R3 := "버코너워를 물리쳐라!"
R2["Title"] := R3
R3 := "실종자 찾기 완료. 촌장에게 보고하자."
R2["Info"] := R3
R2["Hunt1"] := ""
R2["Hunt2"] := ""
R2["Hunt3"] := ""
R2["Time"] := "0"
R2["LV"] := "0"
R0[R1] := R2
R1 := 1185
R2 := {}
R3 := "촌장"
R2["NPCFromName"] := R3
R2["NPCFromMap"] := "malaya"
R2["NPCFromSpr"] := "4_BARYO_CHIEF"
R3 := 283
R2["NPCFromX"] := R3
R3 := 265
R2["NPCFromY"] := R3
R3 := "젊은 점술사"
R2["NPCToName"] := R3
R2["NPCToMap"] := "malaya"
R3 := "4_F_MALAYA"
R2["NPCToSpr"] := R3
R3 := 289
R2["NPCToX"] := R3
R3 := 364
R2["NPCToY"] := R3
R2["Item"] := ""
R2["PrizeItem"] := ""
R3 := "버코너워를 물리쳐라!"
R2["Title"] := R3
R3 := "젊은 점술사가 도움을 청한다. 가보도록 하자."
R2["Info"] := R3
R2["Hunt1"] := ""
R2["Hunt2"] := ""
R2["Hunt3"] := ""
R2["Time"] := "0"
R2["LV"] := "0"
R0[R1] := R2
R1 := 1186
R2 := {}
R3 := "젊은 점술사"
R2["NPCFromName"] := R3
R2["NPCFromMap"] := "malaya"
R3 := "4_F_MALAYA"
R2["NPCFromSpr"] := R3
R3 := 289
R2["NPCFromX"] := R3
R3 := 364
R2["NPCFromY"] := R3
R3 := "젊은 점술사"
R2["NPCToName"] := R3
R2["NPCToMap"] := "malaya"
R3 := "4_F_MALAYA"
R2["NPCToSpr"] := R3
R3 := 289
R2["NPCToX"] := R3
R3 := 364
R2["NPCToY"] := R3
R2["Item"] := ""
R3 := " < image = \"12699\">틱버렁벨트<\\end> (5) < image = \"12699\">틱버렁벨트(PC)<\\end> (7)"
R2["PrizeItem"] := R3
R3 := "버코너워를 물리쳐라!"
R2["Title"] := R3
R3 := "바르요 마히와가 필드에서 틱버렁 15마리를 물리치자."
R2["Info"] := R3
R3 := " < link = \"TIKBALANG\">틱버렁<\\end> x 15 "
R2["Hunt1"] := R3
R2["Hunt2"] := ""
R2["Hunt3"] := ""
R2["Time"] := "0"
R2["LV"] := "0"
R0[R1] := R2
R1 := 1187
R2 := {}
R3 := "젊은 점술사"
R2["NPCFromName"] := R3
R2["NPCFromMap"] := "malaya"
R3 := "4_F_MALAYA"
R2["NPCFromSpr"] := R3
R3 := 289
R2["NPCFromX"] := R3
R3 := 364
R2["NPCFromY"] := R3
R3 := "촌장"
R2["NPCToName"] := R3
R2["NPCToMap"] := "malaya"
R2["NPCToSpr"] := "4_BARYO_CHIEF"
R3 := 283
R2["NPCToX"] := R3
R3 := 265
R2["NPCToY"] := R3
R2["Item"] := ""
R2["PrizeItem"] := ""
R3 := "버코너워를 물리쳐라!"
R2["Title"] := R3
R3 := "촌장에게 젊은 점술사의 부탁을 전하도록 하자."
R2["Info"] := R3
R2["Hunt1"] := ""
R2["Hunt2"] := ""
R2["Hunt3"] := ""
R2["Time"] := "0"
R2["LV"] := "0"
R0[R1] := R2
R1 := 1188
R2 := {}
R3 := "촌장"
R2["NPCFromName"] := R3
R2["NPCFromMap"] := "malaya"
R2["NPCFromSpr"] := "4_BARYO_CHIEF"
R3 := 283
R2["NPCFromX"] := R3
R3 := 265
R2["NPCFromY"] := R3
R3 := "무뚝뚝한 일꾼"
R2["NPCToName"] := R3
R2["NPCToMap"] := "ma_fild01"
R2["NPCToSpr"] := "4_M_MALAYA"
R3 := 54
R2["NPCToX"] := R3
R3 := 253
R2["NPCToY"] := R3
R2["Item"] := ""
R2["PrizeItem"] := ""
R3 := "버코너워를 물리쳐라!"
R2["Title"] := R3
R3 := "포트 말라야 입구에서 가까운 바르요 마히와가 필드에 있는 무뚝뚝한 일꾼 주변에 가서 그와 함께 함정을 설치하자."
R2["Info"] := R3
R2["Hunt1"] := ""
R2["Hunt2"] := ""
R2["Hunt3"] := ""
R2["Time"] := "0"
R2["LV"] := "0"
R0[R1] := R2
R1 := 1189
R2 := {}
R3 := "무뚝뚝한 일꾼"
R2["NPCFromName"] := R3
R2["NPCFromMap"] := "ma_fild01"
R2["NPCFromSpr"] := "4_M_MALAYA"
R3 := 54
R2["NPCFromX"] := R3
R3 := 253
R2["NPCFromY"] := R3
R3 := "불만쟁이 일꾼"
R2["NPCToName"] := R3
R2["NPCToMap"] := "ma_fild01"
R3 := "4_M_BARYO_BOY"
R2["NPCToSpr"] := R3
R3 := 236
R2["NPCToX"] := R3
R3 := 119
R2["NPCToY"] := R3
R2["Item"] := ""
R2["PrizeItem"] := ""
R3 := "버코너워를 물리쳐라!"
R2["Title"] := R3
R3 := "버코너워 호수 입구에서 가까운 바르요 마히와가 필드에 있는 불만쟁이 일꾼 주변에 가서 그와 함께 함정을 설치하자."
R2["Info"] := R3
R2["Hunt1"] := ""
R2["Hunt2"] := ""
R2["Hunt3"] := ""
R2["Time"] := "0"
R2["LV"] := "0"
R0[R1] := R2
R1 := 1190
R2 := {}
R3 := "불만쟁이 일꾼"
R2["NPCFromName"] := R3
R2["NPCFromMap"] := "ma_fild01"
R3 := "4_M_BARYO_BOY"
R2["NPCFromSpr"] := R3
R3 := 236
R2["NPCFromX"] := R3
R3 := 119
R2["NPCFromY"] := R3
R3 := "겁쟁이 일꾼"
R2["NPCToName"] := R3
R3 := "ma_scene01"
R2["NPCToMap"] := R3
R3 := "4_M_BARYO_MAN"
R2["NPCToSpr"] := R3
R3 := 177
R2["NPCToX"] := R3
R3 := 89
R2["NPCToY"] := R3
R2["Item"] := ""
R2["PrizeItem"] := ""
R3 := "버코너워를 물리쳐라!"
R2["Title"] := R3
R3 := "버코너워 호수 입구 근처에 있는 겁쟁이 일꾼 주변에 가서 그와 함께 함정을 설치하자."
R2["Info"] := R3
R2["Hunt1"] := ""
R2["Hunt2"] := ""
R2["Hunt3"] := ""
R2["Time"] := "0"
R2["LV"] := "0"
R0[R1] := R2
R1 := 1191
R2 := {}
R3 := "겁쟁이 일꾼"
R2["NPCFromName"] := R3
R3 := "ma_scene01"
R2["NPCFromMap"] := R3
R3 := "4_M_BARYO_MAN"
R2["NPCFromSpr"] := R3
R3 := 177
R2["NPCFromX"] := R3
R3 := 89
R2["NPCFromY"] := R3
R3 := "우울한 일꾼"
R2["NPCToName"] := R3
R3 := "ma_scene01"
R2["NPCToMap"] := R3
R2["NPCToSpr"] := "4_M_MALAYA"
R3 := 141
R2["NPCToX"] := R3
R3 := 118
R2["NPCToY"] := R3
R2["Item"] := ""
R2["PrizeItem"] := ""
R3 := "버코너워를 물리쳐라!"
R2["Title"] := R3
R3 := "버코너워 호수에 있는 우울한 일꾼 주변에 가서 그와 함께 함정을 설치하자."
R2["Info"] := R3
R2["Hunt1"] := ""
R2["Hunt2"] := ""
R2["Hunt3"] := ""
R2["Time"] := "0"
R2["LV"] := "0"
R0[R1] := R2
R1 := 1192
R2 := {}
R3 := "우울한 일꾼"
R2["NPCFromName"] := R3
R3 := "ma_scene01"
R2["NPCFromMap"] := R3
R2["NPCFromSpr"] := "4_M_MALAYA"
R3 := 141
R2["NPCFromX"] := R3
R3 := 118
R2["NPCFromY"] := R3
R3 := "감탄쟁이 일꾼"
R2["NPCToName"] := R3
R3 := "ma_scene01"
R2["NPCToMap"] := R3
R3 := "4_M_BARYO_MAN"
R2["NPCToSpr"] := R3
R3 := 175
R2["NPCToX"] := R3
R3 := 170
R2["NPCToY"] := R3
R2["Item"] := ""
R2["PrizeItem"] := ""
R3 := "버코너워를 물리쳐라!"
R2["Title"] := R3
R3 := "버코너워 호수에 있는 감탄쟁이 일꾼 주변에 가서 그와 함께 함정을 설치하자."
R2["Info"] := R3
R2["Hunt1"] := ""
R2["Hunt2"] := ""
R2["Hunt3"] := ""
R2["Time"] := "0"
R2["LV"] := "0"
R0[R1] := R2
R1 := 1193
R2 := {}
R3 := "감탄쟁이 일꾼"
R2["NPCFromName"] := R3
R3 := "ma_scene01"
R2["NPCFromMap"] := R3
R3 := "4_M_BARYO_MAN"
R2["NPCFromSpr"] := R3
R3 := 175
R2["NPCFromX"] := R3
R3 := 170
R2["NPCFromY"] := R3
R3 := "촌장"
R2["NPCToName"] := R3
R2["NPCToMap"] := "malaya"
R2["NPCToSpr"] := "4_BARYO_CHIEF"
R3 := 283
R2["NPCToX"] := R3
R3 := 265
R2["NPCToY"] := R3
R2["Item"] := ""
R3 := " < image = \"6497\">소부적<\\end> (5) < image = \"6497\">소부적(PC)<\\end> (7)"
R2["PrizeItem"] := R3
R3 := "버코너워를 물리쳐라!"
R2["Title"] := R3
R3 := "함정설치를 완료했다. 촌장에게 보고하도록 하자."
R2["Info"] := R3
R2["Hunt1"] := ""
R2["Hunt2"] := ""
R2["Hunt3"] := ""
R2["Time"] := "0"
R2["LV"] := "0"
R0[R1] := R2
R1 := 11284
R2 := {}
R3 := "간호사"
R2["NPCFromName"] := R3
R2["NPCFromMap"] := "malaya"
R3 := "4_F_NURSE"
R2["NPCFromSpr"] := R3
R3 := 55
R2["NPCFromX"] := R3
R3 := 72
R2["NPCFromY"] := R3
R3 := "간호사"
R2["NPCToName"] := R3
R2["NPCToMap"] := "malaya"
R3 := "4_F_NURSE"
R2["NPCToSpr"] := R3
R3 := 55
R2["NPCToX"] := R3
R3 := 72
R2["NPCToY"] := R3
R3 := " < image = \"930\">썩은붕대<\\end> (2)"
R2["Item"] := R3
R2["PrizeItem"] := ""
R3 := "포트말라야의 간호사"
R2["Title"] := R3
R3 := "보기엔 지저분해 보이지만 특이한 즙이 스며들어있어서 놀라운 효과를 가졌다는\'썩은 붕대\' 2개만 있으면 양쪽 발을 다 감쌀 수 있을 것 같은데요."
R2["Info"] := R3
R2["Hunt1"] := ""
R2["Hunt2"] := ""
R2["Hunt3"] := ""
R2["Time"] := "0"
R2["LV"] := "0"
R0[R1] := R2
R1 := 11285
R2 := {}
R3 := "간호사"
R2["NPCFromName"] := R3
R2["NPCFromMap"] := "malaya"
R3 := "4_F_NURSE"
R2["NPCFromSpr"] := R3
R3 := 55
R2["NPCFromX"] := R3
R3 := 72
R2["NPCFromY"] := R3
R3 := "간호사"
R2["NPCToName"] := R3
R2["NPCToMap"] := "malaya"
R3 := "4_F_NURSE"
R2["NPCToSpr"] := R3
R3 := 55
R2["NPCToX"] := R3
R3 := 72
R2["NPCToY"] := R3
R2["Item"] := ""
R2["PrizeItem"] := ""
R3 := "포트말라야의 간호사"
R2["Title"] := R3
R3 := "문이 잠긴 건지 잘 안 열리는 건지는 모르겠지만 혼자서는 열수 없으니 같이 밀어보죠!"
R2["Info"] := R3
R2["Hunt1"] := ""
R2["Hunt2"] := ""
R2["Hunt3"] := ""
R2["Time"] := "0"
R2["LV"] := "0"
R0[R1] := R2
R1 := 11286
R2 := {}
R3 := "간호사"
R2["NPCFromName"] := R3
R2["NPCFromMap"] := "malaya"
R3 := "4_F_NURSE"
R2["NPCFromSpr"] := R3
R3 := 55
R2["NPCFromX"] := R3
R3 := 72
R2["NPCFromY"] := R3
R3 := "간호사"
R2["NPCToName"] := R3
R2["NPCToMap"] := "malaya"
R3 := "4_F_NURSE"
R2["NPCToSpr"] := R3
R3 := 55
R2["NPCToX"] := R3
R3 := 72
R2["NPCToY"] := R3
R2["Item"] := ""
R2["PrizeItem"] := ""
R3 := "포트말라야의 간호사"
R2["Title"] := R3
R3 := "있는 힘껏 밀어보았지만 문은 열리지 않는다."
R2["Info"] := R3
R2["Hunt1"] := ""
R2["Hunt2"] := ""
R2["Hunt3"] := ""
R2["Time"] := "0"
R2["LV"] := "0"
R0[R1] := R2
R1 := 11287
R2 := {}
R3 := "간호사"
R2["NPCFromName"] := R3
R2["NPCFromMap"] := "malaya"
R3 := "4_F_NURSE"
R2["NPCFromSpr"] := R3
R3 := 55
R2["NPCFromX"] := R3
R3 := 72
R2["NPCFromY"] := R3
R3 := "마을 아가씨"
R2["NPCToName"] := R3
R2["NPCToMap"] := "malaya"
R3 := "4_F_MALAYA"
R2["NPCToSpr"] := R3
R3 := 64
R2["NPCToX"] := R3
R3 := 78
R2["NPCToY"] := R3
R2["Item"] := ""
R2["PrizeItem"] := ""
R3 := "포트말라야의 간호사"
R2["Title"] := R3
R3 := "전 본부에 다시 연락을 해볼 테니 마침 지나가는 마을 아가씨에게 이 병원에 대해 물어봐 주시지 않겠어요?"
R2["Info"] := R3
R2["Hunt1"] := ""
R2["Hunt2"] := ""
R2["Hunt3"] := ""
R2["Time"] := "0"
R2["LV"] := "0"
R0[R1] := R2
R1 := 11288
R2 := {}
R3 := "마을 아가씨"
R2["NPCFromName"] := R3
R2["NPCFromMap"] := "malaya"
R3 := "4_F_MALAYA"
R2["NPCFromSpr"] := R3
R3 := 64
R2["NPCFromX"] := R3
R3 := 78
R2["NPCFromY"] := R3
R3 := "간호사"
R2["NPCToName"] := R3
R2["NPCToMap"] := "malaya"
R3 := "4_F_NURSE"
R2["NPCToSpr"] := R3
R3 := 55
R2["NPCToX"] := R3
R3 := 72
R2["NPCToY"] := R3
R2["Item"] := ""
R2["PrizeItem"] := ""
R3 := "포트말라야의 간호사"
R2["Title"] := R3
R3 := "전 잘 모르겠어요. 병원이 닫혀있는데 간호사가 새로 온다니 이상하네요."
R2["Info"] := R3
R2["Hunt1"] := ""
R2["Hunt2"] := ""
R2["Hunt3"] := ""
R2["Time"] := "0"
R2["LV"] := "0"
R0[R1] := R2
R1 := 11289
R2 := {}
R3 := "간호사"
R2["NPCFromName"] := R3
R2["NPCFromMap"] := "malaya"
R3 := "4_F_NURSE"
R2["NPCFromSpr"] := R3
R3 := 55
R2["NPCFromX"] := R3
R3 := 72
R2["NPCFromY"] := R3
R3 := "마을 아저씨"
R2["NPCToName"] := R3
R2["NPCToMap"] := "malaya"
R2["NPCToSpr"] := "4_M_MALAYA"
R3 := 62
R2["NPCToX"] := R3
R3 := 37
R2["NPCToY"] := R3
R2["Item"] := ""
R2["PrizeItem"] := ""
R3 := "포트말라야의 간호사"
R2["Title"] := R3
R3 := "본부에서 절 이런 곳까지 보내놓고 거짓말을 하고 있을 리는 없고 마을의 다른 분께 다시 물어봐 주시지 않겠어요?"
R2["Info"] := R3
R2["Hunt1"] := ""
R2["Hunt2"] := ""
R2["Hunt3"] := ""
R2["Time"] := "0"
R2["LV"] := "0"
R0[R1] := R2
R1 := 11290
R2 := {}
R3 := "마을 아저씨"
R2["NPCFromName"] := R3
R2["NPCFromMap"] := "malaya"
R2["NPCFromSpr"] := "4_M_MALAYA"
R3 := 62
R2["NPCFromX"] := R3
R3 := 37
R2["NPCFromY"] := R3
R3 := "간호사"
R2["NPCToName"] := R3
R2["NPCToMap"] := "malaya"
R3 := "4_F_NURSE"
R2["NPCToSpr"] := R3
R3 := 55
R2["NPCToX"] := R3
R3 := 72
R2["NPCToY"] := R3
R2["Item"] := ""
R2["PrizeItem"] := ""
R3 := "포트말라야의 간호사"
R2["Title"] := R3
R3 := "그럼 난 이 소식을 급히 알려야 할 것 같으니 미안하지만 간호사님과 함께 마을 중앙에 있는 여관 앞으로 와주지 않겠소?"
R2["Info"] := R3
R2["Hunt1"] := ""
R2["Hunt2"] := ""
R2["Hunt3"] := ""
R2["Time"] := "0"
R2["LV"] := "0"
R0[R1] := R2
R1 := 11291
R2 := {}
R3 := "간호사"
R2["NPCFromName"] := R3
R2["NPCFromMap"] := "malaya"
R3 := "4_F_NURSE"
R2["NPCFromSpr"] := R3
R3 := 55
R2["NPCFromX"] := R3
R3 := 72
R2["NPCFromY"] := R3
R3 := "닥터 뿐"
R2["NPCToName"] := R3
R2["NPCToMap"] := "malaya"
R3 := "4_LGTSCIENCE"
R2["NPCToSpr"] := R3
R3 := 210
R2["NPCToX"] := R3
R3 := 200
R2["NPCToY"] := R3
R2["Item"] := ""
R2["PrizeItem"] := ""
R3 := "포트말라야의 간호사"
R2["Title"] := R3
R3 := "전 발이 아파서 더 이상 움직이기 힘들 것 같은데 여관에 좀 대신 다녀와 주시면 안될까요?"
R2["Info"] := R3
R2["Hunt1"] := ""
R2["Hunt2"] := ""
R2["Hunt3"] := ""
R2["Time"] := "0"
R2["LV"] := "0"
R0[R1] := R2
R1 := 11292
R2 := {}
R3 := "닥터 뿐"
R2["NPCFromName"] := R3
R2["NPCFromMap"] := "malaya"
R2["NPCFromSpr"] := "4_M_MALAYA"
R3 := 62
R2["NPCFromX"] := R3
R3 := 37
R2["NPCFromY"] := R3
R3 := "간호사"
R2["NPCToName"] := R3
R2["NPCToMap"] := "malaya"
R3 := "4_F_NURSE"
R2["NPCToSpr"] := R3
R3 := 55
R2["NPCToX"] := R3
R3 := 72
R2["NPCToY"] := R3
R2["Item"] := ""
R2["PrizeItem"] := ""
R3 := "포트말라야의 간호사"
R2["Title"] := R3
R3 := "난 돌봐야 할 환자들 때문에 지금 당장 병원에 가보는 건 무리고 열쇠와 함께 \'일은 편한 대로 하면 됩니다.\' 라고도 좀 전해주게."
R2["Info"] := R3
R2["Hunt1"] := ""
R2["Hunt2"] := ""
R2["Hunt3"] := ""
R2["Time"] := "0"
R2["LV"] := "0"
R0[R1] := R2
R1 := 11293
R2 := {}
R3 := "간호사"
R2["NPCFromName"] := R3
R2["NPCFromMap"] := "malaya"
R3 := "4_F_NURSE"
R2["NPCFromSpr"] := R3
R3 := 55
R2["NPCFromX"] := R3
R3 := 72
R2["NPCFromY"] := R3
R3 := "간호사"
R2["NPCToName"] := R3
R2["NPCToMap"] := "malaya"
R3 := "4_F_NURSE"
R2["NPCToSpr"] := R3
R3 := 55
R2["NPCToX"] := R3
R3 := 72
R2["NPCToY"] := R3
R2["Item"] := ""
R2["PrizeItem"] := ""
R3 := "포트말라야의 간호사"
R2["Title"] := R3
R3 := "병원 문의 열쇠 구멍에 열쇠를 꽂았다. 하지만 예상과는 다르게 열쇠를 잠겨있지 않았다."
R2["Info"] := R3
R2["Hunt1"] := ""
R2["Hunt2"] := ""
R2["Hunt3"] := ""
R2["Time"] := "0"
R2["LV"] := "0"
R0[R1] := R2
R1 := 11294
R2 := {}
R3 := "간호사"
R2["NPCFromName"] := R3
R2["NPCFromMap"] := "malaya"
R3 := "4_F_NURSE"
R2["NPCFromSpr"] := R3
R3 := 55
R2["NPCFromX"] := R3
R3 := 72
R2["NPCFromY"] := R3
R2["NPCToName"] := ""
R2["NPCToMap"] := ""
R2["NPCToSpr"] := ""
R3 := -1
R2["NPCToX"] := R3
R3 := -1
R2["NPCToY"] := R3
R2["Item"] := ""
R2["PrizeItem"] := ""
R3 := "포트말라야의 간호사"
R2["Title"] := R3
R3 := "목소리는 병원 입구 근처의 수풀에서 들려오는 듯 하다."
R2["Info"] := R3
R2["Hunt1"] := ""
R2["Hunt2"] := ""
R2["Hunt3"] := ""
R2["Time"] := "0"
R2["LV"] := "0"
R0[R1] := R2
R1 := 11295
R2 := {}
R2["NPCFromName"] := ""
R2["NPCFromMap"] := ""
R2["NPCFromSpr"] := ""
R3 := -1
R2["NPCFromX"] := R3
R3 := -1
R2["NPCFromY"] := R3
R3 := "간호사"
R2["NPCToName"] := R3
R2["NPCToMap"] := "malaya"
R3 := "4_F_NURSE"
R2["NPCToSpr"] := R3
R3 := 55
R2["NPCToX"] := R3
R3 := 72
R2["NPCToY"] := R3
R2["Item"] := ""
R2["PrizeItem"] := ""
R3 := "포트말라야의 간호사"
R2["Title"] := R3
R3 := "여기에 있는 걸 들킬까 자세히 보진 못했지만 할머니께서 돌아가신 후에 거기에 가봤더니 뭔가 막대기 같은 게 있었어."
R2["Info"] := R3
R2["Hunt1"] := ""
R2["Hunt2"] := ""
R2["Hunt3"] := ""
R2["Time"] := "0"
R2["LV"] := "0"
R0[R1] := R2
R1 := 11296
R2 := {}
R2["NPCFromName"] := ""
R2["NPCFromMap"] := ""
R2["NPCFromSpr"] := ""
R3 := -1
R2["NPCFromX"] := R3
R3 := -1
R2["NPCFromY"] := R3
R3 := "간호사"
R2["NPCToName"] := R3
R2["NPCToMap"] := "malaya"
R3 := "4_F_NURSE"
R2["NPCToSpr"] := R3
R3 := 55
R2["NPCToX"] := R3
R3 := 72
R2["NPCToY"] := R3
R2["Item"] := ""
R2["PrizeItem"] := ""
R3 := "포트말라야의 간호사"
R2["Title"] := R3
R3 := "깊숙이 박혀있는 막대기를 뽑았다. 병원의 음침한 기운이 더 강해 진 것 같다."
R2["Info"] := R3
R2["Hunt1"] := ""
R2["Hunt2"] := ""
R2["Hunt3"] := ""
R2["Time"] := "0"
R2["LV"] := "0"
R0[R1] := R2
R1 := 11297
R2 := {}
R3 := "간호사"
R2["NPCFromName"] := R3
R2["NPCFromMap"] := "malaya"
R3 := "4_F_NURSE"
R2["NPCFromSpr"] := R3
R3 := 55
R2["NPCFromX"] := R3
R3 := 72
R2["NPCFromY"] := R3
R3 := "꼬부랑 할머니"
R2["NPCToName"] := R3
R2["NPCToMap"] := "malaya"
R3 := "4_F_BARYO_OLD"
R2["NPCToSpr"] := R3
R3 := 114
R2["NPCToX"] := R3
R3 := 183
R2["NPCToY"] := R3
R2["Item"] := ""
R2["PrizeItem"] := ""
R3 := "포트말라야의 간호사"
R2["Title"] := R3
R3 := "할머니한테 다녀와 주시지 않겠어요? 전 여기서 병원의 상태를 잠~깐 보고 있을게요."
R2["Info"] := R3
R2["Hunt1"] := ""
R2["Hunt2"] := ""
R2["Hunt3"] := ""
R2["Time"] := "0"
R2["LV"] := "0"
R0[R1] := R2
R1 := 11298
R2 := {}
R3 := "꼬부랑 할머니"
R2["NPCFromName"] := R3
R2["NPCFromMap"] := "malaya"
R3 := "4_F_BARYO_OLD"
R2["NPCFromSpr"] := R3
R3 := 114
R2["NPCFromX"] := R3
R3 := 183
R2["NPCFromY"] := R3
R3 := "꼬부랑 할머니"
R2["NPCToName"] := R3
R2["NPCToMap"] := "malaya"
R3 := "4_F_BARYO_OLD"
R2["NPCToSpr"] := R3
R3 := 114
R2["NPCToX"] := R3
R3 := 183
R2["NPCToY"] := R3
R2["Item"] := ""
R2["PrizeItem"] := ""
R3 := "포트말라야의 간호사"
R2["Title"] := R3
R3 := "마을에 있던 고목을 베어내고 병원을 지을 때부터 이런 일이 생길 거라고 예상하고 있었지."
R2["Info"] := R3
R2["Hunt1"] := ""
R2["Hunt2"] := ""
R2["Hunt3"] := ""
R2["Time"] := "0"
R2["LV"] := "0"
R0[R1] := R2
R1 := 11299
R2 := {}
R3 := "꼬부랑 할머니"
R2["NPCFromName"] := R3
R2["NPCFromMap"] := "malaya"
R3 := "4_F_BARYO_OLD"
R2["NPCFromSpr"] := R3
R3 := 114
R2["NPCFromX"] := R3
R3 := 183
R2["NPCFromY"] := R3
R3 := "간호사"
R2["NPCToName"] := R3
R2["NPCToMap"] := "malaya"
R3 := "4_F_NURSE"
R2["NPCToSpr"] := R3
R3 := 55
R2["NPCToX"] := R3
R3 := 72
R2["NPCToY"] := R3
R2["Item"] := ""
R2["PrizeItem"] := ""
R3 := "포트말라야의 간호사"
R2["Title"] := R3
R3 := "병원 앞에 혼자 있는 간호사 라즈가 위험할지도 모른다. 병원으로 돌아가자!!"
R2["Info"] := R3
R2["Hunt1"] := ""
R2["Hunt2"] := ""
R2["Hunt3"] := ""
R2["Time"] := "0"
R2["LV"] := "0"
R0[R1] := R2
R1 := 11300
R2 := {}
R3 := "간호사"
R2["NPCFromName"] := R3
R2["NPCFromMap"] := "malaya"
R3 := "4_F_NURSE"
R2["NPCFromSpr"] := R3
R3 := 55
R2["NPCFromX"] := R3
R3 := 72
R2["NPCFromY"] := R3
R3 := "간호사"
R2["NPCToName"] := R3
R3 := "ma_dun01"
R2["NPCToMap"] := R3
R3 := "4_F_NURSE"
R2["NPCToSpr"] := R3
R3 := 35
R2["NPCToX"] := R3
R3 := 108
R2["NPCToY"] := R3
R2["Item"] := ""
R2["PrizeItem"] := ""
R3 := "포트말라야의 간호사"
R2["Title"] := R3
R3 := "일단 1층 문은 열렸으니까 같이 들어가 봐요."
R2["Info"] := R3
R2["Hunt1"] := ""
R2["Hunt2"] := ""
R2["Hunt3"] := ""
R2["Time"] := "0"
R2["LV"] := "0"
R0[R1] := R2
R1 := 11301
R2 := {}
R3 := "간호사"
R2["NPCFromName"] := R3
R3 := "ma_dun01"
R2["NPCFromMap"] := R3
R3 := "4_F_NURSE"
R2["NPCFromSpr"] := R3
R3 := 35
R2["NPCFromX"] := R3
R3 := 108
R2["NPCFromY"] := R3
R3 := "수상한 나무 막대"
R2["NPCToName"] := R3
R3 := "ma_dun01"
R2["NPCToMap"] := R3
R3 := "4_BULLETIN_BOARD2"
R2["NPCToSpr"] := R3
R3 := 152
R2["NPCToX"] := R3
R3 := 23
R2["NPCToY"] := R3
R2["Item"] := ""
R2["PrizeItem"] := ""
R3 := "포트말라야의 간호사"
R2["Title"] := R3
R3 := "제가 일단 다녀오긴 했지만 혹시 제가 발견하지 못한 것이 더 있을지도 모르니 2층 입구에 다녀와 주시지 않겠어요?"
R2["Info"] := R3
R2["Hunt1"] := ""
R2["Hunt2"] := ""
R2["Hunt3"] := ""
R2["Time"] := "0"
R2["LV"] := "0"
R0[R1] := R2
R1 := 11302
R2 := {}
R3 := "수상한 나무 막대"
R2["NPCFromName"] := R3
R3 := "ma_dun01"
R2["NPCFromMap"] := R3
R3 := "4_BULLETIN_BOARD2"
R2["NPCFromSpr"] := R3
R3 := 152
R2["NPCFromX"] := R3
R3 := 23
R2["NPCFromY"] := R3
R3 := "간호사"
R2["NPCToName"] := R3
R3 := "ma_dun01"
R2["NPCToMap"] := R3
R3 := "4_F_NURSE"
R2["NPCToSpr"] := R3
R3 := 147
R2["NPCToX"] := R3
R3 := 10
R2["NPCToY"] := R3
R2["Item"] := ""
R2["PrizeItem"] := ""
R3 := "포트말라야의 간호사"
R2["Title"] := R3
R3 := "부적을 발견했다. 다른 것도 찾아보자. 이 장소에 모순 되는 것은 무엇인가?"
R2["Info"] := R3
R2["Hunt1"] := ""
R2["Hunt2"] := ""
R2["Hunt3"] := ""
R2["Time"] := "0"
R2["LV"] := "0"
R0[R1] := R2
R1 := 11303
R2 := {}
R3 := "간호사"
R2["NPCFromName"] := R3
R3 := "ma_dun01"
R2["NPCFromMap"] := R3
R3 := "4_F_NURSE"
R2["NPCFromSpr"] := R3
R3 := 147
R2["NPCFromX"] := R3
R3 := 10
R2["NPCFromY"] := R3
R3 := "간호사"
R2["NPCToName"] := R3
R3 := "ma_dun01"
R2["NPCToMap"] := R3
R3 := "4_F_NURSE"
R2["NPCToSpr"] := R3
R3 := 35
R2["NPCToX"] := R3
R3 := 108
R2["NPCToY"] := R3
R2["Item"] := ""
R2["PrizeItem"] := ""
R3 := "포트말라야의 간호사"
R2["Title"] := R3
R3 := "입구가 닫혀 있었음에도 불구하고 이 간호사는 어떻게 들어온 것일까?"
R2["Info"] := R3
R2["Hunt1"] := ""
R2["Hunt2"] := ""
R2["Hunt3"] := ""
R2["Time"] := "0"
R2["LV"] := "0"
R0[R1] := R2
R1 := 11304
R2 := {}
R3 := "간호사"
R2["NPCFromName"] := R3
R3 := "ma_dun01"
R2["NPCFromMap"] := R3
R3 := "4_F_NURSE"
R2["NPCFromSpr"] := R3
R3 := 35
R2["NPCFromX"] := R3
R3 := 108
R2["NPCFromY"] := R3
R3 := "꼬부랑 할머니"
R2["NPCToName"] := R3
R2["NPCToMap"] := "malaya"
R3 := "4_F_BARYO_OLD"
R2["NPCToSpr"] := R3
R3 := 114
R2["NPCToX"] := R3
R3 := 183
R2["NPCToY"] := R3
R2["Item"] := ""
R2["PrizeItem"] := ""
R3 := "포트말라야의 간호사"
R2["Title"] := R3
R3 := "병원 밖에 부적을 꽂은 그 할머니라면 이 부적에 대해서도 알지 않을까요?"
R2["Info"] := R3
R2["Hunt1"] := ""
R2["Hunt2"] := ""
R2["Hunt3"] := ""
R2["Time"] := "0"
R2["LV"] := "0"
R0[R1] := R2
R1 := 11305
R2 := {}
R3 := "꼬부랑 할머니"
R2["NPCFromName"] := R3
R2["NPCFromMap"] := "malaya"
R3 := "4_F_BARYO_OLD"
R2["NPCFromSpr"] := R3
R3 := 114
R2["NPCFromX"] := R3
R3 := 183
R2["NPCFromY"] := R3
R3 := "꼬부랑 샤먼"
R2["NPCToName"] := R3
R2["NPCToMap"] := "malaya"
R3 := "4_F_UMOLDWOMAN"
R2["NPCToSpr"] := R3
R3 := 276
R2["NPCToX"] := R3
R3 := 367
R2["NPCToY"] := R3
R2["Item"] := ""
R2["PrizeItem"] := ""
R3 := "포트말라야의 간호사"
R2["Title"] := R3
R3 := "마을 북쪽에 있는 샤먼한테 만들어 달라고 한 거야."
R2["Info"] := R3
R2["Hunt1"] := ""
R2["Hunt2"] := ""
R2["Hunt3"] := ""
R2["Time"] := "0"
R2["LV"] := "0"
R0[R1] := R2
R1 := 11306
R2 := {}
R3 := "꼬부랑 샤먼"
R2["NPCFromName"] := R3
R2["NPCFromMap"] := "malaya"
R3 := "4_F_UMOLDWOMAN"
R2["NPCFromSpr"] := R3
R3 := 276
R2["NPCFromX"] := R3
R3 := 367
R2["NPCFromY"] := R3
R3 := "간호사"
R2["NPCToName"] := R3
R2["NPCToMap"] := "malaya"
R3 := "4_F_NURSE"
R2["NPCToSpr"] := R3
R3 := 55
R2["NPCToX"] := R3
R3 := 72
R2["NPCToY"] := R3
R2["Item"] := ""
R2["PrizeItem"] := ""
R3 := "포트말라야의 간호사"
R2["Title"] := R3
R3 := "자네에게서 뭔가 불길한 기운이 느껴져…"
R2["Info"] := R3
R2["Hunt1"] := ""
R2["Hunt2"] := ""
R2["Hunt3"] := ""
R2["Time"] := "0"
R2["LV"] := "0"
R0[R1] := R2
R1 := 11307
R2 := {}
R3 := "간호사"
R2["NPCFromName"] := R3
R3 := "ma_dun01"
R2["NPCFromMap"] := R3
R3 := "4_F_NURSE"
R2["NPCFromSpr"] := R3
R3 := 35
R2["NPCFromX"] := R3
R3 := 108
R2["NPCFromY"] := R3
R3 := "수상한 나무 막대"
R2["NPCToName"] := R3
R3 := "ma_dun01"
R2["NPCToMap"] := R3
R3 := "4_BULLETIN_BOARD2"
R2["NPCToSpr"] := R3
R3 := 152
R2["NPCToX"] := R3
R3 := 23
R2["NPCToY"] := R3
R2["Item"] := ""
R2["PrizeItem"] := ""
R3 := "포트말라야의 간호사"
R2["Title"] := R3
R3 := "그 부적을 아까 2층 입구에서 본 부적에 붙여봐요. 그 부적의 불길한 기운을 막아 줄지도 모르잖아요?"
R2["Info"] := R3
R2["Hunt1"] := ""
R2["Hunt2"] := ""
R2["Hunt3"] := ""
R2["Time"] := "0"
R2["LV"] := "0"
R0[R1] := R2
R1 := 11308
R2 := {}
R3 := "수상한 나무 막대"
R2["NPCFromName"] := R3
R3 := "ma_dun01"
R2["NPCFromMap"] := R3
R3 := "4_BULLETIN_BOARD2"
R2["NPCFromSpr"] := R3
R3 := 152
R2["NPCFromX"] := R3
R3 := 23
R2["NPCFromY"] := R3
R3 := "간호사"
R2["NPCToName"] := R3
R2["NPCToMap"] := "malaya"
R3 := "4_F_NURSE"
R2["NPCToSpr"] := R3
R3 := 35
R2["NPCToX"] := R3
R3 := 108
R2["NPCToY"] := R3
R2["Item"] := ""
R3 := " < image = \"617\">오래된보라상자<\\end> (1) < image = \"6499\">고대원한<\\end> (3) < image = \"6497\">소부적<\\end> (5) < image = \"6499\">고대원한(PC)<\\end> (5) < image = \"6497\">소부적(PC)<\\end> (10)"
R2["PrizeItem"] := R3
R3 := "포트말라야의 간호사"
R2["Title"] := R3
R3 := "부적 위에 부적을 붙이자 라즈의 말대로 불긴한 기운이 사그라 들기 시작했다."
R2["Info"] := R3
R2["Hunt1"] := ""
R2["Hunt2"] := ""
R2["Hunt3"] := ""
R2["Time"] := "0"
R2["LV"] := "0"
R0[R1] := R2
R1 := 11309
R2 := {}
R3 := "간호사"
R2["NPCFromName"] := R3
R2["NPCFromMap"] := "malaya"
R3 := "4_F_NURSE"
R2["NPCFromSpr"] := R3
R3 := 35
R2["NPCFromX"] := R3
R3 := 108
R2["NPCFromY"] := R3
R3 := "간호사"
R2["NPCToName"] := R3
R2["NPCToMap"] := "malaya"
R3 := "4_F_NURSE"
R2["NPCToSpr"] := R3
R3 := 35
R2["NPCToX"] := R3
R3 := 108
R2["NPCToY"] := R3
R2["Item"] := ""
R3 := " < image = \"617\">오래된보라상자<\\end> (1) < image = \"6499\">고대원한<\\end> (3) < image = \"6497\">소부적<\\end> (5) < image = \"6499\">고대원한(PC)<\\end> (5) < image = \"6497\">소부적(PC)<\\end> (10)"
R2["PrizeItem"] := R3
R3 := "포트말라야의 간호사"
R2["Title"] := R3
R3 := "물론 제 일을 방해한 것도 모자라 그녀를 방까지 안내한 당신에게도 책임은 있으니 혼자 빠져나갈 생각은 하지 마세요."
R2["Info"] := R3
R3 := " < link = \"BANGUNGOT_3\">방군곳<\\end>"
R2["Hunt1"] := R3
R2["Hunt2"] := ""
R2["Hunt3"] := ""
R2["Time"] := "0"
R2["LV"] := "0"
R0[R1] := R2
R1 := 2271
R2 := {}
R3 := "경비대원"
R2["NPCFromName"] := R3
R2["NPCFromMap"] := "malaya"
R2["NPCFromSpr"] := "4_MAL_SOLDIER"
R3 := 305
R2["NPCFromX"] := R3
R3 := 281
R2["NPCFromY"] := R3
R3 := "포트 말라야 주민"
R2["NPCToName"] := R3
R2["NPCToMap"] := "malaya"
R2["NPCToSpr"] := "4_M_MALAYA"
R3 := 276
R2["NPCToX"] := R3
R3 := 288
R2["NPCToY"] := R3
R2["Item"] := ""
R2["PrizeItem"] := ""
R3 := "숲 속의 비밀"
R2["Title"] := R3
R3 := "포트 말라야의 경비대원은 최근 소문 속 보물이 주민들의 화제거리라 했다."
R2["Info"] := R3
R2["Hunt1"] := ""
R2["Hunt2"] := ""
R2["Hunt3"] := ""
R2["Time"] := "0"
R2["LV"] := "0"
R0[R1] := R2
R1 := 2272
R2 := {}
R3 := "포트 말라야 주민"
R2["NPCFromName"] := R3
R2["NPCFromMap"] := "malaya"
R2["NPCFromSpr"] := "4_M_MALAYA"
R3 := 276
R2["NPCFromX"] := R3
R3 := 288
R2["NPCFromY"] := R3
R3 := "토토이"
R2["NPCToName"] := R3
R2["NPCToMap"] := "ma_in01"
R3 := "4_M_BARYO_BOY"
R2["NPCToSpr"] := R3
R3 := 47
R2["NPCToX"] := R3
R3 := 101
R2["NPCToY"] := R3
R3 := " < image = \"506\">초록포션<\\end> (1)"
R2["Item"] := R3
R2["PrizeItem"] := ""
R3 := "숲 속의 비밀"
R2["Title"] := R3
R3 := "마을 주민의 증언에 따르면 여관의 토토이라는 사람이 보물의 위치를 아는 것 같다."
R2["Info"] := R3
R2["Hunt1"] := ""
R2["Hunt2"] := ""
R2["Hunt3"] := ""
R2["Time"] := "0"
R2["LV"] := "0"
R0[R1] := R2
R1 := 2273
R2 := {}
R3 := "토토이"
R2["NPCFromName"] := R3
R2["NPCFromMap"] := "ma_in01"
R3 := "4_M_BARYO_BOY"
R2["NPCFromSpr"] := R3
R3 := 47
R2["NPCFromX"] := R3
R3 := 101
R2["NPCFromY"] := R3
R3 := "사냥의 달인"
R2["NPCToName"] := R3
R2["NPCToMap"] := "malaya"
R3 := "4_M_BARYO_MAN"
R2["NPCToSpr"] := R3
R3 := 290
R2["NPCToX"] := R3
R3 := 152
R2["NPCToY"] := R3
R2["Item"] := ""
R2["PrizeItem"] := ""
R3 := "숲 속의 비밀"
R2["Title"] := R3
R3 := "도구점에 머무르고 있는 사냥의 달인이 괴물에 대해 알 것 같다."
R2["Info"] := R3
R2["Hunt1"] := ""
R2["Hunt2"] := ""
R2["Hunt3"] := ""
R2["Time"] := "0"
R2["LV"] := "0"
R0[R1] := R2
R1 := 2274
R2 := {}
R3 := "사냥의 달인"
R2["NPCFromName"] := R3
R2["NPCFromMap"] := "malaya"
R3 := "4_M_BARYO_MAN"
R2["NPCFromSpr"] := R3
R3 := 290
R2["NPCFromX"] := R3
R3 := 152
R2["NPCFromY"] := R3
R3 := "무언가의 흔적"
R2["NPCToName"] := R3
R2["NPCToMap"] := "ma_fild02"
R3 := "4_SOIL"
R2["NPCToSpr"] := R3
R3 := -1
R2["NPCToX"] := R3
R3 := -1
R2["NPCToY"] := R3
R3 := " < image = \"6519\">채집된표본<\\end> (10)"
R2["Item"] := R3
R2["PrizeItem"] := ""
R3 := "숲 속의 비밀"
R2["Title"] := R3
R3 := "사냥의 달인은 토토이가 괴물을 본 장소에서 동물의 표본을 10개 채집해 오라고 했다."
R2["Info"] := R3
R2["Hunt1"] := ""
R2["Hunt2"] := ""
R2["Hunt3"] := ""
R2["Time"] := "0"
R2["LV"] := "0"
R0[R1] := R2
R1 := 2275
R2 := {}
R3 := "사냥의 달인"
R2["NPCFromName"] := R3
R2["NPCFromMap"] := "malaya"
R3 := "4_M_BARYO_MAN"
R2["NPCFromSpr"] := R3
R3 := 290
R2["NPCFromX"] := R3
R3 := 152
R2["NPCFromY"] := R3
R3 := "사냥의 달인"
R2["NPCToName"] := R3
R2["NPCToMap"] := "malaya"
R3 := "4_M_BARYO_MAN"
R2["NPCToSpr"] := R3
R3 := 290
R2["NPCToX"] := R3
R3 := 152
R2["NPCToY"] := R3
R2["Item"] := ""
R2["PrizeItem"] := ""
R3 := "숲 속의 비밀"
R2["Title"] := R3
R3 := "사냥의 달인과 함께 힘들게 채집해 온 표본을 조사한다."
R2["Info"] := R3
R2["Hunt1"] := ""
R2["Hunt2"] := ""
R2["Hunt3"] := ""
R2["Time"] := "0"
R2["LV"] := "0"
R0[R1] := R2
R1 := 2276
R2 := {}
R3 := "사냥의 달인"
R2["NPCFromName"] := R3
R2["NPCFromMap"] := "malaya"
R3 := "4_M_BARYO_MAN"
R2["NPCFromSpr"] := R3
R3 := 290
R2["NPCFromX"] := R3
R3 := 152
R2["NPCFromY"] := R3
R3 := "경비대장"
R2["NPCToName"] := R3
R2["NPCToMap"] := "malaya"
R3 := "4_MAL_CAPTAIN"
R2["NPCToSpr"] := R3
R3 := 290
R2["NPCToX"] := R3
R3 := 340
R2["NPCToY"] := R3
R2["Item"] := ""
R2["PrizeItem"] := ""
R3 := "숲 속의 비밀"
R2["Title"] := R3
R3 := "토토이가 본 건 무시무시한 부워여였다. 경비대장에게 어서 이 소식을 전하자!"
R2["Info"] := R3
R2["Hunt1"] := ""
R2["Hunt2"] := ""
R2["Hunt3"] := ""
R2["Time"] := "0"
R2["LV"] := "0"
R0[R1] := R2
R1 := 2277
R2 := {}
R3 := "경비대장"
R2["NPCFromName"] := R3
R2["NPCFromMap"] := "malaya"
R3 := "4_MAL_CAPTAIN"
R2["NPCFromSpr"] := R3
R3 := 290
R2["NPCFromX"] := R3
R3 := 340
R2["NPCFromY"] := R3
R3 := "개"
R2["NPCToName"] := R3
R2["NPCToMap"] := "ma_fild02"
R3 := "4_DOG01"
R2["NPCToSpr"] := R3
R3 := 312
R2["NPCToX"] := R3
R3 := 259
R2["NPCToY"] := R3
R2["Item"] := ""
R2["PrizeItem"] := ""
R3 := "숲 속의 비밀"
R2["Title"] := R3
R3 := "경비대장은 주민들의 안전을 위해 부워여의 출몰장소에 가서 연막탄을 쏘아달라고 했다."
R2["Info"] := R3
R2["Hunt1"] := ""
R2["Hunt2"] := ""
R2["Hunt3"] := ""
R2["Time"] := "0"
R2["LV"] := "0"
R0[R1] := R2
R1 := 2278
R2 := {}
R3 := "개"
R2["NPCFromName"] := R3
R2["NPCFromMap"] := "ma_fild02"
R3 := "4_DOG01"
R2["NPCFromSpr"] := R3
R3 := 312
R2["NPCFromX"] := R3
R3 := 259
R2["NPCFromY"] := R3
R3 := "토토이"
R2["NPCToName"] := R3
R2["NPCToMap"] := "ma_in01"
R3 := "4_M_BARYO_BOY"
R2["NPCToSpr"] := R3
R3 := 47
R2["NPCToX"] := R3
R3 := 101
R2["NPCToY"] := R3
R2["Item"] := ""
R2["PrizeItem"] := ""
R3 := "숲 속의 비밀"
R2["Title"] := R3
R3 := "목표완료! 우선 토토이에게 에드를 데려다주는 것이 좋을 것 같다."
R2["Info"] := R3
R2["Hunt1"] := ""
R2["Hunt2"] := ""
R2["Hunt3"] := ""
R2["Time"] := "0"
R2["LV"] := "0"
R0[R1] := R2
R1 := 2279
R2 := {}
R3 := "토토이"
R2["NPCFromName"] := R3
R2["NPCFromMap"] := "ma_in01"
R3 := "4_M_BARYO_BOY"
R2["NPCFromSpr"] := R3
R3 := 47
R2["NPCFromX"] := R3
R3 := 101
R2["NPCFromY"] := R3
R3 := "토토이"
R2["NPCToName"] := R3
R2["NPCToMap"] := "ma_in01"
R3 := "4_M_BARYO_BOY"
R2["NPCToSpr"] := R3
R3 := 47
R2["NPCToX"] := R3
R3 := 101
R2["NPCToY"] := R3
R2["Item"] := ""
R3 := " < image = \"6497\">소부적<\\end> (5) < image = \"6497\">소부적(PC)<\\end> (10)"
R2["PrizeItem"] := R3
R3 := "숲 속의 비밀"
R2["Title"] := R3
R3 := "토토이는 당신의 호의에 감사하며 보답을 위해 잠시 자리를 비웠다."
R2["Info"] := R3
R2["Hunt1"] := ""
R2["Hunt2"] := ""
R2["Hunt3"] := ""
R2["Time"] := "0"
R2["LV"] := "0"
R0[R1] := R2
R1 := 2280
R2 := {}
R3 := "토토이"
R2["NPCFromName"] := R3
R2["NPCFromMap"] := "ma_in01"
R3 := "4_M_BARYO_BOY"
R2["NPCFromSpr"] := R3
R3 := 47
R2["NPCFromX"] := R3
R3 := 101
R2["NPCFromY"] := R3
R3 := "경비대장"
R2["NPCToName"] := R3
R2["NPCToMap"] := "malaya"
R3 := "4_MAL_CAPTAIN"
R2["NPCToSpr"] := R3
R3 := 290
R2["NPCToX"] := R3
R3 := 340
R2["NPCToY"] := R3
R2["Item"] := ""
R2["PrizeItem"] := ""
R3 := "숲 속의 비밀"
R2["Title"] := R3
R3 := "토토이와 볼일을 모두 끝났다. 이제 경비대장에게 부워여에 관한 이야기를 나누자."
R2["Info"] := R3
R2["Hunt1"] := ""
R2["Hunt2"] := ""
R2["Hunt3"] := ""
R2["Time"] := "0"
R2["LV"] := "0"
R0[R1] := R2
R1 := 2281
R2 := {}
R3 := "경비대장"
R2["NPCFromName"] := R3
R2["NPCFromMap"] := "malaya"
R3 := "4_MAL_CAPTAIN"
R2["NPCFromSpr"] := R3
R3 := 290
R2["NPCFromX"] := R3
R3 := 340
R2["NPCFromY"] := R3
R3 := "경비대장"
R2["NPCToName"] := R3
R2["NPCToMap"] := "malaya"
R3 := "4_MAL_CAPTAIN"
R2["NPCToSpr"] := R3
R3 := 290
R2["NPCToX"] := R3
R3 := 340
R2["NPCToY"] := R3
R2["Item"] := ""
R3 := " < image = \"6497\">소부적<\\end> (3) < image = \"6497\">소부적(PC)<\\end> (6)"
R2["PrizeItem"] := R3
R3 := "부워여 처치"
R2["Title"] := R3
R3 := "부워여 동굴로 가 부워여를 처치하고 경비대장에게 돌아가자."
R2["Info"] := R3
R3 := " < link = \"BUWAYA\">부워여<\\end>"
R2["Hunt1"] := R3
R2["Hunt2"] := ""
R2["Hunt3"] := ""
R2["Time"] := "0"
R2["LV"] := "0"
R0[R1] := R2
malayaQuest_List := R0
return 
