R0 := {}
R1 := {}
R1["name"] := "데와타"
R1["imagefile"] := "ep_test_sample.bmp"
R2 := {}
R3 := {}
R3["name"] := "전통음료!!"
R4 := {}
R5 := {}
R5["name"] := "노인을 도와라 !!"
R5["scrfilename"] := "DewataQuest"
R5["questID"] := 5035
R6 := {}
R6["name"] := "노인을 도와라 !!"
R6["scrfilename"] := "DewataQuest"
R6["questID"] := 5036
R7 := {}
R7["name"] := "노인을 도와라 !!"
R7["scrfilename"] := "DewataQuest"
R7["questID"] := 5037
R8 := {}
R8["name"] := "노인을 도와라 !!"
R8["scrfilename"] := "DewataQuest"
R8["questID"] := 5038
R9 := {}
R9["name"] := "노인을 도와라 !!"
R9["scrfilename"] := "DewataQuest"
R9["questID"] := 5039
R10 := {}
R10["name"] := "노인을 도와라 !!"
R10["scrfilename"] := "DewataQuest"
R10["questID"] := 5040
R11 := {}
R11["name"] := "노인을 도와라 !!"
R11["scrfilename"] := "DewataQuest"
R11["questID"] := 5041
R12 := {}
R12["name"] := "노인을 도와라 !!"
R12["scrfilename"] := "DewataQuest"
R12["questID"] := 5042
R13 := {}
R13["name"] := "노인을 도와라 !!"
R13["scrfilename"] := "DewataQuest"
R13["questID"] := 5043
R4[1,2,3,4,5,6,7,8,9] := R5,R6,R7,R8,R9,R10,R11,R12,R13
R3["list"] := R4
R4 := {}
R4["name"] := "전통무기!!"
R5 := {}
R6 := {}
R6["name"] := "전통무기"
R6["scrfilename"] := "DewataQuest"
R6["questID"] := 5052
R7 := {}
R7["name"] := "전통무기"
R7["scrfilename"] := "DewataQuest"
R7["questID"] := 5053
R8 := {}
R8["name"] := "전통무기"
R8["scrfilename"] := "DewataQuest"
R8["questID"] := 5054
R5[1,2,3] := R6,R7,R8
R4["list"] := R5
R5 := {}
R5["name"] := "전설"
R6 := {}
R7 := {}
R7["name"] := "자티 왕관 제작 재료 구하기"
R7["scrfilename"] := "DewataQuest"
R7["questID"] := 9155
R8 := {}
R8["name"] := "자티 왕관 제작"
R8["scrfilename"] := "DewataQuest"
R8["questID"] := 9156
R9 := {}
R9["name"] := "현자 카시아파의 보답"
R9["scrfilename"] := "DewataQuest"
R9["questID"] := 9157
R10 := {}
R10["name"] := "경사스러운 소식 전하기(1)"
R10["scrfilename"] := "DewataQuest"
R10["questID"] := 9158
R11 := {}
R11["name"] := "파이코에게 돌아가기"
R11["scrfilename"] := "DewataQuest"
R11["questID"] := 9159
R12 := {}
R12["name"] := "경사스러운 소식 전하기(2)"
R12["scrfilename"] := "DewataQuest"
R12["questID"] := 9160
R13 := {}
R13["name"] := "파이코에게 돌아가기"
R13["scrfilename"] := "DewataQuest"
R13["questID"] := 9161
R14 := {}
R14["name"] := "경사스러운 소식 전하기(3)"
R14["scrfilename"] := "DewataQuest"
R14["questID"] := 9162
R15 := {}
R15["name"] := "파이코에게 돌아가기"
R15["scrfilename"] := "DewataQuest"
R15["questID"] := 9163
R16 := {}
R16["name"] := "경사스러운 소식 전하기(4)"
R16["scrfilename"] := "DewataQuest"
R16["questID"] := 9164
R17 := {}
R17["name"] := "자티왕관의 제작 성공과 파이코의 보답"
R17["scrfilename"] := "DewataQuest"
R17["questID"] := 9165
R6[1,2,3,4,5,6,7,8,9,10,11] := R7,R8,R9,R10,R11,R12,R13,R14,R15,R16,R17
R5["list"] := R6
R2[1,2,3] := R3,R4,R5
R1["list"] := R2
R0[1] := R1
LOCAL_DewataQuest_List := R0
return 
