R0 := {}
R0["/battlemode"] := 0
R0["/notrade"] := 0
R0["/noshift"] := 0
R0["/noctrl"] := 1
R0["/skillfail"] := 1
R0["/notalkmsg"] := 0
R0["/notalkmsg2"] := 0
R0["/showname"] := 1
R0["/fog"] := 1
R0["/aura"] := 1
R0["/window"] := 0
R0["/miss"] := 1
R0["/q1"] := 0
R0["/q2"] := 0
R0["/effect"] := 1
R0["/bgm"] := 1
R0["/sound"] := 1
R0["/loginout"] := 1
R0["/shopping"] := 1
R0["/stateinfo"] := 1
R0["/snap"] := 0
R0["/itemsnap"] := 0
R0["/skillsnap"] := 1
R0["/hoai"] := 0
R0["/merai"] := 0
R0["/camera"] := 0
R0["/btg"] := 1
R0["/lightmap"] := 1
CmdOnOffList := R0
R0 := {}
R0["Window_XPos"] := -1
R0["Window_YPos"] := -1
R0["Trilinear"] := 0
R0["Bgm_Volume"] := 100
R0["Effect_Volume"] := 100
R0["AutoOpen1to1Window"] := 1
R0["AutoOpen1to1Window_Friend"] := 1
R0["PlaySound_Open1to1Window"] := 1
R0["Simplicity_SkillList"] := 0
R0["Show_SkillDescript"] := 0
R0["ChangeChatMode"] := 1
R0["LockMouse"] := 0
R0["ChannelCopID"] := 0
R0["Outdoor_ViewLatitude"] := -45
R0["Outdoor_ViewDistance"] := 400
R0["Indoor_ViewLatitude"] := -45
R0["Indoor_ViewDistance"] := 300
R0["SkinName"] := "<Basic Skin>"
R0["MouseExclusive"] := 1
OptionInfoList := R0
return 
