R0 := {}
R1 := {}
R2 := {}
R3 := -2
R4 := 2
R5 := -2
R2[1,2,3] := R3,R4,R5
R1["dir1"] := R2
R2 := {}
R3 := 2
R4 := -1
R5 := 2
R2[1,2,3] := R3,R4,R5
R1["dir2"] := R2
R2 := {}
R3 := 0.7
R4 := -2
R5 := 1
R2[1,2,3] := R3,R4,R5
R1["gravity"] := R2
R2 := {}
R3 := -24.8
R4 := -13.7
R5 := -178.4
R2[1,2,3] := R3,R4,R5
R1["pos"] := R2
R2 := {}
R3 := -1
R4 := 2
R5 := -1
R2[1,2,3] := R3,R4,R5
R1["radius"] := R2
R2 := {}
R3 := 220
R4 := 160
R5 := 50
R6 := 40
R2[1,2,3,4] := R3,R4,R5,R6
R1["color"] := R2
R2 := {}
R3 := 20
R4 := 100
R2[1,2] := R3,R4
R1["rate"] := R2
R2 := {}
R3 := 3
R4 := 8
R2[1,2] := R3,R4
R1["size"] := R2
R2 := {}
R3 := 5
R4 := 10
R2[1,2] := R3,R4
R1["life"] := R2
R1["texture"] := "smoke2.bmp"
R2 := {}
R3 := 1
R2[1] := R3
R1["speed"] := R2
R2 := {}
R3 := 5
R2[1] := R3
R1["srcmode"] := R2
R2 := {}
R3 := 2
R2[1] := R3
R1["destmode"] := R2
R2 := {}
R3 := 40
R2[1] := R3
R1["maxcount"] := R2
R0[0] := R1
R1 := {}
R2 := {}
R3 := -2
R4 := 2
R5 := -2
R2[1,2,3] := R3,R4,R5
R1["dir1"] := R2
R2 := {}
R3 := 2
R4 := -1
R5 := 2
R2[1,2,3] := R3,R4,R5
R1["dir2"] := R2
R2 := {}
R3 := 0.7
R4 := -2
R5 := 1
R2[1,2,3] := R3,R4,R5
R1["gravity"] := R2
R2 := {}
R3 := -198.6
R4 := -13.8
R5 := 102.9
R2[1,2,3] := R3,R4,R5
R1["pos"] := R2
R2 := {}
R3 := -1
R4 := 2
R5 := -1
R2[1,2,3] := R3,R4,R5
R1["radius"] := R2
R2 := {}
R3 := 220
R4 := 160
R5 := 50
R6 := 40
R2[1,2,3,4] := R3,R4,R5,R6
R1["color"] := R2
R2 := {}
R3 := 20
R4 := 100
R2[1,2] := R3,R4
R1["rate"] := R2
R2 := {}
R3 := 3
R4 := 8
R2[1,2] := R3,R4
R1["size"] := R2
R2 := {}
R3 := 5
R4 := 10
R2[1,2] := R3,R4
R1["life"] := R2
R1["texture"] := "smoke2.bmp"
R2 := {}
R3 := 1
R2[1] := R3
R1["speed"] := R2
R2 := {}
R3 := 5
R2[1] := R3
R1["srcmode"] := R2
R2 := {}
R3 := 2
R2[1] := R3
R1["destmode"] := R2
R2 := {}
R3 := 40
R2[1] := R3
R1["maxcount"] := R2
R0[1] := R1
R1 := {}
R2 := {}
R3 := -2
R4 := 2
R5 := -2
R2[1,2,3] := R3,R4,R5
R1["dir1"] := R2
R2 := {}
R3 := 2
R4 := -1
R5 := 2
R2[1,2,3] := R3,R4,R5
R1["dir2"] := R2
R2 := {}
R3 := 0.7
R4 := -2
R5 := 1
R2[1,2,3] := R3,R4,R5
R1["gravity"] := R2
R2 := {}
R3 := 99.9
R4 := -11.8
R5 := -61.2
R2[1,2,3] := R3,R4,R5
R1["pos"] := R2
R2 := {}
R3 := -1
R4 := 2
R5 := -1
R2[1,2,3] := R3,R4,R5
R1["radius"] := R2
R2 := {}
R3 := 220
R4 := 160
R5 := 50
R6 := 40
R2[1,2,3,4] := R3,R4,R5,R6
R1["color"] := R2
R2 := {}
R3 := 20
R4 := 100
R2[1,2] := R3,R4
R1["rate"] := R2
R2 := {}
R3 := 3
R4 := 8
R2[1,2] := R3,R4
R1["size"] := R2
R2 := {}
R3 := 5
R4 := 10
R2[1,2] := R3,R4
R1["life"] := R2
R1["texture"] := "smoke2.bmp"
R2 := {}
R3 := 1
R2[1] := R3
R1["speed"] := R2
R2 := {}
R3 := 5
R2[1] := R3
R1["srcmode"] := R2
R2 := {}
R3 := 2
R2[1] := R3
R1["destmode"] := R2
R2 := {}
R3 := 40
R2[1] := R3
R1["maxcount"] := R2
R0[2] := R1
R1 := {}
R2 := {}
R3 := -2
R4 := 2
R5 := -2
R2[1,2,3] := R3,R4,R5
R1["dir1"] := R2
R2 := {}
R3 := 2
R4 := -1
R5 := 2
R2[1,2,3] := R3,R4,R5
R1["dir2"] := R2
R2 := {}
R3 := 0.7
R4 := -2
R5 := 1
R2[1,2,3] := R3,R4,R5
R1["gravity"] := R2
R2 := {}
R3 := -125.6
R4 := -6.8
R5 := -38.3
R2[1,2,3] := R3,R4,R5
R1["pos"] := R2
R2 := {}
R3 := -1
R4 := 2
R5 := -1
R2[1,2,3] := R3,R4,R5
R1["radius"] := R2
R2 := {}
R3 := 220
R4 := 160
R5 := 50
R6 := 40
R2[1,2,3,4] := R3,R4,R5,R6
R1["color"] := R2
R2 := {}
R3 := 20
R4 := 100
R2[1,2] := R3,R4
R1["rate"] := R2
R2 := {}
R3 := 3
R4 := 8
R2[1,2] := R3,R4
R1["size"] := R2
R2 := {}
R3 := 5
R4 := 10
R2[1,2] := R3,R4
R1["life"] := R2
R1["texture"] := "smoke2.bmp"
R2 := {}
R3 := 1
R2[1] := R3
R1["speed"] := R2
R2 := {}
R3 := 5
R2[1] := R3
R1["srcmode"] := R2
R2 := {}
R3 := 2
R2[1] := R3
R1["destmode"] := R2
R2 := {}
R3 := 40
R2[1] := R3
R1["maxcount"] := R2
R0[3] := R1
R1 := {}
R2 := {}
R3 := -2
R4 := 2
R5 := -2
R2[1,2,3] := R3,R4,R5
R1["dir1"] := R2
R2 := {}
R3 := 2
R4 := -1
R5 := 2
R2[1,2,3] := R3,R4,R5
R1["dir2"] := R2
R2 := {}
R3 := 0.7
R4 := -2
R5 := 1
R2[1,2,3] := R3,R4,R5
R1["gravity"] := R2
R2 := {}
R3 := -38.6
R4 := 4.2
R5 := 95
R2[1,2,3] := R3,R4,R5
R1["pos"] := R2
R2 := {}
R3 := -1
R4 := 2
R5 := -1
R2[1,2,3] := R3,R4,R5
R1["radius"] := R2
R2 := {}
R3 := 220
R4 := 160
R5 := 50
R6 := 40
R2[1,2,3,4] := R3,R4,R5,R6
R1["color"] := R2
R2 := {}
R3 := 20
R4 := 100
R2[1,2] := R3,R4
R1["rate"] := R2
R2 := {}
R3 := 3
R4 := 8
R2[1,2] := R3,R4
R1["size"] := R2
R2 := {}
R3 := 5
R4 := 10
R2[1,2] := R3,R4
R1["life"] := R2
R1["texture"] := "smoke2.bmp"
R2 := {}
R3 := 1
R2[1] := R3
R1["speed"] := R2
R2 := {}
R3 := 5
R2[1] := R3
R1["srcmode"] := R2
R2 := {}
R3 := 2
R2[1] := R3
R1["destmode"] := R2
R2 := {}
R3 := 40
R2[1] := R3
R1["maxcount"] := R2
R0[4] := R1
R1 := {}
R2 := {}
R3 := -2
R4 := 2
R5 := -2
R2[1,2,3] := R3,R4,R5
R1["dir1"] := R2
R2 := {}
R3 := 2
R4 := -1
R5 := 2
R2[1,2,3] := R3,R4,R5
R1["dir2"] := R2
R2 := {}
R3 := 0.7
R4 := -2
R5 := 1
R2[1,2,3] := R3,R4,R5
R1["gravity"] := R2
R2 := {}
R3 := 115.9
R4 := -0.8
R5 := 98.8
R2[1,2,3] := R3,R4,R5
R1["pos"] := R2
R2 := {}
R3 := -1
R4 := 2
R5 := -1
R2[1,2,3] := R3,R4,R5
R1["radius"] := R2
R2 := {}
R3 := 220
R4 := 160
R5 := 50
R6 := 40
R2[1,2,3,4] := R3,R4,R5,R6
R1["color"] := R2
R2 := {}
R3 := 20
R4 := 100
R2[1,2] := R3,R4
R1["rate"] := R2
R2 := {}
R3 := 3
R4 := 8
R2[1,2] := R3,R4
R1["size"] := R2
R2 := {}
R3 := 5
R4 := 10
R2[1,2] := R3,R4
R1["life"] := R2
R1["texture"] := "smoke2.bmp"
R2 := {}
R3 := 1
R2[1] := R3
R1["speed"] := R2
R2 := {}
R3 := 5
R2[1] := R3
R1["srcmode"] := R2
R2 := {}
R3 := 2
R2[1] := R3
R1["destmode"] := R2
R2 := {}
R3 := 40
R2[1] := R3
R1["maxcount"] := R2
R0[5] := R1
R1 := {}
R2 := {}
R3 := -2
R4 := 2
R5 := -2
R2[1,2,3] := R3,R4,R5
R1["dir1"] := R2
R2 := {}
R3 := 2
R4 := -1
R5 := 2
R2[1,2,3] := R3,R4,R5
R1["dir2"] := R2
R2 := {}
R3 := 0.7
R4 := -2
R5 := 1
R2[1,2,3] := R3,R4,R5
R1["gravity"] := R2
R2 := {}
R3 := 134.9
R4 := -65.8
R5 := -191.3
R2[1,2,3] := R3,R4,R5
R1["pos"] := R2
R2 := {}
R3 := -1
R4 := 2
R5 := -1
R2[1,2,3] := R3,R4,R5
R1["radius"] := R2
R2 := {}
R3 := 220
R4 := 160
R5 := 50
R6 := 40
R2[1,2,3,4] := R3,R4,R5,R6
R1["color"] := R2
R2 := {}
R3 := 20
R4 := 100
R2[1,2] := R3,R4
R1["rate"] := R2
R2 := {}
R3 := 3
R4 := 8
R2[1,2] := R3,R4
R1["size"] := R2
R2 := {}
R3 := 5
R4 := 10
R2[1,2] := R3,R4
R1["life"] := R2
R1["texture"] := "smoke2.bmp"
R2 := {}
R3 := 1
R2[1] := R3
R1["speed"] := R2
R2 := {}
R3 := 5
R2[1] := R3
R1["srcmode"] := R2
R2 := {}
R3 := 2
R2[1] := R3
R1["destmode"] := R2
R2 := {}
R3 := 40
R2[1] := R3
R1["maxcount"] := R2
R0[6] := R1
R1 := {}
R2 := {}
R3 := -2
R4 := 2
R5 := -2
R2[1,2,3] := R3,R4,R5
R1["dir1"] := R2
R2 := {}
R3 := 2
R4 := -1
R5 := 2
R2[1,2,3] := R3,R4,R5
R1["dir2"] := R2
R2 := {}
R3 := 0.7
R4 := -2
R5 := 1
R2[1,2,3] := R3,R4,R5
R1["gravity"] := R2
R2 := {}
R3 := 166
R4 := -57.8
R5 := 2.3
R2[1,2,3] := R3,R4,R5
R1["pos"] := R2
R2 := {}
R3 := -1
R4 := 2
R5 := -1
R2[1,2,3] := R3,R4,R5
R1["radius"] := R2
R2 := {}
R3 := 220
R4 := 160
R5 := 50
R6 := 40
R2[1,2,3,4] := R3,R4,R5,R6
R1["color"] := R2
R2 := {}
R3 := 20
R4 := 100
R2[1,2] := R3,R4
R1["rate"] := R2
R2 := {}
R3 := 3
R4 := 8
R2[1,2] := R3,R4
R1["size"] := R2
R2 := {}
R3 := 5
R4 := 10
R2[1,2] := R3,R4
R1["life"] := R2
R1["texture"] := "smoke2.bmp"
R2 := {}
R3 := 1
R2[1] := R3
R1["speed"] := R2
R2 := {}
R3 := 5
R2[1] := R3
R1["srcmode"] := R2
R2 := {}
R3 := 2
R2[1] := R3
R1["destmode"] := R2
R2 := {}
R3 := 40
R2[1] := R3
R1["maxcount"] := R2
R0[7] := R1
R1 := {}
R2 := {}
R3 := -2
R4 := 2
R5 := -2
R2[1,2,3] := R3,R4,R5
R1["dir1"] := R2
R2 := {}
R3 := 2
R4 := -1
R5 := 2
R2[1,2,3] := R3,R4,R5
R1["dir2"] := R2
R2 := {}
R3 := 0.7
R4 := -2
R5 := 1
R2[1,2,3] := R3,R4,R5
R1["gravity"] := R2
R2 := {}
R3 := -254.4
R4 := -84.8
R5 := -120.8
R2[1,2,3] := R3,R4,R5
R1["pos"] := R2
R2 := {}
R3 := -1
R4 := 2
R5 := -1
R2[1,2,3] := R3,R4,R5
R1["radius"] := R2
R2 := {}
R3 := 220
R4 := 160
R5 := 50
R6 := 40
R2[1,2,3,4] := R3,R4,R5,R6
R1["color"] := R2
R2 := {}
R3 := 20
R4 := 100
R2[1,2] := R3,R4
R1["rate"] := R2
R2 := {}
R3 := 3
R4 := 8
R2[1,2] := R3,R4
R1["size"] := R2
R2 := {}
R3 := 5
R4 := 10
R2[1,2] := R3,R4
R1["life"] := R2
R1["texture"] := "smoke2.bmp"
R2 := {}
R3 := 1
R2[1] := R3
R1["speed"] := R2
R2 := {}
R3 := 5
R2[1] := R3
R1["srcmode"] := R2
R2 := {}
R3 := 2
R2[1] := R3
R1["destmode"] := R2
R2 := {}
R3 := 40
R2[1] := R3
R1["maxcount"] := R2
R0[8] := R1
R1 := {}
R2 := {}
R3 := -2
R4 := 2
R5 := -2
R2[1,2,3] := R3,R4,R5
R1["dir1"] := R2
R2 := {}
R3 := 2
R4 := -1
R5 := 2
R2[1,2,3] := R3,R4,R5
R1["dir2"] := R2
R2 := {}
R3 := 0.7
R4 := -2
R5 := 1
R2[1,2,3] := R3,R4,R5
R1["gravity"] := R2
R2 := {}
R3 := 4.2
R4 := -63.8
R5 := -255.8
R2[1,2,3] := R3,R4,R5
R1["pos"] := R2
R2 := {}
R3 := -1
R4 := 2
R5 := -1
R2[1,2,3] := R3,R4,R5
R1["radius"] := R2
R2 := {}
R3 := 220
R4 := 160
R5 := 50
R6 := 40
R2[1,2,3,4] := R3,R4,R5,R6
R1["color"] := R2
R2 := {}
R3 := 20
R4 := 100
R2[1,2] := R3,R4
R1["rate"] := R2
R2 := {}
R3 := 3
R4 := 8
R2[1,2] := R3,R4
R1["size"] := R2
R2 := {}
R3 := 5
R4 := 10
R2[1,2] := R3,R4
R1["life"] := R2
R1["texture"] := "smoke2.bmp"
R2 := {}
R3 := 1
R2[1] := R3
R1["speed"] := R2
R2 := {}
R3 := 5
R2[1] := R3
R1["srcmode"] := R2
R2 := {}
R3 := 2
R2[1] := R3
R1["destmode"] := R2
R2 := {}
R3 := 40
R2[1] := R3
R1["maxcount"] := R2
R0[9] := R1
R1 := {}
R2 := {}
R3 := -2
R4 := 2
R5 := -2
R2[1,2,3] := R3,R4,R5
R1["dir1"] := R2
R2 := {}
R3 := 2
R4 := -1
R5 := 2
R2[1,2,3] := R3,R4,R5
R1["dir2"] := R2
R2 := {}
R3 := 0.7
R4 := -2
R5 := 1
R2[1,2,3] := R3,R4,R5
R1["gravity"] := R2
R2 := {}
R3 := -261.3
R4 := -83.8
R5 := -102.2
R2[1,2,3] := R3,R4,R5
R1["pos"] := R2
R2 := {}
R3 := -1
R4 := 2
R5 := -1
R2[1,2,3] := R3,R4,R5
R1["radius"] := R2
R2 := {}
R3 := 220
R4 := 160
R5 := 50
R6 := 40
R2[1,2,3,4] := R3,R4,R5,R6
R1["color"] := R2
R2 := {}
R3 := 20
R4 := 100
R2[1,2] := R3,R4
R1["rate"] := R2
R2 := {}
R3 := 3
R4 := 8
R2[1,2] := R3,R4
R1["size"] := R2
R2 := {}
R3 := 5
R4 := 10
R2[1,2] := R3,R4
R1["life"] := R2
R1["texture"] := "smoke2.bmp"
R2 := {}
R3 := 1
R2[1] := R3
R1["speed"] := R2
R2 := {}
R3 := 5
R2[1] := R3
R1["srcmode"] := R2
R2 := {}
R3 := 2
R2[1] := R3
R1["destmode"] := R2
R2 := {}
R3 := 40
R2[1] := R3
R1["maxcount"] := R2
R0[10] := R1
R1 := {}
R2 := {}
R3 := -2
R4 := 2
R5 := -2
R2[1,2,3] := R3,R4,R5
R1["dir1"] := R2
R2 := {}
R3 := 2
R4 := -1
R5 := 2
R2[1,2,3] := R3,R4,R5
R1["dir2"] := R2
R2 := {}
R3 := 0.7
R4 := -2
R5 := 1
R2[1,2,3] := R3,R4,R5
R1["gravity"] := R2
R2 := {}
R3 := 112.6
R4 := -36.8
R5 := -157.3
R2[1,2,3] := R3,R4,R5
R1["pos"] := R2
R2 := {}
R3 := -1
R4 := 2
R5 := -1
R2[1,2,3] := R3,R4,R5
R1["radius"] := R2
R2 := {}
R3 := 220
R4 := 160
R5 := 50
R6 := 40
R2[1,2,3,4] := R3,R4,R5,R6
R1["color"] := R2
R2 := {}
R3 := 20
R4 := 100
R2[1,2] := R3,R4
R1["rate"] := R2
R2 := {}
R3 := 3
R4 := 8
R2[1,2] := R3,R4
R1["size"] := R2
R2 := {}
R3 := 5
R4 := 10
R2[1,2] := R3,R4
R1["life"] := R2
R1["texture"] := "smoke2.bmp"
R2 := {}
R3 := 1
R2[1] := R3
R1["speed"] := R2
R2 := {}
R3 := 5
R2[1] := R3
R1["srcmode"] := R2
R2 := {}
R3 := 2
R2[1] := R3
R1["destmode"] := R2
R2 := {}
R3 := 40
R2[1] := R3
R1["maxcount"] := R2
R0[11] := R1
R1 := {}
R2 := {}
R3 := -2
R4 := 2
R5 := -2
R2[1,2,3] := R3,R4,R5
R1["dir1"] := R2
R2 := {}
R3 := 2
R4 := -1
R5 := 2
R2[1,2,3] := R3,R4,R5
R1["dir2"] := R2
R2 := {}
R3 := 0.7
R4 := -2
R5 := 1
R2[1,2,3] := R3,R4,R5
R1["gravity"] := R2
R2 := {}
R3 := 117.1
R4 := -127.8
R5 := -373.2
R2[1,2,3] := R3,R4,R5
R1["pos"] := R2
R2 := {}
R3 := -1
R4 := 2
R5 := -1
R2[1,2,3] := R3,R4,R5
R1["radius"] := R2
R2 := {}
R3 := 220
R4 := 160
R5 := 50
R6 := 40
R2[1,2,3,4] := R3,R4,R5,R6
R1["color"] := R2
R2 := {}
R3 := 20
R4 := 100
R2[1,2] := R3,R4
R1["rate"] := R2
R2 := {}
R3 := 3
R4 := 8
R2[1,2] := R3,R4
R1["size"] := R2
R2 := {}
R3 := 5
R4 := 10
R2[1,2] := R3,R4
R1["life"] := R2
R1["texture"] := "smoke2.bmp"
R2 := {}
R3 := 1
R2[1] := R3
R1["speed"] := R2
R2 := {}
R3 := 5
R2[1] := R3
R1["srcmode"] := R2
R2 := {}
R3 := 2
R2[1] := R3
R1["destmode"] := R2
R2 := {}
R3 := 40
R2[1] := R3
R1["maxcount"] := R2
R0[12] := R1
R1 := {}
R2 := {}
R3 := -2
R4 := 2
R5 := -2
R2[1,2,3] := R3,R4,R5
R1["dir1"] := R2
R2 := {}
R3 := 2
R4 := -1
R5 := 2
R2[1,2,3] := R3,R4,R5
R1["dir2"] := R2
R2 := {}
R3 := 0.7
R4 := -2
R5 := 1
R2[1,2,3] := R3,R4,R5
R1["gravity"] := R2
R2 := {}
R3 := 62.1
R4 := -103.8
R5 := -294.3
R2[1,2,3] := R3,R4,R5
R1["pos"] := R2
R2 := {}
R3 := -1
R4 := 2
R5 := -1
R2[1,2,3] := R3,R4,R5
R1["radius"] := R2
R2 := {}
R3 := 220
R4 := 160
R5 := 50
R6 := 40
R2[1,2,3,4] := R3,R4,R5,R6
R1["color"] := R2
R2 := {}
R3 := 20
R4 := 100
R2[1,2] := R3,R4
R1["rate"] := R2
R2 := {}
R3 := 3
R4 := 8
R2[1,2] := R3,R4
R1["size"] := R2
R2 := {}
R3 := 5
R4 := 10
R2[1,2] := R3,R4
R1["life"] := R2
R1["texture"] := "smoke2.bmp"
R2 := {}
R3 := 1
R2[1] := R3
R1["speed"] := R2
R2 := {}
R3 := 5
R2[1] := R3
R1["srcmode"] := R2
R2 := {}
R3 := 2
R2[1] := R3
R1["destmode"] := R2
R2 := {}
R3 := 40
R2[1] := R3
R1["maxcount"] := R2
R0[13] := R1
R1 := {}
R2 := {}
R3 := -2
R4 := 2
R5 := -2
R2[1,2,3] := R3,R4,R5
R1["dir1"] := R2
R2 := {}
R3 := 2
R4 := -1
R5 := 2
R2[1,2,3] := R3,R4,R5
R1["dir2"] := R2
R2 := {}
R3 := 0.7
R4 := -2
R5 := 1
R2[1,2,3] := R3,R4,R5
R1["gravity"] := R2
R2 := {}
R3 := 203.5
R4 := -105.8
R5 := -252.9
R2[1,2,3] := R3,R4,R5
R1["pos"] := R2
R2 := {}
R3 := -1
R4 := 2
R5 := -1
R2[1,2,3] := R3,R4,R5
R1["radius"] := R2
R2 := {}
R3 := 220
R4 := 160
R5 := 50
R6 := 40
R2[1,2,3,4] := R3,R4,R5,R6
R1["color"] := R2
R2 := {}
R3 := 20
R4 := 100
R2[1,2] := R3,R4
R1["rate"] := R2
R2 := {}
R3 := 3
R4 := 8
R2[1,2] := R3,R4
R1["size"] := R2
R2 := {}
R3 := 5
R4 := 10
R2[1,2] := R3,R4
R1["life"] := R2
R1["texture"] := "smoke2.bmp"
R2 := {}
R3 := 1
R2[1] := R3
R1["speed"] := R2
R2 := {}
R3 := 5
R2[1] := R3
R1["srcmode"] := R2
R2 := {}
R3 := 2
R2[1] := R3
R1["destmode"] := R2
R2 := {}
R3 := 40
R2[1] := R3
R1["maxcount"] := R2
R0[14] := R1
R1 := {}
R2 := {}
R3 := -2
R4 := 2
R5 := -2
R2[1,2,3] := R3,R4,R5
R1["dir1"] := R2
R2 := {}
R3 := 2
R4 := -1
R5 := 2
R2[1,2,3] := R3,R4,R5
R1["dir2"] := R2
R2 := {}
R3 := 0.7
R4 := -2
R5 := 1
R2[1,2,3] := R3,R4,R5
R1["gravity"] := R2
R2 := {}
R3 := 193.9
R4 := -124.8
R5 := -331.6
R2[1,2,3] := R3,R4,R5
R1["pos"] := R2
R2 := {}
R3 := -1
R4 := 2
R5 := -1
R2[1,2,3] := R3,R4,R5
R1["radius"] := R2
R2 := {}
R3 := 220
R4 := 160
R5 := 50
R6 := 40
R2[1,2,3,4] := R3,R4,R5,R6
R1["color"] := R2
R2 := {}
R3 := 20
R4 := 100
R2[1,2] := R3,R4
R1["rate"] := R2
R2 := {}
R3 := 3
R4 := 8
R2[1,2] := R3,R4
R1["size"] := R2
R2 := {}
R3 := 5
R4 := 10
R2[1,2] := R3,R4
R1["life"] := R2
R1["texture"] := "smoke2.bmp"
R2 := {}
R3 := 1
R2[1] := R3
R1["speed"] := R2
R2 := {}
R3 := 5
R2[1] := R3
R1["srcmode"] := R2
R2 := {}
R3 := 2
R2[1] := R3
R1["destmode"] := R2
R2 := {}
R3 := 40
R2[1] := R3
R1["maxcount"] := R2
R0[15] := R1
R1 := {}
R2 := {}
R3 := -2
R4 := 2
R5 := -2
R2[1,2,3] := R3,R4,R5
R1["dir1"] := R2
R2 := {}
R3 := 2
R4 := -1
R5 := 2
R2[1,2,3] := R3,R4,R5
R1["dir2"] := R2
R2 := {}
R3 := 0.7
R4 := -2
R5 := 1
R2[1,2,3] := R3,R4,R5
R1["gravity"] := R2
R2 := {}
R3 := 228.6
R4 := -82.8
R5 := -161.9
R2[1,2,3] := R3,R4,R5
R1["pos"] := R2
R2 := {}
R3 := -1
R4 := 2
R5 := -1
R2[1,2,3] := R3,R4,R5
R1["radius"] := R2
R2 := {}
R3 := 220
R4 := 160
R5 := 50
R6 := 40
R2[1,2,3,4] := R3,R4,R5,R6
R1["color"] := R2
R2 := {}
R3 := 20
R4 := 100
R2[1,2] := R3,R4
R1["rate"] := R2
R2 := {}
R3 := 3
R4 := 8
R2[1,2] := R3,R4
R1["size"] := R2
R2 := {}
R3 := 5
R4 := 10
R2[1,2] := R3,R4
R1["life"] := R2
R1["texture"] := "smoke2.bmp"
R2 := {}
R3 := 1
R2[1] := R3
R1["speed"] := R2
R2 := {}
R3 := 5
R2[1] := R3
R1["srcmode"] := R2
R2 := {}
R3 := 2
R2[1] := R3
R1["destmode"] := R2
R2 := {}
R3 := 40
R2[1] := R3
R1["maxcount"] := R2
R0[16] := R1
R1 := {}
R2 := {}
R3 := -2
R4 := 2
R5 := -2
R2[1,2,3] := R3,R4,R5
R1["dir1"] := R2
R2 := {}
R3 := 2
R4 := -1
R5 := 2
R2[1,2,3] := R3,R4,R5
R1["dir2"] := R2
R2 := {}
R3 := 0.7
R4 := -2
R5 := 1
R2[1,2,3] := R3,R4,R5
R1["gravity"] := R2
R2 := {}
R3 := 272.7
R4 := -128.8
R5 := -263.4
R2[1,2,3] := R3,R4,R5
R1["pos"] := R2
R2 := {}
R3 := -1
R4 := 2
R5 := -1
R2[1,2,3] := R3,R4,R5
R1["radius"] := R2
R2 := {}
R3 := 220
R4 := 160
R5 := 50
R6 := 40
R2[1,2,3,4] := R3,R4,R5,R6
R1["color"] := R2
R2 := {}
R3 := 20
R4 := 100
R2[1,2] := R3,R4
R1["rate"] := R2
R2 := {}
R3 := 3
R4 := 8
R2[1,2] := R3,R4
R1["size"] := R2
R2 := {}
R3 := 5
R4 := 10
R2[1,2] := R3,R4
R1["life"] := R2
R1["texture"] := "smoke2.bmp"
R2 := {}
R3 := 1
R2[1] := R3
R1["speed"] := R2
R2 := {}
R3 := 5
R2[1] := R3
R1["srcmode"] := R2
R2 := {}
R3 := 2
R2[1] := R3
R1["destmode"] := R2
R2 := {}
R3 := 40
R2[1] := R3
R1["maxcount"] := R2
R0[17] := R1
R1 := {}
R2 := {}
R3 := -2
R4 := 2
R5 := -2
R2[1,2,3] := R3,R4,R5
R1["dir1"] := R2
R2 := {}
R3 := 2
R4 := -1
R5 := 2
R2[1,2,3] := R3,R4,R5
R1["dir2"] := R2
R2 := {}
R3 := 0.7
R4 := -2
R5 := 1
R2[1,2,3] := R3,R4,R5
R1["gravity"] := R2
R2 := {}
R3 := -239.7
R4 := -139.8
R5 := -272.6
R2[1,2,3] := R3,R4,R5
R1["pos"] := R2
R2 := {}
R3 := -1
R4 := 2
R5 := -1
R2[1,2,3] := R3,R4,R5
R1["radius"] := R2
R2 := {}
R3 := 220
R4 := 160
R5 := 50
R6 := 40
R2[1,2,3,4] := R3,R4,R5,R6
R1["color"] := R2
R2 := {}
R3 := 20
R4 := 100
R2[1,2] := R3,R4
R1["rate"] := R2
R2 := {}
R3 := 3
R4 := 8
R2[1,2] := R3,R4
R1["size"] := R2
R2 := {}
R3 := 5
R4 := 10
R2[1,2] := R3,R4
R1["life"] := R2
R1["texture"] := "smoke2.bmp"
R2 := {}
R3 := 1
R2[1] := R3
R1["speed"] := R2
R2 := {}
R3 := 5
R2[1] := R3
R1["srcmode"] := R2
R2 := {}
R3 := 2
R2[1] := R3
R1["destmode"] := R2
R2 := {}
R3 := 40
R2[1] := R3
R1["maxcount"] := R2
R0[18] := R1
R1 := {}
R2 := {}
R3 := -2
R4 := 2
R5 := -2
R2[1,2,3] := R3,R4,R5
R1["dir1"] := R2
R2 := {}
R3 := 2
R4 := -1
R5 := 2
R2[1,2,3] := R3,R4,R5
R1["dir2"] := R2
R2 := {}
R3 := 0.7
R4 := -2
R5 := 1
R2[1,2,3] := R3,R4,R5
R1["gravity"] := R2
R2 := {}
R3 := -148.7
R4 := -106.8
R5 := -291.5
R2[1,2,3] := R3,R4,R5
R1["pos"] := R2
R2 := {}
R3 := -1
R4 := 2
R5 := -1
R2[1,2,3] := R3,R4,R5
R1["radius"] := R2
R2 := {}
R3 := 220
R4 := 160
R5 := 50
R6 := 40
R2[1,2,3,4] := R3,R4,R5,R6
R1["color"] := R2
R2 := {}
R3 := 20
R4 := 100
R2[1,2] := R3,R4
R1["rate"] := R2
R2 := {}
R3 := 3
R4 := 8
R2[1,2] := R3,R4
R1["size"] := R2
R2 := {}
R3 := 5
R4 := 10
R2[1,2] := R3,R4
R1["life"] := R2
R1["texture"] := "smoke2.bmp"
R2 := {}
R3 := 1
R2[1] := R3
R1["speed"] := R2
R2 := {}
R3 := 5
R2[1] := R3
R1["srcmode"] := R2
R2 := {}
R3 := 2
R2[1] := R3
R1["destmode"] := R2
R2 := {}
R3 := 40
R2[1] := R3
R1["maxcount"] := R2
R0[19] := R1
R1 := {}
R2 := {}
R3 := -2
R4 := 2
R5 := -2
R2[1,2,3] := R3,R4,R5
R1["dir1"] := R2
R2 := {}
R3 := 2
R4 := -1
R5 := 2
R2[1,2,3] := R3,R4,R5
R1["dir2"] := R2
R2 := {}
R3 := 0.7
R4 := -2
R5 := 1
R2[1,2,3] := R3,R4,R5
R1["gravity"] := R2
R2 := {}
R3 := -207.3
R4 := -95.8
R5 := -199.8
R2[1,2,3] := R3,R4,R5
R1["pos"] := R2
R2 := {}
R3 := -1
R4 := 2
R5 := -1
R2[1,2,3] := R3,R4,R5
R1["radius"] := R2
R2 := {}
R3 := 220
R4 := 160
R5 := 50
R6 := 40
R2[1,2,3,4] := R3,R4,R5,R6
R1["color"] := R2
R2 := {}
R3 := 20
R4 := 100
R2[1,2] := R3,R4
R1["rate"] := R2
R2 := {}
R3 := 3
R4 := 8
R2[1,2] := R3,R4
R1["size"] := R2
R2 := {}
R3 := 5
R4 := 10
R2[1,2] := R3,R4
R1["life"] := R2
R1["texture"] := "smoke2.bmp"
R2 := {}
R3 := 1
R2[1] := R3
R1["speed"] := R2
R2 := {}
R3 := 5
R2[1] := R3
R1["srcmode"] := R2
R2 := {}
R3 := 2
R2[1] := R3
R1["destmode"] := R2
R2 := {}
R3 := 40
R2[1] := R3
R1["maxcount"] := R2
R0[20] := R1
R1 := {}
R2 := {}
R3 := -2
R4 := 2
R5 := -2
R2[1,2,3] := R3,R4,R5
R1["dir1"] := R2
R2 := {}
R3 := 2
R4 := -1
R5 := 2
R2[1,2,3] := R3,R4,R5
R1["dir2"] := R2
R2 := {}
R3 := 0.7
R4 := -2
R5 := 1
R2[1,2,3] := R3,R4,R5
R1["gravity"] := R2
R2 := {}
R3 := -81
R4 := -124.8
R5 := -374.4
R2[1,2,3] := R3,R4,R5
R1["pos"] := R2
R2 := {}
R3 := -1
R4 := 2
R5 := -1
R2[1,2,3] := R3,R4,R5
R1["radius"] := R2
R2 := {}
R3 := 220
R4 := 160
R5 := 50
R6 := 40
R2[1,2,3,4] := R3,R4,R5,R6
R1["color"] := R2
R2 := {}
R3 := 20
R4 := 100
R2[1,2] := R3,R4
R1["rate"] := R2
R2 := {}
R3 := 3
R4 := 8
R2[1,2] := R3,R4
R1["size"] := R2
R2 := {}
R3 := 5
R4 := 10
R2[1,2] := R3,R4
R1["life"] := R2
R1["texture"] := "smoke2.bmp"
R2 := {}
R3 := 1
R2[1] := R3
R1["speed"] := R2
R2 := {}
R3 := 5
R2[1] := R3
R1["srcmode"] := R2
R2 := {}
R3 := 2
R2[1] := R3
R1["destmode"] := R2
R2 := {}
R3 := 40
R2[1] := R3
R1["maxcount"] := R2
R0[21] := R1
R1 := {}
R2 := {}
R3 := -2
R4 := 2
R5 := -2
R2[1,2,3] := R3,R4,R5
R1["dir1"] := R2
R2 := {}
R3 := 2
R4 := -1
R5 := 2
R2[1,2,3] := R3,R4,R5
R1["dir2"] := R2
R2 := {}
R3 := 0.7
R4 := -2
R5 := 1
R2[1,2,3] := R3,R4,R5
R1["gravity"] := R2
R2 := {}
R3 := -193.2
R4 := -46.8
R5 := 7.7
R2[1,2,3] := R3,R4,R5
R1["pos"] := R2
R2 := {}
R3 := -1
R4 := 2
R5 := -1
R2[1,2,3] := R3,R4,R5
R1["radius"] := R2
R2 := {}
R3 := 220
R4 := 160
R5 := 50
R6 := 40
R2[1,2,3,4] := R3,R4,R5,R6
R1["color"] := R2
R2 := {}
R3 := 20
R4 := 100
R2[1,2] := R3,R4
R1["rate"] := R2
R2 := {}
R3 := 3
R4 := 8
R2[1,2] := R3,R4
R1["size"] := R2
R2 := {}
R3 := 5
R4 := 10
R2[1,2] := R3,R4
R1["life"] := R2
R1["texture"] := "smoke2.bmp"
R2 := {}
R3 := 1
R2[1] := R3
R1["speed"] := R2
R2 := {}
R3 := 5
R2[1] := R3
R1["srcmode"] := R2
R2 := {}
R3 := 2
R2[1] := R3
R1["destmode"] := R2
R2 := {}
R3 := 40
R2[1] := R3
R1["maxcount"] := R2
R0[22] := R1
R1 := {}
R2 := {}
R3 := -2
R4 := 2
R5 := -2
R2[1,2,3] := R3,R4,R5
R1["dir1"] := R2
R2 := {}
R3 := 2
R4 := -1
R5 := 2
R2[1,2,3] := R3,R4,R5
R1["dir2"] := R2
R2 := {}
R3 := 0.7
R4 := -2
R5 := 1
R2[1,2,3] := R3,R4,R5
R1["gravity"] := R2
R2 := {}
R3 := -200
R4 := -49.8
R5 := -84.2
R2[1,2,3] := R3,R4,R5
R1["pos"] := R2
R2 := {}
R3 := -1
R4 := 2
R5 := -1
R2[1,2,3] := R3,R4,R5
R1["radius"] := R2
R2 := {}
R3 := 220
R4 := 160
R5 := 50
R6 := 40
R2[1,2,3,4] := R3,R4,R5,R6
R1["color"] := R2
R2 := {}
R3 := 20
R4 := 100
R2[1,2] := R3,R4
R1["rate"] := R2
R2 := {}
R3 := 3
R4 := 8
R2[1,2] := R3,R4
R1["size"] := R2
R2 := {}
R3 := 5
R4 := 10
R2[1,2] := R3,R4
R1["life"] := R2
R1["texture"] := "smoke2.bmp"
R2 := {}
R3 := 1
R2[1] := R3
R1["speed"] := R2
R2 := {}
R3 := 5
R2[1] := R3
R1["srcmode"] := R2
R2 := {}
R3 := 2
R2[1] := R3
R1["destmode"] := R2
R2 := {}
R3 := 40
R2[1] := R3
R1["maxcount"] := R2
R0[23] := R1
R1 := {}
R2 := {}
R3 := -2
R4 := 2
R5 := -2
R2[1,2,3] := R3,R4,R5
R1["dir1"] := R2
R2 := {}
R3 := 2
R4 := -1
R5 := 2
R2[1,2,3] := R3,R4,R5
R1["dir2"] := R2
R2 := {}
R3 := 0.7
R4 := -2
R5 := 1
R2[1,2,3] := R3,R4,R5
R1["gravity"] := R2
R2 := {}
R3 := -93.7
R4 := -60.8
R5 := -212.5
R2[1,2,3] := R3,R4,R5
R1["pos"] := R2
R2 := {}
R3 := -1
R4 := 2
R5 := -1
R2[1,2,3] := R3,R4,R5
R1["radius"] := R2
R2 := {}
R3 := 220
R4 := 160
R5 := 50
R6 := 40
R2[1,2,3,4] := R3,R4,R5,R6
R1["color"] := R2
R2 := {}
R3 := 20
R4 := 100
R2[1,2] := R3,R4
R1["rate"] := R2
R2 := {}
R3 := 3
R4 := 8
R2[1,2] := R3,R4
R1["size"] := R2
R2 := {}
R3 := 5
R4 := 10
R2[1,2] := R3,R4
R1["life"] := R2
R1["texture"] := "smoke2.bmp"
R2 := {}
R3 := 1
R2[1] := R3
R1["speed"] := R2
R2 := {}
R3 := 5
R2[1] := R3
R1["srcmode"] := R2
R2 := {}
R3 := 2
R2[1] := R3
R1["destmode"] := R2
R2 := {}
R3 := 40
R2[1] := R3
R1["maxcount"] := R2
R0[24] := R1
R1 := {}
R2 := {}
R3 := -2
R4 := 2
R5 := -2
R2[1,2,3] := R3,R4,R5
R1["dir1"] := R2
R2 := {}
R3 := 2
R4 := -1
R5 := 2
R2[1,2,3] := R3,R4,R5
R1["dir2"] := R2
R2 := {}
R3 := 0.7
R4 := -2
R5 := 1
R2[1,2,3] := R3,R4,R5
R1["gravity"] := R2
R2 := {}
R3 := 53.8
R4 := -16.7
R5 := -173.1
R2[1,2,3] := R3,R4,R5
R1["pos"] := R2
R2 := {}
R3 := -1
R4 := 2
R5 := -1
R2[1,2,3] := R3,R4,R5
R1["radius"] := R2
R2 := {}
R3 := 220
R4 := 160
R5 := 50
R6 := 40
R2[1,2,3,4] := R3,R4,R5,R6
R1["color"] := R2
R2 := {}
R3 := 20
R4 := 100
R2[1,2] := R3,R4
R1["rate"] := R2
R2 := {}
R3 := 3
R4 := 8
R2[1,2] := R3,R4
R1["size"] := R2
R2 := {}
R3 := 5
R4 := 10
R2[1,2] := R3,R4
R1["life"] := R2
R1["texture"] := "smoke2.bmp"
R2 := {}
R3 := 1
R2[1] := R3
R1["speed"] := R2
R2 := {}
R3 := 5
R2[1] := R3
R1["srcmode"] := R2
R2 := {}
R3 := 2
R2[1] := R3
R1["destmode"] := R2
R2 := {}
R3 := 40
R2[1] := R3
R1["maxcount"] := R2
R0[25] := R1
R1 := {}
R2 := {}
R3 := -2
R4 := 2
R5 := -2
R2[1,2,3] := R3,R4,R5
R1["dir1"] := R2
R2 := {}
R3 := 2
R4 := -1
R5 := 2
R2[1,2,3] := R3,R4,R5
R1["dir2"] := R2
R2 := {}
R3 := 0.7
R4 := -2
R5 := 1
R2[1,2,3] := R3,R4,R5
R1["gravity"] := R2
R2 := {}
R3 := -174.5
R4 := 1.2
R5 := 132.4
R2[1,2,3] := R3,R4,R5
R1["pos"] := R2
R2 := {}
R3 := -1
R4 := 2
R5 := -1
R2[1,2,3] := R3,R4,R5
R1["radius"] := R2
R2 := {}
R3 := 220
R4 := 160
R5 := 50
R6 := 40
R2[1,2,3,4] := R3,R4,R5,R6
R1["color"] := R2
R2 := {}
R3 := 20
R4 := 100
R2[1,2] := R3,R4
R1["rate"] := R2
R2 := {}
R3 := 3
R4 := 8
R2[1,2] := R3,R4
R1["size"] := R2
R2 := {}
R3 := 5
R4 := 10
R2[1,2] := R3,R4
R1["life"] := R2
R1["texture"] := "smoke2.bmp"
R2 := {}
R3 := 1
R2[1] := R3
R1["speed"] := R2
R2 := {}
R3 := 5
R2[1] := R3
R1["srcmode"] := R2
R2 := {}
R3 := 2
R2[1] := R3
R1["destmode"] := R2
R2 := {}
R3 := 40
R2[1] := R3
R1["maxcount"] := R2
R0[26] := R1
R1 := {}
R2 := {}
R3 := -2
R4 := 2
R5 := -2
R2[1,2,3] := R3,R4,R5
R1["dir1"] := R2
R2 := {}
R3 := 2
R4 := -1
R5 := 2
R2[1,2,3] := R3,R4,R5
R1["dir2"] := R2
R2 := {}
R3 := 0.7
R4 := -2
R5 := 1
R2[1,2,3] := R3,R4,R5
R1["gravity"] := R2
R2 := {}
R3 := -127.6
R4 := -10.8
R5 := -61.9
R2[1,2,3] := R3,R4,R5
R1["pos"] := R2
R2 := {}
R3 := -1
R4 := 2
R5 := -1
R2[1,2,3] := R3,R4,R5
R1["radius"] := R2
R2 := {}
R3 := 220
R4 := 160
R5 := 50
R6 := 40
R2[1,2,3,4] := R3,R4,R5,R6
R1["color"] := R2
R2 := {}
R3 := 20
R4 := 100
R2[1,2] := R3,R4
R1["rate"] := R2
R2 := {}
R3 := 3
R4 := 8
R2[1,2] := R3,R4
R1["size"] := R2
R2 := {}
R3 := 5
R4 := 10
R2[1,2] := R3,R4
R1["life"] := R2
R1["texture"] := "smoke2.bmp"
R2 := {}
R3 := 1
R2[1] := R3
R1["speed"] := R2
R2 := {}
R3 := 5
R2[1] := R3
R1["srcmode"] := R2
R2 := {}
R3 := 2
R2[1] := R3
R1["destmode"] := R2
R2 := {}
R3 := 40
R2[1] := R3
R1["maxcount"] := R2
R0[27] := R1
R1 := {}
R2 := {}
R3 := -2
R4 := 2
R5 := -2
R2[1,2,3] := R3,R4,R5
R1["dir1"] := R2
R2 := {}
R3 := 2
R4 := -1
R5 := 2
R2[1,2,3] := R3,R4,R5
R1["dir2"] := R2
R2 := {}
R3 := 0.7
R4 := -2
R5 := 1
R2[1,2,3] := R3,R4,R5
R1["gravity"] := R2
R2 := {}
R3 := -162
R4 := -40.8
R5 := -123
R2[1,2,3] := R3,R4,R5
R1["pos"] := R2
R2 := {}
R3 := -1
R4 := 2
R5 := -1
R2[1,2,3] := R3,R4,R5
R1["radius"] := R2
R2 := {}
R3 := 220
R4 := 160
R5 := 50
R6 := 40
R2[1,2,3,4] := R3,R4,R5,R6
R1["color"] := R2
R2 := {}
R3 := 20
R4 := 100
R2[1,2] := R3,R4
R1["rate"] := R2
R2 := {}
R3 := 3
R4 := 8
R2[1,2] := R3,R4
R1["size"] := R2
R2 := {}
R3 := 5
R4 := 10
R2[1,2] := R3,R4
R1["life"] := R2
R1["texture"] := "smoke2.bmp"
R2 := {}
R3 := 1
R2[1] := R3
R1["speed"] := R2
R2 := {}
R3 := 5
R2[1] := R3
R1["srcmode"] := R2
R2 := {}
R3 := 2
R2[1] := R3
R1["destmode"] := R2
R2 := {}
R3 := 40
R2[1] := R3
R1["maxcount"] := R2
R0[28] := R1
_1ma_b_emitterInfo := R0
return 
