R0 := {}
R1 := JOBID
R1 := R1["JT_SUMMER"]
R2 := {}
R3 := {}
R4 := 4
R5 := 5
R6 := 6
R3[1,2,3] := R4,R5,R6
R2[10] := R3
R3 := {}
R4 := 4
R5 := 5
R6 := 6
R3[1,2,3] := R4,R5,R6
R2[14] := R3
R3 := {}
R4 := 0
R5 := 1
R6 := 2
R3[1,2,3] := R4,R5,R6
R2[18] := R3
R3 := {}
R4 := 0
R5 := 1
R6 := 2
R3[1,2,3] := R4,R5,R6
R2[22] := R3
R0[R1] := R2
R1 := JOBID
R1 := R1["JT_ALCHEMIST"]
R2 := {}
R3 := {}
R4 := 5
R5 := 6
R6 := 7
R3[1,2,3] := R4,R5,R6
R2[10] := R3
R3 := {}
R4 := 5
R5 := 6
R6 := 7
R3[1,2,3] := R4,R5,R6
R2[14] := R3
R0[R1] := R2
R1 := JOBID
R1 := R1["JT_SAGE"]
R2 := {}
R3 := {}
R4 := 6
R3[1] := R4
R2[10] := R3
R3 := {}
R4 := 6
R3[1] := R4
R2[14] := R3
R3 := {}
R4 := 3
R5 := 4
R3[1,2] := R4,R5
R2[40] := R3
R3 := {}
R4 := 3
R5 := 4
R3[1,2] := R4,R5
R2[41] := R3
R3 := {}
R4 := 3
R5 := 4
R3[1,2] := R4,R5
R2[46] := R3
R3 := {}
R4 := 3
R5 := 4
R3[1,2] := R4,R5
R2[47] := R3
R0[R1] := R2
R1 := JOBID
R1 := R1["JT_ARCHER"]
R2 := {}
R3 := {}
R4 := 0
R5 := 1
R6 := 2
R7 := 3
R8 := 4
R9 := 5
R10 := 6
R11 := 7
R12 := 8
R3[1,2,3,4,5,6,7,8,9] := R4,R5,R6,R7,R8,R9,R10,R11,R12
R2[82] := R3
R3 := {}
R4 := 0
R5 := 1
R6 := 2
R7 := 3
R8 := 4
R9 := 5
R10 := 6
R11 := 7
R12 := 8
R3[1,2,3,4,5,6,7,8,9] := R4,R5,R6,R7,R8,R9,R10,R11,R12
R2[83] := R3
R3 := {}
R4 := 0
R5 := 1
R6 := 2
R7 := 3
R8 := 4
R9 := 5
R10 := 6
R11 := 7
R12 := 8
R3[1,2,3,4,5,6,7,8,9] := R4,R5,R6,R7,R8,R9,R10,R11,R12
R2[84] := R3
R3 := {}
R4 := 0
R5 := 1
R6 := 2
R7 := 3
R8 := 4
R9 := 5
R10 := 6
R11 := 7
R12 := 8
R3[1,2,3,4,5,6,7,8,9] := R4,R5,R6,R7,R8,R9,R10,R11,R12
R2[85] := R3
R0[R1] := R2
R1 := JOBID
R1 := R1["JT_MERCHANT"]
R2 := {}
R3 := {}
R4 := 0
R5 := 1
R6 := 2
R7 := 7
R3[1,2,3,4] := R4,R5,R6,R7
R2[10] := R3
R3 := {}
R4 := 0
R5 := 1
R6 := 2
R7 := 7
R3[1,2,3,4] := R4,R5,R6,R7
R2[14] := R3
R0[R1] := R2
R1 := JOBID
R1 := R1["JT_LINKER"]
R2 := {}
R3 := {}
R4 := 0
R5 := 1
R6 := 2
R3[1,2,3] := R4,R5,R6
R2[2] := R3
R3 := {}
R4 := 0
R5 := 1
R6 := 2
R3[1,2,3] := R4,R5,R6
R2[6] := R3
R3 := {}
R4 := 0
R5 := 1
R6 := 2
R7 := 3
R8 := 4
R3[1,2,3,4,5] := R4,R5,R6,R7,R8
R2[10] := R3
R3 := {}
R4 := 0
R5 := 1
R6 := 2
R7 := 3
R8 := 4
R3[1,2,3,4,5] := R4,R5,R6,R7,R8
R2[14] := R3
R3 := {}
R4 := 0
R5 := 1
R6 := 2
R3[1,2,3] := R4,R5,R6
R2[18] := R3
R3 := {}
R4 := 0
R5 := 1
R6 := 2
R3[1,2,3] := R4,R5,R6
R2[22] := R3
R0[R1] := R2
R1 := JOBID
R1 := R1["JT_SWORDMAN"]
R2 := {}
R3 := {}
R4 := 0
R5 := 1
R6 := 2
R3[1,2,3] := R4,R5,R6
R2[18] := R3
R3 := {}
R4 := 0
R5 := 1
R6 := 2
R3[1,2,3] := R4,R5,R6
R2[22] := R3
R0[R1] := R2
R1 := JOBID
R1 := R1["JT_KNIGHT"]
R2 := {}
R3 := {}
R4 := 5
R5 := 6
R6 := 7
R3[1,2,3] := R4,R5,R6
R2[10] := R3
R3 := {}
R4 := 5
R5 := 6
R6 := 7
R3[1,2,3] := R4,R5,R6
R2[14] := R3
R3 := {}
R4 := 0
R5 := 1
R6 := 2
R3[1,2,3] := R4,R5,R6
R2[18] := R3
R3 := {}
R4 := 0
R5 := 1
R6 := 2
R3[1,2,3] := R4,R5,R6
R2[22] := R3
R0[R1] := R2
R1 := JOBID
R1 := R1["JT_MONK"]
R2 := {}
R3 := {}
R4 := 5
R5 := 6
R6 := 7
R3[1,2,3] := R4,R5,R6
R2[10] := R3
R3 := {}
R4 := 5
R5 := 6
R6 := 7
R3[1,2,3] := R4,R5,R6
R2[14] := R3
R3 := {}
R4 := 2
R5 := 3
R6 := 4
R7 := 5
R3[1,2,3,4] := R4,R5,R6,R7
R2[82] := R3
R3 := {}
R4 := 2
R5 := 3
R6 := 4
R7 := 5
R3[1,2,3,4] := R4,R5,R6,R7
R2[83] := R3
R3 := {}
R4 := 2
R5 := 3
R6 := 4
R7 := 5
R3[1,2,3,4] := R4,R5,R6,R7
R2[84] := R3
R3 := {}
R4 := 2
R5 := 3
R6 := 4
R7 := 5
R3[1,2,3,4] := R4,R5,R6,R7
R2[85] := R3
R0[R1] := R2
R1 := JOBID
R1 := R1["JT_GUNSLINGER"]
R2 := {}
R3 := {}
R4 := 0
R5 := 1
R6 := 2
R7 := 3
R8 := 4
R3[1,2,3,4,5] := R4,R5,R6,R7,R8
R2[10] := R3
R3 := {}
R4 := 0
R5 := 1
R6 := 2
R7 := 3
R8 := 4
R3[1,2,3,4,5] := R4,R5,R6,R7,R8
R2[14] := R3
R0[R1] := R2
R1 := JOBID
R1 := R1["JT_STAR2"]
R2 := {}
R3 := {}
R4 := 1
R5 := 2
R6 := 3
R7 := 4
R8 := 5
R9 := 6
R10 := 7
R3[1,2,3,4,5,6,7] := R4,R5,R6,R7,R8,R9,R10
R2[10] := R3
R3 := {}
R4 := 1
R5 := 2
R6 := 3
R7 := 4
R8 := 5
R9 := 6
R10 := 7
R3[1,2,3,4,5,6,7] := R4,R5,R6,R7,R8,R9,R10
R2[14] := R3
R3 := {}
R4 := 3
R5 := 4
R3[1,2] := R4,R5
R2[40] := R3
R3 := {}
R4 := 3
R5 := 4
R3[1,2] := R4,R5
R2[41] := R3
R3 := {}
R4 := 3
R5 := 4
R3[1,2] := R4,R5
R2[46] := R3
R3 := {}
R4 := 3
R5 := 4
R3[1,2] := R4,R5
R2[47] := R3
R0[R1] := R2
R1 := JOBID
R1 := R1["JT_ROYAL_CHICKEN"]
R2 := {}
R3 := {}
R4 := 0
R5 := 1
R6 := 2
R7 := 3
R8 := 4
R9 := 5
R10 := 6
R11 := 7
R3[1,2,3,4,5,6,7,8] := R4,R5,R6,R7,R8,R9,R10,R11
R2[10] := R3
R3 := {}
R4 := 0
R5 := 1
R6 := 2
R7 := 3
R8 := 4
R9 := 5
R10 := 6
R11 := 7
R3[1,2,3,4,5,6,7,8] := R4,R5,R6,R7,R8,R9,R10,R11
R2[14] := R3
R0[R1] := R2
R1 := JOBID
R1 := R1["JT_NOVICE"]
R2 := {}
R3 := {}
R4 := 1
R5 := 2
R6 := 3
R7 := 4
R8 := 5
R3[1,2,3,4,5] := R4,R5,R6,R7,R8
R2[86] := R3
R3 := {}
R4 := 1
R5 := 2
R6 := 3
R7 := 4
R8 := 5
R3[1,2,3,4,5] := R4,R5,R6,R7,R8
R2[87] := R3
R3 := {}
R4 := 1
R5 := 2
R6 := 3
R7 := 4
R8 := 5
R9 := 6
R3[1,2,3,4,5,6] := R4,R5,R6,R7,R8,R9
R2[96] := R3
R3 := {}
R4 := 1
R5 := 2
R6 := 3
R7 := 4
R8 := 5
R9 := 6
R3[1,2,3,4,5,6] := R4,R5,R6,R7,R8,R9
R2[97] := R3
R3 := {}
R4 := 1
R5 := 2
R6 := 3
R7 := 4
R8 := 5
R9 := 6
R3[1,2,3,4,5,6] := R4,R5,R6,R7,R8,R9
R2[102] := R3
R3 := {}
R4 := 1
R5 := 2
R6 := 3
R7 := 4
R8 := 5
R9 := 6
R3[1,2,3,4,5,6] := R4,R5,R6,R7,R8,R9
R2[103] := R3
R0[R1] := R2
R1 := JOBID
R1 := R1["JT_TAEKWON"]
R2 := {}
R3 := {}
R4 := 5
R5 := 6
R6 := 7
R3[1,2,3] := R4,R5,R6
R2[10] := R3
R3 := {}
R4 := 5
R5 := 6
R6 := 7
R3[1,2,3] := R4,R5,R6
R2[14] := R3
R0[R1] := R2
R1 := JOBID
R1 := R1["JT_MARRIED"]
R2 := {}
R3 := {}
R4 := 0
R5 := 1
R6 := 7
R3[1,2,3] := R4,R5,R6
R2[10] := R3
R3 := {}
R4 := 0
R5 := 1
R6 := 7
R3[1,2,3] := R4,R5,R6
R2[14] := R3
R0[R1] := R2
SmallLayerDir_M := R0
return 
