R0 := 163
WID_HOTKEYWND := R0
R0 := 164
WID_JOINTO_BATTLEFIELDWND := R0
R0 := 165
WID_BATTLEFIELD_MINIWND := R0
R0 := 166
WID_QUIKSLOTWND := R0
R0 := {}
R0["width"] := 436
R0["height"] := 432
R0["x"] := 300
R0["y"] := 100
R1 := {}
R2 := 255
R3 := 255
R4 := 255
R1[1,2,3] := R2,R3,R4
R0["bgColor"] := R1
R0["baseButton"] := 1
R0["closeButton"] := 1
UIHotKeyWnd := R0
R0 := {}
R0["width"] := 300
R0["height"] := 200
R0["x"] := 300
R0["y"] := 100
R0["baseButton"] := 1
R0["closeButton"] := 1
UIJoinToBattleFieldWnd := R0
R0 := {}
R0["width"] := 36
R0["height"] := 34
R0["x"] := 900
R0["y"] := 0
R0["baseButton"] := 1
R0["closeButton"] := 1
UIBattleFieldMiniWnd := R0
R0 := {}
R0["width"] := 77
R0["height"] := 34
R0["x"] := 900
R0["y"] := 0
UIQuikSlotWnd := R0
R0 := closure(Function #0)
GetWindowString := R0
R0 := closure(Function #1)
GetWindowInfo := R0
R0 := closure(Function #2)
GetSysButtonInfo := R0
return 


Function #0:
;
Name:            
Defined at line: 41
#Upvalues:       0
#Parameters:     1 (R0)
Is_vararg:       0
Max Stack Size:  2
;
Locals:
Start PC |  End PC  | Name
00000000 | 00000019 | windowID
;
No upvalues

R1 := WID_HOTKEYWND
if R0 != R1 then PC := 7
  3 [42]: JMP       7
R1 := "UIHotKeyWnd"
return R1
PC := 24
R1 := WID_JOINTO_BATTLEFIELDWND
if R0 != R1 then PC := 13
  9 [44]: JMP       13
R1 := "UIJoinToBattleFieldWnd"
return R1
PC := 24
R1 := WID_BATTLEFIELD_MINIWND
if R0 != R1 then PC := 19
 15 [46]: JMP       19
R1 := "UIBattleFieldMiniWnd"
return R1
PC := 24
R1 := WID_QUIKSLOTWND
if R0 != R1 then PC := 24
 21 [48]: JMP       24
R1 := "UIQuikSlotWnd"
return R1
R1 := nil
return R1
return 


Function #1:
;
Name:            
Defined at line: 55
#Upvalues:       0
#Parameters:     1 (R0)
Is_vararg:       0
Max Stack Size:  7
;
Locals:
Start PC |  End PC  | Name
00000000 | 0000000f | windowID
00000001 | 0000000f | wnd
00000004 | 0000000f | wndStr
;
No upvalues

R1 := nil
R2 := GetWindowString
R3 := R0
R2 := R2(R3)
if R2 == nil then PC := 9
  6 [59]: JMP       9
R3 := _G
R1 := R3[R2]
if R1 == nil then PC := 16
 10 [63]: JMP       16
R3 := R1["width"]
R4 := R1["height"]
R5 := R1["x"]
R6 := R1["y"]
return R3,R4,R5,R6
return 


Function #2:
;
Name:            
Defined at line: 68
#Upvalues:       0
#Parameters:     1 (R0)
Is_vararg:       0
Max Stack Size:  5
;
Locals:
Start PC |  End PC  | Name
00000000 | 0000000d | windowID
00000001 | 0000000d | wnd
00000004 | 0000000d | wndStr
;
No upvalues

R1 := nil
R2 := GetWindowString
R3 := R0
R2 := R2(R3)
if R2 == nil then PC := 9
  6 [72]: JMP       9
R3 := _G
R1 := R3[R2]
if R1 == nil then PC := 14
 10 [76]: JMP       14
R3 := R1["baseButton"]
R4 := R1["closeButton"]
return R3,R4
return 
