R0 := {}
R1 := {}
R2 := {}
R3 := -2
R4 := 2
R5 := -2
R2[1,2,3] := R3,R4,R5
R1["dir1"] := R2
R2 := {}
R3 := 2
R4 := -1
R5 := 2
R2[1,2,3] := R3,R4,R5
R1["dir2"] := R2
R2 := {}
R3 := 0.7
R4 := -2
R5 := 1
R2[1,2,3] := R3,R4,R5
R1["gravity"] := R2
R2 := {}
R3 := 34.1
R4 := -113.2
R5 := -152.1
R2[1,2,3] := R3,R4,R5
R1["pos"] := R2
R2 := {}
R3 := -1
R4 := 2
R5 := -1
R2[1,2,3] := R3,R4,R5
R1["radius"] := R2
R2 := {}
R3 := 220
R4 := 160
R5 := 50
R6 := 40
R2[1,2,3,4] := R3,R4,R5,R6
R1["color"] := R2
R2 := {}
R3 := 20
R4 := 100
R2[1,2] := R3,R4
R1["rate"] := R2
R2 := {}
R3 := 3
R4 := 8
R2[1,2] := R3,R4
R1["size"] := R2
R2 := {}
R3 := 5
R4 := 10
R2[1,2] := R3,R4
R1["life"] := R2
R1["texture"] := "smoke2.bmp"
R2 := {}
R3 := 1
R2[1] := R3
R1["speed"] := R2
R2 := {}
R3 := 5
R2[1] := R3
R1["srcmode"] := R2
R2 := {}
R3 := 2
R2[1] := R3
R1["destmode"] := R2
R2 := {}
R3 := 40
R2[1] := R3
R1["maxcount"] := R2
R0[0] := R1
R1 := {}
R2 := {}
R3 := -2
R4 := 2
R5 := -2
R2[1,2,3] := R3,R4,R5
R1["dir1"] := R2
R2 := {}
R3 := 2
R4 := -1
R5 := 2
R2[1,2,3] := R3,R4,R5
R1["dir2"] := R2
R2 := {}
R3 := 0.7
R4 := -2
R5 := 1
R2[1,2,3] := R3,R4,R5
R1["gravity"] := R2
R2 := {}
R3 := -48.4
R4 := -115.2
R5 := -229
R2[1,2,3] := R3,R4,R5
R1["pos"] := R2
R2 := {}
R3 := -1
R4 := 2
R5 := -1
R2[1,2,3] := R3,R4,R5
R1["radius"] := R2
R2 := {}
R3 := 220
R4 := 160
R5 := 50
R6 := 40
R2[1,2,3,4] := R3,R4,R5,R6
R1["color"] := R2
R2 := {}
R3 := 20
R4 := 100
R2[1,2] := R3,R4
R1["rate"] := R2
R2 := {}
R3 := 3
R4 := 8
R2[1,2] := R3,R4
R1["size"] := R2
R2 := {}
R3 := 5
R4 := 10
R2[1,2] := R3,R4
R1["life"] := R2
R1["texture"] := "smoke2.bmp"
R2 := {}
R3 := 1
R2[1] := R3
R1["speed"] := R2
R2 := {}
R3 := 5
R2[1] := R3
R1["srcmode"] := R2
R2 := {}
R3 := 2
R2[1] := R3
R1["destmode"] := R2
R2 := {}
R3 := 40
R2[1] := R3
R1["maxcount"] := R2
R0[1] := R1
R1 := {}
R2 := {}
R3 := -2
R4 := 2
R5 := -2
R2[1,2,3] := R3,R4,R5
R1["dir1"] := R2
R2 := {}
R3 := 2
R4 := -1
R5 := 2
R2[1,2,3] := R3,R4,R5
R1["dir2"] := R2
R2 := {}
R3 := 0.7
R4 := -2
R5 := 1
R2[1,2,3] := R3,R4,R5
R1["gravity"] := R2
R2 := {}
R3 := 86.7
R4 := -65.2
R5 := -444.9
R2[1,2,3] := R3,R4,R5
R1["pos"] := R2
R2 := {}
R3 := -1
R4 := 2
R5 := -1
R2[1,2,3] := R3,R4,R5
R1["radius"] := R2
R2 := {}
R3 := 220
R4 := 160
R5 := 50
R6 := 40
R2[1,2,3,4] := R3,R4,R5,R6
R1["color"] := R2
R2 := {}
R3 := 20
R4 := 100
R2[1,2] := R3,R4
R1["rate"] := R2
R2 := {}
R3 := 3
R4 := 8
R2[1,2] := R3,R4
R1["size"] := R2
R2 := {}
R3 := 5
R4 := 10
R2[1,2] := R3,R4
R1["life"] := R2
R1["texture"] := "smoke2.bmp"
R2 := {}
R3 := 1
R2[1] := R3
R1["speed"] := R2
R2 := {}
R3 := 5
R2[1] := R3
R1["srcmode"] := R2
R2 := {}
R3 := 2
R2[1] := R3
R1["destmode"] := R2
R2 := {}
R3 := 40
R2[1] := R3
R1["maxcount"] := R2
R0[2] := R1
R1 := {}
R2 := {}
R3 := -2
R4 := 2
R5 := -2
R2[1,2,3] := R3,R4,R5
R1["dir1"] := R2
R2 := {}
R3 := 2
R4 := -1
R5 := 2
R2[1,2,3] := R3,R4,R5
R1["dir2"] := R2
R2 := {}
R3 := 0.7
R4 := -2
R5 := 1
R2[1,2,3] := R3,R4,R5
R1["gravity"] := R2
R2 := {}
R3 := 1.3
R4 := -112.2
R5 := -49.3
R2[1,2,3] := R3,R4,R5
R1["pos"] := R2
R2 := {}
R3 := -1
R4 := 2
R5 := -1
R2[1,2,3] := R3,R4,R5
R1["radius"] := R2
R2 := {}
R3 := 220
R4 := 160
R5 := 50
R6 := 40
R2[1,2,3,4] := R3,R4,R5,R6
R1["color"] := R2
R2 := {}
R3 := 20
R4 := 100
R2[1,2] := R3,R4
R1["rate"] := R2
R2 := {}
R3 := 3
R4 := 8
R2[1,2] := R3,R4
R1["size"] := R2
R2 := {}
R3 := 5
R4 := 10
R2[1,2] := R3,R4
R1["life"] := R2
R1["texture"] := "smoke2.bmp"
R2 := {}
R3 := 1
R2[1] := R3
R1["speed"] := R2
R2 := {}
R3 := 5
R2[1] := R3
R1["srcmode"] := R2
R2 := {}
R3 := 2
R2[1] := R3
R1["destmode"] := R2
R2 := {}
R3 := 40
R2[1] := R3
R1["maxcount"] := R2
R0[3] := R1
R1 := {}
R2 := {}
R3 := -2
R4 := 2
R5 := -2
R2[1,2,3] := R3,R4,R5
R1["dir1"] := R2
R2 := {}
R3 := 2
R4 := -1
R5 := 2
R2[1,2,3] := R3,R4,R5
R1["dir2"] := R2
R2 := {}
R3 := 0.7
R4 := -2
R5 := 1
R2[1,2,3] := R3,R4,R5
R1["gravity"] := R2
R2 := {}
R3 := 27.2
R4 := -110.2
R5 := -102.9
R2[1,2,3] := R3,R4,R5
R1["pos"] := R2
R2 := {}
R3 := -1
R4 := 2
R5 := -1
R2[1,2,3] := R3,R4,R5
R1["radius"] := R2
R2 := {}
R3 := 220
R4 := 160
R5 := 50
R6 := 40
R2[1,2,3,4] := R3,R4,R5,R6
R1["color"] := R2
R2 := {}
R3 := 20
R4 := 100
R2[1,2] := R3,R4
R1["rate"] := R2
R2 := {}
R3 := 3
R4 := 8
R2[1,2] := R3,R4
R1["size"] := R2
R2 := {}
R3 := 5
R4 := 10
R2[1,2] := R3,R4
R1["life"] := R2
R1["texture"] := "smoke2.bmp"
R2 := {}
R3 := 1
R2[1] := R3
R1["speed"] := R2
R2 := {}
R3 := 5
R2[1] := R3
R1["srcmode"] := R2
R2 := {}
R3 := 2
R2[1] := R3
R1["destmode"] := R2
R2 := {}
R3 := 40
R2[1] := R3
R1["maxcount"] := R2
R0[4] := R1
R1 := {}
R2 := {}
R3 := -2
R4 := 2
R5 := -2
R2[1,2,3] := R3,R4,R5
R1["dir1"] := R2
R2 := {}
R3 := 2
R4 := -1
R5 := 2
R2[1,2,3] := R3,R4,R5
R1["dir2"] := R2
R2 := {}
R3 := 0.7
R4 := -2
R5 := 1
R2[1,2,3] := R3,R4,R5
R1["gravity"] := R2
R2 := {}
R3 := -53.6
R4 := -108.2
R5 := -2.7
R2[1,2,3] := R3,R4,R5
R1["pos"] := R2
R2 := {}
R3 := -1
R4 := 2
R5 := -1
R2[1,2,3] := R3,R4,R5
R1["radius"] := R2
R2 := {}
R3 := 220
R4 := 160
R5 := 50
R6 := 40
R2[1,2,3,4] := R3,R4,R5,R6
R1["color"] := R2
R2 := {}
R3 := 20
R4 := 100
R2[1,2] := R3,R4
R1["rate"] := R2
R2 := {}
R3 := 3
R4 := 8
R2[1,2] := R3,R4
R1["size"] := R2
R2 := {}
R3 := 5
R4 := 10
R2[1,2] := R3,R4
R1["life"] := R2
R1["texture"] := "smoke2.bmp"
R2 := {}
R3 := 1
R2[1] := R3
R1["speed"] := R2
R2 := {}
R3 := 5
R2[1] := R3
R1["srcmode"] := R2
R2 := {}
R3 := 2
R2[1] := R3
R1["destmode"] := R2
R2 := {}
R3 := 40
R2[1] := R3
R1["maxcount"] := R2
R0[5] := R1
R1 := {}
R2 := {}
R3 := -2
R4 := 2
R5 := -2
R2[1,2,3] := R3,R4,R5
R1["dir1"] := R2
R2 := {}
R3 := 2
R4 := -1
R5 := 2
R2[1,2,3] := R3,R4,R5
R1["dir2"] := R2
R2 := {}
R3 := 0.7
R4 := -2
R5 := 1
R2[1,2,3] := R3,R4,R5
R1["gravity"] := R2
R2 := {}
R3 := 131.4
R4 := -85.2
R5 := -211.9
R2[1,2,3] := R3,R4,R5
R1["pos"] := R2
R2 := {}
R3 := -1
R4 := 2
R5 := -1
R2[1,2,3] := R3,R4,R5
R1["radius"] := R2
R2 := {}
R3 := 220
R4 := 160
R5 := 50
R6 := 40
R2[1,2,3,4] := R3,R4,R5,R6
R1["color"] := R2
R2 := {}
R3 := 20
R4 := 100
R2[1,2] := R3,R4
R1["rate"] := R2
R2 := {}
R3 := 3
R4 := 8
R2[1,2] := R3,R4
R1["size"] := R2
R2 := {}
R3 := 5
R4 := 10
R2[1,2] := R3,R4
R1["life"] := R2
R1["texture"] := "smoke2.bmp"
R2 := {}
R3 := 1
R2[1] := R3
R1["speed"] := R2
R2 := {}
R3 := 5
R2[1] := R3
R1["srcmode"] := R2
R2 := {}
R3 := 2
R2[1] := R3
R1["destmode"] := R2
R2 := {}
R3 := 40
R2[1] := R3
R1["maxcount"] := R2
R0[6] := R1
R1 := {}
R2 := {}
R3 := -2
R4 := 2
R5 := -2
R2[1,2,3] := R3,R4,R5
R1["dir1"] := R2
R2 := {}
R3 := 2
R4 := -1
R5 := 2
R2[1,2,3] := R3,R4,R5
R1["dir2"] := R2
R2 := {}
R3 := 0.7
R4 := -2
R5 := 1
R2[1,2,3] := R3,R4,R5
R1["gravity"] := R2
R2 := {}
R3 := 245.5
R4 := -73.2
R5 := 23.1
R2[1,2,3] := R3,R4,R5
R1["pos"] := R2
R2 := {}
R3 := -1
R4 := 2
R5 := -1
R2[1,2,3] := R3,R4,R5
R1["radius"] := R2
R2 := {}
R3 := 220
R4 := 160
R5 := 50
R6 := 40
R2[1,2,3,4] := R3,R4,R5,R6
R1["color"] := R2
R2 := {}
R3 := 20
R4 := 100
R2[1,2] := R3,R4
R1["rate"] := R2
R2 := {}
R3 := 3
R4 := 8
R2[1,2] := R3,R4
R1["size"] := R2
R2 := {}
R3 := 5
R4 := 10
R2[1,2] := R3,R4
R1["life"] := R2
R1["texture"] := "smoke2.bmp"
R2 := {}
R3 := 1
R2[1] := R3
R1["speed"] := R2
R2 := {}
R3 := 5
R2[1] := R3
R1["srcmode"] := R2
R2 := {}
R3 := 2
R2[1] := R3
R1["destmode"] := R2
R2 := {}
R3 := 40
R2[1] := R3
R1["maxcount"] := R2
R0[7] := R1
R1 := {}
R2 := {}
R3 := -2
R4 := 2
R5 := -2
R2[1,2,3] := R3,R4,R5
R1["dir1"] := R2
R2 := {}
R3 := 2
R4 := -1
R5 := 2
R2[1,2,3] := R3,R4,R5
R1["dir2"] := R2
R2 := {}
R3 := 0.7
R4 := -2
R5 := 1
R2[1,2,3] := R3,R4,R5
R1["gravity"] := R2
R2 := {}
R3 := 106.9
R4 := -81.2
R5 := -332.5
R2[1,2,3] := R3,R4,R5
R1["pos"] := R2
R2 := {}
R3 := -1
R4 := 2
R5 := -1
R2[1,2,3] := R3,R4,R5
R1["radius"] := R2
R2 := {}
R3 := 220
R4 := 160
R5 := 50
R6 := 40
R2[1,2,3,4] := R3,R4,R5,R6
R1["color"] := R2
R2 := {}
R3 := 20
R4 := 100
R2[1,2] := R3,R4
R1["rate"] := R2
R2 := {}
R3 := 3
R4 := 8
R2[1,2] := R3,R4
R1["size"] := R2
R2 := {}
R3 := 5
R4 := 10
R2[1,2] := R3,R4
R1["life"] := R2
R1["texture"] := "smoke2.bmp"
R2 := {}
R3 := 1
R2[1] := R3
R1["speed"] := R2
R2 := {}
R3 := 5
R2[1] := R3
R1["srcmode"] := R2
R2 := {}
R3 := 2
R2[1] := R3
R1["destmode"] := R2
R2 := {}
R3 := 40
R2[1] := R3
R1["maxcount"] := R2
R0[8] := R1
R1 := {}
R2 := {}
R3 := -2
R4 := 2
R5 := -2
R2[1,2,3] := R3,R4,R5
R1["dir1"] := R2
R2 := {}
R3 := 2
R4 := -1
R5 := 2
R2[1,2,3] := R3,R4,R5
R1["dir2"] := R2
R2 := {}
R3 := 0.7
R4 := -2
R5 := 1
R2[1,2,3] := R3,R4,R5
R1["gravity"] := R2
R2 := {}
R3 := -33.4
R4 := -90.2
R5 := -390.9
R2[1,2,3] := R3,R4,R5
R1["pos"] := R2
R2 := {}
R3 := -1
R4 := 2
R5 := -1
R2[1,2,3] := R3,R4,R5
R1["radius"] := R2
R2 := {}
R3 := 220
R4 := 160
R5 := 50
R6 := 40
R2[1,2,3,4] := R3,R4,R5,R6
R1["color"] := R2
R2 := {}
R3 := 20
R4 := 100
R2[1,2] := R3,R4
R1["rate"] := R2
R2 := {}
R3 := 3
R4 := 8
R2[1,2] := R3,R4
R1["size"] := R2
R2 := {}
R3 := 5
R4 := 10
R2[1,2] := R3,R4
R1["life"] := R2
R1["texture"] := "smoke2.bmp"
R2 := {}
R3 := 1
R2[1] := R3
R1["speed"] := R2
R2 := {}
R3 := 5
R2[1] := R3
R1["srcmode"] := R2
R2 := {}
R3 := 2
R2[1] := R3
R1["destmode"] := R2
R2 := {}
R3 := 40
R2[1] := R3
R1["maxcount"] := R2
R0[9] := R1
R1 := {}
R2 := {}
R3 := -2
R4 := 2
R5 := -2
R2[1,2,3] := R3,R4,R5
R1["dir1"] := R2
R2 := {}
R3 := 2
R4 := -1
R5 := 2
R2[1,2,3] := R3,R4,R5
R1["dir2"] := R2
R2 := {}
R3 := 0.7
R4 := -2
R5 := 1
R2[1,2,3] := R3,R4,R5
R1["gravity"] := R2
R2 := {}
R3 := -29.9
R4 := -74.2
R5 := -449.2
R2[1,2,3] := R3,R4,R5
R1["pos"] := R2
R2 := {}
R3 := -1
R4 := 2
R5 := -1
R2[1,2,3] := R3,R4,R5
R1["radius"] := R2
R2 := {}
R3 := 220
R4 := 160
R5 := 50
R6 := 40
R2[1,2,3,4] := R3,R4,R5,R6
R1["color"] := R2
R2 := {}
R3 := 20
R4 := 100
R2[1,2] := R3,R4
R1["rate"] := R2
R2 := {}
R3 := 3
R4 := 8
R2[1,2] := R3,R4
R1["size"] := R2
R2 := {}
R3 := 5
R4 := 10
R2[1,2] := R3,R4
R1["life"] := R2
R1["texture"] := "smoke2.bmp"
R2 := {}
R3 := 1
R2[1] := R3
R1["speed"] := R2
R2 := {}
R3 := 5
R2[1] := R3
R1["srcmode"] := R2
R2 := {}
R3 := 2
R2[1] := R3
R1["destmode"] := R2
R2 := {}
R3 := 40
R2[1] := R3
R1["maxcount"] := R2
R0[10] := R1
R1 := {}
R2 := {}
R3 := -2
R4 := 2
R5 := -2
R2[1,2,3] := R3,R4,R5
R1["dir1"] := R2
R2 := {}
R3 := 2
R4 := -1
R5 := 2
R2[1,2,3] := R3,R4,R5
R1["dir2"] := R2
R2 := {}
R3 := 0.7
R4 := -2
R5 := 1
R2[1,2,3] := R3,R4,R5
R1["gravity"] := R2
R2 := {}
R3 := -58.4
R4 := -42.2
R5 := -534.3
R2[1,2,3] := R3,R4,R5
R1["pos"] := R2
R2 := {}
R3 := -1
R4 := 2
R5 := -1
R2[1,2,3] := R3,R4,R5
R1["radius"] := R2
R2 := {}
R3 := 220
R4 := 160
R5 := 50
R6 := 40
R2[1,2,3,4] := R3,R4,R5,R6
R1["color"] := R2
R2 := {}
R3 := 20
R4 := 100
R2[1,2] := R3,R4
R1["rate"] := R2
R2 := {}
R3 := 3
R4 := 8
R2[1,2] := R3,R4
R1["size"] := R2
R2 := {}
R3 := 5
R4 := 10
R2[1,2] := R3,R4
R1["life"] := R2
R1["texture"] := "smoke2.bmp"
R2 := {}
R3 := 1
R2[1] := R3
R1["speed"] := R2
R2 := {}
R3 := 5
R2[1] := R3
R1["srcmode"] := R2
R2 := {}
R3 := 2
R2[1] := R3
R1["destmode"] := R2
R2 := {}
R3 := 40
R2[1] := R3
R1["maxcount"] := R2
R0[11] := R1
R1 := {}
R2 := {}
R3 := -2
R4 := 2
R5 := -2
R2[1,2,3] := R3,R4,R5
R1["dir1"] := R2
R2 := {}
R3 := 2
R4 := -1
R5 := 2
R2[1,2,3] := R3,R4,R5
R1["dir2"] := R2
R2 := {}
R3 := 0.7
R4 := -2
R5 := 1
R2[1,2,3] := R3,R4,R5
R1["gravity"] := R2
R2 := {}
R3 := -12.9
R4 := -49.2
R5 := -540
R2[1,2,3] := R3,R4,R5
R1["pos"] := R2
R2 := {}
R3 := -1
R4 := 2
R5 := -1
R2[1,2,3] := R3,R4,R5
R1["radius"] := R2
R2 := {}
R3 := 220
R4 := 160
R5 := 50
R6 := 40
R2[1,2,3,4] := R3,R4,R5,R6
R1["color"] := R2
R2 := {}
R3 := 20
R4 := 100
R2[1,2] := R3,R4
R1["rate"] := R2
R2 := {}
R3 := 3
R4 := 8
R2[1,2] := R3,R4
R1["size"] := R2
R2 := {}
R3 := 5
R4 := 10
R2[1,2] := R3,R4
R1["life"] := R2
R1["texture"] := "smoke2.bmp"
R2 := {}
R3 := 1
R2[1] := R3
R1["speed"] := R2
R2 := {}
R3 := 5
R2[1] := R3
R1["srcmode"] := R2
R2 := {}
R3 := 2
R2[1] := R3
R1["destmode"] := R2
R2 := {}
R3 := 40
R2[1] := R3
R1["maxcount"] := R2
R0[12] := R1
R1 := {}
R2 := {}
R3 := -2
R4 := 2
R5 := -2
R2[1,2,3] := R3,R4,R5
R1["dir1"] := R2
R2 := {}
R3 := 2
R4 := -1
R5 := 2
R2[1,2,3] := R3,R4,R5
R1["dir2"] := R2
R2 := {}
R3 := 0.7
R4 := -2
R5 := 1
R2[1,2,3] := R3,R4,R5
R1["gravity"] := R2
R2 := {}
R3 := 165.5
R4 := -18.2
R5 := -394.8
R2[1,2,3] := R3,R4,R5
R1["pos"] := R2
R2 := {}
R3 := -1
R4 := 2
R5 := -1
R2[1,2,3] := R3,R4,R5
R1["radius"] := R2
R2 := {}
R3 := 220
R4 := 160
R5 := 50
R6 := 40
R2[1,2,3,4] := R3,R4,R5,R6
R1["color"] := R2
R2 := {}
R3 := 20
R4 := 100
R2[1,2] := R3,R4
R1["rate"] := R2
R2 := {}
R3 := 3
R4 := 8
R2[1,2] := R3,R4
R1["size"] := R2
R2 := {}
R3 := 5
R4 := 10
R2[1,2] := R3,R4
R1["life"] := R2
R1["texture"] := "smoke2.bmp"
R2 := {}
R3 := 1
R2[1] := R3
R1["speed"] := R2
R2 := {}
R3 := 5
R2[1] := R3
R1["srcmode"] := R2
R2 := {}
R3 := 2
R2[1] := R3
R1["destmode"] := R2
R2 := {}
R3 := 40
R2[1] := R3
R1["maxcount"] := R2
R0[13] := R1
R1 := {}
R2 := {}
R3 := -2
R4 := 2
R5 := -2
R2[1,2,3] := R3,R4,R5
R1["dir1"] := R2
R2 := {}
R3 := 2
R4 := -1
R5 := 2
R2[1,2,3] := R3,R4,R5
R1["dir2"] := R2
R2 := {}
R3 := 0.7
R4 := -2
R5 := 1
R2[1,2,3] := R3,R4,R5
R1["gravity"] := R2
R2 := {}
R3 := 83.1
R4 := -104.2
R5 := -20.6
R2[1,2,3] := R3,R4,R5
R1["pos"] := R2
R2 := {}
R3 := -1
R4 := 2
R5 := -1
R2[1,2,3] := R3,R4,R5
R1["radius"] := R2
R2 := {}
R3 := 220
R4 := 160
R5 := 50
R6 := 40
R2[1,2,3,4] := R3,R4,R5,R6
R1["color"] := R2
R2 := {}
R3 := 20
R4 := 100
R2[1,2] := R3,R4
R1["rate"] := R2
R2 := {}
R3 := 3
R4 := 8
R2[1,2] := R3,R4
R1["size"] := R2
R2 := {}
R3 := 5
R4 := 10
R2[1,2] := R3,R4
R1["life"] := R2
R1["texture"] := "smoke2.bmp"
R2 := {}
R3 := 1
R2[1] := R3
R1["speed"] := R2
R2 := {}
R3 := 5
R2[1] := R3
R1["srcmode"] := R2
R2 := {}
R3 := 2
R2[1] := R3
R1["destmode"] := R2
R2 := {}
R3 := 40
R2[1] := R3
R1["maxcount"] := R2
R0[14] := R1
R1 := {}
R2 := {}
R3 := -2
R4 := 2
R5 := -2
R2[1,2,3] := R3,R4,R5
R1["dir1"] := R2
R2 := {}
R3 := 2
R4 := -1
R5 := 2
R2[1,2,3] := R3,R4,R5
R1["dir2"] := R2
R2 := {}
R3 := 0.7
R4 := -2
R5 := 1
R2[1,2,3] := R3,R4,R5
R1["gravity"] := R2
R2 := {}
R3 := 134.6
R4 := -43.2
R5 := 31
R2[1,2,3] := R3,R4,R5
R1["pos"] := R2
R2 := {}
R3 := -1
R4 := 2
R5 := -1
R2[1,2,3] := R3,R4,R5
R1["radius"] := R2
R2 := {}
R3 := 220
R4 := 160
R5 := 50
R6 := 40
R2[1,2,3,4] := R3,R4,R5,R6
R1["color"] := R2
R2 := {}
R3 := 20
R4 := 100
R2[1,2] := R3,R4
R1["rate"] := R2
R2 := {}
R3 := 3
R4 := 8
R2[1,2] := R3,R4
R1["size"] := R2
R2 := {}
R3 := 5
R4 := 10
R2[1,2] := R3,R4
R1["life"] := R2
R1["texture"] := "smoke2.bmp"
R2 := {}
R3 := 1
R2[1] := R3
R1["speed"] := R2
R2 := {}
R3 := 5
R2[1] := R3
R1["srcmode"] := R2
R2 := {}
R3 := 2
R2[1] := R3
R1["destmode"] := R2
R2 := {}
R3 := 40
R2[1] := R3
R1["maxcount"] := R2
R0[15] := R1
R1 := {}
R2 := {}
R3 := -2
R4 := 2
R5 := -2
R2[1,2,3] := R3,R4,R5
R1["dir1"] := R2
R2 := {}
R3 := 2
R4 := -1
R5 := 2
R2[1,2,3] := R3,R4,R5
R1["dir2"] := R2
R2 := {}
R3 := 0.7
R4 := -2
R5 := 1
R2[1,2,3] := R3,R4,R5
R1["gravity"] := R2
R2 := {}
R3 := 164.5
R4 := -44.2
R5 := 36.4
R2[1,2,3] := R3,R4,R5
R1["pos"] := R2
R2 := {}
R3 := -1
R4 := 2
R5 := -1
R2[1,2,3] := R3,R4,R5
R1["radius"] := R2
R2 := {}
R3 := 220
R4 := 160
R5 := 50
R6 := 40
R2[1,2,3,4] := R3,R4,R5,R6
R1["color"] := R2
R2 := {}
R3 := 20
R4 := 100
R2[1,2] := R3,R4
R1["rate"] := R2
R2 := {}
R3 := 3
R4 := 8
R2[1,2] := R3,R4
R1["size"] := R2
R2 := {}
R3 := 5
R4 := 10
R2[1,2] := R3,R4
R1["life"] := R2
R1["texture"] := "smoke2.bmp"
R2 := {}
R3 := 1
R2[1] := R3
R1["speed"] := R2
R2 := {}
R3 := 5
R2[1] := R3
R1["srcmode"] := R2
R2 := {}
R3 := 2
R2[1] := R3
R1["destmode"] := R2
R2 := {}
R3 := 40
R2[1] := R3
R1["maxcount"] := R2
R0[16] := R1
R1 := {}
R2 := {}
R3 := -2
R4 := 2
R5 := -2
R2[1,2,3] := R3,R4,R5
R1["dir1"] := R2
R2 := {}
R3 := 2
R4 := -1
R5 := 2
R2[1,2,3] := R3,R4,R5
R1["dir2"] := R2
R2 := {}
R3 := 0.7
R4 := -2
R5 := 1
R2[1,2,3] := R3,R4,R5
R1["gravity"] := R2
R2 := {}
R3 := -203.1
R4 := -78.2
R5 := -93
R2[1,2,3] := R3,R4,R5
R1["pos"] := R2
R2 := {}
R3 := -1
R4 := 2
R5 := -1
R2[1,2,3] := R3,R4,R5
R1["radius"] := R2
R2 := {}
R3 := 220
R4 := 160
R5 := 50
R6 := 40
R2[1,2,3,4] := R3,R4,R5,R6
R1["color"] := R2
R2 := {}
R3 := 20
R4 := 100
R2[1,2] := R3,R4
R1["rate"] := R2
R2 := {}
R3 := 3
R4 := 8
R2[1,2] := R3,R4
R1["size"] := R2
R2 := {}
R3 := 5
R4 := 10
R2[1,2] := R3,R4
R1["life"] := R2
R1["texture"] := "smoke2.bmp"
R2 := {}
R3 := 1
R2[1] := R3
R1["speed"] := R2
R2 := {}
R3 := 5
R2[1] := R3
R1["srcmode"] := R2
R2 := {}
R3 := 2
R2[1] := R3
R1["destmode"] := R2
R2 := {}
R3 := 40
R2[1] := R3
R1["maxcount"] := R2
R0[17] := R1
R1 := {}
R2 := {}
R3 := -2
R4 := 2
R5 := -2
R2[1,2,3] := R3,R4,R5
R1["dir1"] := R2
R2 := {}
R3 := 2
R4 := -1
R5 := 2
R2[1,2,3] := R3,R4,R5
R1["dir2"] := R2
R2 := {}
R3 := 0.7
R4 := -2
R5 := 1
R2[1,2,3] := R3,R4,R5
R1["gravity"] := R2
R2 := {}
R3 := 124.7
R4 := -108.2
R5 := -65.2
R2[1,2,3] := R3,R4,R5
R1["pos"] := R2
R2 := {}
R3 := -1
R4 := 2
R5 := -1
R2[1,2,3] := R3,R4,R5
R1["radius"] := R2
R2 := {}
R3 := 220
R4 := 160
R5 := 50
R6 := 40
R2[1,2,3,4] := R3,R4,R5,R6
R1["color"] := R2
R2 := {}
R3 := 20
R4 := 100
R2[1,2] := R3,R4
R1["rate"] := R2
R2 := {}
R3 := 3
R4 := 8
R2[1,2] := R3,R4
R1["size"] := R2
R2 := {}
R3 := 5
R4 := 10
R2[1,2] := R3,R4
R1["life"] := R2
R1["texture"] := "smoke2.bmp"
R2 := {}
R3 := 1
R2[1] := R3
R1["speed"] := R2
R2 := {}
R3 := 5
R2[1] := R3
R1["srcmode"] := R2
R2 := {}
R3 := 2
R2[1] := R3
R1["destmode"] := R2
R2 := {}
R3 := 40
R2[1] := R3
R1["maxcount"] := R2
R0[18] := R1
R1 := {}
R2 := {}
R3 := -2
R4 := 2
R5 := -2
R2[1,2,3] := R3,R4,R5
R1["dir1"] := R2
R2 := {}
R3 := 2
R4 := -1
R5 := 2
R2[1,2,3] := R3,R4,R5
R1["dir2"] := R2
R2 := {}
R3 := 0.7
R4 := -2
R5 := 1
R2[1,2,3] := R3,R4,R5
R1["gravity"] := R2
R2 := {}
R3 := 78.4
R4 := -110.2
R5 := -248.5
R2[1,2,3] := R3,R4,R5
R1["pos"] := R2
R2 := {}
R3 := -1
R4 := 2
R5 := -1
R2[1,2,3] := R3,R4,R5
R1["radius"] := R2
R2 := {}
R3 := 220
R4 := 160
R5 := 50
R6 := 40
R2[1,2,3,4] := R3,R4,R5,R6
R1["color"] := R2
R2 := {}
R3 := 20
R4 := 100
R2[1,2] := R3,R4
R1["rate"] := R2
R2 := {}
R3 := 3
R4 := 8
R2[1,2] := R3,R4
R1["size"] := R2
R2 := {}
R3 := 5
R4 := 10
R2[1,2] := R3,R4
R1["life"] := R2
R1["texture"] := "smoke2.bmp"
R2 := {}
R3 := 1
R2[1] := R3
R1["speed"] := R2
R2 := {}
R3 := 5
R2[1] := R3
R1["srcmode"] := R2
R2 := {}
R3 := 2
R2[1] := R3
R1["destmode"] := R2
R2 := {}
R3 := 40
R2[1] := R3
R1["maxcount"] := R2
R0[19] := R1
R1 := {}
R2 := {}
R3 := -2
R4 := 2
R5 := -2
R2[1,2,3] := R3,R4,R5
R1["dir1"] := R2
R2 := {}
R3 := 2
R4 := -1
R5 := 2
R2[1,2,3] := R3,R4,R5
R1["dir2"] := R2
R2 := {}
R3 := 0.7
R4 := -2
R5 := 1
R2[1,2,3] := R3,R4,R5
R1["gravity"] := R2
R2 := {}
R3 := 243.4
R4 := -28.2
R5 := -101.4
R2[1,2,3] := R3,R4,R5
R1["pos"] := R2
R2 := {}
R3 := -1
R4 := 2
R5 := -1
R2[1,2,3] := R3,R4,R5
R1["radius"] := R2
R2 := {}
R3 := 220
R4 := 160
R5 := 50
R6 := 40
R2[1,2,3,4] := R3,R4,R5,R6
R1["color"] := R2
R2 := {}
R3 := 20
R4 := 100
R2[1,2] := R3,R4
R1["rate"] := R2
R2 := {}
R3 := 3
R4 := 8
R2[1,2] := R3,R4
R1["size"] := R2
R2 := {}
R3 := 5
R4 := 10
R2[1,2] := R3,R4
R1["life"] := R2
R1["texture"] := "smoke2.bmp"
R2 := {}
R3 := 1
R2[1] := R3
R1["speed"] := R2
R2 := {}
R3 := 5
R2[1] := R3
R1["srcmode"] := R2
R2 := {}
R3 := 2
R2[1] := R3
R1["destmode"] := R2
R2 := {}
R3 := 40
R2[1] := R3
R1["maxcount"] := R2
R0[20] := R1
R1 := {}
R2 := {}
R3 := -2
R4 := 2
R5 := -2
R2[1,2,3] := R3,R4,R5
R1["dir1"] := R2
R2 := {}
R3 := 2
R4 := -1
R5 := 2
R2[1,2,3] := R3,R4,R5
R1["dir2"] := R2
R2 := {}
R3 := 0.7
R4 := -2
R5 := 1
R2[1,2,3] := R3,R4,R5
R1["gravity"] := R2
R2 := {}
R3 := 22.5
R4 := -100.2
R5 := -300.9
R2[1,2,3] := R3,R4,R5
R1["pos"] := R2
R2 := {}
R3 := -1
R4 := 2
R5 := -1
R2[1,2,3] := R3,R4,R5
R1["radius"] := R2
R2 := {}
R3 := 220
R4 := 160
R5 := 50
R6 := 40
R2[1,2,3,4] := R3,R4,R5,R6
R1["color"] := R2
R2 := {}
R3 := 20
R4 := 100
R2[1,2] := R3,R4
R1["rate"] := R2
R2 := {}
R3 := 3
R4 := 8
R2[1,2] := R3,R4
R1["size"] := R2
R2 := {}
R3 := 5
R4 := 10
R2[1,2] := R3,R4
R1["life"] := R2
R1["texture"] := "smoke2.bmp"
R2 := {}
R3 := 1
R2[1] := R3
R1["speed"] := R2
R2 := {}
R3 := 5
R2[1] := R3
R1["srcmode"] := R2
R2 := {}
R3 := 2
R2[1] := R3
R1["destmode"] := R2
R2 := {}
R3 := 40
R2[1] := R3
R1["maxcount"] := R2
R0[21] := R1
R1 := {}
R2 := {}
R3 := -2
R4 := 2
R5 := -2
R2[1,2,3] := R3,R4,R5
R1["dir1"] := R2
R2 := {}
R3 := 2
R4 := -1
R5 := 2
R2[1,2,3] := R3,R4,R5
R1["dir2"] := R2
R2 := {}
R3 := 0.7
R4 := -2
R5 := 1
R2[1,2,3] := R3,R4,R5
R1["gravity"] := R2
R2 := {}
R3 := -74.7
R4 := -88.2
R5 := -451.3
R2[1,2,3] := R3,R4,R5
R1["pos"] := R2
R2 := {}
R3 := -1
R4 := 2
R5 := -1
R2[1,2,3] := R3,R4,R5
R1["radius"] := R2
R2 := {}
R3 := 220
R4 := 160
R5 := 50
R6 := 40
R2[1,2,3,4] := R3,R4,R5,R6
R1["color"] := R2
R2 := {}
R3 := 20
R4 := 100
R2[1,2] := R3,R4
R1["rate"] := R2
R2 := {}
R3 := 3
R4 := 8
R2[1,2] := R3,R4
R1["size"] := R2
R2 := {}
R3 := 5
R4 := 10
R2[1,2] := R3,R4
R1["life"] := R2
R1["texture"] := "smoke2.bmp"
R2 := {}
R3 := 1
R2[1] := R3
R1["speed"] := R2
R2 := {}
R3 := 5
R2[1] := R3
R1["srcmode"] := R2
R2 := {}
R3 := 2
R2[1] := R3
R1["destmode"] := R2
R2 := {}
R3 := 40
R2[1] := R3
R1["maxcount"] := R2
R0[22] := R1
R1 := {}
R2 := {}
R3 := -2
R4 := 2
R5 := -2
R2[1,2,3] := R3,R4,R5
R1["dir1"] := R2
R2 := {}
R3 := 2
R4 := -1
R5 := 2
R2[1,2,3] := R3,R4,R5
R1["dir2"] := R2
R2 := {}
R3 := 0.7
R4 := -2
R5 := 1
R2[1,2,3] := R3,R4,R5
R1["gravity"] := R2
R2 := {}
R3 := 42.4
R4 := -103.2
R5 := -344.4
R2[1,2,3] := R3,R4,R5
R1["pos"] := R2
R2 := {}
R3 := -1
R4 := 2
R5 := -1
R2[1,2,3] := R3,R4,R5
R1["radius"] := R2
R2 := {}
R3 := 220
R4 := 160
R5 := 50
R6 := 40
R2[1,2,3,4] := R3,R4,R5,R6
R1["color"] := R2
R2 := {}
R3 := 20
R4 := 100
R2[1,2] := R3,R4
R1["rate"] := R2
R2 := {}
R3 := 3
R4 := 8
R2[1,2] := R3,R4
R1["size"] := R2
R2 := {}
R3 := 5
R4 := 10
R2[1,2] := R3,R4
R1["life"] := R2
R1["texture"] := "smoke2.bmp"
R2 := {}
R3 := 1
R2[1] := R3
R1["speed"] := R2
R2 := {}
R3 := 5
R2[1] := R3
R1["srcmode"] := R2
R2 := {}
R3 := 2
R2[1] := R3
R1["destmode"] := R2
R2 := {}
R3 := 40
R2[1] := R3
R1["maxcount"] := R2
R0[23] := R1
R1 := {}
R2 := {}
R3 := -2
R4 := 2
R5 := -2
R2[1,2,3] := R3,R4,R5
R1["dir1"] := R2
R2 := {}
R3 := 2
R4 := -1
R5 := 2
R2[1,2,3] := R3,R4,R5
R1["dir2"] := R2
R2 := {}
R3 := 0.7
R4 := -2
R5 := 1
R2[1,2,3] := R3,R4,R5
R1["gravity"] := R2
R2 := {}
R3 := -24.7
R4 := -104.2
R5 := -245.6
R2[1,2,3] := R3,R4,R5
R1["pos"] := R2
R2 := {}
R3 := -1
R4 := 2
R5 := -1
R2[1,2,3] := R3,R4,R5
R1["radius"] := R2
R2 := {}
R3 := 220
R4 := 160
R5 := 50
R6 := 40
R2[1,2,3,4] := R3,R4,R5,R6
R1["color"] := R2
R2 := {}
R3 := 20
R4 := 100
R2[1,2] := R3,R4
R1["rate"] := R2
R2 := {}
R3 := 3
R4 := 8
R2[1,2] := R3,R4
R1["size"] := R2
R2 := {}
R3 := 5
R4 := 10
R2[1,2] := R3,R4
R1["life"] := R2
R1["texture"] := "smoke2.bmp"
R2 := {}
R3 := 1
R2[1] := R3
R1["speed"] := R2
R2 := {}
R3 := 5
R2[1] := R3
R1["srcmode"] := R2
R2 := {}
R3 := 2
R2[1] := R3
R1["destmode"] := R2
R2 := {}
R3 := 40
R2[1] := R3
R1["maxcount"] := R2
R0[24] := R1
R1 := {}
R2 := {}
R3 := -2
R4 := 2
R5 := -2
R2[1,2,3] := R3,R4,R5
R1["dir1"] := R2
R2 := {}
R3 := 2
R4 := -1
R5 := 2
R2[1,2,3] := R3,R4,R5
R1["dir2"] := R2
R2 := {}
R3 := 0.7
R4 := -2
R5 := 1
R2[1,2,3] := R3,R4,R5
R1["gravity"] := R2
R2 := {}
R3 := -87.3
R4 := -94.2
R5 := -320
R2[1,2,3] := R3,R4,R5
R1["pos"] := R2
R2 := {}
R3 := -1
R4 := 2
R5 := -1
R2[1,2,3] := R3,R4,R5
R1["radius"] := R2
R2 := {}
R3 := 220
R4 := 160
R5 := 50
R6 := 40
R2[1,2,3,4] := R3,R4,R5,R6
R1["color"] := R2
R2 := {}
R3 := 20
R4 := 100
R2[1,2] := R3,R4
R1["rate"] := R2
R2 := {}
R3 := 3
R4 := 8
R2[1,2] := R3,R4
R1["size"] := R2
R2 := {}
R3 := 5
R4 := 10
R2[1,2] := R3,R4
R1["life"] := R2
R1["texture"] := "smoke2.bmp"
R2 := {}
R3 := 1
R2[1] := R3
R1["speed"] := R2
R2 := {}
R3 := 5
R2[1] := R3
R1["srcmode"] := R2
R2 := {}
R3 := 2
R2[1] := R3
R1["destmode"] := R2
R2 := {}
R3 := 40
R2[1] := R3
R1["maxcount"] := R2
R0[25] := R1
R1 := {}
R2 := {}
R3 := -2
R4 := 2
R5 := -2
R2[1,2,3] := R3,R4,R5
R1["dir1"] := R2
R2 := {}
R3 := 2
R4 := -1
R5 := 2
R2[1,2,3] := R3,R4,R5
R1["dir2"] := R2
R2 := {}
R3 := 0.7
R4 := -2
R5 := 1
R2[1,2,3] := R3,R4,R5
R1["gravity"] := R2
R2 := {}
R3 := -178
R4 := -71.2
R5 := -304
R2[1,2,3] := R3,R4,R5
R1["pos"] := R2
R2 := {}
R3 := -1
R4 := 2
R5 := -1
R2[1,2,3] := R3,R4,R5
R1["radius"] := R2
R2 := {}
R3 := 220
R4 := 160
R5 := 50
R6 := 40
R2[1,2,3,4] := R3,R4,R5,R6
R1["color"] := R2
R2 := {}
R3 := 20
R4 := 100
R2[1,2] := R3,R4
R1["rate"] := R2
R2 := {}
R3 := 3
R4 := 8
R2[1,2] := R3,R4
R1["size"] := R2
R2 := {}
R3 := 5
R4 := 10
R2[1,2] := R3,R4
R1["life"] := R2
R1["texture"] := "smoke2.bmp"
R2 := {}
R3 := 1
R2[1] := R3
R1["speed"] := R2
R2 := {}
R3 := 5
R2[1] := R3
R1["srcmode"] := R2
R2 := {}
R3 := 2
R2[1] := R3
R1["destmode"] := R2
R2 := {}
R3 := 40
R2[1] := R3
R1["maxcount"] := R2
R0[26] := R1
R1 := {}
R2 := {}
R3 := -2
R4 := 2
R5 := -2
R2[1,2,3] := R3,R4,R5
R1["dir1"] := R2
R2 := {}
R3 := 2
R4 := -1
R5 := 2
R2[1,2,3] := R3,R4,R5
R1["dir2"] := R2
R2 := {}
R3 := 0.7
R4 := -2
R5 := 1
R2[1,2,3] := R3,R4,R5
R1["gravity"] := R2
R2 := {}
R3 := -188.4
R4 := -40.2
R5 := -372.8
R2[1,2,3] := R3,R4,R5
R1["pos"] := R2
R2 := {}
R3 := -1
R4 := 2
R5 := -1
R2[1,2,3] := R3,R4,R5
R1["radius"] := R2
R2 := {}
R3 := 220
R4 := 160
R5 := 50
R6 := 40
R2[1,2,3,4] := R3,R4,R5,R6
R1["color"] := R2
R2 := {}
R3 := 20
R4 := 100
R2[1,2] := R3,R4
R1["rate"] := R2
R2 := {}
R3 := 3
R4 := 8
R2[1,2] := R3,R4
R1["size"] := R2
R2 := {}
R3 := 5
R4 := 10
R2[1,2] := R3,R4
R1["life"] := R2
R1["texture"] := "smoke2.bmp"
R2 := {}
R3 := 1
R2[1] := R3
R1["speed"] := R2
R2 := {}
R3 := 5
R2[1] := R3
R1["srcmode"] := R2
R2 := {}
R3 := 2
R2[1] := R3
R1["destmode"] := R2
R2 := {}
R3 := 40
R2[1] := R3
R1["maxcount"] := R2
R0[27] := R1
R1 := {}
R2 := {}
R3 := -2
R4 := 2
R5 := -2
R2[1,2,3] := R3,R4,R5
R1["dir1"] := R2
R2 := {}
R3 := 2
R4 := -1
R5 := 2
R2[1,2,3] := R3,R4,R5
R1["dir2"] := R2
R2 := {}
R3 := 0.7
R4 := -2
R5 := 1
R2[1,2,3] := R3,R4,R5
R1["gravity"] := R2
R2 := {}
R3 := -122.6
R4 := -56.2
R5 := -470.6
R2[1,2,3] := R3,R4,R5
R1["pos"] := R2
R2 := {}
R3 := -1
R4 := 2
R5 := -1
R2[1,2,3] := R3,R4,R5
R1["radius"] := R2
R2 := {}
R3 := 220
R4 := 160
R5 := 50
R6 := 40
R2[1,2,3,4] := R3,R4,R5,R6
R1["color"] := R2
R2 := {}
R3 := 20
R4 := 100
R2[1,2] := R3,R4
R1["rate"] := R2
R2 := {}
R3 := 3
R4 := 8
R2[1,2] := R3,R4
R1["size"] := R2
R2 := {}
R3 := 5
R4 := 10
R2[1,2] := R3,R4
R1["life"] := R2
R1["texture"] := "smoke2.bmp"
R2 := {}
R3 := 1
R2[1] := R3
R1["speed"] := R2
R2 := {}
R3 := 5
R2[1] := R3
R1["srcmode"] := R2
R2 := {}
R3 := 2
R2[1] := R3
R1["destmode"] := R2
R2 := {}
R3 := 40
R2[1] := R3
R1["maxcount"] := R2
R0[28] := R1
R1 := {}
R2 := {}
R3 := -2
R4 := 2
R5 := -2
R2[1,2,3] := R3,R4,R5
R1["dir1"] := R2
R2 := {}
R3 := 2
R4 := -1
R5 := 2
R2[1,2,3] := R3,R4,R5
R1["dir2"] := R2
R2 := {}
R3 := 0.7
R4 := -2
R5 := 1
R2[1,2,3] := R3,R4,R5
R1["gravity"] := R2
R2 := {}
R3 := 79.1
R4 := -52.2
R5 := -518.8
R2[1,2,3] := R3,R4,R5
R1["pos"] := R2
R2 := {}
R3 := -1
R4 := 2
R5 := -1
R2[1,2,3] := R3,R4,R5
R1["radius"] := R2
R2 := {}
R3 := 220
R4 := 160
R5 := 50
R6 := 40
R2[1,2,3,4] := R3,R4,R5,R6
R1["color"] := R2
R2 := {}
R3 := 20
R4 := 100
R2[1,2] := R3,R4
R1["rate"] := R2
R2 := {}
R3 := 3
R4 := 8
R2[1,2] := R3,R4
R1["size"] := R2
R2 := {}
R3 := 5
R4 := 10
R2[1,2] := R3,R4
R1["life"] := R2
R1["texture"] := "smoke2.bmp"
R2 := {}
R3 := 1
R2[1] := R3
R1["speed"] := R2
R2 := {}
R3 := 5
R2[1] := R3
R1["srcmode"] := R2
R2 := {}
R3 := 2
R2[1] := R3
R1["destmode"] := R2
R2 := {}
R3 := 40
R2[1] := R3
R1["maxcount"] := R2
R0[29] := R1
R1 := {}
R2 := {}
R3 := -2
R4 := 2
R5 := -2
R2[1,2,3] := R3,R4,R5
R1["dir1"] := R2
R2 := {}
R3 := 2
R4 := -1
R5 := 2
R2[1,2,3] := R3,R4,R5
R1["dir2"] := R2
R2 := {}
R3 := 0.7
R4 := -2
R5 := 1
R2[1,2,3] := R3,R4,R5
R1["gravity"] := R2
R2 := {}
R3 := -17.6
R4 := -121.2
R5 := -187.2
R2[1,2,3] := R3,R4,R5
R1["pos"] := R2
R2 := {}
R3 := -1
R4 := 2
R5 := -1
R2[1,2,3] := R3,R4,R5
R1["radius"] := R2
R2 := {}
R3 := 220
R4 := 160
R5 := 50
R6 := 40
R2[1,2,3,4] := R3,R4,R5,R6
R1["color"] := R2
R2 := {}
R3 := 20
R4 := 100
R2[1,2] := R3,R4
R1["rate"] := R2
R2 := {}
R3 := 3
R4 := 8
R2[1,2] := R3,R4
R1["size"] := R2
R2 := {}
R3 := 5
R4 := 10
R2[1,2] := R3,R4
R1["life"] := R2
R1["texture"] := "smoke2.bmp"
R2 := {}
R3 := 1
R2[1] := R3
R1["speed"] := R2
R2 := {}
R3 := 5
R2[1] := R3
R1["srcmode"] := R2
R2 := {}
R3 := 2
R2[1] := R3
R1["destmode"] := R2
R2 := {}
R3 := 40
R2[1] := R3
R1["maxcount"] := R2
R0[30] := R1
R1 := {}
R2 := {}
R3 := -2
R4 := 2
R5 := -2
R2[1,2,3] := R3,R4,R5
R1["dir1"] := R2
R2 := {}
R3 := 2
R4 := -1
R5 := 2
R2[1,2,3] := R3,R4,R5
R1["dir2"] := R2
R2 := {}
R3 := 0.7
R4 := -2
R5 := 1
R2[1,2,3] := R3,R4,R5
R1["gravity"] := R2
R2 := {}
R3 := 187
R4 := 13.8
R5 := 102.9
R2[1,2,3] := R3,R4,R5
R1["pos"] := R2
R2 := {}
R3 := -1
R4 := 2
R5 := -1
R2[1,2,3] := R3,R4,R5
R1["radius"] := R2
R2 := {}
R3 := 220
R4 := 160
R5 := 50
R6 := 40
R2[1,2,3,4] := R3,R4,R5,R6
R1["color"] := R2
R2 := {}
R3 := 20
R4 := 100
R2[1,2] := R3,R4
R1["rate"] := R2
R2 := {}
R3 := 3
R4 := 8
R2[1,2] := R3,R4
R1["size"] := R2
R2 := {}
R3 := 5
R4 := 10
R2[1,2] := R3,R4
R1["life"] := R2
R1["texture"] := "smoke2.bmp"
R2 := {}
R3 := 1
R2[1] := R3
R1["speed"] := R2
R2 := {}
R3 := 5
R2[1] := R3
R1["srcmode"] := R2
R2 := {}
R3 := 2
R2[1] := R3
R1["destmode"] := R2
R2 := {}
R3 := 40
R2[1] := R3
R1["maxcount"] := R2
R0[31] := R1
R1 := {}
R2 := {}
R3 := -2
R4 := 2
R5 := -2
R2[1,2,3] := R3,R4,R5
R1["dir1"] := R2
R2 := {}
R3 := 2
R4 := -1
R5 := 2
R2[1,2,3] := R3,R4,R5
R1["dir2"] := R2
R2 := {}
R3 := 0.7
R4 := -2
R5 := 1
R2[1,2,3] := R3,R4,R5
R1["gravity"] := R2
R2 := {}
R3 := 125.3
R4 := -104.2
R5 := -107
R2[1,2,3] := R3,R4,R5
R1["pos"] := R2
R2 := {}
R3 := -1
R4 := 2
R5 := -1
R2[1,2,3] := R3,R4,R5
R1["radius"] := R2
R2 := {}
R3 := 220
R4 := 160
R5 := 50
R6 := 40
R2[1,2,3,4] := R3,R4,R5,R6
R1["color"] := R2
R2 := {}
R3 := 20
R4 := 100
R2[1,2] := R3,R4
R1["rate"] := R2
R2 := {}
R3 := 3
R4 := 8
R2[1,2] := R3,R4
R1["size"] := R2
R2 := {}
R3 := 5
R4 := 10
R2[1,2] := R3,R4
R1["life"] := R2
R1["texture"] := "smoke2.bmp"
R2 := {}
R3 := 1
R2[1] := R3
R1["speed"] := R2
R2 := {}
R3 := 5
R2[1] := R3
R1["srcmode"] := R2
R2 := {}
R3 := 2
R2[1] := R3
R1["destmode"] := R2
R2 := {}
R3 := 40
R2[1] := R3
R1["maxcount"] := R2
R0[32] := R1
R1 := {}
R2 := {}
R3 := -2
R4 := 2
R5 := -2
R2[1,2,3] := R3,R4,R5
R1["dir1"] := R2
R2 := {}
R3 := 2
R4 := -1
R5 := 2
R2[1,2,3] := R3,R4,R5
R1["dir2"] := R2
R2 := {}
R3 := 0.7
R4 := -2
R5 := 1
R2[1,2,3] := R3,R4,R5
R1["gravity"] := R2
R2 := {}
R3 := 77
R4 := -78.2
R5 := -414.6
R2[1,2,3] := R3,R4,R5
R1["pos"] := R2
R2 := {}
R3 := -1
R4 := 2
R5 := -1
R2[1,2,3] := R3,R4,R5
R1["radius"] := R2
R2 := {}
R3 := 220
R4 := 160
R5 := 50
R6 := 40
R2[1,2,3,4] := R3,R4,R5,R6
R1["color"] := R2
R2 := {}
R3 := 20
R4 := 100
R2[1,2] := R3,R4
R1["rate"] := R2
R2 := {}
R3 := 3
R4 := 8
R2[1,2] := R3,R4
R1["size"] := R2
R2 := {}
R3 := 5
R4 := 10
R2[1,2] := R3,R4
R1["life"] := R2
R1["texture"] := "smoke2.bmp"
R2 := {}
R3 := 1
R2[1] := R3
R1["speed"] := R2
R2 := {}
R3 := 5
R2[1] := R3
R1["srcmode"] := R2
R2 := {}
R3 := 2
R2[1] := R3
R1["destmode"] := R2
R2 := {}
R3 := 40
R2[1] := R3
R1["maxcount"] := R2
R0[33] := R1
R1 := {}
R2 := {}
R3 := -2
R4 := 2
R5 := -2
R2[1,2,3] := R3,R4,R5
R1["dir1"] := R2
R2 := {}
R3 := 2
R4 := -1
R5 := 2
R2[1,2,3] := R3,R4,R5
R1["dir2"] := R2
R2 := {}
R3 := 0.7
R4 := -2
R5 := 1
R2[1,2,3] := R3,R4,R5
R1["gravity"] := R2
R2 := {}
R3 := 146.6
R4 := -18.2
R5 := -503
R2[1,2,3] := R3,R4,R5
R1["pos"] := R2
R2 := {}
R3 := -1
R4 := 2
R5 := -1
R2[1,2,3] := R3,R4,R5
R1["radius"] := R2
R2 := {}
R3 := 220
R4 := 160
R5 := 50
R6 := 40
R2[1,2,3,4] := R3,R4,R5,R6
R1["color"] := R2
R2 := {}
R3 := 20
R4 := 100
R2[1,2] := R3,R4
R1["rate"] := R2
R2 := {}
R3 := 3
R4 := 8
R2[1,2] := R3,R4
R1["size"] := R2
R2 := {}
R3 := 5
R4 := 10
R2[1,2] := R3,R4
R1["life"] := R2
R1["texture"] := "smoke2.bmp"
R2 := {}
R3 := 1
R2[1] := R3
R1["speed"] := R2
R2 := {}
R3 := 5
R2[1] := R3
R1["srcmode"] := R2
R2 := {}
R3 := 2
R2[1] := R3
R1["destmode"] := R2
R2 := {}
R3 := 40
R2[1] := R3
R1["maxcount"] := R2
R0[34] := R1
R1 := {}
R2 := {}
R3 := -2
R4 := 2
R5 := -2
R2[1,2,3] := R3,R4,R5
R1["dir1"] := R2
R2 := {}
R3 := 2
R4 := -1
R5 := 2
R2[1,2,3] := R3,R4,R5
R1["dir2"] := R2
R2 := {}
R3 := 0.7
R4 := -2
R5 := 1
R2[1,2,3] := R3,R4,R5
R1["gravity"] := R2
R2 := {}
R3 := 1.9
R4 := -90.2
R5 := 29.5
R2[1,2,3] := R3,R4,R5
R1["pos"] := R2
R2 := {}
R3 := -1
R4 := 2
R5 := -1
R2[1,2,3] := R3,R4,R5
R1["radius"] := R2
R2 := {}
R3 := 220
R4 := 160
R5 := 50
R6 := 40
R2[1,2,3,4] := R3,R4,R5,R6
R1["color"] := R2
R2 := {}
R3 := 20
R4 := 100
R2[1,2] := R3,R4
R1["rate"] := R2
R2 := {}
R3 := 3
R4 := 8
R2[1,2] := R3,R4
R1["size"] := R2
R2 := {}
R3 := 5
R4 := 10
R2[1,2] := R3,R4
R1["life"] := R2
R1["texture"] := "smoke2.bmp"
R2 := {}
R3 := 1
R2[1] := R3
R1["speed"] := R2
R2 := {}
R3 := 5
R2[1] := R3
R1["srcmode"] := R2
R2 := {}
R3 := 2
R2[1] := R3
R1["destmode"] := R2
R2 := {}
R3 := 40
R2[1] := R3
R1["maxcount"] := R2
R0[35] := R1
_ma_scene01_emitterInfo := R0
R0 := ReadEmitterInfo_ver2
R1 := _ma_scene01_emitterInfo
R0(R1)
return 
