R0 := {}
R0["JT_NOVICE"] := 0
R0["JT_SWORDMAN"] := 1
R0["JT_MAGICIAN"] := 2
R0["JT_ARCHER"] := 3
R0["JT_ACOLYTE"] := 4
R0["JT_MERCHANT"] := 5
R0["JT_THIEF"] := 6
R0["JT_KNIGHT"] := 7
R0["JT_PRIEST"] := 8
R0["JT_WIZARD"] := 9
R0["JT_BLACKSMITH"] := 10
R0["JT_HUNTER"] := 11
R0["JT_ASSASSIN"] := 12
R0["JT_CRUSADER"] := 14
R0["JT_MONK"] := 15
R0["JT_SAGE"] := 16
R0["JT_ROGUE"] := 17
R0["JT_ALCHEMIST"] := 18
R0["JT_BARD"] := 19
R0["JT_DANCER"] := 20
R0["JT_MARRIED"] := 22
R0["JT_SUPERNOVICE"] := 23
R0["JT_GUNSLINGER"] := 24
R0["JT_NINJA"] := 25
R0["JT_SUMMER"] := 27
R0["JT_NOVICE_H"] := 4001
R0["JT_SWORDMAN_H"] := 4002
R0["JT_MAGICIAN_H"] := 4003
R0["JT_ARCHER_H"] := 4004
R0["JT_ACOLYTE_H"] := 4005
R0["JT_MERCHANT_H"] := 4006
R0["JT_THIEF_H"] := 4007
R0["JT_KNIGHT_H"] := 4008
R0["JT_PRIEST_H"] := 4009
R0["JT_WIZARD_H"] := 4010
R0["JT_BLACKSMITH_H"] := 4011
R0["JT_HUNTER_H"] := 4012
R0["JT_ASSASSIN_H"] := 4013
R0["JT_CRUSADER_H"] := 4015
R0["JT_MONK_H"] := 4016
R0["JT_SAGE_H"] := 4017
R0["JT_ROGUE_H"] := 4018
R0["JT_ALCHEMIST_H"] := 4019
R0["JT_BARD_H"] := 4020
R0["JT_DANCER_H"] := 4021
R0["JT_NOVICE_B"] := 4023
R0["JT_SWORDMAN_B"] := 4024
R0["JT_MAGICIAN_B"] := 4025
R0["JT_ARCHER_B"] := 4026
R0["JT_ACOLYTE_B"] := 4027
R0["JT_MERCHANT_B"] := 4028
R0["JT_THIEF_B"] := 4029
R0["JT_KNIGHT_B"] := 4030
R0["JT_PRIEST_B"] := 4031
R0["JT_WIZARD_B"] := 4032
R0["JT_BLACKSMITH_B"] := 4033
R0["JT_HUNTER_B"] := 4034
R0["JT_ASSASSIN_B"] := 4035
R0["JT_CRUSADER_B"] := 4037
R0["JT_MONK_B"] := 4038
R0["JT_SAGE_B"] := 4039
R0["JT_ROGUE_B"] := 4040
R0["JT_ALCHEMIST_B"] := 4041
R0["JT_BARD_B"] := 4042
R0["JT_DANCER_B"] := 4043
R0["JT_SUPERNOVICE_B"] := 4045
R0["JT_TAEKWON"] := 4046
R0["JT_STAR"] := 4047
R0["JT_STAR2"] := 4048
R0["JT_LINKER"] := 4049
R0["JT_RUNE_KNIGHT"] := 4054
R0["JT_WARLOCK"] := 4055
R0["JT_RANGER"] := 4056
R0["JT_ARCHBISHOP"] := 4057
R0["JT_MECHANIC"] := 4058
R0["JT_GUILLOTINE_CROSS"] := 4059
R0["JT_RUNE_KNIGHT_H"] := 4060
R0["JT_WARLOCK_H"] := 4061
R0["JT_RANGER_H"] := 4062
R0["JT_ARCHBISHOP_H"] := 4063
R0["JT_MECHANIC_H"] := 4064
R0["JT_GUILLOTINE_CROSS_H"] := 4065
R0["JT_ROYAL_GUARD"] := 4066
R0["JT_SORCERER"] := 4067
R0["JT_MINSTREL"] := 4068
R0["JT_WANDERER"] := 4069
R0["JT_SURA"] := 4070
R0["JT_GENETIC"] := 4071
R0["JT_SHADOW_CHASER"] := 4072
R0["JT_ROYAL_GUARD_H"] := 4073
R0["JT_SORCERER_H"] := 4074
R0["JT_MINSTREL_H"] := 4075
R0["JT_WANDERER_H"] := 4076
R0["JT_SURA_H"] := 4077
R0["JT_GENETIC_H"] := 4078
R0["JT_SHADOW_CHASER_H"] := 4079
R0["JT_RUNE_KNIGHT_B"] := 4096
R0["JT_WARLOCK_B"] := 4097
R0["JT_RANGER_B"] := 4098
R0["JT_ARCHBISHOP_B"] := 4099
R0["JT_MECHANIC_B"] := 4100
R0["JT_GUILLOTINE_CROSS_B"] := 4101
R0["JT_ROYAL_GUARD_B"] := 4102
R0["JT_SORCERER_B"] := 4103
R0["JT_MINSTREL_B"] := 4104
R0["JT_WANDERER_B"] := 4105
R0["JT_SURA_B"] := 4106
R0["JT_GENETIC_B"] := 4107
R0["JT_SHADOW_CHASER_B"] := 4108
R0["JT_SUPERNOVICE2"] := 4190
R0["JT_SUPERNOVICE2_B"] := 4191
R0["JT_KAGEROU"] := 4211
R0["JT_OBORO"] := 4212
R0["JT_RUNE_CHICKEN"] := 4080
R0["JT_ROYAL_CHICKEN"] := 4082
R0["JT_WOLF_RANGER"] := 4084
R0["JT_FROG_NINJA"] := 4114
R0["JT_PECO_GUNNER"] := 4115
R0["JT_PECO_SWORD"] := 4116
R0["JT_CHICKEN"] := 13
R0["JT_FROG_KAGEROU"] := 4213
R0["JT_FROG_OBORO"] := 4214
R0["JT_PIG_MERCHANT"] := 4119
R0["JT_PIG_WHITESMITH"] := 4118
R0["JT_PIG_GENETIC"] := 4120
R0["JT_PIG_CREATOR"] := 4121
R0["JT_PIG_ALCHE"] := 4137
R0["JT_PIG_BLACKSMITH"] := 4138
R0["JT_PIG_MERCHANT_B"] := 4163
R0["JT_PIG_ALCHE_B"] := 4169
R1 := 4180
R0["JT_PIG_GENETIC_B"] := R1
R1 := "JT_PIG_MERCHANT_H"
R2 := 4188
R0[R1] := R2
R1 := "JT_PIG_BLACKSMITH_B"
R2 := 4196
R0[R1] := R2
R1 := "JT_SHEEP_MONK"
R2 := 4125
R0[R1] := R2
R1 := "JT_SHEEP_ACO"
R2 := 4126
R0[R1] := R2
R1 := "JT_SHEEP_SURA"
R2 := 4127
R0[R1] := R2
R1 := "JT_SHEEP_ARCB"
R2 := 4129
R0[R1] := R2
R1 := "JT_SHEEP_CHAMP"
R2 := 4139
R0[R1] := R2
R1 := "JT_SHEEP_PRIEST"
R2 := 4156
R0[R1] := R2
R1 := "JT_SHEEP_HPRIEST"
R2 := 4157
R0[R1] := R2
R1 := "JT_SHEEP_ACO_B"
R2 := 4162
R0[R1] := R2
R1 := "JT_SHEEP_MONK_B"
R2 := 4166
R0[R1] := R2
R1 := "JT_SHEEP_ARCB_B"
R2 := 4174
R0[R1] := R2
R1 := "JT_SHEEP_SURA_B"
R2 := 4179
R0[R1] := R2
R1 := "JT_SHEEP_ACO_H"
R2 := 4187
R0[R1] := R2
R1 := "JT_SHEEP_PRIEST_B"
R2 := 4194
R0[R1] := R2
R1 := "JT_DOG_G_CROSS"
R2 := 4140
R0[R1] := R2
R1 := "JT_DOG_THIEF"
R2 := 4141
R0[R1] := R2
R1 := "JT_DOG_ROGUE"
R2 := 4142
R0[R1] := R2
R1 := "JT_DOG_CHASER"
R2 := 4143
R0[R1] := R2
R1 := "JT_DOG_STALKER"
R2 := 4144
R0[R1] := R2
R1 := "JT_DOG_ASSASSIN"
R2 := 4145
R0[R1] := R2
R1 := "JT_DOG_ASSA_X"
R2 := 4146
R0[R1] := R2
R1 := "JT_DOG_ASSASSIN_B"
R2 := 4165
R0[R1] := R2
R1 := "JT_DOG_ROGUE_B"
R2 := 4168
R0[R1] := R2
R1 := "JT_DOG_G_CROSS_B"
R2 := 4175
R0[R1] := R2
R1 := "JT_DOG_THIEF_B"
R2 := 4181
R0[R1] := R2
R1 := "JT_DOG_CHASER_B"
R2 := 4182
R0[R1] := R2
R1 := "JT_DOG_THIEF_H"
R2 := 4189
R0[R1] := R2
R1 := "JT_OSTRICH_ARCHER"
R2 := 4122
R0[R1] := R2
R1 := "JT_OSTRICH_DANCER"
R2 := 4147
R0[R1] := R2
R1 := "JT_OSTRICH_MINSTREL"
R2 := 4148
R0[R1] := R2
R1 := "JT_OSTRICH_BARD"
R2 := 4149
R0[R1] := R2
R1 := "JT_OSTRICH_SNIPER"
R2 := 4150
R0[R1] := R2
R1 := "JT_OSTRICH_WANDER"
R2 := 4151
R0[R1] := R2
R1 := "JT_OSTRICH_ZIPSI"
R2 := 4152
R0[R1] := R2
R1 := "JT_OSTRICH_CROWN"
R2 := 4153
R0[R1] := R2
R1 := "JT_OSTRICH_HUNTER"
R2 := 4154
R0[R1] := R2
R1 := "JT_OSTRICH_ARCHER_B"
R2 := 4161
R0[R1] := R2
R1 := "JT_OSTRICH_HUNTER_B"
R2 := 4164
R0[R1] := R2
R1 := "JT_OSTRICH_BARD_B"
R2 := 4170
R0[R1] := R2
R1 := "JT_OSTRICH_DANCER_B"
R2 := 4171
R0[R1] := R2
R1 := "JT_OSTRICH_MINSTREL_B"
R2 := 4177
R0[R1] := R2
R1 := "JT_OSTRICH_WANDER_B"
R2 := 4178
R0[R1] := R2
R1 := "JT_OSTRICH_ARCHER_H"
R2 := 4186
R0[R1] := R2
R1 := "JT_FOX_MAGICIAN"
R2 := 4130
R0[R1] := R2
R1 := "JT_FOX_SAGE"
R2 := 4131
R0[R1] := R2
R1 := "JT_FOX_SORCERER"
R2 := 4132
R0[R1] := R2
R1 := "JT_FOX_WARLOCK"
R2 := 4133
R0[R1] := R2
R1 := "JT_FOX_WIZ"
R2 := 4134
R0[R1] := R2
R1 := "JT_FOX_HWIZ"
R2 := 4136
R0[R1] := R2
R1 := "JT_FOX_MAGICIAN_B"
R2 := 4160
R0[R1] := R2
R1 := "JT_FOX_SAGE_B"
R2 := 4167
R0[R1] := R2
R1 := "JT_FOX_WARLOCK_B"
R2 := 4173
R0[R1] := R2
R1 := "JT_FOX_SORCERER_B"
R2 := 7176
R0[R1] := R2
R1 := "JT_FOX_MAGICIAN_H"
R2 := 4185
R0[R1] := R2
R1 := "JT_FOX_WIZ_B"
R2 := 4195
R0[R1] := R2
R1 := "JT_PORING_NOVICE"
R2 := 4124
R0[R1] := R2
R1 := "JT_PORING_STAR"
R2 := 4123
R0[R1] := R2
R1 := "JT_PORING_SNOVICE"
R2 := 4128
R0[R1] := R2
R1 := "JT_PORING_TAEKWON"
R2 := 4155
R0[R1] := R2
R1 := "JT_PORING_NOVICE_B"
R2 := 4158
R0[R1] := R2
R1 := "JT_PORING_SNOVICE_B"
R2 := 4172
R0[R1] := R2
R1 := "JT_PORING_NOVICE_H"
R2 := 4183
R0[R1] := R2
R1 := "JT_PORING_SNOVICE2"
R2 := 4192
R0[R1] := R2
R1 := "JT_PORING_SNOVICE2_B"
R2 := 4193
R0[R1] := R2
JOBID := R0
R0 := {}
R1 := JOBID
R1 := R1["JT_SWORDMAN"]
R2 := JOBID
R2 := R2["JT_NOVICE"]
R0[R1] := R2
R1 := JOBID
R1 := R1["JT_MAGICIAN"]
R2 := JOBID
R2 := R2["JT_NOVICE"]
R0[R1] := R2
R1 := JOBID
R1 := R1["JT_ARCHER"]
R2 := JOBID
R2 := R2["JT_NOVICE"]
R0[R1] := R2
R1 := JOBID
R1 := R1["JT_ACOLYTE"]
R2 := JOBID
R2 := R2["JT_NOVICE"]
R0[R1] := R2
R1 := JOBID
R1 := R1["JT_MERCHANT"]
R2 := JOBID
R2 := R2["JT_NOVICE"]
R0[R1] := R2
R1 := JOBID
R1 := R1["JT_THIEF"]
R2 := JOBID
R2 := R2["JT_NOVICE"]
R0[R1] := R2
R1 := JOBID
R1 := R1["JT_KNIGHT"]
R2 := JOBID
R2 := R2["JT_SWORDMAN"]
R0[R1] := R2
R1 := JOBID
R1 := R1["JT_PRIEST"]
R2 := JOBID
R2 := R2["JT_ACOLYTE"]
R0[R1] := R2
R1 := JOBID
R1 := R1["JT_WIZARD"]
R2 := JOBID
R2 := R2["JT_MAGICIAN"]
R0[R1] := R2
R1 := JOBID
R1 := R1["JT_BLACKSMITH"]
R2 := JOBID
R2 := R2["JT_MERCHANT"]
R0[R1] := R2
R1 := JOBID
R1 := R1["JT_HUNTER"]
R2 := JOBID
R2 := R2["JT_ARCHER"]
R0[R1] := R2
R1 := JOBID
R1 := R1["JT_ASSASSIN"]
R2 := JOBID
R2 := R2["JT_THIEF"]
R0[R1] := R2
R1 := JOBID
R1 := R1["JT_CRUSADER"]
R2 := JOBID
R2 := R2["JT_SWORDMAN"]
R0[R1] := R2
R1 := JOBID
R1 := R1["JT_MONK"]
R2 := JOBID
R2 := R2["JT_ACOLYTE"]
R0[R1] := R2
R1 := JOBID
R1 := R1["JT_SAGE"]
R2 := JOBID
R2 := R2["JT_MAGICIAN"]
R0[R1] := R2
R1 := JOBID
R1 := R1["JT_ROGUE"]
R2 := JOBID
R2 := R2["JT_THIEF"]
R0[R1] := R2
R1 := JOBID
R1 := R1["JT_ALCHEMIST"]
R2 := JOBID
R2 := R2["JT_MERCHANT"]
R0[R1] := R2
R1 := JOBID
R1 := R1["JT_BARD"]
R2 := JOBID
R2 := R2["JT_ARCHER"]
R0[R1] := R2
R1 := JOBID
R1 := R1["JT_DANCER"]
R2 := JOBID
R2 := R2["JT_ARCHER"]
R0[R1] := R2
R1 := JOBID
R1 := R1["JT_SUPERNOVICE"]
R2 := JOBID
R2 := R2["JT_NOVICE"]
R0[R1] := R2
R1 := JOBID
R1 := R1["JT_GUNSLINGER"]
R2 := JOBID
R2 := R2["JT_NOVICE"]
R0[R1] := R2
R1 := JOBID
R1 := R1["JT_NINJA"]
R2 := JOBID
R2 := R2["JT_NOVICE"]
R0[R1] := R2
R1 := JOBID
R1 := R1["JT_NOVICE_H"]
R2 := JOBID
R2 := R2["JT_NOVICE"]
R0[R1] := R2
R1 := JOBID
R1 := R1["JT_SWORDMAN_H"]
R2 := JOBID
R2 := R2["JT_SWORDMAN"]
R0[R1] := R2
R1 := JOBID
R1 := R1["JT_MAGICIAN_H"]
R2 := JOBID
R2 := R2["JT_MAGICIAN"]
R0[R1] := R2
R1 := JOBID
R1 := R1["JT_ARCHER_H"]
R2 := JOBID
R2 := R2["JT_ARCHER"]
R0[R1] := R2
R1 := JOBID
R1 := R1["JT_ACOLYTE_H"]
R2 := JOBID
R2 := R2["JT_ACOLYTE"]
R0[R1] := R2
R1 := JOBID
R1 := R1["JT_MERCHANT_H"]
R2 := JOBID
R2 := R2["JT_MERCHANT"]
R0[R1] := R2
R1 := JOBID
R1 := R1["JT_THIEF_H"]
R2 := JOBID
R2 := R2["JT_THIEF"]
R0[R1] := R2
R1 := JOBID
R1 := R1["JT_KNIGHT_H"]
R2 := JOBID
R2 := R2["JT_KNIGHT"]
R0[R1] := R2
R1 := JOBID
R1 := R1["JT_PRIEST_H"]
R2 := JOBID
R2 := R2["JT_PRIEST"]
R0[R1] := R2
R1 := JOBID
R1 := R1["JT_WIZARD_H"]
R2 := JOBID
R2 := R2["JT_WIZARD"]
R0[R1] := R2
R1 := JOBID
R1 := R1["JT_BLACKSMITH_H"]
R2 := JOBID
R2 := R2["JT_BLACKSMITH"]
R0[R1] := R2
R1 := JOBID
R1 := R1["JT_HUNTER_H"]
R2 := JOBID
R2 := R2["JT_HUNTER"]
R0[R1] := R2
R1 := JOBID
R1 := R1["JT_ASSASSIN_H"]
R2 := JOBID
R2 := R2["JT_ASSASSIN"]
R0[R1] := R2
R1 := JOBID
R1 := R1["JT_CRUSADER_H"]
R2 := JOBID
R2 := R2["JT_CRUSADER"]
R0[R1] := R2
R1 := JOBID
R1 := R1["JT_MONK_H"]
R2 := JOBID
R2 := R2["JT_MONK"]
R0[R1] := R2
R1 := JOBID
R1 := R1["JT_SAGE_H"]
R2 := JOBID
R2 := R2["JT_SAGE"]
R0[R1] := R2
R1 := JOBID
R1 := R1["JT_ROGUE_H"]
R2 := JOBID
R2 := R2["JT_ROGUE"]
R0[R1] := R2
R1 := JOBID
R1 := R1["JT_ALCHEMIST_H"]
R2 := JOBID
R2 := R2["JT_ALCHEMIST"]
R0[R1] := R2
R1 := JOBID
R1 := R1["JT_BARD_H"]
R2 := JOBID
R2 := R2["JT_BARD"]
R0[R1] := R2
R1 := JOBID
R1 := R1["JT_DANCER_H"]
R2 := JOBID
R2 := R2["JT_DANCER"]
R0[R1] := R2
R1 := JOBID
R1 := R1["JT_NOVICE_B"]
R2 := JOBID
R2 := R2["JT_NOVICE"]
R0[R1] := R2
R1 := JOBID
R1 := R1["JT_SWORDMAN_B"]
R2 := JOBID
R2 := R2["JT_SWORDMAN"]
R0[R1] := R2
R1 := JOBID
R1 := R1["JT_MAGICIAN_B"]
R2 := JOBID
R2 := R2["JT_MAGICIAN"]
R0[R1] := R2
R1 := JOBID
R1 := R1["JT_ARCHER_B"]
R2 := JOBID
R2 := R2["JT_ARCHER"]
R0[R1] := R2
R1 := JOBID
R1 := R1["JT_ACOLYTE_B"]
R2 := JOBID
R2 := R2["JT_ACOLYTE"]
R0[R1] := R2
R1 := JOBID
R1 := R1["JT_MERCHANT_B"]
R2 := JOBID
R2 := R2["JT_MERCHANT"]
R0[R1] := R2
R1 := JOBID
R1 := R1["JT_THIEF_B"]
R2 := JOBID
R2 := R2["JT_THIEF"]
R0[R1] := R2
R1 := JOBID
R1 := R1["JT_KNIGHT_B"]
R2 := JOBID
R2 := R2["JT_KNIGHT"]
R0[R1] := R2
R1 := JOBID
R1 := R1["JT_PRIEST_B"]
R2 := JOBID
R2 := R2["JT_PRIEST"]
R0[R1] := R2
R1 := JOBID
R1 := R1["JT_WIZARD_B"]
R2 := JOBID
R2 := R2["JT_WIZARD"]
R0[R1] := R2
R1 := JOBID
R1 := R1["JT_BLACKSMITH_B"]
R2 := JOBID
R2 := R2["JT_BLACKSMITH"]
R0[R1] := R2
R1 := JOBID
R1 := R1["JT_HUNTER_B"]
R2 := JOBID
R2 := R2["JT_HUNTER"]
R0[R1] := R2
R1 := JOBID
R1 := R1["JT_ASSASSIN_B"]
R2 := JOBID
R2 := R2["JT_ASSASSIN"]
R0[R1] := R2
R1 := JOBID
R1 := R1["JT_CRUSADER_B"]
R2 := JOBID
R2 := R2["JT_CRUSADER"]
R0[R1] := R2
R1 := JOBID
R1 := R1["JT_MONK_B"]
R2 := JOBID
R2 := R2["JT_MONK"]
R0[R1] := R2
R1 := JOBID
R1 := R1["JT_SAGE_B"]
R2 := JOBID
R2 := R2["JT_SAGE"]
R0[R1] := R2
R1 := JOBID
R1 := R1["JT_ROGUE_B"]
R2 := JOBID
R2 := R2["JT_ROGUE"]
R0[R1] := R2
R1 := JOBID
R1 := R1["JT_ALCHEMIST_B"]
R2 := JOBID
R2 := R2["JT_ALCHEMIST"]
R0[R1] := R2
R1 := JOBID
R1 := R1["JT_BARD_B"]
R2 := JOBID
R2 := R2["JT_BARD"]
R0[R1] := R2
R1 := JOBID
R1 := R1["JT_DANCER_B"]
R2 := JOBID
R2 := R2["JT_DANCER"]
R0[R1] := R2
R1 := JOBID
R1 := R1["JT_SUPERNOVICE_B"]
R2 := JOBID
R2 := R2["JT_SUPERNOVICE"]
R0[R1] := R2
R1 := JOBID
R1 := R1["JT_TAEKWON"]
R2 := JOBID
R2 := R2["JT_NOVICE"]
R0[R1] := R2
R1 := JOBID
R1 := R1["JT_STAR"]
R2 := JOBID
R2 := R2["JT_TAEKWON"]
R0[R1] := R2
R1 := JOBID
R1 := R1["JT_LINKER"]
R2 := JOBID
R2 := R2["JT_TAEKWON"]
R0[R1] := R2
R1 := JOBID
R1 := R1["JT_RUNE_KNIGHT"]
R2 := JOBID
R2 := R2["JT_KNIGHT"]
R0[R1] := R2
R1 := JOBID
R1 := R1["JT_WARLOCK"]
R2 := JOBID
R2 := R2["JT_WIZARD"]
R0[R1] := R2
R1 := JOBID
R1 := R1["JT_RANGER"]
R2 := JOBID
R2 := R2["JT_HUNTER"]
R0[R1] := R2
R1 := JOBID
R1 := R1["JT_ARCHBISHOP"]
R2 := JOBID
R2 := R2["JT_PRIEST"]
R0[R1] := R2
R1 := JOBID
R1 := R1["JT_MECHANIC"]
R2 := JOBID
R2 := R2["JT_BLACKSMITH"]
R0[R1] := R2
R1 := JOBID
R1 := R1["JT_GUILLOTINE_CROSS"]
R2 := JOBID
R2 := R2["JT_ASSASSIN"]
R0[R1] := R2
R1 := JOBID
R1 := R1["JT_RUNE_KNIGHT_H"]
R2 := JOBID
R2 := R2["JT_KNIGHT_H"]
R0[R1] := R2
R1 := JOBID
R1 := R1["JT_WARLOCK_H"]
R2 := JOBID
R2 := R2["JT_WIZARD_H"]
R0[R1] := R2
R1 := JOBID
R1 := R1["JT_RANGER_H"]
R2 := JOBID
R2 := R2["JT_HUNTER_H"]
R0[R1] := R2
R1 := JOBID
R1 := R1["JT_ARCHBISHOP_H"]
R2 := JOBID
R2 := R2["JT_PRIEST_H"]
R0[R1] := R2
R1 := JOBID
R1 := R1["JT_MECHANIC_H"]
R2 := JOBID
R2 := R2["JT_BLACKSMITH_H"]
R0[R1] := R2
R1 := JOBID
R1 := R1["JT_GUILLOTINE_CROSS_H"]
R2 := JOBID
R2 := R2["JT_ASSASSIN_H"]
R0[R1] := R2
R1 := JOBID
R1 := R1["JT_ROYAL_GUARD"]
R2 := JOBID
R2 := R2["JT_CRUSADER"]
R0[R1] := R2
R1 := JOBID
R1 := R1["JT_SORCERER"]
R2 := JOBID
R2 := R2["JT_SAGE"]
R0[R1] := R2
R1 := JOBID
R1 := R1["JT_MINSTREL"]
R2 := JOBID
R2 := R2["JT_BARD"]
R0[R1] := R2
R1 := JOBID
R1 := R1["JT_WANDERER"]
R2 := JOBID
R2 := R2["JT_DANCER"]
R0[R1] := R2
R1 := JOBID
R1 := R1["JT_SURA"]
R2 := JOBID
R2 := R2["JT_MONK"]
R0[R1] := R2
R1 := JOBID
R1 := R1["JT_GENETIC"]
R2 := JOBID
R2 := R2["JT_ALCHEMIST"]
R0[R1] := R2
R1 := JOBID
R1 := R1["JT_SHADOW_CHASER"]
R2 := JOBID
R2 := R2["JT_ROGUE"]
R0[R1] := R2
R1 := JOBID
R1 := R1["JT_ROYAL_GUARD_H"]
R2 := JOBID
R2 := R2["JT_CRUSADER_H"]
R0[R1] := R2
R1 := JOBID
R1 := R1["JT_SORCERER_H"]
R2 := JOBID
R2 := R2["JT_SAGE_H"]
R0[R1] := R2
R1 := JOBID
R1 := R1["JT_MINSTREL_H"]
R2 := JOBID
R2 := R2["JT_BARD_H"]
R0[R1] := R2
R1 := JOBID
R1 := R1["JT_WANDERER_H"]
R2 := JOBID
R2 := R2["JT_DANCER_H"]
R0[R1] := R2
R1 := JOBID
R1 := R1["JT_SURA_H"]
R2 := JOBID
R2 := R2["JT_MONK_H"]
R0[R1] := R2
R1 := JOBID
R1 := R1["JT_GENETIC_H"]
R2 := JOBID
R2 := R2["JT_ALCHEMIST_H"]
R0[R1] := R2
R1 := JOBID
R1 := R1["JT_SHADOW_CHASER_H"]
R2 := JOBID
R2 := R2["JT_ROGUE_H"]
R0[R1] := R2
R1 := JOBID
R1 := R1["JT_RUNE_KNIGHT_B"]
R2 := JOBID
R2 := R2["JT_RUNE_KNIGHT"]
R0[R1] := R2
R1 := JOBID
R1 := R1["JT_WARLOCK_B"]
R2 := JOBID
R2 := R2["JT_WARLOCK"]
R0[R1] := R2
R1 := JOBID
R1 := R1["JT_RANGER_B"]
R2 := JOBID
R2 := R2["JT_RANGER"]
R0[R1] := R2
R1 := JOBID
R1 := R1["JT_ARCHBISHOP_B"]
R2 := JOBID
R2 := R2["JT_ARCHBISHOP"]
R0[R1] := R2
R1 := JOBID
R1 := R1["JT_MECHANIC_B"]
R2 := JOBID
R2 := R2["JT_MECHANIC"]
R0[R1] := R2
R1 := JOBID
R1 := R1["JT_GUILLOTINE_CROSS_B"]
R2 := JOBID
R2 := R2["JT_GUILLOTINE_CROSS"]
R0[R1] := R2
R1 := JOBID
R1 := R1["JT_ROYAL_GUARD_B"]
R2 := JOBID
R2 := R2["JT_ROYAL_GUARD"]
R0[R1] := R2
R1 := JOBID
R1 := R1["JT_SORCERER_B"]
R2 := JOBID
R2 := R2["JT_SORCERER"]
R0[R1] := R2
R1 := JOBID
R1 := R1["JT_MINSTREL_B"]
R2 := JOBID
R2 := R2["JT_MINSTREL"]
R0[R1] := R2
R1 := JOBID
R1 := R1["JT_WANDERER_B"]
R2 := JOBID
R2 := R2["JT_WANDERER"]
R0[R1] := R2
R1 := JOBID
R1 := R1["JT_SURA_B"]
R2 := JOBID
R2 := R2["JT_SURA"]
R0[R1] := R2
R1 := JOBID
R1 := R1["JT_GENETIC_B"]
R2 := JOBID
R2 := R2["JT_GENETIC"]
R0[R1] := R2
R1 := JOBID
R1 := R1["JT_SHADOW_CHASER_B"]
R2 := JOBID
R2 := R2["JT_SHADOW_CHASER"]
R0[R1] := R2
R1 := JOBID
R1 := R1["JT_SUPERNOVICE2"]
R2 := JOBID
R2 := R2["JT_SUPERNOVICE"]
R0[R1] := R2
R1 := JOBID
R1 := R1["JT_SUPERNOVICE2_B"]
R2 := JOBID
R2 := R2["JT_SUPERNOVICE2"]
R0[R1] := R2
R1 := JOBID
R1 := R1["JT_KAGEROU"]
R2 := JOBID
R2 := R2["JT_NINJA"]
R0[R1] := R2
R1 := JOBID
R1 := R1["JT_OBORO"]
R2 := JOBID
R2 := R2["JT_NINJA"]
R0[R1] := R2
R1 := "__newindex"
R2 := closure(Function #0)
R0[R1] := R2
JOB_INHERIT_LIST := R0
R0 := setmetatable
R1 := JOB_INHERIT_LIST
R2 := JOB_INHERIT_LIST
R0(R1,R2)
R0 := {}
R1 := JOBID
R1 := R1["JT_RUNE_KNIGHT_H"]
R2 := JOBID
R2 := R2["JT_RUNE_KNIGHT"]
R0[R1] := R2
R1 := JOBID
R1 := R1["JT_WARLOCK_H"]
R2 := JOBID
R2 := R2["JT_WARLOCK"]
R0[R1] := R2
R1 := JOBID
R1 := R1["JT_RANGER_H"]
R2 := JOBID
R2 := R2["JT_RANGER"]
R0[R1] := R2
R1 := JOBID
R1 := R1["JT_ARCHBISHOP_H"]
R2 := JOBID
R2 := R2["JT_ARCHBISHOP"]
R0[R1] := R2
R1 := JOBID
R1 := R1["JT_MECHANIC_H"]
R2 := JOBID
R2 := R2["JT_MECHANIC"]
R0[R1] := R2
R1 := JOBID
R1 := R1["JT_GUILLOTINE_CROSS_H"]
R2 := JOBID
R2 := R2["JT_GUILLOTINE_CROSS"]
R0[R1] := R2
R1 := JOBID
R1 := R1["JT_ROYAL_GUARD_H"]
R2 := JOBID
R2 := R2["JT_ROYAL_GUARD"]
R0[R1] := R2
R1 := JOBID
R1 := R1["JT_SORCERER_H"]
R2 := JOBID
R2 := R2["JT_SORCERER"]
R0[R1] := R2
R1 := JOBID
R1 := R1["JT_MINSTREL_H"]
R2 := JOBID
R2 := R2["JT_MINSTREL"]
R0[R1] := R2
R1 := JOBID
R1 := R1["JT_WANDERER_H"]
R2 := JOBID
R2 := R2["JT_WANDERER"]
R0[R1] := R2
R1 := JOBID
R1 := R1["JT_SURA_H"]
R2 := JOBID
R2 := R2["JT_SURA"]
R0[R1] := R2
R1 := JOBID
R1 := R1["JT_GENETIC_H"]
R2 := JOBID
R2 := R2["JT_GENETIC"]
R0[R1] := R2
R1 := JOBID
R1 := R1["JT_SHADOW_CHASER_H"]
R2 := JOBID
R2 := R2["JT_SHADOW_CHASER"]
R0[R1] := R2
R1 := "__newindex"
R2 := closure(Function #1)
R0[R1] := R2
JOB_INHERIT_LIST2 := R0
R0 := setmetatable
R1 := JOB_INHERIT_LIST2
R2 := JOB_INHERIT_LIST2
R0(R1,R2)
return 


; Function #0:
;
; Name:            
; Defined at line: 326
; #Upvalues:       0
; #Parameters:     0
; Is_vararg:       0
; Max Stack Size:  2
;
; No locals information
; No upvalues

R0 := error
R1 := "unknown state"
R0(R1)
return 


; Function #1:
;
; Name:            
; Defined at line: 345
; #Upvalues:       0
; #Parameters:     0
; Is_vararg:       0
; Max Stack Size:  2
;
; No locals information
; No upvalues

R0 := error
R1 := "unknown state"
R0(R1)
return 
