R0 := {}
R1 := SPRITE_ROBE_IDs
R1 := R1["ROBE_WINGS"]
R0[R1] := "천사날개"
R1 := SPRITE_ROBE_IDs
R1 := R1["ROBE_BAG_OF_ADVENTURER"]
R0[R1] := "모험가배낭"
R1 := SPRITE_ROBE_IDs
R1 := R1["ROBE_WINGS_OF_FALLEN_ANGEL"]
R0[R1] := "타락천사의날개"
RobeNameTable := R0
R0 := {}
R1 := SPRITE_ROBE_IDs
R1 := R1["ROBE_WINGS"]
R0[R1] := "ANGEL_WINGS"
R1 := SPRITE_ROBE_IDs
R1 := R1["ROBE_BAG_OF_ADVENTURER"]
R0[R1] := "BAG_OF_ADVENTURER"
R1 := SPRITE_ROBE_IDs
R1 := R1["ROBE_WINGS_OF_FALLEN_ANGEL"]
R0[R1] := "WINGS_OF_FALLEN_ANGEL"
RobeNameTable_Eng := R0
return 
