R0 := {}
R0["MSI_HK_SKILLBAR1_1"] := "스킬바 1-1번"
R0["MSI_HK_SKILLBAR1_2"] := "스킬바 1-2번"
R0["MSI_HK_SKILLBAR1_3"] := "스킬바 1-3번"
R0["MSI_HK_SKILLBAR1_4"] := "스킬바 1-4번"
R0["MSI_HK_SKILLBAR1_5"] := "스킬바 1-5번"
R0["MSI_HK_SKILLBAR1_6"] := "스킬바 1-6번"
R0["MSI_HK_SKILLBAR1_7"] := "스킬바 1-7번"
R0["MSI_HK_SKILLBAR1_8"] := "스킬바 1-8번"
R0["MSI_HK_SKILLBAR1_9"] := "스킬바 1-9번"
R0["MSI_HK_SKILLBAR2_1"] := "스킬바 2-1번"
R0["MSI_HK_SKILLBAR2_2"] := "스킬바 2-2번"
R0["MSI_HK_SKILLBAR2_3"] := "스킬바 2-3번"
R0["MSI_HK_SKILLBAR2_4"] := "스킬바 2-4번"
R0["MSI_HK_SKILLBAR2_5"] := "스킬바 2-5번"
R0["MSI_HK_SKILLBAR2_6"] := "스킬바 2-6번"
R0["MSI_HK_SKILLBAR2_7"] := "스킬바 2-7번"
R0["MSI_HK_SKILLBAR2_8"] := "스킬바 2-8번"
R0["MSI_HK_SKILLBAR2_9"] := "스킬바 2-9번"
R0["MSI_HK_SKILLBAR3_1"] := "스킬바 3-1번"
R0["MSI_HK_SKILLBAR3_2"] := "스킬바 3-2번"
R0["MSI_HK_SKILLBAR3_3"] := "스킬바 3-3번"
R0["MSI_HK_SKILLBAR3_4"] := "스킬바 3-4번"
R0["MSI_HK_SKILLBAR3_5"] := "스킬바 3-5번"
R0["MSI_HK_SKILLBAR3_6"] := "스킬바 3-6번"
R0["MSI_HK_SKILLBAR3_7"] := "스킬바 3-7번"
R0["MSI_HK_SKILLBAR3_8"] := "스킬바 3-8번"
R0["MSI_HK_SKILLBAR3_9"] := "스킬바 3-9번"
R0["MSI_HK_SKILLBAR4_1"] := "스킬바 4-1번"
R0["MSI_HK_SKILLBAR4_2"] := "스킬바 4-2번"
R0["MSI_HK_SKILLBAR4_3"] := "스킬바 4-3번"
R0["MSI_HK_SKILLBAR4_4"] := "스킬바 4-4번"
R0["MSI_HK_SKILLBAR4_5"] := "스킬바 4-5번"
R0["MSI_HK_SKILLBAR4_6"] := "스킬바 4-6번"
R0["MSI_HK_SKILLBAR4_7"] := "스킬바 4-7번"
R0["MSI_HK_SKILLBAR4_8"] := "스킬바 4-8번"
R0["MSI_HK_SKILLBAR4_9"] := "스킬바 4-9번"
R0["MSI_HK_BASICINFOWND_MINI"] := "기본 정보 창 최소/최대"
R0["MSI_HK_EQUIPWND_ONOFF"] := "캐릭터 정보 창 On/Off"
R0["MSI_HK_SKILLWND_ONOFF"] := "스킬 목록 창 On/Off"
R0["MSI_HK_QUESTWND_ONOFF"] := "퀘스트 목록 창 On/Off"
R0["MSI_HK_FRIENDWND_ONOFF"] := "친구 창 On/Off"
R0["MSI_HK_PARTYWND_ONOFF"] := "파티 창 On/Off"
R0["MSI_HK_CHATWND_MAKE"] := "대화방 만들기"
R0["MSI_HK_CARTWND_ONOFF"] := "카트 창 On/Off"
R0["MSI_HK_MAPWND_ONOFF"] := "지도 On/Off"
R0["MSI_HK_ITEMWND_ONOFF"] := "아이템 창 On/Off"
R0["MSI_HK_GUILDWND_ONOFF"] := "길드 창 On/Off"
R0["MSI_HK_EMOTIONWND_ONOFF"] := "이모션 목록 창 On/Off"
R0["MSI_HK_SITORSTAND"] := "앉기/서기"
R0["MSI_HK_MINIMAP_ONOFF"] := "미니 맵 상태"
R0["MSI_HK_MACROWND_ONOFF"] := "단축키 목록 창 On/Off"
R0["MSI_HK_EXEWND_ONOFF"] := "커맨드 창 On/Off"
R0["MSI_HK_ALLWND_OFF"] := "모든 창 닫기"
R0["MSI_HK_SKILLBAR_ONOFF"] := "스킬바 On/Off"
R0["MSI_HK_CHATWND_ONOFF"] := "채팅창 On/Off"
R0["MSI_HK_CHATWND_ZOOM"] := "채팅창 크기 확대/축소"
R0["MSI_HK_GAGE_ONOFF"] := "상태 게이지 On/Off"
R0["MSI_HK_SNAPSHOT"] := "스크린샷 찍기"
R0["MSI_HK_MEMORIALWND_ONOFF"] := "메모리얼 던전 창 On/Off"
R0["MSI_HK_PETWND_ONOFF"] := "펫 정보 창 On/Off"
R0["MSI_HK_HOMUNWND_ONOFF"] := "호문 정보 창 On/Off"
R0["MSI_HK_MERWND_ONOFF"] := "용병 정보 창 On/Off"
R0["MSI_HK_HOMUN_FOLLOW"] := "호문 대기 명령"
R0["MSI_HK_MER_FOLLOW"] := "용병 대기 명령"
R0["MSI_HK_FRIEND_OPTIONWND"] := "친구 설정 창"
R0["MSI_HK_PARTY_OPTIONWND"] := "파티 설정 창"
R0["MSI_HK_BATTLEFIELDWND"] := "전장 입장 설정 창"
R0["MSI_HK_CHATMODE_ONOFF"] := "채팅 모드 On/Off"
R0["MSI_HK_BASICINFOWND_BTN_ONOFF"] := "기본 정보 창 확장 옵션"
R0["MSI_HK_PARTY_RECRUIT"] := "파티 모집 창"
R0["MSI_HK_PARTY_BOOKING_LIST"] := "파티 모집 리스트 창"
R0["MSI_HK_GROUND_CURSOR_ONOFF"] := "지면 커서 표시 On/Off"
R0["MSI_HK_MACRO_1"] := "매크로 1"
R0["MSI_HK_MACRO_2"] := "매크로 2"
R0["MSI_HK_MACRO_3"] := "매크로 3"
R0["MSI_HK_MACRO_4"] := "매크로 4"
R0["MSI_HK_MACRO_5"] := "매크로 5"
R0["MSI_HK_MACRO_6"] := "매크로 6"
R0["MSI_HK_MACRO_7"] := "매크로 7"
R0["MSI_HK_MACRO_8"] := "매크로 8"
R0["MSI_HK_MACRO_9"] := "매크로 9"
R0["MSI_HK_MACRO_10"] := "매크로 10"
R0["MSI_HK_FLAG_1"] := "깃발 1"
R0["MSI_HK_FLAG_2"] := "깃발 2"
R0["MSI_HK_FLAG_3"] := "깃발 3"
R0["MSI_HK_FLAG_4"] := "깃발 4"
R0["MSI_HK_FLAG_5"] := "깃발 5"
R0["MSI_HK_FLAG_6"] := "깃발 6"
R0["MSI_HK_FLAG_7"] := "깃발 7"
R0["MSI_HK_FLAG_8"] := "깃발 8"
R0["MSI_HK_FLAG_9"] := "깃발 9"
R0["MSI_HK_FLAG_10"] := "깃발 10"
R0["MSI_ST_CHAT"] := "일반 메시지"
R0["MSI_BT_CHAT"] := "배틀 메시지"
R0["MSI_BATTLEMODE"] := "/battlemode : Q ~ O 를 누르면 스킬단축창2의 스킬들이 사용됩니다."
R0["MSI_NOTRADE"] := "/notrade : 거래신청을 자동으로 거절합니다 On Off"
R0["MSI_NOSHIFT"] := "/noshift : 쉬프트를 누르지않고 힐로 적을 공격할수있게됩니다 On Off"
R0["MSI_NOCTRL"] := "/noctrl : 콘트롤을 누르지않아도 자동공격이 됩니다. On Off"
R0["MSI_SKILLFAIL"] := "/skillfail : 빨간색의 스킬사용 실패 메세지를 표시하지 않습니다 On Off"
R0["MSI_NOTALKMSG"] := "/notalkmsg : 채팅내용을 채팅창에 표시하지 않습니다 On Off"
R0["MSI_NOTALKMSG2"] := "/notalkmsg2 : 채팅내용을 채팅창에 표시하지 않습니다 (길드말 포함) On Off"
R0["MSI_SHOWNAME_ON"] := "폰트가 정상적으로 바뀌었습니다 [이름표시방식 1]"
R0["MSI_SHOWNAME_OFF"] := "폰트가 가늘게 바뀌면서 파티명도 표시됩니다 [이름표시방식 2]"
R0["MSI_FOG"] := "/fog : FOG이펙트를 키거나 끌수있습니다 On Off"
R0["MSI_AURA"] := "/aura : 오오라를 간략화 시킬수있습니다 On Off"
R0["MSI_WINDOW"] := "/window : 창 위치 이동시 다른 창과 달라붙는 속성이 들어갑니다 On Off"
R0["MSI_MISS"] := "/miss : 미스표시 On Off"
R0["MSI_Q1"] := "/quickspell  : 마우스 우클릭으로 F9에 저장한 스킬을 사용합니다 On Off"
R0["MSI_Q2"] := "/quickspell2 : 마우스 WHEEL을 위,아래로 굴려서 F7과F8에 저장한 스킬을 사용합니다 On Off"
R0["MSI_EFFECT"] := "/이펙트 : 이펙트 On Off"
R0["MSI_BGM"] := "/음악 : 배경음악 ON OFF"
R0["MSI_SOUND"] := "/효과음 : 효과음 On Off"
R0["MSI_LOGINOUT"] := "/loginout : 길드원과 친구들의 접속관련 메세지를 보여줍니다. On Off"
R0["MSI_SHOPPING"] := "/shopping : 클릭 한번으로 상점을 열고 상점이름 오른쪽 클릭으로 상점을 닫습니다 On Off"
R0["MSI_STATEINFO"] := "/stateinfo : 상태 아이콘에 대한 설명을 보여줍니다. On Off"
R0["MSI_SNAP"] := "/snap : 공격 대상의 근처에서 마우스 커서를 유도합니다. ON OFF"
R0["MSI_ITEMSNAP"] := "/itemsnap : 아이템의 근처에서 마우스 커서를 유도합니다. ON OFF"
R0["MSI_SKILLSNAP"] := "/skillsnap : 스킬 대상의 근처에서 마우스 커서를 유도합니다. ON OFF"
R0["MSI_HOAI"] := "/hoai : 호문클루스의 사용자 인공지능을 사용합니다. ON OFF"
R0["MSI_MERAI"] := "/merai : 용병의 사용자 인공지능을 사용합니다. ON OFF"
R0["MSI_CAMERA"] := "/camera : 카메라를 고정합니다. ON OFF"
R0["MSI_BTG"] := "/btg : 기본 정보창 확장 옵션에서 전장 아이콘을 보여줍니다. ON OFF"
R0["MSI_HI"] := "/hi 또는 /hi 문장 : 친구로 등록된 캐릭터들에게 인사를 합니다."
R0["MSI_BLACKSMITH"] := "/blacksmith : 블랙스미스의 상위 10위권 랭킹을 보여줍니다."
R0["MSI_ALCHEMIST"] := "/alchemist : 알케미스트의 상위 10위권 랭킹을 보여줍니다."
R0["MSI_HELP"] := "/h or /help: 명령어 일람"
R0["MSI_WHO"] := "/w or /who or /접속자 or /누구: 현재 접속자수 보기"
R0["MSI_SIT"] := "/앉기 or /sit : 앉기. 앉아있을때 서기"
R0["MSI_STAND"] := "/서기 or /stand : 서기. 서있을때 앉기"
R0["MSI_Q"] := "/q : 채팅방 나가기"
R1 := "/탈퇴 or /leave : 파티 탈퇴"
R0["MSI_LEAVE"] := R1
R1 := "MSI_WHERE"
R2 := "/좌표 or /장소: 현재 위치 표시"
R0[R1] := R2
R1 := "MSI_MEMO"
R2 := "워프 장소로 기억됨"
R0[R1] := R2
R1 := "MSI_CHAT"
R2 := "/채팅방 or /chat : 채팅방 만들기창 띄우기"
R0[R1] := R2
R1 := "MSI_SAVECHAT"
R2 := "/갈무리 or /savechat : 채팅 내용 파일로 저장하기"
R0[R1] := R2
R1 := "MSI_DORIDORI"
"
R0[R1] := R2
R1 := "MSI_BANGBANG"
"
R0[R1] := R2
R1 := "MSI_BINGBING"
"
R0[R1] := R2
R1 := "MSI_EX"
R2 := "귓말 리스트 창 여는법 : [Alt] + [H] 를 누르면 귓말 리스트 창이 열립니다."
R0[R1] := R2
R1 := "MSI_INALL"
R2 := "모두에게 귓말 가능 상태가 됨"
R0[R1] := R2
R1 := "MSI_EXALL"
R2 := "모두에게 귓말 거부 상태로 됨"
R0[R1] := R2
R1 := "MSI_PVPINFO"
R2 := "/pvpinfo : 자신의 PVP 승패와 PVP 포인트를 알 수 있습니다."
R0[R1] := R2
R1 := "MSI_HUNTING"
R2 := "/hunting : 사냥 목록을 보여줍니다"
R0[R1] := R2
R1 := "MSI_MAP_LIST_ALLSELECT"
R2 := "모두 선택"
R0[R1] := R2
R1 := "MSI_MAP_LIST_NAME_PRONTERA"
R2 := "프론테라"
R0[R1] := R2
R1 := "MSI_MAP_LIST_NAME_FILD"
R2 := "필드"
R0[R1] := R2
R1 := "MSI_MAP_LIST_NAME_PRT_SEWB1"
R2 := "지하 수로 1층"
R0[R1] := R2
R1 := "MSI_MAP_LIST_NAME_PRT_SEWB2"
R2 := "지하 수로 2층"
R0[R1] := R2
R1 := "MSI_MAP_LIST_NAME_PRT_SEWB3"
R2 := "지하 수로 3층"
R0[R1] := R2
R1 := "MSI_MAP_LIST_NAME_PRT_SEWB4"
R2 := "지하 수로 4층"
R0[R1] := R2
R1 := "MSI_MAP_LIST_NAME_PRT_MAZE01"
R2 := "미궁 숲 1층"
R0[R1] := R2
R1 := "MSI_MAP_LIST_NAME_PRT_MAZE02"
R2 := "미궁 숲 2층"
R0[R1] := R2
R1 := "MSI_MAP_LIST_NAME_PRT_MAZE03"
R2 := "미궁 숲 3층"
R0[R1] := R2
R1 := "MSI_MAP_LIST_NAME_GEFEN"
R2 := "게펜"
R0[R1] := R2
R1 := "MSI_MAP_LIST_NAME_GEF_FILD05"
R2 := "집시 마을"
R0[R1] := R2
R1 := "MSI_MAP_LIST_NAME_GEF_DUN00"
R2 := "지하 던전 1층"
R0[R1] := R2
R1 := "MSI_MAP_LIST_NAME_GEF_DUN01"
R2 := "지하 던전 2층"
R0[R1] := R2
R1 := "MSI_MAP_LIST_NAME_GEF_DUN02"
R2 := "지하 던전 3층"
R0[R1] := R2
R1 := "MSI_MAP_LIST_NAME_GEFENIA"
R2 := "게페니아"
R0[R1] := R2
R1 := "MSI_MAP_LIST_NAME_GEF_FILD10"
R2 := "오크 마을"
R0[R1] := R2
R1 := "MSI_MAP_LIST_NAME_ORCSDUN01"
R2 := "오크 지하 동굴 1층"
R0[R1] := R2
R1 := "MSI_MAP_LIST_NAME_ORCSDUN02"
R2 := "오크 지하 동굴 2층"
R0[R1] := R2
R1 := "MSI_MAP_LIST_NAME_PAYON"
R2 := "페이욘"
R0[R1] := R2
R1 := "MSI_MAP_LIST_NAME_PAY_FILD01"
R2 := "숲 속"
R0[R1] := R2
R1 := "MSI_MAP_LIST_NAME_PAY_DUN00"
R2 := "동굴 1층"
R0[R1] := R2
R1 := "MSI_MAP_LIST_NAME_PAY_DUN01"
R2 := "동굴 2층"
R0[R1] := R2
R1 := "MSI_MAP_LIST_NAME_PAY_DUN02"
R2 := "동굴 3층"
R0[R1] := R2
R1 := "MSI_MAP_LIST_NAME_PAY_DUN03"
R2 := "동굴 4층 (폐가촌)"
R0[R1] := R2
R1 := "MSI_MAP_LIST_NAME_PAY_DUN04"
R2 := "동굴 5층 (폐가촌)"
R0[R1] := R2
R1 := "MSI_MAP_LIST_NAME_ALDEVARAN"
R2 := "알데바란"
R0[R1] := R2
R1 := "MSI_MAP_LIST_NAME_MJOLNIR01"
R2 := "묘르닐 산맥 북쪽 지역"
R0[R1] := R2
R1 := "MSI_MAP_LIST_NAME_MJOLNIR12"
R2 := "묘르닐 산맥 북쪽 산기슭"
R0[R1] := R2
R1 := "MSI_MAP_LIST_NAME_MJOLNIR06"
R2 := "묘르닐 산맥 남쪽 지역"
R0[R1] := R2
R1 := "MSI_MAP_LIST_NAME_MJOLNIR09"
R2 := "묘르닐 산맥 남쪽 산기슭"
R0[R1] := R2
R1 := "MSI_MAP_LIST_NAME_MJO_DUN01"
R2 := "묘르닐 폐광 1층"
R0[R1] := R2
R1 := "MSI_MAP_LIST_NAME_MJO_DUN02"
R2 := "묘르닐 폐광 2층"
R0[R1] := R2
R1 := "MSI_MAP_LIST_NAME_MJO_DUN03"
R2 := "묘르닐 폐광 3층"
R0[R1] := R2
R1 := "MSI_MAP_LIST_NAME_C_TOWER1"
R2 := "시계탑 지상 1층"
R0[R1] := R2
R1 := "MSI_MAP_LIST_NAME_C_TOWER2"
R2 := "시계탑 지상 2층"
R0[R1] := R2
R1 := "MSI_MAP_LIST_NAME_C_TOWER3"
R2 := "시계탑 지상 3층"
R0[R1] := R2
R1 := "MSI_MAP_LIST_NAME_C_TOWER4"
R2 := "시계탑 지상 4층"
R0[R1] := R2
R1 := "MSI_MAP_LIST_NAME_ALDE_DUN01"
R2 := "시계탑 지하 1층"
R0[R1] := R2
R1 := "MSI_MAP_LIST_NAME_ALDE_DUN02"
R2 := "시계탑 지하 2층"
R0[R1] := R2
R1 := "MSI_MAP_LIST_NAME_ALDE_DUN03"
R2 := "시계탑 지하 3층"
R0[R1] := R2
R1 := "MSI_MAP_LIST_NAME_ALDE_DUN04"
R2 := "시계탑 지하 4층"
R0[R1] := R2
R1 := "MSI_MAP_LIST_NAME_ALVELTA"
R2 := "알베르타"
R0[R1] := R2
R1 := "MSI_MAP_LIST_NAME_TREASURE01"
R2 := "침몰선 1층"
R0[R1] := R2
R1 := "MSI_MAP_LIST_NAME_TREASURE02"
R2 := "침몰선 2층"
R0[R1] := R2
R1 := "MSI_MAP_LIST_NAME_TUR_DUN01"
R2 := "거북이 섬"
R0[R1] := R2
R1 := "MSI_MAP_LIST_NAME_TUR_DUN02"
R2 := "거북이 섬  던전"
R0[R1] := R2
R1 := "MSI_MAP_LIST_NAME_TUR_DUN03"
R2 := "양거촌"
R0[R1] := R2
R1 := "MSI_MAP_LIST_NAME_TUR_DUN04"
R2 := "구양궁"
R0[R1] := R2
R1 := "MSI_MAP_LIST_NAME_MOROC"
R2 := "모로크"
R0[R1] := R2
R1 := "MSI_MAP_LIST_NAME_MOC_FILD01"
R2 := "소그라트 사막"
R0[R1] := R2
R1 := "MSI_MAP_LIST_NAME_MOC_FILD20"
R2 := "소그라트 사막 차원의 균열"
R0[R1] := R2
R1 := "MSI_MAP_LIST_NAME_ANTHEL01"
R2 := "개미지옥 던전 1층"
R0[R1] := R2
R1 := "MSI_MAP_LIST_NAME_ANTHEL02"
R2 := "개미지옥 던전 2층"
R0[R1] := R2
R1 := "MSI_MAP_LIST_NAME_IN_SPHINX1"
R2 := "스핑크스 지하 1층"
R0[R1] := R2
R1 := "MSI_MAP_LIST_NAME_IN_SPHINX2"
R2 := "스핑크스 지하 2층"
R0[R1] := R2
R1 := "MSI_MAP_LIST_NAME_IN_SPHINX3"
R2 := "스핑크스 지하 3층"
R0[R1] := R2
R1 := "MSI_MAP_LIST_NAME_IN_SPHINX4"
R2 := "스핑크스 지하 4층"
R0[R1] := R2
R1 := "MSI_MAP_LIST_NAME_IN_SPHINX5"
R2 := "스핑크스 지하 5층"
R0[R1] := R2
R1 := "MSI_MAP_LIST_NAME_MOC_PRYD01"
R2 := "피라미드 지상 1층"
R0[R1] := R2
R1 := "MSI_MAP_LIST_NAME_MOC_PRYD02"
R2 := "피라미드 지상 2층"
R0[R1] := R2
R1 := "MSI_MAP_LIST_NAME_MOC_PRYD03"
R2 := "피라미드 지상 3층"
R0[R1] := R2
R1 := "MSI_MAP_LIST_NAME_MOC_PRYD04"
R2 := "피라미드 지상 4층"
R0[R1] := R2
R1 := "MSI_MAP_LIST_NAME_MOC_PRYD05"
R2 := "피라미드 지하 1층"
R0[R1] := R2
R1 := "MSI_MAP_LIST_NAME_MOC_PRYD06"
R2 := "피라미드 지하 2층"
R0[R1] := R2
R1 := "MSI_MAP_LIST_NAME_IZRUD"
R2 := "이즈루드"
R0[R1] := R2
R1 := "MSI_MAP_LIST_NAME_IZ_DUN00"
R2 := "해저동굴 던전 1층"
R0[R1] := R2
R1 := "MSI_MAP_LIST_NAME_IZ_DUN01"
R2 := "해저동굴 던전 2층"
R0[R1] := R2
R1 := "MSI_MAP_LIST_NAME_IZ_DUN02"
R2 := "해저동굴 던전 3층"
R0[R1] := R2
R1 := "MSI_MAP_LIST_NAME_IZ_DUN03"
R2 := "해저동굴 던전 4층"
R0[R1] := R2
R1 := "MSI_MAP_LIST_NAME_IZ_DUN04"
R2 := "해저동굴 던전 5층"
R0[R1] := R2
R1 := "MSI_MAP_LIST_NAME_COMODO"
R2 := "코모도"
R0[R1] := R2
R1 := "MSI_MAP_LIST_NAME_CMD_FILD01"
R2 := "파푸치카 숲"
R0[R1] := R2
R1 := "MSI_MAP_LIST_NAME_CMD_FILD02"
R2 := "코코모 해변"
R0[R1] := R2
R1 := "MSI_MAP_LIST_NAME_CMD_FILD03"
R2 := "지나이 늪"
R0[R1] := R2
R1 := "MSI_MAP_LIST_NAME_CMD_FILD07"
R2 := "파로스 등대섬"
R0[R1] := R2
R1 := "MSI_MAP_LIST_NAME_CMD_FILD08"
R2 := "요새도시 산다르만(동)"
R0[R1] := R2
R1 := "MSI_MAP_LIST_NAME_CMD_FILD09"
R2 := "요새도시 산다르만(남)"
R0[R1] := R2
R1 := "MSI_MAP_LIST_NAME_CMD_FILD06"
R2 := "요새도시 산다르만(서)"
R0[R1] := R2
R1 := "MSI_MAP_LIST_NAME_BEACH_DUN"
R2 := "서쪽 동굴 카루"
R0[R1] := R2
R1 := "MSI_MAP_LIST_NAME_BEACH_DUN2"
R2 := "북쪽 동굴 루안다"
R0[R1] := R2
R1 := "MSI_MAP_LIST_NAME_BEACH_DUN3"
R2 := "동쪽 동굴 마오"
R0[R1] := R2
R1 := "MSI_MAP_LIST_NAME_RUTIE"
R2 := "루티에"
R0[R1] := R2
R1 := "MSI_MAP_LIST_NAME_XMAS_DUN01"
R2 := "장난감 공장 창고"
R0[R1] := R2
R1 := "MSI_MAP_LIST_NAME_XMAS_DUN02"
R2 := "장난감 분류소"
R0[R1] := R2
R1 := "MSI_MAP_LIST_NAME_YUNO"
R2 := "유노"
R0[R1] := R2
R1 := "MSI_MAP_LIST_NAME_YUNO_FILD01"
R2 := "슈발츠발드 국경 검문소"
R0[R1] := R2
R1 := "MSI_MAP_LIST_NAME_YUNO_FILD02"
R2 := "킬 하이르의 별장"
R0[R1] := R2
R1 := "MSI_MAP_LIST_NAME_YUNO_FILD03"
R2 := "엘메스 플레투"
R0[R1] := R2
R1 := "MSI_MAP_LIST_NAME_YUNO_FILD07"
R2 := "엘메스 협곡(심연의 골짜기)"
R0[R1] := R2
R1 := "MSI_MAP_LIST_NAME_YUNO_FILD08"
R2 := "킬 하이르 학원"
R0[R1] := R2
R1 := "MSI_MAP_LIST_NAME_YUNO_FILD09"
R2 := "슈발츠발드 경비대 야영지"
R0[R1] := R2
R1 := "MSI_MAP_LIST_NAME_MAG_DUN01"
R2 := "노그로드 1층"
R0[R1] := R2
R1 := "MSI_MAP_LIST_NAME_MAG_DUN02"
R2 := "노그로드 2층"
R0[R1] := R2
R1 := "MSI_MAP_LIST_NAME_JUPEROS01"
R2 := "유페로스 폐허 외부"
R0[R1] := R2
R1 := "MSI_MAP_LIST_NAME_JUPEROS02"
R2 := "유페로스 폐허 내부"
R0[R1] := R2
R1 := "MSI_MAP_LIST_NAME_JUPE_CORE"
R2 := "유페로스 중심부"
R0[R1] := R2
R1 := "MSI_MAP_LIST_NAME_KH_DUN01"
R2 := "기계인형공장 1층"
R0[R1] := R2
R1 := "MSI_MAP_LIST_NAME_KH_DUN02"
R2 := "기계인형공장 2층"
R0[R1] := R2
R1 := "MSI_MAP_LIST_NAME_UMBALLA"
R2 := "움발라"
R0[R1] := R2
R1 := "MSI_MAP_LIST_NAME_UM_FILD01"
R2 := "루루카 숲"
R0[R1] := R2
R1 := "MSI_MAP_LIST_NAME_UM_FILD02"
R2 := "카라라 늪"
R0[R1] := R2
R1 := "MSI_MAP_LIST_NAME_UM_FILD03"
R2 := "훔가 늪"
R0[R1] := R2
R1 := "MSI_MAP_LIST_NAME_UM_FILD04"
R2 := "훔가 정글"
R0[R1] := R2
R1 := "MSI_MAP_LIST_NAME_EINBEH"
R2 := "아인베흐"
R0[R1] := R2
R1 := "MSI_MAP_LIST_NAME_EIN_DUN01"
R2 := "광산 1층"
R0[R1] := R2
R1 := "MSI_MAP_LIST_NAME_EIN_DUN02"
R2 := "광산 2층"
R0[R1] := R2
R1 := "MSI_MAP_LIST_NAME_LHZ"
R2 := "리히타르젠"
R0[R1] := R2
R1 := "MSI_MAP_LIST_NAME_LHZ_FILD02"
R2 := "필드(사신의 계곡)"
R0[R1] := R2
R1 := "MSI_MAP_LIST_NAME_LHZ_DUN01"
R2 := "생체실험 연구소 지하 1층"
R0[R1] := R2
R1 := "MSI_MAP_LIST_NAME_LHZ_DUN02"
R2 := "생체실험 연구소 지하 2층"
R0[R1] := R2
R1 := "MSI_MAP_LIST_NAME_LHZ_DUN03"
R2 := "생체실험 연구소 지하 3층"
R0[R1] := R2
R1 := "MSI_MAP_LIST_NAME_THANATOS"
R2 := "타나토스 타워"
R0[R1] := R2
R1 := "MSI_MAP_LIST_NAME_THA_T01"
R2 := "하층부 박물관 입구"
R0[R1] := R2
R1 := "MSI_MAP_LIST_NAME_THA_T02"
R2 := "하층부 박물관"
R0[R1] := R2
R1 := "MSI_MAP_LIST_NAME_THA_T03"
R2 := "하층부 버려진 공간"
R0[R1] := R2
R1 := "MSI_MAP_LIST_NAME_THA_T05"
R2 := "상층부"
R0[R1] := R2
R1 := "MSI_MAP_LIST_NAME_THA_T07"
R2 := "상층부 천사의 방"
R0[R1] := R2
R1 := "MSI_MAP_LIST_NAME_THA_T09"
R2 := "상층부 고뇌의 방"
R0[R1] := R2
R1 := "MSI_MAP_LIST_NAME_THA_T10"
R2 := "상층부 슬픔의 방"
R0[R1] := R2
R1 := "MSI_MAP_LIST_NAME_THA_T11"
R2 := "상층부 절망의 방"
R0[R1] := R2
R1 := "MSI_MAP_LIST_NAME_THA_T12"
R2 := "상층부 증오의 방"
R0[R1] := R2
R1 := "MSI_MAP_LIST_NAME_THA_BOSS"
R2 := "알 수 없는 곳"
R0[R1] := R2
R1 := "MSI_MAP_LIST_NAME_GLASST"
R2 := "클레스트헤임"
R0[R1] := R2
R1 := "MSI_MAP_LIST_NAME_GL_CASE01"
R2 := "성 1층"
R0[R1] := R2
R1 := "MSI_MAP_LIST_NAME_GL_CASE02"
R2 := "성 2층"
R0[R1] := R2
R1 := "MSI_MAP_LIST_NAME_GL_CHURCH"
R2 := "수도원"
R0[R1] := R2
R1 := "MSI_MAP_LIST_NAME_GL_CHYARD"
R2 := "지하 묘지"
R0[R1] := R2
R1 := "MSI_MAP_LIST_NAME_GL_DUN01"
R2 := "최하층 지하 동굴 1층"
R0[R1] := R2
R1 := "MSI_MAP_LIST_NAME_GL_DUN02"
R2 := "최하층 지하 동굴 2층"
R0[R1] := R2
R1 := "MSI_MAP_LIST_NAME_GL_IN01"
R2 := "실내"
R0[R1] := R2
R1 := "MSI_MAP_LIST_NAME_GL_KNT01"
R2 := "기사단 1층"
R0[R1] := R2
R1 := "MSI_MAP_LIST_NAME_GL_KNT02"
R2 := "기사단 2층"
R0[R1] := R2
R1 := "MSI_MAP_LIST_NAME_GL_PRISON"
R2 := "지하 감옥 1층"
R0[R1] := R2
R1 := "MSI_MAP_LIST_NAME_GL_PRISON1"
R2 := "지하 감옥 2층"
R0[R1] := R2
R1 := "MSI_MAP_LIST_NAME_GL_SEW01"
R2 := "지하 수로 1층"
R0[R1] := R2
R1 := "MSI_MAP_LIST_NAME_GL_SEW02"
R2 := "지하 수로 2층"
R0[R1] := R2
R1 := "MSI_MAP_LIST_NAME_GL_SEW03"
R2 := "지하 수로 3층"
R0[R1] := R2
R1 := "MSI_MAP_LIST_NAME_GL_SEW04"
R2 := "지하 수로 4층"
R0[R1] := R2
R1 := "MSI_MAP_LIST_NAME_GL_STEP"
R2 := "계단 던전"
R0[R1] := R2
R1 := "MSI_MAP_LIST_NAME_HUEGEL"
R2 := "휘겔"
R0[R1] := R2
R1 := "MSI_MAP_LIST_NAME_ODIN_TEM01"
R2 := "오딘 신전 서쪽 지역"
R0[R1] := R2
R1 := "MSI_MAP_LIST_NAME_ODIN_TEM02"
R2 := "오딘 신전 남쪽 지역"
R0[R1] := R2
R1 := "MSI_MAP_LIST_NAME_ODIN_TEM03"
R2 := "오딘 신전 북쪽 지역"
R0[R1] := R2
R1 := "MSI_MAP_LIST_NAME_HU_FILD05"
R2 := "어비스 호수"
R0[R1] := R2
R1 := "MSI_MAP_LIST_NAME_ABYSS_01"
R2 := "어비스 호수 지하 동굴 1층"
R0[R1] := R2
R1 := "MSI_MAP_LIST_NAME_ABYSS_02"
R2 := "어비스 호수 지하 동굴 2층"
R0[R1] := R2
R1 := "MSI_MAP_LIST_NAME_ABYSS_03"
R2 := "어비스 호수 지하 동굴 3층"
R0[R1] := R2
R1 := "MSI_MAP_LIST_NAME_HU_FILD01"
R2 := "타나토스 타워 앞"
R0[R1] := R2
R1 := "MSI_MAP_LIST_NAME_RAHEL"
R2 := "라헬"
R0[R1] := R2
R1 := "MSI_MAP_LIST_NAME_RA_FILD01"
R2 := "아움두라 초원"
R0[R1] := R2
R1 := "MSI_MAP_LIST_NAME_RA_FILD03"
R2 := "이다 평원"
R0[R1] := R2
R1 := "MSI_MAP_LIST_NAME_RA_FILD06"
R2 := "포르투 루나"
R0[R1] := R2
R1 := "MSI_MAP_LIST_NAME_RA_SAN01"
R2 := "신전 성역 1층 북쪽 구역"
R0[R1] := R2
R1 := "MSI_MAP_LIST_NAME_RA_SAN02"
R2 := "신전 성역 1층 서쪽 구역"
R0[R1] := R2
R1 := "MSI_MAP_LIST_NAME_RA_SAN03"
R2 := "신전 성역 1층 동쪽 구역"
R0[R1] := R2
R1 := "MSI_MAP_LIST_NAME_RA_SAN04"
R2 := "신전 성역 1층 남쪽 구역"
R0[R1] := R2
R1 := "MSI_MAP_LIST_NAME_RA_SAN05"
R2 := "신전 성역 1층 중앙 구역"
R0[R1] := R2
R1 := "MSI_MAP_LIST_NAME_ICE_DUN01"
R2 := "얼음 동굴 1층"
R0[R1] := R2
R1 := "MSI_MAP_LIST_NAME_ICE_DUN02"
R2 := "얼음 동굴 2층"
R0[R1] := R2
R1 := "MSI_MAP_LIST_NAME_ICE_DUN03"
R2 := "얼음 동굴 3층"
R0[R1] := R2
R1 := "MSI_MAP_LIST_NAME_VEINS"
R2 := "베인스"
R0[R1] := R2
R1 := "MSI_MAP_LIST_NAME_NAMELESS_N"
R2 := "이름없는 섬"
R0[R1] := R2
R1 := "MSI_MAP_LIST_NAME_ABBEY01"
R2 := "이름없는 섬 수도원 1층"
R0[R1] := R2
R1 := "MSI_MAP_LIST_NAME_ABBEY02"
R2 := "이름없는 섬 수도원 지하 1층"
R0[R1] := R2
R1 := "MSI_MAP_LIST_NAME_ABBEY03"
R2 := "이름없는 섬 수도원 지하 2층"
R0[R1] := R2
R1 := "MSI_MAP_LIST_NAME_THOR_V01"
R2 := "토르 화산 던전 1층"
R0[R1] := R2
R1 := "MSI_MAP_LIST_NAME_THOR_V02"
R2 := "토르 화산 던전 2층"
R0[R1] := R2
R1 := "MSI_MAP_LIST_NAME_THOR_V03"
R2 := "토르 화산 던전 3층"
R0[R1] := R2
R1 := "MSI_MAP_LIST_NAME_NIFLHEIM"
R2 := "니플헤임"
R0[R1] := R2
R1 := "MSI_MAP_LIST_NAME_NIF_FILD01"
R2 := "외딴 마을 스켈링튼"
R0[R1] := R2
R1 := "MSI_MAP_LIST_NAME_NIF_FILD02"
R2 := "쿌의 골짜기"
R0[R1] := R2
R1 := "MSI_MAP_LIST_NAME_UNDERWORLS"
R2 := "이계"
R0[R1] := R2
R1 := "MSI_MAP_LIST_NAME_MAN_FILD01"
R2 := "마누크 필드"
R0[R1] := R2
R1 := "MSI_MAP_LIST_NAME_SPL_FILD01"
R2 := "스플랑디드 필드"
R0[R1] := R2
R1 := "MSI_MAP_LIST_NAME_DIC_FILD01"
R2 := "카미달 산기슭"
R0[R1] := R2
R1 := "MSI_MAP_LIST_NAME_DIC_DUN01"
R2 := "카미달 터널"
R0[R1] := R2
R1 := "MSI_MAP_LIST_NAME_DIC_DUN02"
R2 := "스카라바 홀"
R0[R1] := R2
R1 := "MSI_MAP_LIST_NAME_NYD_DUN01"
R2 := "스플랑디드 난폭자의 상처 1층"
R0[R1] := R2
R1 := "MSI_MAP_LIST_NAME_NYD_DUN02"
R2 := "스플랑디드 난폭자의 상처 2층"
R0[R1] := R2
R1 := "MSI_MAP_LIST_NAME_AMACH"
R2 := "아마쯔"
R0[R1] := R2
R1 := "MSI_MAP_LIST_NAME_AMA_DUN01"
R2 := "다다미 미궁"
R0[R1] := R2
R1 := "MSI_MAP_LIST_NAME_AMA_DUN02"
R2 := "지하 숲 전장"
R0[R1] := R2
R1 := "MSI_MAP_LIST_NAME_AMA_DUN03"
R2 := "지하 신사"
R0[R1] := R2
R1 := "MSI_MAP_LIST_NAME_GONRUN"
R2 := "쿤룬"
R0[R1] := R2
R1 := "MSI_MAP_LIST_NAME_GON_DUN01"
R2 := "서왕모 신전"
R0[R1] := R2
R1 := "MSI_MAP_LIST_NAME_GON_DUN02"
R2 := "신선의 바둑판"
R0[R1] := R2
R1 := "MSI_MAP_LIST_NAME_GON_DUN03"
R2 := "무릉도원"
R0[R1] := R2
R1 := "MSI_MAP_LIST_NAME_LOU"
R2 := "용지성"
R0[R1] := R2
R1 := "MSI_MAP_LIST_NAME_LOU_DUN01"
R2 := "왕릉"
R0[R1] := R2
R1 := "MSI_MAP_LIST_NAME_LOU_DUN02"
R2 := "왕릉 내부"
R0[R1] := R2
R1 := "MSI_MAP_LIST_NAME_LOU_DUN03"
R2 := "센양궁"
R0[R1] := R2
R1 := "MSI_MAP_LIST_NAME_AYOTAYA"
R2 := "아요타야"
R0[R1] := R2
R1 := "MSI_MAP_LIST_NAME_AYO_DUN01"
R2 := "고대 신전 미궁"
R0[R1] := R2
R1 := "MSI_MAP_LIST_NAME_AYO_DUN02"
R2 := "고대 신전 내부"
R0[R1] := R2
R1 := "MSI_MAP_LIST_NAME_BRASIL"
R2 := "브라질리스"
R0[R1] := R2
R1 := "MSI_MAP_LIST_NAME_BRA_DUN01"
R2 := "폭포 안의 동굴 입구"
R0[R1] := R2
R1 := "MSI_MAP_LIST_NAME_BRA_DUN02"
R2 := "폭포 안의 동굴 내부"
R0[R1] := R2
R1 := "MSI_MAP_LIST_NAME_MOSK"
R2 := "모스코비아"
R0[R1] := R2
R1 := "MSI_MAP_LIST_NAME_MOSK_DUN01"
R2 := "숲"
R0[R1] := R2
R1 := "MSI_MAP_LIST_NAME_MOSK_DUN02"
R2 := "깊은 숲"
R0[R1] := R2
R1 := "MSI_MAP_LIST_NAME_MOSK_DUN03"
R2 := "깊고 깊은 숲"
R0[R1] := R2
R1 := "MSI_MAP_LIST_NAME_MEMOREAL"
R2 := "메모리얼 던전"
R0[R1] := R2
R1 := "MSI_MAP_LIST_NAME_MEMO_TOWER"
R2 := "엔들레스 타워"
R0[R1] := R2
R1 := "MSI_MAP_LIST_NAME_MEMO_DUN01"
R2 := "봉인의 신전"
R0[R1] := R2
R1 := "MSI_MAP_LIST_NAME_MEMO_DUN02"
R2 := "오크의 기억"
R0[R1] := R2
R1 := "MSI_MAP_LIST_NAME_MEMO_DUN03"
R2 := "니드호그의 둥지"
R0[R1] := R2
R1 := "MSI_PARTY_BOOKING_REQURT"
R2 := "/파티모집: 파티 모집 창을 여닫습니다."
R0[R1] := R2
R1 := "MSI_PARTY_BOOKING_LIST"
R2 := "/모집리스트: 파티 모집 리스트 창을 여닫습니다."
R0[R1] := R2
R1 := "MSI_PARTY_BOOKING_MAKE"
R2 := "/결성 ‘파티 이름’: 새로운 파티를 만듭니다."
R0[R1] := R2
R1 := "MSI_PARTY_BOOKING_INVITE"
R2 := "/초대 ‘아이디’: 지정한 캐릭터를 파티에 초대합니다."
R0[R1] := R2
MsgStrID := R0
return 
